[0.366s] Invoking command in '/home/yueju/led/build/interface': CMAKE_PREFIX_PATH=/opt/ros/humble /usr/bin/cmake --build /home/yueju/led/build/interface -- -j8 -l8
[1.229s] [  0%] Built target ament_cmake_python_copy_interface
[1.233s] [  2%] Built target interface__cpp
[1.358s] [ 12%] Built target interface__rosidl_typesupport_introspection_cpp
[1.358s] [ 23%] Built target interface__rosidl_generator_c
[1.361s] [ 33%] Built target interface__rosidl_typesupport_cpp
[1.395s] [ 43%] Built target interface__rosidl_typesupport_fastrtps_cpp
[1.477s] [ 53%] Built target interface__rosidl_typesupport_c
[1.535s] running egg_info
[1.552s] writing interface.egg-info/PKG-INFO
[1.552s] [ 64%] Built target interface__rosidl_typesupport_introspection_c
[1.552s] writing dependency_links to interface.egg-info/dependency_links.txt
[1.552s] writing top-level names to interface.egg-info/top_level.txt
[1.594s] reading manifest file 'interface.egg-info/SOURCES.txt'
[1.595s] writing manifest file 'interface.egg-info/SOURCES.txt'
[1.620s] [ 64%] Built target ament_cmake_python_build_interface_egg
[1.723s] [ 74%] Built target interface__rosidl_typesupport_fastrtps_c
[1.747s] [ 74%] Built target interface
[1.829s] [ 76%] Built target interface__py
[1.881s] [ 84%] Built target interface__rosidl_generator_py
[1.934s] [ 94%] Built target interface__rosidl_typesupport_introspection_c__pyext
[1.934s] [ 94%] Built target interface__rosidl_typesupport_fastrtps_c__pyext
[1.949s] [100%] Built target interface__rosidl_typesupport_c__pyext
[1.962s] Invoked command in '/home/yueju/led/build/interface' returned '0': CMAKE_PREFIX_PATH=/opt/ros/humble /usr/bin/cmake --build /home/yueju/led/build/interface -- -j8 -l8
[2.046s] Invoking command in '/home/yueju/led/build/interface': CMAKE_PREFIX_PATH=/opt/ros/humble /usr/bin/cmake --install /home/yueju/led/build/interface
[2.057s] -- Install configuration: ""
[2.096s] -- Up-to-date: /home/yueju/led/install/interface/share/ament_index/resource_index/rosidl_interfaces/interface
[2.097s] -- Up-to-date: /home/yueju/led/install/interface/include/interface/interface
[2.097s] -- Up-to-date: /home/yueju/led/install/interface/include/interface/interface/srv
[2.097s] -- Up-to-date: /home/yueju/led/install/interface/include/interface/interface/srv/detail
[2.102s] -- Up-to-date: /home/yueju/led/install/interface/include/interface/interface/srv/detail/set_led__functions.h
[2.103s] -- Up-to-date: /home/yueju/led/install/interface/include/interface/interface/srv/detail/set_led__type_support.h
[2.103s] -- Up-to-date: /home/yueju/led/install/interface/include/interface/interface/srv/detail/set_led__functions.c
[2.103s] -- Up-to-date: /home/yueju/led/install/interface/include/interface/interface/srv/detail/set_led__struct.h
[2.103s] -- Up-to-date: /home/yueju/led/install/interface/include/interface/interface/srv/set_led.h
[2.103s] -- Up-to-date: /home/yueju/led/install/interface/include/interface/interface/msg
[2.103s] -- Up-to-date: /home/yueju/led/install/interface/include/interface/interface/msg/detail
[2.103s] -- Up-to-date: /home/yueju/led/install/interface/include/interface/interface/msg/detail/led__functions.h
[2.104s] -- Up-to-date: /home/yueju/led/install/interface/include/interface/interface/msg/detail/led__functions.c
[2.104s] -- Up-to-date: /home/yueju/led/install/interface/include/interface/interface/msg/detail/led__type_support.h
[2.104s] -- Up-to-date: /home/yueju/led/install/interface/include/interface/interface/msg/detail/led__struct.h
[2.104s] -- Up-to-date: /home/yueju/led/install/interface/include/interface/interface/msg/led.h
[2.104s] -- Up-to-date: /home/yueju/led/install/interface/include/interface/interface/msg/rosidl_generator_c__visibility_control.h
[2.104s] -- Up-to-date: /home/yueju/led/install/interface/share/interface/environment/library_path.sh
[2.104s] -- Up-to-date: /home/yueju/led/install/interface/share/interface/environment/library_path.dsv
[2.121s] -- Up-to-date: /home/yueju/led/install/interface/lib/libinterface__rosidl_generator_c.so
[2.121s] -- Up-to-date: /home/yueju/led/install/interface/include/interface/interface
[2.121s] -- Up-to-date: /home/yueju/led/install/interface/include/interface/interface/srv
[2.121s] -- Up-to-date: /home/yueju/led/install/interface/include/interface/interface/srv/detail
[2.121s] -- Up-to-date: /home/yueju/led/install/interface/include/interface/interface/srv/detail/set_led__rosidl_typesupport_fastrtps_c.h
[2.121s] -- Up-to-date: /home/yueju/led/install/interface/include/interface/interface/msg
[2.121s] -- Up-to-date: /home/yueju/led/install/interface/include/interface/interface/msg/detail
[2.122s] -- Up-to-date: /home/yueju/led/install/interface/include/interface/interface/msg/detail/led__rosidl_typesupport_fastrtps_c.h
[2.122s] -- Up-to-date: /home/yueju/led/install/interface/include/interface/interface/msg/rosidl_typesupport_fastrtps_c__visibility_control.h
[2.122s] -- Up-to-date: /home/yueju/led/install/interface/lib/libinterface__rosidl_typesupport_fastrtps_c.so
[2.123s] -- Up-to-date: /home/yueju/led/install/interface/include/interface/interface
[2.123s] -- Up-to-date: /home/yueju/led/install/interface/include/interface/interface/srv
[2.123s] -- Up-to-date: /home/yueju/led/install/interface/include/interface/interface/srv/detail
[2.123s] -- Up-to-date: /home/yueju/led/install/interface/include/interface/interface/srv/detail/set_led__type_support.c
[2.123s] -- Up-to-date: /home/yueju/led/install/interface/include/interface/interface/srv/detail/set_led__rosidl_typesupport_introspection_c.h
[2.123s] -- Up-to-date: /home/yueju/led/install/interface/include/interface/interface/msg
[2.123s] -- Up-to-date: /home/yueju/led/install/interface/include/interface/interface/msg/detail
[2.124s] -- Up-to-date: /home/yueju/led/install/interface/include/interface/interface/msg/detail/led__type_support.c
[2.124s] -- Up-to-date: /home/yueju/led/install/interface/include/interface/interface/msg/detail/led__rosidl_typesupport_introspection_c.h
[2.124s] -- Up-to-date: /home/yueju/led/install/interface/include/interface/interface/msg/rosidl_typesupport_introspection_c__visibility_control.h
[2.124s] -- Up-to-date: /home/yueju/led/install/interface/lib/libinterface__rosidl_typesupport_introspection_c.so
[2.125s] -- Up-to-date: /home/yueju/led/install/interface/lib/libinterface__rosidl_typesupport_c.so
[2.125s] -- Up-to-date: /home/yueju/led/install/interface/include/interface/interface
[2.126s] -- Up-to-date: /home/yueju/led/install/interface/include/interface/interface/srv
[2.126s] -- Up-to-date: /home/yueju/led/install/interface/include/interface/interface/srv/detail
[2.126s] -- Up-to-date: /home/yueju/led/install/interface/include/interface/interface/srv/detail/set_led__struct.hpp
[2.126s] -- Up-to-date: /home/yueju/led/install/interface/include/interface/interface/srv/detail/set_led__builder.hpp
[2.126s] -- Up-to-date: /home/yueju/led/install/interface/include/interface/interface/srv/detail/set_led__traits.hpp
[2.126s] -- Up-to-date: /home/yueju/led/install/interface/include/interface/interface/srv/set_led.hpp
[2.126s] -- Up-to-date: /home/yueju/led/install/interface/include/interface/interface/msg
[2.127s] -- Up-to-date: /home/yueju/led/install/interface/include/interface/interface/msg/detail
[2.127s] -- Up-to-date: /home/yueju/led/install/interface/include/interface/interface/msg/detail/led__struct.hpp
[2.127s] -- Up-to-date: /home/yueju/led/install/interface/include/interface/interface/msg/detail/led__builder.hpp
[2.127s] -- Up-to-date: /home/yueju/led/install/interface/include/interface/interface/msg/detail/led__traits.hpp
[2.127s] -- Up-to-date: /home/yueju/led/install/interface/include/interface/interface/msg/led.hpp
[2.127s] -- Up-to-date: /home/yueju/led/install/interface/include/interface/interface
[2.127s] -- Up-to-date: /home/yueju/led/install/interface/include/interface/interface/srv
[2.127s] -- Up-to-date: /home/yueju/led/install/interface/include/interface/interface/srv/detail
[2.127s] -- Up-to-date: /home/yueju/led/install/interface/include/interface/interface/srv/detail/dds_fastrtps
[2.128s] -- Up-to-date: /home/yueju/led/install/interface/include/interface/interface/srv/detail/set_led__rosidl_typesupport_fastrtps_cpp.hpp
[2.128s] -- Up-to-date: /home/yueju/led/install/interface/include/interface/interface/msg
[2.128s] -- Up-to-date: /home/yueju/led/install/interface/include/interface/interface/msg/rosidl_typesupport_fastrtps_cpp__visibility_control.h
[2.128s] -- Up-to-date: /home/yueju/led/install/interface/include/interface/interface/msg/detail
[2.128s] -- Up-to-date: /home/yueju/led/install/interface/include/interface/interface/msg/detail/dds_fastrtps
[2.128s] -- Up-to-date: /home/yueju/led/install/interface/include/interface/interface/msg/detail/led__rosidl_typesupport_fastrtps_cpp.hpp
[2.141s] -- Up-to-date: /home/yueju/led/install/interface/lib/libinterface__rosidl_typesupport_fastrtps_cpp.so
[2.141s] -- Up-to-date: /home/yueju/led/install/interface/include/interface/interface
[2.141s] -- Up-to-date: /home/yueju/led/install/interface/include/interface/interface/srv
[2.142s] -- Up-to-date: /home/yueju/led/install/interface/include/interface/interface/srv/detail
[2.142s] -- Up-to-date: /home/yueju/led/install/interface/include/interface/interface/srv/detail/set_led__type_support.cpp
[2.142s] -- Up-to-date: /home/yueju/led/install/interface/include/interface/interface/srv/detail/set_led__rosidl_typesupport_introspection_cpp.hpp
[2.142s] -- Up-to-date: /home/yueju/led/install/interface/include/interface/interface/msg
[2.142s] -- Up-to-date: /home/yueju/led/install/interface/include/interface/interface/msg/detail
[2.142s] -- Up-to-date: /home/yueju/led/install/interface/include/interface/interface/msg/detail/led__rosidl_typesupport_introspection_cpp.hpp
[2.142s] -- Up-to-date: /home/yueju/led/install/interface/include/interface/interface/msg/detail/led__type_support.cpp
[2.142s] -- Up-to-date: /home/yueju/led/install/interface/lib/libinterface__rosidl_typesupport_introspection_cpp.so
[2.144s] -- Up-to-date: /home/yueju/led/install/interface/lib/libinterface__rosidl_typesupport_cpp.so
[2.144s] -- Up-to-date: /home/yueju/led/install/interface/share/interface/environment/pythonpath.sh
[2.144s] -- Up-to-date: /home/yueju/led/install/interface/share/interface/environment/pythonpath.dsv
[2.145s] -- Up-to-date: /home/yueju/led/install/interface/local/lib/python3.10/dist-packages/interface-0.0.0-py3.10.egg-info
[2.145s] -- Installing: /home/yueju/led/install/interface/local/lib/python3.10/dist-packages/interface-0.0.0-py3.10.egg-info/top_level.txt
[2.145s] -- Installing: /home/yueju/led/install/interface/local/lib/python3.10/dist-packages/interface-0.0.0-py3.10.egg-info/SOURCES.txt
[2.145s] -- Installing: /home/yueju/led/install/interface/local/lib/python3.10/dist-packages/interface-0.0.0-py3.10.egg-info/PKG-INFO
[2.145s] -- Installing: /home/yueju/led/install/interface/local/lib/python3.10/dist-packages/interface-0.0.0-py3.10.egg-info/dependency_links.txt
[2.146s] -- Up-to-date: /home/yueju/led/install/interface/local/lib/python3.10/dist-packages/interface
[2.146s] -- Up-to-date: /home/yueju/led/install/interface/local/lib/python3.10/dist-packages/interface/_interface_s.ep.rosidl_typesupport_c.c
[2.146s] -- Up-to-date: /home/yueju/led/install/interface/local/lib/python3.10/dist-packages/interface/interface_s__rosidl_typesupport_c.cpython-310-x86_64-linux-gnu.so
[2.146s] -- Up-to-date: /home/yueju/led/install/interface/local/lib/python3.10/dist-packages/interface/libinterface__rosidl_generator_py.so
[2.146s] -- Up-to-date: /home/yueju/led/install/interface/local/lib/python3.10/dist-packages/interface/srv
[2.146s] -- Up-to-date: /home/yueju/led/install/interface/local/lib/python3.10/dist-packages/interface/srv/_set_led_s.c
[2.146s] -- Up-to-date: /home/yueju/led/install/interface/local/lib/python3.10/dist-packages/interface/srv/__init__.py
[2.146s] -- Up-to-date: /home/yueju/led/install/interface/local/lib/python3.10/dist-packages/interface/srv/_set_led.py
[2.147s] -- Up-to-date: /home/yueju/led/install/interface/local/lib/python3.10/dist-packages/interface/_interface_s.ep.rosidl_typesupport_fastrtps_c.c
[2.147s] -- Up-to-date: /home/yueju/led/install/interface/local/lib/python3.10/dist-packages/interface/msg
[2.147s] -- Up-to-date: /home/yueju/led/install/interface/local/lib/python3.10/dist-packages/interface/msg/_led.py
[2.147s] -- Up-to-date: /home/yueju/led/install/interface/local/lib/python3.10/dist-packages/interface/msg/__init__.py
[2.147s] -- Up-to-date: /home/yueju/led/install/interface/local/lib/python3.10/dist-packages/interface/msg/_led_s.c
[2.147s] -- Up-to-date: /home/yueju/led/install/interface/local/lib/python3.10/dist-packages/interface/_interface_s.ep.rosidl_typesupport_introspection_c.c
[2.147s] -- Up-to-date: /home/yueju/led/install/interface/local/lib/python3.10/dist-packages/interface/interface_s__rosidl_typesupport_fastrtps_c.cpython-310-x86_64-linux-gnu.so
[2.148s] -- Up-to-date: /home/yueju/led/install/interface/local/lib/python3.10/dist-packages/interface/interface_s__rosidl_typesupport_introspection_c.cpython-310-x86_64-linux-gnu.so
[2.148s] -- Up-to-date: /home/yueju/led/install/interface/local/lib/python3.10/dist-packages/interface/__init__.py
[2.213s] Listing '/home/yueju/led/install/interface/local/lib/python3.10/dist-packages/interface'...
[2.213s] Listing '/home/yueju/led/install/interface/local/lib/python3.10/dist-packages/interface/msg'...
[2.213s] Listing '/home/yueju/led/install/interface/local/lib/python3.10/dist-packages/interface/srv'...
[2.218s] -- Up-to-date: /home/yueju/led/install/interface/local/lib/python3.10/dist-packages/interface/interface_s__rosidl_typesupport_fastrtps_c.cpython-310-x86_64-linux-gnu.so
[2.219s] -- Up-to-date: /home/yueju/led/install/interface/local/lib/python3.10/dist-packages/interface/interface_s__rosidl_typesupport_introspection_c.cpython-310-x86_64-linux-gnu.so
[2.220s] -- Up-to-date: /home/yueju/led/install/interface/local/lib/python3.10/dist-packages/interface/interface_s__rosidl_typesupport_c.cpython-310-x86_64-linux-gnu.so
[2.220s] -- Up-to-date: /home/yueju/led/install/interface/lib/libinterface__rosidl_generator_py.so
[2.221s] -- Up-to-date: /home/yueju/led/install/interface/share/interface/msg/Led.idl
[2.221s] -- Up-to-date: /home/yueju/led/install/interface/share/interface/srv/SetLed.idl
[2.222s] -- Up-to-date: /home/yueju/led/install/interface/share/interface/msg/Led.msg
[2.222s] -- Up-to-date: /home/yueju/led/install/interface/share/interface/srv/SetLed.srv
[2.222s] -- Up-to-date: /home/yueju/led/install/interface/share/interface/srv/SetLed_Request.msg
[2.222s] -- Up-to-date: /home/yueju/led/install/interface/share/interface/srv/SetLed_Response.msg
[2.222s] -- Up-to-date: /home/yueju/led/install/interface/share/ament_index/resource_index/package_run_dependencies/interface
[2.222s] -- Up-to-date: /home/yueju/led/install/interface/share/ament_index/resource_index/parent_prefix_path/interface
[2.223s] -- Up-to-date: /home/yueju/led/install/interface/share/interface/environment/ament_prefix_path.sh
[2.223s] -- Up-to-date: /home/yueju/led/install/interface/share/interface/environment/ament_prefix_path.dsv
[2.223s] -- Up-to-date: /home/yueju/led/install/interface/share/interface/environment/path.sh
[2.223s] -- Up-to-date: /home/yueju/led/install/interface/share/interface/environment/path.dsv
[2.223s] -- Up-to-date: /home/yueju/led/install/interface/share/interface/local_setup.bash
[2.223s] -- Up-to-date: /home/yueju/led/install/interface/share/interface/local_setup.sh
[2.223s] -- Up-to-date: /home/yueju/led/install/interface/share/interface/local_setup.zsh
[2.223s] -- Up-to-date: /home/yueju/led/install/interface/share/interface/local_setup.dsv
[2.223s] -- Installing: /home/yueju/led/install/interface/share/interface/package.dsv
[2.237s] -- Up-to-date: /home/yueju/led/install/interface/share/ament_index/resource_index/packages/interface
[2.242s] -- Up-to-date: /home/yueju/led/install/interface/share/interface/cmake/export_interface__rosidl_generator_cExport.cmake
[2.242s] -- Up-to-date: /home/yueju/led/install/interface/share/interface/cmake/export_interface__rosidl_generator_cExport-noconfig.cmake
[2.243s] -- Up-to-date: /home/yueju/led/install/interface/share/interface/cmake/export_interface__rosidl_typesupport_fastrtps_cExport.cmake
[2.243s] -- Up-to-date: /home/yueju/led/install/interface/share/interface/cmake/export_interface__rosidl_typesupport_fastrtps_cExport-noconfig.cmake
[2.245s] -- Up-to-date: /home/yueju/led/install/interface/share/interface/cmake/interface__rosidl_typesupport_introspection_cExport.cmake
[2.245s] -- Up-to-date: /home/yueju/led/install/interface/share/interface/cmake/interface__rosidl_typesupport_introspection_cExport-noconfig.cmake
[2.246s] -- Up-to-date: /home/yueju/led/install/interface/share/interface/cmake/interface__rosidl_typesupport_cExport.cmake
[2.246s] -- Up-to-date: /home/yueju/led/install/interface/share/interface/cmake/interface__rosidl_typesupport_cExport-noconfig.cmake
[2.246s] -- Up-to-date: /home/yueju/led/install/interface/share/interface/cmake/export_interface__rosidl_generator_cppExport.cmake
[2.247s] -- Up-to-date: /home/yueju/led/install/interface/share/interface/cmake/export_interface__rosidl_typesupport_fastrtps_cppExport.cmake
[2.247s] -- Up-to-date: /home/yueju/led/install/interface/share/interface/cmake/export_interface__rosidl_typesupport_fastrtps_cppExport-noconfig.cmake
[2.248s] -- Up-to-date: /home/yueju/led/install/interface/share/interface/cmake/interface__rosidl_typesupport_introspection_cppExport.cmake
[2.248s] -- Up-to-date: /home/yueju/led/install/interface/share/interface/cmake/interface__rosidl_typesupport_introspection_cppExport-noconfig.cmake
[2.248s] -- Up-to-date: /home/yueju/led/install/interface/share/interface/cmake/interface__rosidl_typesupport_cppExport.cmake
[2.249s] -- Up-to-date: /home/yueju/led/install/interface/share/interface/cmake/interface__rosidl_typesupport_cppExport-noconfig.cmake
[2.249s] -- Up-to-date: /home/yueju/led/install/interface/share/interface/cmake/export_interface__rosidl_generator_pyExport.cmake
[2.249s] -- Up-to-date: /home/yueju/led/install/interface/share/interface/cmake/export_interface__rosidl_generator_pyExport-noconfig.cmake
[2.249s] -- Up-to-date: /home/yueju/led/install/interface/share/interface/cmake/rosidl_cmake-extras.cmake
[2.250s] -- Up-to-date: /home/yueju/led/install/interface/share/interface/cmake/ament_cmake_export_include_directories-extras.cmake
[2.250s] -- Up-to-date: /home/yueju/led/install/interface/share/interface/cmake/ament_cmake_export_libraries-extras.cmake
[2.250s] -- Up-to-date: /home/yueju/led/install/interface/share/interface/cmake/ament_cmake_export_targets-extras.cmake
[2.250s] -- Up-to-date: /home/yueju/led/install/interface/share/interface/cmake/rosidl_cmake_export_typesupport_targets-extras.cmake
[2.250s] -- Up-to-date: /home/yueju/led/install/interface/share/interface/cmake/ament_cmake_export_dependencies-extras.cmake
[2.250s] -- Up-to-date: /home/yueju/led/install/interface/share/interface/cmake/rosidl_cmake_export_typesupport_libraries-extras.cmake
[2.250s] -- Up-to-date: /home/yueju/led/install/interface/share/interface/cmake/interfaceConfig.cmake
[2.251s] -- Up-to-date: /home/yueju/led/install/interface/share/interface/cmake/interfaceConfig-version.cmake
[2.251s] -- Up-to-date: /home/yueju/led/install/interface/share/interface/package.xml
[2.253s] Invoked command in '/home/yueju/led/build/interface' returned '0': CMAKE_PREFIX_PATH=/opt/ros/humble /usr/bin/cmake --install /home/yueju/led/build/interface
