[0.440s] Invoking command in '/home/pmlab/yueju2/build/open_cv': PYTHONPATH=/home/pmlab/yueju2/build/open_cv/prefix_override:/home/pmlab/yueju2/install/open_cv/lib/python3.10/site-packages:${PYTHONPATH} /usr/bin/python3 setup.py develop --editable --build-directory /home/pmlab/yueju2/build/open_cv/build --no-deps install_data
[0.615s] running develop
[0.615s] /usr/lib/python3/dist-packages/setuptools/command/easy_install.py:158: EasyInstallDeprecationWarning: easy_install command is deprecated. Use build and pip and other standards-based tools.
[0.616s]   warnings.warn(
[0.617s] /usr/lib/python3/dist-packages/setuptools/command/install.py:34: SetuptoolsDeprecationWarning: setup.py install is deprecated. Use build and pip and other standards-based tools.
[0.617s]   warnings.warn(
[0.655s] /usr/lib/python3/dist-packages/pkg_resources/__init__.py:116: PkgResourcesDeprecationWarning: 1.16.0-unknown is an invalid version and will not be supported in a future release
[0.655s]   warnings.warn(
[0.655s] /usr/lib/python3/dist-packages/pkg_resources/__init__.py:116: PkgResourcesDeprecationWarning: 0.1.43ubuntu1 is an invalid version and will not be supported in a future release
[0.656s]   warnings.warn(
[0.656s] /usr/lib/python3/dist-packages/pkg_resources/__init__.py:116: PkgResourcesDeprecationWarning: 1.1build1 is an invalid version and will not be supported in a future release
[0.656s]   warnings.warn(
[0.726s] running egg_info
[0.727s] writing open_cv.egg-info/PKG-INFO
[0.727s] writing dependency_links to open_cv.egg-info/dependency_links.txt
[0.727s] writing entry points to open_cv.egg-info/entry_points.txt
[0.727s] writing requirements to open_cv.egg-info/requires.txt
[0.727s] writing top-level names to open_cv.egg-info/top_level.txt
[0.728s] reading manifest file 'open_cv.egg-info/SOURCES.txt'
[0.729s] writing manifest file 'open_cv.egg-info/SOURCES.txt'
[0.730s] running build_ext
[0.730s] Creating /home/pmlab/yueju2/install/open_cv/lib/python3.10/site-packages/open-cv.egg-link (link to .)
[0.730s] Installing auto_centering script to /home/pmlab/yueju2/install/open_cv/lib/open_cv
[0.731s] Installing image_processing script to /home/pmlab/yueju2/install/open_cv/lib/open_cv
[0.731s] 
[0.731s] Installed /home/pmlab/yueju2/build/open_cv
[0.731s] running install_data
[0.753s] Invoked command in '/home/pmlab/yueju2/build/open_cv' returned '0': PYTHONPATH=/home/pmlab/yueju2/build/open_cv/prefix_override:/home/pmlab/yueju2/install/open_cv/lib/python3.10/site-packages:${PYTHONPATH} /usr/bin/python3 setup.py develop --editable --build-directory /home/pmlab/yueju2/build/open_cv/build --no-deps install_data
