[0.368s] Invoking command in '/home/pmlab/yueju2/open_cv': PYTHONPATH=/home/pmlab/yueju2/build/open_cv/prefix_override:/home/pmlab/yueju2/install/open_cv/lib/python3.10/site-packages:${PYTHONPATH} /usr/bin/python3 setup.py egg_info --egg-base ../build/open_cv build --build-base /home/pmlab/yueju2/build/open_cv/build install --record /home/pmlab/yueju2/build/open_cv/install.log --single-version-externally-managed
[0.506s] running egg_info
[0.507s] writing ../build/open_cv/open_cv.egg-info/PKG-INFO
[0.507s] writing dependency_links to ../build/open_cv/open_cv.egg-info/dependency_links.txt
[0.507s] writing entry points to ../build/open_cv/open_cv.egg-info/entry_points.txt
[0.507s] writing requirements to ../build/open_cv/open_cv.egg-info/requires.txt
[0.507s] writing top-level names to ../build/open_cv/open_cv.egg-info/top_level.txt
[0.508s] reading manifest file '../build/open_cv/open_cv.egg-info/SOURCES.txt'
[0.508s] writing manifest file '../build/open_cv/open_cv.egg-info/SOURCES.txt'
[0.509s] running build
[0.509s] running build_py
[0.509s] copying open_cv/image_processing.py -> /home/pmlab/yueju2/build/open_cv/build/lib/open_cv
[0.509s] running install
[0.509s] /usr/lib/python3/dist-packages/setuptools/command/install.py:34: SetuptoolsDeprecationWarning: setup.py install is deprecated. Use build and pip and other standards-based tools.
[0.509s]   warnings.warn(
[0.509s] running install_lib
[0.510s] copying /home/pmlab/yueju2/build/open_cv/build/lib/open_cv/image_processing.py -> /home/pmlab/yueju2/install/open_cv/lib/python3.10/site-packages/open_cv
[0.510s] byte-compiling /home/pmlab/yueju2/install/open_cv/lib/python3.10/site-packages/open_cv/4.py to 4.cpython-310.pyc
[0.510s]   File "/home/pmlab/yueju2/install/open_cv/lib/python3.10/site-packages/open_cv/4.py", line 31
[0.510s]     图像处理完了还要在回到原位置，除此以外需要从任意位置开始运动到指定点吗
[0.510s]                   ^
[0.511s] SyntaxError: invalid character '，' (U+FF0C)
[0.511s] 
[0.511s] byte-compiling /home/pmlab/yueju2/install/open_cv/lib/python3.10/site-packages/open_cv/image_processing.py to image_processing.cpython-310.pyc
[0.511s] running install_data
[0.511s] running install_egg_info
[0.513s] removing '/home/pmlab/yueju2/install/open_cv/lib/python3.10/site-packages/open_cv-0.0.0-py3.10.egg-info' (and everything under it)
[0.513s] Copying ../build/open_cv/open_cv.egg-info to /home/pmlab/yueju2/install/open_cv/lib/python3.10/site-packages/open_cv-0.0.0-py3.10.egg-info
[0.513s] running install_scripts
[0.525s] Installing auto_centering script to /home/pmlab/yueju2/install/open_cv/lib/open_cv
[0.525s] Installing image_processing script to /home/pmlab/yueju2/install/open_cv/lib/open_cv
[0.525s] writing list of installed files to '/home/pmlab/yueju2/build/open_cv/install.log'
[0.541s] Invoked command in '/home/pmlab/yueju2/open_cv' returned '0': PYTHONPATH=/home/pmlab/yueju2/build/open_cv/prefix_override:/home/pmlab/yueju2/install/open_cv/lib/python3.10/site-packages:${PYTHONPATH} /usr/bin/python3 setup.py egg_info --egg-base ../build/open_cv build --build-base /home/pmlab/yueju2/build/open_cv/build install --record /home/pmlab/yueju2/build/open_cv/install.log --single-version-externally-managed
