[0.351s] Invoking command in '/home/yueju/led/build/interface': CMAKE_PREFIX_PATH=/opt/ros/humble /usr/bin/cmake --build /home/yueju/led/build/interface -- -j8 -l8
[0.559s] [  2%] Built target interface__cpp
[0.660s] [ 12%] Built target interface__rosidl_generator_c
[0.685s] [ 15%] [32mBuilding CXX object CMakeFiles/interface__rosidl_typesupport_fastrtps_cpp.dir/rosidl_typesupport_fastrtps_cpp/interface/msg/detail/dds_fastrtps/led__type_support.cpp.o[0m
[0.693s] [ 17%] [32mBuilding CXX object CMakeFiles/interface__rosidl_typesupport_fastrtps_cpp.dir/rosidl_typesupport_fastrtps_cpp/interface/srv/detail/dds_fastrtps/set_led__type_support.cpp.o[0m
[0.708s] [ 17%] Built target ament_cmake_python_copy_interface
[0.719s] [ 20%] [32mBuilding CXX object CMakeFiles/interface__rosidl_typesupport_introspection_cpp.dir/rosidl_typesupport_introspection_cpp/interface/msg/detail/led__type_support.cpp.o[0m
[0.755s] [ 30%] Built target interface__rosidl_typesupport_c
[0.755s] [ 33%] [32mBuilding CXX object CMakeFiles/interface__rosidl_typesupport_cpp.dir/rosidl_typesupport_cpp/interface/msg/led__type_support.cpp.o[0m
[0.766s] [ 35%] [32mBuilding CXX object CMakeFiles/interface__rosidl_typesupport_introspection_cpp.dir/rosidl_typesupport_introspection_cpp/interface/srv/detail/set_led__type_support.cpp.o[0m
[0.852s] [ 46%] Built target interface__rosidl_typesupport_introspection_c
[0.867s] [ 48%] [32mBuilding CXX object CMakeFiles/interface__rosidl_typesupport_cpp.dir/rosidl_typesupport_cpp/interface/srv/set_led__type_support.cpp.o[0m
[0.957s] [ 51%] [32mBuilding CXX object CMakeFiles/interface__rosidl_typesupport_fastrtps_c.dir/rosidl_typesupport_fastrtps_c/interface/msg/detail/led__type_support_c.cpp.o[0m
[1.192s] running egg_info
[1.193s] writing interface.egg-info/PKG-INFO
[1.193s] writing dependency_links to interface.egg-info/dependency_links.txt
[1.193s] writing top-level names to interface.egg-info/top_level.txt
[1.198s] reading manifest file 'interface.egg-info/SOURCES.txt'
[1.199s] writing manifest file 'interface.egg-info/SOURCES.txt'
[1.246s] [ 51%] Built target ament_cmake_python_build_interface_egg
[1.261s] [ 53%] [32mBuilding CXX object CMakeFiles/interface__rosidl_typesupport_fastrtps_c.dir/rosidl_typesupport_fastrtps_c/interface/srv/detail/set_led__type_support_c.cpp.o[0m
[1.521s] [ 56%] [32m[1mLinking CXX shared library libinterface__rosidl_typesupport_cpp.so[0m
[1.625s] [ 58%] Built target interface__rosidl_typesupport_cpp
[1.829s] [ 61%] [32m[1mLinking CXX shared library libinterface__rosidl_typesupport_introspection_cpp.so[0m
[1.877s] [ 64%] Built target interface__rosidl_typesupport_introspection_cpp
[1.922s] [ 66%] [32m[1mLinking CXX shared library libinterface__rosidl_typesupport_fastrtps_cpp.so[0m
[1.958s] [ 69%] [32m[1mLinking CXX shared library libinterface__rosidl_typesupport_fastrtps_c.so[0m
[2.017s] [ 71%] Built target interface__rosidl_typesupport_fastrtps_cpp
[2.071s] [ 74%] Built target interface__rosidl_typesupport_fastrtps_c
[2.092s] [ 74%] Built target interface
[2.123s] [ 76%] Built target interface__py
[2.281s] [ 84%] Built target interface__rosidl_generator_py
[2.363s] [ 87%] [32m[1mLinking C shared library rosidl_generator_py/interface/interface_s__rosidl_typesupport_fastrtps_c.cpython-310-x86_64-linux-gnu.so[0m
[2.405s] [ 89%] Built target interface__rosidl_typesupport_fastrtps_c__pyext
[2.475s] [ 94%] Built target interface__rosidl_typesupport_introspection_c__pyext
[2.480s] [100%] Built target interface__rosidl_typesupport_c__pyext
[2.494s] Invoked command in '/home/yueju/led/build/interface' returned '0': CMAKE_PREFIX_PATH=/opt/ros/humble /usr/bin/cmake --build /home/yueju/led/build/interface -- -j8 -l8
[2.581s] Invoking command in '/home/yueju/led/build/interface': CMAKE_PREFIX_PATH=/opt/ros/humble /usr/bin/cmake --install /home/yueju/led/build/interface
[2.589s] -- Install configuration: ""
[2.590s] -- Up-to-date: /home/yueju/led/install/interface/share/ament_index/resource_index/rosidl_interfaces/interface
[2.591s] -- Up-to-date: /home/yueju/led/install/interface/include/interface/interface
[2.591s] -- Up-to-date: /home/yueju/led/install/interface/include/interface/interface/srv
[2.591s] -- Up-to-date: /home/yueju/led/install/interface/include/interface/interface/srv/detail
[2.591s] -- Up-to-date: /home/yueju/led/install/interface/include/interface/interface/srv/detail/set_led__functions.h
[2.591s] -- Up-to-date: /home/yueju/led/install/interface/include/interface/interface/srv/detail/set_led__type_support.h
[2.591s] -- Up-to-date: /home/yueju/led/install/interface/include/interface/interface/srv/detail/set_led__functions.c
[2.592s] -- Up-to-date: /home/yueju/led/install/interface/include/interface/interface/srv/detail/set_led__struct.h
[2.592s] -- Up-to-date: /home/yueju/led/install/interface/include/interface/interface/srv/set_led.h
[2.592s] -- Up-to-date: /home/yueju/led/install/interface/include/interface/interface/msg
[2.592s] -- Up-to-date: /home/yueju/led/install/interface/include/interface/interface/msg/detail
[2.592s] -- Up-to-date: /home/yueju/led/install/interface/include/interface/interface/msg/detail/led__functions.h
[2.592s] -- Up-to-date: /home/yueju/led/install/interface/include/interface/interface/msg/detail/led__functions.c
[2.592s] -- Up-to-date: /home/yueju/led/install/interface/include/interface/interface/msg/detail/led__type_support.h
[2.592s] -- Up-to-date: /home/yueju/led/install/interface/include/interface/interface/msg/detail/led__struct.h
[2.592s] -- Up-to-date: /home/yueju/led/install/interface/include/interface/interface/msg/led.h
[2.592s] -- Up-to-date: /home/yueju/led/install/interface/include/interface/interface/msg/rosidl_generator_c__visibility_control.h
[2.593s] -- Up-to-date: /home/yueju/led/install/interface/share/interface/environment/library_path.sh
[2.593s] -- Up-to-date: /home/yueju/led/install/interface/share/interface/environment/library_path.dsv
[2.593s] -- Up-to-date: /home/yueju/led/install/interface/lib/libinterface__rosidl_generator_c.so
[2.593s] -- Up-to-date: /home/yueju/led/install/interface/include/interface/interface
[2.593s] -- Up-to-date: /home/yueju/led/install/interface/include/interface/interface/srv
[2.594s] -- Up-to-date: /home/yueju/led/install/interface/include/interface/interface/srv/detail
[2.594s] -- Up-to-date: /home/yueju/led/install/interface/include/interface/interface/srv/detail/set_led__rosidl_typesupport_fastrtps_c.h
[2.594s] -- Up-to-date: /home/yueju/led/install/interface/include/interface/interface/msg
[2.594s] -- Up-to-date: /home/yueju/led/install/interface/include/interface/interface/msg/detail
[2.594s] -- Up-to-date: /home/yueju/led/install/interface/include/interface/interface/msg/detail/led__rosidl_typesupport_fastrtps_c.h
[2.594s] -- Up-to-date: /home/yueju/led/install/interface/include/interface/interface/msg/rosidl_typesupport_fastrtps_c__visibility_control.h
[2.594s] -- Installing: /home/yueju/led/install/interface/lib/libinterface__rosidl_typesupport_fastrtps_c.so
[2.594s] -- Set runtime path of "/home/yueju/led/install/interface/lib/libinterface__rosidl_typesupport_fastrtps_c.so" to ""
[2.595s] -- Up-to-date: /home/yueju/led/install/interface/include/interface/interface
[2.595s] -- Up-to-date: /home/yueju/led/install/interface/include/interface/interface/srv
[2.595s] -- Up-to-date: /home/yueju/led/install/interface/include/interface/interface/srv/detail
[2.595s] -- Up-to-date: /home/yueju/led/install/interface/include/interface/interface/srv/detail/set_led__type_support.c
[2.595s] -- Up-to-date: /home/yueju/led/install/interface/include/interface/interface/srv/detail/set_led__rosidl_typesupport_introspection_c.h
[2.595s] -- Up-to-date: /home/yueju/led/install/interface/include/interface/interface/msg
[2.595s] -- Up-to-date: /home/yueju/led/install/interface/include/interface/interface/msg/detail
[2.595s] -- Up-to-date: /home/yueju/led/install/interface/include/interface/interface/msg/detail/led__type_support.c
[2.595s] -- Up-to-date: /home/yueju/led/install/interface/include/interface/interface/msg/detail/led__rosidl_typesupport_introspection_c.h
[2.595s] -- Up-to-date: /home/yueju/led/install/interface/include/interface/interface/msg/rosidl_typesupport_introspection_c__visibility_control.h
[2.595s] -- Up-to-date: /home/yueju/led/install/interface/lib/libinterface__rosidl_typesupport_introspection_c.so
[2.596s] -- Up-to-date: /home/yueju/led/install/interface/lib/libinterface__rosidl_typesupport_c.so
[2.596s] -- Up-to-date: /home/yueju/led/install/interface/include/interface/interface
[2.596s] -- Up-to-date: /home/yueju/led/install/interface/include/interface/interface/srv
[2.596s] -- Up-to-date: /home/yueju/led/install/interface/include/interface/interface/srv/detail
[2.596s] -- Up-to-date: /home/yueju/led/install/interface/include/interface/interface/srv/detail/set_led__struct.hpp
[2.597s] -- Up-to-date: /home/yueju/led/install/interface/include/interface/interface/srv/detail/set_led__builder.hpp
[2.597s] -- Up-to-date: /home/yueju/led/install/interface/include/interface/interface/srv/detail/set_led__traits.hpp
[2.597s] -- Up-to-date: /home/yueju/led/install/interface/include/interface/interface/srv/set_led.hpp
[2.597s] -- Up-to-date: /home/yueju/led/install/interface/include/interface/interface/msg
[2.597s] -- Up-to-date: /home/yueju/led/install/interface/include/interface/interface/msg/detail
[2.597s] -- Up-to-date: /home/yueju/led/install/interface/include/interface/interface/msg/detail/led__struct.hpp
[2.597s] -- Up-to-date: /home/yueju/led/install/interface/include/interface/interface/msg/detail/led__builder.hpp
[2.597s] -- Up-to-date: /home/yueju/led/install/interface/include/interface/interface/msg/detail/led__traits.hpp
[2.597s] -- Up-to-date: /home/yueju/led/install/interface/include/interface/interface/msg/led.hpp
[2.598s] -- Up-to-date: /home/yueju/led/install/interface/include/interface/interface
[2.598s] -- Up-to-date: /home/yueju/led/install/interface/include/interface/interface/srv
[2.598s] -- Up-to-date: /home/yueju/led/install/interface/include/interface/interface/srv/detail
[2.598s] -- Up-to-date: /home/yueju/led/install/interface/include/interface/interface/srv/detail/dds_fastrtps
[2.598s] -- Up-to-date: /home/yueju/led/install/interface/include/interface/interface/srv/detail/set_led__rosidl_typesupport_fastrtps_cpp.hpp
[2.598s] -- Up-to-date: /home/yueju/led/install/interface/include/interface/interface/msg
[2.598s] -- Up-to-date: /home/yueju/led/install/interface/include/interface/interface/msg/rosidl_typesupport_fastrtps_cpp__visibility_control.h
[2.598s] -- Up-to-date: /home/yueju/led/install/interface/include/interface/interface/msg/detail
[2.598s] -- Up-to-date: /home/yueju/led/install/interface/include/interface/interface/msg/detail/dds_fastrtps
[2.598s] -- Up-to-date: /home/yueju/led/install/interface/include/interface/interface/msg/detail/led__rosidl_typesupport_fastrtps_cpp.hpp
[2.641s] -- Installing: /home/yueju/led/install/interface/lib/libinterface__rosidl_typesupport_fastrtps_cpp.so
[2.641s] -- Set runtime path of "/home/yueju/led/install/interface/lib/libinterface__rosidl_typesupport_fastrtps_cpp.so" to ""
[2.641s] -- Up-to-date: /home/yueju/led/install/interface/include/interface/interface
[2.642s] -- Up-to-date: /home/yueju/led/install/interface/include/interface/interface/srv
[2.642s] -- Up-to-date: /home/yueju/led/install/interface/include/interface/interface/srv/detail
[2.642s] -- Up-to-date: /home/yueju/led/install/interface/include/interface/interface/srv/detail/set_led__type_support.cpp
[2.642s] -- Up-to-date: /home/yueju/led/install/interface/include/interface/interface/srv/detail/set_led__rosidl_typesupport_introspection_cpp.hpp
[2.642s] -- Up-to-date: /home/yueju/led/install/interface/include/interface/interface/msg
[2.642s] -- Up-to-date: /home/yueju/led/install/interface/include/interface/interface/msg/detail
[2.642s] -- Up-to-date: /home/yueju/led/install/interface/include/interface/interface/msg/detail/led__rosidl_typesupport_introspection_cpp.hpp
[2.642s] -- Up-to-date: /home/yueju/led/install/interface/include/interface/interface/msg/detail/led__type_support.cpp
[2.643s] -- Installing: /home/yueju/led/install/interface/lib/libinterface__rosidl_typesupport_introspection_cpp.so
[2.643s] -- Set runtime path of "/home/yueju/led/install/interface/lib/libinterface__rosidl_typesupport_introspection_cpp.so" to ""
[2.644s] -- Installing: /home/yueju/led/install/interface/lib/libinterface__rosidl_typesupport_cpp.so
[2.645s] -- Set runtime path of "/home/yueju/led/install/interface/lib/libinterface__rosidl_typesupport_cpp.so" to ""
[2.645s] -- Up-to-date: /home/yueju/led/install/interface/share/interface/environment/pythonpath.sh
[2.645s] -- Up-to-date: /home/yueju/led/install/interface/share/interface/environment/pythonpath.dsv
[2.646s] -- Up-to-date: /home/yueju/led/install/interface/local/lib/python3.10/dist-packages/interface-0.0.0-py3.10.egg-info
[2.646s] -- Installing: /home/yueju/led/install/interface/local/lib/python3.10/dist-packages/interface-0.0.0-py3.10.egg-info/top_level.txt
[2.646s] -- Installing: /home/yueju/led/install/interface/local/lib/python3.10/dist-packages/interface-0.0.0-py3.10.egg-info/SOURCES.txt
[2.646s] -- Installing: /home/yueju/led/install/interface/local/lib/python3.10/dist-packages/interface-0.0.0-py3.10.egg-info/PKG-INFO
[2.646s] -- Installing: /home/yueju/led/install/interface/local/lib/python3.10/dist-packages/interface-0.0.0-py3.10.egg-info/dependency_links.txt
[2.646s] -- Up-to-date: /home/yueju/led/install/interface/local/lib/python3.10/dist-packages/interface
[2.648s] -- Up-to-date: /home/yueju/led/install/interface/local/lib/python3.10/dist-packages/interface/_interface_s.ep.rosidl_typesupport_c.c
[2.648s] -- Up-to-date: /home/yueju/led/install/interface/local/lib/python3.10/dist-packages/interface/interface_s__rosidl_typesupport_c.cpython-310-x86_64-linux-gnu.so
[2.648s] -- Up-to-date: /home/yueju/led/install/interface/local/lib/python3.10/dist-packages/interface/libinterface__rosidl_generator_py.so
[2.648s] -- Up-to-date: /home/yueju/led/install/interface/local/lib/python3.10/dist-packages/interface/srv
[2.648s] -- Up-to-date: /home/yueju/led/install/interface/local/lib/python3.10/dist-packages/interface/srv/_set_led_s.c
[2.648s] -- Up-to-date: /home/yueju/led/install/interface/local/lib/python3.10/dist-packages/interface/srv/__init__.py
[2.648s] -- Up-to-date: /home/yueju/led/install/interface/local/lib/python3.10/dist-packages/interface/srv/_set_led.py
[2.648s] -- Up-to-date: /home/yueju/led/install/interface/local/lib/python3.10/dist-packages/interface/_interface_s.ep.rosidl_typesupport_fastrtps_c.c
[2.648s] -- Up-to-date: /home/yueju/led/install/interface/local/lib/python3.10/dist-packages/interface/msg
[2.648s] -- Up-to-date: /home/yueju/led/install/interface/local/lib/python3.10/dist-packages/interface/msg/_led.py
[2.649s] -- Up-to-date: /home/yueju/led/install/interface/local/lib/python3.10/dist-packages/interface/msg/__init__.py
[2.649s] -- Up-to-date: /home/yueju/led/install/interface/local/lib/python3.10/dist-packages/interface/msg/_led_s.c
[2.649s] -- Up-to-date: /home/yueju/led/install/interface/local/lib/python3.10/dist-packages/interface/_interface_s.ep.rosidl_typesupport_introspection_c.c
[2.649s] -- Installing: /home/yueju/led/install/interface/local/lib/python3.10/dist-packages/interface/interface_s__rosidl_typesupport_fastrtps_c.cpython-310-x86_64-linux-gnu.so
[2.649s] -- Up-to-date: /home/yueju/led/install/interface/local/lib/python3.10/dist-packages/interface/interface_s__rosidl_typesupport_introspection_c.cpython-310-x86_64-linux-gnu.so
[2.649s] -- Up-to-date: /home/yueju/led/install/interface/local/lib/python3.10/dist-packages/interface/__init__.py
[2.717s] Listing '/home/yueju/led/install/interface/local/lib/python3.10/dist-packages/interface'...
[2.717s] Listing '/home/yueju/led/install/interface/local/lib/python3.10/dist-packages/interface/msg'...
[2.717s] Listing '/home/yueju/led/install/interface/local/lib/python3.10/dist-packages/interface/srv'...
[2.722s] -- Installing: /home/yueju/led/install/interface/local/lib/python3.10/dist-packages/interface/interface_s__rosidl_typesupport_fastrtps_c.cpython-310-x86_64-linux-gnu.so
[2.722s] -- Set runtime path of "/home/yueju/led/install/interface/local/lib/python3.10/dist-packages/interface/interface_s__rosidl_typesupport_fastrtps_c.cpython-310-x86_64-linux-gnu.so" to ""
[2.723s] -- Up-to-date: /home/yueju/led/install/interface/local/lib/python3.10/dist-packages/interface/interface_s__rosidl_typesupport_introspection_c.cpython-310-x86_64-linux-gnu.so
[2.725s] -- Up-to-date: /home/yueju/led/install/interface/local/lib/python3.10/dist-packages/interface/interface_s__rosidl_typesupport_c.cpython-310-x86_64-linux-gnu.so
[2.783s] -- Up-to-date: /home/yueju/led/install/interface/lib/libinterface__rosidl_generator_py.so
[2.784s] -- Up-to-date: /home/yueju/led/install/interface/share/interface/msg/Led.idl
[2.784s] -- Up-to-date: /home/yueju/led/install/interface/share/interface/srv/SetLed.idl
[2.784s] -- Up-to-date: /home/yueju/led/install/interface/share/interface/msg/Led.msg
[2.784s] -- Up-to-date: /home/yueju/led/install/interface/share/interface/srv/SetLed.srv
[2.784s] -- Up-to-date: /home/yueju/led/install/interface/share/interface/srv/SetLed_Request.msg
[2.784s] -- Up-to-date: /home/yueju/led/install/interface/share/interface/srv/SetLed_Response.msg
[2.785s] -- Up-to-date: /home/yueju/led/install/interface/share/ament_index/resource_index/package_run_dependencies/interface
[2.785s] -- Up-to-date: /home/yueju/led/install/interface/share/ament_index/resource_index/parent_prefix_path/interface
[2.785s] -- Up-to-date: /home/yueju/led/install/interface/share/interface/environment/ament_prefix_path.sh
[2.785s] -- Up-to-date: /home/yueju/led/install/interface/share/interface/environment/ament_prefix_path.dsv
[2.785s] -- Up-to-date: /home/yueju/led/install/interface/share/interface/environment/path.sh
[2.785s] -- Up-to-date: /home/yueju/led/install/interface/share/interface/environment/path.dsv
[2.785s] -- Up-to-date: /home/yueju/led/install/interface/share/interface/local_setup.bash
[2.785s] -- Up-to-date: /home/yueju/led/install/interface/share/interface/local_setup.sh
[2.785s] -- Up-to-date: /home/yueju/led/install/interface/share/interface/local_setup.zsh
[2.785s] -- Up-to-date: /home/yueju/led/install/interface/share/interface/local_setup.dsv
[2.786s] -- Installing: /home/yueju/led/install/interface/share/interface/package.dsv
[2.818s] -- Up-to-date: /home/yueju/led/install/interface/share/ament_index/resource_index/packages/interface
[2.834s] -- Up-to-date: /home/yueju/led/install/interface/share/interface/cmake/export_interface__rosidl_generator_cExport.cmake
[2.834s] -- Up-to-date: /home/yueju/led/install/interface/share/interface/cmake/export_interface__rosidl_generator_cExport-noconfig.cmake
[2.835s] -- Up-to-date: /home/yueju/led/install/interface/share/interface/cmake/export_interface__rosidl_typesupport_fastrtps_cExport.cmake
[2.835s] -- Up-to-date: /home/yueju/led/install/interface/share/interface/cmake/export_interface__rosidl_typesupport_fastrtps_cExport-noconfig.cmake
[2.837s] -- Up-to-date: /home/yueju/led/install/interface/share/interface/cmake/interface__rosidl_typesupport_introspection_cExport.cmake
[2.837s] -- Up-to-date: /home/yueju/led/install/interface/share/interface/cmake/interface__rosidl_typesupport_introspection_cExport-noconfig.cmake
[2.838s] -- Up-to-date: /home/yueju/led/install/interface/share/interface/cmake/interface__rosidl_typesupport_cExport.cmake
[2.838s] -- Up-to-date: /home/yueju/led/install/interface/share/interface/cmake/interface__rosidl_typesupport_cExport-noconfig.cmake
[2.839s] -- Up-to-date: /home/yueju/led/install/interface/share/interface/cmake/export_interface__rosidl_generator_cppExport.cmake
[2.839s] -- Up-to-date: /home/yueju/led/install/interface/share/interface/cmake/export_interface__rosidl_typesupport_fastrtps_cppExport.cmake
[2.839s] -- Up-to-date: /home/yueju/led/install/interface/share/interface/cmake/export_interface__rosidl_typesupport_fastrtps_cppExport-noconfig.cmake
[2.840s] -- Up-to-date: /home/yueju/led/install/interface/share/interface/cmake/interface__rosidl_typesupport_introspection_cppExport.cmake
[2.840s] -- Up-to-date: /home/yueju/led/install/interface/share/interface/cmake/interface__rosidl_typesupport_introspection_cppExport-noconfig.cmake
[2.841s] -- Up-to-date: /home/yueju/led/install/interface/share/interface/cmake/interface__rosidl_typesupport_cppExport.cmake
[2.841s] -- Up-to-date: /home/yueju/led/install/interface/share/interface/cmake/interface__rosidl_typesupport_cppExport-noconfig.cmake
[2.842s] -- Up-to-date: /home/yueju/led/install/interface/share/interface/cmake/export_interface__rosidl_generator_pyExport.cmake
[2.842s] -- Up-to-date: /home/yueju/led/install/interface/share/interface/cmake/export_interface__rosidl_generator_pyExport-noconfig.cmake
[2.842s] -- Up-to-date: /home/yueju/led/install/interface/share/interface/cmake/rosidl_cmake-extras.cmake
[2.842s] -- Up-to-date: /home/yueju/led/install/interface/share/interface/cmake/ament_cmake_export_include_directories-extras.cmake
[2.842s] -- Up-to-date: /home/yueju/led/install/interface/share/interface/cmake/ament_cmake_export_libraries-extras.cmake
[2.842s] -- Up-to-date: /home/yueju/led/install/interface/share/interface/cmake/ament_cmake_export_targets-extras.cmake
[2.842s] -- Up-to-date: /home/yueju/led/install/interface/share/interface/cmake/rosidl_cmake_export_typesupport_targets-extras.cmake
[2.842s] -- Up-to-date: /home/yueju/led/install/interface/share/interface/cmake/ament_cmake_export_dependencies-extras.cmake
[2.843s] -- Up-to-date: /home/yueju/led/install/interface/share/interface/cmake/rosidl_cmake_export_typesupport_libraries-extras.cmake
[2.843s] -- Up-to-date: /home/yueju/led/install/interface/share/interface/cmake/interfaceConfig.cmake
[2.843s] -- Up-to-date: /home/yueju/led/install/interface/share/interface/cmake/interfaceConfig-version.cmake
[2.843s] -- Up-to-date: /home/yueju/led/install/interface/share/interface/package.xml
[2.850s] Invoked command in '/home/yueju/led/build/interface' returned '0': CMAKE_PREFIX_PATH=/opt/ros/humble /usr/bin/cmake --install /home/yueju/led/build/interface
