[0.008s] Invoking command in '/home/pmlab/yueju/change/build/pm_bringup': AMENT_PREFIX_PATH=/home/pmlab/yueju/change/install/open_cv:${AMENT_PREFIX_PATH} CMAKE_PREFIX_PATH=${CMAKE_PREFIX_PATH}:/home/pmlab/ros2_ws/install/programming_fw_pkg:/home/pmlab/ros2_ws/install/pm_robot_control_test:/home/pmlab/ros2_ws/src/pm_robot_programming_framework/install/programming_fw_pkg:/opt/ros/humble PYTHONPATH=/home/pmlab/yueju/change/build/open_cv:/home/pmlab/yueju/change/install/open_cv/lib/python3.10/site-packages:${PYTHONPATH} /usr/bin/cmake /home/pmlab/yueju/change/pm_bringup -DAMENT_CMAKE_SYMLINK_INSTALL=1 -DCMAKE_INSTALL_PREFIX=/home/pmlab/yueju/change/install/pm_bringup
[0.093s] -- The C compiler identification is GNU 11.3.0
[0.186s] -- The CXX compiler identification is GNU 11.3.0
[0.197s] -- Detecting C compiler ABI info
[0.250s] -- Detecting C compiler ABI info - done
[0.257s] -- Check for working C compiler: /usr/bin/cc - skipped
[0.257s] -- Detecting C compile features
[0.258s] -- Detecting C compile features - done
[0.261s] -- Detecting CXX compiler ABI info
[0.317s] -- Detecting CXX compiler ABI info - done
[0.324s] -- Check for working CXX compiler: /usr/bin/c++ - skipped
[0.324s] -- Detecting CXX compile features
[0.324s] -- Detecting CXX compile features - done
[0.328s] -- Found ament_cmake: 1.3.4 (/opt/ros/humble/share/ament_cmake/cmake)
[0.470s] -- Found Python3: /usr/bin/python3.10 (found version "3.10.6") found components: Interpreter 
[0.521s] -- Override CMake install command with custom implementation using symlinks instead of copying resources
[0.609s] -- Configuring done
[0.611s] -- Generating done
[0.611s] -- Build files have been written to: /home/pmlab/yueju/change/build/pm_bringup
[0.615s] Invoked command in '/home/pmlab/yueju/change/build/pm_bringup' returned '0': AMENT_PREFIX_PATH=/home/pmlab/yueju/change/install/open_cv:${AMENT_PREFIX_PATH} CMAKE_PREFIX_PATH=${CMAKE_PREFIX_PATH}:/home/pmlab/ros2_ws/install/programming_fw_pkg:/home/pmlab/ros2_ws/install/pm_robot_control_test:/home/pmlab/ros2_ws/src/pm_robot_programming_framework/install/programming_fw_pkg:/opt/ros/humble PYTHONPATH=/home/pmlab/yueju/change/build/open_cv:/home/pmlab/yueju/change/install/open_cv/lib/python3.10/site-packages:${PYTHONPATH} /usr/bin/cmake /home/pmlab/yueju/change/pm_bringup -DAMENT_CMAKE_SYMLINK_INSTALL=1 -DCMAKE_INSTALL_PREFIX=/home/pmlab/yueju/change/install/pm_bringup
[0.617s] Invoking command in '/home/pmlab/yueju/change/build/pm_bringup': AMENT_PREFIX_PATH=/home/pmlab/yueju/change/install/open_cv:${AMENT_PREFIX_PATH} CMAKE_PREFIX_PATH=${CMAKE_PREFIX_PATH}:/home/pmlab/ros2_ws/install/programming_fw_pkg:/home/pmlab/ros2_ws/install/pm_robot_control_test:/home/pmlab/ros2_ws/src/pm_robot_programming_framework/install/programming_fw_pkg:/opt/ros/humble PYTHONPATH=/home/pmlab/yueju/change/build/open_cv:/home/pmlab/yueju/change/install/open_cv/lib/python3.10/site-packages:${PYTHONPATH} /usr/bin/cmake --build /home/pmlab/yueju/change/build/pm_bringup -- -j24 -l24
[0.643s] Invoked command in '/home/pmlab/yueju/change/build/pm_bringup' returned '0': AMENT_PREFIX_PATH=/home/pmlab/yueju/change/install/open_cv:${AMENT_PREFIX_PATH} CMAKE_PREFIX_PATH=${CMAKE_PREFIX_PATH}:/home/pmlab/ros2_ws/install/programming_fw_pkg:/home/pmlab/ros2_ws/install/pm_robot_control_test:/home/pmlab/ros2_ws/src/pm_robot_programming_framework/install/programming_fw_pkg:/opt/ros/humble PYTHONPATH=/home/pmlab/yueju/change/build/open_cv:/home/pmlab/yueju/change/install/open_cv/lib/python3.10/site-packages:${PYTHONPATH} /usr/bin/cmake --build /home/pmlab/yueju/change/build/pm_bringup -- -j24 -l24
[0.665s] Invoking command in '/home/pmlab/yueju/change/build/pm_bringup': AMENT_PREFIX_PATH=/home/pmlab/yueju/change/install/open_cv:${AMENT_PREFIX_PATH} CMAKE_PREFIX_PATH=${CMAKE_PREFIX_PATH}:/home/pmlab/ros2_ws/install/programming_fw_pkg:/home/pmlab/ros2_ws/install/pm_robot_control_test:/home/pmlab/ros2_ws/src/pm_robot_programming_framework/install/programming_fw_pkg:/opt/ros/humble PYTHONPATH=/home/pmlab/yueju/change/build/open_cv:/home/pmlab/yueju/change/install/open_cv/lib/python3.10/site-packages:${PYTHONPATH} /usr/bin/cmake --install /home/pmlab/yueju/change/build/pm_bringup
[0.670s] -- Install configuration: ""
[0.670s] -- Execute custom install script
[0.671s] -- Symlinking: /home/pmlab/yueju/change/install/pm_bringup/share/pm_bringup/launch/auto_calibrating.launch.py
[0.678s] -- Symlinking: /home/pmlab/yueju/change/install/pm_bringup/share/ament_index/resource_index/package_run_dependencies/pm_bringup
[0.683s] -- Symlinking: /home/pmlab/yueju/change/install/pm_bringup/share/ament_index/resource_index/parent_prefix_path/pm_bringup
[0.689s] -- Up-to-date symlink: /home/pmlab/yueju/change/install/pm_bringup/share/pm_bringup/environment/ament_prefix_path.sh
[0.689s] -- Symlinking: /home/pmlab/yueju/change/install/pm_bringup/share/pm_bringup/environment/ament_prefix_path.dsv
[0.694s] -- Up-to-date symlink: /home/pmlab/yueju/change/install/pm_bringup/share/pm_bringup/environment/path.sh
[0.694s] -- Symlinking: /home/pmlab/yueju/change/install/pm_bringup/share/pm_bringup/environment/path.dsv
[0.699s] -- Symlinking: /home/pmlab/yueju/change/install/pm_bringup/share/pm_bringup/local_setup.bash
[0.703s] -- Symlinking: /home/pmlab/yueju/change/install/pm_bringup/share/pm_bringup/local_setup.sh
[0.709s] -- Symlinking: /home/pmlab/yueju/change/install/pm_bringup/share/pm_bringup/local_setup.zsh
[0.714s] -- Symlinking: /home/pmlab/yueju/change/install/pm_bringup/share/pm_bringup/local_setup.dsv
[0.720s] -- Symlinking: /home/pmlab/yueju/change/install/pm_bringup/share/pm_bringup/package.dsv
[0.725s] -- Symlinking: /home/pmlab/yueju/change/install/pm_bringup/share/ament_index/resource_index/packages/pm_bringup
[0.730s] -- Symlinking: /home/pmlab/yueju/change/install/pm_bringup/share/pm_bringup/cmake/pm_bringupConfig.cmake
[0.735s] -- Symlinking: /home/pmlab/yueju/change/install/pm_bringup/share/pm_bringup/cmake/pm_bringupConfig-version.cmake
[0.740s] -- Symlinking: /home/pmlab/yueju/change/install/pm_bringup/share/pm_bringup/package.xml
[0.748s] Invoked command in '/home/pmlab/yueju/change/build/pm_bringup' returned '0': AMENT_PREFIX_PATH=/home/pmlab/yueju/change/install/open_cv:${AMENT_PREFIX_PATH} CMAKE_PREFIX_PATH=${CMAKE_PREFIX_PATH}:/home/pmlab/ros2_ws/install/programming_fw_pkg:/home/pmlab/ros2_ws/install/pm_robot_control_test:/home/pmlab/ros2_ws/src/pm_robot_programming_framework/install/programming_fw_pkg:/opt/ros/humble PYTHONPATH=/home/pmlab/yueju/change/build/open_cv:/home/pmlab/yueju/change/install/open_cv/lib/python3.10/site-packages:${PYTHONPATH} /usr/bin/cmake --install /home/pmlab/yueju/change/build/pm_bringup
