[1.231s] Invoking command in '/home/yueju/led/src/battery_node': PYTHONPATH=/home/yueju/led/build/battery_node/prefix_override:/home/yueju/led/install/battery_node/lib/python3.10/site-packages:${PYTHONPATH} /usr/bin/python3 setup.py egg_info --egg-base ../../build/battery_node build --build-base /home/yueju/led/build/battery_node/build install --record /home/yueju/led/build/battery_node/install.log --single-version-externally-managed
[1.426s] running egg_info
[1.439s] writing ../../build/battery_node/battery_node.egg-info/PKG-INFO
[1.440s] writing dependency_links to ../../build/battery_node/battery_node.egg-info/dependency_links.txt
[1.440s] writing entry points to ../../build/battery_node/battery_node.egg-info/entry_points.txt
[1.440s] writing requirements to ../../build/battery_node/battery_node.egg-info/requires.txt
[1.440s] writing top-level names to ../../build/battery_node/battery_node.egg-info/top_level.txt
[1.466s] reading manifest file '../../build/battery_node/battery_node.egg-info/SOURCES.txt'
[1.467s] writing manifest file '../../build/battery_node/battery_node.egg-info/SOURCES.txt'
[1.467s] running build
[1.467s] running build_py
[1.468s] running install
[1.468s] /home/yueju/.local/lib/python3.10/site-packages/setuptools/command/install.py:34: SetuptoolsDeprecationWarning: setup.py install is deprecated. Use build and pip and other standards-based tools.
[1.468s]   warnings.warn(
[1.473s] running install_lib
[1.486s] byte-compiling /home/yueju/led/install/battery_node/lib/python3.10/site-packages/battery_node/node_battery.py to node_battery.cpython-310.pyc
[1.487s]   File "/home/yueju/led/install/battery_node/lib/python3.10/site-packages/battery_node/node_battery.py", line 15
[1.487s]     request=SetLed. 
[1.487s]                     ^
[1.487s] SyntaxError: invalid syntax
[1.487s] 
[1.487s] running install_data
[1.500s] running install_egg_info
[1.513s] removing '/home/yueju/led/install/battery_node/lib/python3.10/site-packages/battery_node-0.0.0-py3.10.egg-info' (and everything under it)
[1.513s] Copying ../../build/battery_node/battery_node.egg-info to /home/yueju/led/install/battery_node/lib/python3.10/site-packages/battery_node-0.0.0-py3.10.egg-info
[1.514s] running install_scripts
[1.672s] Installing node_battery script to /home/yueju/led/install/battery_node/lib/battery_node
[1.672s] Installing node_led script to /home/yueju/led/install/battery_node/lib/battery_node
[1.672s] writing list of installed files to '/home/yueju/led/build/battery_node/install.log'
[1.699s] Invoked command in '/home/yueju/led/src/battery_node' returned '0': PYTHONPATH=/home/yueju/led/build/battery_node/prefix_override:/home/yueju/led/install/battery_node/lib/python3.10/site-packages:${PYTHONPATH} /usr/bin/python3 setup.py egg_info --egg-base ../../build/battery_node build --build-base /home/yueju/led/build/battery_node/build install --record /home/yueju/led/build/battery_node/install.log --single-version-externally-managed
