[0.534s] Invoking command in '/home/yueju/led/build/interface': CMAKE_PREFIX_PATH=/opt/ros/humble /usr/bin/cmake --build /home/yueju/led/build/interface -- -j8 -l8
[1.162s] [  2%] Built target interface__cpp
[1.268s] [35m[1mConsolidate compiler generated dependencies of target interface__rosidl_typesupport_cpp[0m
[1.396s] [  2%] Built target ament_cmake_python_copy_interface
[1.408s] [ 12%] Built target interface__rosidl_typesupport_cpp
[1.421s] [35m[1mConsolidate compiler generated dependencies of target interface__rosidl_typesupport_fastrtps_cpp[0m
[1.428s] [35m[1mConsolidate compiler generated dependencies of target interface__rosidl_typesupport_introspection_cpp[0m
[1.445s] [ 23%] Built target interface__rosidl_typesupport_introspection_cpp
[1.465s] [ 33%] Built target interface__rosidl_generator_c
[1.467s] [ 43%] Built target interface__rosidl_typesupport_fastrtps_cpp
[1.551s] [ 53%] Built target interface__rosidl_typesupport_introspection_c
[1.571s] [ 64%] Built target interface__rosidl_typesupport_c
[1.594s] [35m[1mConsolidate compiler generated dependencies of target interface__rosidl_typesupport_fastrtps_c[0m
[1.612s] [ 74%] Built target interface__rosidl_typesupport_fastrtps_c
[1.637s] [ 74%] Built target interface
[1.707s] [ 76%] Built target interface__py
[1.787s] running egg_info
[1.788s] writing interface.egg-info/PKG-INFO
[1.788s] writing dependency_links to interface.egg-info/dependency_links.txt
[1.789s] writing top-level names to interface.egg-info/top_level.txt
[1.791s] reading manifest file 'interface.egg-info/SOURCES.txt'
[1.810s] writing manifest file 'interface.egg-info/SOURCES.txt'
[1.838s] [ 76%] Built target ament_cmake_python_build_interface_egg
[1.927s] [ 84%] Built target interface__rosidl_generator_py
[2.022s] [ 89%] Built target interface__rosidl_typesupport_fastrtps_c__pyext
[2.025s] [ 94%] Built target interface__rosidl_typesupport_introspection_c__pyext
[2.038s] [100%] Built target interface__rosidl_typesupport_c__pyext
[2.051s] Invoked command in '/home/yueju/led/build/interface' returned '0': CMAKE_PREFIX_PATH=/opt/ros/humble /usr/bin/cmake --build /home/yueju/led/build/interface -- -j8 -l8
[2.140s] Invoking command in '/home/yueju/led/build/interface': CMAKE_PREFIX_PATH=/opt/ros/humble /usr/bin/cmake --install /home/yueju/led/build/interface
[2.149s] -- Install configuration: ""
[2.150s] -- Up-to-date: /home/yueju/led/install/interface/share/ament_index/resource_index/rosidl_interfaces/interface
[2.150s] -- Up-to-date: /home/yueju/led/install/interface/include/interface/interface
[2.151s] -- Up-to-date: /home/yueju/led/install/interface/include/interface/interface/srv
[2.164s] -- Up-to-date: /home/yueju/led/install/interface/include/interface/interface/srv/detail
[2.164s] -- Up-to-date: /home/yueju/led/install/interface/include/interface/interface/srv/detail/set_led__functions.h
[2.164s] -- Up-to-date: /home/yueju/led/install/interface/include/interface/interface/srv/detail/set_led__type_support.h
[2.164s] -- Up-to-date: /home/yueju/led/install/interface/include/interface/interface/srv/detail/set_led__functions.c
[2.165s] -- Up-to-date: /home/yueju/led/install/interface/include/interface/interface/srv/detail/set_led__struct.h
[2.165s] -- Up-to-date: /home/yueju/led/install/interface/include/interface/interface/srv/set_led.h
[2.165s] -- Up-to-date: /home/yueju/led/install/interface/include/interface/interface/msg
[2.165s] -- Up-to-date: /home/yueju/led/install/interface/include/interface/interface/msg/detail
[2.165s] -- Up-to-date: /home/yueju/led/install/interface/include/interface/interface/msg/detail/led__functions.h
[2.165s] -- Up-to-date: /home/yueju/led/install/interface/include/interface/interface/msg/detail/led__functions.c
[2.165s] -- Up-to-date: /home/yueju/led/install/interface/include/interface/interface/msg/detail/led__type_support.h
[2.165s] -- Up-to-date: /home/yueju/led/install/interface/include/interface/interface/msg/detail/led__struct.h
[2.166s] -- Up-to-date: /home/yueju/led/install/interface/include/interface/interface/msg/led.h
[2.166s] -- Up-to-date: /home/yueju/led/install/interface/include/interface/interface/msg/rosidl_generator_c__visibility_control.h
[2.166s] -- Up-to-date: /home/yueju/led/install/interface/share/interface/environment/library_path.sh
[2.166s] -- Up-to-date: /home/yueju/led/install/interface/share/interface/environment/library_path.dsv
[2.229s] -- Up-to-date: /home/yueju/led/install/interface/lib/libinterface__rosidl_generator_c.so
[2.229s] -- Up-to-date: /home/yueju/led/install/interface/include/interface/interface
[2.229s] -- Up-to-date: /home/yueju/led/install/interface/include/interface/interface/srv
[2.229s] -- Up-to-date: /home/yueju/led/install/interface/include/interface/interface/srv/detail
[2.229s] -- Up-to-date: /home/yueju/led/install/interface/include/interface/interface/srv/detail/set_led__rosidl_typesupport_fastrtps_c.h
[2.230s] -- Up-to-date: /home/yueju/led/install/interface/include/interface/interface/msg
[2.230s] -- Up-to-date: /home/yueju/led/install/interface/include/interface/interface/msg/detail
[2.230s] -- Up-to-date: /home/yueju/led/install/interface/include/interface/interface/msg/detail/led__rosidl_typesupport_fastrtps_c.h
[2.230s] -- Up-to-date: /home/yueju/led/install/interface/include/interface/interface/msg/rosidl_typesupport_fastrtps_c__visibility_control.h
[2.230s] -- Up-to-date: /home/yueju/led/install/interface/lib/libinterface__rosidl_typesupport_fastrtps_c.so
[2.230s] -- Up-to-date: /home/yueju/led/install/interface/include/interface/interface
[2.231s] -- Up-to-date: /home/yueju/led/install/interface/include/interface/interface/srv
[2.231s] -- Up-to-date: /home/yueju/led/install/interface/include/interface/interface/srv/detail
[2.231s] -- Up-to-date: /home/yueju/led/install/interface/include/interface/interface/srv/detail/set_led__type_support.c
[2.231s] -- Up-to-date: /home/yueju/led/install/interface/include/interface/interface/srv/detail/set_led__rosidl_typesupport_introspection_c.h
[2.231s] -- Up-to-date: /home/yueju/led/install/interface/include/interface/interface/msg
[2.231s] -- Up-to-date: /home/yueju/led/install/interface/include/interface/interface/msg/detail
[2.231s] -- Up-to-date: /home/yueju/led/install/interface/include/interface/interface/msg/detail/led__type_support.c
[2.231s] -- Up-to-date: /home/yueju/led/install/interface/include/interface/interface/msg/detail/led__rosidl_typesupport_introspection_c.h
[2.231s] -- Up-to-date: /home/yueju/led/install/interface/include/interface/interface/msg/rosidl_typesupport_introspection_c__visibility_control.h
[2.232s] -- Up-to-date: /home/yueju/led/install/interface/lib/libinterface__rosidl_typesupport_introspection_c.so
[2.232s] -- Up-to-date: /home/yueju/led/install/interface/lib/libinterface__rosidl_typesupport_c.so
[2.232s] -- Up-to-date: /home/yueju/led/install/interface/include/interface/interface
[2.233s] -- Up-to-date: /home/yueju/led/install/interface/include/interface/interface/srv
[2.233s] -- Up-to-date: /home/yueju/led/install/interface/include/interface/interface/srv/detail
[2.233s] -- Up-to-date: /home/yueju/led/install/interface/include/interface/interface/srv/detail/set_led__struct.hpp
[2.233s] -- Up-to-date: /home/yueju/led/install/interface/include/interface/interface/srv/detail/set_led__builder.hpp
[2.234s] -- Up-to-date: /home/yueju/led/install/interface/include/interface/interface/srv/detail/set_led__traits.hpp
[2.234s] -- Up-to-date: /home/yueju/led/install/interface/include/interface/interface/srv/set_led.hpp
[2.234s] -- Up-to-date: /home/yueju/led/install/interface/include/interface/interface/msg
[2.234s] -- Up-to-date: /home/yueju/led/install/interface/include/interface/interface/msg/detail
[2.234s] -- Up-to-date: /home/yueju/led/install/interface/include/interface/interface/msg/detail/led__struct.hpp
[2.234s] -- Up-to-date: /home/yueju/led/install/interface/include/interface/interface/msg/detail/led__builder.hpp
[2.234s] -- Up-to-date: /home/yueju/led/install/interface/include/interface/interface/msg/detail/led__traits.hpp
[2.235s] -- Up-to-date: /home/yueju/led/install/interface/include/interface/interface/msg/led.hpp
[2.235s] -- Up-to-date: /home/yueju/led/install/interface/include/interface/interface
[2.235s] -- Up-to-date: /home/yueju/led/install/interface/include/interface/interface/srv
[2.235s] -- Up-to-date: /home/yueju/led/install/interface/include/interface/interface/srv/detail
[2.235s] -- Up-to-date: /home/yueju/led/install/interface/include/interface/interface/srv/detail/dds_fastrtps
[2.235s] -- Up-to-date: /home/yueju/led/install/interface/include/interface/interface/srv/detail/set_led__rosidl_typesupport_fastrtps_cpp.hpp
[2.235s] -- Up-to-date: /home/yueju/led/install/interface/include/interface/interface/msg
[2.235s] -- Up-to-date: /home/yueju/led/install/interface/include/interface/interface/msg/rosidl_typesupport_fastrtps_cpp__visibility_control.h
[2.235s] -- Up-to-date: /home/yueju/led/install/interface/include/interface/interface/msg/detail
[2.235s] -- Up-to-date: /home/yueju/led/install/interface/include/interface/interface/msg/detail/dds_fastrtps
[2.236s] -- Up-to-date: /home/yueju/led/install/interface/include/interface/interface/msg/detail/led__rosidl_typesupport_fastrtps_cpp.hpp
[2.236s] -- Up-to-date: /home/yueju/led/install/interface/lib/libinterface__rosidl_typesupport_fastrtps_cpp.so
[2.236s] -- Up-to-date: /home/yueju/led/install/interface/include/interface/interface
[2.236s] -- Up-to-date: /home/yueju/led/install/interface/include/interface/interface/srv
[2.236s] -- Up-to-date: /home/yueju/led/install/interface/include/interface/interface/srv/detail
[2.236s] -- Up-to-date: /home/yueju/led/install/interface/include/interface/interface/srv/detail/set_led__type_support.cpp
[2.236s] -- Up-to-date: /home/yueju/led/install/interface/include/interface/interface/srv/detail/set_led__rosidl_typesupport_introspection_cpp.hpp
[2.236s] -- Up-to-date: /home/yueju/led/install/interface/include/interface/interface/msg
[2.237s] -- Up-to-date: /home/yueju/led/install/interface/include/interface/interface/msg/detail
[2.237s] -- Up-to-date: /home/yueju/led/install/interface/include/interface/interface/msg/detail/led__rosidl_typesupport_introspection_cpp.hpp
[2.237s] -- Up-to-date: /home/yueju/led/install/interface/include/interface/interface/msg/detail/led__type_support.cpp
[2.237s] -- Up-to-date: /home/yueju/led/install/interface/lib/libinterface__rosidl_typesupport_introspection_cpp.so
[2.237s] -- Up-to-date: /home/yueju/led/install/interface/lib/libinterface__rosidl_typesupport_cpp.so
[2.237s] -- Up-to-date: /home/yueju/led/install/interface/share/interface/environment/pythonpath.sh
[2.237s] -- Up-to-date: /home/yueju/led/install/interface/share/interface/environment/pythonpath.dsv
[2.238s] -- Up-to-date: /home/yueju/led/install/interface/local/lib/python3.10/dist-packages/interface-0.0.0-py3.10.egg-info
[2.238s] -- Installing: /home/yueju/led/install/interface/local/lib/python3.10/dist-packages/interface-0.0.0-py3.10.egg-info/top_level.txt
[2.238s] -- Installing: /home/yueju/led/install/interface/local/lib/python3.10/dist-packages/interface-0.0.0-py3.10.egg-info/SOURCES.txt
[2.238s] -- Installing: /home/yueju/led/install/interface/local/lib/python3.10/dist-packages/interface-0.0.0-py3.10.egg-info/PKG-INFO
[2.238s] -- Installing: /home/yueju/led/install/interface/local/lib/python3.10/dist-packages/interface-0.0.0-py3.10.egg-info/dependency_links.txt
[2.238s] -- Up-to-date: /home/yueju/led/install/interface/local/lib/python3.10/dist-packages/interface
[2.238s] -- Up-to-date: /home/yueju/led/install/interface/local/lib/python3.10/dist-packages/interface/_interface_s.ep.rosidl_typesupport_c.c
[2.238s] -- Up-to-date: /home/yueju/led/install/interface/local/lib/python3.10/dist-packages/interface/interface_s__rosidl_typesupport_c.cpython-310-x86_64-linux-gnu.so
[2.238s] -- Up-to-date: /home/yueju/led/install/interface/local/lib/python3.10/dist-packages/interface/libinterface__rosidl_generator_py.so
[2.239s] -- Up-to-date: /home/yueju/led/install/interface/local/lib/python3.10/dist-packages/interface/srv
[2.239s] -- Up-to-date: /home/yueju/led/install/interface/local/lib/python3.10/dist-packages/interface/srv/_set_led_s.c
[2.239s] -- Up-to-date: /home/yueju/led/install/interface/local/lib/python3.10/dist-packages/interface/srv/__init__.py
[2.239s] -- Up-to-date: /home/yueju/led/install/interface/local/lib/python3.10/dist-packages/interface/srv/_set_led.py
[2.239s] -- Up-to-date: /home/yueju/led/install/interface/local/lib/python3.10/dist-packages/interface/_interface_s.ep.rosidl_typesupport_fastrtps_c.c
[2.239s] -- Up-to-date: /home/yueju/led/install/interface/local/lib/python3.10/dist-packages/interface/msg
[2.239s] -- Up-to-date: /home/yueju/led/install/interface/local/lib/python3.10/dist-packages/interface/msg/_led.py
[2.239s] -- Up-to-date: /home/yueju/led/install/interface/local/lib/python3.10/dist-packages/interface/msg/__init__.py
[2.239s] -- Up-to-date: /home/yueju/led/install/interface/local/lib/python3.10/dist-packages/interface/msg/_led_s.c
[2.239s] -- Up-to-date: /home/yueju/led/install/interface/local/lib/python3.10/dist-packages/interface/_interface_s.ep.rosidl_typesupport_introspection_c.c
[2.240s] -- Up-to-date: /home/yueju/led/install/interface/local/lib/python3.10/dist-packages/interface/interface_s__rosidl_typesupport_fastrtps_c.cpython-310-x86_64-linux-gnu.so
[2.240s] -- Up-to-date: /home/yueju/led/install/interface/local/lib/python3.10/dist-packages/interface/interface_s__rosidl_typesupport_introspection_c.cpython-310-x86_64-linux-gnu.so
[2.240s] -- Up-to-date: /home/yueju/led/install/interface/local/lib/python3.10/dist-packages/interface/__init__.py
[2.273s] Listing '/home/yueju/led/install/interface/local/lib/python3.10/dist-packages/interface'...
[2.273s] Listing '/home/yueju/led/install/interface/local/lib/python3.10/dist-packages/interface/msg'...
[2.273s] Listing '/home/yueju/led/install/interface/local/lib/python3.10/dist-packages/interface/srv'...
[2.278s] -- Up-to-date: /home/yueju/led/install/interface/local/lib/python3.10/dist-packages/interface/interface_s__rosidl_typesupport_fastrtps_c.cpython-310-x86_64-linux-gnu.so
[2.279s] -- Up-to-date: /home/yueju/led/install/interface/local/lib/python3.10/dist-packages/interface/interface_s__rosidl_typesupport_introspection_c.cpython-310-x86_64-linux-gnu.so
[2.295s] -- Up-to-date: /home/yueju/led/install/interface/local/lib/python3.10/dist-packages/interface/interface_s__rosidl_typesupport_c.cpython-310-x86_64-linux-gnu.so
[2.298s] -- Up-to-date: /home/yueju/led/install/interface/lib/libinterface__rosidl_generator_py.so
[2.299s] -- Up-to-date: /home/yueju/led/install/interface/share/interface/msg/Led.idl
[2.299s] -- Up-to-date: /home/yueju/led/install/interface/share/interface/srv/SetLed.idl
[2.300s] -- Up-to-date: /home/yueju/led/install/interface/share/interface/msg/Led.msg
[2.301s] -- Up-to-date: /home/yueju/led/install/interface/share/interface/srv/SetLed.srv
[2.302s] -- Up-to-date: /home/yueju/led/install/interface/share/interface/srv/SetLed_Request.msg
[2.302s] -- Up-to-date: /home/yueju/led/install/interface/share/interface/srv/SetLed_Response.msg
[2.303s] -- Up-to-date: /home/yueju/led/install/interface/share/ament_index/resource_index/package_run_dependencies/interface
[2.303s] -- Up-to-date: /home/yueju/led/install/interface/share/ament_index/resource_index/parent_prefix_path/interface
[2.304s] -- Up-to-date: /home/yueju/led/install/interface/share/interface/environment/ament_prefix_path.sh
[2.304s] -- Up-to-date: /home/yueju/led/install/interface/share/interface/environment/ament_prefix_path.dsv
[2.304s] -- Up-to-date: /home/yueju/led/install/interface/share/interface/environment/path.sh
[2.305s] -- Up-to-date: /home/yueju/led/install/interface/share/interface/environment/path.dsv
[2.305s] -- Up-to-date: /home/yueju/led/install/interface/share/interface/local_setup.bash
[2.305s] -- Up-to-date: /home/yueju/led/install/interface/share/interface/local_setup.sh
[2.305s] -- Up-to-date: /home/yueju/led/install/interface/share/interface/local_setup.zsh
[2.306s] -- Up-to-date: /home/yueju/led/install/interface/share/interface/local_setup.dsv
[2.306s] -- Installing: /home/yueju/led/install/interface/share/interface/package.dsv
[2.313s] -- Up-to-date: /home/yueju/led/install/interface/share/ament_index/resource_index/packages/interface
[2.328s] -- Up-to-date: /home/yueju/led/install/interface/share/interface/cmake/export_interface__rosidl_generator_cExport.cmake
[2.328s] -- Up-to-date: /home/yueju/led/install/interface/share/interface/cmake/export_interface__rosidl_generator_cExport-noconfig.cmake
[2.329s] -- Up-to-date: /home/yueju/led/install/interface/share/interface/cmake/export_interface__rosidl_typesupport_fastrtps_cExport.cmake
[2.329s] -- Up-to-date: /home/yueju/led/install/interface/share/interface/cmake/export_interface__rosidl_typesupport_fastrtps_cExport-noconfig.cmake
[2.346s] -- Up-to-date: /home/yueju/led/install/interface/share/interface/cmake/interface__rosidl_typesupport_introspection_cExport.cmake
[2.346s] -- Up-to-date: /home/yueju/led/install/interface/share/interface/cmake/interface__rosidl_typesupport_introspection_cExport-noconfig.cmake
[2.347s] -- Up-to-date: /home/yueju/led/install/interface/share/interface/cmake/interface__rosidl_typesupport_cExport.cmake
[2.347s] -- Up-to-date: /home/yueju/led/install/interface/share/interface/cmake/interface__rosidl_typesupport_cExport-noconfig.cmake
[2.347s] -- Up-to-date: /home/yueju/led/install/interface/share/interface/cmake/export_interface__rosidl_generator_cppExport.cmake
[2.349s] -- Up-to-date: /home/yueju/led/install/interface/share/interface/cmake/export_interface__rosidl_typesupport_fastrtps_cppExport.cmake
[2.350s] -- Up-to-date: /home/yueju/led/install/interface/share/interface/cmake/export_interface__rosidl_typesupport_fastrtps_cppExport-noconfig.cmake
[2.350s] -- Up-to-date: /home/yueju/led/install/interface/share/interface/cmake/interface__rosidl_typesupport_introspection_cppExport.cmake
[2.351s] -- Up-to-date: /home/yueju/led/install/interface/share/interface/cmake/interface__rosidl_typesupport_introspection_cppExport-noconfig.cmake
[2.351s] -- Up-to-date: /home/yueju/led/install/interface/share/interface/cmake/interface__rosidl_typesupport_cppExport.cmake
[2.351s] -- Up-to-date: /home/yueju/led/install/interface/share/interface/cmake/interface__rosidl_typesupport_cppExport-noconfig.cmake
[2.352s] -- Up-to-date: /home/yueju/led/install/interface/share/interface/cmake/export_interface__rosidl_generator_pyExport.cmake
[2.353s] -- Up-to-date: /home/yueju/led/install/interface/share/interface/cmake/export_interface__rosidl_generator_pyExport-noconfig.cmake
[2.353s] -- Up-to-date: /home/yueju/led/install/interface/share/interface/cmake/rosidl_cmake-extras.cmake
[2.353s] -- Up-to-date: /home/yueju/led/install/interface/share/interface/cmake/ament_cmake_export_include_directories-extras.cmake
[2.353s] -- Up-to-date: /home/yueju/led/install/interface/share/interface/cmake/ament_cmake_export_libraries-extras.cmake
[2.353s] -- Up-to-date: /home/yueju/led/install/interface/share/interface/cmake/ament_cmake_export_targets-extras.cmake
[2.354s] -- Up-to-date: /home/yueju/led/install/interface/share/interface/cmake/rosidl_cmake_export_typesupport_targets-extras.cmake
[2.354s] -- Up-to-date: /home/yueju/led/install/interface/share/interface/cmake/ament_cmake_export_dependencies-extras.cmake
[2.354s] -- Up-to-date: /home/yueju/led/install/interface/share/interface/cmake/rosidl_cmake_export_typesupport_libraries-extras.cmake
[2.354s] -- Up-to-date: /home/yueju/led/install/interface/share/interface/cmake/interfaceConfig.cmake
[2.354s] -- Up-to-date: /home/yueju/led/install/interface/share/interface/cmake/interfaceConfig-version.cmake
[2.354s] -- Up-to-date: /home/yueju/led/install/interface/share/interface/package.xml
[2.356s] Invoked command in '/home/yueju/led/build/interface' returned '0': CMAKE_PREFIX_PATH=/opt/ros/humble /usr/bin/cmake --install /home/yueju/led/build/interface
