[2.031s] Invoking command in '/home/yueju/led/src/battery_node': PYTHONPATH=/home/yueju/led/build/battery_node/prefix_override:/home/yueju/led/install/battery_node/lib/python3.10/site-packages:${PYTHONPATH} /usr/bin/python3 setup.py egg_info --egg-base ../../build/battery_node build --build-base /home/yueju/led/build/battery_node/build install --record /home/yueju/led/build/battery_node/install.log --single-version-externally-managed
[2.298s] running egg_info
[2.298s] writing ../../build/battery_node/battery_node.egg-info/PKG-INFO
[2.299s] writing dependency_links to ../../build/battery_node/battery_node.egg-info/dependency_links.txt
[2.299s] writing entry points to ../../build/battery_node/battery_node.egg-info/entry_points.txt
[2.299s] writing requirements to ../../build/battery_node/battery_node.egg-info/requires.txt
[2.300s] writing top-level names to ../../build/battery_node/battery_node.egg-info/top_level.txt
[2.310s] reading manifest file '../../build/battery_node/battery_node.egg-info/SOURCES.txt'
[2.324s] writing manifest file '../../build/battery_node/battery_node.egg-info/SOURCES.txt'
[2.324s] running build
[2.324s] running build_py
[2.325s] running install
[2.325s] running install_lib
[2.327s] byte-compiling /home/yueju/led/install/battery_node/lib/python3.10/site-packages/battery_node/node_battery.py to node_battery.cpython-310.pyc
[2.328s]   File "/home/yueju/led/install/battery_node/lib/python3.10/site-packages/battery_node/node_battery.py", line 15
[2.328s]     request=SetLed. 
[2.328s]                     ^
[2.328s] SyntaxError: invalid syntax
[2.329s] 
[2.329s] running install_data
[2.329s] running install_egg_info
[2.331s] removing '/home/yueju/led/install/battery_node/lib/python3.10/site-packages/battery_node-0.0.0-py3.10.egg-info' (and everything under it)
[2.332s] Copying ../../build/battery_node/battery_node.egg-info to /home/yueju/led/install/battery_node/lib/python3.10/site-packages/battery_node-0.0.0-py3.10.egg-info
[2.341s] running install_scripts
[2.361s] Installing node_battery script to /home/yueju/led/install/battery_node/lib/battery_node
[2.362s] Installing node_led script to /home/yueju/led/install/battery_node/lib/battery_node
[2.363s] writing list of installed files to '/home/yueju/led/build/battery_node/install.log'
[2.391s] Invoked command in '/home/yueju/led/src/battery_node' returned '0': PYTHONPATH=/home/yueju/led/build/battery_node/prefix_override:/home/yueju/led/install/battery_node/lib/python3.10/site-packages:${PYTHONPATH} /usr/bin/python3 setup.py egg_info --egg-base ../../build/battery_node build --build-base /home/yueju/led/build/battery_node/build install --record /home/yueju/led/build/battery_node/install.log --single-version-externally-managed
