[0.057s] Invoking command in '/home/yueju/led/build/pm_client': AMENT_PREFIX_PATH=/home/yueju/led/install/open62541:${AMENT_PREFIX_PATH} CMAKE_PREFIX_PATH=/home/yueju/led/install/open62541:/opt/ros/humble LD_LIBRARY_PATH=/home/yueju/led/install/open62541/lib:${LD_LIBRARY_PATH} /usr/bin/cmake --build /home/yueju/led/build/pm_client -- -j8 -l8
[0.363s] [100%] Built target pm_client
[0.375s] Invoked command in '/home/yueju/led/build/pm_client' returned '0': AMENT_PREFIX_PATH=/home/yueju/led/install/open62541:${AMENT_PREFIX_PATH} CMAKE_PREFIX_PATH=/home/yueju/led/install/open62541:/opt/ros/humble LD_LIBRARY_PATH=/home/yueju/led/install/open62541/lib:${LD_LIBRARY_PATH} /usr/bin/cmake --build /home/yueju/led/build/pm_client -- -j8 -l8
[0.405s] Invoking command in '/home/yueju/led/build/pm_client': AMENT_PREFIX_PATH=/home/yueju/led/install/open62541:${AMENT_PREFIX_PATH} CMAKE_PREFIX_PATH=/home/yueju/led/install/open62541:/opt/ros/humble LD_LIBRARY_PATH=/home/yueju/led/install/open62541/lib:${LD_LIBRARY_PATH} /usr/bin/cmake --install /home/yueju/led/build/pm_client
[0.415s] -- Install configuration: ""
[0.416s] -- Up-to-date: /home/yueju/led/install/pm_client/share/pm_client/environment/library_path.sh
[0.416s] -- Up-to-date: /home/yueju/led/install/pm_client/share/pm_client/environment/library_path.dsv
[0.416s] -- Up-to-date: /home/yueju/led/install/pm_client/include
[0.416s] -- Up-to-date: /home/yueju/led/install/pm_client/include/pm_client
[0.416s] -- Up-to-date: /home/yueju/led/install/pm_client/include/pm_client/aerotech_axis.hpp
[0.416s] -- Up-to-date: /home/yueju/led/install/pm_client/include/pm_client/robot.hpp
[0.417s] -- Up-to-date: /home/yueju/led/install/pm_client/include/pm_client/client.hpp
[0.417s] -- Up-to-date: /home/yueju/led/install/pm_client/lib/libpm_client.a
[0.438s] -- Up-to-date: /home/yueju/led/install/pm_client/share/ament_index/resource_index/package_run_dependencies/pm_client
[0.441s] -- Up-to-date: /home/yueju/led/install/pm_client/share/ament_index/resource_index/parent_prefix_path/pm_client
[0.441s] -- Up-to-date: /home/yueju/led/install/pm_client/share/pm_client/environment/ament_prefix_path.sh
[0.442s] -- Up-to-date: /home/yueju/led/install/pm_client/share/pm_client/environment/ament_prefix_path.dsv
[0.442s] -- Up-to-date: /home/yueju/led/install/pm_client/share/pm_client/environment/path.sh
[0.442s] -- Up-to-date: /home/yueju/led/install/pm_client/share/pm_client/environment/path.dsv
[0.442s] -- Up-to-date: /home/yueju/led/install/pm_client/share/pm_client/local_setup.bash
[0.442s] -- Up-to-date: /home/yueju/led/install/pm_client/share/pm_client/local_setup.sh
[0.442s] -- Up-to-date: /home/yueju/led/install/pm_client/share/pm_client/local_setup.zsh
[0.442s] -- Up-to-date: /home/yueju/led/install/pm_client/share/pm_client/local_setup.dsv
[0.443s] -- Installing: /home/yueju/led/install/pm_client/share/pm_client/package.dsv
[0.456s] -- Up-to-date: /home/yueju/led/install/pm_client/share/ament_index/resource_index/packages/pm_client
[0.518s] -- Up-to-date: /home/yueju/led/install/pm_client/share/pm_client/cmake/pm_clientExport.cmake
[0.519s] -- Up-to-date: /home/yueju/led/install/pm_client/share/pm_client/cmake/pm_clientExport-noconfig.cmake
[0.519s] -- Up-to-date: /home/yueju/led/install/pm_client/share/pm_client/cmake/ament_cmake_export_targets-extras.cmake
[0.519s] -- Up-to-date: /home/yueju/led/install/pm_client/share/pm_client/cmake/ament_cmake_export_dependencies-extras.cmake
[0.519s] -- Up-to-date: /home/yueju/led/install/pm_client/share/pm_client/cmake/pm_clientConfig.cmake
[0.519s] -- Up-to-date: /home/yueju/led/install/pm_client/share/pm_client/cmake/pm_clientConfig-version.cmake
[0.519s] -- Up-to-date: /home/yueju/led/install/pm_client/share/pm_client/package.xml
[0.523s] Invoked command in '/home/yueju/led/build/pm_client' returned '0': AMENT_PREFIX_PATH=/home/yueju/led/install/open62541:${AMENT_PREFIX_PATH} CMAKE_PREFIX_PATH=/home/yueju/led/install/open62541:/opt/ros/humble LD_LIBRARY_PATH=/home/yueju/led/install/open62541/lib:${LD_LIBRARY_PATH} /usr/bin/cmake --install /home/yueju/led/build/pm_client
