[0.401s] Invoking command in '/home/pmlab/yueju2/build/open_cv': PYTHONPATH=/home/pmlab/yueju2/build/open_cv/prefix_override:/home/pmlab/yueju2/install/open_cv/lib/python3.10/site-packages:${PYTHONPATH} /usr/bin/python3 setup.py develop --uninstall --editable --build-directory /home/pmlab/yueju2/build/open_cv/build
[0.567s] running develop
[0.570s] /usr/lib/python3/dist-packages/setuptools/command/easy_install.py:158: EasyInstallDeprecationWarning: easy_install command is deprecated. Use build and pip and other standards-based tools.
[0.570s]   warnings.warn(
[0.571s] /usr/lib/python3/dist-packages/setuptools/command/install.py:34: SetuptoolsDeprecationWarning: setup.py install is deprecated. Use build and pip and other standards-based tools.
[0.571s]   warnings.warn(
[0.611s] /usr/lib/python3/dist-packages/pkg_resources/__init__.py:116: PkgResourcesDeprecationWarning: 1.16.0-unknown is an invalid version and will not be supported in a future release
[0.611s]   warnings.warn(
[0.611s] /usr/lib/python3/dist-packages/pkg_resources/__init__.py:116: PkgResourcesDeprecationWarning: 0.1.43ubuntu1 is an invalid version and will not be supported in a future release
[0.611s]   warnings.warn(
[0.611s] /usr/lib/python3/dist-packages/pkg_resources/__init__.py:116: PkgResourcesDeprecationWarning: 1.1build1 is an invalid version and will not be supported in a future release
[0.611s]   warnings.warn(
[0.690s] Removing /home/pmlab/yueju2/install/open_cv/lib/python3.10/site-packages/open-cv.egg-link (link to .)
[0.706s] Invoked command in '/home/pmlab/yueju2/build/open_cv' returned '0': PYTHONPATH=/home/pmlab/yueju2/build/open_cv/prefix_override:/home/pmlab/yueju2/install/open_cv/lib/python3.10/site-packages:${PYTHONPATH} /usr/bin/python3 setup.py develop --uninstall --editable --build-directory /home/pmlab/yueju2/build/open_cv/build
[0.707s] Invoking command in '/home/pmlab/yueju2/open_cv': PYTHONPATH=/home/pmlab/yueju2/build/open_cv/prefix_override:/home/pmlab/yueju2/install/open_cv/lib/python3.10/site-packages:${PYTHONPATH} /usr/bin/python3 setup.py egg_info --egg-base ../build/open_cv build --build-base /home/pmlab/yueju2/build/open_cv/build install --record /home/pmlab/yueju2/build/open_cv/install.log --single-version-externally-managed
[0.862s] running egg_info
[0.862s] writing ../build/open_cv/open_cv.egg-info/PKG-INFO
[0.862s] writing dependency_links to ../build/open_cv/open_cv.egg-info/dependency_links.txt
[0.862s] writing entry points to ../build/open_cv/open_cv.egg-info/entry_points.txt
[0.862s] writing requirements to ../build/open_cv/open_cv.egg-info/requires.txt
[0.862s] writing top-level names to ../build/open_cv/open_cv.egg-info/top_level.txt
[0.863s] reading manifest file '../build/open_cv/open_cv.egg-info/SOURCES.txt'
[0.864s] writing manifest file '../build/open_cv/open_cv.egg-info/SOURCES.txt'
[0.864s] running build
[0.864s] running build_py
[0.864s] copying open_cv/op.py -> /home/pmlab/yueju2/build/open_cv/build/lib/open_cv
[0.865s] copying open_cv/auto_center.py -> /home/pmlab/yueju2/build/open_cv/build/lib/open_cv
[0.865s] copying open_cv/4.py -> /home/pmlab/yueju2/build/open_cv/build/lib/open_cv
[0.865s] copying open_cv/x.py -> /home/pmlab/yueju2/build/open_cv/build/lib/open_cv
[0.865s] copying open_cv/2.py -> /home/pmlab/yueju2/build/open_cv/build/lib/open_cv
[0.865s] copying open_cv/image_detec.py -> /home/pmlab/yueju2/build/open_cv/build/lib/open_cv
[0.865s] copying open_cv/vergleich.py -> /home/pmlab/yueju2/build/open_cv/build/lib/open_cv
[0.865s] copying open_cv/image_processing.py -> /home/pmlab/yueju2/build/open_cv/build/lib/open_cv
[0.865s] copying open_cv/auto_centering.py -> /home/pmlab/yueju2/build/open_cv/build/lib/open_cv
[0.865s] running install
[0.865s] /usr/lib/python3/dist-packages/setuptools/command/install.py:34: SetuptoolsDeprecationWarning: setup.py install is deprecated. Use build and pip and other standards-based tools.
[0.866s]   warnings.warn(
[0.866s] running install_lib
[0.866s] copying /home/pmlab/yueju2/build/open_cv/build/lib/open_cv/op.py -> /home/pmlab/yueju2/install/open_cv/lib/python3.10/site-packages/open_cv
[0.866s] copying /home/pmlab/yueju2/build/open_cv/build/lib/open_cv/auto_center.py -> /home/pmlab/yueju2/install/open_cv/lib/python3.10/site-packages/open_cv
[0.866s] copying /home/pmlab/yueju2/build/open_cv/build/lib/open_cv/6.py -> /home/pmlab/yueju2/install/open_cv/lib/python3.10/site-packages/open_cv
[0.866s] copying /home/pmlab/yueju2/build/open_cv/build/lib/open_cv/4.py -> /home/pmlab/yueju2/install/open_cv/lib/python3.10/site-packages/open_cv
[0.866s] copying /home/pmlab/yueju2/build/open_cv/build/lib/open_cv/x.py -> /home/pmlab/yueju2/install/open_cv/lib/python3.10/site-packages/open_cv
[0.866s] copying /home/pmlab/yueju2/build/open_cv/build/lib/open_cv/__init__.py -> /home/pmlab/yueju2/install/open_cv/lib/python3.10/site-packages/open_cv
[0.866s] copying /home/pmlab/yueju2/build/open_cv/build/lib/open_cv/2.py -> /home/pmlab/yueju2/install/open_cv/lib/python3.10/site-packages/open_cv
[0.866s] copying /home/pmlab/yueju2/build/open_cv/build/lib/open_cv/image_detec.py -> /home/pmlab/yueju2/install/open_cv/lib/python3.10/site-packages/open_cv
[0.867s] copying /home/pmlab/yueju2/build/open_cv/build/lib/open_cv/vergleich.py -> /home/pmlab/yueju2/install/open_cv/lib/python3.10/site-packages/open_cv
[0.867s] copying /home/pmlab/yueju2/build/open_cv/build/lib/open_cv/image_processing.py -> /home/pmlab/yueju2/install/open_cv/lib/python3.10/site-packages/open_cv
[0.867s] copying /home/pmlab/yueju2/build/open_cv/build/lib/open_cv/auto_centering.py -> /home/pmlab/yueju2/install/open_cv/lib/python3.10/site-packages/open_cv
[0.867s] byte-compiling /home/pmlab/yueju2/install/open_cv/lib/python3.10/site-packages/open_cv/op.py to op.cpython-310.pyc
[0.867s] byte-compiling /home/pmlab/yueju2/install/open_cv/lib/python3.10/site-packages/open_cv/auto_center.py to auto_center.cpython-310.pyc
[0.868s] byte-compiling /home/pmlab/yueju2/install/open_cv/lib/python3.10/site-packages/open_cv/6.py to 6.cpython-310.pyc
[0.868s] Sorry: IndentationError: unexpected indent (6.py, line 27)
[0.868s] byte-compiling /home/pmlab/yueju2/install/open_cv/lib/python3.10/site-packages/open_cv/4.py to 4.cpython-310.pyc
[0.868s] byte-compiling /home/pmlab/yueju2/install/open_cv/lib/python3.10/site-packages/open_cv/x.py to x.cpython-310.pyc
[0.869s] byte-compiling /home/pmlab/yueju2/install/open_cv/lib/python3.10/site-packages/open_cv/__init__.py to __init__.cpython-310.pyc
[0.869s] byte-compiling /home/pmlab/yueju2/install/open_cv/lib/python3.10/site-packages/open_cv/2.py to 2.cpython-310.pyc
[0.869s] byte-compiling /home/pmlab/yueju2/install/open_cv/lib/python3.10/site-packages/open_cv/image_detec.py to image_detec.cpython-310.pyc
[0.869s] byte-compiling /home/pmlab/yueju2/install/open_cv/lib/python3.10/site-packages/open_cv/vergleich.py to vergleich.cpython-310.pyc
[0.870s] byte-compiling /home/pmlab/yueju2/install/open_cv/lib/python3.10/site-packages/open_cv/image_processing.py to image_processing.cpython-310.pyc
[0.870s] byte-compiling /home/pmlab/yueju2/install/open_cv/lib/python3.10/site-packages/open_cv/auto_centering.py to auto_centering.cpython-310.pyc
[0.870s] running install_data
[0.871s] running install_egg_info
[0.872s] Copying ../build/open_cv/open_cv.egg-info to /home/pmlab/yueju2/install/open_cv/lib/python3.10/site-packages/open_cv-0.0.0-py3.10.egg-info
[0.873s] running install_scripts
[0.886s] Installing auto_centering script to /home/pmlab/yueju2/install/open_cv/lib/open_cv
[0.886s] Installing image_processing script to /home/pmlab/yueju2/install/open_cv/lib/open_cv
[0.886s] writing list of installed files to '/home/pmlab/yueju2/build/open_cv/install.log'
[0.900s] Invoked command in '/home/pmlab/yueju2/open_cv' returned '0': PYTHONPATH=/home/pmlab/yueju2/build/open_cv/prefix_override:/home/pmlab/yueju2/install/open_cv/lib/python3.10/site-packages:${PYTHONPATH} /usr/bin/python3 setup.py egg_info --egg-base ../build/open_cv build --build-base /home/pmlab/yueju2/build/open_cv/build install --record /home/pmlab/yueju2/build/open_cv/install.log --single-version-externally-managed
