[0.283s] Invoking command in '/home/yueju/led/build/interface': CMAKE_PREFIX_PATH=/opt/ros/humble /usr/bin/cmake --build /home/yueju/led/build/interface -- -j8 -l8
[0.322s] [35m[1mConsolidate compiler generated dependencies of target interface__rosidl_generator_c[0m
[0.330s] [  2%] Built target interface__cpp
[0.335s] [ 12%] Built target interface__rosidl_generator_c
[0.343s] [ 12%] Built target ament_cmake_python_copy_interface
[0.349s] [35m[1mConsolidate compiler generated dependencies of target interface__rosidl_typesupport_cpp[0m
[0.350s] [35m[1mConsolidate compiler generated dependencies of target interface__rosidl_typesupport_introspection_cpp[0m
[0.350s] [35m[1mConsolidate compiler generated dependencies of target interface__rosidl_typesupport_fastrtps_cpp[0m
[0.350s] [35m[1mConsolidate compiler generated dependencies of target interface__rosidl_typesupport_introspection_c[0m
[0.350s] [35m[1mConsolidate compiler generated dependencies of target interface__rosidl_typesupport_c[0m
[0.356s] [35m[1mConsolidate compiler generated dependencies of target interface__rosidl_typesupport_fastrtps_c[0m
[0.365s] [ 23%] Built target interface__rosidl_typesupport_introspection_c
[0.365s] [ 33%] Built target interface__rosidl_typesupport_cpp
[0.367s] [ 43%] Built target interface__rosidl_typesupport_c
[0.368s] [ 53%] Built target interface__rosidl_typesupport_fastrtps_cpp
[0.372s] [ 64%] Built target interface__rosidl_typesupport_introspection_cpp
[0.375s] [ 74%] Built target interface__rosidl_typesupport_fastrtps_c
[0.395s] [ 74%] Built target interface
[0.417s] [ 76%] Built target interface__py
[0.427s] [35m[1mConsolidate compiler generated dependencies of target interface__rosidl_generator_py[0m
[0.444s] [ 84%] Built target interface__rosidl_generator_py
[0.459s] [35m[1mConsolidate compiler generated dependencies of target interface__rosidl_typesupport_introspection_c__pyext[0m
[0.459s] [35m[1mConsolidate compiler generated dependencies of target interface__rosidl_typesupport_c__pyext[0m
[0.460s] [35m[1mConsolidate compiler generated dependencies of target interface__rosidl_typesupport_fastrtps_c__pyext[0m
[0.478s] [ 89%] Built target interface__rosidl_typesupport_c__pyext
[0.479s] [ 94%] Built target interface__rosidl_typesupport_introspection_c__pyext
[0.481s] [100%] Built target interface__rosidl_typesupport_fastrtps_c__pyext
[0.723s] running egg_info
[0.724s] writing interface.egg-info/PKG-INFO
[0.724s] writing dependency_links to interface.egg-info/dependency_links.txt
[0.724s] writing top-level names to interface.egg-info/top_level.txt
[0.726s] reading manifest file 'interface.egg-info/SOURCES.txt'
[0.727s] writing manifest file 'interface.egg-info/SOURCES.txt'
[0.754s] [100%] Built target ament_cmake_python_build_interface_egg
[0.766s] Invoked command in '/home/yueju/led/build/interface' returned '0': CMAKE_PREFIX_PATH=/opt/ros/humble /usr/bin/cmake --build /home/yueju/led/build/interface -- -j8 -l8
[0.851s] Invoking command in '/home/yueju/led/build/interface': CMAKE_PREFIX_PATH=/opt/ros/humble /usr/bin/cmake --install /home/yueju/led/build/interface
[0.858s] -- Install configuration: ""
[0.858s] -- Up-to-date: /home/yueju/led/install/interface/share/ament_index/resource_index/rosidl_interfaces/interface
[0.858s] -- Up-to-date: /home/yueju/led/install/interface/include/interface/interface
[0.859s] -- Up-to-date: /home/yueju/led/install/interface/include/interface/interface/srv
[0.859s] -- Up-to-date: /home/yueju/led/install/interface/include/interface/interface/srv/detail
[0.859s] -- Up-to-date: /home/yueju/led/install/interface/include/interface/interface/srv/detail/set_led__functions.h
[0.859s] -- Up-to-date: /home/yueju/led/install/interface/include/interface/interface/srv/detail/set_led__type_support.h
[0.860s] -- Up-to-date: /home/yueju/led/install/interface/include/interface/interface/srv/detail/set_led__functions.c
[0.860s] -- Up-to-date: /home/yueju/led/install/interface/include/interface/interface/srv/detail/set_led__struct.h
[0.860s] -- Up-to-date: /home/yueju/led/install/interface/include/interface/interface/srv/set_led.h
[0.860s] -- Up-to-date: /home/yueju/led/install/interface/include/interface/interface/msg
[0.860s] -- Up-to-date: /home/yueju/led/install/interface/include/interface/interface/msg/detail
[0.860s] -- Up-to-date: /home/yueju/led/install/interface/include/interface/interface/msg/detail/led__functions.h
[0.860s] -- Up-to-date: /home/yueju/led/install/interface/include/interface/interface/msg/detail/led__functions.c
[0.861s] -- Up-to-date: /home/yueju/led/install/interface/include/interface/interface/msg/detail/led__type_support.h
[0.861s] -- Up-to-date: /home/yueju/led/install/interface/include/interface/interface/msg/detail/led__struct.h
[0.861s] -- Up-to-date: /home/yueju/led/install/interface/include/interface/interface/msg/led.h
[0.861s] -- Up-to-date: /home/yueju/led/install/interface/include/interface/interface/msg/rosidl_generator_c__visibility_control.h
[0.861s] -- Up-to-date: /home/yueju/led/install/interface/share/interface/environment/library_path.sh
[0.861s] -- Up-to-date: /home/yueju/led/install/interface/share/interface/environment/library_path.dsv
[0.861s] -- Up-to-date: /home/yueju/led/install/interface/lib/libinterface__rosidl_generator_c.so
[0.861s] -- Up-to-date: /home/yueju/led/install/interface/include/interface/interface
[0.862s] -- Up-to-date: /home/yueju/led/install/interface/include/interface/interface/srv
[0.862s] -- Up-to-date: /home/yueju/led/install/interface/include/interface/interface/srv/detail
[0.862s] -- Up-to-date: /home/yueju/led/install/interface/include/interface/interface/srv/detail/set_led__rosidl_typesupport_fastrtps_c.h
[0.862s] -- Up-to-date: /home/yueju/led/install/interface/include/interface/interface/msg
[0.862s] -- Up-to-date: /home/yueju/led/install/interface/include/interface/interface/msg/detail
[0.862s] -- Up-to-date: /home/yueju/led/install/interface/include/interface/interface/msg/detail/led__rosidl_typesupport_fastrtps_c.h
[0.863s] -- Up-to-date: /home/yueju/led/install/interface/include/interface/interface/msg/rosidl_typesupport_fastrtps_c__visibility_control.h
[0.863s] -- Up-to-date: /home/yueju/led/install/interface/lib/libinterface__rosidl_typesupport_fastrtps_c.so
[0.863s] -- Up-to-date: /home/yueju/led/install/interface/include/interface/interface
[0.863s] -- Up-to-date: /home/yueju/led/install/interface/include/interface/interface/srv
[0.863s] -- Up-to-date: /home/yueju/led/install/interface/include/interface/interface/srv/detail
[0.863s] -- Up-to-date: /home/yueju/led/install/interface/include/interface/interface/srv/detail/set_led__type_support.c
[0.864s] -- Up-to-date: /home/yueju/led/install/interface/include/interface/interface/srv/detail/set_led__rosidl_typesupport_introspection_c.h
[0.864s] -- Up-to-date: /home/yueju/led/install/interface/include/interface/interface/msg
[0.864s] -- Up-to-date: /home/yueju/led/install/interface/include/interface/interface/msg/detail
[0.864s] -- Up-to-date: /home/yueju/led/install/interface/include/interface/interface/msg/detail/led__type_support.c
[0.864s] -- Up-to-date: /home/yueju/led/install/interface/include/interface/interface/msg/detail/led__rosidl_typesupport_introspection_c.h
[0.864s] -- Up-to-date: /home/yueju/led/install/interface/include/interface/interface/msg/rosidl_typesupport_introspection_c__visibility_control.h
[0.865s] -- Up-to-date: /home/yueju/led/install/interface/lib/libinterface__rosidl_typesupport_introspection_c.so
[0.865s] -- Up-to-date: /home/yueju/led/install/interface/lib/libinterface__rosidl_typesupport_c.so
[0.865s] -- Up-to-date: /home/yueju/led/install/interface/include/interface/interface
[0.865s] -- Up-to-date: /home/yueju/led/install/interface/include/interface/interface/srv
[0.865s] -- Up-to-date: /home/yueju/led/install/interface/include/interface/interface/srv/detail
[0.866s] -- Up-to-date: /home/yueju/led/install/interface/include/interface/interface/srv/detail/set_led__struct.hpp
[0.866s] -- Up-to-date: /home/yueju/led/install/interface/include/interface/interface/srv/detail/set_led__builder.hpp
[0.866s] -- Up-to-date: /home/yueju/led/install/interface/include/interface/interface/srv/detail/set_led__traits.hpp
[0.866s] -- Up-to-date: /home/yueju/led/install/interface/include/interface/interface/srv/set_led.hpp
[0.866s] -- Up-to-date: /home/yueju/led/install/interface/include/interface/interface/msg
[0.866s] -- Up-to-date: /home/yueju/led/install/interface/include/interface/interface/msg/detail
[0.866s] -- Up-to-date: /home/yueju/led/install/interface/include/interface/interface/msg/detail/led__struct.hpp
[0.867s] -- Up-to-date: /home/yueju/led/install/interface/include/interface/interface/msg/detail/led__builder.hpp
[0.867s] -- Up-to-date: /home/yueju/led/install/interface/include/interface/interface/msg/detail/led__traits.hpp
[0.867s] -- Up-to-date: /home/yueju/led/install/interface/include/interface/interface/msg/led.hpp
[0.867s] -- Up-to-date: /home/yueju/led/install/interface/include/interface/interface
[0.867s] -- Up-to-date: /home/yueju/led/install/interface/include/interface/interface/srv
[0.867s] -- Up-to-date: /home/yueju/led/install/interface/include/interface/interface/srv/detail
[0.867s] -- Up-to-date: /home/yueju/led/install/interface/include/interface/interface/srv/detail/dds_fastrtps
[0.867s] -- Up-to-date: /home/yueju/led/install/interface/include/interface/interface/srv/detail/set_led__rosidl_typesupport_fastrtps_cpp.hpp
[0.868s] -- Up-to-date: /home/yueju/led/install/interface/include/interface/interface/msg
[0.868s] -- Up-to-date: /home/yueju/led/install/interface/include/interface/interface/msg/rosidl_typesupport_fastrtps_cpp__visibility_control.h
[0.868s] -- Up-to-date: /home/yueju/led/install/interface/include/interface/interface/msg/detail
[0.868s] -- Up-to-date: /home/yueju/led/install/interface/include/interface/interface/msg/detail/dds_fastrtps
[0.868s] -- Up-to-date: /home/yueju/led/install/interface/include/interface/interface/msg/detail/led__rosidl_typesupport_fastrtps_cpp.hpp
[0.868s] -- Up-to-date: /home/yueju/led/install/interface/lib/libinterface__rosidl_typesupport_fastrtps_cpp.so
[0.869s] -- Up-to-date: /home/yueju/led/install/interface/include/interface/interface
[0.869s] -- Up-to-date: /home/yueju/led/install/interface/include/interface/interface/srv
[0.869s] -- Up-to-date: /home/yueju/led/install/interface/include/interface/interface/srv/detail
[0.869s] -- Up-to-date: /home/yueju/led/install/interface/include/interface/interface/srv/detail/set_led__type_support.cpp
[0.869s] -- Up-to-date: /home/yueju/led/install/interface/include/interface/interface/srv/detail/set_led__rosidl_typesupport_introspection_cpp.hpp
[0.869s] -- Up-to-date: /home/yueju/led/install/interface/include/interface/interface/msg
[0.869s] -- Up-to-date: /home/yueju/led/install/interface/include/interface/interface/msg/detail
[0.869s] -- Up-to-date: /home/yueju/led/install/interface/include/interface/interface/msg/detail/led__rosidl_typesupport_introspection_cpp.hpp
[0.870s] -- Up-to-date: /home/yueju/led/install/interface/include/interface/interface/msg/detail/led__type_support.cpp
[0.870s] -- Up-to-date: /home/yueju/led/install/interface/lib/libinterface__rosidl_typesupport_introspection_cpp.so
[0.870s] -- Up-to-date: /home/yueju/led/install/interface/lib/libinterface__rosidl_typesupport_cpp.so
[0.870s] -- Up-to-date: /home/yueju/led/install/interface/share/interface/environment/pythonpath.sh
[0.870s] -- Up-to-date: /home/yueju/led/install/interface/share/interface/environment/pythonpath.dsv
[0.870s] -- Up-to-date: /home/yueju/led/install/interface/local/lib/python3.10/dist-packages/interface-0.0.0-py3.10.egg-info
[0.870s] -- Installing: /home/yueju/led/install/interface/local/lib/python3.10/dist-packages/interface-0.0.0-py3.10.egg-info/top_level.txt
[0.870s] -- Installing: /home/yueju/led/install/interface/local/lib/python3.10/dist-packages/interface-0.0.0-py3.10.egg-info/SOURCES.txt
[0.871s] -- Installing: /home/yueju/led/install/interface/local/lib/python3.10/dist-packages/interface-0.0.0-py3.10.egg-info/PKG-INFO
[0.871s] -- Installing: /home/yueju/led/install/interface/local/lib/python3.10/dist-packages/interface-0.0.0-py3.10.egg-info/dependency_links.txt
[0.871s] -- Up-to-date: /home/yueju/led/install/interface/local/lib/python3.10/dist-packages/interface
[0.871s] -- Up-to-date: /home/yueju/led/install/interface/local/lib/python3.10/dist-packages/interface/_interface_s.ep.rosidl_typesupport_c.c
[0.871s] -- Up-to-date: /home/yueju/led/install/interface/local/lib/python3.10/dist-packages/interface/interface_s__rosidl_typesupport_c.cpython-310-x86_64-linux-gnu.so
[0.871s] -- Up-to-date: /home/yueju/led/install/interface/local/lib/python3.10/dist-packages/interface/libinterface__rosidl_generator_py.so
[0.871s] -- Up-to-date: /home/yueju/led/install/interface/local/lib/python3.10/dist-packages/interface/srv
[0.872s] -- Up-to-date: /home/yueju/led/install/interface/local/lib/python3.10/dist-packages/interface/srv/_set_led_s.c
[0.872s] -- Up-to-date: /home/yueju/led/install/interface/local/lib/python3.10/dist-packages/interface/srv/__init__.py
[0.872s] -- Up-to-date: /home/yueju/led/install/interface/local/lib/python3.10/dist-packages/interface/srv/_set_led.py
[0.872s] -- Up-to-date: /home/yueju/led/install/interface/local/lib/python3.10/dist-packages/interface/_interface_s.ep.rosidl_typesupport_fastrtps_c.c
[0.872s] -- Up-to-date: /home/yueju/led/install/interface/local/lib/python3.10/dist-packages/interface/msg
[0.872s] -- Up-to-date: /home/yueju/led/install/interface/local/lib/python3.10/dist-packages/interface/msg/_led.py
[0.872s] -- Up-to-date: /home/yueju/led/install/interface/local/lib/python3.10/dist-packages/interface/msg/__init__.py
[0.872s] -- Up-to-date: /home/yueju/led/install/interface/local/lib/python3.10/dist-packages/interface/msg/_led_s.c
[0.873s] -- Up-to-date: /home/yueju/led/install/interface/local/lib/python3.10/dist-packages/interface/_interface_s.ep.rosidl_typesupport_introspection_c.c
[0.873s] -- Up-to-date: /home/yueju/led/install/interface/local/lib/python3.10/dist-packages/interface/interface_s__rosidl_typesupport_fastrtps_c.cpython-310-x86_64-linux-gnu.so
[0.873s] -- Up-to-date: /home/yueju/led/install/interface/local/lib/python3.10/dist-packages/interface/interface_s__rosidl_typesupport_introspection_c.cpython-310-x86_64-linux-gnu.so
[0.873s] -- Up-to-date: /home/yueju/led/install/interface/local/lib/python3.10/dist-packages/interface/__init__.py
[0.897s] Listing '/home/yueju/led/install/interface/local/lib/python3.10/dist-packages/interface'...
[0.897s] Listing '/home/yueju/led/install/interface/local/lib/python3.10/dist-packages/interface/msg'...
[0.897s] Listing '/home/yueju/led/install/interface/local/lib/python3.10/dist-packages/interface/srv'...
[0.903s] -- Up-to-date: /home/yueju/led/install/interface/local/lib/python3.10/dist-packages/interface/interface_s__rosidl_typesupport_fastrtps_c.cpython-310-x86_64-linux-gnu.so
[0.904s] -- Up-to-date: /home/yueju/led/install/interface/local/lib/python3.10/dist-packages/interface/interface_s__rosidl_typesupport_introspection_c.cpython-310-x86_64-linux-gnu.so
[0.904s] -- Up-to-date: /home/yueju/led/install/interface/local/lib/python3.10/dist-packages/interface/interface_s__rosidl_typesupport_c.cpython-310-x86_64-linux-gnu.so
[0.904s] -- Up-to-date: /home/yueju/led/install/interface/lib/libinterface__rosidl_generator_py.so
[0.905s] -- Up-to-date: /home/yueju/led/install/interface/share/interface/msg/Led.idl
[0.905s] -- Up-to-date: /home/yueju/led/install/interface/share/interface/srv/SetLed.idl
[0.905s] -- Up-to-date: /home/yueju/led/install/interface/share/interface/msg/Led.msg
[0.905s] -- Up-to-date: /home/yueju/led/install/interface/share/interface/srv/SetLed.srv
[0.906s] -- Up-to-date: /home/yueju/led/install/interface/share/interface/srv/SetLed_Request.msg
[0.906s] -- Up-to-date: /home/yueju/led/install/interface/share/interface/srv/SetLed_Response.msg
[0.906s] -- Up-to-date: /home/yueju/led/install/interface/share/ament_index/resource_index/package_run_dependencies/interface
[0.906s] -- Up-to-date: /home/yueju/led/install/interface/share/ament_index/resource_index/parent_prefix_path/interface
[0.906s] -- Up-to-date: /home/yueju/led/install/interface/share/interface/environment/ament_prefix_path.sh
[0.906s] -- Up-to-date: /home/yueju/led/install/interface/share/interface/environment/ament_prefix_path.dsv
[0.907s] -- Up-to-date: /home/yueju/led/install/interface/share/interface/environment/path.sh
[0.907s] -- Up-to-date: /home/yueju/led/install/interface/share/interface/environment/path.dsv
[0.907s] -- Up-to-date: /home/yueju/led/install/interface/share/interface/local_setup.bash
[0.907s] -- Up-to-date: /home/yueju/led/install/interface/share/interface/local_setup.sh
[0.907s] -- Up-to-date: /home/yueju/led/install/interface/share/interface/local_setup.zsh
[0.908s] -- Up-to-date: /home/yueju/led/install/interface/share/interface/local_setup.dsv
[0.908s] -- Installing: /home/yueju/led/install/interface/share/interface/package.dsv
[0.908s] -- Up-to-date: /home/yueju/led/install/interface/share/ament_index/resource_index/packages/interface
[0.908s] -- Up-to-date: /home/yueju/led/install/interface/share/interface/cmake/export_interface__rosidl_generator_cExport.cmake
[0.908s] -- Up-to-date: /home/yueju/led/install/interface/share/interface/cmake/export_interface__rosidl_generator_cExport-noconfig.cmake
[0.909s] -- Up-to-date: /home/yueju/led/install/interface/share/interface/cmake/export_interface__rosidl_typesupport_fastrtps_cExport.cmake
[0.909s] -- Up-to-date: /home/yueju/led/install/interface/share/interface/cmake/export_interface__rosidl_typesupport_fastrtps_cExport-noconfig.cmake
[0.909s] -- Up-to-date: /home/yueju/led/install/interface/share/interface/cmake/interface__rosidl_typesupport_introspection_cExport.cmake
[0.909s] -- Up-to-date: /home/yueju/led/install/interface/share/interface/cmake/interface__rosidl_typesupport_introspection_cExport-noconfig.cmake
[0.909s] -- Up-to-date: /home/yueju/led/install/interface/share/interface/cmake/interface__rosidl_typesupport_cExport.cmake
[0.909s] -- Up-to-date: /home/yueju/led/install/interface/share/interface/cmake/interface__rosidl_typesupport_cExport-noconfig.cmake
[0.909s] -- Up-to-date: /home/yueju/led/install/interface/share/interface/cmake/export_interface__rosidl_generator_cppExport.cmake
[0.909s] -- Up-to-date: /home/yueju/led/install/interface/share/interface/cmake/export_interface__rosidl_typesupport_fastrtps_cppExport.cmake
[0.910s] -- Up-to-date: /home/yueju/led/install/interface/share/interface/cmake/export_interface__rosidl_typesupport_fastrtps_cppExport-noconfig.cmake
[0.910s] -- Up-to-date: /home/yueju/led/install/interface/share/interface/cmake/interface__rosidl_typesupport_introspection_cppExport.cmake
[0.910s] -- Up-to-date: /home/yueju/led/install/interface/share/interface/cmake/interface__rosidl_typesupport_introspection_cppExport-noconfig.cmake
[0.910s] -- Up-to-date: /home/yueju/led/install/interface/share/interface/cmake/interface__rosidl_typesupport_cppExport.cmake
[0.910s] -- Up-to-date: /home/yueju/led/install/interface/share/interface/cmake/interface__rosidl_typesupport_cppExport-noconfig.cmake
[0.911s] -- Up-to-date: /home/yueju/led/install/interface/share/interface/cmake/export_interface__rosidl_generator_pyExport.cmake
[0.913s] -- Up-to-date: /home/yueju/led/install/interface/share/interface/cmake/export_interface__rosidl_generator_pyExport-noconfig.cmake
[0.913s] -- Up-to-date: /home/yueju/led/install/interface/share/interface/cmake/rosidl_cmake-extras.cmake
[0.913s] -- Up-to-date: /home/yueju/led/install/interface/share/interface/cmake/ament_cmake_export_include_directories-extras.cmake
[0.913s] -- Up-to-date: /home/yueju/led/install/interface/share/interface/cmake/ament_cmake_export_libraries-extras.cmake
[0.913s] -- Up-to-date: /home/yueju/led/install/interface/share/interface/cmake/ament_cmake_export_targets-extras.cmake
[0.914s] -- Up-to-date: /home/yueju/led/install/interface/share/interface/cmake/rosidl_cmake_export_typesupport_targets-extras.cmake
[0.914s] -- Up-to-date: /home/yueju/led/install/interface/share/interface/cmake/ament_cmake_export_dependencies-extras.cmake
[0.915s] -- Up-to-date: /home/yueju/led/install/interface/share/interface/cmake/rosidl_cmake_export_typesupport_libraries-extras.cmake
[0.915s] -- Up-to-date: /home/yueju/led/install/interface/share/interface/cmake/interfaceConfig.cmake
[0.915s] -- Up-to-date: /home/yueju/led/install/interface/share/interface/cmake/interfaceConfig-version.cmake
[0.915s] -- Up-to-date: /home/yueju/led/install/interface/share/interface/package.xml
[0.916s] Invoked command in '/home/yueju/led/build/interface' returned '0': CMAKE_PREFIX_PATH=/opt/ros/humble /usr/bin/cmake --install /home/yueju/led/build/interface
