[1.033s] DEBUG:colcon:Command line arguments: ['/usr/bin/colcon', 'build']
[1.033s] DEBUG:colcon:Parsed command line arguments: Namespace(log_base=None, log_level=None, verb_name='build', build_base='build', install_base='install', merge_install=False, symlink_install=False, test_result_base=None, continue_on_error=False, executor='parallel', parallel_workers=8, event_handlers=None, ignore_user_meta=False, metas=['./colcon.meta'], base_paths=['.'], packages_ignore=None, packages_ignore_regex=None, paths=None, packages_up_to=None, packages_up_to_regex=None, packages_above=None, packages_above_and_dependencies=None, packages_above_depth=None, packages_select_by_dep=None, packages_skip_by_dep=None, packages_skip_up_to=None, packages_select_build_failed=False, packages_skip_build_finished=False, packages_select_test_failures=False, packages_skip_test_passed=False, packages_select=None, packages_skip=None, packages_select_regex=None, packages_skip_regex=None, packages_start=None, packages_end=None, allow_overriding=[], cmake_args=None, cmake_target=None, cmake_target_skip_unavailable=False, cmake_clean_cache=False, cmake_clean_first=False, cmake_force_configure=False, ament_cmake_args=None, catkin_cmake_args=None, catkin_skip_building_tests=False, verb_parser=<colcon_defaults.argument_parser.defaults.DefaultArgumentsDecorator object at 0x7f558573f1c0>, verb_extension=<colcon_core.verb.build.BuildVerb object at 0x7f5585896650>, main=<bound method BuildVerb.main of <colcon_core.verb.build.BuildVerb object at 0x7f5585896650>>)
[1.362s] Level 1:colcon.colcon_core.package_discovery:discover_packages(colcon_meta) check parameters
[1.362s] Level 1:colcon.colcon_core.package_discovery:discover_packages(recursive) check parameters
[1.362s] Level 1:colcon.colcon_core.package_discovery:discover_packages(ignore) check parameters
[1.362s] Level 1:colcon.colcon_core.package_discovery:discover_packages(path) check parameters
[1.362s] Level 1:colcon.colcon_core.package_discovery:discover_packages(colcon_meta) discover
[1.362s] Level 1:colcon.colcon_core.package_discovery:discover_packages(recursive) discover
[1.362s] INFO:colcon.colcon_core.package_discovery:Crawling recursively for packages in '/home/yueju/led'
[1.362s] Level 1:colcon.colcon_core.package_identification:_identify(.) by extensions ['ignore', 'ignore_ament_install']
[1.362s] Level 1:colcon.colcon_core.package_identification:_identify(.) by extension 'ignore'
[1.362s] Level 1:colcon.colcon_core.package_identification:_identify(.) by extension 'ignore_ament_install'
[1.362s] Level 1:colcon.colcon_core.package_identification:_identify(.) by extensions ['colcon_pkg']
[1.362s] Level 1:colcon.colcon_core.package_identification:_identify(.) by extension 'colcon_pkg'
[1.362s] Level 1:colcon.colcon_core.package_identification:_identify(.) by extensions ['colcon_meta']
[1.363s] Level 1:colcon.colcon_core.package_identification:_identify(.) by extension 'colcon_meta'
[1.363s] Level 1:colcon.colcon_core.package_identification:_identify(.) by extensions ['ros']
[1.363s] Level 1:colcon.colcon_core.package_identification:_identify(.) by extension 'ros'
[1.377s] Level 1:colcon.colcon_core.package_identification:_identify(.) by extensions ['cmake', 'python']
[1.377s] Level 1:colcon.colcon_core.package_identification:_identify(.) by extension 'cmake'
[1.377s] Level 1:colcon.colcon_core.package_identification:_identify(.) by extension 'python'
[1.377s] Level 1:colcon.colcon_core.package_identification:_identify(.) by extensions ['python_setup_py']
[1.377s] Level 1:colcon.colcon_core.package_identification:_identify(.) by extension 'python_setup_py'
[1.377s] Level 1:colcon.colcon_core.package_identification:_identify(build) by extensions ['ignore', 'ignore_ament_install']
[1.377s] Level 1:colcon.colcon_core.package_identification:_identify(build) by extension 'ignore'
[1.377s] Level 1:colcon.colcon_core.package_identification:_identify(build) ignored
[1.378s] Level 1:colcon.colcon_core.package_identification:_identify(install) by extensions ['ignore', 'ignore_ament_install']
[1.378s] Level 1:colcon.colcon_core.package_identification:_identify(install) by extension 'ignore'
[1.378s] Level 1:colcon.colcon_core.package_identification:_identify(install) ignored
[1.378s] Level 1:colcon.colcon_core.package_identification:_identify(log) by extensions ['ignore', 'ignore_ament_install']
[1.378s] Level 1:colcon.colcon_core.package_identification:_identify(log) by extension 'ignore'
[1.378s] Level 1:colcon.colcon_core.package_identification:_identify(log) ignored
[1.378s] Level 1:colcon.colcon_core.package_identification:_identify(match_pm_robot) by extensions ['ignore', 'ignore_ament_install']
[1.378s] Level 1:colcon.colcon_core.package_identification:_identify(match_pm_robot) by extension 'ignore'
[1.378s] Level 1:colcon.colcon_core.package_identification:_identify(match_pm_robot) by extension 'ignore_ament_install'
[1.378s] Level 1:colcon.colcon_core.package_identification:_identify(match_pm_robot) by extensions ['colcon_pkg']
[1.378s] Level 1:colcon.colcon_core.package_identification:_identify(match_pm_robot) by extension 'colcon_pkg'
[1.378s] Level 1:colcon.colcon_core.package_identification:_identify(match_pm_robot) by extensions ['colcon_meta']
[1.378s] Level 1:colcon.colcon_core.package_identification:_identify(match_pm_robot) by extension 'colcon_meta'
[1.378s] Level 1:colcon.colcon_core.package_identification:_identify(match_pm_robot) by extensions ['ros']
[1.379s] Level 1:colcon.colcon_core.package_identification:_identify(match_pm_robot) by extension 'ros'
[1.379s] Level 1:colcon.colcon_core.package_identification:_identify(match_pm_robot) by extensions ['cmake', 'python']
[1.379s] Level 1:colcon.colcon_core.package_identification:_identify(match_pm_robot) by extension 'cmake'
[1.379s] Level 1:colcon.colcon_core.package_identification:_identify(match_pm_robot) by extension 'python'
[1.379s] Level 1:colcon.colcon_core.package_identification:_identify(match_pm_robot) by extensions ['python_setup_py']
[1.379s] Level 1:colcon.colcon_core.package_identification:_identify(match_pm_robot) by extension 'python_setup_py'
[1.379s] Level 1:colcon.colcon_core.package_identification:_identify(open_cv) by extensions ['ignore', 'ignore_ament_install']
[1.379s] Level 1:colcon.colcon_core.package_identification:_identify(open_cv) by extension 'ignore'
[1.379s] Level 1:colcon.colcon_core.package_identification:_identify(open_cv) by extension 'ignore_ament_install'
[1.379s] Level 1:colcon.colcon_core.package_identification:_identify(open_cv) by extensions ['colcon_pkg']
[1.379s] Level 1:colcon.colcon_core.package_identification:_identify(open_cv) by extension 'colcon_pkg'
[1.379s] Level 1:colcon.colcon_core.package_identification:_identify(open_cv) by extensions ['colcon_meta']
[1.379s] Level 1:colcon.colcon_core.package_identification:_identify(open_cv) by extension 'colcon_meta'
[1.379s] Level 1:colcon.colcon_core.package_identification:_identify(open_cv) by extensions ['ros']
[1.379s] Level 1:colcon.colcon_core.package_identification:_identify(open_cv) by extension 'ros'
[1.438s] DEBUG:colcon.colcon_core.package_identification:Package 'open_cv' with type 'ros.ament_python' and name 'open_cv'
[1.438s] Level 1:colcon.colcon_core.package_identification:_identify(pm_bringup) by extensions ['ignore', 'ignore_ament_install']
[1.438s] Level 1:colcon.colcon_core.package_identification:_identify(pm_bringup) by extension 'ignore'
[1.438s] Level 1:colcon.colcon_core.package_identification:_identify(pm_bringup) by extension 'ignore_ament_install'
[1.438s] Level 1:colcon.colcon_core.package_identification:_identify(pm_bringup) by extensions ['colcon_pkg']
[1.439s] Level 1:colcon.colcon_core.package_identification:_identify(pm_bringup) by extension 'colcon_pkg'
[1.439s] Level 1:colcon.colcon_core.package_identification:_identify(pm_bringup) by extensions ['colcon_meta']
[1.439s] Level 1:colcon.colcon_core.package_identification:_identify(pm_bringup) by extension 'colcon_meta'
[1.439s] Level 1:colcon.colcon_core.package_identification:_identify(pm_bringup) by extensions ['ros']
[1.439s] Level 1:colcon.colcon_core.package_identification:_identify(pm_bringup) by extension 'ros'
[1.440s] DEBUG:colcon.colcon_core.package_identification:Package 'pm_bringup' with type 'ros.ament_cmake' and name 'pm_bringup'
[1.440s] Level 1:colcon.colcon_core.package_discovery:discover_packages(recursive) using defaults
[1.440s] Level 1:colcon.colcon_core.package_discovery:discover_packages(ignore) discover
[1.440s] Level 1:colcon.colcon_core.package_discovery:discover_packages(ignore) using defaults
[1.440s] Level 1:colcon.colcon_core.package_discovery:discover_packages(path) discover
[1.440s] Level 1:colcon.colcon_core.package_discovery:discover_packages(path) using defaults
[1.541s] Level 1:colcon.colcon_core.package_discovery:discover_packages(prefix_path) check parameters
[1.541s] Level 1:colcon.colcon_core.package_discovery:discover_packages(prefix_path) discover
[1.576s] DEBUG:colcon.colcon_installed_package_information.package_discovery:Found 321 installed packages in /opt/ros/humble
[1.578s] Level 1:colcon.colcon_core.package_discovery:discover_packages(prefix_path) using defaults
[1.644s] Level 5:colcon.colcon_core.verb:set package 'open_cv' build argument 'cmake_args' from command line to 'None'
[1.645s] Level 5:colcon.colcon_core.verb:set package 'open_cv' build argument 'cmake_target' from command line to 'None'
[1.645s] Level 5:colcon.colcon_core.verb:set package 'open_cv' build argument 'cmake_target_skip_unavailable' from command line to 'False'
[1.645s] Level 5:colcon.colcon_core.verb:set package 'open_cv' build argument 'cmake_clean_cache' from command line to 'False'
[1.645s] Level 5:colcon.colcon_core.verb:set package 'open_cv' build argument 'cmake_clean_first' from command line to 'False'
[1.645s] Level 5:colcon.colcon_core.verb:set package 'open_cv' build argument 'cmake_force_configure' from command line to 'False'
[1.645s] Level 5:colcon.colcon_core.verb:set package 'open_cv' build argument 'ament_cmake_args' from command line to 'None'
[1.645s] Level 5:colcon.colcon_core.verb:set package 'open_cv' build argument 'catkin_cmake_args' from command line to 'None'
[1.645s] Level 5:colcon.colcon_core.verb:set package 'open_cv' build argument 'catkin_skip_building_tests' from command line to 'False'
[1.645s] DEBUG:colcon.colcon_core.verb:Building package 'open_cv' with the following arguments: {'ament_cmake_args': None, 'build_base': '/home/yueju/led/build/open_cv', 'catkin_cmake_args': None, 'catkin_skip_building_tests': False, 'cmake_args': None, 'cmake_clean_cache': False, 'cmake_clean_first': False, 'cmake_force_configure': False, 'cmake_target': None, 'cmake_target_skip_unavailable': False, 'install_base': '/home/yueju/led/install/open_cv', 'merge_install': False, 'path': '/home/yueju/led/open_cv', 'symlink_install': False, 'test_result_base': None}
[1.646s] Level 5:colcon.colcon_core.verb:set package 'pm_bringup' build argument 'cmake_args' from command line to 'None'
[1.646s] Level 5:colcon.colcon_core.verb:set package 'pm_bringup' build argument 'cmake_target' from command line to 'None'
[1.646s] Level 5:colcon.colcon_core.verb:set package 'pm_bringup' build argument 'cmake_target_skip_unavailable' from command line to 'False'
[1.646s] Level 5:colcon.colcon_core.verb:set package 'pm_bringup' build argument 'cmake_clean_cache' from command line to 'False'
[1.646s] Level 5:colcon.colcon_core.verb:set package 'pm_bringup' build argument 'cmake_clean_first' from command line to 'False'
[1.646s] Level 5:colcon.colcon_core.verb:set package 'pm_bringup' build argument 'cmake_force_configure' from command line to 'False'
[1.646s] Level 5:colcon.colcon_core.verb:set package 'pm_bringup' build argument 'ament_cmake_args' from command line to 'None'
[1.646s] Level 5:colcon.colcon_core.verb:set package 'pm_bringup' build argument 'catkin_cmake_args' from command line to 'None'
[1.646s] Level 5:colcon.colcon_core.verb:set package 'pm_bringup' build argument 'catkin_skip_building_tests' from command line to 'False'
[1.646s] DEBUG:colcon.colcon_core.verb:Building package 'pm_bringup' with the following arguments: {'ament_cmake_args': None, 'build_base': '/home/yueju/led/build/pm_bringup', 'catkin_cmake_args': None, 'catkin_skip_building_tests': False, 'cmake_args': None, 'cmake_clean_cache': False, 'cmake_clean_first': False, 'cmake_force_configure': False, 'cmake_target': None, 'cmake_target_skip_unavailable': False, 'install_base': '/home/yueju/led/install/pm_bringup', 'merge_install': False, 'path': '/home/yueju/led/pm_bringup', 'symlink_install': False, 'test_result_base': None}
[1.647s] INFO:colcon.colcon_core.executor:Executing jobs using 'parallel' executor
[1.650s] DEBUG:colcon.colcon_parallel_executor.executor.parallel:run_until_complete
[1.650s] INFO:colcon.colcon_ros.task.ament_python.build:Building ROS package in '/home/yueju/led/open_cv' with build type 'ament_python'
[1.650s] Level 1:colcon.colcon_core.shell:create_environment_hook('open_cv', 'ament_prefix_path')
[1.671s] INFO:colcon.colcon_core.plugin_system:Skipping extension 'colcon_core.shell.bat': Not used on non-Windows systems
[1.672s] INFO:colcon.colcon_core.shell:Creating environment hook '/home/yueju/led/install/open_cv/share/open_cv/hook/ament_prefix_path.ps1'
[1.691s] INFO:colcon.colcon_core.shell:Creating environment descriptor '/home/yueju/led/install/open_cv/share/open_cv/hook/ament_prefix_path.dsv'
[1.723s] INFO:colcon.colcon_core.shell:Creating environment hook '/home/yueju/led/install/open_cv/share/open_cv/hook/ament_prefix_path.sh'
[1.728s] INFO:colcon.colcon_core.shell:Skip shell extension 'powershell' for command environment: Not usable outside of PowerShell
[1.728s] DEBUG:colcon.colcon_core.shell:Skip shell extension 'dsv' for command environment
[1.970s] INFO:colcon.colcon_core.task.python.build:Building Python package in '/home/yueju/led/open_cv'
[1.971s] INFO:colcon.colcon_core.shell:Skip shell extension 'powershell' for command environment: Not usable outside of PowerShell
[1.971s] DEBUG:colcon.colcon_core.shell:Skip shell extension 'dsv' for command environment
[2.911s] DEBUG:colcon.colcon_core.event_handler.log_command:Invoking command in '/home/yueju/led/open_cv': PYTHONPATH=/home/yueju/led/build/open_cv/prefix_override:/home/yueju/led/install/open_cv/lib/python3.10/site-packages:${PYTHONPATH} /usr/bin/python3 setup.py egg_info --egg-base ../build/open_cv build --build-base /home/yueju/led/build/open_cv/build install --record /home/yueju/led/build/open_cv/install.log --single-version-externally-managed
[3.426s] DEBUG:colcon.colcon_core.event_handler.log_command:Invoked command in '/home/yueju/led/open_cv' returned '0': PYTHONPATH=/home/yueju/led/build/open_cv/prefix_override:/home/yueju/led/install/open_cv/lib/python3.10/site-packages:${PYTHONPATH} /usr/bin/python3 setup.py egg_info --egg-base ../build/open_cv build --build-base /home/yueju/led/build/open_cv/build install --record /home/yueju/led/build/open_cv/install.log --single-version-externally-managed
[3.466s] Level 1:colcon.colcon_core.environment:checking '/home/yueju/led/install/open_cv' for CMake module files
[3.466s] Level 1:colcon.colcon_core.environment:checking '/home/yueju/led/install/open_cv' for CMake config files
[3.467s] Level 1:colcon.colcon_core.environment:checking '/home/yueju/led/install/open_cv/lib'
[3.467s] Level 1:colcon.colcon_core.environment:checking '/home/yueju/led/install/open_cv/bin'
[3.467s] Level 1:colcon.colcon_core.environment:checking '/home/yueju/led/install/open_cv/lib/pkgconfig/open_cv.pc'
[3.467s] Level 1:colcon.colcon_core.environment:checking '/home/yueju/led/install/open_cv/lib/python3.10/site-packages'
[3.468s] Level 1:colcon.colcon_core.shell:create_environment_hook('open_cv', 'pythonpath')
[3.469s] INFO:colcon.colcon_core.shell:Creating environment hook '/home/yueju/led/install/open_cv/share/open_cv/hook/pythonpath.ps1'
[3.469s] INFO:colcon.colcon_core.shell:Creating environment descriptor '/home/yueju/led/install/open_cv/share/open_cv/hook/pythonpath.dsv'
[3.470s] INFO:colcon.colcon_core.shell:Creating environment hook '/home/yueju/led/install/open_cv/share/open_cv/hook/pythonpath.sh'
[3.470s] Level 1:colcon.colcon_core.environment:checking '/home/yueju/led/install/open_cv/bin'
[3.470s] Level 1:colcon.colcon_core.environment:create_environment_scripts_only(open_cv)
[3.472s] INFO:colcon.colcon_core.shell:Creating package script '/home/yueju/led/install/open_cv/share/open_cv/package.ps1'
[3.473s] INFO:colcon.colcon_core.shell:Creating package descriptor '/home/yueju/led/install/open_cv/share/open_cv/package.dsv'
[3.474s] INFO:colcon.colcon_core.shell:Creating package script '/home/yueju/led/install/open_cv/share/open_cv/package.sh'
[3.475s] INFO:colcon.colcon_core.shell:Creating package script '/home/yueju/led/install/open_cv/share/open_cv/package.bash'
[3.477s] INFO:colcon.colcon_core.shell:Creating package script '/home/yueju/led/install/open_cv/share/open_cv/package.zsh'
[3.478s] Level 1:colcon.colcon_core.environment:create_file_with_runtime_dependencies(/home/yueju/led/install/open_cv/share/colcon-core/packages/open_cv)
[3.478s] INFO:colcon.colcon_ros.task.ament_cmake.build:Building ROS package in '/home/yueju/led/pm_bringup' with build type 'ament_cmake'
[3.479s] INFO:colcon.colcon_cmake.task.cmake.build:Building CMake package in '/home/yueju/led/pm_bringup'
[3.480s] INFO:colcon.colcon_core.shell:Skip shell extension 'powershell' for command environment: Not usable outside of PowerShell
[3.481s] DEBUG:colcon.colcon_core.shell:Skip shell extension 'dsv' for command environment
[3.517s] DEBUG:colcon.colcon_core.event_handler.log_command:Invoking command in '/home/yueju/led/build/pm_bringup': AMENT_PREFIX_PATH=/home/yueju/led/install/open_cv:${AMENT_PREFIX_PATH} CMAKE_PREFIX_PATH=/opt/ros/humble PYTHONPATH=/home/yueju/led/install/open_cv/lib/python3.10/site-packages:${PYTHONPATH} /usr/bin/cmake /home/yueju/led/pm_bringup -DCMAKE_INSTALL_PREFIX=/home/yueju/led/install/pm_bringup
[7.523s] DEBUG:colcon.colcon_core.event_handler.log_command:Invoked command in '/home/yueju/led/build/pm_bringup' returned '0': AMENT_PREFIX_PATH=/home/yueju/led/install/open_cv:${AMENT_PREFIX_PATH} CMAKE_PREFIX_PATH=/opt/ros/humble PYTHONPATH=/home/yueju/led/install/open_cv/lib/python3.10/site-packages:${PYTHONPATH} /usr/bin/cmake /home/yueju/led/pm_bringup -DCMAKE_INSTALL_PREFIX=/home/yueju/led/install/pm_bringup
[7.526s] DEBUG:colcon.colcon_core.event_handler.log_command:Invoking command in '/home/yueju/led/build/pm_bringup': AMENT_PREFIX_PATH=/home/yueju/led/install/open_cv:${AMENT_PREFIX_PATH} CMAKE_PREFIX_PATH=/opt/ros/humble PYTHONPATH=/home/yueju/led/install/open_cv/lib/python3.10/site-packages:${PYTHONPATH} /usr/bin/cmake --build /home/yueju/led/build/pm_bringup -- -j8 -l8
[7.563s] DEBUG:colcon.colcon_core.event_handler.log_command:Invoked command in '/home/yueju/led/build/pm_bringup' returned '0': AMENT_PREFIX_PATH=/home/yueju/led/install/open_cv:${AMENT_PREFIX_PATH} CMAKE_PREFIX_PATH=/opt/ros/humble PYTHONPATH=/home/yueju/led/install/open_cv/lib/python3.10/site-packages:${PYTHONPATH} /usr/bin/cmake --build /home/yueju/led/build/pm_bringup -- -j8 -l8
[7.592s] DEBUG:colcon.colcon_core.event_handler.log_command:Invoking command in '/home/yueju/led/build/pm_bringup': AMENT_PREFIX_PATH=/home/yueju/led/install/open_cv:${AMENT_PREFIX_PATH} CMAKE_PREFIX_PATH=/opt/ros/humble PYTHONPATH=/home/yueju/led/install/open_cv/lib/python3.10/site-packages:${PYTHONPATH} /usr/bin/cmake --install /home/yueju/led/build/pm_bringup
[7.602s] Level 1:colcon.colcon_core.environment:create_environment_scripts_only(pm_bringup)
[7.603s] DEBUG:colcon.colcon_core.event_handler.log_command:Invoked command in '/home/yueju/led/build/pm_bringup' returned '0': AMENT_PREFIX_PATH=/home/yueju/led/install/open_cv:${AMENT_PREFIX_PATH} CMAKE_PREFIX_PATH=/opt/ros/humble PYTHONPATH=/home/yueju/led/install/open_cv/lib/python3.10/site-packages:${PYTHONPATH} /usr/bin/cmake --install /home/yueju/led/build/pm_bringup
[7.605s] Level 1:colcon.colcon_core.environment:checking '/home/yueju/led/install/pm_bringup' for CMake module files
[7.605s] Level 1:colcon.colcon_core.environment:checking '/home/yueju/led/install/pm_bringup' for CMake config files
[7.606s] Level 1:colcon.colcon_core.shell:create_environment_hook('pm_bringup', 'cmake_prefix_path')
[7.607s] INFO:colcon.colcon_core.shell:Creating environment hook '/home/yueju/led/install/pm_bringup/share/pm_bringup/hook/cmake_prefix_path.ps1'
[7.607s] INFO:colcon.colcon_core.shell:Creating environment descriptor '/home/yueju/led/install/pm_bringup/share/pm_bringup/hook/cmake_prefix_path.dsv'
[7.608s] INFO:colcon.colcon_core.shell:Creating environment hook '/home/yueju/led/install/pm_bringup/share/pm_bringup/hook/cmake_prefix_path.sh'
[7.608s] Level 1:colcon.colcon_core.environment:checking '/home/yueju/led/install/pm_bringup/bin'
[7.608s] Level 1:colcon.colcon_core.environment:checking '/home/yueju/led/install/pm_bringup/lib/pkgconfig/pm_bringup.pc'
[7.609s] Level 1:colcon.colcon_core.environment:checking '/home/yueju/led/install/pm_bringup/lib/python3.10/site-packages'
[7.609s] Level 1:colcon.colcon_core.environment:checking '/home/yueju/led/install/pm_bringup/bin'
[7.610s] INFO:colcon.colcon_core.shell:Creating package script '/home/yueju/led/install/pm_bringup/share/pm_bringup/package.ps1'
[7.610s] INFO:colcon.colcon_core.shell:Creating package descriptor '/home/yueju/led/install/pm_bringup/share/pm_bringup/package.dsv'
[7.611s] INFO:colcon.colcon_core.shell:Creating package script '/home/yueju/led/install/pm_bringup/share/pm_bringup/package.sh'
[7.611s] INFO:colcon.colcon_core.shell:Creating package script '/home/yueju/led/install/pm_bringup/share/pm_bringup/package.bash'
[7.611s] INFO:colcon.colcon_core.shell:Creating package script '/home/yueju/led/install/pm_bringup/share/pm_bringup/package.zsh'
[7.612s] Level 1:colcon.colcon_core.environment:create_file_with_runtime_dependencies(/home/yueju/led/install/pm_bringup/share/colcon-core/packages/pm_bringup)
[7.634s] Level 1:colcon.colcon_core.environment:create_environment_scripts_only(pm_bringup)
[7.636s] Level 1:colcon.colcon_core.environment:checking '/home/yueju/led/install/pm_bringup' for CMake module files
[7.637s] Level 1:colcon.colcon_core.environment:checking '/home/yueju/led/install/pm_bringup' for CMake config files
[7.637s] Level 1:colcon.colcon_core.shell:create_environment_hook('pm_bringup', 'cmake_prefix_path')
[7.638s] INFO:colcon.colcon_core.shell:Creating environment hook '/home/yueju/led/install/pm_bringup/share/pm_bringup/hook/cmake_prefix_path.ps1'
[7.638s] INFO:colcon.colcon_core.shell:Creating environment descriptor '/home/yueju/led/install/pm_bringup/share/pm_bringup/hook/cmake_prefix_path.dsv'
[7.639s] INFO:colcon.colcon_core.shell:Creating environment hook '/home/yueju/led/install/pm_bringup/share/pm_bringup/hook/cmake_prefix_path.sh'
[7.639s] Level 1:colcon.colcon_core.environment:checking '/home/yueju/led/install/pm_bringup/bin'
[7.639s] Level 1:colcon.colcon_core.environment:checking '/home/yueju/led/install/pm_bringup/lib/pkgconfig/pm_bringup.pc'
[7.640s] Level 1:colcon.colcon_core.environment:checking '/home/yueju/led/install/pm_bringup/lib/python3.10/site-packages'
[7.640s] Level 1:colcon.colcon_core.environment:checking '/home/yueju/led/install/pm_bringup/bin'
[7.641s] INFO:colcon.colcon_core.shell:Creating package script '/home/yueju/led/install/pm_bringup/share/pm_bringup/package.ps1'
[7.641s] INFO:colcon.colcon_core.shell:Creating package descriptor '/home/yueju/led/install/pm_bringup/share/pm_bringup/package.dsv'
[7.642s] INFO:colcon.colcon_core.shell:Creating package script '/home/yueju/led/install/pm_bringup/share/pm_bringup/package.sh'
[7.642s] INFO:colcon.colcon_core.shell:Creating package script '/home/yueju/led/install/pm_bringup/share/pm_bringup/package.bash'
[7.643s] INFO:colcon.colcon_core.shell:Creating package script '/home/yueju/led/install/pm_bringup/share/pm_bringup/package.zsh'
[7.643s] Level 1:colcon.colcon_core.environment:create_file_with_runtime_dependencies(/home/yueju/led/install/pm_bringup/share/colcon-core/packages/pm_bringup)
[7.643s] DEBUG:colcon.colcon_parallel_executor.executor.parallel:closing loop
[7.644s] DEBUG:colcon.colcon_parallel_executor.executor.parallel:loop closed
[7.644s] DEBUG:colcon.colcon_parallel_executor.executor.parallel:run_until_complete finished with '0'
[7.644s] DEBUG:colcon.colcon_core.event_reactor:joining thread
[7.676s] INFO:colcon.colcon_core.plugin_system:Skipping extension 'colcon_notification.desktop_notification.terminal_notifier': Not used on non-Darwin systems
[7.676s] INFO:colcon.colcon_core.plugin_system:Skipping extension 'colcon_notification.desktop_notification.win32': Not used on non-Windows systems
[7.677s] INFO:colcon.colcon_notification.desktop_notification:Sending desktop notification using 'notify2'
[7.689s] DEBUG:colcon.colcon_core.event_reactor:joined thread
[7.692s] INFO:colcon.colcon_core.shell:Creating prefix script '/home/yueju/led/install/local_setup.ps1'
[7.709s] INFO:colcon.colcon_core.shell:Creating prefix util module '/home/yueju/led/install/_local_setup_util_ps1.py'
[7.724s] INFO:colcon.colcon_core.shell:Creating prefix chain script '/home/yueju/led/install/setup.ps1'
[7.727s] INFO:colcon.colcon_core.shell:Creating prefix script '/home/yueju/led/install/local_setup.sh'
[7.756s] INFO:colcon.colcon_core.shell:Creating prefix util module '/home/yueju/led/install/_local_setup_util_sh.py'
[7.757s] INFO:colcon.colcon_core.shell:Creating prefix chain script '/home/yueju/led/install/setup.sh'
[7.762s] INFO:colcon.colcon_core.shell:Creating prefix script '/home/yueju/led/install/local_setup.bash'
[7.778s] INFO:colcon.colcon_core.shell:Creating prefix chain script '/home/yueju/led/install/setup.bash'
[7.781s] INFO:colcon.colcon_core.shell:Creating prefix script '/home/yueju/led/install/local_setup.zsh'
[7.789s] INFO:colcon.colcon_core.shell:Creating prefix chain script '/home/yueju/led/install/setup.zsh'
