[0.046s] Invoking command in '/home/yueju/led/build/diff_drive_controller': /usr/bin/cmake /home/yueju/led/ros_controllers/diff_drive_controller -DCATKIN_INSTALL_INTO_PREFIX_ROOT=0 -DCMAKE_INSTALL_PREFIX=/home/yueju/led/install/diff_drive_controller
[1.960s] -- The C compiler identification is GNU 11.3.0
[2.588s] -- The CXX compiler identification is GNU 11.3.0
[2.620s] -- Detecting C compiler ABI info
[2.826s] -- Detecting C compiler ABI info - done
[2.844s] -- Check for working C compiler: /usr/bin/cc - skipped
[2.844s] -- Detecting C compile features
[2.854s] -- Detecting C compile features - done
[2.866s] -- Detecting CXX compiler ABI info
[3.072s] -- Detecting CXX compiler ABI info - done
[3.089s] -- Check for working CXX compiler: /usr/bin/c++ - skipped
[3.089s] -- Detecting CXX compile features
[3.090s] -- Detecting CXX compile features - done
[3.170s] [31mCMake Error at CMakeLists.txt:5 (find_package):
[3.171s]   By not providing "Findcatkin.cmake" in CMAKE_MODULE_PATH this project has
[3.171s]   asked CMake to find a package configuration file provided by "catkin", but
[3.171s]   CMake did not find one.
[3.172s] 
[3.172s]   Could not find a package configuration file provided by "catkin" with any
[3.172s]   of the following names:
[3.175s] 
[3.175s]     catkinConfig.cmake
[3.175s]     catkin-config.cmake
[3.175s] 
[3.176s]   Add the installation prefix of "catkin" to CMAKE_PREFIX_PATH or set
[3.176s]   "catkin_DIR" to a directory containing one of the above files.  If "catkin"
[3.176s]   provides a separate development package or SDK, be sure it has been
[3.176s]   installed.
[3.177s] 
[3.177s] [0m
[3.178s] -- Configuring incomplete, errors occurred!
[3.179s] See also "/home/yueju/led/build/diff_drive_controller/CMakeFiles/CMakeOutput.log".
[3.210s] Invoked command in '/home/yueju/led/build/diff_drive_controller' returned '1': /usr/bin/cmake /home/yueju/led/ros_controllers/diff_drive_controller -DCATKIN_INSTALL_INTO_PREFIX_ROOT=0 -DCMAKE_INSTALL_PREFIX=/home/yueju/led/install/diff_drive_controller
