[0.265s] DEBUG:colcon:Command line arguments: ['/usr/bin/colcon', 'build']
[0.265s] DEBUG:colcon:Parsed command line arguments: Namespace(log_base=None, log_level=None, verb_name='build', build_base='build', install_base='install', merge_install=False, symlink_install=False, test_result_base=None, continue_on_error=False, executor='parallel', parallel_workers=16, event_handlers=None, ignore_user_meta=False, metas=['./colcon.meta'], base_paths=['.'], packages_ignore=None, packages_ignore_regex=None, paths=None, packages_up_to=None, packages_up_to_regex=None, packages_above=None, packages_above_and_dependencies=None, packages_above_depth=None, packages_select_by_dep=None, packages_skip_by_dep=None, packages_skip_up_to=None, packages_select_build_failed=False, packages_skip_build_finished=False, packages_select_test_failures=False, packages_skip_test_passed=False, packages_select=None, packages_skip=None, packages_select_regex=None, packages_skip_regex=None, packages_start=None, packages_end=None, allow_overriding=[], cmake_args=None, cmake_target=None, cmake_target_skip_unavailable=False, cmake_clean_cache=False, cmake_clean_first=False, cmake_force_configure=False, ament_cmake_args=None, catkin_cmake_args=None, catkin_skip_building_tests=False, verb_parser=<colcon_defaults.argument_parser.defaults.DefaultArgumentsDecorator object at 0x7f67eee516c0>, verb_extension=<colcon_core.verb.build.BuildVerb object at 0x7f67ef934880>, main=<bound method BuildVerb.main of <colcon_core.verb.build.BuildVerb object at 0x7f67ef934880>>)
[0.282s] Level 1:colcon.colcon_core.package_discovery:discover_packages(colcon_meta) check parameters
[0.282s] Level 1:colcon.colcon_core.package_discovery:discover_packages(recursive) check parameters
[0.282s] Level 1:colcon.colcon_core.package_discovery:discover_packages(ignore) check parameters
[0.282s] Level 1:colcon.colcon_core.package_discovery:discover_packages(path) check parameters
[0.282s] Level 1:colcon.colcon_core.package_discovery:discover_packages(colcon_meta) discover
[0.282s] Level 1:colcon.colcon_core.package_discovery:discover_packages(recursive) discover
[0.282s] INFO:colcon.colcon_core.package_discovery:Crawling recursively for packages in '/home/pmlab/yueju2/change'
[0.282s] Level 1:colcon.colcon_core.package_identification:_identify(.) by extensions ['ignore', 'ignore_ament_install']
[0.282s] Level 1:colcon.colcon_core.package_identification:_identify(.) by extension 'ignore'
[0.282s] Level 1:colcon.colcon_core.package_identification:_identify(.) by extension 'ignore_ament_install'
[0.282s] Level 1:colcon.colcon_core.package_identification:_identify(.) by extensions ['colcon_pkg']
[0.282s] Level 1:colcon.colcon_core.package_identification:_identify(.) by extension 'colcon_pkg'
[0.282s] Level 1:colcon.colcon_core.package_identification:_identify(.) by extensions ['colcon_meta']
[0.283s] Level 1:colcon.colcon_core.package_identification:_identify(.) by extension 'colcon_meta'
[0.283s] Level 1:colcon.colcon_core.package_identification:_identify(.) by extensions ['ros']
[0.283s] Level 1:colcon.colcon_core.package_identification:_identify(.) by extension 'ros'
[0.290s] Level 1:colcon.colcon_core.package_identification:_identify(.) by extensions ['cmake', 'python']
[0.290s] Level 1:colcon.colcon_core.package_identification:_identify(.) by extension 'cmake'
[0.290s] Level 1:colcon.colcon_core.package_identification:_identify(.) by extension 'python'
[0.290s] Level 1:colcon.colcon_core.package_identification:_identify(.) by extensions ['python_setup_py']
[0.290s] Level 1:colcon.colcon_core.package_identification:_identify(.) by extension 'python_setup_py'
[0.290s] Level 1:colcon.colcon_core.package_identification:_identify(build) by extensions ['ignore', 'ignore_ament_install']
[0.290s] Level 1:colcon.colcon_core.package_identification:_identify(build) by extension 'ignore'
[0.290s] Level 1:colcon.colcon_core.package_identification:_identify(build) ignored
[0.290s] Level 1:colcon.colcon_core.package_identification:_identify(install) by extensions ['ignore', 'ignore_ament_install']
[0.290s] Level 1:colcon.colcon_core.package_identification:_identify(install) by extension 'ignore'
[0.290s] Level 1:colcon.colcon_core.package_identification:_identify(install) ignored
[0.290s] Level 1:colcon.colcon_core.package_identification:_identify(log) by extensions ['ignore', 'ignore_ament_install']
[0.290s] Level 1:colcon.colcon_core.package_identification:_identify(log) by extension 'ignore'
[0.290s] Level 1:colcon.colcon_core.package_identification:_identify(log) ignored
[0.290s] Level 1:colcon.colcon_core.package_identification:_identify(match_pm_robot) by extensions ['ignore', 'ignore_ament_install']
[0.290s] Level 1:colcon.colcon_core.package_identification:_identify(match_pm_robot) by extension 'ignore'
[0.290s] Level 1:colcon.colcon_core.package_identification:_identify(match_pm_robot) by extension 'ignore_ament_install'
[0.290s] Level 1:colcon.colcon_core.package_identification:_identify(match_pm_robot) by extensions ['colcon_pkg']
[0.290s] Level 1:colcon.colcon_core.package_identification:_identify(match_pm_robot) by extension 'colcon_pkg'
[0.290s] Level 1:colcon.colcon_core.package_identification:_identify(match_pm_robot) by extensions ['colcon_meta']
[0.290s] Level 1:colcon.colcon_core.package_identification:_identify(match_pm_robot) by extension 'colcon_meta'
[0.290s] Level 1:colcon.colcon_core.package_identification:_identify(match_pm_robot) by extensions ['ros']
[0.291s] Level 1:colcon.colcon_core.package_identification:_identify(match_pm_robot) by extension 'ros'
[0.291s] Level 1:colcon.colcon_core.package_identification:_identify(match_pm_robot) by extensions ['cmake', 'python']
[0.291s] Level 1:colcon.colcon_core.package_identification:_identify(match_pm_robot) by extension 'cmake'
[0.291s] Level 1:colcon.colcon_core.package_identification:_identify(match_pm_robot) by extension 'python'
[0.291s] Level 1:colcon.colcon_core.package_identification:_identify(match_pm_robot) by extensions ['python_setup_py']
[0.291s] Level 1:colcon.colcon_core.package_identification:_identify(match_pm_robot) by extension 'python_setup_py'
[0.291s] Level 1:colcon.colcon_core.package_identification:_identify(open_cv) by extensions ['ignore', 'ignore_ament_install']
[0.291s] Level 1:colcon.colcon_core.package_identification:_identify(open_cv) by extension 'ignore'
[0.291s] Level 1:colcon.colcon_core.package_identification:_identify(open_cv) by extension 'ignore_ament_install'
[0.291s] Level 1:colcon.colcon_core.package_identification:_identify(open_cv) by extensions ['colcon_pkg']
[0.291s] Level 1:colcon.colcon_core.package_identification:_identify(open_cv) by extension 'colcon_pkg'
[0.291s] Level 1:colcon.colcon_core.package_identification:_identify(open_cv) by extensions ['colcon_meta']
[0.291s] Level 1:colcon.colcon_core.package_identification:_identify(open_cv) by extension 'colcon_meta'
[0.291s] Level 1:colcon.colcon_core.package_identification:_identify(open_cv) by extensions ['ros']
[0.291s] Level 1:colcon.colcon_core.package_identification:_identify(open_cv) by extension 'ros'
[0.293s] DEBUG:colcon.colcon_core.package_identification:Package 'open_cv' with type 'ros.ament_python' and name 'open_cv'
[0.293s] Level 1:colcon.colcon_core.package_identification:_identify(pm_bringup) by extensions ['ignore', 'ignore_ament_install']
[0.293s] Level 1:colcon.colcon_core.package_identification:_identify(pm_bringup) by extension 'ignore'
[0.293s] Level 1:colcon.colcon_core.package_identification:_identify(pm_bringup) by extension 'ignore_ament_install'
[0.293s] Level 1:colcon.colcon_core.package_identification:_identify(pm_bringup) by extensions ['colcon_pkg']
[0.293s] Level 1:colcon.colcon_core.package_identification:_identify(pm_bringup) by extension 'colcon_pkg'
[0.293s] Level 1:colcon.colcon_core.package_identification:_identify(pm_bringup) by extensions ['colcon_meta']
[0.293s] Level 1:colcon.colcon_core.package_identification:_identify(pm_bringup) by extension 'colcon_meta'
[0.293s] Level 1:colcon.colcon_core.package_identification:_identify(pm_bringup) by extensions ['ros']
[0.293s] Level 1:colcon.colcon_core.package_identification:_identify(pm_bringup) by extension 'ros'
[0.293s] DEBUG:colcon.colcon_core.package_identification:Package 'pm_bringup' with type 'ros.ament_cmake' and name 'pm_bringup'
[0.293s] Level 1:colcon.colcon_core.package_discovery:discover_packages(recursive) using defaults
[0.293s] Level 1:colcon.colcon_core.package_discovery:discover_packages(ignore) discover
[0.293s] Level 1:colcon.colcon_core.package_discovery:discover_packages(ignore) using defaults
[0.293s] Level 1:colcon.colcon_core.package_discovery:discover_packages(path) discover
[0.293s] Level 1:colcon.colcon_core.package_discovery:discover_packages(path) using defaults
[0.310s] Level 1:colcon.colcon_core.package_discovery:discover_packages(prefix_path) check parameters
[0.310s] Level 1:colcon.colcon_core.package_discovery:discover_packages(prefix_path) discover
[0.313s] DEBUG:colcon.colcon_installed_package_information.package_discovery:Found 2 installed packages in /home/pmlab/yueju2/change/install
[0.315s] DEBUG:colcon.colcon_installed_package_information.package_discovery:Found 78 installed packages in /home/pmlab/pm_ros2_ws/install
[0.317s] DEBUG:colcon.colcon_installed_package_information.package_discovery:Found 382 installed packages in /opt/ros/humble
[0.319s] Level 1:colcon.colcon_core.package_discovery:discover_packages(prefix_path) using defaults
[0.368s] Level 5:colcon.colcon_core.verb:set package 'open_cv' build argument 'cmake_args' from command line to 'None'
[0.368s] Level 5:colcon.colcon_core.verb:set package 'open_cv' build argument 'cmake_target' from command line to 'None'
[0.368s] Level 5:colcon.colcon_core.verb:set package 'open_cv' build argument 'cmake_target_skip_unavailable' from command line to 'False'
[0.368s] Level 5:colcon.colcon_core.verb:set package 'open_cv' build argument 'cmake_clean_cache' from command line to 'False'
[0.368s] Level 5:colcon.colcon_core.verb:set package 'open_cv' build argument 'cmake_clean_first' from command line to 'False'
[0.368s] Level 5:colcon.colcon_core.verb:set package 'open_cv' build argument 'cmake_force_configure' from command line to 'False'
[0.368s] Level 5:colcon.colcon_core.verb:set package 'open_cv' build argument 'ament_cmake_args' from command line to 'None'
[0.368s] Level 5:colcon.colcon_core.verb:set package 'open_cv' build argument 'catkin_cmake_args' from command line to 'None'
[0.368s] Level 5:colcon.colcon_core.verb:set package 'open_cv' build argument 'catkin_skip_building_tests' from command line to 'False'
[0.369s] DEBUG:colcon.colcon_core.verb:Building package 'open_cv' with the following arguments: {'ament_cmake_args': None, 'build_base': '/home/pmlab/yueju2/change/build/open_cv', 'catkin_cmake_args': None, 'catkin_skip_building_tests': False, 'cmake_args': None, 'cmake_clean_cache': False, 'cmake_clean_first': False, 'cmake_force_configure': False, 'cmake_target': None, 'cmake_target_skip_unavailable': False, 'install_base': '/home/pmlab/yueju2/change/install/open_cv', 'merge_install': False, 'path': '/home/pmlab/yueju2/change/open_cv', 'symlink_install': False, 'test_result_base': None}
[0.369s] Level 5:colcon.colcon_core.verb:set package 'pm_bringup' build argument 'cmake_args' from command line to 'None'
[0.369s] Level 5:colcon.colcon_core.verb:set package 'pm_bringup' build argument 'cmake_target' from command line to 'None'
[0.369s] Level 5:colcon.colcon_core.verb:set package 'pm_bringup' build argument 'cmake_target_skip_unavailable' from command line to 'False'
[0.369s] Level 5:colcon.colcon_core.verb:set package 'pm_bringup' build argument 'cmake_clean_cache' from command line to 'False'
[0.369s] Level 5:colcon.colcon_core.verb:set package 'pm_bringup' build argument 'cmake_clean_first' from command line to 'False'
[0.369s] Level 5:colcon.colcon_core.verb:set package 'pm_bringup' build argument 'cmake_force_configure' from command line to 'False'
[0.369s] Level 5:colcon.colcon_core.verb:set package 'pm_bringup' build argument 'ament_cmake_args' from command line to 'None'
[0.369s] Level 5:colcon.colcon_core.verb:set package 'pm_bringup' build argument 'catkin_cmake_args' from command line to 'None'
[0.369s] Level 5:colcon.colcon_core.verb:set package 'pm_bringup' build argument 'catkin_skip_building_tests' from command line to 'False'
[0.369s] DEBUG:colcon.colcon_core.verb:Building package 'pm_bringup' with the following arguments: {'ament_cmake_args': None, 'build_base': '/home/pmlab/yueju2/change/build/pm_bringup', 'catkin_cmake_args': None, 'catkin_skip_building_tests': False, 'cmake_args': None, 'cmake_clean_cache': False, 'cmake_clean_first': False, 'cmake_force_configure': False, 'cmake_target': None, 'cmake_target_skip_unavailable': False, 'install_base': '/home/pmlab/yueju2/change/install/pm_bringup', 'merge_install': False, 'path': '/home/pmlab/yueju2/change/pm_bringup', 'symlink_install': False, 'test_result_base': None}
[0.370s] INFO:colcon.colcon_core.executor:Executing jobs using 'parallel' executor
[0.372s] DEBUG:colcon.colcon_parallel_executor.executor.parallel:run_until_complete
[0.372s] INFO:colcon.colcon_ros.task.ament_python.build:Building ROS package in '/home/pmlab/yueju2/change/open_cv' with build type 'ament_python'
[0.372s] Level 1:colcon.colcon_core.shell:create_environment_hook('open_cv', 'ament_prefix_path')
[0.376s] INFO:colcon.colcon_core.plugin_system:Skipping extension 'colcon_core.shell.bat': Not used on non-Windows systems
[0.376s] INFO:colcon.colcon_core.shell:Creating environment hook '/home/pmlab/yueju2/change/install/open_cv/share/open_cv/hook/ament_prefix_path.ps1'
[0.376s] INFO:colcon.colcon_core.shell:Creating environment descriptor '/home/pmlab/yueju2/change/install/open_cv/share/open_cv/hook/ament_prefix_path.dsv'
[0.377s] INFO:colcon.colcon_core.shell:Creating environment hook '/home/pmlab/yueju2/change/install/open_cv/share/open_cv/hook/ament_prefix_path.sh'
[0.378s] INFO:colcon.colcon_core.shell:Skip shell extension 'powershell' for command environment: Not usable outside of PowerShell
[0.378s] DEBUG:colcon.colcon_core.shell:Skip shell extension 'dsv' for command environment
[0.587s] INFO:colcon.colcon_core.task.python.build:Building Python package in '/home/pmlab/yueju2/change/open_cv'
[0.588s] INFO:colcon.colcon_core.shell:Skip shell extension 'powershell' for command environment: Not usable outside of PowerShell
[0.588s] DEBUG:colcon.colcon_core.shell:Skip shell extension 'dsv' for command environment
[0.868s] DEBUG:colcon.colcon_core.event_handler.log_command:Invoking command in '/home/pmlab/yueju2/change/open_cv': PYTHONPATH=/home/pmlab/yueju2/change/build/open_cv/prefix_override:/home/pmlab/yueju2/change/install/open_cv/lib/python3.10/site-packages:${PYTHONPATH} /usr/bin/python3 setup.py egg_info --egg-base ../build/open_cv build --build-base /home/pmlab/yueju2/change/build/open_cv/build install --record /home/pmlab/yueju2/change/build/open_cv/install.log --single-version-externally-managed
[1.102s] DEBUG:colcon.colcon_core.event_handler.log_command:Invoked command in '/home/pmlab/yueju2/change/open_cv' returned '0': PYTHONPATH=/home/pmlab/yueju2/change/build/open_cv/prefix_override:/home/pmlab/yueju2/change/install/open_cv/lib/python3.10/site-packages:${PYTHONPATH} /usr/bin/python3 setup.py egg_info --egg-base ../build/open_cv build --build-base /home/pmlab/yueju2/change/build/open_cv/build install --record /home/pmlab/yueju2/change/build/open_cv/install.log --single-version-externally-managed
[1.106s] Level 1:colcon.colcon_core.environment:checking '/home/pmlab/yueju2/change/install/open_cv' for CMake module files
[1.106s] Level 1:colcon.colcon_core.environment:checking '/home/pmlab/yueju2/change/install/open_cv' for CMake config files
[1.107s] Level 1:colcon.colcon_core.environment:checking '/home/pmlab/yueju2/change/install/open_cv/lib'
[1.107s] Level 1:colcon.colcon_core.environment:checking '/home/pmlab/yueju2/change/install/open_cv/bin'
[1.107s] Level 1:colcon.colcon_core.environment:checking '/home/pmlab/yueju2/change/install/open_cv/lib/pkgconfig/open_cv.pc'
[1.107s] Level 1:colcon.colcon_core.environment:checking '/home/pmlab/yueju2/change/install/open_cv/lib/python3.10/site-packages'
[1.107s] Level 1:colcon.colcon_core.shell:create_environment_hook('open_cv', 'pythonpath')
[1.108s] INFO:colcon.colcon_core.shell:Creating environment hook '/home/pmlab/yueju2/change/install/open_cv/share/open_cv/hook/pythonpath.ps1'
[1.109s] INFO:colcon.colcon_core.shell:Creating environment descriptor '/home/pmlab/yueju2/change/install/open_cv/share/open_cv/hook/pythonpath.dsv'
[1.109s] INFO:colcon.colcon_core.shell:Creating environment hook '/home/pmlab/yueju2/change/install/open_cv/share/open_cv/hook/pythonpath.sh'
[1.109s] Level 1:colcon.colcon_core.environment:checking '/home/pmlab/yueju2/change/install/open_cv/bin'
[1.109s] Level 1:colcon.colcon_core.environment:create_environment_scripts_only(open_cv)
[1.110s] INFO:colcon.colcon_core.shell:Creating package script '/home/pmlab/yueju2/change/install/open_cv/share/open_cv/package.ps1'
[1.111s] INFO:colcon.colcon_core.shell:Creating package descriptor '/home/pmlab/yueju2/change/install/open_cv/share/open_cv/package.dsv'
[1.111s] INFO:colcon.colcon_core.shell:Creating package script '/home/pmlab/yueju2/change/install/open_cv/share/open_cv/package.sh'
[1.112s] INFO:colcon.colcon_core.shell:Creating package script '/home/pmlab/yueju2/change/install/open_cv/share/open_cv/package.bash'
[1.112s] INFO:colcon.colcon_core.shell:Creating package script '/home/pmlab/yueju2/change/install/open_cv/share/open_cv/package.zsh'
[1.113s] Level 1:colcon.colcon_core.environment:create_file_with_runtime_dependencies(/home/pmlab/yueju2/change/install/open_cv/share/colcon-core/packages/open_cv)
[1.113s] INFO:colcon.colcon_ros.task.ament_cmake.build:Building ROS package in '/home/pmlab/yueju2/change/pm_bringup' with build type 'ament_cmake'
[1.113s] INFO:colcon.colcon_cmake.task.cmake.build:Building CMake package in '/home/pmlab/yueju2/change/pm_bringup'
[1.114s] INFO:colcon.colcon_core.shell:Skip shell extension 'powershell' for command environment: Not usable outside of PowerShell
[1.114s] DEBUG:colcon.colcon_core.shell:Skip shell extension 'dsv' for command environment
[1.128s] DEBUG:colcon.colcon_core.event_handler.log_command:Invoking command in '/home/pmlab/yueju2/change/build/pm_bringup': AMENT_PREFIX_PATH=/home/pmlab/yueju2/change/install/open_cv:/home/pmlab/yueju2/change/install/pm_bringup:/home/pmlab/pm_ros2_ws/install/common_interfaces:/home/pmlab/pm_ros2_ws/install/visualization_msgs:/home/pmlab/pm_ros2_ws/install/geometry2:/home/pmlab/pm_ros2_ws/install/tf2_tools:/home/pmlab/pm_ros2_ws/install/tf2_sensor_msgs:/home/pmlab/pm_ros2_ws/install/test_tf2:/home/pmlab/pm_ros2_ws/install/tf2_kdl:/home/pmlab/pm_ros2_ws/install/tf2_geometry_msgs:/home/pmlab/pm_ros2_ws/install/examples_tf2_py:/home/pmlab/pm_ros2_ws/install/tf2_ros_py:/home/pmlab/pm_ros2_ws/install/tf2_eigen:/home/pmlab/pm_ros2_ws/install/tf2_bullet:/home/pmlab/pm_ros2_ws/install/pm_robot_moveit_config:/home/pmlab/pm_ros2_ws/install/tf2_ros:/home/pmlab/pm_ros2_ws/install/tf2_msgs:/home/pmlab/pm_ros2_ws/install/test_msgs:/home/pmlab/pm_ros2_ws/install/ros2cs_examples:/home/pmlab/pm_ros2_ws/install/pylon_ros2_camera_wrapper:/home/pmlab/pm_ros2_ws/install/pylon_ros2_camera_component:/home/pmlab/pm_ros2_ws/install/pylon_ros2_camera_interfaces:/home/pmlab/pm_ros2_ws/install/pm_robot_control_test:/home/pmlab/pm_ros2_ws/install/pm_robot_interfaces:/home/pmlab/pm_ros2_ws/install/example_interfaces:/home/pmlab/pm_ros2_ws/install/action_msgs:/home/pmlab/pm_ros2_ws/install/unique_identifier_msgs:/home/pmlab/pm_ros2_ws/install/trajectory_msgs:/home/pmlab/pm_ros2_ws/install/tf2_py:/home/pmlab/pm_ros2_ws/install/tf2_eigen_kdl:/home/pmlab/pm_ros2_ws/install/tf2:/home/pmlab/pm_ros2_ws/install/test_interface_files:/home/pmlab/pm_ros2_ws/install/stereo_msgs:/home/pmlab/pm_ros2_ws/install/std_srvs:/home/pmlab/pm_ros2_ws/install/object_spawner_manager:/home/pmlab/pm_ros2_ws/install/livecycle_example:/home/pmlab/pm_ros2_ws/install/spawn_object_interfaces:/home/pmlab/pm_ros2_ws/install/shape_msgs:/home/pmlab/pm_ros2_ws/install/sensor_msgs_py:/home/pmlab/pm_ros2_ws/install/pm_vision:/home/pmlab/pm_ros2_ws/install/image_common:/home/pmlab/pm_ros2_ws/install/image_transport:/home/pmlab/pm_ros2_ws/install/camera_info_manager:/home/pmlab/pm_ros2_ws/install/camera_calibration_parsers:/home/pmlab/pm_ros2_ws/install/sensor_msgs:/home/pmlab/pm_ros2_ws/install/pm_moveit_server:/home/pmlab/pm_ros2_ws/install/pm_moveit_interfaces:/home/pmlab/pm_ros2_ws/install/pm_move:/home/pmlab/pm_ros2_ws/install/nav_msgs:/home/pmlab/pm_ros2_ws/install/diagnostic_msgs:/home/pmlab/pm_ros2_ws/install/geometry_msgs:/home/pmlab/pm_ros2_ws/install/actionlib_msgs:/home/pmlab/pm_ros2_ws/install/std_msgs:/home/pmlab/pm_ros2_ws/install/statistics_msgs:/home/pmlab/pm_ros2_ws/install/spawn_object:/home/pmlab/pm_ros2_ws/install/rosidl_default_generators:/home/pmlab/pm_ros2_ws/install/rosidl_generator_cs:/home/pmlab/pm_ros2_ws/install/rosgraph_msgs:/home/pmlab/pm_ros2_ws/install/composition_interfaces:/home/pmlab/pm_ros2_ws/install/rcl_interfaces:/home/pmlab/pm_ros2_ws/install/pm_pneumatic_controller:/home/pmlab/pm_ros2_ws/install/pm_lights_controller:/home/pmlab/pm_ros2_ws/install/pm_msgs:/home/pmlab/pm_ros2_ws/install/lifecycle_msgs:/home/pmlab/pm_ros2_ws/install/builtin_interfaces:/home/pmlab/pm_ros2_ws/install/rosidl_default_runtime:/home/pmlab/pm_ros2_ws/install/ros2cs_core:/home/pmlab/pm_ros2_ws/install/ros2cs_common:/home/pmlab/pm_ros2_ws/install/pm_robot_gazebo:/home/pmlab/pm_ros2_ws/install/pm_robot_description:/home/pmlab/pm_ros2_ws/install/pm_robot_control:/home/pmlab/pm_ros2_ws/install/pm_robot_cameras:/home/pmlab/pm_ros2_ws/install/pm_robot_bringup:/home/pmlab/pm_ros2_ws/install/pm_hardware_interface:/home/pmlab/pm_ros2_ws/install/pm_client:/home/pmlab/pm_ros2_ws/install/open62541:/home/pmlab/pm_ros2_ws/install/opcua_server:/home/pmlab/pm_ros2_ws/install/dotnet_cmake_module:/home/pmlab/pm_ros2_ws/install/ament_cmake_export_assemblies:/opt/ros/humble CMAKE_PREFIX_PATH=${CMAKE_PREFIX_PATH}:/home/pmlab/yueju2/change/install/open_cv:/home/pmlab/pm_ros2_ws/install/tf2_tools:/home/pmlab/pm_ros2_ws/install/examples_tf2_py:/home/pmlab/pm_ros2_ws/install/tf2_ros_py:/home/pmlab/pm_ros2_ws/install/pm_robot_control_test:/home/pmlab/pm_ros2_ws/install/sensor_msgs_py:/home/pmlab/pm_ros2_ws/install/pm_vision:/home/pmlab/pm_ros2_ws/install/pm_move:/opt/ros/humble /usr/bin/cmake --build /home/pmlab/yueju2/change/build/pm_bringup -- -j16 -l16
[1.157s] DEBUG:colcon.colcon_core.event_handler.log_command:Invoked command in '/home/pmlab/yueju2/change/build/pm_bringup' returned '0': AMENT_PREFIX_PATH=/home/pmlab/yueju2/change/install/open_cv:/home/pmlab/yueju2/change/install/pm_bringup:/home/pmlab/pm_ros2_ws/install/common_interfaces:/home/pmlab/pm_ros2_ws/install/visualization_msgs:/home/pmlab/pm_ros2_ws/install/geometry2:/home/pmlab/pm_ros2_ws/install/tf2_tools:/home/pmlab/pm_ros2_ws/install/tf2_sensor_msgs:/home/pmlab/pm_ros2_ws/install/test_tf2:/home/pmlab/pm_ros2_ws/install/tf2_kdl:/home/pmlab/pm_ros2_ws/install/tf2_geometry_msgs:/home/pmlab/pm_ros2_ws/install/examples_tf2_py:/home/pmlab/pm_ros2_ws/install/tf2_ros_py:/home/pmlab/pm_ros2_ws/install/tf2_eigen:/home/pmlab/pm_ros2_ws/install/tf2_bullet:/home/pmlab/pm_ros2_ws/install/pm_robot_moveit_config:/home/pmlab/pm_ros2_ws/install/tf2_ros:/home/pmlab/pm_ros2_ws/install/tf2_msgs:/home/pmlab/pm_ros2_ws/install/test_msgs:/home/pmlab/pm_ros2_ws/install/ros2cs_examples:/home/pmlab/pm_ros2_ws/install/pylon_ros2_camera_wrapper:/home/pmlab/pm_ros2_ws/install/pylon_ros2_camera_component:/home/pmlab/pm_ros2_ws/install/pylon_ros2_camera_interfaces:/home/pmlab/pm_ros2_ws/install/pm_robot_control_test:/home/pmlab/pm_ros2_ws/install/pm_robot_interfaces:/home/pmlab/pm_ros2_ws/install/example_interfaces:/home/pmlab/pm_ros2_ws/install/action_msgs:/home/pmlab/pm_ros2_ws/install/unique_identifier_msgs:/home/pmlab/pm_ros2_ws/install/trajectory_msgs:/home/pmlab/pm_ros2_ws/install/tf2_py:/home/pmlab/pm_ros2_ws/install/tf2_eigen_kdl:/home/pmlab/pm_ros2_ws/install/tf2:/home/pmlab/pm_ros2_ws/install/test_interface_files:/home/pmlab/pm_ros2_ws/install/stereo_msgs:/home/pmlab/pm_ros2_ws/install/std_srvs:/home/pmlab/pm_ros2_ws/install/object_spawner_manager:/home/pmlab/pm_ros2_ws/install/livecycle_example:/home/pmlab/pm_ros2_ws/install/spawn_object_interfaces:/home/pmlab/pm_ros2_ws/install/shape_msgs:/home/pmlab/pm_ros2_ws/install/sensor_msgs_py:/home/pmlab/pm_ros2_ws/install/pm_vision:/home/pmlab/pm_ros2_ws/install/image_common:/home/pmlab/pm_ros2_ws/install/image_transport:/home/pmlab/pm_ros2_ws/install/camera_info_manager:/home/pmlab/pm_ros2_ws/install/camera_calibration_parsers:/home/pmlab/pm_ros2_ws/install/sensor_msgs:/home/pmlab/pm_ros2_ws/install/pm_moveit_server:/home/pmlab/pm_ros2_ws/install/pm_moveit_interfaces:/home/pmlab/pm_ros2_ws/install/pm_move:/home/pmlab/pm_ros2_ws/install/nav_msgs:/home/pmlab/pm_ros2_ws/install/diagnostic_msgs:/home/pmlab/pm_ros2_ws/install/geometry_msgs:/home/pmlab/pm_ros2_ws/install/actionlib_msgs:/home/pmlab/pm_ros2_ws/install/std_msgs:/home/pmlab/pm_ros2_ws/install/statistics_msgs:/home/pmlab/pm_ros2_ws/install/spawn_object:/home/pmlab/pm_ros2_ws/install/rosidl_default_generators:/home/pmlab/pm_ros2_ws/install/rosidl_generator_cs:/home/pmlab/pm_ros2_ws/install/rosgraph_msgs:/home/pmlab/pm_ros2_ws/install/composition_interfaces:/home/pmlab/pm_ros2_ws/install/rcl_interfaces:/home/pmlab/pm_ros2_ws/install/pm_pneumatic_controller:/home/pmlab/pm_ros2_ws/install/pm_lights_controller:/home/pmlab/pm_ros2_ws/install/pm_msgs:/home/pmlab/pm_ros2_ws/install/lifecycle_msgs:/home/pmlab/pm_ros2_ws/install/builtin_interfaces:/home/pmlab/pm_ros2_ws/install/rosidl_default_runtime:/home/pmlab/pm_ros2_ws/install/ros2cs_core:/home/pmlab/pm_ros2_ws/install/ros2cs_common:/home/pmlab/pm_ros2_ws/install/pm_robot_gazebo:/home/pmlab/pm_ros2_ws/install/pm_robot_description:/home/pmlab/pm_ros2_ws/install/pm_robot_control:/home/pmlab/pm_ros2_ws/install/pm_robot_cameras:/home/pmlab/pm_ros2_ws/install/pm_robot_bringup:/home/pmlab/pm_ros2_ws/install/pm_hardware_interface:/home/pmlab/pm_ros2_ws/install/pm_client:/home/pmlab/pm_ros2_ws/install/open62541:/home/pmlab/pm_ros2_ws/install/opcua_server:/home/pmlab/pm_ros2_ws/install/dotnet_cmake_module:/home/pmlab/pm_ros2_ws/install/ament_cmake_export_assemblies:/opt/ros/humble CMAKE_PREFIX_PATH=${CMAKE_PREFIX_PATH}:/home/pmlab/yueju2/change/install/open_cv:/home/pmlab/pm_ros2_ws/install/tf2_tools:/home/pmlab/pm_ros2_ws/install/examples_tf2_py:/home/pmlab/pm_ros2_ws/install/tf2_ros_py:/home/pmlab/pm_ros2_ws/install/pm_robot_control_test:/home/pmlab/pm_ros2_ws/install/sensor_msgs_py:/home/pmlab/pm_ros2_ws/install/pm_vision:/home/pmlab/pm_ros2_ws/install/pm_move:/opt/ros/humble /usr/bin/cmake --build /home/pmlab/yueju2/change/build/pm_bringup -- -j16 -l16
[1.184s] DEBUG:colcon.colcon_core.event_handler.log_command:Invoking command in '/home/pmlab/yueju2/change/build/pm_bringup': AMENT_PREFIX_PATH=/home/pmlab/yueju2/change/install/open_cv:/home/pmlab/yueju2/change/install/pm_bringup:/home/pmlab/pm_ros2_ws/install/common_interfaces:/home/pmlab/pm_ros2_ws/install/visualization_msgs:/home/pmlab/pm_ros2_ws/install/geometry2:/home/pmlab/pm_ros2_ws/install/tf2_tools:/home/pmlab/pm_ros2_ws/install/tf2_sensor_msgs:/home/pmlab/pm_ros2_ws/install/test_tf2:/home/pmlab/pm_ros2_ws/install/tf2_kdl:/home/pmlab/pm_ros2_ws/install/tf2_geometry_msgs:/home/pmlab/pm_ros2_ws/install/examples_tf2_py:/home/pmlab/pm_ros2_ws/install/tf2_ros_py:/home/pmlab/pm_ros2_ws/install/tf2_eigen:/home/pmlab/pm_ros2_ws/install/tf2_bullet:/home/pmlab/pm_ros2_ws/install/pm_robot_moveit_config:/home/pmlab/pm_ros2_ws/install/tf2_ros:/home/pmlab/pm_ros2_ws/install/tf2_msgs:/home/pmlab/pm_ros2_ws/install/test_msgs:/home/pmlab/pm_ros2_ws/install/ros2cs_examples:/home/pmlab/pm_ros2_ws/install/pylon_ros2_camera_wrapper:/home/pmlab/pm_ros2_ws/install/pylon_ros2_camera_component:/home/pmlab/pm_ros2_ws/install/pylon_ros2_camera_interfaces:/home/pmlab/pm_ros2_ws/install/pm_robot_control_test:/home/pmlab/pm_ros2_ws/install/pm_robot_interfaces:/home/pmlab/pm_ros2_ws/install/example_interfaces:/home/pmlab/pm_ros2_ws/install/action_msgs:/home/pmlab/pm_ros2_ws/install/unique_identifier_msgs:/home/pmlab/pm_ros2_ws/install/trajectory_msgs:/home/pmlab/pm_ros2_ws/install/tf2_py:/home/pmlab/pm_ros2_ws/install/tf2_eigen_kdl:/home/pmlab/pm_ros2_ws/install/tf2:/home/pmlab/pm_ros2_ws/install/test_interface_files:/home/pmlab/pm_ros2_ws/install/stereo_msgs:/home/pmlab/pm_ros2_ws/install/std_srvs:/home/pmlab/pm_ros2_ws/install/object_spawner_manager:/home/pmlab/pm_ros2_ws/install/livecycle_example:/home/pmlab/pm_ros2_ws/install/spawn_object_interfaces:/home/pmlab/pm_ros2_ws/install/shape_msgs:/home/pmlab/pm_ros2_ws/install/sensor_msgs_py:/home/pmlab/pm_ros2_ws/install/pm_vision:/home/pmlab/pm_ros2_ws/install/image_common:/home/pmlab/pm_ros2_ws/install/image_transport:/home/pmlab/pm_ros2_ws/install/camera_info_manager:/home/pmlab/pm_ros2_ws/install/camera_calibration_parsers:/home/pmlab/pm_ros2_ws/install/sensor_msgs:/home/pmlab/pm_ros2_ws/install/pm_moveit_server:/home/pmlab/pm_ros2_ws/install/pm_moveit_interfaces:/home/pmlab/pm_ros2_ws/install/pm_move:/home/pmlab/pm_ros2_ws/install/nav_msgs:/home/pmlab/pm_ros2_ws/install/diagnostic_msgs:/home/pmlab/pm_ros2_ws/install/geometry_msgs:/home/pmlab/pm_ros2_ws/install/actionlib_msgs:/home/pmlab/pm_ros2_ws/install/std_msgs:/home/pmlab/pm_ros2_ws/install/statistics_msgs:/home/pmlab/pm_ros2_ws/install/spawn_object:/home/pmlab/pm_ros2_ws/install/rosidl_default_generators:/home/pmlab/pm_ros2_ws/install/rosidl_generator_cs:/home/pmlab/pm_ros2_ws/install/rosgraph_msgs:/home/pmlab/pm_ros2_ws/install/composition_interfaces:/home/pmlab/pm_ros2_ws/install/rcl_interfaces:/home/pmlab/pm_ros2_ws/install/pm_pneumatic_controller:/home/pmlab/pm_ros2_ws/install/pm_lights_controller:/home/pmlab/pm_ros2_ws/install/pm_msgs:/home/pmlab/pm_ros2_ws/install/lifecycle_msgs:/home/pmlab/pm_ros2_ws/install/builtin_interfaces:/home/pmlab/pm_ros2_ws/install/rosidl_default_runtime:/home/pmlab/pm_ros2_ws/install/ros2cs_core:/home/pmlab/pm_ros2_ws/install/ros2cs_common:/home/pmlab/pm_ros2_ws/install/pm_robot_gazebo:/home/pmlab/pm_ros2_ws/install/pm_robot_description:/home/pmlab/pm_ros2_ws/install/pm_robot_control:/home/pmlab/pm_ros2_ws/install/pm_robot_cameras:/home/pmlab/pm_ros2_ws/install/pm_robot_bringup:/home/pmlab/pm_ros2_ws/install/pm_hardware_interface:/home/pmlab/pm_ros2_ws/install/pm_client:/home/pmlab/pm_ros2_ws/install/open62541:/home/pmlab/pm_ros2_ws/install/opcua_server:/home/pmlab/pm_ros2_ws/install/dotnet_cmake_module:/home/pmlab/pm_ros2_ws/install/ament_cmake_export_assemblies:/opt/ros/humble CMAKE_PREFIX_PATH=${CMAKE_PREFIX_PATH}:/home/pmlab/yueju2/change/install/open_cv:/home/pmlab/pm_ros2_ws/install/tf2_tools:/home/pmlab/pm_ros2_ws/install/examples_tf2_py:/home/pmlab/pm_ros2_ws/install/tf2_ros_py:/home/pmlab/pm_ros2_ws/install/pm_robot_control_test:/home/pmlab/pm_ros2_ws/install/sensor_msgs_py:/home/pmlab/pm_ros2_ws/install/pm_vision:/home/pmlab/pm_ros2_ws/install/pm_move:/opt/ros/humble /usr/bin/cmake --install /home/pmlab/yueju2/change/build/pm_bringup
[1.191s] Level 1:colcon.colcon_core.environment:create_environment_scripts_only(pm_bringup)
[1.193s] Level 1:colcon.colcon_core.environment:checking '/home/pmlab/yueju2/change/install/pm_bringup' for CMake module files
[1.193s] DEBUG:colcon.colcon_core.event_handler.log_command:Invoked command in '/home/pmlab/yueju2/change/build/pm_bringup' returned '0': AMENT_PREFIX_PATH=/home/pmlab/yueju2/change/install/open_cv:/home/pmlab/yueju2/change/install/pm_bringup:/home/pmlab/pm_ros2_ws/install/common_interfaces:/home/pmlab/pm_ros2_ws/install/visualization_msgs:/home/pmlab/pm_ros2_ws/install/geometry2:/home/pmlab/pm_ros2_ws/install/tf2_tools:/home/pmlab/pm_ros2_ws/install/tf2_sensor_msgs:/home/pmlab/pm_ros2_ws/install/test_tf2:/home/pmlab/pm_ros2_ws/install/tf2_kdl:/home/pmlab/pm_ros2_ws/install/tf2_geometry_msgs:/home/pmlab/pm_ros2_ws/install/examples_tf2_py:/home/pmlab/pm_ros2_ws/install/tf2_ros_py:/home/pmlab/pm_ros2_ws/install/tf2_eigen:/home/pmlab/pm_ros2_ws/install/tf2_bullet:/home/pmlab/pm_ros2_ws/install/pm_robot_moveit_config:/home/pmlab/pm_ros2_ws/install/tf2_ros:/home/pmlab/pm_ros2_ws/install/tf2_msgs:/home/pmlab/pm_ros2_ws/install/test_msgs:/home/pmlab/pm_ros2_ws/install/ros2cs_examples:/home/pmlab/pm_ros2_ws/install/pylon_ros2_camera_wrapper:/home/pmlab/pm_ros2_ws/install/pylon_ros2_camera_component:/home/pmlab/pm_ros2_ws/install/pylon_ros2_camera_interfaces:/home/pmlab/pm_ros2_ws/install/pm_robot_control_test:/home/pmlab/pm_ros2_ws/install/pm_robot_interfaces:/home/pmlab/pm_ros2_ws/install/example_interfaces:/home/pmlab/pm_ros2_ws/install/action_msgs:/home/pmlab/pm_ros2_ws/install/unique_identifier_msgs:/home/pmlab/pm_ros2_ws/install/trajectory_msgs:/home/pmlab/pm_ros2_ws/install/tf2_py:/home/pmlab/pm_ros2_ws/install/tf2_eigen_kdl:/home/pmlab/pm_ros2_ws/install/tf2:/home/pmlab/pm_ros2_ws/install/test_interface_files:/home/pmlab/pm_ros2_ws/install/stereo_msgs:/home/pmlab/pm_ros2_ws/install/std_srvs:/home/pmlab/pm_ros2_ws/install/object_spawner_manager:/home/pmlab/pm_ros2_ws/install/livecycle_example:/home/pmlab/pm_ros2_ws/install/spawn_object_interfaces:/home/pmlab/pm_ros2_ws/install/shape_msgs:/home/pmlab/pm_ros2_ws/install/sensor_msgs_py:/home/pmlab/pm_ros2_ws/install/pm_vision:/home/pmlab/pm_ros2_ws/install/image_common:/home/pmlab/pm_ros2_ws/install/image_transport:/home/pmlab/pm_ros2_ws/install/camera_info_manager:/home/pmlab/pm_ros2_ws/install/camera_calibration_parsers:/home/pmlab/pm_ros2_ws/install/sensor_msgs:/home/pmlab/pm_ros2_ws/install/pm_moveit_server:/home/pmlab/pm_ros2_ws/install/pm_moveit_interfaces:/home/pmlab/pm_ros2_ws/install/pm_move:/home/pmlab/pm_ros2_ws/install/nav_msgs:/home/pmlab/pm_ros2_ws/install/diagnostic_msgs:/home/pmlab/pm_ros2_ws/install/geometry_msgs:/home/pmlab/pm_ros2_ws/install/actionlib_msgs:/home/pmlab/pm_ros2_ws/install/std_msgs:/home/pmlab/pm_ros2_ws/install/statistics_msgs:/home/pmlab/pm_ros2_ws/install/spawn_object:/home/pmlab/pm_ros2_ws/install/rosidl_default_generators:/home/pmlab/pm_ros2_ws/install/rosidl_generator_cs:/home/pmlab/pm_ros2_ws/install/rosgraph_msgs:/home/pmlab/pm_ros2_ws/install/composition_interfaces:/home/pmlab/pm_ros2_ws/install/rcl_interfaces:/home/pmlab/pm_ros2_ws/install/pm_pneumatic_controller:/home/pmlab/pm_ros2_ws/install/pm_lights_controller:/home/pmlab/pm_ros2_ws/install/pm_msgs:/home/pmlab/pm_ros2_ws/install/lifecycle_msgs:/home/pmlab/pm_ros2_ws/install/builtin_interfaces:/home/pmlab/pm_ros2_ws/install/rosidl_default_runtime:/home/pmlab/pm_ros2_ws/install/ros2cs_core:/home/pmlab/pm_ros2_ws/install/ros2cs_common:/home/pmlab/pm_ros2_ws/install/pm_robot_gazebo:/home/pmlab/pm_ros2_ws/install/pm_robot_description:/home/pmlab/pm_ros2_ws/install/pm_robot_control:/home/pmlab/pm_ros2_ws/install/pm_robot_cameras:/home/pmlab/pm_ros2_ws/install/pm_robot_bringup:/home/pmlab/pm_ros2_ws/install/pm_hardware_interface:/home/pmlab/pm_ros2_ws/install/pm_client:/home/pmlab/pm_ros2_ws/install/open62541:/home/pmlab/pm_ros2_ws/install/opcua_server:/home/pmlab/pm_ros2_ws/install/dotnet_cmake_module:/home/pmlab/pm_ros2_ws/install/ament_cmake_export_assemblies:/opt/ros/humble CMAKE_PREFIX_PATH=${CMAKE_PREFIX_PATH}:/home/pmlab/yueju2/change/install/open_cv:/home/pmlab/pm_ros2_ws/install/tf2_tools:/home/pmlab/pm_ros2_ws/install/examples_tf2_py:/home/pmlab/pm_ros2_ws/install/tf2_ros_py:/home/pmlab/pm_ros2_ws/install/pm_robot_control_test:/home/pmlab/pm_ros2_ws/install/sensor_msgs_py:/home/pmlab/pm_ros2_ws/install/pm_vision:/home/pmlab/pm_ros2_ws/install/pm_move:/opt/ros/humble /usr/bin/cmake --install /home/pmlab/yueju2/change/build/pm_bringup
[1.193s] Level 1:colcon.colcon_core.environment:checking '/home/pmlab/yueju2/change/install/pm_bringup' for CMake config files
[1.193s] Level 1:colcon.colcon_core.shell:create_environment_hook('pm_bringup', 'cmake_prefix_path')
[1.194s] INFO:colcon.colcon_core.shell:Creating environment hook '/home/pmlab/yueju2/change/install/pm_bringup/share/pm_bringup/hook/cmake_prefix_path.ps1'
[1.194s] INFO:colcon.colcon_core.shell:Creating environment descriptor '/home/pmlab/yueju2/change/install/pm_bringup/share/pm_bringup/hook/cmake_prefix_path.dsv'
[1.195s] INFO:colcon.colcon_core.shell:Creating environment hook '/home/pmlab/yueju2/change/install/pm_bringup/share/pm_bringup/hook/cmake_prefix_path.sh'
[1.195s] Level 1:colcon.colcon_core.environment:checking '/home/pmlab/yueju2/change/install/pm_bringup/bin'
[1.195s] Level 1:colcon.colcon_core.environment:checking '/home/pmlab/yueju2/change/install/pm_bringup/lib/pkgconfig/pm_bringup.pc'
[1.195s] Level 1:colcon.colcon_core.environment:checking '/home/pmlab/yueju2/change/install/pm_bringup/lib/python3.10/site-packages'
[1.195s] Level 1:colcon.colcon_core.environment:checking '/home/pmlab/yueju2/change/install/pm_bringup/bin'
[1.196s] INFO:colcon.colcon_core.shell:Creating package script '/home/pmlab/yueju2/change/install/pm_bringup/share/pm_bringup/package.ps1'
[1.196s] INFO:colcon.colcon_core.shell:Creating package descriptor '/home/pmlab/yueju2/change/install/pm_bringup/share/pm_bringup/package.dsv'
[1.197s] INFO:colcon.colcon_core.shell:Creating package script '/home/pmlab/yueju2/change/install/pm_bringup/share/pm_bringup/package.sh'
[1.197s] INFO:colcon.colcon_core.shell:Creating package script '/home/pmlab/yueju2/change/install/pm_bringup/share/pm_bringup/package.bash'
[1.197s] INFO:colcon.colcon_core.shell:Creating package script '/home/pmlab/yueju2/change/install/pm_bringup/share/pm_bringup/package.zsh'
[1.197s] Level 1:colcon.colcon_core.environment:create_file_with_runtime_dependencies(/home/pmlab/yueju2/change/install/pm_bringup/share/colcon-core/packages/pm_bringup)
[1.217s] Level 1:colcon.colcon_core.environment:create_environment_scripts_only(pm_bringup)
[1.218s] Level 1:colcon.colcon_core.environment:checking '/home/pmlab/yueju2/change/install/pm_bringup' for CMake module files
[1.219s] Level 1:colcon.colcon_core.environment:checking '/home/pmlab/yueju2/change/install/pm_bringup' for CMake config files
[1.219s] Level 1:colcon.colcon_core.shell:create_environment_hook('pm_bringup', 'cmake_prefix_path')
[1.220s] INFO:colcon.colcon_core.shell:Creating environment hook '/home/pmlab/yueju2/change/install/pm_bringup/share/pm_bringup/hook/cmake_prefix_path.ps1'
[1.220s] INFO:colcon.colcon_core.shell:Creating environment descriptor '/home/pmlab/yueju2/change/install/pm_bringup/share/pm_bringup/hook/cmake_prefix_path.dsv'
[1.220s] INFO:colcon.colcon_core.shell:Creating environment hook '/home/pmlab/yueju2/change/install/pm_bringup/share/pm_bringup/hook/cmake_prefix_path.sh'
[1.220s] Level 1:colcon.colcon_core.environment:checking '/home/pmlab/yueju2/change/install/pm_bringup/bin'
[1.220s] Level 1:colcon.colcon_core.environment:checking '/home/pmlab/yueju2/change/install/pm_bringup/lib/pkgconfig/pm_bringup.pc'
[1.221s] Level 1:colcon.colcon_core.environment:checking '/home/pmlab/yueju2/change/install/pm_bringup/lib/python3.10/site-packages'
[1.221s] Level 1:colcon.colcon_core.environment:checking '/home/pmlab/yueju2/change/install/pm_bringup/bin'
[1.222s] INFO:colcon.colcon_core.shell:Creating package script '/home/pmlab/yueju2/change/install/pm_bringup/share/pm_bringup/package.ps1'
[1.222s] INFO:colcon.colcon_core.shell:Creating package descriptor '/home/pmlab/yueju2/change/install/pm_bringup/share/pm_bringup/package.dsv'
[1.222s] INFO:colcon.colcon_core.shell:Creating package script '/home/pmlab/yueju2/change/install/pm_bringup/share/pm_bringup/package.sh'
[1.222s] INFO:colcon.colcon_core.shell:Creating package script '/home/pmlab/yueju2/change/install/pm_bringup/share/pm_bringup/package.bash'
[1.223s] INFO:colcon.colcon_core.shell:Creating package script '/home/pmlab/yueju2/change/install/pm_bringup/share/pm_bringup/package.zsh'
[1.223s] Level 1:colcon.colcon_core.environment:create_file_with_runtime_dependencies(/home/pmlab/yueju2/change/install/pm_bringup/share/colcon-core/packages/pm_bringup)
[1.223s] DEBUG:colcon.colcon_parallel_executor.executor.parallel:closing loop
[1.223s] DEBUG:colcon.colcon_parallel_executor.executor.parallel:loop closed
[1.223s] DEBUG:colcon.colcon_parallel_executor.executor.parallel:run_until_complete finished with '0'
[1.223s] DEBUG:colcon.colcon_core.event_reactor:joining thread
[1.228s] INFO:colcon.colcon_core.plugin_system:Skipping extension 'colcon_notification.desktop_notification.terminal_notifier': Not used on non-Darwin systems
[1.228s] INFO:colcon.colcon_core.plugin_system:Skipping extension 'colcon_notification.desktop_notification.win32': Not used on non-Windows systems
[1.228s] INFO:colcon.colcon_notification.desktop_notification:Sending desktop notification using 'notify2'
[1.236s] DEBUG:colcon.colcon_core.event_reactor:joined thread
[1.238s] INFO:colcon.colcon_core.shell:Creating prefix script '/home/pmlab/yueju2/change/install/local_setup.ps1'
[1.238s] INFO:colcon.colcon_core.shell:Creating prefix util module '/home/pmlab/yueju2/change/install/_local_setup_util_ps1.py'
[1.239s] INFO:colcon.colcon_core.shell:Creating prefix chain script '/home/pmlab/yueju2/change/install/setup.ps1'
[1.242s] INFO:colcon.colcon_core.shell:Creating prefix script '/home/pmlab/yueju2/change/install/local_setup.sh'
[1.242s] INFO:colcon.colcon_core.shell:Creating prefix util module '/home/pmlab/yueju2/change/install/_local_setup_util_sh.py'
[1.242s] INFO:colcon.colcon_core.shell:Creating prefix chain script '/home/pmlab/yueju2/change/install/setup.sh'
[1.245s] INFO:colcon.colcon_core.shell:Creating prefix script '/home/pmlab/yueju2/change/install/local_setup.bash'
[1.245s] INFO:colcon.colcon_core.shell:Creating prefix chain script '/home/pmlab/yueju2/change/install/setup.bash'
[1.247s] INFO:colcon.colcon_core.shell:Creating prefix script '/home/pmlab/yueju2/change/install/local_setup.zsh'
[1.248s] INFO:colcon.colcon_core.shell:Creating prefix chain script '/home/pmlab/yueju2/change/install/setup.zsh'
