[0.096s] Invoking command in '/home/yueju/led/build/pm_robot_moveit_config': AMENT_PREFIX_PATH=/home/yueju/led/install/pm_robot_description:${AMENT_PREFIX_PATH} CMAKE_PREFIX_PATH=/home/yueju/led/install/pm_robot_description:/opt/ros/humble /usr/bin/cmake --build /home/yueju/led/build/pm_robot_moveit_config -- -j8 -l8
[0.220s] Invoked command in '/home/yueju/led/build/pm_robot_moveit_config' returned '0': AMENT_PREFIX_PATH=/home/yueju/led/install/pm_robot_description:${AMENT_PREFIX_PATH} CMAKE_PREFIX_PATH=/home/yueju/led/install/pm_robot_description:/opt/ros/humble /usr/bin/cmake --build /home/yueju/led/build/pm_robot_moveit_config -- -j8 -l8
[0.319s] Invoking command in '/home/yueju/led/build/pm_robot_moveit_config': AMENT_PREFIX_PATH=/home/yueju/led/install/pm_robot_description:${AMENT_PREFIX_PATH} CMAKE_PREFIX_PATH=/home/yueju/led/install/pm_robot_description:/opt/ros/humble /usr/bin/cmake --install /home/yueju/led/build/pm_robot_moveit_config
[0.357s] -- Install configuration: ""
[0.371s] -- Up-to-date: /home/yueju/led/install/pm_robot_moveit_config/share/ament_index/resource_index/package_run_dependencies/pm_robot_moveit_config
[0.372s] -- Up-to-date: /home/yueju/led/install/pm_robot_moveit_config/share/ament_index/resource_index/parent_prefix_path/pm_robot_moveit_config
[0.373s] -- Up-to-date: /home/yueju/led/install/pm_robot_moveit_config/share/pm_robot_moveit_config/environment/ament_prefix_path.sh
[0.373s] -- Up-to-date: /home/yueju/led/install/pm_robot_moveit_config/share/pm_robot_moveit_config/environment/ament_prefix_path.dsv
[0.374s] -- Up-to-date: /home/yueju/led/install/pm_robot_moveit_config/share/pm_robot_moveit_config/environment/path.sh
[0.374s] -- Up-to-date: /home/yueju/led/install/pm_robot_moveit_config/share/pm_robot_moveit_config/environment/path.dsv
[0.375s] -- Up-to-date: /home/yueju/led/install/pm_robot_moveit_config/share/pm_robot_moveit_config/local_setup.bash
[0.376s] -- Up-to-date: /home/yueju/led/install/pm_robot_moveit_config/share/pm_robot_moveit_config/local_setup.sh
[0.376s] -- Up-to-date: /home/yueju/led/install/pm_robot_moveit_config/share/pm_robot_moveit_config/local_setup.zsh
[0.377s] -- Up-to-date: /home/yueju/led/install/pm_robot_moveit_config/share/pm_robot_moveit_config/local_setup.dsv
[0.378s] -- Installing: /home/yueju/led/install/pm_robot_moveit_config/share/pm_robot_moveit_config/package.dsv
[0.402s] -- Up-to-date: /home/yueju/led/install/pm_robot_moveit_config/share/ament_index/resource_index/packages/pm_robot_moveit_config
[0.403s] -- Up-to-date: /home/yueju/led/install/pm_robot_moveit_config/share/pm_robot_moveit_config/cmake/pm_robot_moveit_configConfig.cmake
[0.403s] -- Up-to-date: /home/yueju/led/install/pm_robot_moveit_config/share/pm_robot_moveit_config/cmake/pm_robot_moveit_configConfig-version.cmake
[0.403s] -- Up-to-date: /home/yueju/led/install/pm_robot_moveit_config/share/pm_robot_moveit_config/package.xml
[0.404s] -- Up-to-date: /home/yueju/led/install/pm_robot_moveit_config/share/pm_robot_moveit_config/launch
[0.411s] -- Up-to-date: /home/yueju/led/install/pm_robot_moveit_config/share/pm_robot_moveit_config/launch/moveit_rviz.launch.py
[0.411s] -- Up-to-date: /home/yueju/led/install/pm_robot_moveit_config/share/pm_robot_moveit_config/launch/move_group.launch.py
[0.411s] -- Up-to-date: /home/yueju/led/install/pm_robot_moveit_config/share/pm_robot_moveit_config/launch/spawn_controllers.launch.py
[0.412s] -- Up-to-date: /home/yueju/led/install/pm_robot_moveit_config/share/pm_robot_moveit_config/launch/static_virtual_joint_tfs.launch.py
[0.413s] -- Up-to-date: /home/yueju/led/install/pm_robot_moveit_config/share/pm_robot_moveit_config/launch/rsp.launch.py
[0.413s] -- Up-to-date: /home/yueju/led/install/pm_robot_moveit_config/share/pm_robot_moveit_config/launch/demo.launch.py
[0.414s] -- Up-to-date: /home/yueju/led/install/pm_robot_moveit_config/share/pm_robot_moveit_config/launch/warehouse_db.launch.py
[0.415s] -- Up-to-date: /home/yueju/led/install/pm_robot_moveit_config/share/pm_robot_moveit_config/launch/setup_assistant.launch.py
[0.415s] -- Up-to-date: /home/yueju/led/install/pm_robot_moveit_config/share/pm_robot_moveit_config/config
[0.423s] -- Up-to-date: /home/yueju/led/install/pm_robot_moveit_config/share/pm_robot_moveit_config/config/sensors_3d.yaml
[0.424s] -- Up-to-date: /home/yueju/led/install/pm_robot_moveit_config/share/pm_robot_moveit_config/config/pm_robot.urdf.xacro
[0.424s] -- Up-to-date: /home/yueju/led/install/pm_robot_moveit_config/share/pm_robot_moveit_config/config/initial_positions.yaml
[0.425s] -- Up-to-date: /home/yueju/led/install/pm_robot_moveit_config/share/pm_robot_moveit_config/config/moveit_controllers.yaml
[0.425s] -- Up-to-date: /home/yueju/led/install/pm_robot_moveit_config/share/pm_robot_moveit_config/config/moveit.rviz
[0.425s] -- Up-to-date: /home/yueju/led/install/pm_robot_moveit_config/share/pm_robot_moveit_config/config/kinematics.yaml
[0.426s] -- Up-to-date: /home/yueju/led/install/pm_robot_moveit_config/share/pm_robot_moveit_config/config/joint_limits.yaml
[0.426s] -- Up-to-date: /home/yueju/led/install/pm_robot_moveit_config/share/pm_robot_moveit_config/config/pm_robot.ros2_control.xacro
[0.426s] -- Up-to-date: /home/yueju/led/install/pm_robot_moveit_config/share/pm_robot_moveit_config/config/pm_robot.srdf
[0.427s] -- Up-to-date: /home/yueju/led/install/pm_robot_moveit_config/share/pm_robot_moveit_config/config/ros2_controllers.yaml
[0.427s] -- Up-to-date: /home/yueju/led/install/pm_robot_moveit_config/share/pm_robot_moveit_config/config/pilz_cartesian_limits.yaml
[0.427s] -- Up-to-date: /home/yueju/led/install/pm_robot_moveit_config/share/pm_robot_moveit_config/.setup_assistant
[0.428s] Invoked command in '/home/yueju/led/build/pm_robot_moveit_config' returned '0': AMENT_PREFIX_PATH=/home/yueju/led/install/pm_robot_description:${AMENT_PREFIX_PATH} CMAKE_PREFIX_PATH=/home/yueju/led/install/pm_robot_description:/opt/ros/humble /usr/bin/cmake --install /home/yueju/led/build/pm_robot_moveit_config
