[0.290s] Invoking command in '/home/yueju/led/build/interface': CMAKE_PREFIX_PATH=/opt/ros/humble /usr/bin/cmake --build /home/yueju/led/build/interface -- -j8 -l8
[0.339s] [  2%] Built target interface__cpp
[0.339s] [ 12%] Built target interface__rosidl_generator_c
[0.357s] [ 12%] Built target ament_cmake_python_copy_interface
[0.364s] [ 23%] Built target interface__rosidl_typesupport_cpp
[0.366s] [ 33%] Built target interface__rosidl_typesupport_fastrtps_cpp
[0.369s] [ 43%] Built target interface__rosidl_typesupport_introspection_cpp
[0.389s] [ 53%] Built target interface__rosidl_typesupport_introspection_c
[0.401s] [ 66%] Built target interface__rosidl_typesupport_fastrtps_c
[0.401s] [ 74%] Built target interface__rosidl_typesupport_c
[0.411s] [ 74%] Built target interface
[0.431s] [ 76%] Built target interface__py
[0.452s] [ 84%] Built target interface__rosidl_generator_py
[0.475s] [ 89%] Built target interface__rosidl_typesupport_fastrtps_c__pyext
[0.481s] [ 94%] Built target interface__rosidl_typesupport_c__pyext
[0.483s] [100%] Built target interface__rosidl_typesupport_introspection_c__pyext
[0.661s] running egg_info
[0.662s] writing interface.egg-info/PKG-INFO
[0.662s] writing dependency_links to interface.egg-info/dependency_links.txt
[0.662s] writing top-level names to interface.egg-info/top_level.txt
[0.665s] reading manifest file 'interface.egg-info/SOURCES.txt'
[0.665s] writing manifest file 'interface.egg-info/SOURCES.txt'
[0.694s] [100%] Built target ament_cmake_python_build_interface_egg
[0.706s] Invoked command in '/home/yueju/led/build/interface' returned '0': CMAKE_PREFIX_PATH=/opt/ros/humble /usr/bin/cmake --build /home/yueju/led/build/interface -- -j8 -l8
[0.789s] Invoking command in '/home/yueju/led/build/interface': CMAKE_PREFIX_PATH=/opt/ros/humble /usr/bin/cmake --install /home/yueju/led/build/interface
[0.796s] -- Install configuration: ""
[0.796s] -- Up-to-date: /home/yueju/led/install/interface/share/ament_index/resource_index/rosidl_interfaces/interface
[0.796s] -- Up-to-date: /home/yueju/led/install/interface/include/interface/interface
[0.796s] -- Up-to-date: /home/yueju/led/install/interface/include/interface/interface/srv
[0.797s] -- Up-to-date: /home/yueju/led/install/interface/include/interface/interface/srv/detail
[0.797s] -- Up-to-date: /home/yueju/led/install/interface/include/interface/interface/srv/detail/set_led__functions.h
[0.797s] -- Up-to-date: /home/yueju/led/install/interface/include/interface/interface/srv/detail/set_led__type_support.h
[0.797s] -- Up-to-date: /home/yueju/led/install/interface/include/interface/interface/srv/detail/set_led__functions.c
[0.797s] -- Up-to-date: /home/yueju/led/install/interface/include/interface/interface/srv/detail/set_led__struct.h
[0.797s] -- Up-to-date: /home/yueju/led/install/interface/include/interface/interface/srv/set_led.h
[0.797s] -- Up-to-date: /home/yueju/led/install/interface/include/interface/interface/msg
[0.797s] -- Up-to-date: /home/yueju/led/install/interface/include/interface/interface/msg/detail
[0.798s] -- Up-to-date: /home/yueju/led/install/interface/include/interface/interface/msg/detail/led__functions.h
[0.798s] -- Up-to-date: /home/yueju/led/install/interface/include/interface/interface/msg/detail/led__functions.c
[0.798s] -- Up-to-date: /home/yueju/led/install/interface/include/interface/interface/msg/detail/led__type_support.h
[0.798s] -- Up-to-date: /home/yueju/led/install/interface/include/interface/interface/msg/detail/led__struct.h
[0.798s] -- Up-to-date: /home/yueju/led/install/interface/include/interface/interface/msg/led.h
[0.798s] -- Up-to-date: /home/yueju/led/install/interface/include/interface/interface/msg/rosidl_generator_c__visibility_control.h
[0.798s] -- Up-to-date: /home/yueju/led/install/interface/share/interface/environment/library_path.sh
[0.799s] -- Up-to-date: /home/yueju/led/install/interface/share/interface/environment/library_path.dsv
[0.799s] -- Up-to-date: /home/yueju/led/install/interface/lib/libinterface__rosidl_generator_c.so
[0.799s] -- Up-to-date: /home/yueju/led/install/interface/include/interface/interface
[0.799s] -- Up-to-date: /home/yueju/led/install/interface/include/interface/interface/srv
[0.799s] -- Up-to-date: /home/yueju/led/install/interface/include/interface/interface/srv/detail
[0.799s] -- Up-to-date: /home/yueju/led/install/interface/include/interface/interface/srv/detail/set_led__rosidl_typesupport_fastrtps_c.h
[0.799s] -- Up-to-date: /home/yueju/led/install/interface/include/interface/interface/msg
[0.800s] -- Up-to-date: /home/yueju/led/install/interface/include/interface/interface/msg/detail
[0.800s] -- Up-to-date: /home/yueju/led/install/interface/include/interface/interface/msg/detail/led__rosidl_typesupport_fastrtps_c.h
[0.800s] -- Up-to-date: /home/yueju/led/install/interface/include/interface/interface/msg/rosidl_typesupport_fastrtps_c__visibility_control.h
[0.800s] -- Up-to-date: /home/yueju/led/install/interface/lib/libinterface__rosidl_typesupport_fastrtps_c.so
[0.800s] -- Up-to-date: /home/yueju/led/install/interface/include/interface/interface
[0.800s] -- Up-to-date: /home/yueju/led/install/interface/include/interface/interface/srv
[0.800s] -- Up-to-date: /home/yueju/led/install/interface/include/interface/interface/srv/detail
[0.800s] -- Up-to-date: /home/yueju/led/install/interface/include/interface/interface/srv/detail/set_led__type_support.c
[0.801s] -- Up-to-date: /home/yueju/led/install/interface/include/interface/interface/srv/detail/set_led__rosidl_typesupport_introspection_c.h
[0.801s] -- Up-to-date: /home/yueju/led/install/interface/include/interface/interface/msg
[0.801s] -- Up-to-date: /home/yueju/led/install/interface/include/interface/interface/msg/detail
[0.801s] -- Up-to-date: /home/yueju/led/install/interface/include/interface/interface/msg/detail/led__type_support.c
[0.801s] -- Up-to-date: /home/yueju/led/install/interface/include/interface/interface/msg/detail/led__rosidl_typesupport_introspection_c.h
[0.801s] -- Up-to-date: /home/yueju/led/install/interface/include/interface/interface/msg/rosidl_typesupport_introspection_c__visibility_control.h
[0.801s] -- Up-to-date: /home/yueju/led/install/interface/lib/libinterface__rosidl_typesupport_introspection_c.so
[0.802s] -- Up-to-date: /home/yueju/led/install/interface/lib/libinterface__rosidl_typesupport_c.so
[0.802s] -- Up-to-date: /home/yueju/led/install/interface/include/interface/interface
[0.802s] -- Up-to-date: /home/yueju/led/install/interface/include/interface/interface/srv
[0.802s] -- Up-to-date: /home/yueju/led/install/interface/include/interface/interface/srv/detail
[0.802s] -- Up-to-date: /home/yueju/led/install/interface/include/interface/interface/srv/detail/set_led__struct.hpp
[0.802s] -- Up-to-date: /home/yueju/led/install/interface/include/interface/interface/srv/detail/set_led__builder.hpp
[0.802s] -- Up-to-date: /home/yueju/led/install/interface/include/interface/interface/srv/detail/set_led__traits.hpp
[0.802s] -- Up-to-date: /home/yueju/led/install/interface/include/interface/interface/srv/set_led.hpp
[0.803s] -- Up-to-date: /home/yueju/led/install/interface/include/interface/interface/msg
[0.803s] -- Up-to-date: /home/yueju/led/install/interface/include/interface/interface/msg/detail
[0.803s] -- Up-to-date: /home/yueju/led/install/interface/include/interface/interface/msg/detail/led__struct.hpp
[0.803s] -- Up-to-date: /home/yueju/led/install/interface/include/interface/interface/msg/detail/led__builder.hpp
[0.803s] -- Up-to-date: /home/yueju/led/install/interface/include/interface/interface/msg/detail/led__traits.hpp
[0.803s] -- Up-to-date: /home/yueju/led/install/interface/include/interface/interface/msg/led.hpp
[0.803s] -- Up-to-date: /home/yueju/led/install/interface/include/interface/interface
[0.803s] -- Up-to-date: /home/yueju/led/install/interface/include/interface/interface/srv
[0.803s] -- Up-to-date: /home/yueju/led/install/interface/include/interface/interface/srv/detail
[0.803s] -- Up-to-date: /home/yueju/led/install/interface/include/interface/interface/srv/detail/dds_fastrtps
[0.804s] -- Up-to-date: /home/yueju/led/install/interface/include/interface/interface/srv/detail/set_led__rosidl_typesupport_fastrtps_cpp.hpp
[0.804s] -- Up-to-date: /home/yueju/led/install/interface/include/interface/interface/msg
[0.804s] -- Up-to-date: /home/yueju/led/install/interface/include/interface/interface/msg/rosidl_typesupport_fastrtps_cpp__visibility_control.h
[0.804s] -- Up-to-date: /home/yueju/led/install/interface/include/interface/interface/msg/detail
[0.804s] -- Up-to-date: /home/yueju/led/install/interface/include/interface/interface/msg/detail/dds_fastrtps
[0.804s] -- Up-to-date: /home/yueju/led/install/interface/include/interface/interface/msg/detail/led__rosidl_typesupport_fastrtps_cpp.hpp
[0.804s] -- Up-to-date: /home/yueju/led/install/interface/lib/libinterface__rosidl_typesupport_fastrtps_cpp.so
[0.804s] -- Up-to-date: /home/yueju/led/install/interface/include/interface/interface
[0.804s] -- Up-to-date: /home/yueju/led/install/interface/include/interface/interface/srv
[0.804s] -- Up-to-date: /home/yueju/led/install/interface/include/interface/interface/srv/detail
[0.805s] -- Up-to-date: /home/yueju/led/install/interface/include/interface/interface/srv/detail/set_led__type_support.cpp
[0.805s] -- Up-to-date: /home/yueju/led/install/interface/include/interface/interface/srv/detail/set_led__rosidl_typesupport_introspection_cpp.hpp
[0.805s] -- Up-to-date: /home/yueju/led/install/interface/include/interface/interface/msg
[0.805s] -- Up-to-date: /home/yueju/led/install/interface/include/interface/interface/msg/detail
[0.805s] -- Up-to-date: /home/yueju/led/install/interface/include/interface/interface/msg/detail/led__rosidl_typesupport_introspection_cpp.hpp
[0.805s] -- Up-to-date: /home/yueju/led/install/interface/include/interface/interface/msg/detail/led__type_support.cpp
[0.805s] -- Up-to-date: /home/yueju/led/install/interface/lib/libinterface__rosidl_typesupport_introspection_cpp.so
[0.805s] -- Up-to-date: /home/yueju/led/install/interface/lib/libinterface__rosidl_typesupport_cpp.so
[0.805s] -- Up-to-date: /home/yueju/led/install/interface/share/interface/environment/pythonpath.sh
[0.805s] -- Up-to-date: /home/yueju/led/install/interface/share/interface/environment/pythonpath.dsv
[0.806s] -- Up-to-date: /home/yueju/led/install/interface/local/lib/python3.10/dist-packages/interface-0.0.0-py3.10.egg-info
[0.806s] -- Installing: /home/yueju/led/install/interface/local/lib/python3.10/dist-packages/interface-0.0.0-py3.10.egg-info/top_level.txt
[0.806s] -- Installing: /home/yueju/led/install/interface/local/lib/python3.10/dist-packages/interface-0.0.0-py3.10.egg-info/SOURCES.txt
[0.806s] -- Installing: /home/yueju/led/install/interface/local/lib/python3.10/dist-packages/interface-0.0.0-py3.10.egg-info/PKG-INFO
[0.806s] -- Installing: /home/yueju/led/install/interface/local/lib/python3.10/dist-packages/interface-0.0.0-py3.10.egg-info/dependency_links.txt
[0.806s] -- Up-to-date: /home/yueju/led/install/interface/local/lib/python3.10/dist-packages/interface
[0.806s] -- Up-to-date: /home/yueju/led/install/interface/local/lib/python3.10/dist-packages/interface/_interface_s.ep.rosidl_typesupport_c.c
[0.806s] -- Up-to-date: /home/yueju/led/install/interface/local/lib/python3.10/dist-packages/interface/interface_s__rosidl_typesupport_c.cpython-310-x86_64-linux-gnu.so
[0.806s] -- Up-to-date: /home/yueju/led/install/interface/local/lib/python3.10/dist-packages/interface/libinterface__rosidl_generator_py.so
[0.806s] -- Up-to-date: /home/yueju/led/install/interface/local/lib/python3.10/dist-packages/interface/srv
[0.807s] -- Up-to-date: /home/yueju/led/install/interface/local/lib/python3.10/dist-packages/interface/srv/_set_led_s.c
[0.807s] -- Up-to-date: /home/yueju/led/install/interface/local/lib/python3.10/dist-packages/interface/srv/__init__.py
[0.807s] -- Up-to-date: /home/yueju/led/install/interface/local/lib/python3.10/dist-packages/interface/srv/_set_led.py
[0.807s] -- Up-to-date: /home/yueju/led/install/interface/local/lib/python3.10/dist-packages/interface/_interface_s.ep.rosidl_typesupport_fastrtps_c.c
[0.807s] -- Up-to-date: /home/yueju/led/install/interface/local/lib/python3.10/dist-packages/interface/msg
[0.807s] -- Up-to-date: /home/yueju/led/install/interface/local/lib/python3.10/dist-packages/interface/msg/_led.py
[0.807s] -- Up-to-date: /home/yueju/led/install/interface/local/lib/python3.10/dist-packages/interface/msg/__init__.py
[0.807s] -- Up-to-date: /home/yueju/led/install/interface/local/lib/python3.10/dist-packages/interface/msg/_led_s.c
[0.807s] -- Up-to-date: /home/yueju/led/install/interface/local/lib/python3.10/dist-packages/interface/_interface_s.ep.rosidl_typesupport_introspection_c.c
[0.807s] -- Up-to-date: /home/yueju/led/install/interface/local/lib/python3.10/dist-packages/interface/interface_s__rosidl_typesupport_fastrtps_c.cpython-310-x86_64-linux-gnu.so
[0.808s] -- Up-to-date: /home/yueju/led/install/interface/local/lib/python3.10/dist-packages/interface/interface_s__rosidl_typesupport_introspection_c.cpython-310-x86_64-linux-gnu.so
[0.808s] -- Up-to-date: /home/yueju/led/install/interface/local/lib/python3.10/dist-packages/interface/__init__.py
[0.833s] Listing '/home/yueju/led/install/interface/local/lib/python3.10/dist-packages/interface'...
[0.833s] Listing '/home/yueju/led/install/interface/local/lib/python3.10/dist-packages/interface/msg'...
[0.833s] Listing '/home/yueju/led/install/interface/local/lib/python3.10/dist-packages/interface/srv'...
[0.837s] -- Up-to-date: /home/yueju/led/install/interface/local/lib/python3.10/dist-packages/interface/interface_s__rosidl_typesupport_fastrtps_c.cpython-310-x86_64-linux-gnu.so
[0.838s] -- Up-to-date: /home/yueju/led/install/interface/local/lib/python3.10/dist-packages/interface/interface_s__rosidl_typesupport_introspection_c.cpython-310-x86_64-linux-gnu.so
[0.838s] -- Up-to-date: /home/yueju/led/install/interface/local/lib/python3.10/dist-packages/interface/interface_s__rosidl_typesupport_c.cpython-310-x86_64-linux-gnu.so
[0.839s] -- Up-to-date: /home/yueju/led/install/interface/lib/libinterface__rosidl_generator_py.so
[0.839s] -- Up-to-date: /home/yueju/led/install/interface/share/interface/msg/Led.idl
[0.839s] -- Up-to-date: /home/yueju/led/install/interface/share/interface/srv/SetLed.idl
[0.839s] -- Up-to-date: /home/yueju/led/install/interface/share/interface/msg/Led.msg
[0.840s] -- Up-to-date: /home/yueju/led/install/interface/share/interface/srv/SetLed.srv
[0.840s] -- Up-to-date: /home/yueju/led/install/interface/share/interface/srv/SetLed_Request.msg
[0.840s] -- Up-to-date: /home/yueju/led/install/interface/share/interface/srv/SetLed_Response.msg
[0.840s] -- Up-to-date: /home/yueju/led/install/interface/share/ament_index/resource_index/package_run_dependencies/interface
[0.840s] -- Up-to-date: /home/yueju/led/install/interface/share/ament_index/resource_index/parent_prefix_path/interface
[0.840s] -- Up-to-date: /home/yueju/led/install/interface/share/interface/environment/ament_prefix_path.sh
[0.841s] -- Up-to-date: /home/yueju/led/install/interface/share/interface/environment/ament_prefix_path.dsv
[0.841s] -- Up-to-date: /home/yueju/led/install/interface/share/interface/environment/path.sh
[0.841s] -- Up-to-date: /home/yueju/led/install/interface/share/interface/environment/path.dsv
[0.841s] -- Up-to-date: /home/yueju/led/install/interface/share/interface/local_setup.bash
[0.841s] -- Up-to-date: /home/yueju/led/install/interface/share/interface/local_setup.sh
[0.841s] -- Up-to-date: /home/yueju/led/install/interface/share/interface/local_setup.zsh
[0.842s] -- Up-to-date: /home/yueju/led/install/interface/share/interface/local_setup.dsv
[0.842s] -- Installing: /home/yueju/led/install/interface/share/interface/package.dsv
[0.842s] -- Up-to-date: /home/yueju/led/install/interface/share/ament_index/resource_index/packages/interface
[0.842s] -- Up-to-date: /home/yueju/led/install/interface/share/interface/cmake/export_interface__rosidl_generator_cExport.cmake
[0.842s] -- Up-to-date: /home/yueju/led/install/interface/share/interface/cmake/export_interface__rosidl_generator_cExport-noconfig.cmake
[0.842s] -- Up-to-date: /home/yueju/led/install/interface/share/interface/cmake/export_interface__rosidl_typesupport_fastrtps_cExport.cmake
[0.843s] -- Up-to-date: /home/yueju/led/install/interface/share/interface/cmake/export_interface__rosidl_typesupport_fastrtps_cExport-noconfig.cmake
[0.843s] -- Up-to-date: /home/yueju/led/install/interface/share/interface/cmake/interface__rosidl_typesupport_introspection_cExport.cmake
[0.843s] -- Up-to-date: /home/yueju/led/install/interface/share/interface/cmake/interface__rosidl_typesupport_introspection_cExport-noconfig.cmake
[0.843s] -- Up-to-date: /home/yueju/led/install/interface/share/interface/cmake/interface__rosidl_typesupport_cExport.cmake
[0.843s] -- Up-to-date: /home/yueju/led/install/interface/share/interface/cmake/interface__rosidl_typesupport_cExport-noconfig.cmake
[0.843s] -- Up-to-date: /home/yueju/led/install/interface/share/interface/cmake/export_interface__rosidl_generator_cppExport.cmake
[0.843s] -- Up-to-date: /home/yueju/led/install/interface/share/interface/cmake/export_interface__rosidl_typesupport_fastrtps_cppExport.cmake
[0.843s] -- Up-to-date: /home/yueju/led/install/interface/share/interface/cmake/export_interface__rosidl_typesupport_fastrtps_cppExport-noconfig.cmake
[0.843s] -- Up-to-date: /home/yueju/led/install/interface/share/interface/cmake/interface__rosidl_typesupport_introspection_cppExport.cmake
[0.844s] -- Up-to-date: /home/yueju/led/install/interface/share/interface/cmake/interface__rosidl_typesupport_introspection_cppExport-noconfig.cmake
[0.844s] -- Up-to-date: /home/yueju/led/install/interface/share/interface/cmake/interface__rosidl_typesupport_cppExport.cmake
[0.844s] -- Up-to-date: /home/yueju/led/install/interface/share/interface/cmake/interface__rosidl_typesupport_cppExport-noconfig.cmake
[0.844s] -- Up-to-date: /home/yueju/led/install/interface/share/interface/cmake/export_interface__rosidl_generator_pyExport.cmake
[0.844s] -- Up-to-date: /home/yueju/led/install/interface/share/interface/cmake/export_interface__rosidl_generator_pyExport-noconfig.cmake
[0.844s] -- Up-to-date: /home/yueju/led/install/interface/share/interface/cmake/rosidl_cmake-extras.cmake
[0.844s] -- Up-to-date: /home/yueju/led/install/interface/share/interface/cmake/ament_cmake_export_include_directories-extras.cmake
[0.845s] -- Up-to-date: /home/yueju/led/install/interface/share/interface/cmake/ament_cmake_export_libraries-extras.cmake
[0.845s] -- Up-to-date: /home/yueju/led/install/interface/share/interface/cmake/ament_cmake_export_targets-extras.cmake
[0.845s] -- Up-to-date: /home/yueju/led/install/interface/share/interface/cmake/rosidl_cmake_export_typesupport_targets-extras.cmake
[0.848s] -- Up-to-date: /home/yueju/led/install/interface/share/interface/cmake/ament_cmake_export_dependencies-extras.cmake
[0.849s] -- Up-to-date: /home/yueju/led/install/interface/share/interface/cmake/rosidl_cmake_export_typesupport_libraries-extras.cmake
[0.849s] -- Up-to-date: /home/yueju/led/install/interface/share/interface/cmake/interfaceConfig.cmake
[0.849s] -- Up-to-date: /home/yueju/led/install/interface/share/interface/cmake/interfaceConfig-version.cmake
[0.849s] -- Up-to-date: /home/yueju/led/install/interface/share/interface/package.xml
[0.849s] Invoked command in '/home/yueju/led/build/interface' returned '0': CMAKE_PREFIX_PATH=/opt/ros/humble /usr/bin/cmake --install /home/yueju/led/build/interface
