[0.058s] Invoking command in '/home/yueju/led/build/pm_robot_moveit_config': AMENT_PREFIX_PATH=/home/yueju/led/install/pm_robot_description:${AMENT_PREFIX_PATH} CMAKE_PREFIX_PATH=/home/yueju/led/install/pm_robot_description:/opt/ros/humble /usr/bin/cmake --build /home/yueju/led/build/pm_robot_moveit_config -- -j8 -l8
[0.863s] Invoked command in '/home/yueju/led/build/pm_robot_moveit_config' returned '0': AMENT_PREFIX_PATH=/home/yueju/led/install/pm_robot_description:${AMENT_PREFIX_PATH} CMAKE_PREFIX_PATH=/home/yueju/led/install/pm_robot_description:/opt/ros/humble /usr/bin/cmake --build /home/yueju/led/build/pm_robot_moveit_config -- -j8 -l8
[0.893s] Invoking command in '/home/yueju/led/build/pm_robot_moveit_config': AMENT_PREFIX_PATH=/home/yueju/led/install/pm_robot_description:${AMENT_PREFIX_PATH} CMAKE_PREFIX_PATH=/home/yueju/led/install/pm_robot_description:/opt/ros/humble /usr/bin/cmake --install /home/yueju/led/build/pm_robot_moveit_config
[0.903s] -- Install configuration: ""
[0.903s] -- Up-to-date: /home/yueju/led/install/pm_robot_moveit_config/share/ament_index/resource_index/package_run_dependencies/pm_robot_moveit_config
[0.903s] -- Up-to-date: /home/yueju/led/install/pm_robot_moveit_config/share/ament_index/resource_index/parent_prefix_path/pm_robot_moveit_config
[0.903s] -- Up-to-date: /home/yueju/led/install/pm_robot_moveit_config/share/pm_robot_moveit_config/environment/ament_prefix_path.sh
[0.904s] -- Up-to-date: /home/yueju/led/install/pm_robot_moveit_config/share/pm_robot_moveit_config/environment/ament_prefix_path.dsv
[0.904s] -- Up-to-date: /home/yueju/led/install/pm_robot_moveit_config/share/pm_robot_moveit_config/environment/path.sh
[0.904s] -- Up-to-date: /home/yueju/led/install/pm_robot_moveit_config/share/pm_robot_moveit_config/environment/path.dsv
[0.905s] -- Up-to-date: /home/yueju/led/install/pm_robot_moveit_config/share/pm_robot_moveit_config/local_setup.bash
[0.905s] -- Up-to-date: /home/yueju/led/install/pm_robot_moveit_config/share/pm_robot_moveit_config/local_setup.sh
[0.905s] -- Up-to-date: /home/yueju/led/install/pm_robot_moveit_config/share/pm_robot_moveit_config/local_setup.zsh
[0.905s] -- Up-to-date: /home/yueju/led/install/pm_robot_moveit_config/share/pm_robot_moveit_config/local_setup.dsv
[0.906s] -- Installing: /home/yueju/led/install/pm_robot_moveit_config/share/pm_robot_moveit_config/package.dsv
[0.906s] -- Up-to-date: /home/yueju/led/install/pm_robot_moveit_config/share/ament_index/resource_index/packages/pm_robot_moveit_config
[0.906s] -- Up-to-date: /home/yueju/led/install/pm_robot_moveit_config/share/pm_robot_moveit_config/cmake/pm_robot_moveit_configConfig.cmake
[0.906s] -- Up-to-date: /home/yueju/led/install/pm_robot_moveit_config/share/pm_robot_moveit_config/cmake/pm_robot_moveit_configConfig-version.cmake
[0.906s] -- Up-to-date: /home/yueju/led/install/pm_robot_moveit_config/share/pm_robot_moveit_config/package.xml
[0.906s] -- Up-to-date: /home/yueju/led/install/pm_robot_moveit_config/share/pm_robot_moveit_config/launch
[0.907s] -- Up-to-date: /home/yueju/led/install/pm_robot_moveit_config/share/pm_robot_moveit_config/launch/moveit_rviz.launch.py
[0.907s] -- Up-to-date: /home/yueju/led/install/pm_robot_moveit_config/share/pm_robot_moveit_config/launch/move_group.launch.py
[0.907s] -- Up-to-date: /home/yueju/led/install/pm_robot_moveit_config/share/pm_robot_moveit_config/launch/spawn_controllers.launch.py
[0.907s] -- Up-to-date: /home/yueju/led/install/pm_robot_moveit_config/share/pm_robot_moveit_config/launch/static_virtual_joint_tfs.launch.py
[0.908s] -- Up-to-date: /home/yueju/led/install/pm_robot_moveit_config/share/pm_robot_moveit_config/launch/rsp.launch.py
[0.908s] -- Up-to-date: /home/yueju/led/install/pm_robot_moveit_config/share/pm_robot_moveit_config/launch/demo.launch.py
[0.908s] -- Up-to-date: /home/yueju/led/install/pm_robot_moveit_config/share/pm_robot_moveit_config/launch/warehouse_db.launch.py
[0.913s] -- Up-to-date: /home/yueju/led/install/pm_robot_moveit_config/share/pm_robot_moveit_config/launch/setup_assistant.launch.py
[0.913s] -- Up-to-date: /home/yueju/led/install/pm_robot_moveit_config/share/pm_robot_moveit_config/config
[0.914s] -- Up-to-date: /home/yueju/led/install/pm_robot_moveit_config/share/pm_robot_moveit_config/config/sensors_3d.yaml
[0.914s] -- Up-to-date: /home/yueju/led/install/pm_robot_moveit_config/share/pm_robot_moveit_config/config/pm_robot.urdf.xacro
[0.915s] -- Up-to-date: /home/yueju/led/install/pm_robot_moveit_config/share/pm_robot_moveit_config/config/initial_positions.yaml
[0.915s] -- Up-to-date: /home/yueju/led/install/pm_robot_moveit_config/share/pm_robot_moveit_config/config/moveit_controllers.yaml
[0.915s] -- Up-to-date: /home/yueju/led/install/pm_robot_moveit_config/share/pm_robot_moveit_config/config/moveit.rviz
[0.915s] -- Up-to-date: /home/yueju/led/install/pm_robot_moveit_config/share/pm_robot_moveit_config/config/kinematics.yaml
[0.916s] -- Up-to-date: /home/yueju/led/install/pm_robot_moveit_config/share/pm_robot_moveit_config/config/joint_limits.yaml
[0.916s] -- Up-to-date: /home/yueju/led/install/pm_robot_moveit_config/share/pm_robot_moveit_config/config/pm_robot.ros2_control.xacro
[0.916s] -- Up-to-date: /home/yueju/led/install/pm_robot_moveit_config/share/pm_robot_moveit_config/config/pm_robot.srdf
[0.917s] -- Up-to-date: /home/yueju/led/install/pm_robot_moveit_config/share/pm_robot_moveit_config/config/ros2_controllers.yaml
[0.917s] -- Up-to-date: /home/yueju/led/install/pm_robot_moveit_config/share/pm_robot_moveit_config/config/pilz_cartesian_limits.yaml
[0.917s] -- Up-to-date: /home/yueju/led/install/pm_robot_moveit_config/share/pm_robot_moveit_config/.setup_assistant
[0.920s] Invoked command in '/home/yueju/led/build/pm_robot_moveit_config' returned '0': AMENT_PREFIX_PATH=/home/yueju/led/install/pm_robot_description:${AMENT_PREFIX_PATH} CMAKE_PREFIX_PATH=/home/yueju/led/install/pm_robot_description:/opt/ros/humble /usr/bin/cmake --install /home/yueju/led/build/pm_robot_moveit_config
