[0.347s] Invoking command in '/home/pmlab/yueju2/open_cv': PYTHONPATH=/home/pmlab/yueju2/build/open_cv/prefix_override:/home/pmlab/yueju2/install/open_cv/lib/python3.10/site-packages:${PYTHONPATH} /usr/bin/python3 setup.py egg_info --egg-base ../build/open_cv build --build-base /home/pmlab/yueju2/build/open_cv/build install --record /home/pmlab/yueju2/build/open_cv/install.log --single-version-externally-managed
[0.478s] running egg_info
[0.479s] writing ../build/open_cv/open_cv.egg-info/PKG-INFO
[0.479s] writing dependency_links to ../build/open_cv/open_cv.egg-info/dependency_links.txt
[0.479s] writing entry points to ../build/open_cv/open_cv.egg-info/entry_points.txt
[0.479s] writing requirements to ../build/open_cv/open_cv.egg-info/requires.txt
[0.479s] writing top-level names to ../build/open_cv/open_cv.egg-info/top_level.txt
[0.480s] reading manifest file '../build/open_cv/open_cv.egg-info/SOURCES.txt'
[0.480s] writing manifest file '../build/open_cv/open_cv.egg-info/SOURCES.txt'
[0.480s] running build
[0.480s] running build_py
[0.481s] running install
[0.481s] /usr/lib/python3/dist-packages/setuptools/command/install.py:34: SetuptoolsDeprecationWarning: setup.py install is deprecated. Use build and pip and other standards-based tools.
[0.481s]   warnings.warn(
[0.481s] running install_lib
[0.482s] byte-compiling /home/pmlab/yueju2/install/open_cv/lib/python3.10/site-packages/open_cv/1.py to 1.cpython-310.pyc
[0.482s] Sorry: IndentationError: unexpected indent (1.py, line 71)
[0.482s] byte-compiling /home/pmlab/yueju2/install/open_cv/lib/python3.10/site-packages/open_cv/6.py to 6.cpython-310.pyc
[0.482s] Sorry: IndentationError: unexpected indent (6.py, line 27)
[0.482s] running install_data
[0.482s] running install_egg_info
[0.483s] removing '/home/pmlab/yueju2/install/open_cv/lib/python3.10/site-packages/open_cv-0.0.0-py3.10.egg-info' (and everything under it)
[0.483s] Copying ../build/open_cv/open_cv.egg-info to /home/pmlab/yueju2/install/open_cv/lib/python3.10/site-packages/open_cv-0.0.0-py3.10.egg-info
[0.484s] running install_scripts
[0.495s] Installing auto_centering script to /home/pmlab/yueju2/install/open_cv/lib/open_cv
[0.495s] Installing image_procesing script to /home/pmlab/yueju2/install/open_cv/lib/open_cv
[0.495s] writing list of installed files to '/home/pmlab/yueju2/build/open_cv/install.log'
[0.509s] Invoked command in '/home/pmlab/yueju2/open_cv' returned '0': PYTHONPATH=/home/pmlab/yueju2/build/open_cv/prefix_override:/home/pmlab/yueju2/install/open_cv/lib/python3.10/site-packages:${PYTHONPATH} /usr/bin/python3 setup.py egg_info --egg-base ../build/open_cv build --build-base /home/pmlab/yueju2/build/open_cv/build install --record /home/pmlab/yueju2/build/open_cv/install.log --single-version-externally-managed
