[100%] Built target pm_client
-- Install configuration: ""
-- Up-to-date: /home/yueju/led/install/pm_client/share/pm_client/environment/library_path.sh
-- Up-to-date: /home/yueju/led/install/pm_client/share/pm_client/environment/library_path.dsv
-- Up-to-date: /home/yueju/led/install/pm_client/include
-- Up-to-date: /home/yueju/led/install/pm_client/include/pm_client
-- Up-to-date: /home/yueju/led/install/pm_client/include/pm_client/aerotech_axis.hpp
-- Up-to-date: /home/yueju/led/install/pm_client/include/pm_client/robot.hpp
-- Up-to-date: /home/yueju/led/install/pm_client/include/pm_client/client.hpp
-- Up-to-date: /home/yueju/led/install/pm_client/lib/libpm_client.a
-- Up-to-date: /home/yueju/led/install/pm_client/share/ament_index/resource_index/package_run_dependencies/pm_client
-- Up-to-date: /home/yueju/led/install/pm_client/share/ament_index/resource_index/parent_prefix_path/pm_client
-- Up-to-date: /home/yueju/led/install/pm_client/share/pm_client/environment/ament_prefix_path.sh
-- Up-to-date: /home/yueju/led/install/pm_client/share/pm_client/environment/ament_prefix_path.dsv
-- Up-to-date: /home/yueju/led/install/pm_client/share/pm_client/environment/path.sh
-- Up-to-date: /home/yueju/led/install/pm_client/share/pm_client/environment/path.dsv
-- Up-to-date: /home/yueju/led/install/pm_client/share/pm_client/local_setup.bash
-- Up-to-date: /home/yueju/led/install/pm_client/share/pm_client/local_setup.sh
-- Up-to-date: /home/yueju/led/install/pm_client/share/pm_client/local_setup.zsh
-- Up-to-date: /home/yueju/led/install/pm_client/share/pm_client/local_setup.dsv
-- Installing: /home/yueju/led/install/pm_client/share/pm_client/package.dsv
-- Up-to-date: /home/yueju/led/install/pm_client/share/ament_index/resource_index/packages/pm_client
-- Up-to-date: /home/yueju/led/install/pm_client/share/pm_client/cmake/pm_clientExport.cmake
-- Up-to-date: /home/yueju/led/install/pm_client/share/pm_client/cmake/pm_clientExport-noconfig.cmake
-- Up-to-date: /home/yueju/led/install/pm_client/share/pm_client/cmake/ament_cmake_export_targets-extras.cmake
-- Up-to-date: /home/yueju/led/install/pm_client/share/pm_client/cmake/ament_cmake_export_dependencies-extras.cmake
-- Up-to-date: /home/yueju/led/install/pm_client/share/pm_client/cmake/pm_clientConfig.cmake
-- Up-to-date: /home/yueju/led/install/pm_client/share/pm_client/cmake/pm_clientConfig-version.cmake
-- Up-to-date: /home/yueju/led/install/pm_client/share/pm_client/package.xml
