-- The C compiler identification is GNU 11.3.0
-- The CXX compiler identification is GNU 11.3.0
-- Detecting C compiler ABI info
-- Detecting C compiler ABI info - done
-- Check for working C compiler: /usr/bin/cc - skipped
-- Detecting C compile features
-- Detecting C compile features - done
-- Detecting CXX compiler ABI info
-- Detecting CXX compiler ABI info - done
-- Check for working CXX compiler: /usr/bin/c++ - skipped
-- Detecting CXX compile features
-- Detecting CXX compile features - done
-- Found ament_cmake: 1.3.3 (/opt/ros/humble/share/ament_cmake/cmake)
-- Found Python3: /usr/bin/python3.10 (found version "3.10.6") found components: Interpreter 
-- Found open62541: 0.0.0 (/home/yueju/led/install/open62541/share/open62541/cmake)
-- Configuring done
-- Generating done
-- Build files have been written to: /home/yueju/led/build/pm_client
[ 66%] [32mBuilding CXX object CMakeFiles/pm_client.dir/src/aerotech_axis.cpp.o[0m
[ 66%] [32mBuilding CXX object CMakeFiles/pm_client.dir/src/client.cpp.o[0m
[100%] [32m[1mLinking CXX static library libpm_client.a[0m
[100%] Built target pm_client
-- Install configuration: ""
-- Installing: /home/yueju/led/install/pm_client/share/pm_client/environment/library_path.sh
-- Installing: /home/yueju/led/install/pm_client/share/pm_client/environment/library_path.dsv
-- Installing: /home/yueju/led/install/pm_client/include
-- Installing: /home/yueju/led/install/pm_client/include/pm_client
-- Installing: /home/yueju/led/install/pm_client/include/pm_client/aerotech_axis.hpp
-- Installing: /home/yueju/led/install/pm_client/include/pm_client/robot.hpp
-- Installing: /home/yueju/led/install/pm_client/include/pm_client/client.hpp
-- Installing: /home/yueju/led/install/pm_client/lib/libpm_client.a
-- Installing: /home/yueju/led/install/pm_client/share/ament_index/resource_index/package_run_dependencies/pm_client
-- Installing: /home/yueju/led/install/pm_client/share/ament_index/resource_index/parent_prefix_path/pm_client
-- Installing: /home/yueju/led/install/pm_client/share/pm_client/environment/ament_prefix_path.sh
-- Installing: /home/yueju/led/install/pm_client/share/pm_client/environment/ament_prefix_path.dsv
-- Installing: /home/yueju/led/install/pm_client/share/pm_client/environment/path.sh
-- Installing: /home/yueju/led/install/pm_client/share/pm_client/environment/path.dsv
-- Installing: /home/yueju/led/install/pm_client/share/pm_client/local_setup.bash
-- Installing: /home/yueju/led/install/pm_client/share/pm_client/local_setup.sh
-- Installing: /home/yueju/led/install/pm_client/share/pm_client/local_setup.zsh
-- Installing: /home/yueju/led/install/pm_client/share/pm_client/local_setup.dsv
-- Installing: /home/yueju/led/install/pm_client/share/pm_client/package.dsv
-- Installing: /home/yueju/led/install/pm_client/share/ament_index/resource_index/packages/pm_client
-- Installing: /home/yueju/led/install/pm_client/share/pm_client/cmake/pm_clientExport.cmake
-- Installing: /home/yueju/led/install/pm_client/share/pm_client/cmake/pm_clientExport-noconfig.cmake
-- Installing: /home/yueju/led/install/pm_client/share/pm_client/cmake/ament_cmake_export_targets-extras.cmake
-- Installing: /home/yueju/led/install/pm_client/share/pm_client/cmake/ament_cmake_export_dependencies-extras.cmake
-- Installing: /home/yueju/led/install/pm_client/share/pm_client/cmake/pm_clientConfig.cmake
-- Installing: /home/yueju/led/install/pm_client/share/pm_client/cmake/pm_clientConfig-version.cmake
-- Installing: /home/yueju/led/install/pm_client/share/pm_client/package.xml
