[0.036s] Invoking command in '/home/yueju/led/build/imu_sensor_controller': /usr/bin/cmake /home/yueju/led/ros_controllers/imu_sensor_controller -DCATKIN_INSTALL_INTO_PREFIX_ROOT=0 -DCMAKE_INSTALL_PREFIX=/home/yueju/led/install/imu_sensor_controller
[1.941s] -- The C compiler identification is GNU 11.3.0
[2.572s] -- The CXX compiler identification is GNU 11.3.0
[2.591s] -- Detecting C compiler ABI info
[2.788s] -- Detecting C compiler ABI info - done
[2.808s] -- Check for working C compiler: /usr/bin/cc - skipped
[2.809s] -- Detecting C compile features
[2.824s] -- Detecting C compile features - done
[2.837s] -- Detecting CXX compiler ABI info
[3.041s] -- Detecting CXX compiler ABI info - done
[3.060s] -- Check for working CXX compiler: /usr/bin/c++ - skipped
[3.061s] -- Detecting CXX compile features
[3.062s] -- Detecting CXX compile features - done
[3.136s] [31mCMake Error at CMakeLists.txt:5 (find_package):
[3.136s]   By not providing "Findcatkin.cmake" in CMAKE_MODULE_PATH this project has
[3.136s]   asked CMake to find a package configuration file provided by "catkin", but
[3.136s]   CMake did not find one.
[3.136s] 
[3.137s]   Could not find a package configuration file provided by "catkin" with any
[3.137s]   of the following names:
[3.137s] 
[3.138s]     catkinConfig.cmake
[3.138s]     catkin-config.cmake
[3.138s] 
[3.138s]   Add the installation prefix of "catkin" to CMAKE_PREFIX_PATH or set
[3.138s]   "catkin_DIR" to a directory containing one of the above files.  If "catkin"
[3.138s]   provides a separate development package or SDK, be sure it has been
[3.138s]   installed.
[3.139s] 
[3.139s] [0m
[3.141s] -- Configuring incomplete, errors occurred!
[3.149s] See also "/home/yueju/led/build/imu_sensor_controller/CMakeFiles/CMakeOutput.log".
[3.179s] Invoked command in '/home/yueju/led/build/imu_sensor_controller' returned '1': /usr/bin/cmake /home/yueju/led/ros_controllers/imu_sensor_controller -DCATKIN_INSTALL_INTO_PREFIX_ROOT=0 -DCMAKE_INSTALL_PREFIX=/home/yueju/led/install/imu_sensor_controller
