[0.260s] DEBUG:colcon:Command line arguments: ['/usr/bin/colcon', 'build', '--symlink-install']
[0.260s] DEBUG:colcon:Parsed command line arguments: Namespace(log_base=None, log_level=None, verb_name='build', build_base='build', install_base='install', merge_install=False, symlink_install=True, test_result_base=None, continue_on_error=False, executor='parallel', parallel_workers=24, event_handlers=None, ignore_user_meta=False, metas=['./colcon.meta'], base_paths=['.'], packages_ignore=None, packages_ignore_regex=None, paths=None, packages_up_to=None, packages_up_to_regex=None, packages_above=None, packages_above_and_dependencies=None, packages_above_depth=None, packages_select_by_dep=None, packages_skip_by_dep=None, packages_skip_up_to=None, packages_select_build_failed=False, packages_skip_build_finished=False, packages_select_test_failures=False, packages_skip_test_passed=False, packages_select=None, packages_skip=None, packages_select_regex=None, packages_skip_regex=None, packages_start=None, packages_end=None, allow_overriding=[], cmake_args=None, cmake_target=None, cmake_target_skip_unavailable=False, cmake_clean_cache=False, cmake_clean_first=False, cmake_force_configure=False, ament_cmake_args=None, catkin_cmake_args=None, catkin_skip_building_tests=False, verb_parser=<colcon_defaults.argument_parser.defaults.DefaultArgumentsDecorator object at 0x7f5bd65ca500>, verb_extension=<colcon_core.verb.build.BuildVerb object at 0x7f5bd6d5bc40>, main=<bound method BuildVerb.main of <colcon_core.verb.build.BuildVerb object at 0x7f5bd6d5bc40>>)
[0.285s] Level 1:colcon.colcon_core.package_discovery:discover_packages(colcon_meta) check parameters
[0.285s] Level 1:colcon.colcon_core.package_discovery:discover_packages(recursive) check parameters
[0.285s] Level 1:colcon.colcon_core.package_discovery:discover_packages(ignore) check parameters
[0.285s] Level 1:colcon.colcon_core.package_discovery:discover_packages(path) check parameters
[0.285s] Level 1:colcon.colcon_core.package_discovery:discover_packages(colcon_meta) discover
[0.285s] Level 1:colcon.colcon_core.package_discovery:discover_packages(recursive) discover
[0.285s] INFO:colcon.colcon_core.package_discovery:Crawling recursively for packages in '/home/pmlab/yueju/change'
[0.285s] Level 1:colcon.colcon_core.package_identification:_identify(.) by extensions ['ignore', 'ignore_ament_install']
[0.285s] Level 1:colcon.colcon_core.package_identification:_identify(.) by extension 'ignore'
[0.286s] Level 1:colcon.colcon_core.package_identification:_identify(.) by extension 'ignore_ament_install'
[0.286s] Level 1:colcon.colcon_core.package_identification:_identify(.) by extensions ['colcon_pkg']
[0.286s] Level 1:colcon.colcon_core.package_identification:_identify(.) by extension 'colcon_pkg'
[0.286s] Level 1:colcon.colcon_core.package_identification:_identify(.) by extensions ['colcon_meta']
[0.286s] Level 1:colcon.colcon_core.package_identification:_identify(.) by extension 'colcon_meta'
[0.286s] Level 1:colcon.colcon_core.package_identification:_identify(.) by extensions ['ros']
[0.286s] Level 1:colcon.colcon_core.package_identification:_identify(.) by extension 'ros'
[0.295s] Level 1:colcon.colcon_core.package_identification:_identify(.) by extensions ['cmake', 'python']
[0.295s] Level 1:colcon.colcon_core.package_identification:_identify(.) by extension 'cmake'
[0.295s] Level 1:colcon.colcon_core.package_identification:_identify(.) by extension 'python'
[0.295s] Level 1:colcon.colcon_core.package_identification:_identify(.) by extensions ['python_setup_py']
[0.295s] Level 1:colcon.colcon_core.package_identification:_identify(.) by extension 'python_setup_py'
[0.295s] Level 1:colcon.colcon_core.package_identification:_identify(build) by extensions ['ignore', 'ignore_ament_install']
[0.295s] Level 1:colcon.colcon_core.package_identification:_identify(build) by extension 'ignore'
[0.295s] Level 1:colcon.colcon_core.package_identification:_identify(build) ignored
[0.295s] Level 1:colcon.colcon_core.package_identification:_identify(install) by extensions ['ignore', 'ignore_ament_install']
[0.296s] Level 1:colcon.colcon_core.package_identification:_identify(install) by extension 'ignore'
[0.296s] Level 1:colcon.colcon_core.package_identification:_identify(install) ignored
[0.296s] Level 1:colcon.colcon_core.package_identification:_identify(log) by extensions ['ignore', 'ignore_ament_install']
[0.296s] Level 1:colcon.colcon_core.package_identification:_identify(log) by extension 'ignore'
[0.296s] Level 1:colcon.colcon_core.package_identification:_identify(log) ignored
[0.296s] Level 1:colcon.colcon_core.package_identification:_identify(match_pm_robot) by extensions ['ignore', 'ignore_ament_install']
[0.296s] Level 1:colcon.colcon_core.package_identification:_identify(match_pm_robot) by extension 'ignore'
[0.296s] Level 1:colcon.colcon_core.package_identification:_identify(match_pm_robot) by extension 'ignore_ament_install'
[0.296s] Level 1:colcon.colcon_core.package_identification:_identify(match_pm_robot) by extensions ['colcon_pkg']
[0.296s] Level 1:colcon.colcon_core.package_identification:_identify(match_pm_robot) by extension 'colcon_pkg'
[0.296s] Level 1:colcon.colcon_core.package_identification:_identify(match_pm_robot) by extensions ['colcon_meta']
[0.296s] Level 1:colcon.colcon_core.package_identification:_identify(match_pm_robot) by extension 'colcon_meta'
[0.296s] Level 1:colcon.colcon_core.package_identification:_identify(match_pm_robot) by extensions ['ros']
[0.296s] Level 1:colcon.colcon_core.package_identification:_identify(match_pm_robot) by extension 'ros'
[0.296s] Level 1:colcon.colcon_core.package_identification:_identify(match_pm_robot) by extensions ['cmake', 'python']
[0.296s] Level 1:colcon.colcon_core.package_identification:_identify(match_pm_robot) by extension 'cmake'
[0.296s] Level 1:colcon.colcon_core.package_identification:_identify(match_pm_robot) by extension 'python'
[0.296s] Level 1:colcon.colcon_core.package_identification:_identify(match_pm_robot) by extensions ['python_setup_py']
[0.296s] Level 1:colcon.colcon_core.package_identification:_identify(match_pm_robot) by extension 'python_setup_py'
[0.296s] Level 1:colcon.colcon_core.package_identification:_identify(open_cv) by extensions ['ignore', 'ignore_ament_install']
[0.296s] Level 1:colcon.colcon_core.package_identification:_identify(open_cv) by extension 'ignore'
[0.296s] Level 1:colcon.colcon_core.package_identification:_identify(open_cv) by extension 'ignore_ament_install'
[0.296s] Level 1:colcon.colcon_core.package_identification:_identify(open_cv) by extensions ['colcon_pkg']
[0.296s] Level 1:colcon.colcon_core.package_identification:_identify(open_cv) by extension 'colcon_pkg'
[0.297s] Level 1:colcon.colcon_core.package_identification:_identify(open_cv) by extensions ['colcon_meta']
[0.297s] Level 1:colcon.colcon_core.package_identification:_identify(open_cv) by extension 'colcon_meta'
[0.297s] Level 1:colcon.colcon_core.package_identification:_identify(open_cv) by extensions ['ros']
[0.297s] Level 1:colcon.colcon_core.package_identification:_identify(open_cv) by extension 'ros'
[0.299s] DEBUG:colcon.colcon_core.package_identification:Package 'open_cv' with type 'ros.ament_python' and name 'open_cv'
[0.299s] Level 1:colcon.colcon_core.package_discovery:discover_packages(recursive) using defaults
[0.299s] Level 1:colcon.colcon_core.package_discovery:discover_packages(ignore) discover
[0.299s] Level 1:colcon.colcon_core.package_discovery:discover_packages(ignore) using defaults
[0.299s] Level 1:colcon.colcon_core.package_discovery:discover_packages(path) discover
[0.299s] Level 1:colcon.colcon_core.package_discovery:discover_packages(path) using defaults
[0.316s] Level 1:colcon.colcon_core.package_discovery:discover_packages(prefix_path) check parameters
[0.317s] Level 1:colcon.colcon_core.package_discovery:discover_packages(prefix_path) discover
[0.319s] DEBUG:colcon.colcon_installed_package_information.package_discovery:Found 1 installed packages in /home/pmlab/yueju/change/install
[0.320s] DEBUG:colcon.colcon_installed_package_information.package_discovery:Found 1 installed packages in /home/pmlab/ros2_ws/install
[0.321s] DEBUG:colcon.colcon_installed_package_information.package_discovery:Found 0 installed packages in /home/pmlab/ros2_ws/src/pm_robot_programming_framework/install
[0.323s] DEBUG:colcon.colcon_installed_package_information.package_discovery:Found 326 installed packages in /opt/ros/humble
[0.324s] Level 1:colcon.colcon_core.package_discovery:discover_packages(prefix_path) using defaults
[0.378s] Level 5:colcon.colcon_core.verb:set package 'open_cv' build argument 'cmake_args' from command line to 'None'
[0.378s] Level 5:colcon.colcon_core.verb:set package 'open_cv' build argument 'cmake_target' from command line to 'None'
[0.378s] Level 5:colcon.colcon_core.verb:set package 'open_cv' build argument 'cmake_target_skip_unavailable' from command line to 'False'
[0.378s] Level 5:colcon.colcon_core.verb:set package 'open_cv' build argument 'cmake_clean_cache' from command line to 'False'
[0.378s] Level 5:colcon.colcon_core.verb:set package 'open_cv' build argument 'cmake_clean_first' from command line to 'False'
[0.378s] Level 5:colcon.colcon_core.verb:set package 'open_cv' build argument 'cmake_force_configure' from command line to 'False'
[0.378s] Level 5:colcon.colcon_core.verb:set package 'open_cv' build argument 'ament_cmake_args' from command line to 'None'
[0.378s] Level 5:colcon.colcon_core.verb:set package 'open_cv' build argument 'catkin_cmake_args' from command line to 'None'
[0.378s] Level 5:colcon.colcon_core.verb:set package 'open_cv' build argument 'catkin_skip_building_tests' from command line to 'False'
[0.378s] DEBUG:colcon.colcon_core.verb:Building package 'open_cv' with the following arguments: {'ament_cmake_args': None, 'build_base': '/home/pmlab/yueju/change/build/open_cv', 'catkin_cmake_args': None, 'catkin_skip_building_tests': False, 'cmake_args': None, 'cmake_clean_cache': False, 'cmake_clean_first': False, 'cmake_force_configure': False, 'cmake_target': None, 'cmake_target_skip_unavailable': False, 'install_base': '/home/pmlab/yueju/change/install/open_cv', 'merge_install': False, 'path': '/home/pmlab/yueju/change/open_cv', 'symlink_install': True, 'test_result_base': None}
[0.379s] INFO:colcon.colcon_core.executor:Executing jobs using 'parallel' executor
[0.381s] DEBUG:colcon.colcon_parallel_executor.executor.parallel:run_until_complete
[0.382s] INFO:colcon.colcon_ros.task.ament_python.build:Building ROS package in '/home/pmlab/yueju/change/open_cv' with build type 'ament_python'
[0.382s] Level 1:colcon.colcon_core.shell:create_environment_hook('open_cv', 'ament_prefix_path')
[0.386s] INFO:colcon.colcon_core.plugin_system:Skipping extension 'colcon_core.shell.bat': Not used on non-Windows systems
[0.386s] INFO:colcon.colcon_core.shell:Creating environment hook '/home/pmlab/yueju/change/install/open_cv/share/open_cv/hook/ament_prefix_path.ps1'
[0.387s] INFO:colcon.colcon_core.shell:Creating environment descriptor '/home/pmlab/yueju/change/install/open_cv/share/open_cv/hook/ament_prefix_path.dsv'
[0.387s] INFO:colcon.colcon_core.shell:Creating environment hook '/home/pmlab/yueju/change/install/open_cv/share/open_cv/hook/ament_prefix_path.sh'
[0.388s] INFO:colcon.colcon_core.shell:Skip shell extension 'powershell' for command environment: Not usable outside of PowerShell
[0.388s] DEBUG:colcon.colcon_core.shell:Skip shell extension 'dsv' for command environment
[0.588s] INFO:colcon.colcon_core.task.python.build:Building Python package in '/home/pmlab/yueju/change/open_cv'
[0.589s] INFO:colcon.colcon_core.shell:Skip shell extension 'powershell' for command environment: Not usable outside of PowerShell
[0.590s] DEBUG:colcon.colcon_core.shell:Skip shell extension 'dsv' for command environment
[0.864s] DEBUG:colcon.colcon_core.task.python.build:While undoing a previous installation files outside the Python library path are being ignored: /home/pmlab/yueju/change/install/open_cv/share/ament_index/resource_index/packages/open_cv
[0.864s] DEBUG:colcon.colcon_core.task.python.build:While undoing a previous installation files outside the Python library path are being ignored: /home/pmlab/yueju/change/install/open_cv/share/open_cv/package.xml
[0.864s] DEBUG:colcon.colcon_core.task.python.build:While undoing a previous installation files outside the Python library path are being ignored: /home/pmlab/yueju/change/install/open_cv/lib/open_cv/auto_centering
[0.864s] DEBUG:colcon.colcon_core.task.python.build:While undoing a previous installation files outside the Python library path are being ignored: /home/pmlab/yueju/change/install/open_cv/lib/open_cv/image_procesing
[0.868s] DEBUG:colcon.colcon_core.event_handler.log_command:Invoking command in '/home/pmlab/yueju/change/build/open_cv': PYTHONPATH=/home/pmlab/yueju/change/build/open_cv/prefix_override:/home/pmlab/yueju/change/install/open_cv/lib/python3.10/site-packages:${PYTHONPATH} /usr/bin/python3 setup.py develop --editable --build-directory /home/pmlab/yueju/change/build/open_cv/build --no-deps install_data
[1.217s] Level 1:colcon.colcon_core.shell:create_environment_hook('open_cv', 'pythonpath_develop')
[1.219s] INFO:colcon.colcon_core.shell:Creating environment hook '/home/pmlab/yueju/change/build/open_cv/share/open_cv/hook/pythonpath_develop.ps1'
[1.219s] DEBUG:colcon.colcon_core.event_handler.log_command:Invoked command in '/home/pmlab/yueju/change/build/open_cv' returned '0': PYTHONPATH=/home/pmlab/yueju/change/build/open_cv/prefix_override:/home/pmlab/yueju/change/install/open_cv/lib/python3.10/site-packages:${PYTHONPATH} /usr/bin/python3 setup.py develop --editable --build-directory /home/pmlab/yueju/change/build/open_cv/build --no-deps install_data
[1.220s] INFO:colcon.colcon_core.shell:Creating environment descriptor '/home/pmlab/yueju/change/build/open_cv/share/open_cv/hook/pythonpath_develop.dsv'
[1.220s] INFO:colcon.colcon_core.shell:Creating environment hook '/home/pmlab/yueju/change/build/open_cv/share/open_cv/hook/pythonpath_develop.sh'
[1.227s] Level 1:colcon.colcon_core.environment:checking '/home/pmlab/yueju/change/install/open_cv' for CMake module files
[1.227s] Level 1:colcon.colcon_core.environment:checking '/home/pmlab/yueju/change/install/open_cv' for CMake config files
[1.228s] Level 1:colcon.colcon_core.environment:checking '/home/pmlab/yueju/change/install/open_cv/lib'
[1.228s] Level 1:colcon.colcon_core.environment:checking '/home/pmlab/yueju/change/install/open_cv/bin'
[1.228s] Level 1:colcon.colcon_core.environment:checking '/home/pmlab/yueju/change/install/open_cv/lib/pkgconfig/open_cv.pc'
[1.229s] Level 1:colcon.colcon_core.environment:checking '/home/pmlab/yueju/change/install/open_cv/lib/python3.10/site-packages'
[1.229s] Level 1:colcon.colcon_core.shell:create_environment_hook('open_cv', 'pythonpath')
[1.230s] INFO:colcon.colcon_core.shell:Creating environment hook '/home/pmlab/yueju/change/install/open_cv/share/open_cv/hook/pythonpath.ps1'
[1.231s] INFO:colcon.colcon_core.shell:Creating environment descriptor '/home/pmlab/yueju/change/install/open_cv/share/open_cv/hook/pythonpath.dsv'
[1.231s] INFO:colcon.colcon_core.shell:Creating environment hook '/home/pmlab/yueju/change/install/open_cv/share/open_cv/hook/pythonpath.sh'
[1.232s] Level 1:colcon.colcon_core.environment:checking '/home/pmlab/yueju/change/install/open_cv/bin'
[1.232s] Level 1:colcon.colcon_core.environment:create_environment_scripts_only(open_cv)
[1.234s] INFO:colcon.colcon_core.shell:Creating package script '/home/pmlab/yueju/change/install/open_cv/share/open_cv/package.ps1'
[1.235s] INFO:colcon.colcon_core.shell:Creating package descriptor '/home/pmlab/yueju/change/install/open_cv/share/open_cv/package.dsv'
[1.236s] INFO:colcon.colcon_core.shell:Creating package script '/home/pmlab/yueju/change/install/open_cv/share/open_cv/package.sh'
[1.237s] INFO:colcon.colcon_core.shell:Creating package script '/home/pmlab/yueju/change/install/open_cv/share/open_cv/package.bash'
[1.238s] INFO:colcon.colcon_core.shell:Creating package script '/home/pmlab/yueju/change/install/open_cv/share/open_cv/package.zsh'
[1.239s] Level 1:colcon.colcon_core.environment:create_file_with_runtime_dependencies(/home/pmlab/yueju/change/install/open_cv/share/colcon-core/packages/open_cv)
[1.239s] DEBUG:colcon.colcon_parallel_executor.executor.parallel:closing loop
[1.240s] DEBUG:colcon.colcon_parallel_executor.executor.parallel:loop closed
[1.240s] DEBUG:colcon.colcon_parallel_executor.executor.parallel:run_until_complete finished with '0'
[1.240s] DEBUG:colcon.colcon_core.event_reactor:joining thread
[1.246s] INFO:colcon.colcon_core.plugin_system:Skipping extension 'colcon_notification.desktop_notification.terminal_notifier': Not used on non-Darwin systems
[1.246s] INFO:colcon.colcon_core.plugin_system:Skipping extension 'colcon_notification.desktop_notification.win32': Not used on non-Windows systems
[1.246s] INFO:colcon.colcon_notification.desktop_notification:Sending desktop notification using 'notify2'
[1.267s] DEBUG:colcon.colcon_core.event_reactor:joined thread
[1.269s] INFO:colcon.colcon_core.shell:Creating prefix script '/home/pmlab/yueju/change/install/local_setup.ps1'
[1.270s] INFO:colcon.colcon_core.shell:Creating prefix util module '/home/pmlab/yueju/change/install/_local_setup_util_ps1.py'
[1.272s] INFO:colcon.colcon_core.shell:Creating prefix chain script '/home/pmlab/yueju/change/install/setup.ps1'
[1.274s] INFO:colcon.colcon_core.shell:Creating prefix script '/home/pmlab/yueju/change/install/local_setup.sh'
[1.275s] INFO:colcon.colcon_core.shell:Creating prefix util module '/home/pmlab/yueju/change/install/_local_setup_util_sh.py'
[1.275s] INFO:colcon.colcon_core.shell:Creating prefix chain script '/home/pmlab/yueju/change/install/setup.sh'
[1.277s] INFO:colcon.colcon_core.shell:Creating prefix script '/home/pmlab/yueju/change/install/local_setup.bash'
[1.278s] INFO:colcon.colcon_core.shell:Creating prefix chain script '/home/pmlab/yueju/change/install/setup.bash'
[1.280s] INFO:colcon.colcon_core.shell:Creating prefix script '/home/pmlab/yueju/change/install/local_setup.zsh'
[1.281s] INFO:colcon.colcon_core.shell:Creating prefix chain script '/home/pmlab/yueju/change/install/setup.zsh'
