running egg_info
writing ../build/open_cv/open_cv.egg-info/PKG-INFO
writing dependency_links to ../build/open_cv/open_cv.egg-info/dependency_links.txt
writing entry points to ../build/open_cv/open_cv.egg-info/entry_points.txt
writing requirements to ../build/open_cv/open_cv.egg-info/requires.txt
writing top-level names to ../build/open_cv/open_cv.egg-info/top_level.txt
reading manifest file '../build/open_cv/open_cv.egg-info/SOURCES.txt'
writing manifest file '../build/open_cv/open_cv.egg-info/SOURCES.txt'
running build
running build_py
copying open_cv/go.py -> /home/pmlab/yueju/change/build/open_cv/build/lib/open_cv
running install
/usr/lib/python3/dist-packages/setuptools/command/install.py:34: SetuptoolsDeprecationWarning: setup.py install is deprecated. Use build and pip and other standards-based tools.
  warnings.warn(
running install_lib
copying /home/pmlab/yueju/change/build/open_cv/build/lib/open_cv/go.py -> /home/pmlab/yueju/change/install/open_cv/lib/python3.10/site-packages/open_cv
byte-compiling /home/pmlab/yueju/change/install/open_cv/lib/python3.10/site-packages/open_cv/go.py to go.cpython-310.pyc
running install_data
running install_egg_info
removing '/home/pmlab/yueju/change/install/open_cv/lib/python3.10/site-packages/open_cv-0.0.0-py3.10.egg-info' (and everything under it)
Copying ../build/open_cv/open_cv.egg-info to /home/pmlab/yueju/change/install/open_cv/lib/python3.10/site-packages/open_cv-0.0.0-py3.10.egg-info
running install_scripts
Installing auto_centering script to /home/pmlab/yueju/change/install/open_cv/lib/open_cv
Installing go script to /home/pmlab/yueju/change/install/open_cv/lib/open_cv
Installing image_processing script to /home/pmlab/yueju/change/install/open_cv/lib/open_cv
writing list of installed files to '/home/pmlab/yueju/change/build/open_cv/install.log'
