[0.661s] Invoking command in '/home/yueju/led/open_cv': PYTHONPATH=/home/yueju/led/build/open_cv/prefix_override:/home/yueju/led/install/open_cv/lib/python3.10/site-packages:${PYTHONPATH} /usr/bin/python3 setup.py egg_info --egg-base ../build/open_cv build --build-base /home/yueju/led/build/open_cv/build install --record /home/yueju/led/build/open_cv/install.log --single-version-externally-managed
[0.844s] running egg_info
[0.856s] writing ../build/open_cv/open_cv.egg-info/PKG-INFO
[0.856s] writing dependency_links to ../build/open_cv/open_cv.egg-info/dependency_links.txt
[0.856s] writing entry points to ../build/open_cv/open_cv.egg-info/entry_points.txt
[0.856s] writing requirements to ../build/open_cv/open_cv.egg-info/requires.txt
[0.857s] writing top-level names to ../build/open_cv/open_cv.egg-info/top_level.txt
[0.880s] reading manifest file '../build/open_cv/open_cv.egg-info/SOURCES.txt'
[0.881s] writing manifest file '../build/open_cv/open_cv.egg-info/SOURCES.txt'
[0.881s] running build
[0.882s] running build_py
[0.882s] running install
[0.882s] /home/yueju/.local/lib/python3.10/site-packages/setuptools/command/install.py:34: SetuptoolsDeprecationWarning: setup.py install is deprecated. Use build and pip and other standards-based tools.
[0.883s]   warnings.warn(
[0.887s] running install_lib
[0.900s] byte-compiling /home/yueju/led/install/open_cv/lib/python3.10/site-packages/open_cv/6.py to 6.cpython-310.pyc
[0.900s] Sorry: IndentationError: unexpected indent (6.py, line 27)
[0.900s] byte-compiling /home/yueju/led/install/open_cv/lib/python3.10/site-packages/open_cv/1.py to 1.cpython-310.pyc
[0.901s] Sorry: IndentationError: unexpected indent (1.py, line 71)
[0.901s] running install_data
[0.913s] running install_egg_info
[0.925s] removing '/home/yueju/led/install/open_cv/lib/python3.10/site-packages/open_cv-0.0.0-py3.10.egg-info' (and everything under it)
[0.925s] Copying ../build/open_cv/open_cv.egg-info to /home/yueju/led/install/open_cv/lib/python3.10/site-packages/open_cv-0.0.0-py3.10.egg-info
[0.926s] running install_scripts
[1.074s] Installing auto_centering script to /home/yueju/led/install/open_cv/lib/open_cv
[1.074s] Installing image_processing script to /home/yueju/led/install/open_cv/lib/open_cv
[1.074s] writing list of installed files to '/home/yueju/led/build/open_cv/install.log'
[1.098s] Invoked command in '/home/yueju/led/open_cv' returned '0': PYTHONPATH=/home/yueju/led/build/open_cv/prefix_override:/home/yueju/led/install/open_cv/lib/python3.10/site-packages:${PYTHONPATH} /usr/bin/python3 setup.py egg_info --egg-base ../build/open_cv build --build-base /home/yueju/led/build/open_cv/build install --record /home/yueju/led/build/open_cv/install.log --single-version-externally-managed
