[0.676s] Invoking command in '/home/yueju/led/open_cv': PYTHONPATH=/home/yueju/led/build/open_cv/prefix_override:/home/yueju/led/install/open_cv/lib/python3.10/site-packages:${PYTHONPATH} /usr/bin/python3 setup.py egg_info --egg-base ../build/open_cv build --build-base /home/yueju/led/build/open_cv/build install --record /home/yueju/led/build/open_cv/install.log --single-version-externally-managed
[0.868s] running egg_info
[0.868s] creating ../build/open_cv/open_cv.egg-info
[0.880s] writing ../build/open_cv/open_cv.egg-info/PKG-INFO
[0.880s] writing dependency_links to ../build/open_cv/open_cv.egg-info/dependency_links.txt
[0.881s] writing requirements to ../build/open_cv/open_cv.egg-info/requires.txt
[0.881s] writing top-level names to ../build/open_cv/open_cv.egg-info/top_level.txt
[0.881s] writing manifest file '../build/open_cv/open_cv.egg-info/SOURCES.txt'
[0.907s] reading manifest file '../build/open_cv/open_cv.egg-info/SOURCES.txt'
[0.908s] writing manifest file '../build/open_cv/open_cv.egg-info/SOURCES.txt'
[0.908s] running build
[0.908s] running build_py
[0.908s] creating /home/yueju/led/build/open_cv/build
[0.909s] creating /home/yueju/led/build/open_cv/build/lib
[0.909s] creating /home/yueju/led/build/open_cv/build/lib/open_cv
[0.909s] copying open_cv/cv_node.py -> /home/yueju/led/build/open_cv/build/lib/open_cv
[0.909s] copying open_cv/__init__.py -> /home/yueju/led/build/open_cv/build/lib/open_cv
[0.909s] copying open_cv/1.py -> /home/yueju/led/build/open_cv/build/lib/open_cv
[0.909s] running install
[0.910s] /home/yueju/.local/lib/python3.10/site-packages/setuptools/command/install.py:34: SetuptoolsDeprecationWarning: setup.py install is deprecated. Use build and pip and other standards-based tools.
[0.910s]   warnings.warn(
[0.915s] running install_lib
[0.928s] creating /home/yueju/led/install/open_cv/lib/python3.10/site-packages/open_cv
[0.928s] copying /home/yueju/led/build/open_cv/build/lib/open_cv/cv_node.py -> /home/yueju/led/install/open_cv/lib/python3.10/site-packages/open_cv
[0.929s] copying /home/yueju/led/build/open_cv/build/lib/open_cv/__init__.py -> /home/yueju/led/install/open_cv/lib/python3.10/site-packages/open_cv
[0.929s] copying /home/yueju/led/build/open_cv/build/lib/open_cv/1.py -> /home/yueju/led/install/open_cv/lib/python3.10/site-packages/open_cv
[0.929s] byte-compiling /home/yueju/led/install/open_cv/lib/python3.10/site-packages/open_cv/cv_node.py to cv_node.cpython-310.pyc
[0.930s] byte-compiling /home/yueju/led/install/open_cv/lib/python3.10/site-packages/open_cv/__init__.py to __init__.cpython-310.pyc
[0.930s] byte-compiling /home/yueju/led/install/open_cv/lib/python3.10/site-packages/open_cv/1.py to 1.cpython-310.pyc
[0.930s] running install_data
[0.943s] creating /home/yueju/led/install/open_cv/share/ament_index
[0.943s] creating /home/yueju/led/install/open_cv/share/ament_index/resource_index
[0.943s] creating /home/yueju/led/install/open_cv/share/ament_index/resource_index/packages
[0.943s] copying resource/open_cv -> /home/yueju/led/install/open_cv/share/ament_index/resource_index/packages
[0.943s] copying package.xml -> /home/yueju/led/install/open_cv/share/open_cv
[0.944s] running install_egg_info
[0.957s] Copying ../build/open_cv/open_cv.egg-info to /home/yueju/led/install/open_cv/lib/python3.10/site-packages/open_cv-0.0.0-py3.10.egg-info
[0.958s] running install_scripts
[1.107s] writing list of installed files to '/home/yueju/led/build/open_cv/install.log'
[1.132s] Invoked command in '/home/yueju/led/open_cv' returned '0': PYTHONPATH=/home/yueju/led/build/open_cv/prefix_override:/home/yueju/led/install/open_cv/lib/python3.10/site-packages:${PYTHONPATH} /usr/bin/python3 setup.py egg_info --egg-base ../build/open_cv build --build-base /home/yueju/led/build/open_cv/build install --record /home/yueju/led/build/open_cv/install.log --single-version-externally-managed
