[0.862s] Invoking command in '/home/yueju/led/src/battery_node': PYTHONPATH=/home/yueju/led/build/battery_node/prefix_override:/home/yueju/led/install/battery_node/lib/python3.10/site-packages:${PYTHONPATH} /usr/bin/python3 setup.py egg_info --egg-base ../../build/battery_node build --build-base /home/yueju/led/build/battery_node/build install --record /home/yueju/led/build/battery_node/install.log --single-version-externally-managed
[1.131s] running egg_info
[1.132s] writing ../../build/battery_node/battery_node.egg-info/PKG-INFO
[1.132s] writing dependency_links to ../../build/battery_node/battery_node.egg-info/dependency_links.txt
[1.132s] writing entry points to ../../build/battery_node/battery_node.egg-info/entry_points.txt
[1.133s] writing requirements to ../../build/battery_node/battery_node.egg-info/requires.txt
[1.133s] writing top-level names to ../../build/battery_node/battery_node.egg-info/top_level.txt
[1.135s] reading manifest file '../../build/battery_node/battery_node.egg-info/SOURCES.txt'
[1.137s] writing manifest file '../../build/battery_node/battery_node.egg-info/SOURCES.txt'
[1.137s] running build
[1.137s] running build_py
[1.137s] copying battery_node/node_battery.py -> /home/yueju/led/build/battery_node/build/lib/battery_node
[1.137s] copying battery_node/asd_.py -> /home/yueju/led/build/battery_node/build/lib/battery_node
[1.138s] running install
[1.138s] running install_lib
[1.139s] copying /home/yueju/led/build/battery_node/build/lib/battery_node/node_battery.py -> /home/yueju/led/install/battery_node/lib/python3.10/site-packages/battery_node
[1.139s] copying /home/yueju/led/build/battery_node/build/lib/battery_node/asd_.py -> /home/yueju/led/install/battery_node/lib/python3.10/site-packages/battery_node
[1.140s] byte-compiling /home/yueju/led/install/battery_node/lib/python3.10/site-packages/battery_node/node_battery.py to node_battery.cpython-310.pyc
[1.140s]   File "/home/yueju/led/install/battery_node/lib/python3.10/site-packages/battery_node/node_battery.py", line 15
[1.140s]     request=SetLed. 
[1.140s]                     ^
[1.141s] SyntaxError: invalid syntax
[1.141s] 
[1.141s] byte-compiling /home/yueju/led/install/battery_node/lib/python3.10/site-packages/battery_node/asd_.py to asd_.cpython-310.pyc
[1.141s] running install_data
[1.142s] running install_egg_info
[1.143s] removing '/home/yueju/led/install/battery_node/lib/python3.10/site-packages/battery_node-0.0.0-py3.10.egg-info' (and everything under it)
[1.143s] Copying ../../build/battery_node/battery_node.egg-info to /home/yueju/led/install/battery_node/lib/python3.10/site-packages/battery_node-0.0.0-py3.10.egg-info
[1.201s] running install_scripts
[1.221s] Installing node_battery script to /home/yueju/led/install/battery_node/lib/battery_node
[1.221s] Installing node_led script to /home/yueju/led/install/battery_node/lib/battery_node
[1.221s] writing list of installed files to '/home/yueju/led/build/battery_node/install.log'
[1.253s] Invoked command in '/home/yueju/led/src/battery_node' returned '0': PYTHONPATH=/home/yueju/led/build/battery_node/prefix_override:/home/yueju/led/install/battery_node/lib/python3.10/site-packages:${PYTHONPATH} /usr/bin/python3 setup.py egg_info --egg-base ../../build/battery_node build --build-base /home/yueju/led/build/battery_node/build install --record /home/yueju/led/build/battery_node/install.log --single-version-externally-managed
