[0.005s] Invoking command in '/home/pmlab/yueju2/build/pm_bringup': AMENT_PREFIX_PATH=/home/pmlab/yueju2/install/open_cv:${AMENT_PREFIX_PATH} CMAKE_PREFIX_PATH=${CMAKE_PREFIX_PATH}:/home/pmlab/pm_ros2_ws/install/pm_vision:/home/pmlab/pm_ros2_ws/install/pm_robot_control_test:/home/pmlab/pm_ros2_ws/install/pm_move:/opt/ros/humble PYTHONPATH=/home/pmlab/yueju2/install/open_cv/lib/python3.10/site-packages:${PYTHONPATH} /usr/bin/cmake /home/pmlab/yueju2/pm_bringup -DCMAKE_INSTALL_PREFIX=/home/pmlab/yueju2/install/pm_bringup
[0.095s] -- The C compiler identification is GNU 11.3.0
[0.149s] -- The CXX compiler identification is GNU 11.3.0
[0.155s] -- Detecting C compiler ABI info
[0.194s] -- Detecting C compiler ABI info - done
[0.198s] -- Check for working C compiler: /usr/bin/cc - skipped
[0.199s] -- Detecting C compile features
[0.199s] -- Detecting C compile features - done
[0.201s] -- Detecting CXX compiler ABI info
[0.241s] -- Detecting CXX compiler ABI info - done
[0.246s] -- Check for working CXX compiler: /usr/bin/c++ - skipped
[0.246s] -- Detecting CXX compile features
[0.246s] -- Detecting CXX compile features - done
[0.251s] -- Found ament_cmake: 1.3.4 (/opt/ros/humble/share/ament_cmake/cmake)
[0.351s] -- Found Python3: /usr/bin/python3.10 (found version "3.10.6") found components: Interpreter 
[0.459s] -- Configuring done
[0.460s] -- Generating done
[0.460s] -- Build files have been written to: /home/pmlab/yueju2/build/pm_bringup
[0.463s] Invoked command in '/home/pmlab/yueju2/build/pm_bringup' returned '0': AMENT_PREFIX_PATH=/home/pmlab/yueju2/install/open_cv:${AMENT_PREFIX_PATH} CMAKE_PREFIX_PATH=${CMAKE_PREFIX_PATH}:/home/pmlab/pm_ros2_ws/install/pm_vision:/home/pmlab/pm_ros2_ws/install/pm_robot_control_test:/home/pmlab/pm_ros2_ws/install/pm_move:/opt/ros/humble PYTHONPATH=/home/pmlab/yueju2/install/open_cv/lib/python3.10/site-packages:${PYTHONPATH} /usr/bin/cmake /home/pmlab/yueju2/pm_bringup -DCMAKE_INSTALL_PREFIX=/home/pmlab/yueju2/install/pm_bringup
[0.464s] Invoking command in '/home/pmlab/yueju2/build/pm_bringup': AMENT_PREFIX_PATH=/home/pmlab/yueju2/install/open_cv:${AMENT_PREFIX_PATH} CMAKE_PREFIX_PATH=${CMAKE_PREFIX_PATH}:/home/pmlab/pm_ros2_ws/install/pm_vision:/home/pmlab/pm_ros2_ws/install/pm_robot_control_test:/home/pmlab/pm_ros2_ws/install/pm_move:/opt/ros/humble PYTHONPATH=/home/pmlab/yueju2/install/open_cv/lib/python3.10/site-packages:${PYTHONPATH} /usr/bin/cmake --build /home/pmlab/yueju2/build/pm_bringup -- -j16 -l16
[0.484s] Invoked command in '/home/pmlab/yueju2/build/pm_bringup' returned '0': AMENT_PREFIX_PATH=/home/pmlab/yueju2/install/open_cv:${AMENT_PREFIX_PATH} CMAKE_PREFIX_PATH=${CMAKE_PREFIX_PATH}:/home/pmlab/pm_ros2_ws/install/pm_vision:/home/pmlab/pm_ros2_ws/install/pm_robot_control_test:/home/pmlab/pm_ros2_ws/install/pm_move:/opt/ros/humble PYTHONPATH=/home/pmlab/yueju2/install/open_cv/lib/python3.10/site-packages:${PYTHONPATH} /usr/bin/cmake --build /home/pmlab/yueju2/build/pm_bringup -- -j16 -l16
[0.498s] Invoking command in '/home/pmlab/yueju2/build/pm_bringup': AMENT_PREFIX_PATH=/home/pmlab/yueju2/install/open_cv:${AMENT_PREFIX_PATH} CMAKE_PREFIX_PATH=${CMAKE_PREFIX_PATH}:/home/pmlab/pm_ros2_ws/install/pm_vision:/home/pmlab/pm_ros2_ws/install/pm_robot_control_test:/home/pmlab/pm_ros2_ws/install/pm_move:/opt/ros/humble PYTHONPATH=/home/pmlab/yueju2/install/open_cv/lib/python3.10/site-packages:${PYTHONPATH} /usr/bin/cmake --install /home/pmlab/yueju2/build/pm_bringup
[0.501s] -- Install configuration: ""
[0.502s] -- Up-to-date: /home/pmlab/yueju2/install/pm_bringup/share/pm_bringup/launch
[0.502s] -- Installing: /home/pmlab/yueju2/install/pm_bringup/share/pm_bringup/launch/auto_calibrating.launch.py
[0.502s] -- Installing: /home/pmlab/yueju2/install/pm_bringup/share/ament_index/resource_index/package_run_dependencies/pm_bringup
[0.502s] -- Installing: /home/pmlab/yueju2/install/pm_bringup/share/ament_index/resource_index/parent_prefix_path/pm_bringup
[0.502s] -- Installing: /home/pmlab/yueju2/install/pm_bringup/share/pm_bringup/environment/ament_prefix_path.dsv
[0.502s] -- Installing: /home/pmlab/yueju2/install/pm_bringup/share/pm_bringup/environment/path.dsv
[0.502s] -- Installing: /home/pmlab/yueju2/install/pm_bringup/share/pm_bringup/local_setup.bash
[0.502s] -- Installing: /home/pmlab/yueju2/install/pm_bringup/share/pm_bringup/local_setup.sh
[0.502s] -- Installing: /home/pmlab/yueju2/install/pm_bringup/share/pm_bringup/local_setup.zsh
[0.502s] -- Installing: /home/pmlab/yueju2/install/pm_bringup/share/pm_bringup/local_setup.dsv
[0.502s] -- Installing: /home/pmlab/yueju2/install/pm_bringup/share/pm_bringup/package.dsv
[0.503s] -- Installing: /home/pmlab/yueju2/install/pm_bringup/share/ament_index/resource_index/packages/pm_bringup
[0.503s] -- Installing: /home/pmlab/yueju2/install/pm_bringup/share/pm_bringup/cmake/pm_bringupConfig.cmake
[0.503s] -- Installing: /home/pmlab/yueju2/install/pm_bringup/share/pm_bringup/cmake/pm_bringupConfig-version.cmake
[0.503s] -- Installing: /home/pmlab/yueju2/install/pm_bringup/share/pm_bringup/package.xml
[0.503s] Invoked command in '/home/pmlab/yueju2/build/pm_bringup' returned '0': AMENT_PREFIX_PATH=/home/pmlab/yueju2/install/open_cv:${AMENT_PREFIX_PATH} CMAKE_PREFIX_PATH=${CMAKE_PREFIX_PATH}:/home/pmlab/pm_ros2_ws/install/pm_vision:/home/pmlab/pm_ros2_ws/install/pm_robot_control_test:/home/pmlab/pm_ros2_ws/install/pm_move:/opt/ros/humble PYTHONPATH=/home/pmlab/yueju2/install/open_cv/lib/python3.10/site-packages:${PYTHONPATH} /usr/bin/cmake --install /home/pmlab/yueju2/build/pm_bringup
