-- The C compiler identification is GNU 11.3.0
-- The CXX compiler identification is GNU 11.3.0
-- Detecting C compiler ABI info
-- Detecting C compiler ABI info - done
-- Check for working C compiler: /usr/bin/cc - skipped
-- Detecting C compile features
-- Detecting C compile features - done
-- Detecting CXX compiler ABI info
-- Detecting CXX compiler ABI info - done
-- Check for working CXX compiler: /usr/bin/c++ - skipped
-- Detecting CXX compile features
-- Detecting CXX compile features - done
-- Found ament_cmake: 1.3.3 (/opt/ros/humble/share/ament_cmake/cmake)
-- Found Python3: /usr/bin/python3.10 (found version "3.10.6") found components: Interpreter 
-- Configuring done
-- Generating done
-- Build files have been written to: /home/yueju/led/build/open62541
[ 50%] [32mBuilding C object CMakeFiles/open62541.dir/src/open62541.c.o[0m
[100%] [32m[1mLinking C static library libopen62541.a[0m
[100%] Built target open62541
-- Install configuration: ""
-- Installing: /home/yueju/led/install/open62541/share/open62541/environment/library_path.sh
-- Installing: /home/yueju/led/install/open62541/share/open62541/environment/library_path.dsv
-- Installing: /home/yueju/led/install/open62541/include/open62541
-- Installing: /home/yueju/led/install/open62541/include/open62541/open62541.h
-- Installing: /home/yueju/led/install/open62541/lib/libopen62541.a
-- Installing: /home/yueju/led/install/open62541/share/ament_index/resource_index/package_run_dependencies/open62541
-- Installing: /home/yueju/led/install/open62541/share/ament_index/resource_index/parent_prefix_path/open62541
-- Installing: /home/yueju/led/install/open62541/share/open62541/environment/ament_prefix_path.sh
-- Installing: /home/yueju/led/install/open62541/share/open62541/environment/ament_prefix_path.dsv
-- Installing: /home/yueju/led/install/open62541/share/open62541/environment/path.sh
-- Installing: /home/yueju/led/install/open62541/share/open62541/environment/path.dsv
-- Installing: /home/yueju/led/install/open62541/share/open62541/local_setup.bash
-- Installing: /home/yueju/led/install/open62541/share/open62541/local_setup.sh
-- Installing: /home/yueju/led/install/open62541/share/open62541/local_setup.zsh
-- Installing: /home/yueju/led/install/open62541/share/open62541/local_setup.dsv
-- Installing: /home/yueju/led/install/open62541/share/open62541/package.dsv
-- Installing: /home/yueju/led/install/open62541/share/ament_index/resource_index/packages/open62541
-- Installing: /home/yueju/led/install/open62541/share/open62541/cmake/open62541Export.cmake
-- Installing: /home/yueju/led/install/open62541/share/open62541/cmake/open62541Export-noconfig.cmake
-- Installing: /home/yueju/led/install/open62541/share/open62541/cmake/ament_cmake_export_targets-extras.cmake
-- Installing: /home/yueju/led/install/open62541/share/open62541/cmake/open62541Config.cmake
-- Installing: /home/yueju/led/install/open62541/share/open62541/cmake/open62541Config-version.cmake
-- Installing: /home/yueju/led/install/open62541/share/open62541/package.xml
