[0.146s] Invoking command in '/home/yueju/led/build/open62541': CMAKE_PREFIX_PATH=/opt/ros/humble /usr/bin/cmake /home/yueju/led/match_pm_robot/open62541 -DCMAKE_INSTALL_PREFIX=/home/yueju/led/install/open62541
[5.395s] -- The C compiler identification is GNU 11.3.0
[7.257s] -- The CXX compiler identification is GNU 11.3.0
[7.550s] -- Detecting C compiler ABI info
[7.912s] -- Detecting C compiler ABI info - done
[7.943s] -- Check for working C compiler: /usr/bin/cc - skipped
[7.944s] -- Detecting C compile features
[7.957s] -- Detecting C compile features - done
[7.959s] -- Detecting CXX compiler ABI info
[8.148s] -- Detecting CXX compiler ABI info - done
[8.164s] -- Check for working CXX compiler: /usr/bin/c++ - skipped
[8.165s] -- Detecting CXX compile features
[8.166s] -- Detecting CXX compile features - done
[8.223s] -- Found ament_cmake: 1.3.3 (/opt/ros/humble/share/ament_cmake/cmake)
[8.700s] -- Found Python3: /usr/bin/python3.10 (found version "3.10.6") found components: Interpreter 
[9.162s] -- Configuring done
[9.166s] -- Generating done
[9.169s] -- Build files have been written to: /home/yueju/led/build/open62541
[9.177s] Invoked command in '/home/yueju/led/build/open62541' returned '0': CMAKE_PREFIX_PATH=/opt/ros/humble /usr/bin/cmake /home/yueju/led/match_pm_robot/open62541 -DCMAKE_INSTALL_PREFIX=/home/yueju/led/install/open62541
[9.178s] Invoking command in '/home/yueju/led/build/open62541': CMAKE_PREFIX_PATH=/opt/ros/humble /usr/bin/cmake --build /home/yueju/led/build/open62541 -- -j8 -l8
[9.222s] [ 50%] [32mBuilding C object CMakeFiles/open62541.dir/src/open62541.c.o[0m
[16.031s] [100%] [32m[1mLinking C static library libopen62541.a[0m
[16.461s] [100%] Built target open62541
[16.483s] Invoked command in '/home/yueju/led/build/open62541' returned '0': CMAKE_PREFIX_PATH=/opt/ros/humble /usr/bin/cmake --build /home/yueju/led/build/open62541 -- -j8 -l8
[16.517s] Invoking command in '/home/yueju/led/build/open62541': CMAKE_PREFIX_PATH=/opt/ros/humble /usr/bin/cmake --install /home/yueju/led/build/open62541
[16.525s] -- Install configuration: ""
[16.525s] -- Installing: /home/yueju/led/install/open62541/share/open62541/environment/library_path.sh
[16.525s] -- Installing: /home/yueju/led/install/open62541/share/open62541/environment/library_path.dsv
[16.526s] -- Installing: /home/yueju/led/install/open62541/include/open62541
[16.526s] -- Installing: /home/yueju/led/install/open62541/include/open62541/open62541.h
[16.528s] -- Installing: /home/yueju/led/install/open62541/lib/libopen62541.a
[16.532s] -- Installing: /home/yueju/led/install/open62541/share/ament_index/resource_index/package_run_dependencies/open62541
[16.532s] -- Installing: /home/yueju/led/install/open62541/share/ament_index/resource_index/parent_prefix_path/open62541
[16.532s] -- Installing: /home/yueju/led/install/open62541/share/open62541/environment/ament_prefix_path.sh
[16.532s] -- Installing: /home/yueju/led/install/open62541/share/open62541/environment/ament_prefix_path.dsv
[16.532s] -- Installing: /home/yueju/led/install/open62541/share/open62541/environment/path.sh
[16.533s] -- Installing: /home/yueju/led/install/open62541/share/open62541/environment/path.dsv
[16.533s] -- Installing: /home/yueju/led/install/open62541/share/open62541/local_setup.bash
[16.533s] -- Installing: /home/yueju/led/install/open62541/share/open62541/local_setup.sh
[16.533s] -- Installing: /home/yueju/led/install/open62541/share/open62541/local_setup.zsh
[16.533s] -- Installing: /home/yueju/led/install/open62541/share/open62541/local_setup.dsv
[16.534s] -- Installing: /home/yueju/led/install/open62541/share/open62541/package.dsv
[16.534s] -- Installing: /home/yueju/led/install/open62541/share/ament_index/resource_index/packages/open62541
[16.534s] -- Installing: /home/yueju/led/install/open62541/share/open62541/cmake/open62541Export.cmake
[16.534s] -- Installing: /home/yueju/led/install/open62541/share/open62541/cmake/open62541Export-noconfig.cmake
[16.534s] -- Installing: /home/yueju/led/install/open62541/share/open62541/cmake/ament_cmake_export_targets-extras.cmake
[16.534s] -- Installing: /home/yueju/led/install/open62541/share/open62541/cmake/open62541Config.cmake
[16.534s] -- Installing: /home/yueju/led/install/open62541/share/open62541/cmake/open62541Config-version.cmake
[16.535s] -- Installing: /home/yueju/led/install/open62541/share/open62541/package.xml
[16.539s] Invoked command in '/home/yueju/led/build/open62541' returned '0': CMAKE_PREFIX_PATH=/opt/ros/humble /usr/bin/cmake --install /home/yueju/led/build/open62541
