[0.593s] Invoking command in '/home/yueju/led/build/interface': CMAKE_PREFIX_PATH=/opt/ros/humble /usr/bin/cmake --build /home/yueju/led/build/interface -- -j8 -l8
[0.620s] -- Found ament_cmake: 1.3.3 (/opt/ros/humble/share/ament_cmake/cmake)
[0.772s] -- Found rosidl_default_generators: 1.2.0 (/opt/ros/humble/share/rosidl_default_generators/cmake)
[0.774s] -- Using all available rosidl_typesupport_c: rosidl_typesupport_fastrtps_c;rosidl_typesupport_introspection_c
[0.777s] -- Found rosidl_adapter: 3.1.4 (/opt/ros/humble/share/rosidl_adapter/cmake)
[0.813s] -- Using all available rosidl_typesupport_cpp: rosidl_typesupport_fastrtps_cpp;rosidl_typesupport_introspection_cpp
[1.122s] -- Found ament_cmake_ros: 0.10.0 (/opt/ros/humble/share/ament_cmake_ros/cmake)
[1.319s] -- Using all available rosidl_typesupport_c: rosidl_typesupport_fastrtps_c;rosidl_typesupport_introspection_c
[1.587s] -- Using all available rosidl_typesupport_cpp: rosidl_typesupport_fastrtps_cpp;rosidl_typesupport_introspection_cpp
[1.612s] -- Found python_cmake_module: 0.10.0 (/opt/ros/humble/share/python_cmake_module/cmake)
[1.637s] -- Using PYTHON_EXECUTABLE: /usr/bin/python3
[1.637s] -- Using PYTHON_INCLUDE_DIRS: /usr/include/python3.10
[1.637s] -- Using PYTHON_LIBRARIES: /usr/lib/x86_64-linux-gnu/libpython3.10.so
[1.649s] -- Found ament_lint_auto: 0.12.5 (/opt/ros/humble/share/ament_lint_auto/cmake)
[1.656s] -- Configuring done
[1.690s] -- Generating done
[1.696s] -- Build files have been written to: /home/yueju/led/build/interface
[1.720s] [  2%] [34m[1mGenerating C code for ROS interfaces[0m
[1.732s] [  5%] [34m[1mGenerating C++ code for ROS interfaces[0m
[1.744s] [  5%] Built target ament_cmake_python_copy_interface
[2.041s] running egg_info
[2.041s] writing interface.egg-info/PKG-INFO
[2.041s] writing dependency_links to interface.egg-info/dependency_links.txt
[2.042s] writing top-level names to interface.egg-info/top_level.txt
[2.044s] reading manifest file 'interface.egg-info/SOURCES.txt'
[2.045s] writing manifest file 'interface.egg-info/SOURCES.txt'
[2.072s] [  5%] Built target ament_cmake_python_build_interface_egg
[2.103s] [35m[1mConsolidate compiler generated dependencies of target interface__rosidl_generator_c[0m
[2.116s] [ 10%] [32mBuilding C object CMakeFiles/interface__rosidl_generator_c.dir/rosidl_generator_c/interface/srv/detail/set_led__functions.c.o[0m
[2.116s] [ 10%] [32mBuilding C object CMakeFiles/interface__rosidl_generator_c.dir/rosidl_generator_c/interface/msg/detail/led__functions.c.o[0m
[2.119s] [ 10%] Built target interface__cpp
[2.129s] [ 12%] [34m[1mGenerating C++ type support dispatch for ROS interfaces[0m
[2.129s] [ 15%] [34m[1mGenerating C++ introspection for ROS interfaces[0m
[2.133s] [ 17%] [34m[1mGenerating C++ type support for eProsima Fast-RTPS[0m
[2.178s] [ 20%] [32m[1mLinking C shared library libinterface__rosidl_generator_c.so[0m
[2.218s] [ 20%] Built target interface__rosidl_generator_c
[2.229s] [ 23%] [34m[1mGenerating C type support dispatch for ROS interfaces[0m
[2.230s] [ 25%] [34m[1mGenerating C introspection for ROS interfaces[0m
[2.232s] [ 28%] [34m[1mGenerating C type support for eProsima Fast-RTPS[0m
[2.454s] [35m[1mConsolidate compiler generated dependencies of target interface__rosidl_typesupport_introspection_cpp[0m
[2.477s] [ 30%] [32mBuilding CXX object CMakeFiles/interface__rosidl_typesupport_introspection_cpp.dir/rosidl_typesupport_introspection_cpp/interface/msg/detail/led__type_support.cpp.o[0m
[2.482s] [ 33%] [32mBuilding CXX object CMakeFiles/interface__rosidl_typesupport_introspection_cpp.dir/rosidl_typesupport_introspection_cpp/interface/srv/detail/set_led__type_support.cpp.o[0m
[2.488s] [35m[1mConsolidate compiler generated dependencies of target interface__rosidl_typesupport_fastrtps_cpp[0m
[2.495s] [35m[1mConsolidate compiler generated dependencies of target interface__rosidl_typesupport_cpp[0m
[2.511s] [ 35%] [32mBuilding CXX object CMakeFiles/interface__rosidl_typesupport_cpp.dir/rosidl_typesupport_cpp/interface/msg/led__type_support.cpp.o[0m
[2.516s] [ 38%] [32mBuilding CXX object CMakeFiles/interface__rosidl_typesupport_cpp.dir/rosidl_typesupport_cpp/interface/srv/set_led__type_support.cpp.o[0m
[2.545s] [ 41%] [32mBuilding CXX object CMakeFiles/interface__rosidl_typesupport_fastrtps_cpp.dir/rosidl_typesupport_fastrtps_cpp/interface/msg/detail/dds_fastrtps/led__type_support.cpp.o[0m
[2.664s] [35m[1mConsolidate compiler generated dependencies of target interface__rosidl_typesupport_c[0m
[2.678s] [ 43%] [32mBuilding CXX object CMakeFiles/interface__rosidl_typesupport_c.dir/rosidl_typesupport_c/interface/msg/led__type_support.cpp.o[0m
[2.724s] [ 46%] [32mBuilding CXX object CMakeFiles/interface__rosidl_typesupport_c.dir/rosidl_typesupport_c/interface/srv/set_led__type_support.cpp.o[0m
[2.772s] [ 48%] [32m[1mLinking CXX shared library libinterface__rosidl_typesupport_c.so[0m
[2.776s] [35m[1mConsolidate compiler generated dependencies of target interface__rosidl_typesupport_fastrtps_c[0m
[2.776s] [35m[1mConsolidate compiler generated dependencies of target interface__rosidl_typesupport_introspection_c[0m
[2.799s] [ 51%] [32mBuilding C object CMakeFiles/interface__rosidl_typesupport_introspection_c.dir/rosidl_typesupport_introspection_c/interface/msg/detail/led__type_support.c.o[0m
[2.799s] [ 53%] [32mBuilding CXX object CMakeFiles/interface__rosidl_typesupport_fastrtps_c.dir/rosidl_typesupport_fastrtps_c/interface/msg/detail/led__type_support_c.cpp.o[0m
[2.868s] [ 53%] Built target interface__rosidl_typesupport_c
[2.881s] [ 56%] [32mBuilding CXX object CMakeFiles/interface__rosidl_typesupport_fastrtps_cpp.dir/rosidl_typesupport_fastrtps_cpp/interface/srv/detail/dds_fastrtps/set_led__type_support.cpp.o[0m
[2.882s] [ 58%] [32mBuilding C object CMakeFiles/interface__rosidl_typesupport_introspection_c.dir/rosidl_typesupport_introspection_c/interface/srv/detail/set_led__type_support.c.o[0m
[2.940s] [ 61%] [32m[1mLinking C shared library libinterface__rosidl_typesupport_introspection_c.so[0m
[2.985s] [ 61%] Built target interface__rosidl_typesupport_introspection_c
[2.998s] [ 64%] [32mBuilding CXX object CMakeFiles/interface__rosidl_typesupport_fastrtps_c.dir/rosidl_typesupport_fastrtps_c/interface/srv/detail/set_led__type_support_c.cpp.o[0m
[3.015s] [ 66%] [32m[1mLinking CXX shared library libinterface__rosidl_typesupport_cpp.so[0m
[3.081s] [ 66%] Built target interface__rosidl_typesupport_cpp
[3.120s] [ 69%] [32m[1mLinking CXX shared library libinterface__rosidl_typesupport_introspection_cpp.so[0m
[3.165s] [ 69%] Built target interface__rosidl_typesupport_introspection_cpp
[3.420s] [ 74%] [32m[1mLinking CXX shared library libinterface__rosidl_typesupport_fastrtps_cpp.so[0m
[3.420s] [ 74%] [32m[1mLinking CXX shared library libinterface__rosidl_typesupport_fastrtps_c.so[0m
[3.511s] [ 74%] Built target interface__rosidl_typesupport_fastrtps_cpp
[3.511s] [ 74%] Built target interface__rosidl_typesupport_fastrtps_c
[3.531s] [ 74%] Built target interface
[3.549s] [ 76%] [34m[1mGenerating Python code for ROS interfaces[0m
[3.982s] [ 76%] Built target interface__py
[3.991s] [35m[1mConsolidate compiler generated dependencies of target interface__rosidl_generator_py[0m
[4.006s] [ 82%] [32mBuilding C object CMakeFiles/interface__rosidl_generator_py.dir/rosidl_generator_py/interface/srv/_set_led_s.c.o[0m
[4.006s] [ 82%] [32mBuilding C object CMakeFiles/interface__rosidl_generator_py.dir/rosidl_generator_py/interface/msg/_led_s.c.o[0m
[4.126s] [ 84%] [32m[1mLinking C shared library rosidl_generator_py/interface/libinterface__rosidl_generator_py.so[0m
[4.167s] [ 84%] Built target interface__rosidl_generator_py
[4.177s] [35m[1mConsolidate compiler generated dependencies of target interface__rosidl_typesupport_fastrtps_c__pyext[0m
[4.177s] [35m[1mConsolidate compiler generated dependencies of target interface__rosidl_typesupport_c__pyext[0m
[4.177s] [35m[1mConsolidate compiler generated dependencies of target interface__rosidl_typesupport_introspection_c__pyext[0m
[4.265s] [ 87%] [32mBuilding C object CMakeFiles/interface__rosidl_typesupport_introspection_c__pyext.dir/rosidl_generator_py/interface/_interface_s.ep.rosidl_typesupport_introspection_c.c.o[0m
[4.269s] [ 89%] [32mBuilding C object CMakeFiles/interface__rosidl_typesupport_fastrtps_c__pyext.dir/rosidl_generator_py/interface/_interface_s.ep.rosidl_typesupport_fastrtps_c.c.o[0m
[4.276s] [ 92%] [32mBuilding C object CMakeFiles/interface__rosidl_typesupport_c__pyext.dir/rosidl_generator_py/interface/_interface_s.ep.rosidl_typesupport_c.c.o[0m
[4.395s] [ 94%] [32m[1mLinking C shared library rosidl_generator_py/interface/interface_s__rosidl_typesupport_introspection_c.cpython-310-x86_64-linux-gnu.so[0m
[4.403s] [ 97%] [32m[1mLinking C shared library rosidl_generator_py/interface/interface_s__rosidl_typesupport_fastrtps_c.cpython-310-x86_64-linux-gnu.so[0m
[4.435s] [ 97%] Built target interface__rosidl_typesupport_introspection_c__pyext
[4.439s] [ 97%] Built target interface__rosidl_typesupport_fastrtps_c__pyext
[4.446s] [100%] [32m[1mLinking C shared library rosidl_generator_py/interface/interface_s__rosidl_typesupport_c.cpython-310-x86_64-linux-gnu.so[0m
[4.477s] [100%] Built target interface__rosidl_typesupport_c__pyext
[4.488s] Invoked command in '/home/yueju/led/build/interface' returned '0': CMAKE_PREFIX_PATH=/opt/ros/humble /usr/bin/cmake --build /home/yueju/led/build/interface -- -j8 -l8
[4.575s] Invoking command in '/home/yueju/led/build/interface': CMAKE_PREFIX_PATH=/opt/ros/humble /usr/bin/cmake --install /home/yueju/led/build/interface
[4.582s] -- Install configuration: ""
[4.582s] -- Up-to-date: /home/yueju/led/install/interface/share/ament_index/resource_index/rosidl_interfaces/interface
[4.582s] -- Up-to-date: /home/yueju/led/install/interface/include/interface/interface
[4.582s] -- Up-to-date: /home/yueju/led/install/interface/include/interface/interface/srv
[4.582s] -- Up-to-date: /home/yueju/led/install/interface/include/interface/interface/srv/detail
[4.582s] -- Installing: /home/yueju/led/install/interface/include/interface/interface/srv/detail/set_led__functions.h
[4.583s] -- Installing: /home/yueju/led/install/interface/include/interface/interface/srv/detail/set_led__type_support.h
[4.583s] -- Installing: /home/yueju/led/install/interface/include/interface/interface/srv/detail/set_led__functions.c
[4.583s] -- Installing: /home/yueju/led/install/interface/include/interface/interface/srv/detail/set_led__struct.h
[4.583s] -- Installing: /home/yueju/led/install/interface/include/interface/interface/srv/set_led.h
[4.583s] -- Up-to-date: /home/yueju/led/install/interface/include/interface/interface/msg
[4.583s] -- Up-to-date: /home/yueju/led/install/interface/include/interface/interface/msg/detail
[4.583s] -- Installing: /home/yueju/led/install/interface/include/interface/interface/msg/detail/led__functions.h
[4.584s] -- Installing: /home/yueju/led/install/interface/include/interface/interface/msg/detail/led__functions.c
[4.584s] -- Installing: /home/yueju/led/install/interface/include/interface/interface/msg/detail/led__type_support.h
[4.584s] -- Installing: /home/yueju/led/install/interface/include/interface/interface/msg/detail/led__struct.h
[4.584s] -- Installing: /home/yueju/led/install/interface/include/interface/interface/msg/led.h
[4.584s] -- Up-to-date: /home/yueju/led/install/interface/include/interface/interface/msg/rosidl_generator_c__visibility_control.h
[4.584s] -- Up-to-date: /home/yueju/led/install/interface/share/interface/environment/library_path.sh
[4.584s] -- Installing: /home/yueju/led/install/interface/share/interface/environment/library_path.dsv
[4.584s] -- Installing: /home/yueju/led/install/interface/lib/libinterface__rosidl_generator_c.so
[4.585s] -- Set runtime path of "/home/yueju/led/install/interface/lib/libinterface__rosidl_generator_c.so" to ""
[4.585s] -- Up-to-date: /home/yueju/led/install/interface/include/interface/interface
[4.585s] -- Up-to-date: /home/yueju/led/install/interface/include/interface/interface/srv
[4.585s] -- Up-to-date: /home/yueju/led/install/interface/include/interface/interface/srv/detail
[4.585s] -- Installing: /home/yueju/led/install/interface/include/interface/interface/srv/detail/set_led__rosidl_typesupport_fastrtps_c.h
[4.585s] -- Up-to-date: /home/yueju/led/install/interface/include/interface/interface/msg
[4.585s] -- Up-to-date: /home/yueju/led/install/interface/include/interface/interface/msg/detail
[4.585s] -- Installing: /home/yueju/led/install/interface/include/interface/interface/msg/detail/led__rosidl_typesupport_fastrtps_c.h
[4.585s] -- Up-to-date: /home/yueju/led/install/interface/include/interface/interface/msg/rosidl_typesupport_fastrtps_c__visibility_control.h
[4.586s] -- Installing: /home/yueju/led/install/interface/lib/libinterface__rosidl_typesupport_fastrtps_c.so
[4.586s] -- Set runtime path of "/home/yueju/led/install/interface/lib/libinterface__rosidl_typesupport_fastrtps_c.so" to ""
[4.586s] -- Up-to-date: /home/yueju/led/install/interface/include/interface/interface
[4.586s] -- Up-to-date: /home/yueju/led/install/interface/include/interface/interface/srv
[4.586s] -- Up-to-date: /home/yueju/led/install/interface/include/interface/interface/srv/detail
[4.587s] -- Installing: /home/yueju/led/install/interface/include/interface/interface/srv/detail/set_led__type_support.c
[4.587s] -- Installing: /home/yueju/led/install/interface/include/interface/interface/srv/detail/set_led__rosidl_typesupport_introspection_c.h
[4.587s] -- Up-to-date: /home/yueju/led/install/interface/include/interface/interface/msg
[4.587s] -- Up-to-date: /home/yueju/led/install/interface/include/interface/interface/msg/detail
[4.587s] -- Installing: /home/yueju/led/install/interface/include/interface/interface/msg/detail/led__type_support.c
[4.587s] -- Installing: /home/yueju/led/install/interface/include/interface/interface/msg/detail/led__rosidl_typesupport_introspection_c.h
[4.587s] -- Up-to-date: /home/yueju/led/install/interface/include/interface/interface/msg/rosidl_typesupport_introspection_c__visibility_control.h
[4.587s] -- Installing: /home/yueju/led/install/interface/lib/libinterface__rosidl_typesupport_introspection_c.so
[4.588s] -- Set runtime path of "/home/yueju/led/install/interface/lib/libinterface__rosidl_typesupport_introspection_c.so" to ""
[4.588s] -- Installing: /home/yueju/led/install/interface/lib/libinterface__rosidl_typesupport_c.so
[4.589s] -- Set runtime path of "/home/yueju/led/install/interface/lib/libinterface__rosidl_typesupport_c.so" to ""
[4.589s] -- Up-to-date: /home/yueju/led/install/interface/include/interface/interface
[4.589s] -- Up-to-date: /home/yueju/led/install/interface/include/interface/interface/srv
[4.589s] -- Up-to-date: /home/yueju/led/install/interface/include/interface/interface/srv/detail
[4.589s] -- Installing: /home/yueju/led/install/interface/include/interface/interface/srv/detail/set_led__struct.hpp
[4.589s] -- Installing: /home/yueju/led/install/interface/include/interface/interface/srv/detail/set_led__builder.hpp
[4.589s] -- Installing: /home/yueju/led/install/interface/include/interface/interface/srv/detail/set_led__traits.hpp
[4.589s] -- Installing: /home/yueju/led/install/interface/include/interface/interface/srv/set_led.hpp
[4.589s] -- Up-to-date: /home/yueju/led/install/interface/include/interface/interface/msg
[4.589s] -- Up-to-date: /home/yueju/led/install/interface/include/interface/interface/msg/detail
[4.589s] -- Installing: /home/yueju/led/install/interface/include/interface/interface/msg/detail/led__struct.hpp
[4.590s] -- Installing: /home/yueju/led/install/interface/include/interface/interface/msg/detail/led__builder.hpp
[4.590s] -- Installing: /home/yueju/led/install/interface/include/interface/interface/msg/detail/led__traits.hpp
[4.590s] -- Installing: /home/yueju/led/install/interface/include/interface/interface/msg/led.hpp
[4.590s] -- Up-to-date: /home/yueju/led/install/interface/include/interface/interface
[4.590s] -- Up-to-date: /home/yueju/led/install/interface/include/interface/interface/srv
[4.590s] -- Up-to-date: /home/yueju/led/install/interface/include/interface/interface/srv/detail
[4.590s] -- Up-to-date: /home/yueju/led/install/interface/include/interface/interface/srv/detail/dds_fastrtps
[4.590s] -- Installing: /home/yueju/led/install/interface/include/interface/interface/srv/detail/set_led__rosidl_typesupport_fastrtps_cpp.hpp
[4.590s] -- Up-to-date: /home/yueju/led/install/interface/include/interface/interface/msg
[4.591s] -- Up-to-date: /home/yueju/led/install/interface/include/interface/interface/msg/rosidl_typesupport_fastrtps_cpp__visibility_control.h
[4.591s] -- Up-to-date: /home/yueju/led/install/interface/include/interface/interface/msg/detail
[4.591s] -- Up-to-date: /home/yueju/led/install/interface/include/interface/interface/msg/detail/dds_fastrtps
[4.591s] -- Installing: /home/yueju/led/install/interface/include/interface/interface/msg/detail/led__rosidl_typesupport_fastrtps_cpp.hpp
[4.591s] -- Installing: /home/yueju/led/install/interface/lib/libinterface__rosidl_typesupport_fastrtps_cpp.so
[4.591s] -- Set runtime path of "/home/yueju/led/install/interface/lib/libinterface__rosidl_typesupport_fastrtps_cpp.so" to ""
[4.591s] -- Up-to-date: /home/yueju/led/install/interface/include/interface/interface
[4.592s] -- Up-to-date: /home/yueju/led/install/interface/include/interface/interface/srv
[4.592s] -- Up-to-date: /home/yueju/led/install/interface/include/interface/interface/srv/detail
[4.592s] -- Installing: /home/yueju/led/install/interface/include/interface/interface/srv/detail/set_led__type_support.cpp
[4.592s] -- Installing: /home/yueju/led/install/interface/include/interface/interface/srv/detail/set_led__rosidl_typesupport_introspection_cpp.hpp
[4.592s] -- Up-to-date: /home/yueju/led/install/interface/include/interface/interface/msg
[4.592s] -- Up-to-date: /home/yueju/led/install/interface/include/interface/interface/msg/detail
[4.592s] -- Installing: /home/yueju/led/install/interface/include/interface/interface/msg/detail/led__rosidl_typesupport_introspection_cpp.hpp
[4.592s] -- Installing: /home/yueju/led/install/interface/include/interface/interface/msg/detail/led__type_support.cpp
[4.592s] -- Installing: /home/yueju/led/install/interface/lib/libinterface__rosidl_typesupport_introspection_cpp.so
[4.593s] -- Set runtime path of "/home/yueju/led/install/interface/lib/libinterface__rosidl_typesupport_introspection_cpp.so" to ""
[4.593s] -- Installing: /home/yueju/led/install/interface/lib/libinterface__rosidl_typesupport_cpp.so
[4.594s] -- Set runtime path of "/home/yueju/led/install/interface/lib/libinterface__rosidl_typesupport_cpp.so" to ""
[4.594s] -- Up-to-date: /home/yueju/led/install/interface/share/interface/environment/pythonpath.sh
[4.594s] -- Installing: /home/yueju/led/install/interface/share/interface/environment/pythonpath.dsv
[4.594s] -- Up-to-date: /home/yueju/led/install/interface/local/lib/python3.10/dist-packages/interface-0.0.0-py3.10.egg-info
[4.594s] -- Installing: /home/yueju/led/install/interface/local/lib/python3.10/dist-packages/interface-0.0.0-py3.10.egg-info/top_level.txt
[4.594s] -- Installing: /home/yueju/led/install/interface/local/lib/python3.10/dist-packages/interface-0.0.0-py3.10.egg-info/SOURCES.txt
[4.594s] -- Installing: /home/yueju/led/install/interface/local/lib/python3.10/dist-packages/interface-0.0.0-py3.10.egg-info/PKG-INFO
[4.594s] -- Installing: /home/yueju/led/install/interface/local/lib/python3.10/dist-packages/interface-0.0.0-py3.10.egg-info/dependency_links.txt
[4.595s] -- Up-to-date: /home/yueju/led/install/interface/local/lib/python3.10/dist-packages/interface
[4.595s] -- Installing: /home/yueju/led/install/interface/local/lib/python3.10/dist-packages/interface/_interface_s.ep.rosidl_typesupport_c.c
[4.595s] -- Installing: /home/yueju/led/install/interface/local/lib/python3.10/dist-packages/interface/interface_s__rosidl_typesupport_c.cpython-310-x86_64-linux-gnu.so
[4.595s] -- Installing: /home/yueju/led/install/interface/local/lib/python3.10/dist-packages/interface/libinterface__rosidl_generator_py.so
[4.595s] -- Up-to-date: /home/yueju/led/install/interface/local/lib/python3.10/dist-packages/interface/srv
[4.595s] -- Installing: /home/yueju/led/install/interface/local/lib/python3.10/dist-packages/interface/srv/_set_led_s.c
[4.596s] -- Installing: /home/yueju/led/install/interface/local/lib/python3.10/dist-packages/interface/srv/__init__.py
[4.596s] -- Installing: /home/yueju/led/install/interface/local/lib/python3.10/dist-packages/interface/srv/_set_led.py
[4.596s] -- Installing: /home/yueju/led/install/interface/local/lib/python3.10/dist-packages/interface/_interface_s.ep.rosidl_typesupport_fastrtps_c.c
[4.596s] -- Up-to-date: /home/yueju/led/install/interface/local/lib/python3.10/dist-packages/interface/msg
[4.596s] -- Installing: /home/yueju/led/install/interface/local/lib/python3.10/dist-packages/interface/msg/_led.py
[4.596s] -- Installing: /home/yueju/led/install/interface/local/lib/python3.10/dist-packages/interface/msg/__init__.py
[4.596s] -- Installing: /home/yueju/led/install/interface/local/lib/python3.10/dist-packages/interface/msg/_led_s.c
[4.596s] -- Installing: /home/yueju/led/install/interface/local/lib/python3.10/dist-packages/interface/_interface_s.ep.rosidl_typesupport_introspection_c.c
[4.596s] -- Installing: /home/yueju/led/install/interface/local/lib/python3.10/dist-packages/interface/interface_s__rosidl_typesupport_fastrtps_c.cpython-310-x86_64-linux-gnu.so
[4.596s] -- Installing: /home/yueju/led/install/interface/local/lib/python3.10/dist-packages/interface/interface_s__rosidl_typesupport_introspection_c.cpython-310-x86_64-linux-gnu.so
[4.596s] -- Installing: /home/yueju/led/install/interface/local/lib/python3.10/dist-packages/interface/__init__.py
[4.634s] Listing '/home/yueju/led/install/interface/local/lib/python3.10/dist-packages/interface'...
[4.634s] Compiling '/home/yueju/led/install/interface/local/lib/python3.10/dist-packages/interface/__init__.py'...
[4.634s] Listing '/home/yueju/led/install/interface/local/lib/python3.10/dist-packages/interface/msg'...
[4.635s] Compiling '/home/yueju/led/install/interface/local/lib/python3.10/dist-packages/interface/msg/__init__.py'...
[4.635s] Compiling '/home/yueju/led/install/interface/local/lib/python3.10/dist-packages/interface/msg/_led.py'...
[4.635s] Listing '/home/yueju/led/install/interface/local/lib/python3.10/dist-packages/interface/srv'...
[4.635s] Compiling '/home/yueju/led/install/interface/local/lib/python3.10/dist-packages/interface/srv/__init__.py'...
[4.635s] Compiling '/home/yueju/led/install/interface/local/lib/python3.10/dist-packages/interface/srv/_set_led.py'...
[4.639s] -- Installing: /home/yueju/led/install/interface/local/lib/python3.10/dist-packages/interface/interface_s__rosidl_typesupport_fastrtps_c.cpython-310-x86_64-linux-gnu.so
[4.639s] -- Set runtime path of "/home/yueju/led/install/interface/local/lib/python3.10/dist-packages/interface/interface_s__rosidl_typesupport_fastrtps_c.cpython-310-x86_64-linux-gnu.so" to ""
[4.639s] -- Installing: /home/yueju/led/install/interface/local/lib/python3.10/dist-packages/interface/interface_s__rosidl_typesupport_introspection_c.cpython-310-x86_64-linux-gnu.so
[4.640s] -- Set runtime path of "/home/yueju/led/install/interface/local/lib/python3.10/dist-packages/interface/interface_s__rosidl_typesupport_introspection_c.cpython-310-x86_64-linux-gnu.so" to ""
[4.640s] -- Installing: /home/yueju/led/install/interface/local/lib/python3.10/dist-packages/interface/interface_s__rosidl_typesupport_c.cpython-310-x86_64-linux-gnu.so
[4.640s] -- Set runtime path of "/home/yueju/led/install/interface/local/lib/python3.10/dist-packages/interface/interface_s__rosidl_typesupport_c.cpython-310-x86_64-linux-gnu.so" to ""
[4.641s] -- Installing: /home/yueju/led/install/interface/lib/libinterface__rosidl_generator_py.so
[4.641s] -- Set runtime path of "/home/yueju/led/install/interface/lib/libinterface__rosidl_generator_py.so" to ""
[4.641s] -- Up-to-date: /home/yueju/led/install/interface/share/interface/msg/Led.idl
[4.642s] -- Installing: /home/yueju/led/install/interface/share/interface/srv/SetLed.idl
[4.642s] -- Up-to-date: /home/yueju/led/install/interface/share/interface/msg/Led.msg
[4.642s] -- Installing: /home/yueju/led/install/interface/share/interface/srv/SetLed.srv
[4.642s] -- Installing: /home/yueju/led/install/interface/share/interface/srv/SetLed_Request.msg
[4.642s] -- Installing: /home/yueju/led/install/interface/share/interface/srv/SetLed_Response.msg
[4.642s] -- Up-to-date: /home/yueju/led/install/interface/share/ament_index/resource_index/package_run_dependencies/interface
[4.643s] -- Up-to-date: /home/yueju/led/install/interface/share/ament_index/resource_index/parent_prefix_path/interface
[4.643s] -- Up-to-date: /home/yueju/led/install/interface/share/interface/environment/ament_prefix_path.sh
[4.643s] -- Installing: /home/yueju/led/install/interface/share/interface/environment/ament_prefix_path.dsv
[4.643s] -- Up-to-date: /home/yueju/led/install/interface/share/interface/environment/path.sh
[4.643s] -- Installing: /home/yueju/led/install/interface/share/interface/environment/path.dsv
[4.643s] -- Up-to-date: /home/yueju/led/install/interface/share/interface/local_setup.bash
[4.644s] -- Up-to-date: /home/yueju/led/install/interface/share/interface/local_setup.sh
[4.644s] -- Up-to-date: /home/yueju/led/install/interface/share/interface/local_setup.zsh
[4.644s] -- Installing: /home/yueju/led/install/interface/share/interface/local_setup.dsv
[4.644s] -- Installing: /home/yueju/led/install/interface/share/interface/package.dsv
[4.644s] -- Up-to-date: /home/yueju/led/install/interface/share/ament_index/resource_index/packages/interface
[4.644s] -- Up-to-date: /home/yueju/led/install/interface/share/interface/cmake/export_interface__rosidl_generator_cExport.cmake
[4.644s] -- Up-to-date: /home/yueju/led/install/interface/share/interface/cmake/export_interface__rosidl_generator_cExport-noconfig.cmake
[4.644s] -- Up-to-date: /home/yueju/led/install/interface/share/interface/cmake/export_interface__rosidl_typesupport_fastrtps_cExport.cmake
[4.645s] -- Up-to-date: /home/yueju/led/install/interface/share/interface/cmake/export_interface__rosidl_typesupport_fastrtps_cExport-noconfig.cmake
[4.645s] -- Up-to-date: /home/yueju/led/install/interface/share/interface/cmake/interface__rosidl_typesupport_introspection_cExport.cmake
[4.645s] -- Up-to-date: /home/yueju/led/install/interface/share/interface/cmake/interface__rosidl_typesupport_introspection_cExport-noconfig.cmake
[4.645s] -- Up-to-date: /home/yueju/led/install/interface/share/interface/cmake/interface__rosidl_typesupport_cExport.cmake
[4.645s] -- Up-to-date: /home/yueju/led/install/interface/share/interface/cmake/interface__rosidl_typesupport_cExport-noconfig.cmake
[4.645s] -- Up-to-date: /home/yueju/led/install/interface/share/interface/cmake/export_interface__rosidl_generator_cppExport.cmake
[4.645s] -- Up-to-date: /home/yueju/led/install/interface/share/interface/cmake/export_interface__rosidl_typesupport_fastrtps_cppExport.cmake
[4.646s] -- Up-to-date: /home/yueju/led/install/interface/share/interface/cmake/export_interface__rosidl_typesupport_fastrtps_cppExport-noconfig.cmake
[4.646s] -- Up-to-date: /home/yueju/led/install/interface/share/interface/cmake/interface__rosidl_typesupport_introspection_cppExport.cmake
[4.646s] -- Up-to-date: /home/yueju/led/install/interface/share/interface/cmake/interface__rosidl_typesupport_introspection_cppExport-noconfig.cmake
[4.646s] -- Up-to-date: /home/yueju/led/install/interface/share/interface/cmake/interface__rosidl_typesupport_cppExport.cmake
[4.646s] -- Up-to-date: /home/yueju/led/install/interface/share/interface/cmake/interface__rosidl_typesupport_cppExport-noconfig.cmake
[4.646s] -- Up-to-date: /home/yueju/led/install/interface/share/interface/cmake/export_interface__rosidl_generator_pyExport.cmake
[4.646s] -- Up-to-date: /home/yueju/led/install/interface/share/interface/cmake/export_interface__rosidl_generator_pyExport-noconfig.cmake
[4.646s] -- Up-to-date: /home/yueju/led/install/interface/share/interface/cmake/rosidl_cmake-extras.cmake
[4.646s] -- Up-to-date: /home/yueju/led/install/interface/share/interface/cmake/ament_cmake_export_include_directories-extras.cmake
[4.646s] -- Up-to-date: /home/yueju/led/install/interface/share/interface/cmake/ament_cmake_export_libraries-extras.cmake
[4.647s] -- Up-to-date: /home/yueju/led/install/interface/share/interface/cmake/ament_cmake_export_targets-extras.cmake
[4.647s] -- Up-to-date: /home/yueju/led/install/interface/share/interface/cmake/rosidl_cmake_export_typesupport_targets-extras.cmake
[4.647s] -- Up-to-date: /home/yueju/led/install/interface/share/interface/cmake/ament_cmake_export_dependencies-extras.cmake
[4.650s] -- Up-to-date: /home/yueju/led/install/interface/share/interface/cmake/rosidl_cmake_export_typesupport_libraries-extras.cmake
[4.650s] -- Up-to-date: /home/yueju/led/install/interface/share/interface/cmake/interfaceConfig.cmake
[4.650s] -- Up-to-date: /home/yueju/led/install/interface/share/interface/cmake/interfaceConfig-version.cmake
[4.650s] -- Up-to-date: /home/yueju/led/install/interface/share/interface/package.xml
[4.650s] Invoked command in '/home/yueju/led/build/interface' returned '0': CMAKE_PREFIX_PATH=/opt/ros/humble /usr/bin/cmake --install /home/yueju/led/build/interface
