[0.495s] Invoking command in '/home/pmlab/yueju2/change/open_cv': PYTHONPATH=/home/pmlab/yueju2/change/build/open_cv/prefix_override:/home/pmlab/yueju2/change/install/open_cv/lib/python3.10/site-packages:${PYTHONPATH} /usr/bin/python3 setup.py egg_info --egg-base ../build/open_cv build --build-base /home/pmlab/yueju2/change/build/open_cv/build install --record /home/pmlab/yueju2/change/build/open_cv/install.log --single-version-externally-managed
[0.691s] running egg_info
[0.691s] writing ../build/open_cv/open_cv.egg-info/PKG-INFO
[0.692s] writing dependency_links to ../build/open_cv/open_cv.egg-info/dependency_links.txt
[0.692s] writing entry points to ../build/open_cv/open_cv.egg-info/entry_points.txt
[0.692s] writing requirements to ../build/open_cv/open_cv.egg-info/requires.txt
[0.692s] writing top-level names to ../build/open_cv/open_cv.egg-info/top_level.txt
[0.693s] reading manifest file '../build/open_cv/open_cv.egg-info/SOURCES.txt'
[0.694s] writing manifest file '../build/open_cv/open_cv.egg-info/SOURCES.txt'
[0.694s] running build
[0.694s] running build_py
[0.694s] copying open_cv/image_processing.py -> /home/pmlab/yueju2/change/build/open_cv/build/lib/open_cv
[0.694s] running install
[0.694s] /usr/lib/python3/dist-packages/setuptools/command/install.py:34: SetuptoolsDeprecationWarning: setup.py install is deprecated. Use build and pip and other standards-based tools.
[0.694s]   warnings.warn(
[0.694s] running install_lib
[0.695s] copying /home/pmlab/yueju2/change/build/open_cv/build/lib/open_cv/image_processing.py -> /home/pmlab/yueju2/change/install/open_cv/lib/python3.10/site-packages/open_cv
[0.696s] byte-compiling /home/pmlab/yueju2/change/install/open_cv/lib/python3.10/site-packages/open_cv/image_processing.py to image_processing.cpython-310.pyc
[0.697s] running install_data
[0.697s] running install_egg_info
[0.698s] removing '/home/pmlab/yueju2/change/install/open_cv/lib/python3.10/site-packages/open_cv-0.0.0-py3.10.egg-info' (and everything under it)
[0.699s] Copying ../build/open_cv/open_cv.egg-info to /home/pmlab/yueju2/change/install/open_cv/lib/python3.10/site-packages/open_cv-0.0.0-py3.10.egg-info
[0.699s] running install_scripts
[0.714s] Installing al script to /home/pmlab/yueju2/change/install/open_cv/lib/open_cv
[0.714s] Installing auto_centering script to /home/pmlab/yueju2/change/install/open_cv/lib/open_cv
[0.714s] Installing image_processing script to /home/pmlab/yueju2/change/install/open_cv/lib/open_cv
[0.714s] Installing text script to /home/pmlab/yueju2/change/install/open_cv/lib/open_cv
[0.714s] writing list of installed files to '/home/pmlab/yueju2/change/build/open_cv/install.log'
[0.729s] Invoked command in '/home/pmlab/yueju2/change/open_cv' returned '0': PYTHONPATH=/home/pmlab/yueju2/change/build/open_cv/prefix_override:/home/pmlab/yueju2/change/install/open_cv/lib/python3.10/site-packages:${PYTHONPATH} /usr/bin/python3 setup.py egg_info --egg-base ../build/open_cv build --build-base /home/pmlab/yueju2/change/build/open_cv/build install --record /home/pmlab/yueju2/change/build/open_cv/install.log --single-version-externally-managed
