[0.404s] Invoking command in '/home/yueju/led/build/opcua_server': CMAKE_PREFIX_PATH=/opt/ros/humble /usr/bin/cmake --build /home/yueju/led/build/opcua_server -- -j8 -l8
[0.790s] [ 50%] Built target open62541
[0.856s] [100%] Built target opcua_server
[0.961s] Invoked command in '/home/yueju/led/build/opcua_server' returned '0': CMAKE_PREFIX_PATH=/opt/ros/humble /usr/bin/cmake --build /home/yueju/led/build/opcua_server -- -j8 -l8
[1.017s] Invoking command in '/home/yueju/led/build/opcua_server': CMAKE_PREFIX_PATH=/opt/ros/humble /usr/bin/cmake --install /home/yueju/led/build/opcua_server
[1.023s] -- Install configuration: ""
[1.087s] -- Up-to-date: /home/yueju/led/install/opcua_server/lib/opcua_server/opcua_server
[1.092s] -- Up-to-date: /home/yueju/led/install/opcua_server/share/ament_index/resource_index/package_run_dependencies/opcua_server
[1.093s] -- Up-to-date: /home/yueju/led/install/opcua_server/share/ament_index/resource_index/parent_prefix_path/opcua_server
[1.093s] -- Up-to-date: /home/yueju/led/install/opcua_server/share/opcua_server/environment/ament_prefix_path.sh
[1.094s] -- Up-to-date: /home/yueju/led/install/opcua_server/share/opcua_server/environment/ament_prefix_path.dsv
[1.095s] -- Up-to-date: /home/yueju/led/install/opcua_server/share/opcua_server/environment/path.sh
[1.096s] -- Up-to-date: /home/yueju/led/install/opcua_server/share/opcua_server/environment/path.dsv
[1.096s] -- Up-to-date: /home/yueju/led/install/opcua_server/share/opcua_server/local_setup.bash
[1.097s] -- Up-to-date: /home/yueju/led/install/opcua_server/share/opcua_server/local_setup.sh
[1.097s] -- Up-to-date: /home/yueju/led/install/opcua_server/share/opcua_server/local_setup.zsh
[1.098s] -- Up-to-date: /home/yueju/led/install/opcua_server/share/opcua_server/local_setup.dsv
[1.098s] -- Installing: /home/yueju/led/install/opcua_server/share/opcua_server/package.dsv
[1.099s] -- Up-to-date: /home/yueju/led/install/opcua_server/share/ament_index/resource_index/packages/opcua_server
[1.100s] -- Up-to-date: /home/yueju/led/install/opcua_server/share/opcua_server/cmake/opcua_serverConfig.cmake
[1.100s] -- Up-to-date: /home/yueju/led/install/opcua_server/share/opcua_server/cmake/opcua_serverConfig-version.cmake
[1.101s] -- Up-to-date: /home/yueju/led/install/opcua_server/share/opcua_server/package.xml
[1.112s] Invoked command in '/home/yueju/led/build/opcua_server' returned '0': CMAKE_PREFIX_PATH=/opt/ros/humble /usr/bin/cmake --install /home/yueju/led/build/opcua_server
