[0.579s] Invoking command in '/home/yueju/led/build/interface': CMAKE_PREFIX_PATH=/opt/ros/humble /usr/bin/cmake --build /home/yueju/led/build/interface -- -j8 -l8
[1.991s] [  2%] Built target interface__cpp
[2.472s] [  2%] Built target ament_cmake_python_copy_interface
[2.532s] [ 12%] Built target interface__rosidl_generator_c
[3.068s] running egg_info
[3.083s] writing interface.egg-info/PKG-INFO
[3.084s] [ 23%] Built target interface__rosidl_typesupport_introspection_c
[3.135s] writing dependency_links to interface.egg-info/dependency_links.txt
[3.237s] writing top-level names to interface.egg-info/top_level.txt
[3.272s] [ 33%] Built target interface__rosidl_typesupport_c
[3.274s] [ 35%] [32mBuilding CXX object CMakeFiles/interface__rosidl_typesupport_fastrtps_c.dir/rosidl_typesupport_fastrtps_c/interface/msg/detail/led__type_support_c.cpp.o[0m
[3.275s] [ 38%] [32mBuilding CXX object CMakeFiles/interface__rosidl_typesupport_cpp.dir/rosidl_typesupport_cpp/interface/msg/led__type_support.cpp.o[0m
[3.277s] [ 41%] [32mBuilding CXX object CMakeFiles/interface__rosidl_typesupport_fastrtps_cpp.dir/rosidl_typesupport_fastrtps_cpp/interface/msg/detail/dds_fastrtps/led__type_support.cpp.o[0m
[3.278s] [ 43%] [32mBuilding CXX object CMakeFiles/interface__rosidl_typesupport_cpp.dir/rosidl_typesupport_cpp/interface/srv/set_led__type_support.cpp.o[0m
[3.317s] reading manifest file 'interface.egg-info/SOURCES.txt'
[3.318s] writing manifest file 'interface.egg-info/SOURCES.txt'
[3.329s] [ 46%] [32mBuilding CXX object CMakeFiles/interface__rosidl_typesupport_introspection_cpp.dir/rosidl_typesupport_introspection_cpp/interface/srv/detail/set_led__type_support.cpp.o[0m
[3.329s] [ 48%] [32mBuilding CXX object CMakeFiles/interface__rosidl_typesupport_introspection_cpp.dir/rosidl_typesupport_introspection_cpp/interface/msg/detail/led__type_support.cpp.o[0m
[3.409s] [ 48%] Built target ament_cmake_python_build_interface_egg
[3.491s] [ 51%] [32mBuilding CXX object CMakeFiles/interface__rosidl_typesupport_fastrtps_cpp.dir/rosidl_typesupport_fastrtps_cpp/interface/srv/detail/dds_fastrtps/set_led__type_support.cpp.o[0m
[3.492s] [ 53%] [32mBuilding CXX object CMakeFiles/interface__rosidl_typesupport_fastrtps_c.dir/rosidl_typesupport_fastrtps_c/interface/srv/detail/set_led__type_support_c.cpp.o[0m
[7.912s] [ 56%] [32m[1mLinking CXX shared library libinterface__rosidl_typesupport_cpp.so[0m
[7.936s] [ 58%] [32m[1mLinking CXX shared library libinterface__rosidl_typesupport_introspection_cpp.so[0m
[8.122s] [ 64%] Built target interface__rosidl_typesupport_introspection_cpp
[8.122s] [ 64%] Built target interface__rosidl_typesupport_cpp
[8.190s] [ 66%] [32m[1mLinking CXX shared library libinterface__rosidl_typesupport_fastrtps_c.so[0m
[8.207s] [ 69%] [32m[1mLinking CXX shared library libinterface__rosidl_typesupport_fastrtps_cpp.so[0m
[8.334s] [ 71%] Built target interface__rosidl_typesupport_fastrtps_cpp
[8.337s] [ 74%] Built target interface__rosidl_typesupport_fastrtps_c
[8.544s] [ 74%] Built target interface
[8.683s] [ 76%] Built target interface__py
[9.045s] [ 79%] [32mBuilding C object CMakeFiles/interface__rosidl_generator_py.dir/rosidl_generator_py/interface/srv/_set_led_s.c.o[0m
[9.045s] [ 82%] [32mBuilding C object CMakeFiles/interface__rosidl_generator_py.dir/rosidl_generator_py/interface/msg/_led_s.c.o[0m
[10.738s] [ 84%] [32m[1mLinking C shared library rosidl_generator_py/interface/libinterface__rosidl_generator_py.so[0m
[10.858s] [ 84%] Built target interface__rosidl_generator_py
[11.004s] [ 87%] [32mBuilding C object CMakeFiles/interface__rosidl_typesupport_fastrtps_c__pyext.dir/rosidl_generator_py/interface/_interface_s.ep.rosidl_typesupport_fastrtps_c.c.o[0m
[11.105s] [ 89%] [32mBuilding C object CMakeFiles/interface__rosidl_typesupport_introspection_c__pyext.dir/rosidl_generator_py/interface/_interface_s.ep.rosidl_typesupport_introspection_c.c.o[0m
[11.106s] [ 92%] [32mBuilding C object CMakeFiles/interface__rosidl_typesupport_c__pyext.dir/rosidl_generator_py/interface/_interface_s.ep.rosidl_typesupport_c.c.o[0m
[11.117s] [ 94%] [32m[1mLinking C shared library rosidl_generator_py/interface/interface_s__rosidl_typesupport_fastrtps_c.cpython-310-x86_64-linux-gnu.so[0m
[11.154s] [ 94%] Built target interface__rosidl_typesupport_fastrtps_c__pyext
[11.207s] [ 97%] [32m[1mLinking C shared library rosidl_generator_py/interface/interface_s__rosidl_typesupport_introspection_c.cpython-310-x86_64-linux-gnu.so[0m
[11.242s] [ 97%] Built target interface__rosidl_typesupport_introspection_c__pyext
[11.246s] [100%] [32m[1mLinking C shared library rosidl_generator_py/interface/interface_s__rosidl_typesupport_c.cpython-310-x86_64-linux-gnu.so[0m
[11.279s] [100%] Built target interface__rosidl_typesupport_c__pyext
[11.292s] Invoked command in '/home/yueju/led/build/interface' returned '0': CMAKE_PREFIX_PATH=/opt/ros/humble /usr/bin/cmake --build /home/yueju/led/build/interface -- -j8 -l8
[11.370s] Invoking command in '/home/yueju/led/build/interface': CMAKE_PREFIX_PATH=/opt/ros/humble /usr/bin/cmake --install /home/yueju/led/build/interface
[11.379s] -- Install configuration: ""
[11.415s] -- Up-to-date: /home/yueju/led/install/interface/share/ament_index/resource_index/rosidl_interfaces/interface
[11.415s] -- Up-to-date: /home/yueju/led/install/interface/include/interface/interface
[11.415s] -- Up-to-date: /home/yueju/led/install/interface/include/interface/interface/srv
[11.425s] -- Up-to-date: /home/yueju/led/install/interface/include/interface/interface/srv/detail
[11.438s] -- Up-to-date: /home/yueju/led/install/interface/include/interface/interface/srv/detail/set_led__functions.h
[11.438s] -- Up-to-date: /home/yueju/led/install/interface/include/interface/interface/srv/detail/set_led__type_support.h
[11.438s] -- Up-to-date: /home/yueju/led/install/interface/include/interface/interface/srv/detail/set_led__functions.c
[11.439s] -- Up-to-date: /home/yueju/led/install/interface/include/interface/interface/srv/detail/set_led__struct.h
[11.439s] -- Up-to-date: /home/yueju/led/install/interface/include/interface/interface/srv/set_led.h
[11.439s] -- Up-to-date: /home/yueju/led/install/interface/include/interface/interface/msg
[11.447s] -- Up-to-date: /home/yueju/led/install/interface/include/interface/interface/msg/detail
[11.448s] -- Up-to-date: /home/yueju/led/install/interface/include/interface/interface/msg/detail/led__functions.h
[11.448s] -- Up-to-date: /home/yueju/led/install/interface/include/interface/interface/msg/detail/led__functions.c
[11.448s] -- Up-to-date: /home/yueju/led/install/interface/include/interface/interface/msg/detail/led__type_support.h
[11.448s] -- Up-to-date: /home/yueju/led/install/interface/include/interface/interface/msg/detail/led__struct.h
[11.448s] -- Up-to-date: /home/yueju/led/install/interface/include/interface/interface/msg/led.h
[11.448s] -- Up-to-date: /home/yueju/led/install/interface/include/interface/interface/msg/rosidl_generator_c__visibility_control.h
[11.448s] -- Up-to-date: /home/yueju/led/install/interface/share/interface/environment/library_path.sh
[11.448s] -- Up-to-date: /home/yueju/led/install/interface/share/interface/environment/library_path.dsv
[11.449s] -- Up-to-date: /home/yueju/led/install/interface/lib/libinterface__rosidl_generator_c.so
[11.450s] -- Up-to-date: /home/yueju/led/install/interface/include/interface/interface
[11.450s] -- Up-to-date: /home/yueju/led/install/interface/include/interface/interface/srv
[11.450s] -- Up-to-date: /home/yueju/led/install/interface/include/interface/interface/srv/detail
[11.450s] -- Up-to-date: /home/yueju/led/install/interface/include/interface/interface/srv/detail/set_led__rosidl_typesupport_fastrtps_c.h
[11.450s] -- Up-to-date: /home/yueju/led/install/interface/include/interface/interface/msg
[11.450s] -- Up-to-date: /home/yueju/led/install/interface/include/interface/interface/msg/detail
[11.450s] -- Up-to-date: /home/yueju/led/install/interface/include/interface/interface/msg/detail/led__rosidl_typesupport_fastrtps_c.h
[11.450s] -- Up-to-date: /home/yueju/led/install/interface/include/interface/interface/msg/rosidl_typesupport_fastrtps_c__visibility_control.h
[11.486s] -- Installing: /home/yueju/led/install/interface/lib/libinterface__rosidl_typesupport_fastrtps_c.so
[11.486s] -- Set runtime path of "/home/yueju/led/install/interface/lib/libinterface__rosidl_typesupport_fastrtps_c.so" to ""
[11.487s] -- Up-to-date: /home/yueju/led/install/interface/include/interface/interface
[11.487s] -- Up-to-date: /home/yueju/led/install/interface/include/interface/interface/srv
[11.487s] -- Up-to-date: /home/yueju/led/install/interface/include/interface/interface/srv/detail
[11.487s] -- Up-to-date: /home/yueju/led/install/interface/include/interface/interface/srv/detail/set_led__type_support.c
[11.487s] -- Up-to-date: /home/yueju/led/install/interface/include/interface/interface/srv/detail/set_led__rosidl_typesupport_introspection_c.h
[11.487s] -- Up-to-date: /home/yueju/led/install/interface/include/interface/interface/msg
[11.487s] -- Up-to-date: /home/yueju/led/install/interface/include/interface/interface/msg/detail
[11.488s] -- Up-to-date: /home/yueju/led/install/interface/include/interface/interface/msg/detail/led__type_support.c
[11.488s] -- Up-to-date: /home/yueju/led/install/interface/include/interface/interface/msg/detail/led__rosidl_typesupport_introspection_c.h
[11.488s] -- Up-to-date: /home/yueju/led/install/interface/include/interface/interface/msg/rosidl_typesupport_introspection_c__visibility_control.h
[11.488s] -- Up-to-date: /home/yueju/led/install/interface/lib/libinterface__rosidl_typesupport_introspection_c.so
[11.488s] -- Up-to-date: /home/yueju/led/install/interface/lib/libinterface__rosidl_typesupport_c.so
[11.488s] -- Up-to-date: /home/yueju/led/install/interface/include/interface/interface
[11.489s] -- Up-to-date: /home/yueju/led/install/interface/include/interface/interface/srv
[11.489s] -- Up-to-date: /home/yueju/led/install/interface/include/interface/interface/srv/detail
[11.489s] -- Up-to-date: /home/yueju/led/install/interface/include/interface/interface/srv/detail/set_led__struct.hpp
[11.489s] -- Up-to-date: /home/yueju/led/install/interface/include/interface/interface/srv/detail/set_led__builder.hpp
[11.489s] -- Up-to-date: /home/yueju/led/install/interface/include/interface/interface/srv/detail/set_led__traits.hpp
[11.490s] -- Up-to-date: /home/yueju/led/install/interface/include/interface/interface/srv/set_led.hpp
[11.490s] -- Up-to-date: /home/yueju/led/install/interface/include/interface/interface/msg
[11.490s] -- Up-to-date: /home/yueju/led/install/interface/include/interface/interface/msg/detail
[11.490s] -- Up-to-date: /home/yueju/led/install/interface/include/interface/interface/msg/detail/led__struct.hpp
[11.490s] -- Up-to-date: /home/yueju/led/install/interface/include/interface/interface/msg/detail/led__builder.hpp
[11.490s] -- Up-to-date: /home/yueju/led/install/interface/include/interface/interface/msg/detail/led__traits.hpp
[11.490s] -- Up-to-date: /home/yueju/led/install/interface/include/interface/interface/msg/led.hpp
[11.490s] -- Up-to-date: /home/yueju/led/install/interface/include/interface/interface
[11.490s] -- Up-to-date: /home/yueju/led/install/interface/include/interface/interface/srv
[11.491s] -- Up-to-date: /home/yueju/led/install/interface/include/interface/interface/srv/detail
[11.491s] -- Up-to-date: /home/yueju/led/install/interface/include/interface/interface/srv/detail/dds_fastrtps
[11.491s] -- Up-to-date: /home/yueju/led/install/interface/include/interface/interface/srv/detail/set_led__rosidl_typesupport_fastrtps_cpp.hpp
[11.491s] -- Up-to-date: /home/yueju/led/install/interface/include/interface/interface/msg
[11.491s] -- Up-to-date: /home/yueju/led/install/interface/include/interface/interface/msg/rosidl_typesupport_fastrtps_cpp__visibility_control.h
[11.491s] -- Up-to-date: /home/yueju/led/install/interface/include/interface/interface/msg/detail
[11.491s] -- Up-to-date: /home/yueju/led/install/interface/include/interface/interface/msg/detail/dds_fastrtps
[11.492s] -- Up-to-date: /home/yueju/led/install/interface/include/interface/interface/msg/detail/led__rosidl_typesupport_fastrtps_cpp.hpp
[11.492s] -- Installing: /home/yueju/led/install/interface/lib/libinterface__rosidl_typesupport_fastrtps_cpp.so
[11.492s] -- Set runtime path of "/home/yueju/led/install/interface/lib/libinterface__rosidl_typesupport_fastrtps_cpp.so" to ""
[11.492s] -- Up-to-date: /home/yueju/led/install/interface/include/interface/interface
[11.492s] -- Up-to-date: /home/yueju/led/install/interface/include/interface/interface/srv
[11.492s] -- Up-to-date: /home/yueju/led/install/interface/include/interface/interface/srv/detail
[11.492s] -- Up-to-date: /home/yueju/led/install/interface/include/interface/interface/srv/detail/set_led__type_support.cpp
[11.492s] -- Up-to-date: /home/yueju/led/install/interface/include/interface/interface/srv/detail/set_led__rosidl_typesupport_introspection_cpp.hpp
[11.493s] -- Up-to-date: /home/yueju/led/install/interface/include/interface/interface/msg
[11.493s] -- Up-to-date: /home/yueju/led/install/interface/include/interface/interface/msg/detail
[11.493s] -- Up-to-date: /home/yueju/led/install/interface/include/interface/interface/msg/detail/led__rosidl_typesupport_introspection_cpp.hpp
[11.493s] -- Up-to-date: /home/yueju/led/install/interface/include/interface/interface/msg/detail/led__type_support.cpp
[11.493s] -- Installing: /home/yueju/led/install/interface/lib/libinterface__rosidl_typesupport_introspection_cpp.so
[11.493s] -- Set runtime path of "/home/yueju/led/install/interface/lib/libinterface__rosidl_typesupport_introspection_cpp.so" to ""
[11.493s] -- Installing: /home/yueju/led/install/interface/lib/libinterface__rosidl_typesupport_cpp.so
[11.494s] -- Set runtime path of "/home/yueju/led/install/interface/lib/libinterface__rosidl_typesupport_cpp.so" to ""
[11.494s] -- Up-to-date: /home/yueju/led/install/interface/share/interface/environment/pythonpath.sh
[11.494s] -- Up-to-date: /home/yueju/led/install/interface/share/interface/environment/pythonpath.dsv
[11.527s] -- Up-to-date: /home/yueju/led/install/interface/local/lib/python3.10/dist-packages/interface-0.0.0-py3.10.egg-info
[11.527s] -- Installing: /home/yueju/led/install/interface/local/lib/python3.10/dist-packages/interface-0.0.0-py3.10.egg-info/top_level.txt
[11.527s] -- Installing: /home/yueju/led/install/interface/local/lib/python3.10/dist-packages/interface-0.0.0-py3.10.egg-info/SOURCES.txt
[11.527s] -- Installing: /home/yueju/led/install/interface/local/lib/python3.10/dist-packages/interface-0.0.0-py3.10.egg-info/PKG-INFO
[11.527s] -- Installing: /home/yueju/led/install/interface/local/lib/python3.10/dist-packages/interface-0.0.0-py3.10.egg-info/dependency_links.txt
[11.528s] -- Up-to-date: /home/yueju/led/install/interface/local/lib/python3.10/dist-packages/interface
[11.528s] -- Up-to-date: /home/yueju/led/install/interface/local/lib/python3.10/dist-packages/interface/_interface_s.ep.rosidl_typesupport_c.c
[11.528s] -- Installing: /home/yueju/led/install/interface/local/lib/python3.10/dist-packages/interface/interface_s__rosidl_typesupport_c.cpython-310-x86_64-linux-gnu.so
[11.528s] -- Installing: /home/yueju/led/install/interface/local/lib/python3.10/dist-packages/interface/libinterface__rosidl_generator_py.so
[11.528s] -- Up-to-date: /home/yueju/led/install/interface/local/lib/python3.10/dist-packages/interface/srv
[11.530s] -- Up-to-date: /home/yueju/led/install/interface/local/lib/python3.10/dist-packages/interface/srv/_set_led_s.c
[11.530s] -- Up-to-date: /home/yueju/led/install/interface/local/lib/python3.10/dist-packages/interface/srv/__init__.py
[11.530s] -- Up-to-date: /home/yueju/led/install/interface/local/lib/python3.10/dist-packages/interface/srv/_set_led.py
[11.530s] -- Up-to-date: /home/yueju/led/install/interface/local/lib/python3.10/dist-packages/interface/_interface_s.ep.rosidl_typesupport_fastrtps_c.c
[11.531s] -- Up-to-date: /home/yueju/led/install/interface/local/lib/python3.10/dist-packages/interface/msg
[11.531s] -- Up-to-date: /home/yueju/led/install/interface/local/lib/python3.10/dist-packages/interface/msg/_led.py
[11.531s] -- Up-to-date: /home/yueju/led/install/interface/local/lib/python3.10/dist-packages/interface/msg/__init__.py
[11.531s] -- Up-to-date: /home/yueju/led/install/interface/local/lib/python3.10/dist-packages/interface/msg/_led_s.c
[11.531s] -- Up-to-date: /home/yueju/led/install/interface/local/lib/python3.10/dist-packages/interface/_interface_s.ep.rosidl_typesupport_introspection_c.c
[11.531s] -- Installing: /home/yueju/led/install/interface/local/lib/python3.10/dist-packages/interface/interface_s__rosidl_typesupport_fastrtps_c.cpython-310-x86_64-linux-gnu.so
[11.531s] -- Installing: /home/yueju/led/install/interface/local/lib/python3.10/dist-packages/interface/interface_s__rosidl_typesupport_introspection_c.cpython-310-x86_64-linux-gnu.so
[11.531s] -- Up-to-date: /home/yueju/led/install/interface/local/lib/python3.10/dist-packages/interface/__init__.py
[11.595s] Listing '/home/yueju/led/install/interface/local/lib/python3.10/dist-packages/interface'...
[11.595s] Listing '/home/yueju/led/install/interface/local/lib/python3.10/dist-packages/interface/msg'...
[11.595s] Listing '/home/yueju/led/install/interface/local/lib/python3.10/dist-packages/interface/srv'...
[11.599s] -- Installing: /home/yueju/led/install/interface/local/lib/python3.10/dist-packages/interface/interface_s__rosidl_typesupport_fastrtps_c.cpython-310-x86_64-linux-gnu.so
[11.600s] -- Set runtime path of "/home/yueju/led/install/interface/local/lib/python3.10/dist-packages/interface/interface_s__rosidl_typesupport_fastrtps_c.cpython-310-x86_64-linux-gnu.so" to ""
[11.600s] -- Installing: /home/yueju/led/install/interface/local/lib/python3.10/dist-packages/interface/interface_s__rosidl_typesupport_introspection_c.cpython-310-x86_64-linux-gnu.so
[11.601s] -- Set runtime path of "/home/yueju/led/install/interface/local/lib/python3.10/dist-packages/interface/interface_s__rosidl_typesupport_introspection_c.cpython-310-x86_64-linux-gnu.so" to ""
[11.601s] -- Installing: /home/yueju/led/install/interface/local/lib/python3.10/dist-packages/interface/interface_s__rosidl_typesupport_c.cpython-310-x86_64-linux-gnu.so
[11.602s] -- Set runtime path of "/home/yueju/led/install/interface/local/lib/python3.10/dist-packages/interface/interface_s__rosidl_typesupport_c.cpython-310-x86_64-linux-gnu.so" to ""
[11.611s] -- Installing: /home/yueju/led/install/interface/lib/libinterface__rosidl_generator_py.so
[11.611s] -- Set runtime path of "/home/yueju/led/install/interface/lib/libinterface__rosidl_generator_py.so" to ""
[11.625s] -- Up-to-date: /home/yueju/led/install/interface/share/interface/msg/Led.idl
[11.626s] -- Up-to-date: /home/yueju/led/install/interface/share/interface/srv/SetLed.idl
[11.626s] -- Up-to-date: /home/yueju/led/install/interface/share/interface/msg/Led.msg
[11.626s] -- Up-to-date: /home/yueju/led/install/interface/share/interface/srv/SetLed.srv
[11.626s] -- Up-to-date: /home/yueju/led/install/interface/share/interface/srv/SetLed_Request.msg
[11.626s] -- Up-to-date: /home/yueju/led/install/interface/share/interface/srv/SetLed_Response.msg
[11.626s] -- Up-to-date: /home/yueju/led/install/interface/share/ament_index/resource_index/package_run_dependencies/interface
[11.627s] -- Up-to-date: /home/yueju/led/install/interface/share/ament_index/resource_index/parent_prefix_path/interface
[11.627s] -- Up-to-date: /home/yueju/led/install/interface/share/interface/environment/ament_prefix_path.sh
[11.627s] -- Up-to-date: /home/yueju/led/install/interface/share/interface/environment/ament_prefix_path.dsv
[11.627s] -- Up-to-date: /home/yueju/led/install/interface/share/interface/environment/path.sh
[11.627s] -- Up-to-date: /home/yueju/led/install/interface/share/interface/environment/path.dsv
[11.627s] -- Up-to-date: /home/yueju/led/install/interface/share/interface/local_setup.bash
[11.628s] -- Up-to-date: /home/yueju/led/install/interface/share/interface/local_setup.sh
[11.628s] -- Up-to-date: /home/yueju/led/install/interface/share/interface/local_setup.zsh
[11.628s] -- Up-to-date: /home/yueju/led/install/interface/share/interface/local_setup.dsv
[11.628s] -- Installing: /home/yueju/led/install/interface/share/interface/package.dsv
[11.648s] -- Up-to-date: /home/yueju/led/install/interface/share/ament_index/resource_index/packages/interface
[11.666s] -- Up-to-date: /home/yueju/led/install/interface/share/interface/cmake/export_interface__rosidl_generator_cExport.cmake
[11.666s] -- Up-to-date: /home/yueju/led/install/interface/share/interface/cmake/export_interface__rosidl_generator_cExport-noconfig.cmake
[11.667s] -- Up-to-date: /home/yueju/led/install/interface/share/interface/cmake/export_interface__rosidl_typesupport_fastrtps_cExport.cmake
[11.667s] -- Up-to-date: /home/yueju/led/install/interface/share/interface/cmake/export_interface__rosidl_typesupport_fastrtps_cExport-noconfig.cmake
[11.669s] -- Up-to-date: /home/yueju/led/install/interface/share/interface/cmake/interface__rosidl_typesupport_introspection_cExport.cmake
[11.669s] -- Up-to-date: /home/yueju/led/install/interface/share/interface/cmake/interface__rosidl_typesupport_introspection_cExport-noconfig.cmake
[11.670s] -- Up-to-date: /home/yueju/led/install/interface/share/interface/cmake/interface__rosidl_typesupport_cExport.cmake
[11.670s] -- Up-to-date: /home/yueju/led/install/interface/share/interface/cmake/interface__rosidl_typesupport_cExport-noconfig.cmake
[11.670s] -- Up-to-date: /home/yueju/led/install/interface/share/interface/cmake/export_interface__rosidl_generator_cppExport.cmake
[11.671s] -- Up-to-date: /home/yueju/led/install/interface/share/interface/cmake/export_interface__rosidl_typesupport_fastrtps_cppExport.cmake
[11.671s] -- Up-to-date: /home/yueju/led/install/interface/share/interface/cmake/export_interface__rosidl_typesupport_fastrtps_cppExport-noconfig.cmake
[11.672s] -- Up-to-date: /home/yueju/led/install/interface/share/interface/cmake/interface__rosidl_typesupport_introspection_cppExport.cmake
[11.672s] -- Up-to-date: /home/yueju/led/install/interface/share/interface/cmake/interface__rosidl_typesupport_introspection_cppExport-noconfig.cmake
[11.673s] -- Up-to-date: /home/yueju/led/install/interface/share/interface/cmake/interface__rosidl_typesupport_cppExport.cmake
[11.673s] -- Up-to-date: /home/yueju/led/install/interface/share/interface/cmake/interface__rosidl_typesupport_cppExport-noconfig.cmake
[11.674s] -- Up-to-date: /home/yueju/led/install/interface/share/interface/cmake/export_interface__rosidl_generator_pyExport.cmake
[11.674s] -- Up-to-date: /home/yueju/led/install/interface/share/interface/cmake/export_interface__rosidl_generator_pyExport-noconfig.cmake
[11.674s] -- Up-to-date: /home/yueju/led/install/interface/share/interface/cmake/rosidl_cmake-extras.cmake
[11.674s] -- Up-to-date: /home/yueju/led/install/interface/share/interface/cmake/ament_cmake_export_include_directories-extras.cmake
[11.674s] -- Up-to-date: /home/yueju/led/install/interface/share/interface/cmake/ament_cmake_export_libraries-extras.cmake
[11.674s] -- Up-to-date: /home/yueju/led/install/interface/share/interface/cmake/ament_cmake_export_targets-extras.cmake
[11.674s] -- Up-to-date: /home/yueju/led/install/interface/share/interface/cmake/rosidl_cmake_export_typesupport_targets-extras.cmake
[11.674s] -- Up-to-date: /home/yueju/led/install/interface/share/interface/cmake/ament_cmake_export_dependencies-extras.cmake
[11.674s] -- Up-to-date: /home/yueju/led/install/interface/share/interface/cmake/rosidl_cmake_export_typesupport_libraries-extras.cmake
[11.675s] -- Up-to-date: /home/yueju/led/install/interface/share/interface/cmake/interfaceConfig.cmake
[11.675s] -- Up-to-date: /home/yueju/led/install/interface/share/interface/cmake/interfaceConfig-version.cmake
[11.675s] -- Up-to-date: /home/yueju/led/install/interface/share/interface/package.xml
[11.679s] Invoked command in '/home/yueju/led/build/interface' returned '0': CMAKE_PREFIX_PATH=/opt/ros/humble /usr/bin/cmake --install /home/yueju/led/build/interface
