[0.012s] Invoking command in '/home/pmlab/yueju2/change/build/pm_bringup': AMENT_PREFIX_PATH=/home/pmlab/yueju2/change/install/open_cv:${AMENT_PREFIX_PATH} CMAKE_PREFIX_PATH=${CMAKE_PREFIX_PATH}:/home/pmlab/pm_ros2_ws/install/tf2_tools:/home/pmlab/pm_ros2_ws/install/examples_tf2_py:/home/pmlab/pm_ros2_ws/install/tf2_ros_py:/home/pmlab/pm_ros2_ws/install/pm_robot_control_test:/home/pmlab/pm_ros2_ws/install/sensor_msgs_py:/home/pmlab/pm_ros2_ws/install/pm_vision:/home/pmlab/pm_ros2_ws/install/pm_move:/opt/ros/humble PYTHONPATH=/home/pmlab/yueju2/change/install/open_cv/lib/python3.10/site-packages:${PYTHONPATH} /usr/bin/cmake /home/pmlab/yueju2/change/pm_bringup -DCMAKE_INSTALL_PREFIX=/home/pmlab/yueju2/change/install/pm_bringup
[0.114s] -- The C compiler identification is GNU 11.3.0
[0.176s] -- The CXX compiler identification is GNU 11.3.0
[0.183s] -- Detecting C compiler ABI info
[0.239s] -- Detecting C compiler ABI info - done
[0.245s] -- Check for working C compiler: /usr/bin/cc - skipped
[0.245s] -- Detecting C compile features
[0.245s] -- Detecting C compile features - done
[0.248s] -- Detecting CXX compiler ABI info
[0.307s] -- Detecting CXX compiler ABI info - done
[0.312s] -- Check for working CXX compiler: /usr/bin/c++ - skipped
[0.312s] -- Detecting CXX compile features
[0.312s] -- Detecting CXX compile features - done
[0.323s] -- Found ament_cmake: 1.3.5 (/opt/ros/humble/share/ament_cmake/cmake)
[0.502s] -- Found Python3: /usr/bin/python3.10 (found version "3.10.6") found components: Interpreter 
[0.701s] -- Configuring done
[0.703s] -- Generating done
[0.703s] -- Build files have been written to: /home/pmlab/yueju2/change/build/pm_bringup
[0.707s] Invoked command in '/home/pmlab/yueju2/change/build/pm_bringup' returned '0': AMENT_PREFIX_PATH=/home/pmlab/yueju2/change/install/open_cv:${AMENT_PREFIX_PATH} CMAKE_PREFIX_PATH=${CMAKE_PREFIX_PATH}:/home/pmlab/pm_ros2_ws/install/tf2_tools:/home/pmlab/pm_ros2_ws/install/examples_tf2_py:/home/pmlab/pm_ros2_ws/install/tf2_ros_py:/home/pmlab/pm_ros2_ws/install/pm_robot_control_test:/home/pmlab/pm_ros2_ws/install/sensor_msgs_py:/home/pmlab/pm_ros2_ws/install/pm_vision:/home/pmlab/pm_ros2_ws/install/pm_move:/opt/ros/humble PYTHONPATH=/home/pmlab/yueju2/change/install/open_cv/lib/python3.10/site-packages:${PYTHONPATH} /usr/bin/cmake /home/pmlab/yueju2/change/pm_bringup -DCMAKE_INSTALL_PREFIX=/home/pmlab/yueju2/change/install/pm_bringup
[0.708s] Invoking command in '/home/pmlab/yueju2/change/build/pm_bringup': AMENT_PREFIX_PATH=/home/pmlab/yueju2/change/install/open_cv:${AMENT_PREFIX_PATH} CMAKE_PREFIX_PATH=${CMAKE_PREFIX_PATH}:/home/pmlab/pm_ros2_ws/install/tf2_tools:/home/pmlab/pm_ros2_ws/install/examples_tf2_py:/home/pmlab/pm_ros2_ws/install/tf2_ros_py:/home/pmlab/pm_ros2_ws/install/pm_robot_control_test:/home/pmlab/pm_ros2_ws/install/sensor_msgs_py:/home/pmlab/pm_ros2_ws/install/pm_vision:/home/pmlab/pm_ros2_ws/install/pm_move:/opt/ros/humble PYTHONPATH=/home/pmlab/yueju2/change/install/open_cv/lib/python3.10/site-packages:${PYTHONPATH} /usr/bin/cmake --build /home/pmlab/yueju2/change/build/pm_bringup -- -j16 -l16
[0.737s] Invoked command in '/home/pmlab/yueju2/change/build/pm_bringup' returned '0': AMENT_PREFIX_PATH=/home/pmlab/yueju2/change/install/open_cv:${AMENT_PREFIX_PATH} CMAKE_PREFIX_PATH=${CMAKE_PREFIX_PATH}:/home/pmlab/pm_ros2_ws/install/tf2_tools:/home/pmlab/pm_ros2_ws/install/examples_tf2_py:/home/pmlab/pm_ros2_ws/install/tf2_ros_py:/home/pmlab/pm_ros2_ws/install/pm_robot_control_test:/home/pmlab/pm_ros2_ws/install/sensor_msgs_py:/home/pmlab/pm_ros2_ws/install/pm_vision:/home/pmlab/pm_ros2_ws/install/pm_move:/opt/ros/humble PYTHONPATH=/home/pmlab/yueju2/change/install/open_cv/lib/python3.10/site-packages:${PYTHONPATH} /usr/bin/cmake --build /home/pmlab/yueju2/change/build/pm_bringup -- -j16 -l16
[0.764s] Invoking command in '/home/pmlab/yueju2/change/build/pm_bringup': AMENT_PREFIX_PATH=/home/pmlab/yueju2/change/install/open_cv:${AMENT_PREFIX_PATH} CMAKE_PREFIX_PATH=${CMAKE_PREFIX_PATH}:/home/pmlab/pm_ros2_ws/install/tf2_tools:/home/pmlab/pm_ros2_ws/install/examples_tf2_py:/home/pmlab/pm_ros2_ws/install/tf2_ros_py:/home/pmlab/pm_ros2_ws/install/pm_robot_control_test:/home/pmlab/pm_ros2_ws/install/sensor_msgs_py:/home/pmlab/pm_ros2_ws/install/pm_vision:/home/pmlab/pm_ros2_ws/install/pm_move:/opt/ros/humble PYTHONPATH=/home/pmlab/yueju2/change/install/open_cv/lib/python3.10/site-packages:${PYTHONPATH} /usr/bin/cmake --install /home/pmlab/yueju2/change/build/pm_bringup
[0.771s] -- Install configuration: ""
[0.771s] -- Up-to-date: /home/pmlab/yueju2/change/install/pm_bringup/share/pm_bringup/launch
[0.771s] -- Installing: /home/pmlab/yueju2/change/install/pm_bringup/share/pm_bringup/launch/auto_calibrating.launch.py
[0.771s] -- Installing: /home/pmlab/yueju2/change/install/pm_bringup/share/ament_index/resource_index/package_run_dependencies/pm_bringup
[0.771s] -- Installing: /home/pmlab/yueju2/change/install/pm_bringup/share/ament_index/resource_index/parent_prefix_path/pm_bringup
[0.772s] -- Installing: /home/pmlab/yueju2/change/install/pm_bringup/share/pm_bringup/environment/ament_prefix_path.dsv
[0.772s] -- Installing: /home/pmlab/yueju2/change/install/pm_bringup/share/pm_bringup/environment/path.dsv
[0.772s] -- Installing: /home/pmlab/yueju2/change/install/pm_bringup/share/pm_bringup/local_setup.bash
[0.772s] -- Installing: /home/pmlab/yueju2/change/install/pm_bringup/share/pm_bringup/local_setup.sh
[0.772s] -- Installing: /home/pmlab/yueju2/change/install/pm_bringup/share/pm_bringup/local_setup.zsh
[0.772s] -- Installing: /home/pmlab/yueju2/change/install/pm_bringup/share/pm_bringup/local_setup.dsv
[0.772s] -- Installing: /home/pmlab/yueju2/change/install/pm_bringup/share/pm_bringup/package.dsv
[0.772s] -- Installing: /home/pmlab/yueju2/change/install/pm_bringup/share/ament_index/resource_index/packages/pm_bringup
[0.772s] -- Installing: /home/pmlab/yueju2/change/install/pm_bringup/share/pm_bringup/cmake/pm_bringupConfig.cmake
[0.772s] -- Installing: /home/pmlab/yueju2/change/install/pm_bringup/share/pm_bringup/cmake/pm_bringupConfig-version.cmake
[0.772s] -- Installing: /home/pmlab/yueju2/change/install/pm_bringup/share/pm_bringup/package.xml
[0.775s] Invoked command in '/home/pmlab/yueju2/change/build/pm_bringup' returned '0': AMENT_PREFIX_PATH=/home/pmlab/yueju2/change/install/open_cv:${AMENT_PREFIX_PATH} CMAKE_PREFIX_PATH=${CMAKE_PREFIX_PATH}:/home/pmlab/pm_ros2_ws/install/tf2_tools:/home/pmlab/pm_ros2_ws/install/examples_tf2_py:/home/pmlab/pm_ros2_ws/install/tf2_ros_py:/home/pmlab/pm_ros2_ws/install/pm_robot_control_test:/home/pmlab/pm_ros2_ws/install/sensor_msgs_py:/home/pmlab/pm_ros2_ws/install/pm_vision:/home/pmlab/pm_ros2_ws/install/pm_move:/opt/ros/humble PYTHONPATH=/home/pmlab/yueju2/change/install/open_cv/lib/python3.10/site-packages:${PYTHONPATH} /usr/bin/cmake --install /home/pmlab/yueju2/change/build/pm_bringup
