[0.035s] Invoking command in '/home/yueju/led/build/pm_bringup': AMENT_PREFIX_PATH=/home/yueju/led/install/open_cv:${AMENT_PREFIX_PATH} CMAKE_PREFIX_PATH=/opt/ros/humble PYTHONPATH=/home/yueju/led/install/open_cv/lib/python3.10/site-packages:${PYTHONPATH} /usr/bin/cmake /home/yueju/led/pm_bringup -DCMAKE_INSTALL_PREFIX=/home/yueju/led/install/pm_bringup
[1.289s] -- The C compiler identification is GNU 11.3.0
[2.047s] -- The CXX compiler identification is GNU 11.3.0
[2.081s] -- Detecting C compiler ABI info
[2.309s] -- Detecting C compiler ABI info - done
[2.320s] -- Check for working C compiler: /usr/bin/cc - skipped
[2.320s] -- Detecting C compile features
[2.330s] -- Detecting C compile features - done
[2.343s] -- Detecting CXX compiler ABI info
[2.441s] -- Detecting CXX compiler ABI info - done
[2.449s] -- Check for working CXX compiler: /usr/bin/c++ - skipped
[2.449s] -- Detecting CXX compile features
[2.449s] -- Detecting CXX compile features - done
[2.629s] -- Found ament_cmake: 1.3.3 (/opt/ros/humble/share/ament_cmake/cmake)
[3.068s] -- Found Python3: /usr/bin/python3.10 (found version "3.10.6") found components: Interpreter 
[3.792s] -- Found ament_lint_auto: 0.12.5 (/opt/ros/humble/share/ament_lint_auto/cmake)
[4.010s] -- Added test 'flake8' to check Python code syntax and style conventions
[4.013s] -- Added test 'lint_cmake' to check CMake code style
[4.015s] -- Added test 'pep257' to check Python code against some of the docstring style conventions in PEP 257
[4.019s] -- Added test 'xmllint' to check XML markup files
[4.025s] -- Configuring done
[4.032s] -- Generating done
[4.034s] -- Build files have been written to: /home/yueju/led/build/pm_bringup
[4.040s] Invoked command in '/home/yueju/led/build/pm_bringup' returned '0': AMENT_PREFIX_PATH=/home/yueju/led/install/open_cv:${AMENT_PREFIX_PATH} CMAKE_PREFIX_PATH=/opt/ros/humble PYTHONPATH=/home/yueju/led/install/open_cv/lib/python3.10/site-packages:${PYTHONPATH} /usr/bin/cmake /home/yueju/led/pm_bringup -DCMAKE_INSTALL_PREFIX=/home/yueju/led/install/pm_bringup
[4.043s] Invoking command in '/home/yueju/led/build/pm_bringup': AMENT_PREFIX_PATH=/home/yueju/led/install/open_cv:${AMENT_PREFIX_PATH} CMAKE_PREFIX_PATH=/opt/ros/humble PYTHONPATH=/home/yueju/led/install/open_cv/lib/python3.10/site-packages:${PYTHONPATH} /usr/bin/cmake --build /home/yueju/led/build/pm_bringup -- -j8 -l8
[4.080s] Invoked command in '/home/yueju/led/build/pm_bringup' returned '0': AMENT_PREFIX_PATH=/home/yueju/led/install/open_cv:${AMENT_PREFIX_PATH} CMAKE_PREFIX_PATH=/opt/ros/humble PYTHONPATH=/home/yueju/led/install/open_cv/lib/python3.10/site-packages:${PYTHONPATH} /usr/bin/cmake --build /home/yueju/led/build/pm_bringup -- -j8 -l8
[4.109s] Invoking command in '/home/yueju/led/build/pm_bringup': AMENT_PREFIX_PATH=/home/yueju/led/install/open_cv:${AMENT_PREFIX_PATH} CMAKE_PREFIX_PATH=/opt/ros/humble PYTHONPATH=/home/yueju/led/install/open_cv/lib/python3.10/site-packages:${PYTHONPATH} /usr/bin/cmake --install /home/yueju/led/build/pm_bringup
[4.115s] -- Install configuration: ""
[4.116s] -- Installing: /home/yueju/led/install/pm_bringup/share/pm_bringup/launch
[4.116s] -- Installing: /home/yueju/led/install/pm_bringup/share/pm_bringup/launch/auto_calibrating.launch.py
[4.116s] -- Installing: /home/yueju/led/install/pm_bringup/share/ament_index/resource_index/package_run_dependencies/pm_bringup
[4.116s] -- Installing: /home/yueju/led/install/pm_bringup/share/ament_index/resource_index/parent_prefix_path/pm_bringup
[4.116s] -- Installing: /home/yueju/led/install/pm_bringup/share/pm_bringup/environment/ament_prefix_path.sh
[4.116s] -- Installing: /home/yueju/led/install/pm_bringup/share/pm_bringup/environment/ament_prefix_path.dsv
[4.117s] -- Installing: /home/yueju/led/install/pm_bringup/share/pm_bringup/environment/path.sh
[4.117s] -- Installing: /home/yueju/led/install/pm_bringup/share/pm_bringup/environment/path.dsv
[4.117s] -- Installing: /home/yueju/led/install/pm_bringup/share/pm_bringup/local_setup.bash
[4.117s] -- Installing: /home/yueju/led/install/pm_bringup/share/pm_bringup/local_setup.sh
[4.117s] -- Installing: /home/yueju/led/install/pm_bringup/share/pm_bringup/local_setup.zsh
[4.117s] -- Installing: /home/yueju/led/install/pm_bringup/share/pm_bringup/local_setup.dsv
[4.117s] -- Installing: /home/yueju/led/install/pm_bringup/share/pm_bringup/package.dsv
[4.117s] -- Installing: /home/yueju/led/install/pm_bringup/share/ament_index/resource_index/packages/pm_bringup
[4.118s] -- Installing: /home/yueju/led/install/pm_bringup/share/pm_bringup/cmake/pm_bringupConfig.cmake
[4.118s] -- Installing: /home/yueju/led/install/pm_bringup/share/pm_bringup/cmake/pm_bringupConfig-version.cmake
[4.118s] -- Installing: /home/yueju/led/install/pm_bringup/share/pm_bringup/package.xml
[4.120s] Invoked command in '/home/yueju/led/build/pm_bringup' returned '0': AMENT_PREFIX_PATH=/home/yueju/led/install/open_cv:${AMENT_PREFIX_PATH} CMAKE_PREFIX_PATH=/opt/ros/humble PYTHONPATH=/home/yueju/led/install/open_cv/lib/python3.10/site-packages:${PYTHONPATH} /usr/bin/cmake --install /home/yueju/led/build/pm_bringup
