-- Found ament_cmake: 1.3.3 (/opt/ros/humble/share/ament_cmake/cmake)
-- Found open62541: 0.0.0 (/home/yueju/led/install/open62541/share/open62541/cmake)
-- Configuring done
-- Generating done
-- Build files have been written to: /home/yueju/led/build/pm_client
[35m[1mConsolidate compiler generated dependencies of target pm_client[0m
[ 33%] [32mBuilding CXX object CMakeFiles/pm_client.dir/src/client.cpp.o[0m
[ 66%] [32mBuilding CXX object CMakeFiles/pm_client.dir/src/aerotech_axis.cpp.o[0m
[100%] [32m[1mLinking CXX static library libpm_client.a[0m
[100%] Built target pm_client
-- Install configuration: ""
-- Up-to-date: /home/yueju/led/install/pm_client/share/pm_client/environment/library_path.sh
-- Installing: /home/yueju/led/install/pm_client/share/pm_client/environment/library_path.dsv
-- Up-to-date: /home/yueju/led/install/pm_client/include
-- Up-to-date: /home/yueju/led/install/pm_client/include/pm_client
-- Installing: /home/yueju/led/install/pm_client/include/pm_client/aerotech_axis.hpp
-- Installing: /home/yueju/led/install/pm_client/include/pm_client/robot.hpp
-- Installing: /home/yueju/led/install/pm_client/include/pm_client/client.hpp
-- Installing: /home/yueju/led/install/pm_client/lib/libpm_client.a
-- Up-to-date: /home/yueju/led/install/pm_client/share/ament_index/resource_index/package_run_dependencies/pm_client
-- Up-to-date: /home/yueju/led/install/pm_client/share/ament_index/resource_index/parent_prefix_path/pm_client
-- Up-to-date: /home/yueju/led/install/pm_client/share/pm_client/environment/ament_prefix_path.sh
-- Installing: /home/yueju/led/install/pm_client/share/pm_client/environment/ament_prefix_path.dsv
-- Up-to-date: /home/yueju/led/install/pm_client/share/pm_client/environment/path.sh
-- Installing: /home/yueju/led/install/pm_client/share/pm_client/environment/path.dsv
-- Up-to-date: /home/yueju/led/install/pm_client/share/pm_client/local_setup.bash
-- Up-to-date: /home/yueju/led/install/pm_client/share/pm_client/local_setup.sh
-- Up-to-date: /home/yueju/led/install/pm_client/share/pm_client/local_setup.zsh
-- Installing: /home/yueju/led/install/pm_client/share/pm_client/local_setup.dsv
-- Installing: /home/yueju/led/install/pm_client/share/pm_client/package.dsv
-- Up-to-date: /home/yueju/led/install/pm_client/share/ament_index/resource_index/packages/pm_client
-- Up-to-date: /home/yueju/led/install/pm_client/share/pm_client/cmake/pm_clientExport.cmake
-- Up-to-date: /home/yueju/led/install/pm_client/share/pm_client/cmake/pm_clientExport-noconfig.cmake
-- Up-to-date: /home/yueju/led/install/pm_client/share/pm_client/cmake/ament_cmake_export_targets-extras.cmake
-- Up-to-date: /home/yueju/led/install/pm_client/share/pm_client/cmake/ament_cmake_export_dependencies-extras.cmake
-- Up-to-date: /home/yueju/led/install/pm_client/share/pm_client/cmake/pm_clientConfig.cmake
-- Up-to-date: /home/yueju/led/install/pm_client/share/pm_client/cmake/pm_clientConfig-version.cmake
-- Installing: /home/yueju/led/install/pm_client/share/pm_client/package.xml
