[0.008s] Invoking command in '/home/yueju/led/build/pm_client': AMENT_PREFIX_PATH=/home/yueju/led/install/open62541:${AMENT_PREFIX_PATH} CMAKE_PREFIX_PATH=/home/yueju/led/install/open62541:/opt/ros/humble LD_LIBRARY_PATH=/home/yueju/led/install/open62541/lib:${LD_LIBRARY_PATH} /usr/bin/cmake --build /home/yueju/led/build/pm_client -- -j8 -l8
[0.031s] -- Found ament_cmake: 1.3.3 (/opt/ros/humble/share/ament_cmake/cmake)
[0.223s] -- Found open62541: 0.0.0 (/home/yueju/led/install/open62541/share/open62541/cmake)
[0.359s] -- Configuring done
[0.386s] -- Generating done
[0.388s] -- Build files have been written to: /home/yueju/led/build/pm_client
[0.421s] [35m[1mConsolidate compiler generated dependencies of target pm_client[0m
[0.444s] [ 33%] [32mBuilding CXX object CMakeFiles/pm_client.dir/src/client.cpp.o[0m
[0.444s] [ 66%] [32mBuilding CXX object CMakeFiles/pm_client.dir/src/aerotech_axis.cpp.o[0m
[1.827s] [100%] [32m[1mLinking CXX static library libpm_client.a[0m
[1.858s] [100%] Built target pm_client
[1.868s] Invoked command in '/home/yueju/led/build/pm_client' returned '0': AMENT_PREFIX_PATH=/home/yueju/led/install/open62541:${AMENT_PREFIX_PATH} CMAKE_PREFIX_PATH=/home/yueju/led/install/open62541:/opt/ros/humble LD_LIBRARY_PATH=/home/yueju/led/install/open62541/lib:${LD_LIBRARY_PATH} /usr/bin/cmake --build /home/yueju/led/build/pm_client -- -j8 -l8
[1.896s] Invoking command in '/home/yueju/led/build/pm_client': AMENT_PREFIX_PATH=/home/yueju/led/install/open62541:${AMENT_PREFIX_PATH} CMAKE_PREFIX_PATH=/home/yueju/led/install/open62541:/opt/ros/humble LD_LIBRARY_PATH=/home/yueju/led/install/open62541/lib:${LD_LIBRARY_PATH} /usr/bin/cmake --install /home/yueju/led/build/pm_client
[1.902s] -- Install configuration: ""
[1.902s] -- Up-to-date: /home/yueju/led/install/pm_client/share/pm_client/environment/library_path.sh
[1.902s] -- Installing: /home/yueju/led/install/pm_client/share/pm_client/environment/library_path.dsv
[1.902s] -- Up-to-date: /home/yueju/led/install/pm_client/include
[1.903s] -- Up-to-date: /home/yueju/led/install/pm_client/include/pm_client
[1.903s] -- Installing: /home/yueju/led/install/pm_client/include/pm_client/aerotech_axis.hpp
[1.903s] -- Installing: /home/yueju/led/install/pm_client/include/pm_client/robot.hpp
[1.903s] -- Installing: /home/yueju/led/install/pm_client/include/pm_client/client.hpp
[1.903s] -- Installing: /home/yueju/led/install/pm_client/lib/libpm_client.a
[1.903s] -- Up-to-date: /home/yueju/led/install/pm_client/share/ament_index/resource_index/package_run_dependencies/pm_client
[1.903s] -- Up-to-date: /home/yueju/led/install/pm_client/share/ament_index/resource_index/parent_prefix_path/pm_client
[1.903s] -- Up-to-date: /home/yueju/led/install/pm_client/share/pm_client/environment/ament_prefix_path.sh
[1.903s] -- Installing: /home/yueju/led/install/pm_client/share/pm_client/environment/ament_prefix_path.dsv
[1.903s] -- Up-to-date: /home/yueju/led/install/pm_client/share/pm_client/environment/path.sh
[1.904s] -- Installing: /home/yueju/led/install/pm_client/share/pm_client/environment/path.dsv
[1.904s] -- Up-to-date: /home/yueju/led/install/pm_client/share/pm_client/local_setup.bash
[1.904s] -- Up-to-date: /home/yueju/led/install/pm_client/share/pm_client/local_setup.sh
[1.904s] -- Up-to-date: /home/yueju/led/install/pm_client/share/pm_client/local_setup.zsh
[1.904s] -- Installing: /home/yueju/led/install/pm_client/share/pm_client/local_setup.dsv
[1.904s] -- Installing: /home/yueju/led/install/pm_client/share/pm_client/package.dsv
[1.904s] -- Up-to-date: /home/yueju/led/install/pm_client/share/ament_index/resource_index/packages/pm_client
[1.904s] -- Up-to-date: /home/yueju/led/install/pm_client/share/pm_client/cmake/pm_clientExport.cmake
[1.904s] -- Up-to-date: /home/yueju/led/install/pm_client/share/pm_client/cmake/pm_clientExport-noconfig.cmake
[1.904s] -- Up-to-date: /home/yueju/led/install/pm_client/share/pm_client/cmake/ament_cmake_export_targets-extras.cmake
[1.904s] -- Up-to-date: /home/yueju/led/install/pm_client/share/pm_client/cmake/ament_cmake_export_dependencies-extras.cmake
[1.904s] -- Up-to-date: /home/yueju/led/install/pm_client/share/pm_client/cmake/pm_clientConfig.cmake
[1.905s] -- Up-to-date: /home/yueju/led/install/pm_client/share/pm_client/cmake/pm_clientConfig-version.cmake
[1.905s] -- Installing: /home/yueju/led/install/pm_client/share/pm_client/package.xml
[1.909s] Invoked command in '/home/yueju/led/build/pm_client' returned '0': AMENT_PREFIX_PATH=/home/yueju/led/install/open62541:${AMENT_PREFIX_PATH} CMAKE_PREFIX_PATH=/home/yueju/led/install/open62541:/opt/ros/humble LD_LIBRARY_PATH=/home/yueju/led/install/open62541/lib:${LD_LIBRARY_PATH} /usr/bin/cmake --install /home/yueju/led/build/pm_client
