[0.427s] Invoking command in '/home/pmlab/yueju/change/build/open_cv': PYTHONPATH=/home/pmlab/yueju/change/build/open_cv/prefix_override:/home/pmlab/yueju/change/install/open_cv/lib/python3.10/site-packages:${PYTHONPATH} /usr/bin/python3 setup.py develop --editable --build-directory /home/pmlab/yueju/change/build/open_cv/build --no-deps install_data
[0.601s] running develop
[0.601s] /usr/lib/python3/dist-packages/setuptools/command/easy_install.py:158: EasyInstallDeprecationWarning: easy_install command is deprecated. Use build and pip and other standards-based tools.
[0.601s]   warnings.warn(
[0.602s] /usr/lib/python3/dist-packages/setuptools/command/install.py:34: SetuptoolsDeprecationWarning: setup.py install is deprecated. Use build and pip and other standards-based tools.
[0.602s]   warnings.warn(
[0.643s] /usr/lib/python3/dist-packages/pkg_resources/__init__.py:116: PkgResourcesDeprecationWarning: 1.16.0-unknown is an invalid version and will not be supported in a future release
[0.643s]   warnings.warn(
[0.643s] /usr/lib/python3/dist-packages/pkg_resources/__init__.py:116: PkgResourcesDeprecationWarning: 1.1build1 is an invalid version and will not be supported in a future release
[0.643s]   warnings.warn(
[0.717s] running egg_info
[0.717s] writing open_cv.egg-info/PKG-INFO
[0.717s] writing dependency_links to open_cv.egg-info/dependency_links.txt
[0.717s] writing entry points to open_cv.egg-info/entry_points.txt
[0.717s] writing requirements to open_cv.egg-info/requires.txt
[0.717s] writing top-level names to open_cv.egg-info/top_level.txt
[0.718s] reading manifest file 'open_cv.egg-info/SOURCES.txt'
[0.719s] writing manifest file 'open_cv.egg-info/SOURCES.txt'
[0.719s] running build_ext
[0.719s] Creating /home/pmlab/yueju/change/install/open_cv/lib/python3.10/site-packages/open-cv.egg-link (link to .)
[0.720s] Installing al script to /home/pmlab/yueju/change/install/open_cv/lib/open_cv
[0.720s] Installing auto_centering script to /home/pmlab/yueju/change/install/open_cv/lib/open_cv
[0.720s] Installing go script to /home/pmlab/yueju/change/install/open_cv/lib/open_cv
[0.720s] Installing image_processing script to /home/pmlab/yueju/change/install/open_cv/lib/open_cv
[0.720s] 
[0.720s] Installed /home/pmlab/yueju/change/build/open_cv
[0.720s] running install_data
[0.738s] Invoked command in '/home/pmlab/yueju/change/build/open_cv' returned '0': PYTHONPATH=/home/pmlab/yueju/change/build/open_cv/prefix_override:/home/pmlab/yueju/change/install/open_cv/lib/python3.10/site-packages:${PYTHONPATH} /usr/bin/python3 setup.py develop --editable --build-directory /home/pmlab/yueju/change/build/open_cv/build --no-deps install_data
