[0.210s] DEBUG:colcon:Command line arguments: ['/usr/bin/colcon', 'build', '--symlink-install']
[0.210s] DEBUG:colcon:Parsed command line arguments: Namespace(log_base=None, log_level=None, verb_name='build', build_base='build', install_base='install', merge_install=False, symlink_install=True, test_result_base=None, continue_on_error=False, executor='parallel', parallel_workers=16, event_handlers=None, ignore_user_meta=False, metas=['./colcon.meta'], base_paths=['.'], packages_ignore=None, packages_ignore_regex=None, paths=None, packages_up_to=None, packages_up_to_regex=None, packages_above=None, packages_above_and_dependencies=None, packages_above_depth=None, packages_select_by_dep=None, packages_skip_by_dep=None, packages_skip_up_to=None, packages_select_build_failed=False, packages_skip_build_finished=False, packages_select_test_failures=False, packages_skip_test_passed=False, packages_select=None, packages_skip=None, packages_select_regex=None, packages_skip_regex=None, packages_start=None, packages_end=None, allow_overriding=[], cmake_args=None, cmake_target=None, cmake_target_skip_unavailable=False, cmake_clean_cache=False, cmake_clean_first=False, cmake_force_configure=False, ament_cmake_args=None, catkin_cmake_args=None, catkin_skip_building_tests=False, verb_parser=<colcon_defaults.argument_parser.defaults.DefaultArgumentsDecorator object at 0x7fb40f6bbb20>, verb_extension=<colcon_core.verb.build.BuildVerb object at 0x7fb4101bc0d0>, main=<bound method BuildVerb.main of <colcon_core.verb.build.BuildVerb object at 0x7fb4101bc0d0>>)
[0.224s] Level 1:colcon.colcon_core.package_discovery:discover_packages(colcon_meta) check parameters
[0.224s] Level 1:colcon.colcon_core.package_discovery:discover_packages(recursive) check parameters
[0.224s] Level 1:colcon.colcon_core.package_discovery:discover_packages(ignore) check parameters
[0.224s] Level 1:colcon.colcon_core.package_discovery:discover_packages(path) check parameters
[0.224s] Level 1:colcon.colcon_core.package_discovery:discover_packages(colcon_meta) discover
[0.224s] Level 1:colcon.colcon_core.package_discovery:discover_packages(recursive) discover
[0.224s] INFO:colcon.colcon_core.package_discovery:Crawling recursively for packages in '/home/pmlab/yueju2/change'
[0.224s] Level 1:colcon.colcon_core.package_identification:_identify(.) by extensions ['ignore', 'ignore_ament_install']
[0.224s] Level 1:colcon.colcon_core.package_identification:_identify(.) by extension 'ignore'
[0.224s] Level 1:colcon.colcon_core.package_identification:_identify(.) by extension 'ignore_ament_install'
[0.225s] Level 1:colcon.colcon_core.package_identification:_identify(.) by extensions ['colcon_pkg']
[0.225s] Level 1:colcon.colcon_core.package_identification:_identify(.) by extension 'colcon_pkg'
[0.225s] Level 1:colcon.colcon_core.package_identification:_identify(.) by extensions ['colcon_meta']
[0.225s] Level 1:colcon.colcon_core.package_identification:_identify(.) by extension 'colcon_meta'
[0.225s] Level 1:colcon.colcon_core.package_identification:_identify(.) by extensions ['ros']
[0.225s] Level 1:colcon.colcon_core.package_identification:_identify(.) by extension 'ros'
[0.231s] Level 1:colcon.colcon_core.package_identification:_identify(.) by extensions ['cmake', 'python']
[0.231s] Level 1:colcon.colcon_core.package_identification:_identify(.) by extension 'cmake'
[0.231s] Level 1:colcon.colcon_core.package_identification:_identify(.) by extension 'python'
[0.231s] Level 1:colcon.colcon_core.package_identification:_identify(.) by extensions ['python_setup_py']
[0.231s] Level 1:colcon.colcon_core.package_identification:_identify(.) by extension 'python_setup_py'
[0.231s] Level 1:colcon.colcon_core.package_identification:_identify(build) by extensions ['ignore', 'ignore_ament_install']
[0.231s] Level 1:colcon.colcon_core.package_identification:_identify(build) by extension 'ignore'
[0.231s] Level 1:colcon.colcon_core.package_identification:_identify(build) ignored
[0.231s] Level 1:colcon.colcon_core.package_identification:_identify(install) by extensions ['ignore', 'ignore_ament_install']
[0.231s] Level 1:colcon.colcon_core.package_identification:_identify(install) by extension 'ignore'
[0.231s] Level 1:colcon.colcon_core.package_identification:_identify(install) ignored
[0.232s] Level 1:colcon.colcon_core.package_identification:_identify(log) by extensions ['ignore', 'ignore_ament_install']
[0.232s] Level 1:colcon.colcon_core.package_identification:_identify(log) by extension 'ignore'
[0.232s] Level 1:colcon.colcon_core.package_identification:_identify(log) ignored
[0.232s] Level 1:colcon.colcon_core.package_identification:_identify(match_pm_robot) by extensions ['ignore', 'ignore_ament_install']
[0.232s] Level 1:colcon.colcon_core.package_identification:_identify(match_pm_robot) by extension 'ignore'
[0.232s] Level 1:colcon.colcon_core.package_identification:_identify(match_pm_robot) by extension 'ignore_ament_install'
[0.232s] Level 1:colcon.colcon_core.package_identification:_identify(match_pm_robot) by extensions ['colcon_pkg']
[0.232s] Level 1:colcon.colcon_core.package_identification:_identify(match_pm_robot) by extension 'colcon_pkg'
[0.232s] Level 1:colcon.colcon_core.package_identification:_identify(match_pm_robot) by extensions ['colcon_meta']
[0.232s] Level 1:colcon.colcon_core.package_identification:_identify(match_pm_robot) by extension 'colcon_meta'
[0.232s] Level 1:colcon.colcon_core.package_identification:_identify(match_pm_robot) by extensions ['ros']
[0.232s] Level 1:colcon.colcon_core.package_identification:_identify(match_pm_robot) by extension 'ros'
[0.232s] Level 1:colcon.colcon_core.package_identification:_identify(match_pm_robot) by extensions ['cmake', 'python']
[0.232s] Level 1:colcon.colcon_core.package_identification:_identify(match_pm_robot) by extension 'cmake'
[0.232s] Level 1:colcon.colcon_core.package_identification:_identify(match_pm_robot) by extension 'python'
[0.232s] Level 1:colcon.colcon_core.package_identification:_identify(match_pm_robot) by extensions ['python_setup_py']
[0.232s] Level 1:colcon.colcon_core.package_identification:_identify(match_pm_robot) by extension 'python_setup_py'
[0.232s] Level 1:colcon.colcon_core.package_identification:_identify(open_cv) by extensions ['ignore', 'ignore_ament_install']
[0.232s] Level 1:colcon.colcon_core.package_identification:_identify(open_cv) by extension 'ignore'
[0.232s] Level 1:colcon.colcon_core.package_identification:_identify(open_cv) by extension 'ignore_ament_install'
[0.232s] Level 1:colcon.colcon_core.package_identification:_identify(open_cv) by extensions ['colcon_pkg']
[0.232s] Level 1:colcon.colcon_core.package_identification:_identify(open_cv) by extension 'colcon_pkg'
[0.232s] Level 1:colcon.colcon_core.package_identification:_identify(open_cv) by extensions ['colcon_meta']
[0.232s] Level 1:colcon.colcon_core.package_identification:_identify(open_cv) by extension 'colcon_meta'
[0.232s] Level 1:colcon.colcon_core.package_identification:_identify(open_cv) by extensions ['ros']
[0.232s] Level 1:colcon.colcon_core.package_identification:_identify(open_cv) by extension 'ros'
[0.234s] DEBUG:colcon.colcon_core.package_identification:Package 'open_cv' with type 'ros.ament_python' and name 'open_cv'
[0.234s] Level 1:colcon.colcon_core.package_identification:_identify(pm_bringup) by extensions ['ignore', 'ignore_ament_install']
[0.234s] Level 1:colcon.colcon_core.package_identification:_identify(pm_bringup) by extension 'ignore'
[0.234s] Level 1:colcon.colcon_core.package_identification:_identify(pm_bringup) by extension 'ignore_ament_install'
[0.234s] Level 1:colcon.colcon_core.package_identification:_identify(pm_bringup) by extensions ['colcon_pkg']
[0.234s] Level 1:colcon.colcon_core.package_identification:_identify(pm_bringup) by extension 'colcon_pkg'
[0.234s] Level 1:colcon.colcon_core.package_identification:_identify(pm_bringup) by extensions ['colcon_meta']
[0.234s] Level 1:colcon.colcon_core.package_identification:_identify(pm_bringup) by extension 'colcon_meta'
[0.234s] Level 1:colcon.colcon_core.package_identification:_identify(pm_bringup) by extensions ['ros']
[0.234s] Level 1:colcon.colcon_core.package_identification:_identify(pm_bringup) by extension 'ros'
[0.235s] DEBUG:colcon.colcon_core.package_identification:Package 'pm_bringup' with type 'ros.ament_cmake' and name 'pm_bringup'
[0.235s] Level 1:colcon.colcon_core.package_discovery:discover_packages(recursive) using defaults
[0.235s] Level 1:colcon.colcon_core.package_discovery:discover_packages(ignore) discover
[0.235s] Level 1:colcon.colcon_core.package_discovery:discover_packages(ignore) using defaults
[0.235s] Level 1:colcon.colcon_core.package_discovery:discover_packages(path) discover
[0.235s] Level 1:colcon.colcon_core.package_discovery:discover_packages(path) using defaults
[0.248s] Level 1:colcon.colcon_core.package_discovery:discover_packages(prefix_path) check parameters
[0.248s] Level 1:colcon.colcon_core.package_discovery:discover_packages(prefix_path) discover
[0.250s] DEBUG:colcon.colcon_installed_package_information.package_discovery:Found 21 installed packages in /home/pmlab/pm_ros2_ws/install
[0.251s] DEBUG:colcon.colcon_installed_package_information.package_discovery:Found 376 installed packages in /opt/ros/humble
[0.252s] Level 1:colcon.colcon_core.package_discovery:discover_packages(prefix_path) using defaults
[0.294s] Level 5:colcon.colcon_core.verb:set package 'open_cv' build argument 'cmake_args' from command line to 'None'
[0.294s] Level 5:colcon.colcon_core.verb:set package 'open_cv' build argument 'cmake_target' from command line to 'None'
[0.294s] Level 5:colcon.colcon_core.verb:set package 'open_cv' build argument 'cmake_target_skip_unavailable' from command line to 'False'
[0.294s] Level 5:colcon.colcon_core.verb:set package 'open_cv' build argument 'cmake_clean_cache' from command line to 'False'
[0.294s] Level 5:colcon.colcon_core.verb:set package 'open_cv' build argument 'cmake_clean_first' from command line to 'False'
[0.294s] Level 5:colcon.colcon_core.verb:set package 'open_cv' build argument 'cmake_force_configure' from command line to 'False'
[0.294s] Level 5:colcon.colcon_core.verb:set package 'open_cv' build argument 'ament_cmake_args' from command line to 'None'
[0.294s] Level 5:colcon.colcon_core.verb:set package 'open_cv' build argument 'catkin_cmake_args' from command line to 'None'
[0.294s] Level 5:colcon.colcon_core.verb:set package 'open_cv' build argument 'catkin_skip_building_tests' from command line to 'False'
[0.294s] DEBUG:colcon.colcon_core.verb:Building package 'open_cv' with the following arguments: {'ament_cmake_args': None, 'build_base': '/home/pmlab/yueju2/change/build/open_cv', 'catkin_cmake_args': None, 'catkin_skip_building_tests': False, 'cmake_args': None, 'cmake_clean_cache': False, 'cmake_clean_first': False, 'cmake_force_configure': False, 'cmake_target': None, 'cmake_target_skip_unavailable': False, 'install_base': '/home/pmlab/yueju2/change/install/open_cv', 'merge_install': False, 'path': '/home/pmlab/yueju2/change/open_cv', 'symlink_install': True, 'test_result_base': None}
[0.295s] Level 5:colcon.colcon_core.verb:set package 'pm_bringup' build argument 'cmake_args' from command line to 'None'
[0.295s] Level 5:colcon.colcon_core.verb:set package 'pm_bringup' build argument 'cmake_target' from command line to 'None'
[0.295s] Level 5:colcon.colcon_core.verb:set package 'pm_bringup' build argument 'cmake_target_skip_unavailable' from command line to 'False'
[0.295s] Level 5:colcon.colcon_core.verb:set package 'pm_bringup' build argument 'cmake_clean_cache' from command line to 'False'
[0.295s] Level 5:colcon.colcon_core.verb:set package 'pm_bringup' build argument 'cmake_clean_first' from command line to 'False'
[0.295s] Level 5:colcon.colcon_core.verb:set package 'pm_bringup' build argument 'cmake_force_configure' from command line to 'False'
[0.295s] Level 5:colcon.colcon_core.verb:set package 'pm_bringup' build argument 'ament_cmake_args' from command line to 'None'
[0.295s] Level 5:colcon.colcon_core.verb:set package 'pm_bringup' build argument 'catkin_cmake_args' from command line to 'None'
[0.295s] Level 5:colcon.colcon_core.verb:set package 'pm_bringup' build argument 'catkin_skip_building_tests' from command line to 'False'
[0.295s] DEBUG:colcon.colcon_core.verb:Building package 'pm_bringup' with the following arguments: {'ament_cmake_args': None, 'build_base': '/home/pmlab/yueju2/change/build/pm_bringup', 'catkin_cmake_args': None, 'catkin_skip_building_tests': False, 'cmake_args': None, 'cmake_clean_cache': False, 'cmake_clean_first': False, 'cmake_force_configure': False, 'cmake_target': None, 'cmake_target_skip_unavailable': False, 'install_base': '/home/pmlab/yueju2/change/install/pm_bringup', 'merge_install': False, 'path': '/home/pmlab/yueju2/change/pm_bringup', 'symlink_install': True, 'test_result_base': None}
[0.295s] INFO:colcon.colcon_core.executor:Executing jobs using 'parallel' executor
[0.297s] DEBUG:colcon.colcon_parallel_executor.executor.parallel:run_until_complete
[0.297s] INFO:colcon.colcon_ros.task.ament_python.build:Building ROS package in '/home/pmlab/yueju2/change/open_cv' with build type 'ament_python'
[0.297s] Level 1:colcon.colcon_core.shell:create_environment_hook('open_cv', 'ament_prefix_path')
[0.300s] INFO:colcon.colcon_core.plugin_system:Skipping extension 'colcon_core.shell.bat': Not used on non-Windows systems
[0.300s] INFO:colcon.colcon_core.shell:Creating environment hook '/home/pmlab/yueju2/change/install/open_cv/share/open_cv/hook/ament_prefix_path.ps1'
[0.300s] INFO:colcon.colcon_core.shell:Creating environment descriptor '/home/pmlab/yueju2/change/install/open_cv/share/open_cv/hook/ament_prefix_path.dsv'
[0.300s] INFO:colcon.colcon_core.shell:Creating environment hook '/home/pmlab/yueju2/change/install/open_cv/share/open_cv/hook/ament_prefix_path.sh'
[0.301s] INFO:colcon.colcon_core.shell:Skip shell extension 'powershell' for command environment: Not usable outside of PowerShell
[0.301s] DEBUG:colcon.colcon_core.shell:Skip shell extension 'dsv' for command environment
[0.462s] INFO:colcon.colcon_core.task.python.build:Building Python package in '/home/pmlab/yueju2/change/open_cv'
[0.464s] INFO:colcon.colcon_core.shell:Skip shell extension 'powershell' for command environment: Not usable outside of PowerShell
[0.464s] DEBUG:colcon.colcon_core.shell:Skip shell extension 'dsv' for command environment
[0.680s] DEBUG:colcon.colcon_core.event_handler.log_command:Invoking command in '/home/pmlab/yueju2/change/build/open_cv': PYTHONPATH=/home/pmlab/yueju2/change/build/open_cv/prefix_override:/home/pmlab/yueju2/change/install/open_cv/lib/python3.10/site-packages:${PYTHONPATH} /usr/bin/python3 setup.py develop --editable --build-directory /home/pmlab/yueju2/change/build/open_cv/build --no-deps install_data
[0.963s] Level 1:colcon.colcon_core.shell:create_environment_hook('open_cv', 'pythonpath_develop')
[0.964s] INFO:colcon.colcon_core.shell:Creating environment hook '/home/pmlab/yueju2/change/build/open_cv/share/open_cv/hook/pythonpath_develop.ps1'
[0.964s] DEBUG:colcon.colcon_core.event_handler.log_command:Invoked command in '/home/pmlab/yueju2/change/build/open_cv' returned '0': PYTHONPATH=/home/pmlab/yueju2/change/build/open_cv/prefix_override:/home/pmlab/yueju2/change/install/open_cv/lib/python3.10/site-packages:${PYTHONPATH} /usr/bin/python3 setup.py develop --editable --build-directory /home/pmlab/yueju2/change/build/open_cv/build --no-deps install_data
[0.964s] INFO:colcon.colcon_core.shell:Creating environment descriptor '/home/pmlab/yueju2/change/build/open_cv/share/open_cv/hook/pythonpath_develop.dsv'
[0.965s] INFO:colcon.colcon_core.shell:Creating environment hook '/home/pmlab/yueju2/change/build/open_cv/share/open_cv/hook/pythonpath_develop.sh'
[0.968s] Level 1:colcon.colcon_core.environment:checking '/home/pmlab/yueju2/change/install/open_cv' for CMake module files
[0.969s] Level 1:colcon.colcon_core.environment:checking '/home/pmlab/yueju2/change/install/open_cv' for CMake config files
[0.969s] Level 1:colcon.colcon_core.environment:checking '/home/pmlab/yueju2/change/install/open_cv/lib'
[0.969s] Level 1:colcon.colcon_core.environment:checking '/home/pmlab/yueju2/change/install/open_cv/bin'
[0.969s] Level 1:colcon.colcon_core.environment:checking '/home/pmlab/yueju2/change/install/open_cv/lib/pkgconfig/open_cv.pc'
[0.969s] Level 1:colcon.colcon_core.environment:checking '/home/pmlab/yueju2/change/install/open_cv/lib/python3.10/site-packages'
[0.969s] Level 1:colcon.colcon_core.shell:create_environment_hook('open_cv', 'pythonpath')
[0.970s] INFO:colcon.colcon_core.shell:Creating environment hook '/home/pmlab/yueju2/change/install/open_cv/share/open_cv/hook/pythonpath.ps1'
[0.971s] INFO:colcon.colcon_core.shell:Creating environment descriptor '/home/pmlab/yueju2/change/install/open_cv/share/open_cv/hook/pythonpath.dsv'
[0.971s] INFO:colcon.colcon_core.shell:Creating environment hook '/home/pmlab/yueju2/change/install/open_cv/share/open_cv/hook/pythonpath.sh'
[0.971s] Level 1:colcon.colcon_core.environment:checking '/home/pmlab/yueju2/change/install/open_cv/bin'
[0.971s] Level 1:colcon.colcon_core.environment:create_environment_scripts_only(open_cv)
[0.972s] INFO:colcon.colcon_core.shell:Creating package script '/home/pmlab/yueju2/change/install/open_cv/share/open_cv/package.ps1'
[0.973s] INFO:colcon.colcon_core.shell:Creating package descriptor '/home/pmlab/yueju2/change/install/open_cv/share/open_cv/package.dsv'
[0.973s] INFO:colcon.colcon_core.shell:Creating package script '/home/pmlab/yueju2/change/install/open_cv/share/open_cv/package.sh'
[0.973s] INFO:colcon.colcon_core.shell:Creating package script '/home/pmlab/yueju2/change/install/open_cv/share/open_cv/package.bash'
[0.974s] INFO:colcon.colcon_core.shell:Creating package script '/home/pmlab/yueju2/change/install/open_cv/share/open_cv/package.zsh'
[0.974s] Level 1:colcon.colcon_core.environment:create_file_with_runtime_dependencies(/home/pmlab/yueju2/change/install/open_cv/share/colcon-core/packages/open_cv)
[0.975s] INFO:colcon.colcon_ros.task.ament_cmake.build:Building ROS package in '/home/pmlab/yueju2/change/pm_bringup' with build type 'ament_cmake'
[0.975s] INFO:colcon.colcon_cmake.task.cmake.build:Building CMake package in '/home/pmlab/yueju2/change/pm_bringup'
[0.976s] INFO:colcon.colcon_core.shell:Skip shell extension 'powershell' for command environment: Not usable outside of PowerShell
[0.976s] DEBUG:colcon.colcon_core.shell:Skip shell extension 'dsv' for command environment
[0.984s] DEBUG:colcon.colcon_core.event_handler.log_command:Invoking command in '/home/pmlab/yueju2/change/build/pm_bringup': AMENT_PREFIX_PATH=/home/pmlab/yueju2/change/install/open_cv:${AMENT_PREFIX_PATH} CMAKE_PREFIX_PATH=${CMAKE_PREFIX_PATH}:/home/pmlab/pm_ros2_ws/install/pm_vision:/home/pmlab/pm_ros2_ws/install/pm_robot_control_test:/home/pmlab/pm_ros2_ws/install/pm_move:/opt/ros/humble PYTHONPATH=/home/pmlab/yueju2/change/build/open_cv:/home/pmlab/yueju2/change/install/open_cv/lib/python3.10/site-packages:${PYTHONPATH} /usr/bin/cmake /home/pmlab/yueju2/change/pm_bringup -DAMENT_CMAKE_SYMLINK_INSTALL=1 -DCMAKE_INSTALL_PREFIX=/home/pmlab/yueju2/change/install/pm_bringup
[1.439s] DEBUG:colcon.colcon_core.event_handler.log_command:Invoked command in '/home/pmlab/yueju2/change/build/pm_bringup' returned '0': AMENT_PREFIX_PATH=/home/pmlab/yueju2/change/install/open_cv:${AMENT_PREFIX_PATH} CMAKE_PREFIX_PATH=${CMAKE_PREFIX_PATH}:/home/pmlab/pm_ros2_ws/install/pm_vision:/home/pmlab/pm_ros2_ws/install/pm_robot_control_test:/home/pmlab/pm_ros2_ws/install/pm_move:/opt/ros/humble PYTHONPATH=/home/pmlab/yueju2/change/build/open_cv:/home/pmlab/yueju2/change/install/open_cv/lib/python3.10/site-packages:${PYTHONPATH} /usr/bin/cmake /home/pmlab/yueju2/change/pm_bringup -DAMENT_CMAKE_SYMLINK_INSTALL=1 -DCMAKE_INSTALL_PREFIX=/home/pmlab/yueju2/change/install/pm_bringup
[1.441s] DEBUG:colcon.colcon_core.event_handler.log_command:Invoking command in '/home/pmlab/yueju2/change/build/pm_bringup': AMENT_PREFIX_PATH=/home/pmlab/yueju2/change/install/open_cv:${AMENT_PREFIX_PATH} CMAKE_PREFIX_PATH=${CMAKE_PREFIX_PATH}:/home/pmlab/pm_ros2_ws/install/pm_vision:/home/pmlab/pm_ros2_ws/install/pm_robot_control_test:/home/pmlab/pm_ros2_ws/install/pm_move:/opt/ros/humble PYTHONPATH=/home/pmlab/yueju2/change/build/open_cv:/home/pmlab/yueju2/change/install/open_cv/lib/python3.10/site-packages:${PYTHONPATH} /usr/bin/cmake --build /home/pmlab/yueju2/change/build/pm_bringup -- -j16 -l16
[1.462s] DEBUG:colcon.colcon_core.event_handler.log_command:Invoked command in '/home/pmlab/yueju2/change/build/pm_bringup' returned '0': AMENT_PREFIX_PATH=/home/pmlab/yueju2/change/install/open_cv:${AMENT_PREFIX_PATH} CMAKE_PREFIX_PATH=${CMAKE_PREFIX_PATH}:/home/pmlab/pm_ros2_ws/install/pm_vision:/home/pmlab/pm_ros2_ws/install/pm_robot_control_test:/home/pmlab/pm_ros2_ws/install/pm_move:/opt/ros/humble PYTHONPATH=/home/pmlab/yueju2/change/build/open_cv:/home/pmlab/yueju2/change/install/open_cv/lib/python3.10/site-packages:${PYTHONPATH} /usr/bin/cmake --build /home/pmlab/yueju2/change/build/pm_bringup -- -j16 -l16
[1.479s] DEBUG:colcon.colcon_core.event_handler.log_command:Invoking command in '/home/pmlab/yueju2/change/build/pm_bringup': AMENT_PREFIX_PATH=/home/pmlab/yueju2/change/install/open_cv:${AMENT_PREFIX_PATH} CMAKE_PREFIX_PATH=${CMAKE_PREFIX_PATH}:/home/pmlab/pm_ros2_ws/install/pm_vision:/home/pmlab/pm_ros2_ws/install/pm_robot_control_test:/home/pmlab/pm_ros2_ws/install/pm_move:/opt/ros/humble PYTHONPATH=/home/pmlab/yueju2/change/build/open_cv:/home/pmlab/yueju2/change/install/open_cv/lib/python3.10/site-packages:${PYTHONPATH} /usr/bin/cmake --install /home/pmlab/yueju2/change/build/pm_bringup
[1.543s] Level 1:colcon.colcon_core.environment:create_environment_scripts_only(pm_bringup)
[1.545s] Level 1:colcon.colcon_core.environment:checking '/home/pmlab/yueju2/change/install/pm_bringup' for CMake module files
[1.545s] DEBUG:colcon.colcon_core.event_handler.log_command:Invoked command in '/home/pmlab/yueju2/change/build/pm_bringup' returned '0': AMENT_PREFIX_PATH=/home/pmlab/yueju2/change/install/open_cv:${AMENT_PREFIX_PATH} CMAKE_PREFIX_PATH=${CMAKE_PREFIX_PATH}:/home/pmlab/pm_ros2_ws/install/pm_vision:/home/pmlab/pm_ros2_ws/install/pm_robot_control_test:/home/pmlab/pm_ros2_ws/install/pm_move:/opt/ros/humble PYTHONPATH=/home/pmlab/yueju2/change/build/open_cv:/home/pmlab/yueju2/change/install/open_cv/lib/python3.10/site-packages:${PYTHONPATH} /usr/bin/cmake --install /home/pmlab/yueju2/change/build/pm_bringup
[1.545s] Level 1:colcon.colcon_core.environment:checking '/home/pmlab/yueju2/change/install/pm_bringup' for CMake config files
[1.546s] Level 1:colcon.colcon_core.shell:create_environment_hook('pm_bringup', 'cmake_prefix_path')
[1.547s] INFO:colcon.colcon_core.shell:Creating environment hook '/home/pmlab/yueju2/change/install/pm_bringup/share/pm_bringup/hook/cmake_prefix_path.ps1'
[1.547s] INFO:colcon.colcon_core.shell:Creating environment descriptor '/home/pmlab/yueju2/change/install/pm_bringup/share/pm_bringup/hook/cmake_prefix_path.dsv'
[1.547s] INFO:colcon.colcon_core.shell:Creating environment hook '/home/pmlab/yueju2/change/install/pm_bringup/share/pm_bringup/hook/cmake_prefix_path.sh'
[1.548s] Level 1:colcon.colcon_core.environment:checking '/home/pmlab/yueju2/change/install/pm_bringup/bin'
[1.548s] Level 1:colcon.colcon_core.environment:checking '/home/pmlab/yueju2/change/install/pm_bringup/lib/pkgconfig/pm_bringup.pc'
[1.548s] Level 1:colcon.colcon_core.environment:checking '/home/pmlab/yueju2/change/install/pm_bringup/lib/python3.10/site-packages'
[1.548s] Level 1:colcon.colcon_core.environment:checking '/home/pmlab/yueju2/change/install/pm_bringup/bin'
[1.549s] INFO:colcon.colcon_core.shell:Creating package script '/home/pmlab/yueju2/change/install/pm_bringup/share/pm_bringup/package.ps1'
[1.549s] INFO:colcon.colcon_core.shell:Creating package descriptor '/home/pmlab/yueju2/change/install/pm_bringup/share/pm_bringup/package.dsv'
[1.550s] INFO:colcon.colcon_core.shell:Creating package script '/home/pmlab/yueju2/change/install/pm_bringup/share/pm_bringup/package.sh'
[1.550s] INFO:colcon.colcon_core.shell:Creating package script '/home/pmlab/yueju2/change/install/pm_bringup/share/pm_bringup/package.bash'
[1.550s] INFO:colcon.colcon_core.shell:Creating package script '/home/pmlab/yueju2/change/install/pm_bringup/share/pm_bringup/package.zsh'
[1.551s] Level 1:colcon.colcon_core.environment:create_file_with_runtime_dependencies(/home/pmlab/yueju2/change/install/pm_bringup/share/colcon-core/packages/pm_bringup)
[1.565s] Level 1:colcon.colcon_core.environment:create_environment_scripts_only(pm_bringup)
[1.566s] Level 1:colcon.colcon_core.environment:checking '/home/pmlab/yueju2/change/install/pm_bringup' for CMake module files
[1.567s] Level 1:colcon.colcon_core.environment:checking '/home/pmlab/yueju2/change/install/pm_bringup' for CMake config files
[1.567s] Level 1:colcon.colcon_core.shell:create_environment_hook('pm_bringup', 'cmake_prefix_path')
[1.568s] INFO:colcon.colcon_core.shell:Creating environment hook '/home/pmlab/yueju2/change/install/pm_bringup/share/pm_bringup/hook/cmake_prefix_path.ps1'
[1.568s] INFO:colcon.colcon_core.shell:Creating environment descriptor '/home/pmlab/yueju2/change/install/pm_bringup/share/pm_bringup/hook/cmake_prefix_path.dsv'
[1.569s] INFO:colcon.colcon_core.shell:Creating environment hook '/home/pmlab/yueju2/change/install/pm_bringup/share/pm_bringup/hook/cmake_prefix_path.sh'
[1.569s] Level 1:colcon.colcon_core.environment:checking '/home/pmlab/yueju2/change/install/pm_bringup/bin'
[1.569s] Level 1:colcon.colcon_core.environment:checking '/home/pmlab/yueju2/change/install/pm_bringup/lib/pkgconfig/pm_bringup.pc'
[1.569s] Level 1:colcon.colcon_core.environment:checking '/home/pmlab/yueju2/change/install/pm_bringup/lib/python3.10/site-packages'
[1.570s] Level 1:colcon.colcon_core.environment:checking '/home/pmlab/yueju2/change/install/pm_bringup/bin'
[1.571s] INFO:colcon.colcon_core.shell:Creating package script '/home/pmlab/yueju2/change/install/pm_bringup/share/pm_bringup/package.ps1'
[1.571s] INFO:colcon.colcon_core.shell:Creating package descriptor '/home/pmlab/yueju2/change/install/pm_bringup/share/pm_bringup/package.dsv'
[1.571s] INFO:colcon.colcon_core.shell:Creating package script '/home/pmlab/yueju2/change/install/pm_bringup/share/pm_bringup/package.sh'
[1.572s] INFO:colcon.colcon_core.shell:Creating package script '/home/pmlab/yueju2/change/install/pm_bringup/share/pm_bringup/package.bash'
[1.572s] INFO:colcon.colcon_core.shell:Creating package script '/home/pmlab/yueju2/change/install/pm_bringup/share/pm_bringup/package.zsh'
[1.572s] Level 1:colcon.colcon_core.environment:create_file_with_runtime_dependencies(/home/pmlab/yueju2/change/install/pm_bringup/share/colcon-core/packages/pm_bringup)
[1.573s] DEBUG:colcon.colcon_parallel_executor.executor.parallel:closing loop
[1.573s] DEBUG:colcon.colcon_parallel_executor.executor.parallel:loop closed
[1.573s] DEBUG:colcon.colcon_parallel_executor.executor.parallel:run_until_complete finished with '0'
[1.573s] DEBUG:colcon.colcon_core.event_reactor:joining thread
[1.576s] INFO:colcon.colcon_core.plugin_system:Skipping extension 'colcon_notification.desktop_notification.terminal_notifier': Not used on non-Darwin systems
[1.576s] INFO:colcon.colcon_core.plugin_system:Skipping extension 'colcon_notification.desktop_notification.win32': Not used on non-Windows systems
[1.577s] INFO:colcon.colcon_notification.desktop_notification:Sending desktop notification using 'notify2'
[1.583s] DEBUG:colcon.colcon_core.event_reactor:joined thread
[1.585s] INFO:colcon.colcon_core.shell:Creating prefix script '/home/pmlab/yueju2/change/install/local_setup.ps1'
[1.585s] INFO:colcon.colcon_core.shell:Creating prefix util module '/home/pmlab/yueju2/change/install/_local_setup_util_ps1.py'
[1.586s] INFO:colcon.colcon_core.shell:Creating prefix chain script '/home/pmlab/yueju2/change/install/setup.ps1'
[1.588s] INFO:colcon.colcon_core.shell:Creating prefix script '/home/pmlab/yueju2/change/install/local_setup.sh'
[1.588s] INFO:colcon.colcon_core.shell:Creating prefix util module '/home/pmlab/yueju2/change/install/_local_setup_util_sh.py'
[1.588s] INFO:colcon.colcon_core.shell:Creating prefix chain script '/home/pmlab/yueju2/change/install/setup.sh'
[1.591s] INFO:colcon.colcon_core.shell:Creating prefix script '/home/pmlab/yueju2/change/install/local_setup.bash'
[1.591s] INFO:colcon.colcon_core.shell:Creating prefix chain script '/home/pmlab/yueju2/change/install/setup.bash'
[1.593s] INFO:colcon.colcon_core.shell:Creating prefix script '/home/pmlab/yueju2/change/install/local_setup.zsh'
[1.593s] INFO:colcon.colcon_core.shell:Creating prefix chain script '/home/pmlab/yueju2/change/install/setup.zsh'
