[0.007s] Invoking command in '/home/pmlab/yueju2/build/pm_bringup': AMENT_PREFIX_PATH=/home/pmlab/yueju2/install/open_cv:${AMENT_PREFIX_PATH} CMAKE_PREFIX_PATH=${CMAKE_PREFIX_PATH}:/home/pmlab/pm_ros2_ws/install/pm_robot_control_test:/opt/ros/humble PYTHONPATH=/home/pmlab/yueju2/install/open_cv/lib/python3.10/site-packages:${PYTHONPATH} /usr/bin/cmake /home/pmlab/yueju2/pm_bringup -DCMAKE_INSTALL_PREFIX=/home/pmlab/yueju2/install/pm_bringup
[0.081s] -- The C compiler identification is GNU 11.3.0
[0.143s] -- The CXX compiler identification is GNU 11.3.0
[0.150s] -- Detecting C compiler ABI info
[0.198s] -- Detecting C compiler ABI info - done
[0.202s] -- Check for working C compiler: /usr/bin/cc - skipped
[0.203s] -- Detecting C compile features
[0.203s] -- Detecting C compile features - done
[0.205s] -- Detecting CXX compiler ABI info
[0.255s] -- Detecting CXX compiler ABI info - done
[0.261s] -- Check for working CXX compiler: /usr/bin/c++ - skipped
[0.261s] -- Detecting CXX compile features
[0.261s] -- Detecting CXX compile features - done
[0.265s] -- Found ament_cmake: 1.3.4 (/opt/ros/humble/share/ament_cmake/cmake)
[0.376s] -- Found Python3: /usr/bin/python3.10 (found version "3.10.6") found components: Interpreter 
[0.495s] -- Configuring done
[0.496s] -- Generating done
[0.497s] -- Build files have been written to: /home/pmlab/yueju2/build/pm_bringup
[0.499s] Invoked command in '/home/pmlab/yueju2/build/pm_bringup' returned '0': AMENT_PREFIX_PATH=/home/pmlab/yueju2/install/open_cv:${AMENT_PREFIX_PATH} CMAKE_PREFIX_PATH=${CMAKE_PREFIX_PATH}:/home/pmlab/pm_ros2_ws/install/pm_robot_control_test:/opt/ros/humble PYTHONPATH=/home/pmlab/yueju2/install/open_cv/lib/python3.10/site-packages:${PYTHONPATH} /usr/bin/cmake /home/pmlab/yueju2/pm_bringup -DCMAKE_INSTALL_PREFIX=/home/pmlab/yueju2/install/pm_bringup
[0.501s] Invoking command in '/home/pmlab/yueju2/build/pm_bringup': AMENT_PREFIX_PATH=/home/pmlab/yueju2/install/open_cv:${AMENT_PREFIX_PATH} CMAKE_PREFIX_PATH=${CMAKE_PREFIX_PATH}:/home/pmlab/pm_ros2_ws/install/pm_robot_control_test:/opt/ros/humble PYTHONPATH=/home/pmlab/yueju2/install/open_cv/lib/python3.10/site-packages:${PYTHONPATH} /usr/bin/cmake --build /home/pmlab/yueju2/build/pm_bringup -- -j16 -l16
[0.521s] Invoked command in '/home/pmlab/yueju2/build/pm_bringup' returned '0': AMENT_PREFIX_PATH=/home/pmlab/yueju2/install/open_cv:${AMENT_PREFIX_PATH} CMAKE_PREFIX_PATH=${CMAKE_PREFIX_PATH}:/home/pmlab/pm_ros2_ws/install/pm_robot_control_test:/opt/ros/humble PYTHONPATH=/home/pmlab/yueju2/install/open_cv/lib/python3.10/site-packages:${PYTHONPATH} /usr/bin/cmake --build /home/pmlab/yueju2/build/pm_bringup -- -j16 -l16
[0.542s] Invoking command in '/home/pmlab/yueju2/build/pm_bringup': AMENT_PREFIX_PATH=/home/pmlab/yueju2/install/open_cv:${AMENT_PREFIX_PATH} CMAKE_PREFIX_PATH=${CMAKE_PREFIX_PATH}:/home/pmlab/pm_ros2_ws/install/pm_robot_control_test:/opt/ros/humble PYTHONPATH=/home/pmlab/yueju2/install/open_cv/lib/python3.10/site-packages:${PYTHONPATH} /usr/bin/cmake --install /home/pmlab/yueju2/build/pm_bringup
[0.547s] -- Install configuration: ""
[0.547s] -- Up-to-date: /home/pmlab/yueju2/install/pm_bringup/share/pm_bringup/launch
[0.547s] -- Up-to-date: /home/pmlab/yueju2/install/pm_bringup/share/pm_bringup/launch/auto_calibrating.launch.py
[0.547s] -- Installing: /home/pmlab/yueju2/install/pm_bringup/share/ament_index/resource_index/package_run_dependencies/pm_bringup
[0.547s] -- Installing: /home/pmlab/yueju2/install/pm_bringup/share/ament_index/resource_index/parent_prefix_path/pm_bringup
[0.547s] -- Installing: /home/pmlab/yueju2/install/pm_bringup/share/pm_bringup/environment/ament_prefix_path.sh
[0.547s] -- Installing: /home/pmlab/yueju2/install/pm_bringup/share/pm_bringup/environment/ament_prefix_path.dsv
[0.547s] -- Installing: /home/pmlab/yueju2/install/pm_bringup/share/pm_bringup/environment/path.sh
[0.548s] -- Installing: /home/pmlab/yueju2/install/pm_bringup/share/pm_bringup/environment/path.dsv
[0.548s] -- Installing: /home/pmlab/yueju2/install/pm_bringup/share/pm_bringup/local_setup.bash
[0.548s] -- Installing: /home/pmlab/yueju2/install/pm_bringup/share/pm_bringup/local_setup.sh
[0.548s] -- Installing: /home/pmlab/yueju2/install/pm_bringup/share/pm_bringup/local_setup.zsh
[0.548s] -- Installing: /home/pmlab/yueju2/install/pm_bringup/share/pm_bringup/local_setup.dsv
[0.548s] -- Installing: /home/pmlab/yueju2/install/pm_bringup/share/pm_bringup/package.dsv
[0.548s] -- Installing: /home/pmlab/yueju2/install/pm_bringup/share/ament_index/resource_index/packages/pm_bringup
[0.548s] -- Installing: /home/pmlab/yueju2/install/pm_bringup/share/pm_bringup/cmake/pm_bringupConfig.cmake
[0.548s] -- Installing: /home/pmlab/yueju2/install/pm_bringup/share/pm_bringup/cmake/pm_bringupConfig-version.cmake
[0.548s] -- Up-to-date: /home/pmlab/yueju2/install/pm_bringup/share/pm_bringup/package.xml
[0.551s] Invoked command in '/home/pmlab/yueju2/build/pm_bringup' returned '0': AMENT_PREFIX_PATH=/home/pmlab/yueju2/install/open_cv:${AMENT_PREFIX_PATH} CMAKE_PREFIX_PATH=${CMAKE_PREFIX_PATH}:/home/pmlab/pm_ros2_ws/install/pm_robot_control_test:/opt/ros/humble PYTHONPATH=/home/pmlab/yueju2/install/open_cv/lib/python3.10/site-packages:${PYTHONPATH} /usr/bin/cmake --install /home/pmlab/yueju2/build/pm_bringup
