[0.355s] DEBUG:colcon:Command line arguments: ['/usr/bin/colcon', 'build']
[0.356s] DEBUG:colcon:Parsed command line arguments: Namespace(log_base=None, log_level=None, verb_name='build', build_base='build', install_base='install', merge_install=False, symlink_install=False, test_result_base=None, continue_on_error=False, executor='parallel', parallel_workers=8, event_handlers=None, ignore_user_meta=False, metas=['./colcon.meta'], base_paths=['.'], packages_ignore=None, packages_ignore_regex=None, paths=None, packages_up_to=None, packages_up_to_regex=None, packages_above=None, packages_above_and_dependencies=None, packages_above_depth=None, packages_select_by_dep=None, packages_skip_by_dep=None, packages_skip_up_to=None, packages_select_build_failed=False, packages_skip_build_finished=False, packages_select_test_failures=False, packages_skip_test_passed=False, packages_select=None, packages_skip=None, packages_select_regex=None, packages_skip_regex=None, packages_start=None, packages_end=None, allow_overriding=[], cmake_args=None, cmake_target=None, cmake_target_skip_unavailable=False, cmake_clean_cache=False, cmake_clean_first=False, cmake_force_configure=False, ament_cmake_args=None, catkin_cmake_args=None, catkin_skip_building_tests=False, verb_parser=<colcon_defaults.argument_parser.defaults.DefaultArgumentsDecorator object at 0x7fa9bd3effd0>, verb_extension=<colcon_core.verb.build.BuildVerb object at 0x7fa9bd155780>, main=<bound method BuildVerb.main of <colcon_core.verb.build.BuildVerb object at 0x7fa9bd155780>>)
[0.379s] Level 1:colcon.colcon_core.package_discovery:discover_packages(colcon_meta) check parameters
[0.379s] Level 1:colcon.colcon_core.package_discovery:discover_packages(recursive) check parameters
[0.379s] Level 1:colcon.colcon_core.package_discovery:discover_packages(ignore) check parameters
[0.379s] Level 1:colcon.colcon_core.package_discovery:discover_packages(path) check parameters
[0.379s] Level 1:colcon.colcon_core.package_discovery:discover_packages(colcon_meta) discover
[0.379s] Level 1:colcon.colcon_core.package_discovery:discover_packages(recursive) discover
[0.379s] INFO:colcon.colcon_core.package_discovery:Crawling recursively for packages in '/home/yueju/led'
[0.379s] Level 1:colcon.colcon_core.package_identification:_identify(.) by extensions ['ignore', 'ignore_ament_install']
[0.380s] Level 1:colcon.colcon_core.package_identification:_identify(.) by extension 'ignore'
[0.380s] Level 1:colcon.colcon_core.package_identification:_identify(.) by extension 'ignore_ament_install'
[0.380s] Level 1:colcon.colcon_core.package_identification:_identify(.) by extensions ['colcon_pkg']
[0.380s] Level 1:colcon.colcon_core.package_identification:_identify(.) by extension 'colcon_pkg'
[0.380s] Level 1:colcon.colcon_core.package_identification:_identify(.) by extensions ['colcon_meta']
[0.380s] Level 1:colcon.colcon_core.package_identification:_identify(.) by extension 'colcon_meta'
[0.380s] Level 1:colcon.colcon_core.package_identification:_identify(.) by extensions ['ros']
[0.380s] Level 1:colcon.colcon_core.package_identification:_identify(.) by extension 'ros'
[0.391s] Level 1:colcon.colcon_core.package_identification:_identify(.) by extensions ['cmake', 'python']
[0.391s] Level 1:colcon.colcon_core.package_identification:_identify(.) by extension 'cmake'
[0.391s] Level 1:colcon.colcon_core.package_identification:_identify(.) by extension 'python'
[0.391s] Level 1:colcon.colcon_core.package_identification:_identify(.) by extensions ['python_setup_py']
[0.391s] Level 1:colcon.colcon_core.package_identification:_identify(.) by extension 'python_setup_py'
[0.391s] Level 1:colcon.colcon_core.package_identification:_identify(build) by extensions ['ignore', 'ignore_ament_install']
[0.391s] Level 1:colcon.colcon_core.package_identification:_identify(build) by extension 'ignore'
[0.391s] Level 1:colcon.colcon_core.package_identification:_identify(build) ignored
[0.391s] Level 1:colcon.colcon_core.package_identification:_identify(install) by extensions ['ignore', 'ignore_ament_install']
[0.391s] Level 1:colcon.colcon_core.package_identification:_identify(install) by extension 'ignore'
[0.391s] Level 1:colcon.colcon_core.package_identification:_identify(install) ignored
[0.391s] Level 1:colcon.colcon_core.package_identification:_identify(log) by extensions ['ignore', 'ignore_ament_install']
[0.392s] Level 1:colcon.colcon_core.package_identification:_identify(log) by extension 'ignore'
[0.392s] Level 1:colcon.colcon_core.package_identification:_identify(log) ignored
[0.392s] Level 1:colcon.colcon_core.package_identification:_identify(match_pm_robot) by extensions ['ignore', 'ignore_ament_install']
[0.392s] Level 1:colcon.colcon_core.package_identification:_identify(match_pm_robot) by extension 'ignore'
[0.392s] Level 1:colcon.colcon_core.package_identification:_identify(match_pm_robot) by extension 'ignore_ament_install'
[0.392s] Level 1:colcon.colcon_core.package_identification:_identify(match_pm_robot) by extensions ['colcon_pkg']
[0.392s] Level 1:colcon.colcon_core.package_identification:_identify(match_pm_robot) by extension 'colcon_pkg'
[0.392s] Level 1:colcon.colcon_core.package_identification:_identify(match_pm_robot) by extensions ['colcon_meta']
[0.392s] Level 1:colcon.colcon_core.package_identification:_identify(match_pm_robot) by extension 'colcon_meta'
[0.392s] Level 1:colcon.colcon_core.package_identification:_identify(match_pm_robot) by extensions ['ros']
[0.392s] Level 1:colcon.colcon_core.package_identification:_identify(match_pm_robot) by extension 'ros'
[0.392s] Level 1:colcon.colcon_core.package_identification:_identify(match_pm_robot) by extensions ['cmake', 'python']
[0.392s] Level 1:colcon.colcon_core.package_identification:_identify(match_pm_robot) by extension 'cmake'
[0.392s] Level 1:colcon.colcon_core.package_identification:_identify(match_pm_robot) by extension 'python'
[0.392s] Level 1:colcon.colcon_core.package_identification:_identify(match_pm_robot) by extensions ['python_setup_py']
[0.392s] Level 1:colcon.colcon_core.package_identification:_identify(match_pm_robot) by extension 'python_setup_py'
[0.392s] Level 1:colcon.colcon_core.package_identification:_identify(match_pm_robot/build) by extensions ['ignore', 'ignore_ament_install']
[0.392s] Level 1:colcon.colcon_core.package_identification:_identify(match_pm_robot/build) by extension 'ignore'
[0.392s] Level 1:colcon.colcon_core.package_identification:_identify(match_pm_robot/build) ignored
[0.393s] Level 1:colcon.colcon_core.package_identification:_identify(match_pm_robot/install) by extensions ['ignore', 'ignore_ament_install']
[0.393s] Level 1:colcon.colcon_core.package_identification:_identify(match_pm_robot/install) by extension 'ignore'
[0.393s] Level 1:colcon.colcon_core.package_identification:_identify(match_pm_robot/install) ignored
[0.393s] Level 1:colcon.colcon_core.package_identification:_identify(match_pm_robot/log) by extensions ['ignore', 'ignore_ament_install']
[0.393s] Level 1:colcon.colcon_core.package_identification:_identify(match_pm_robot/log) by extension 'ignore'
[0.393s] Level 1:colcon.colcon_core.package_identification:_identify(match_pm_robot/log) ignored
[0.393s] Level 1:colcon.colcon_core.package_identification:_identify(match_pm_robot/pm_robot_description) by extensions ['ignore', 'ignore_ament_install']
[0.393s] Level 1:colcon.colcon_core.package_identification:_identify(match_pm_robot/pm_robot_description) by extension 'ignore'
[0.393s] Level 1:colcon.colcon_core.package_identification:_identify(match_pm_robot/pm_robot_description) by extension 'ignore_ament_install'
[0.393s] Level 1:colcon.colcon_core.package_identification:_identify(match_pm_robot/pm_robot_description) by extensions ['colcon_pkg']
[0.393s] Level 1:colcon.colcon_core.package_identification:_identify(match_pm_robot/pm_robot_description) by extension 'colcon_pkg'
[0.393s] Level 1:colcon.colcon_core.package_identification:_identify(match_pm_robot/pm_robot_description) by extensions ['colcon_meta']
[0.393s] Level 1:colcon.colcon_core.package_identification:_identify(match_pm_robot/pm_robot_description) by extension 'colcon_meta'
[0.393s] Level 1:colcon.colcon_core.package_identification:_identify(match_pm_robot/pm_robot_description) by extensions ['ros']
[0.393s] Level 1:colcon.colcon_core.package_identification:_identify(match_pm_robot/pm_robot_description) by extension 'ros'
[0.395s] DEBUG:colcon.colcon_core.package_identification:Package 'match_pm_robot/pm_robot_description' with type 'ros.ament_cmake' and name 'pm_robot_description'
[0.395s] Level 1:colcon.colcon_core.package_identification:_identify(match_pm_robot/pm_robot_submodules) by extensions ['ignore', 'ignore_ament_install']
[0.396s] Level 1:colcon.colcon_core.package_identification:_identify(match_pm_robot/pm_robot_submodules) by extension 'ignore'
[0.396s] Level 1:colcon.colcon_core.package_identification:_identify(match_pm_robot/pm_robot_submodules) by extension 'ignore_ament_install'
[0.396s] Level 1:colcon.colcon_core.package_identification:_identify(match_pm_robot/pm_robot_submodules) by extensions ['colcon_pkg']
[0.396s] Level 1:colcon.colcon_core.package_identification:_identify(match_pm_robot/pm_robot_submodules) by extension 'colcon_pkg'
[0.396s] Level 1:colcon.colcon_core.package_identification:_identify(match_pm_robot/pm_robot_submodules) by extensions ['colcon_meta']
[0.396s] Level 1:colcon.colcon_core.package_identification:_identify(match_pm_robot/pm_robot_submodules) by extension 'colcon_meta'
[0.396s] Level 1:colcon.colcon_core.package_identification:_identify(match_pm_robot/pm_robot_submodules) by extensions ['ros']
[0.396s] Level 1:colcon.colcon_core.package_identification:_identify(match_pm_robot/pm_robot_submodules) by extension 'ros'
[0.396s] Level 1:colcon.colcon_core.package_identification:_identify(match_pm_robot/pm_robot_submodules) by extensions ['cmake', 'python']
[0.396s] Level 1:colcon.colcon_core.package_identification:_identify(match_pm_robot/pm_robot_submodules) by extension 'cmake'
[0.396s] Level 1:colcon.colcon_core.package_identification:_identify(match_pm_robot/pm_robot_submodules) by extension 'python'
[0.396s] Level 1:colcon.colcon_core.package_identification:_identify(match_pm_robot/pm_robot_submodules) by extensions ['python_setup_py']
[0.396s] Level 1:colcon.colcon_core.package_identification:_identify(match_pm_robot/pm_robot_submodules) by extension 'python_setup_py'
[0.396s] Level 1:colcon.colcon_core.package_identification:_identify(match_pm_robot/pm_robot_submodules/image_common) by extensions ['ignore', 'ignore_ament_install']
[0.396s] Level 1:colcon.colcon_core.package_identification:_identify(match_pm_robot/pm_robot_submodules/image_common) by extension 'ignore'
[0.396s] Level 1:colcon.colcon_core.package_identification:_identify(match_pm_robot/pm_robot_submodules/image_common) by extension 'ignore_ament_install'
[0.396s] Level 1:colcon.colcon_core.package_identification:_identify(match_pm_robot/pm_robot_submodules/image_common) by extensions ['colcon_pkg']
[0.396s] Level 1:colcon.colcon_core.package_identification:_identify(match_pm_robot/pm_robot_submodules/image_common) by extension 'colcon_pkg'
[0.396s] Level 1:colcon.colcon_core.package_identification:_identify(match_pm_robot/pm_robot_submodules/image_common) by extensions ['colcon_meta']
[0.396s] Level 1:colcon.colcon_core.package_identification:_identify(match_pm_robot/pm_robot_submodules/image_common) by extension 'colcon_meta'
[0.396s] Level 1:colcon.colcon_core.package_identification:_identify(match_pm_robot/pm_robot_submodules/image_common) by extensions ['ros']
[0.397s] Level 1:colcon.colcon_core.package_identification:_identify(match_pm_robot/pm_robot_submodules/image_common) by extension 'ros'
[0.397s] Level 1:colcon.colcon_core.package_identification:_identify(match_pm_robot/pm_robot_submodules/image_common) by extensions ['cmake', 'python']
[0.397s] Level 1:colcon.colcon_core.package_identification:_identify(match_pm_robot/pm_robot_submodules/image_common) by extension 'cmake'
[0.397s] Level 1:colcon.colcon_core.package_identification:_identify(match_pm_robot/pm_robot_submodules/image_common) by extension 'python'
[0.397s] Level 1:colcon.colcon_core.package_identification:_identify(match_pm_robot/pm_robot_submodules/image_common) by extensions ['python_setup_py']
[0.397s] Level 1:colcon.colcon_core.package_identification:_identify(match_pm_robot/pm_robot_submodules/image_common) by extension 'python_setup_py'
[0.397s] Level 1:colcon.colcon_core.package_identification:_identify(match_pm_robot/pm_robot_submodules/pylon-ros-camera) by extensions ['ignore', 'ignore_ament_install']
[0.397s] Level 1:colcon.colcon_core.package_identification:_identify(match_pm_robot/pm_robot_submodules/pylon-ros-camera) by extension 'ignore'
[0.397s] Level 1:colcon.colcon_core.package_identification:_identify(match_pm_robot/pm_robot_submodules/pylon-ros-camera) by extension 'ignore_ament_install'
[0.397s] Level 1:colcon.colcon_core.package_identification:_identify(match_pm_robot/pm_robot_submodules/pylon-ros-camera) by extensions ['colcon_pkg']
[0.397s] Level 1:colcon.colcon_core.package_identification:_identify(match_pm_robot/pm_robot_submodules/pylon-ros-camera) by extension 'colcon_pkg'
[0.397s] Level 1:colcon.colcon_core.package_identification:_identify(match_pm_robot/pm_robot_submodules/pylon-ros-camera) by extensions ['colcon_meta']
[0.397s] Level 1:colcon.colcon_core.package_identification:_identify(match_pm_robot/pm_robot_submodules/pylon-ros-camera) by extension 'colcon_meta'
[0.397s] Level 1:colcon.colcon_core.package_identification:_identify(match_pm_robot/pm_robot_submodules/pylon-ros-camera) by extensions ['ros']
[0.397s] Level 1:colcon.colcon_core.package_identification:_identify(match_pm_robot/pm_robot_submodules/pylon-ros-camera) by extension 'ros'
[0.397s] Level 1:colcon.colcon_core.package_identification:_identify(match_pm_robot/pm_robot_submodules/pylon-ros-camera) by extensions ['cmake', 'python']
[0.397s] Level 1:colcon.colcon_core.package_identification:_identify(match_pm_robot/pm_robot_submodules/pylon-ros-camera) by extension 'cmake'
[0.397s] Level 1:colcon.colcon_core.package_identification:_identify(match_pm_robot/pm_robot_submodules/pylon-ros-camera) by extension 'python'
[0.397s] Level 1:colcon.colcon_core.package_identification:_identify(match_pm_robot/pm_robot_submodules/pylon-ros-camera) by extensions ['python_setup_py']
[0.397s] Level 1:colcon.colcon_core.package_identification:_identify(match_pm_robot/pm_robot_submodules/pylon-ros-camera) by extension 'python_setup_py'
[0.398s] Level 1:colcon.colcon_core.package_identification:_identify(src) by extensions ['ignore', 'ignore_ament_install']
[0.398s] Level 1:colcon.colcon_core.package_identification:_identify(src) by extension 'ignore'
[0.398s] Level 1:colcon.colcon_core.package_identification:_identify(src) by extension 'ignore_ament_install'
[0.398s] Level 1:colcon.colcon_core.package_identification:_identify(src) by extensions ['colcon_pkg']
[0.398s] Level 1:colcon.colcon_core.package_identification:_identify(src) by extension 'colcon_pkg'
[0.398s] Level 1:colcon.colcon_core.package_identification:_identify(src) by extensions ['colcon_meta']
[0.398s] Level 1:colcon.colcon_core.package_identification:_identify(src) by extension 'colcon_meta'
[0.398s] Level 1:colcon.colcon_core.package_identification:_identify(src) by extensions ['ros']
[0.398s] Level 1:colcon.colcon_core.package_identification:_identify(src) by extension 'ros'
[0.398s] Level 1:colcon.colcon_core.package_identification:_identify(src) by extensions ['cmake', 'python']
[0.398s] Level 1:colcon.colcon_core.package_identification:_identify(src) by extension 'cmake'
[0.398s] Level 1:colcon.colcon_core.package_identification:_identify(src) by extension 'python'
[0.398s] Level 1:colcon.colcon_core.package_identification:_identify(src) by extensions ['python_setup_py']
[0.398s] Level 1:colcon.colcon_core.package_identification:_identify(src) by extension 'python_setup_py'
[0.398s] Level 1:colcon.colcon_core.package_identification:_identify(src/battery_node) by extensions ['ignore', 'ignore_ament_install']
[0.398s] Level 1:colcon.colcon_core.package_identification:_identify(src/battery_node) by extension 'ignore'
[0.398s] Level 1:colcon.colcon_core.package_identification:_identify(src/battery_node) by extension 'ignore_ament_install'
[0.398s] Level 1:colcon.colcon_core.package_identification:_identify(src/battery_node) by extensions ['colcon_pkg']
[0.398s] Level 1:colcon.colcon_core.package_identification:_identify(src/battery_node) by extension 'colcon_pkg'
[0.398s] Level 1:colcon.colcon_core.package_identification:_identify(src/battery_node) by extensions ['colcon_meta']
[0.398s] Level 1:colcon.colcon_core.package_identification:_identify(src/battery_node) by extension 'colcon_meta'
[0.399s] Level 1:colcon.colcon_core.package_identification:_identify(src/battery_node) by extensions ['ros']
[0.399s] Level 1:colcon.colcon_core.package_identification:_identify(src/battery_node) by extension 'ros'
[0.399s] DEBUG:colcon.colcon_core.package_identification:Package 'src/battery_node' with type 'ros.ament_python' and name 'battery_node'
[0.399s] Level 1:colcon.colcon_core.package_identification:_identify(src/interface) by extensions ['ignore', 'ignore_ament_install']
[0.399s] Level 1:colcon.colcon_core.package_identification:_identify(src/interface) by extension 'ignore'
[0.400s] Level 1:colcon.colcon_core.package_identification:_identify(src/interface) by extension 'ignore_ament_install'
[0.400s] Level 1:colcon.colcon_core.package_identification:_identify(src/interface) by extensions ['colcon_pkg']
[0.400s] Level 1:colcon.colcon_core.package_identification:_identify(src/interface) by extension 'colcon_pkg'
[0.400s] Level 1:colcon.colcon_core.package_identification:_identify(src/interface) by extensions ['colcon_meta']
[0.400s] Level 1:colcon.colcon_core.package_identification:_identify(src/interface) by extension 'colcon_meta'
[0.400s] Level 1:colcon.colcon_core.package_identification:_identify(src/interface) by extensions ['ros']
[0.400s] Level 1:colcon.colcon_core.package_identification:_identify(src/interface) by extension 'ros'
[0.400s] DEBUG:colcon.colcon_core.package_identification:Package 'src/interface' with type 'ros.ament_cmake' and name 'interface'
[0.400s] Level 1:colcon.colcon_core.package_discovery:discover_packages(recursive) using defaults
[0.400s] Level 1:colcon.colcon_core.package_discovery:discover_packages(ignore) discover
[0.400s] Level 1:colcon.colcon_core.package_discovery:discover_packages(ignore) using defaults
[0.400s] Level 1:colcon.colcon_core.package_discovery:discover_packages(path) discover
[0.400s] Level 1:colcon.colcon_core.package_discovery:discover_packages(path) using defaults
[0.425s] Level 1:colcon.colcon_core.package_discovery:discover_packages(prefix_path) check parameters
[0.425s] Level 1:colcon.colcon_core.package_discovery:discover_packages(prefix_path) discover
[0.428s] DEBUG:colcon.colcon_installed_package_information.package_discovery:Found 318 installed packages in /opt/ros/humble
[0.430s] Level 1:colcon.colcon_core.package_discovery:discover_packages(prefix_path) using defaults
[0.498s] Level 5:colcon.colcon_core.verb:set package 'battery_node' build argument 'cmake_args' from command line to 'None'
[0.498s] Level 5:colcon.colcon_core.verb:set package 'battery_node' build argument 'cmake_target' from command line to 'None'
[0.498s] Level 5:colcon.colcon_core.verb:set package 'battery_node' build argument 'cmake_target_skip_unavailable' from command line to 'False'
[0.498s] Level 5:colcon.colcon_core.verb:set package 'battery_node' build argument 'cmake_clean_cache' from command line to 'False'
[0.498s] Level 5:colcon.colcon_core.verb:set package 'battery_node' build argument 'cmake_clean_first' from command line to 'False'
[0.498s] Level 5:colcon.colcon_core.verb:set package 'battery_node' build argument 'cmake_force_configure' from command line to 'False'
[0.498s] Level 5:colcon.colcon_core.verb:set package 'battery_node' build argument 'ament_cmake_args' from command line to 'None'
[0.498s] Level 5:colcon.colcon_core.verb:set package 'battery_node' build argument 'catkin_cmake_args' from command line to 'None'
[0.498s] Level 5:colcon.colcon_core.verb:set package 'battery_node' build argument 'catkin_skip_building_tests' from command line to 'False'
[0.498s] DEBUG:colcon.colcon_core.verb:Building package 'battery_node' with the following arguments: {'ament_cmake_args': None, 'build_base': '/home/yueju/led/build/battery_node', 'catkin_cmake_args': None, 'catkin_skip_building_tests': False, 'cmake_args': None, 'cmake_clean_cache': False, 'cmake_clean_first': False, 'cmake_force_configure': False, 'cmake_target': None, 'cmake_target_skip_unavailable': False, 'install_base': '/home/yueju/led/install/battery_node', 'merge_install': False, 'path': '/home/yueju/led/src/battery_node', 'symlink_install': False, 'test_result_base': None}
[0.499s] Level 5:colcon.colcon_core.verb:set package 'interface' build argument 'cmake_args' from command line to 'None'
[0.499s] Level 5:colcon.colcon_core.verb:set package 'interface' build argument 'cmake_target' from command line to 'None'
[0.499s] Level 5:colcon.colcon_core.verb:set package 'interface' build argument 'cmake_target_skip_unavailable' from command line to 'False'
[0.499s] Level 5:colcon.colcon_core.verb:set package 'interface' build argument 'cmake_clean_cache' from command line to 'False'
[0.499s] Level 5:colcon.colcon_core.verb:set package 'interface' build argument 'cmake_clean_first' from command line to 'False'
[0.499s] Level 5:colcon.colcon_core.verb:set package 'interface' build argument 'cmake_force_configure' from command line to 'False'
[0.499s] Level 5:colcon.colcon_core.verb:set package 'interface' build argument 'ament_cmake_args' from command line to 'None'
[0.499s] Level 5:colcon.colcon_core.verb:set package 'interface' build argument 'catkin_cmake_args' from command line to 'None'
[0.499s] Level 5:colcon.colcon_core.verb:set package 'interface' build argument 'catkin_skip_building_tests' from command line to 'False'
[0.499s] DEBUG:colcon.colcon_core.verb:Building package 'interface' with the following arguments: {'ament_cmake_args': None, 'build_base': '/home/yueju/led/build/interface', 'catkin_cmake_args': None, 'catkin_skip_building_tests': False, 'cmake_args': None, 'cmake_clean_cache': False, 'cmake_clean_first': False, 'cmake_force_configure': False, 'cmake_target': None, 'cmake_target_skip_unavailable': False, 'install_base': '/home/yueju/led/install/interface', 'merge_install': False, 'path': '/home/yueju/led/src/interface', 'symlink_install': False, 'test_result_base': None}
[0.500s] Level 5:colcon.colcon_core.verb:set package 'pm_robot_description' build argument 'cmake_args' from command line to 'None'
[0.500s] Level 5:colcon.colcon_core.verb:set package 'pm_robot_description' build argument 'cmake_target' from command line to 'None'
[0.500s] Level 5:colcon.colcon_core.verb:set package 'pm_robot_description' build argument 'cmake_target_skip_unavailable' from command line to 'False'
[0.500s] Level 5:colcon.colcon_core.verb:set package 'pm_robot_description' build argument 'cmake_clean_cache' from command line to 'False'
[0.500s] Level 5:colcon.colcon_core.verb:set package 'pm_robot_description' build argument 'cmake_clean_first' from command line to 'False'
[0.500s] Level 5:colcon.colcon_core.verb:set package 'pm_robot_description' build argument 'cmake_force_configure' from command line to 'False'
[0.500s] Level 5:colcon.colcon_core.verb:set package 'pm_robot_description' build argument 'ament_cmake_args' from command line to 'None'
[0.500s] Level 5:colcon.colcon_core.verb:set package 'pm_robot_description' build argument 'catkin_cmake_args' from command line to 'None'
[0.500s] Level 5:colcon.colcon_core.verb:set package 'pm_robot_description' build argument 'catkin_skip_building_tests' from command line to 'False'
[0.500s] DEBUG:colcon.colcon_core.verb:Building package 'pm_robot_description' with the following arguments: {'ament_cmake_args': None, 'build_base': '/home/yueju/led/build/pm_robot_description', 'catkin_cmake_args': None, 'catkin_skip_building_tests': False, 'cmake_args': None, 'cmake_clean_cache': False, 'cmake_clean_first': False, 'cmake_force_configure': False, 'cmake_target': None, 'cmake_target_skip_unavailable': False, 'install_base': '/home/yueju/led/install/pm_robot_description', 'merge_install': False, 'path': '/home/yueju/led/match_pm_robot/pm_robot_description', 'symlink_install': False, 'test_result_base': None}
[0.501s] INFO:colcon.colcon_core.executor:Executing jobs using 'parallel' executor
[0.505s] DEBUG:colcon.colcon_parallel_executor.executor.parallel:run_until_complete
[0.505s] INFO:colcon.colcon_ros.task.ament_python.build:Building ROS package in '/home/yueju/led/src/battery_node' with build type 'ament_python'
[0.505s] Level 1:colcon.colcon_core.shell:create_environment_hook('battery_node', 'ament_prefix_path')
[0.509s] INFO:colcon.colcon_core.plugin_system:Skipping extension 'colcon_core.shell.bat': Not used on non-Windows systems
[0.510s] INFO:colcon.colcon_core.shell:Creating environment hook '/home/yueju/led/install/battery_node/share/battery_node/hook/ament_prefix_path.ps1'
[0.510s] INFO:colcon.colcon_core.shell:Creating environment descriptor '/home/yueju/led/install/battery_node/share/battery_node/hook/ament_prefix_path.dsv'
[0.510s] INFO:colcon.colcon_core.shell:Creating environment hook '/home/yueju/led/install/battery_node/share/battery_node/hook/ament_prefix_path.sh'
[0.512s] INFO:colcon.colcon_core.shell:Skip shell extension 'powershell' for command environment: Not usable outside of PowerShell
[0.512s] DEBUG:colcon.colcon_core.shell:Skip shell extension 'dsv' for command environment
[0.516s] INFO:colcon.colcon_ros.task.ament_cmake.build:Building ROS package in '/home/yueju/led/src/interface' with build type 'ament_cmake'
[0.516s] INFO:colcon.colcon_cmake.task.cmake.build:Building CMake package in '/home/yueju/led/src/interface'
[0.518s] INFO:colcon.colcon_core.shell:Skip shell extension 'powershell' for command environment: Not usable outside of PowerShell
[0.518s] DEBUG:colcon.colcon_core.shell:Skip shell extension 'dsv' for command environment
[0.522s] INFO:colcon.colcon_ros.task.ament_cmake.build:Building ROS package in '/home/yueju/led/match_pm_robot/pm_robot_description' with build type 'ament_cmake'
[0.523s] INFO:colcon.colcon_cmake.task.cmake.build:Building CMake package in '/home/yueju/led/match_pm_robot/pm_robot_description'
[0.525s] INFO:colcon.colcon_core.shell:Skip shell extension 'powershell' for command environment: Not usable outside of PowerShell
[0.525s] DEBUG:colcon.colcon_core.shell:Skip shell extension 'dsv' for command environment
[0.806s] INFO:colcon.colcon_core.task.python.build:Building Python package in '/home/yueju/led/src/battery_node'
[0.807s] INFO:colcon.colcon_core.shell:Skip shell extension 'powershell' for command environment: Not usable outside of PowerShell
[0.807s] DEBUG:colcon.colcon_core.shell:Skip shell extension 'dsv' for command environment
[0.816s] DEBUG:colcon.colcon_core.event_handler.log_command:Invoking command in '/home/yueju/led/build/interface': CMAKE_PREFIX_PATH=/opt/ros/humble /usr/bin/cmake --build /home/yueju/led/build/interface -- -j8 -l8
[0.822s] DEBUG:colcon.colcon_core.event_handler.log_command:Invoking command in '/home/yueju/led/build/pm_robot_description': CMAKE_PREFIX_PATH=/opt/ros/humble /usr/bin/cmake --build /home/yueju/led/build/pm_robot_description -- -j8 -l8
[0.861s] DEBUG:colcon.colcon_core.event_handler.log_command:Invoked command in '/home/yueju/led/build/pm_robot_description' returned '0': CMAKE_PREFIX_PATH=/opt/ros/humble /usr/bin/cmake --build /home/yueju/led/build/pm_robot_description -- -j8 -l8
[0.909s] DEBUG:colcon.colcon_core.event_handler.log_command:Invoking command in '/home/yueju/led/build/pm_robot_description': CMAKE_PREFIX_PATH=/opt/ros/humble /usr/bin/cmake --install /home/yueju/led/build/pm_robot_description
[0.920s] Level 1:colcon.colcon_core.environment:create_environment_scripts_only(pm_robot_description)
[0.932s] Level 1:colcon.colcon_core.environment:checking '/home/yueju/led/install/pm_robot_description' for CMake module files
[0.933s] Level 1:colcon.colcon_core.environment:checking '/home/yueju/led/install/pm_robot_description' for CMake config files
[0.935s] DEBUG:colcon.colcon_core.event_handler.log_command:Invoked command in '/home/yueju/led/build/pm_robot_description' returned '0': CMAKE_PREFIX_PATH=/opt/ros/humble /usr/bin/cmake --install /home/yueju/led/build/pm_robot_description
[0.936s] Level 1:colcon.colcon_core.shell:create_environment_hook('pm_robot_description', 'cmake_prefix_path')
[0.938s] INFO:colcon.colcon_core.shell:Creating environment hook '/home/yueju/led/install/pm_robot_description/share/pm_robot_description/hook/cmake_prefix_path.ps1'
[0.939s] INFO:colcon.colcon_core.shell:Creating environment descriptor '/home/yueju/led/install/pm_robot_description/share/pm_robot_description/hook/cmake_prefix_path.dsv'
[0.939s] INFO:colcon.colcon_core.shell:Creating environment hook '/home/yueju/led/install/pm_robot_description/share/pm_robot_description/hook/cmake_prefix_path.sh'
[0.940s] Level 1:colcon.colcon_core.environment:checking '/home/yueju/led/install/pm_robot_description/bin'
[0.940s] Level 1:colcon.colcon_core.environment:checking '/home/yueju/led/install/pm_robot_description/lib/pkgconfig/pm_robot_description.pc'
[0.940s] Level 1:colcon.colcon_core.environment:checking '/home/yueju/led/install/pm_robot_description/lib/python3.10/site-packages'
[0.941s] Level 1:colcon.colcon_core.environment:checking '/home/yueju/led/install/pm_robot_description/bin'
[0.942s] INFO:colcon.colcon_core.shell:Creating package script '/home/yueju/led/install/pm_robot_description/share/pm_robot_description/package.ps1'
[0.943s] INFO:colcon.colcon_core.shell:Creating package descriptor '/home/yueju/led/install/pm_robot_description/share/pm_robot_description/package.dsv'
[0.943s] INFO:colcon.colcon_core.shell:Creating package script '/home/yueju/led/install/pm_robot_description/share/pm_robot_description/package.sh'
[0.944s] INFO:colcon.colcon_core.shell:Creating package script '/home/yueju/led/install/pm_robot_description/share/pm_robot_description/package.bash'
[0.946s] INFO:colcon.colcon_core.shell:Creating package script '/home/yueju/led/install/pm_robot_description/share/pm_robot_description/package.zsh'
[0.946s] Level 1:colcon.colcon_core.environment:create_file_with_runtime_dependencies(/home/yueju/led/install/pm_robot_description/share/colcon-core/packages/pm_robot_description)
[0.971s] Level 1:colcon.colcon_core.environment:create_environment_scripts_only(pm_robot_description)
[0.974s] Level 1:colcon.colcon_core.environment:checking '/home/yueju/led/install/pm_robot_description' for CMake module files
[0.975s] Level 1:colcon.colcon_core.environment:checking '/home/yueju/led/install/pm_robot_description' for CMake config files
[0.975s] Level 1:colcon.colcon_core.shell:create_environment_hook('pm_robot_description', 'cmake_prefix_path')
[0.978s] INFO:colcon.colcon_core.shell:Creating environment hook '/home/yueju/led/install/pm_robot_description/share/pm_robot_description/hook/cmake_prefix_path.ps1'
[0.979s] INFO:colcon.colcon_core.shell:Creating environment descriptor '/home/yueju/led/install/pm_robot_description/share/pm_robot_description/hook/cmake_prefix_path.dsv'
[0.979s] INFO:colcon.colcon_core.shell:Creating environment hook '/home/yueju/led/install/pm_robot_description/share/pm_robot_description/hook/cmake_prefix_path.sh'
[0.980s] Level 1:colcon.colcon_core.environment:checking '/home/yueju/led/install/pm_robot_description/bin'
[0.980s] Level 1:colcon.colcon_core.environment:checking '/home/yueju/led/install/pm_robot_description/lib/pkgconfig/pm_robot_description.pc'
[0.980s] Level 1:colcon.colcon_core.environment:checking '/home/yueju/led/install/pm_robot_description/lib/python3.10/site-packages'
[0.981s] Level 1:colcon.colcon_core.environment:checking '/home/yueju/led/install/pm_robot_description/bin'
[0.983s] INFO:colcon.colcon_core.shell:Creating package script '/home/yueju/led/install/pm_robot_description/share/pm_robot_description/package.ps1'
[0.984s] INFO:colcon.colcon_core.shell:Creating package descriptor '/home/yueju/led/install/pm_robot_description/share/pm_robot_description/package.dsv'
[0.985s] INFO:colcon.colcon_core.shell:Creating package script '/home/yueju/led/install/pm_robot_description/share/pm_robot_description/package.sh'
[0.986s] INFO:colcon.colcon_core.shell:Creating package script '/home/yueju/led/install/pm_robot_description/share/pm_robot_description/package.bash'
[0.986s] INFO:colcon.colcon_core.shell:Creating package script '/home/yueju/led/install/pm_robot_description/share/pm_robot_description/package.zsh'
[0.987s] Level 1:colcon.colcon_core.environment:create_file_with_runtime_dependencies(/home/yueju/led/install/pm_robot_description/share/colcon-core/packages/pm_robot_description)
[1.245s] DEBUG:colcon.colcon_core.event_handler.log_command:Invoked command in '/home/yueju/led/build/interface' returned '0': CMAKE_PREFIX_PATH=/opt/ros/humble /usr/bin/cmake --build /home/yueju/led/build/interface -- -j8 -l8
[1.252s] DEBUG:colcon.colcon_core.event_handler.log_command:Invoking command in '/home/yueju/led/src/battery_node': PYTHONPATH=/home/yueju/led/build/battery_node/prefix_override:/home/yueju/led/install/battery_node/lib/python3.10/site-packages:${PYTHONPATH} /usr/bin/python3 setup.py egg_info --egg-base ../../build/battery_node build --build-base /home/yueju/led/build/battery_node/build install --record /home/yueju/led/build/battery_node/install.log --single-version-externally-managed
[1.329s] DEBUG:colcon.colcon_core.event_handler.log_command:Invoking command in '/home/yueju/led/build/interface': CMAKE_PREFIX_PATH=/opt/ros/humble /usr/bin/cmake --install /home/yueju/led/build/interface
[1.390s] Level 1:colcon.colcon_core.environment:create_environment_scripts_only(interface)
[1.393s] Level 1:colcon.colcon_core.environment:checking '/home/yueju/led/install/interface' for CMake module files
[1.393s] DEBUG:colcon.colcon_core.event_handler.log_command:Invoked command in '/home/yueju/led/build/interface' returned '0': CMAKE_PREFIX_PATH=/opt/ros/humble /usr/bin/cmake --install /home/yueju/led/build/interface
[1.394s] Level 1:colcon.colcon_core.environment:checking '/home/yueju/led/install/interface' for CMake config files
[1.394s] Level 1:colcon.colcon_core.shell:create_environment_hook('interface', 'cmake_prefix_path')
[1.395s] INFO:colcon.colcon_core.shell:Creating environment hook '/home/yueju/led/install/interface/share/interface/hook/cmake_prefix_path.ps1'
[1.396s] INFO:colcon.colcon_core.shell:Creating environment descriptor '/home/yueju/led/install/interface/share/interface/hook/cmake_prefix_path.dsv'
[1.396s] INFO:colcon.colcon_core.shell:Creating environment hook '/home/yueju/led/install/interface/share/interface/hook/cmake_prefix_path.sh'
[1.396s] Level 1:colcon.colcon_core.environment:checking '/home/yueju/led/install/interface/lib'
[1.397s] Level 1:colcon.colcon_core.shell:create_environment_hook('interface', 'ld_library_path_lib')
[1.398s] INFO:colcon.colcon_core.shell:Creating environment hook '/home/yueju/led/install/interface/share/interface/hook/ld_library_path_lib.ps1'
[1.398s] INFO:colcon.colcon_core.shell:Creating environment descriptor '/home/yueju/led/install/interface/share/interface/hook/ld_library_path_lib.dsv'
[1.398s] INFO:colcon.colcon_core.shell:Creating environment hook '/home/yueju/led/install/interface/share/interface/hook/ld_library_path_lib.sh'
[1.398s] Level 1:colcon.colcon_core.environment:checking '/home/yueju/led/install/interface/bin'
[1.399s] Level 1:colcon.colcon_core.environment:checking '/home/yueju/led/install/interface/lib/pkgconfig/interface.pc'
[1.399s] Level 1:colcon.colcon_core.environment:checking '/home/yueju/led/install/interface/lib/python3.10/site-packages'
[1.399s] Level 1:colcon.colcon_core.environment:checking '/home/yueju/led/install/interface/bin'
[1.400s] INFO:colcon.colcon_core.shell:Creating package script '/home/yueju/led/install/interface/share/interface/package.ps1'
[1.401s] INFO:colcon.colcon_core.shell:Creating package descriptor '/home/yueju/led/install/interface/share/interface/package.dsv'
[1.401s] INFO:colcon.colcon_core.shell:Creating package script '/home/yueju/led/install/interface/share/interface/package.sh'
[1.402s] INFO:colcon.colcon_core.shell:Creating package script '/home/yueju/led/install/interface/share/interface/package.bash'
[1.402s] INFO:colcon.colcon_core.shell:Creating package script '/home/yueju/led/install/interface/share/interface/package.zsh'
[1.403s] Level 1:colcon.colcon_core.environment:create_file_with_runtime_dependencies(/home/yueju/led/install/interface/share/colcon-core/packages/interface)
[1.487s] Level 1:colcon.colcon_core.environment:create_environment_scripts_only(interface)
[1.489s] Level 1:colcon.colcon_core.environment:checking '/home/yueju/led/install/interface' for CMake module files
[1.490s] Level 1:colcon.colcon_core.environment:checking '/home/yueju/led/install/interface' for CMake config files
[1.490s] Level 1:colcon.colcon_core.shell:create_environment_hook('interface', 'cmake_prefix_path')
[1.491s] INFO:colcon.colcon_core.shell:Creating environment hook '/home/yueju/led/install/interface/share/interface/hook/cmake_prefix_path.ps1'
[1.492s] INFO:colcon.colcon_core.shell:Creating environment descriptor '/home/yueju/led/install/interface/share/interface/hook/cmake_prefix_path.dsv'
[1.492s] INFO:colcon.colcon_core.shell:Creating environment hook '/home/yueju/led/install/interface/share/interface/hook/cmake_prefix_path.sh'
[1.492s] Level 1:colcon.colcon_core.environment:checking '/home/yueju/led/install/interface/lib'
[1.492s] Level 1:colcon.colcon_core.shell:create_environment_hook('interface', 'ld_library_path_lib')
[1.494s] INFO:colcon.colcon_core.shell:Creating environment hook '/home/yueju/led/install/interface/share/interface/hook/ld_library_path_lib.ps1'
[1.494s] INFO:colcon.colcon_core.shell:Creating environment descriptor '/home/yueju/led/install/interface/share/interface/hook/ld_library_path_lib.dsv'
[1.494s] INFO:colcon.colcon_core.shell:Creating environment hook '/home/yueju/led/install/interface/share/interface/hook/ld_library_path_lib.sh'
[1.495s] Level 1:colcon.colcon_core.environment:checking '/home/yueju/led/install/interface/bin'
[1.495s] Level 1:colcon.colcon_core.environment:checking '/home/yueju/led/install/interface/lib/pkgconfig/interface.pc'
[1.495s] Level 1:colcon.colcon_core.environment:checking '/home/yueju/led/install/interface/lib/python3.10/site-packages'
[1.495s] Level 1:colcon.colcon_core.environment:checking '/home/yueju/led/install/interface/bin'
[1.496s] INFO:colcon.colcon_core.shell:Creating package script '/home/yueju/led/install/interface/share/interface/package.ps1'
[1.497s] INFO:colcon.colcon_core.shell:Creating package descriptor '/home/yueju/led/install/interface/share/interface/package.dsv'
[1.497s] INFO:colcon.colcon_core.shell:Creating package script '/home/yueju/led/install/interface/share/interface/package.sh'
[1.498s] INFO:colcon.colcon_core.shell:Creating package script '/home/yueju/led/install/interface/share/interface/package.bash'
[1.498s] INFO:colcon.colcon_core.shell:Creating package script '/home/yueju/led/install/interface/share/interface/package.zsh'
[1.498s] Level 1:colcon.colcon_core.environment:create_file_with_runtime_dependencies(/home/yueju/led/install/interface/share/colcon-core/packages/interface)
[1.612s] Level 1:colcon.colcon_core.environment:checking '/home/yueju/led/install/battery_node' for CMake module files
[1.613s] DEBUG:colcon.colcon_core.event_handler.log_command:Invoked command in '/home/yueju/led/src/battery_node' returned '0': PYTHONPATH=/home/yueju/led/build/battery_node/prefix_override:/home/yueju/led/install/battery_node/lib/python3.10/site-packages:${PYTHONPATH} /usr/bin/python3 setup.py egg_info --egg-base ../../build/battery_node build --build-base /home/yueju/led/build/battery_node/build install --record /home/yueju/led/build/battery_node/install.log --single-version-externally-managed
[1.613s] Level 1:colcon.colcon_core.environment:checking '/home/yueju/led/install/battery_node' for CMake config files
[1.613s] Level 1:colcon.colcon_core.environment:checking '/home/yueju/led/install/battery_node/lib'
[1.614s] Level 1:colcon.colcon_core.environment:checking '/home/yueju/led/install/battery_node/bin'
[1.614s] Level 1:colcon.colcon_core.environment:checking '/home/yueju/led/install/battery_node/lib/pkgconfig/battery_node.pc'
[1.614s] Level 1:colcon.colcon_core.environment:checking '/home/yueju/led/install/battery_node/lib/python3.10/site-packages'
[1.614s] Level 1:colcon.colcon_core.shell:create_environment_hook('battery_node', 'pythonpath')
[1.615s] INFO:colcon.colcon_core.shell:Creating environment hook '/home/yueju/led/install/battery_node/share/battery_node/hook/pythonpath.ps1'
[1.616s] INFO:colcon.colcon_core.shell:Creating environment descriptor '/home/yueju/led/install/battery_node/share/battery_node/hook/pythonpath.dsv'
[1.616s] INFO:colcon.colcon_core.shell:Creating environment hook '/home/yueju/led/install/battery_node/share/battery_node/hook/pythonpath.sh'
[1.616s] Level 1:colcon.colcon_core.environment:checking '/home/yueju/led/install/battery_node/bin'
[1.617s] Level 1:colcon.colcon_core.environment:create_environment_scripts_only(battery_node)
[1.618s] INFO:colcon.colcon_core.shell:Creating package script '/home/yueju/led/install/battery_node/share/battery_node/package.ps1'
[1.619s] INFO:colcon.colcon_core.shell:Creating package descriptor '/home/yueju/led/install/battery_node/share/battery_node/package.dsv'
[1.619s] INFO:colcon.colcon_core.shell:Creating package script '/home/yueju/led/install/battery_node/share/battery_node/package.sh'
[1.620s] INFO:colcon.colcon_core.shell:Creating package script '/home/yueju/led/install/battery_node/share/battery_node/package.bash'
[1.620s] INFO:colcon.colcon_core.shell:Creating package script '/home/yueju/led/install/battery_node/share/battery_node/package.zsh'
[1.621s] Level 1:colcon.colcon_core.environment:create_file_with_runtime_dependencies(/home/yueju/led/install/battery_node/share/colcon-core/packages/battery_node)
[1.621s] DEBUG:colcon.colcon_parallel_executor.executor.parallel:closing loop
[1.621s] DEBUG:colcon.colcon_parallel_executor.executor.parallel:loop closed
[1.622s] DEBUG:colcon.colcon_parallel_executor.executor.parallel:run_until_complete finished with '0'
[1.622s] DEBUG:colcon.colcon_core.event_reactor:joining thread
[1.627s] INFO:colcon.colcon_core.plugin_system:Skipping extension 'colcon_notification.desktop_notification.terminal_notifier': Not used on non-Darwin systems
[1.627s] INFO:colcon.colcon_core.plugin_system:Skipping extension 'colcon_notification.desktop_notification.win32': Not used on non-Windows systems
[1.627s] INFO:colcon.colcon_notification.desktop_notification:Sending desktop notification using 'notify2'
[1.640s] DEBUG:colcon.colcon_core.event_reactor:joined thread
[1.642s] INFO:colcon.colcon_core.shell:Creating prefix script '/home/yueju/led/install/local_setup.ps1'
[1.643s] INFO:colcon.colcon_core.shell:Creating prefix util module '/home/yueju/led/install/_local_setup_util_ps1.py'
[1.644s] INFO:colcon.colcon_core.shell:Creating prefix chain script '/home/yueju/led/install/setup.ps1'
[1.645s] INFO:colcon.colcon_core.shell:Creating prefix script '/home/yueju/led/install/local_setup.sh'
[1.645s] INFO:colcon.colcon_core.shell:Creating prefix util module '/home/yueju/led/install/_local_setup_util_sh.py'
[1.646s] INFO:colcon.colcon_core.shell:Creating prefix chain script '/home/yueju/led/install/setup.sh'
[1.647s] INFO:colcon.colcon_core.shell:Creating prefix script '/home/yueju/led/install/local_setup.bash'
[1.647s] INFO:colcon.colcon_core.shell:Creating prefix chain script '/home/yueju/led/install/setup.bash'
[1.649s] INFO:colcon.colcon_core.shell:Creating prefix script '/home/yueju/led/install/local_setup.zsh'
[1.649s] INFO:colcon.colcon_core.shell:Creating prefix chain script '/home/yueju/led/install/setup.zsh'
