/home/pmlab/yueju2/change/install/open_cv/lib/python3.10/site-packages/open_cv/op.py
/home/pmlab/yueju2/change/install/open_cv/lib/python3.10/site-packages/open_cv/m.py
/home/pmlab/yueju2/change/install/open_cv/lib/python3.10/site-packages/open_cv/4.py
/home/pmlab/yueju2/change/install/open_cv/lib/python3.10/site-packages/open_cv/__init__.py
/home/pmlab/yueju2/change/install/open_cv/lib/python3.10/site-packages/open_cv/image_detec.py
/home/pmlab/yueju2/change/install/open_cv/lib/python3.10/site-packages/open_cv/vergleich.py
/home/pmlab/yueju2/change/install/open_cv/lib/python3.10/site-packages/open_cv/s.py
/home/pmlab/yueju2/change/install/open_cv/lib/python3.10/site-packages/open_cv/image_processing.py
/home/pmlab/yueju2/change/install/open_cv/lib/python3.10/site-packages/open_cv/auto_centering.py
/home/pmlab/yueju2/change/install/open_cv/lib/python3.10/site-packages/open_cv/__pycache__/op.cpython-310.pyc
/home/pmlab/yueju2/change/install/open_cv/lib/python3.10/site-packages/open_cv/__pycache__/m.cpython-310.pyc
/home/pmlab/yueju2/change/install/open_cv/lib/python3.10/site-packages/open_cv/__pycache__/4.cpython-310.pyc
/home/pmlab/yueju2/change/install/open_cv/lib/python3.10/site-packages/open_cv/__pycache__/__init__.cpython-310.pyc
/home/pmlab/yueju2/change/install/open_cv/lib/python3.10/site-packages/open_cv/__pycache__/image_detec.cpython-310.pyc
/home/pmlab/yueju2/change/install/open_cv/lib/python3.10/site-packages/open_cv/__pycache__/vergleich.cpython-310.pyc
/home/pmlab/yueju2/change/install/open_cv/lib/python3.10/site-packages/open_cv/__pycache__/s.cpython-310.pyc
/home/pmlab/yueju2/change/install/open_cv/lib/python3.10/site-packages/open_cv/__pycache__/image_processing.cpython-310.pyc
/home/pmlab/yueju2/change/install/open_cv/lib/python3.10/site-packages/open_cv/__pycache__/auto_centering.cpython-310.pyc
/home/pmlab/yueju2/change/install/open_cv/share/ament_index/resource_index/packages/open_cv
/home/pmlab/yueju2/change/install/open_cv/share/open_cv/package.xml
/home/pmlab/yueju2/change/install/open_cv/lib/python3.10/site-packages/open_cv-0.0.0-py3.10.egg-info/requires.txt
/home/pmlab/yueju2/change/install/open_cv/lib/python3.10/site-packages/open_cv-0.0.0-py3.10.egg-info/PKG-INFO
/home/pmlab/yueju2/change/install/open_cv/lib/python3.10/site-packages/open_cv-0.0.0-py3.10.egg-info/dependency_links.txt
/home/pmlab/yueju2/change/install/open_cv/lib/python3.10/site-packages/open_cv-0.0.0-py3.10.egg-info/entry_points.txt
/home/pmlab/yueju2/change/install/open_cv/lib/python3.10/site-packages/open_cv-0.0.0-py3.10.egg-info/SOURCES.txt
/home/pmlab/yueju2/change/install/open_cv/lib/python3.10/site-packages/open_cv-0.0.0-py3.10.egg-info/top_level.txt
/home/pmlab/yueju2/change/install/open_cv/lib/python3.10/site-packages/open_cv-0.0.0-py3.10.egg-info/zip-safe
/home/pmlab/yueju2/change/install/open_cv/lib/open_cv/auto_centering
/home/pmlab/yueju2/change/install/open_cv/lib/open_cv/image_processing
