[0.227s] DEBUG:colcon:Command line arguments: ['/usr/bin/colcon', 'build', '--symlink-install']
[0.227s] DEBUG:colcon:Parsed command line arguments: Namespace(log_base=None, log_level=None, verb_name='build', build_base='build', install_base='install', merge_install=False, symlink_install=True, test_result_base=None, continue_on_error=False, executor='parallel', parallel_workers=16, event_handlers=None, ignore_user_meta=False, metas=['./colcon.meta'], base_paths=['.'], packages_ignore=None, packages_ignore_regex=None, paths=None, packages_up_to=None, packages_up_to_regex=None, packages_above=None, packages_above_and_dependencies=None, packages_above_depth=None, packages_select_by_dep=None, packages_skip_by_dep=None, packages_skip_up_to=None, packages_select_build_failed=False, packages_skip_build_finished=False, packages_select_test_failures=False, packages_skip_test_passed=False, packages_select=None, packages_skip=None, packages_select_regex=None, packages_skip_regex=None, packages_start=None, packages_end=None, allow_overriding=[], cmake_args=None, cmake_target=None, cmake_target_skip_unavailable=False, cmake_clean_cache=False, cmake_clean_first=False, cmake_force_configure=False, ament_cmake_args=None, catkin_cmake_args=None, catkin_skip_building_tests=False, verb_parser=<colcon_defaults.argument_parser.defaults.DefaultArgumentsDecorator object at 0x7fdcbfe07a30>, verb_extension=<colcon_core.verb.build.BuildVerb object at 0x7fdcbff029e0>, main=<bound method BuildVerb.main of <colcon_core.verb.build.BuildVerb object at 0x7fdcbff029e0>>)
[0.242s] Level 1:colcon.colcon_core.package_discovery:discover_packages(colcon_meta) check parameters
[0.242s] Level 1:colcon.colcon_core.package_discovery:discover_packages(recursive) check parameters
[0.242s] Level 1:colcon.colcon_core.package_discovery:discover_packages(ignore) check parameters
[0.242s] Level 1:colcon.colcon_core.package_discovery:discover_packages(path) check parameters
[0.242s] Level 1:colcon.colcon_core.package_discovery:discover_packages(colcon_meta) discover
[0.242s] Level 1:colcon.colcon_core.package_discovery:discover_packages(recursive) discover
[0.242s] INFO:colcon.colcon_core.package_discovery:Crawling recursively for packages in '/home/pmlab/yueju2'
[0.242s] Level 1:colcon.colcon_core.package_identification:_identify(.) by extensions ['ignore', 'ignore_ament_install']
[0.242s] Level 1:colcon.colcon_core.package_identification:_identify(.) by extension 'ignore'
[0.242s] Level 1:colcon.colcon_core.package_identification:_identify(.) by extension 'ignore_ament_install'
[0.242s] Level 1:colcon.colcon_core.package_identification:_identify(.) by extensions ['colcon_pkg']
[0.242s] Level 1:colcon.colcon_core.package_identification:_identify(.) by extension 'colcon_pkg'
[0.242s] Level 1:colcon.colcon_core.package_identification:_identify(.) by extensions ['colcon_meta']
[0.242s] Level 1:colcon.colcon_core.package_identification:_identify(.) by extension 'colcon_meta'
[0.242s] Level 1:colcon.colcon_core.package_identification:_identify(.) by extensions ['ros']
[0.242s] Level 1:colcon.colcon_core.package_identification:_identify(.) by extension 'ros'
[0.249s] Level 1:colcon.colcon_core.package_identification:_identify(.) by extensions ['cmake', 'python']
[0.249s] Level 1:colcon.colcon_core.package_identification:_identify(.) by extension 'cmake'
[0.249s] Level 1:colcon.colcon_core.package_identification:_identify(.) by extension 'python'
[0.249s] Level 1:colcon.colcon_core.package_identification:_identify(.) by extensions ['python_setup_py']
[0.249s] Level 1:colcon.colcon_core.package_identification:_identify(.) by extension 'python_setup_py'
[0.249s] Level 1:colcon.colcon_core.package_identification:_identify(build) by extensions ['ignore', 'ignore_ament_install']
[0.249s] Level 1:colcon.colcon_core.package_identification:_identify(build) by extension 'ignore'
[0.249s] Level 1:colcon.colcon_core.package_identification:_identify(build) ignored
[0.249s] Level 1:colcon.colcon_core.package_identification:_identify(install) by extensions ['ignore', 'ignore_ament_install']
[0.249s] Level 1:colcon.colcon_core.package_identification:_identify(install) by extension 'ignore'
[0.249s] Level 1:colcon.colcon_core.package_identification:_identify(install) ignored
[0.250s] Level 1:colcon.colcon_core.package_identification:_identify(log) by extensions ['ignore', 'ignore_ament_install']
[0.250s] Level 1:colcon.colcon_core.package_identification:_identify(log) by extension 'ignore'
[0.250s] Level 1:colcon.colcon_core.package_identification:_identify(log) ignored
[0.250s] Level 1:colcon.colcon_core.package_identification:_identify(match_pm_robot) by extensions ['ignore', 'ignore_ament_install']
[0.250s] Level 1:colcon.colcon_core.package_identification:_identify(match_pm_robot) by extension 'ignore'
[0.250s] Level 1:colcon.colcon_core.package_identification:_identify(match_pm_robot) by extension 'ignore_ament_install'
[0.250s] Level 1:colcon.colcon_core.package_identification:_identify(match_pm_robot) by extensions ['colcon_pkg']
[0.250s] Level 1:colcon.colcon_core.package_identification:_identify(match_pm_robot) by extension 'colcon_pkg'
[0.250s] Level 1:colcon.colcon_core.package_identification:_identify(match_pm_robot) by extensions ['colcon_meta']
[0.250s] Level 1:colcon.colcon_core.package_identification:_identify(match_pm_robot) by extension 'colcon_meta'
[0.250s] Level 1:colcon.colcon_core.package_identification:_identify(match_pm_robot) by extensions ['ros']
[0.250s] Level 1:colcon.colcon_core.package_identification:_identify(match_pm_robot) by extension 'ros'
[0.250s] Level 1:colcon.colcon_core.package_identification:_identify(match_pm_robot) by extensions ['cmake', 'python']
[0.250s] Level 1:colcon.colcon_core.package_identification:_identify(match_pm_robot) by extension 'cmake'
[0.250s] Level 1:colcon.colcon_core.package_identification:_identify(match_pm_robot) by extension 'python'
[0.250s] Level 1:colcon.colcon_core.package_identification:_identify(match_pm_robot) by extensions ['python_setup_py']
[0.250s] Level 1:colcon.colcon_core.package_identification:_identify(match_pm_robot) by extension 'python_setup_py'
[0.250s] Level 1:colcon.colcon_core.package_identification:_identify(open_cv) by extensions ['ignore', 'ignore_ament_install']
[0.250s] Level 1:colcon.colcon_core.package_identification:_identify(open_cv) by extension 'ignore'
[0.250s] Level 1:colcon.colcon_core.package_identification:_identify(open_cv) by extension 'ignore_ament_install'
[0.250s] Level 1:colcon.colcon_core.package_identification:_identify(open_cv) by extensions ['colcon_pkg']
[0.250s] Level 1:colcon.colcon_core.package_identification:_identify(open_cv) by extension 'colcon_pkg'
[0.250s] Level 1:colcon.colcon_core.package_identification:_identify(open_cv) by extensions ['colcon_meta']
[0.250s] Level 1:colcon.colcon_core.package_identification:_identify(open_cv) by extension 'colcon_meta'
[0.250s] Level 1:colcon.colcon_core.package_identification:_identify(open_cv) by extensions ['ros']
[0.250s] Level 1:colcon.colcon_core.package_identification:_identify(open_cv) by extension 'ros'
[0.252s] DEBUG:colcon.colcon_core.package_identification:Package 'open_cv' with type 'ros.ament_python' and name 'open_cv'
[0.252s] Level 1:colcon.colcon_core.package_identification:_identify(pm_bringup) by extensions ['ignore', 'ignore_ament_install']
[0.252s] Level 1:colcon.colcon_core.package_identification:_identify(pm_bringup) by extension 'ignore'
[0.252s] Level 1:colcon.colcon_core.package_identification:_identify(pm_bringup) by extension 'ignore_ament_install'
[0.252s] Level 1:colcon.colcon_core.package_identification:_identify(pm_bringup) by extensions ['colcon_pkg']
[0.252s] Level 1:colcon.colcon_core.package_identification:_identify(pm_bringup) by extension 'colcon_pkg'
[0.252s] Level 1:colcon.colcon_core.package_identification:_identify(pm_bringup) by extensions ['colcon_meta']
[0.252s] Level 1:colcon.colcon_core.package_identification:_identify(pm_bringup) by extension 'colcon_meta'
[0.252s] Level 1:colcon.colcon_core.package_identification:_identify(pm_bringup) by extensions ['ros']
[0.252s] Level 1:colcon.colcon_core.package_identification:_identify(pm_bringup) by extension 'ros'
[0.253s] DEBUG:colcon.colcon_core.package_identification:Package 'pm_bringup' with type 'ros.ament_cmake' and name 'pm_bringup'
[0.253s] Level 1:colcon.colcon_core.package_discovery:discover_packages(recursive) using defaults
[0.253s] Level 1:colcon.colcon_core.package_discovery:discover_packages(ignore) discover
[0.253s] Level 1:colcon.colcon_core.package_discovery:discover_packages(ignore) using defaults
[0.253s] Level 1:colcon.colcon_core.package_discovery:discover_packages(path) discover
[0.253s] Level 1:colcon.colcon_core.package_discovery:discover_packages(path) using defaults
[0.268s] Level 1:colcon.colcon_core.package_discovery:discover_packages(prefix_path) check parameters
[0.268s] Level 1:colcon.colcon_core.package_discovery:discover_packages(prefix_path) discover
[0.270s] DEBUG:colcon.colcon_installed_package_information.package_discovery:Found 2 installed packages in /home/pmlab/yueju2/install
[0.270s] DEBUG:colcon.colcon_installed_package_information.package_discovery:Found 20 installed packages in /home/pmlab/pm_ros2_ws/install
[0.272s] DEBUG:colcon.colcon_installed_package_information.package_discovery:Found 375 installed packages in /opt/ros/humble
[0.273s] Level 1:colcon.colcon_core.package_discovery:discover_packages(prefix_path) using defaults
[0.318s] Level 5:colcon.colcon_core.verb:set package 'open_cv' build argument 'cmake_args' from command line to 'None'
[0.318s] Level 5:colcon.colcon_core.verb:set package 'open_cv' build argument 'cmake_target' from command line to 'None'
[0.318s] Level 5:colcon.colcon_core.verb:set package 'open_cv' build argument 'cmake_target_skip_unavailable' from command line to 'False'
[0.318s] Level 5:colcon.colcon_core.verb:set package 'open_cv' build argument 'cmake_clean_cache' from command line to 'False'
[0.318s] Level 5:colcon.colcon_core.verb:set package 'open_cv' build argument 'cmake_clean_first' from command line to 'False'
[0.318s] Level 5:colcon.colcon_core.verb:set package 'open_cv' build argument 'cmake_force_configure' from command line to 'False'
[0.318s] Level 5:colcon.colcon_core.verb:set package 'open_cv' build argument 'ament_cmake_args' from command line to 'None'
[0.318s] Level 5:colcon.colcon_core.verb:set package 'open_cv' build argument 'catkin_cmake_args' from command line to 'None'
[0.318s] Level 5:colcon.colcon_core.verb:set package 'open_cv' build argument 'catkin_skip_building_tests' from command line to 'False'
[0.318s] DEBUG:colcon.colcon_core.verb:Building package 'open_cv' with the following arguments: {'ament_cmake_args': None, 'build_base': '/home/pmlab/yueju2/build/open_cv', 'catkin_cmake_args': None, 'catkin_skip_building_tests': False, 'cmake_args': None, 'cmake_clean_cache': False, 'cmake_clean_first': False, 'cmake_force_configure': False, 'cmake_target': None, 'cmake_target_skip_unavailable': False, 'install_base': '/home/pmlab/yueju2/install/open_cv', 'merge_install': False, 'path': '/home/pmlab/yueju2/open_cv', 'symlink_install': True, 'test_result_base': None}
[0.319s] Level 5:colcon.colcon_core.verb:set package 'pm_bringup' build argument 'cmake_args' from command line to 'None'
[0.319s] Level 5:colcon.colcon_core.verb:set package 'pm_bringup' build argument 'cmake_target' from command line to 'None'
[0.319s] Level 5:colcon.colcon_core.verb:set package 'pm_bringup' build argument 'cmake_target_skip_unavailable' from command line to 'False'
[0.319s] Level 5:colcon.colcon_core.verb:set package 'pm_bringup' build argument 'cmake_clean_cache' from command line to 'False'
[0.319s] Level 5:colcon.colcon_core.verb:set package 'pm_bringup' build argument 'cmake_clean_first' from command line to 'False'
[0.319s] Level 5:colcon.colcon_core.verb:set package 'pm_bringup' build argument 'cmake_force_configure' from command line to 'False'
[0.319s] Level 5:colcon.colcon_core.verb:set package 'pm_bringup' build argument 'ament_cmake_args' from command line to 'None'
[0.319s] Level 5:colcon.colcon_core.verb:set package 'pm_bringup' build argument 'catkin_cmake_args' from command line to 'None'
[0.319s] Level 5:colcon.colcon_core.verb:set package 'pm_bringup' build argument 'catkin_skip_building_tests' from command line to 'False'
[0.319s] DEBUG:colcon.colcon_core.verb:Building package 'pm_bringup' with the following arguments: {'ament_cmake_args': None, 'build_base': '/home/pmlab/yueju2/build/pm_bringup', 'catkin_cmake_args': None, 'catkin_skip_building_tests': False, 'cmake_args': None, 'cmake_clean_cache': False, 'cmake_clean_first': False, 'cmake_force_configure': False, 'cmake_target': None, 'cmake_target_skip_unavailable': False, 'install_base': '/home/pmlab/yueju2/install/pm_bringup', 'merge_install': False, 'path': '/home/pmlab/yueju2/pm_bringup', 'symlink_install': True, 'test_result_base': None}
[0.319s] INFO:colcon.colcon_core.executor:Executing jobs using 'parallel' executor
[0.322s] DEBUG:colcon.colcon_parallel_executor.executor.parallel:run_until_complete
[0.322s] INFO:colcon.colcon_ros.task.ament_python.build:Building ROS package in '/home/pmlab/yueju2/open_cv' with build type 'ament_python'
[0.322s] Level 1:colcon.colcon_core.shell:create_environment_hook('open_cv', 'ament_prefix_path')
[0.325s] INFO:colcon.colcon_core.plugin_system:Skipping extension 'colcon_core.shell.bat': Not used on non-Windows systems
[0.325s] INFO:colcon.colcon_core.shell:Creating environment hook '/home/pmlab/yueju2/install/open_cv/share/open_cv/hook/ament_prefix_path.ps1'
[0.326s] INFO:colcon.colcon_core.shell:Creating environment descriptor '/home/pmlab/yueju2/install/open_cv/share/open_cv/hook/ament_prefix_path.dsv'
[0.326s] INFO:colcon.colcon_core.shell:Creating environment hook '/home/pmlab/yueju2/install/open_cv/share/open_cv/hook/ament_prefix_path.sh'
[0.327s] INFO:colcon.colcon_core.shell:Skip shell extension 'powershell' for command environment: Not usable outside of PowerShell
[0.327s] DEBUG:colcon.colcon_core.shell:Skip shell extension 'dsv' for command environment
[0.492s] INFO:colcon.colcon_core.task.python.build:Building Python package in '/home/pmlab/yueju2/open_cv'
[0.493s] INFO:colcon.colcon_core.shell:Skip shell extension 'powershell' for command environment: Not usable outside of PowerShell
[0.494s] DEBUG:colcon.colcon_core.shell:Skip shell extension 'dsv' for command environment
[0.719s] DEBUG:colcon.colcon_core.event_handler.log_command:Invoking command in '/home/pmlab/yueju2/build/open_cv': PYTHONPATH=/home/pmlab/yueju2/build/open_cv/prefix_override:/home/pmlab/yueju2/install/open_cv/lib/python3.10/site-packages:${PYTHONPATH} /usr/bin/python3 setup.py develop --editable --build-directory /home/pmlab/yueju2/build/open_cv/build --no-deps install_data
[1.016s] Level 1:colcon.colcon_core.shell:create_environment_hook('open_cv', 'pythonpath_develop')
[1.018s] INFO:colcon.colcon_core.shell:Creating environment hook '/home/pmlab/yueju2/build/open_cv/share/open_cv/hook/pythonpath_develop.ps1'
[1.018s] DEBUG:colcon.colcon_core.event_handler.log_command:Invoked command in '/home/pmlab/yueju2/build/open_cv' returned '0': PYTHONPATH=/home/pmlab/yueju2/build/open_cv/prefix_override:/home/pmlab/yueju2/install/open_cv/lib/python3.10/site-packages:${PYTHONPATH} /usr/bin/python3 setup.py develop --editable --build-directory /home/pmlab/yueju2/build/open_cv/build --no-deps install_data
[1.018s] INFO:colcon.colcon_core.shell:Creating environment descriptor '/home/pmlab/yueju2/build/open_cv/share/open_cv/hook/pythonpath_develop.dsv'
[1.018s] INFO:colcon.colcon_core.shell:Creating environment hook '/home/pmlab/yueju2/build/open_cv/share/open_cv/hook/pythonpath_develop.sh'
[1.022s] Level 1:colcon.colcon_core.environment:checking '/home/pmlab/yueju2/install/open_cv' for CMake module files
[1.022s] Level 1:colcon.colcon_core.environment:checking '/home/pmlab/yueju2/install/open_cv' for CMake config files
[1.023s] Level 1:colcon.colcon_core.environment:checking '/home/pmlab/yueju2/install/open_cv/lib'
[1.023s] Level 1:colcon.colcon_core.environment:checking '/home/pmlab/yueju2/install/open_cv/bin'
[1.023s] Level 1:colcon.colcon_core.environment:checking '/home/pmlab/yueju2/install/open_cv/lib/pkgconfig/open_cv.pc'
[1.023s] Level 1:colcon.colcon_core.environment:checking '/home/pmlab/yueju2/install/open_cv/lib/python3.10/site-packages'
[1.023s] Level 1:colcon.colcon_core.shell:create_environment_hook('open_cv', 'pythonpath')
[1.024s] INFO:colcon.colcon_core.shell:Creating environment hook '/home/pmlab/yueju2/install/open_cv/share/open_cv/hook/pythonpath.ps1'
[1.024s] INFO:colcon.colcon_core.shell:Creating environment descriptor '/home/pmlab/yueju2/install/open_cv/share/open_cv/hook/pythonpath.dsv'
[1.025s] INFO:colcon.colcon_core.shell:Creating environment hook '/home/pmlab/yueju2/install/open_cv/share/open_cv/hook/pythonpath.sh'
[1.025s] Level 1:colcon.colcon_core.environment:checking '/home/pmlab/yueju2/install/open_cv/bin'
[1.025s] Level 1:colcon.colcon_core.environment:create_environment_scripts_only(open_cv)
[1.026s] INFO:colcon.colcon_core.shell:Creating package script '/home/pmlab/yueju2/install/open_cv/share/open_cv/package.ps1'
[1.027s] INFO:colcon.colcon_core.shell:Creating package descriptor '/home/pmlab/yueju2/install/open_cv/share/open_cv/package.dsv'
[1.027s] INFO:colcon.colcon_core.shell:Creating package script '/home/pmlab/yueju2/install/open_cv/share/open_cv/package.sh'
[1.027s] INFO:colcon.colcon_core.shell:Creating package script '/home/pmlab/yueju2/install/open_cv/share/open_cv/package.bash'
[1.028s] INFO:colcon.colcon_core.shell:Creating package script '/home/pmlab/yueju2/install/open_cv/share/open_cv/package.zsh'
[1.028s] Level 1:colcon.colcon_core.environment:create_file_with_runtime_dependencies(/home/pmlab/yueju2/install/open_cv/share/colcon-core/packages/open_cv)
[1.029s] INFO:colcon.colcon_ros.task.ament_cmake.build:Building ROS package in '/home/pmlab/yueju2/pm_bringup' with build type 'ament_cmake'
[1.029s] INFO:colcon.colcon_cmake.task.cmake.build:Building CMake package in '/home/pmlab/yueju2/pm_bringup'
[1.030s] INFO:colcon.colcon_core.shell:Skip shell extension 'powershell' for command environment: Not usable outside of PowerShell
[1.030s] DEBUG:colcon.colcon_core.shell:Skip shell extension 'dsv' for command environment
[1.040s] DEBUG:colcon.colcon_core.event_handler.log_command:Invoking command in '/home/pmlab/yueju2/build/pm_bringup': AMENT_PREFIX_PATH=/home/pmlab/yueju2/install/open_cv:/home/pmlab/yueju2/install/pm_bringup:/home/pmlab/pm_ros2_ws/install/pylon_ros2_camera_wrapper:/home/pmlab/pm_ros2_ws/install/pylon_ros2_camera_component:/home/pmlab/pm_ros2_ws/install/pylon_ros2_camera_interfaces:/home/pmlab/pm_ros2_ws/install/pm_vision:/home/pmlab/pm_ros2_ws/install/pm_robot_moveit_config:/home/pmlab/pm_ros2_ws/install/pm_robot_gazebo:/home/pmlab/pm_ros2_ws/install/pm_robot_description:/home/pmlab/pm_ros2_ws/install/pm_robot_control_test:/home/pmlab/pm_ros2_ws/install/pm_robot_control:/home/pmlab/pm_ros2_ws/install/pm_robot_cameras:/home/pmlab/pm_ros2_ws/install/pm_robot_bringup:/home/pmlab/pm_ros2_ws/install/pm_move:/home/pmlab/pm_ros2_ws/install/pm_hardware_interface:/home/pmlab/pm_ros2_ws/install/pm_client:/home/pmlab/pm_ros2_ws/install/open62541:/home/pmlab/pm_ros2_ws/install/opcua_server:/home/pmlab/pm_ros2_ws/install/image_common:/home/pmlab/pm_ros2_ws/install/image_transport:/home/pmlab/pm_ros2_ws/install/camera_info_manager:/home/pmlab/pm_ros2_ws/install/camera_calibration_parsers:/opt/ros/humble CMAKE_PREFIX_PATH=${CMAKE_PREFIX_PATH}:/home/pmlab/yueju2/install/open_cv:/home/pmlab/pm_ros2_ws/install/pm_vision:/home/pmlab/pm_ros2_ws/install/pm_robot_control_test:/home/pmlab/pm_ros2_ws/install/pm_move:/opt/ros/humble /usr/bin/cmake --build /home/pmlab/yueju2/build/pm_bringup -- -j16 -l16
[1.059s] DEBUG:colcon.colcon_core.event_handler.log_command:Invoked command in '/home/pmlab/yueju2/build/pm_bringup' returned '0': AMENT_PREFIX_PATH=/home/pmlab/yueju2/install/open_cv:/home/pmlab/yueju2/install/pm_bringup:/home/pmlab/pm_ros2_ws/install/pylon_ros2_camera_wrapper:/home/pmlab/pm_ros2_ws/install/pylon_ros2_camera_component:/home/pmlab/pm_ros2_ws/install/pylon_ros2_camera_interfaces:/home/pmlab/pm_ros2_ws/install/pm_vision:/home/pmlab/pm_ros2_ws/install/pm_robot_moveit_config:/home/pmlab/pm_ros2_ws/install/pm_robot_gazebo:/home/pmlab/pm_ros2_ws/install/pm_robot_description:/home/pmlab/pm_ros2_ws/install/pm_robot_control_test:/home/pmlab/pm_ros2_ws/install/pm_robot_control:/home/pmlab/pm_ros2_ws/install/pm_robot_cameras:/home/pmlab/pm_ros2_ws/install/pm_robot_bringup:/home/pmlab/pm_ros2_ws/install/pm_move:/home/pmlab/pm_ros2_ws/install/pm_hardware_interface:/home/pmlab/pm_ros2_ws/install/pm_client:/home/pmlab/pm_ros2_ws/install/open62541:/home/pmlab/pm_ros2_ws/install/opcua_server:/home/pmlab/pm_ros2_ws/install/image_common:/home/pmlab/pm_ros2_ws/install/image_transport:/home/pmlab/pm_ros2_ws/install/camera_info_manager:/home/pmlab/pm_ros2_ws/install/camera_calibration_parsers:/opt/ros/humble CMAKE_PREFIX_PATH=${CMAKE_PREFIX_PATH}:/home/pmlab/yueju2/install/open_cv:/home/pmlab/pm_ros2_ws/install/pm_vision:/home/pmlab/pm_ros2_ws/install/pm_robot_control_test:/home/pmlab/pm_ros2_ws/install/pm_move:/opt/ros/humble /usr/bin/cmake --build /home/pmlab/yueju2/build/pm_bringup -- -j16 -l16
[1.075s] DEBUG:colcon.colcon_core.event_handler.log_command:Invoking command in '/home/pmlab/yueju2/build/pm_bringup': AMENT_PREFIX_PATH=/home/pmlab/yueju2/install/open_cv:/home/pmlab/yueju2/install/pm_bringup:/home/pmlab/pm_ros2_ws/install/pylon_ros2_camera_wrapper:/home/pmlab/pm_ros2_ws/install/pylon_ros2_camera_component:/home/pmlab/pm_ros2_ws/install/pylon_ros2_camera_interfaces:/home/pmlab/pm_ros2_ws/install/pm_vision:/home/pmlab/pm_ros2_ws/install/pm_robot_moveit_config:/home/pmlab/pm_ros2_ws/install/pm_robot_gazebo:/home/pmlab/pm_ros2_ws/install/pm_robot_description:/home/pmlab/pm_ros2_ws/install/pm_robot_control_test:/home/pmlab/pm_ros2_ws/install/pm_robot_control:/home/pmlab/pm_ros2_ws/install/pm_robot_cameras:/home/pmlab/pm_ros2_ws/install/pm_robot_bringup:/home/pmlab/pm_ros2_ws/install/pm_move:/home/pmlab/pm_ros2_ws/install/pm_hardware_interface:/home/pmlab/pm_ros2_ws/install/pm_client:/home/pmlab/pm_ros2_ws/install/open62541:/home/pmlab/pm_ros2_ws/install/opcua_server:/home/pmlab/pm_ros2_ws/install/image_common:/home/pmlab/pm_ros2_ws/install/image_transport:/home/pmlab/pm_ros2_ws/install/camera_info_manager:/home/pmlab/pm_ros2_ws/install/camera_calibration_parsers:/opt/ros/humble CMAKE_PREFIX_PATH=${CMAKE_PREFIX_PATH}:/home/pmlab/yueju2/install/open_cv:/home/pmlab/pm_ros2_ws/install/pm_vision:/home/pmlab/pm_ros2_ws/install/pm_robot_control_test:/home/pmlab/pm_ros2_ws/install/pm_move:/opt/ros/humble /usr/bin/cmake --install /home/pmlab/yueju2/build/pm_bringup
[1.086s] Level 1:colcon.colcon_core.environment:create_environment_scripts_only(pm_bringup)
[1.088s] Level 1:colcon.colcon_core.environment:checking '/home/pmlab/yueju2/install/pm_bringup' for CMake module files
[1.088s] DEBUG:colcon.colcon_core.event_handler.log_command:Invoked command in '/home/pmlab/yueju2/build/pm_bringup' returned '0': AMENT_PREFIX_PATH=/home/pmlab/yueju2/install/open_cv:/home/pmlab/yueju2/install/pm_bringup:/home/pmlab/pm_ros2_ws/install/pylon_ros2_camera_wrapper:/home/pmlab/pm_ros2_ws/install/pylon_ros2_camera_component:/home/pmlab/pm_ros2_ws/install/pylon_ros2_camera_interfaces:/home/pmlab/pm_ros2_ws/install/pm_vision:/home/pmlab/pm_ros2_ws/install/pm_robot_moveit_config:/home/pmlab/pm_ros2_ws/install/pm_robot_gazebo:/home/pmlab/pm_ros2_ws/install/pm_robot_description:/home/pmlab/pm_ros2_ws/install/pm_robot_control_test:/home/pmlab/pm_ros2_ws/install/pm_robot_control:/home/pmlab/pm_ros2_ws/install/pm_robot_cameras:/home/pmlab/pm_ros2_ws/install/pm_robot_bringup:/home/pmlab/pm_ros2_ws/install/pm_move:/home/pmlab/pm_ros2_ws/install/pm_hardware_interface:/home/pmlab/pm_ros2_ws/install/pm_client:/home/pmlab/pm_ros2_ws/install/open62541:/home/pmlab/pm_ros2_ws/install/opcua_server:/home/pmlab/pm_ros2_ws/install/image_common:/home/pmlab/pm_ros2_ws/install/image_transport:/home/pmlab/pm_ros2_ws/install/camera_info_manager:/home/pmlab/pm_ros2_ws/install/camera_calibration_parsers:/opt/ros/humble CMAKE_PREFIX_PATH=${CMAKE_PREFIX_PATH}:/home/pmlab/yueju2/install/open_cv:/home/pmlab/pm_ros2_ws/install/pm_vision:/home/pmlab/pm_ros2_ws/install/pm_robot_control_test:/home/pmlab/pm_ros2_ws/install/pm_move:/opt/ros/humble /usr/bin/cmake --install /home/pmlab/yueju2/build/pm_bringup
[1.089s] Level 1:colcon.colcon_core.environment:checking '/home/pmlab/yueju2/install/pm_bringup' for CMake config files
[1.089s] Level 1:colcon.colcon_core.shell:create_environment_hook('pm_bringup', 'cmake_prefix_path')
[1.090s] INFO:colcon.colcon_core.shell:Creating environment hook '/home/pmlab/yueju2/install/pm_bringup/share/pm_bringup/hook/cmake_prefix_path.ps1'
[1.090s] INFO:colcon.colcon_core.shell:Creating environment descriptor '/home/pmlab/yueju2/install/pm_bringup/share/pm_bringup/hook/cmake_prefix_path.dsv'
[1.090s] INFO:colcon.colcon_core.shell:Creating environment hook '/home/pmlab/yueju2/install/pm_bringup/share/pm_bringup/hook/cmake_prefix_path.sh'
[1.091s] Level 1:colcon.colcon_core.environment:checking '/home/pmlab/yueju2/install/pm_bringup/bin'
[1.091s] Level 1:colcon.colcon_core.environment:checking '/home/pmlab/yueju2/install/pm_bringup/lib/pkgconfig/pm_bringup.pc'
[1.091s] Level 1:colcon.colcon_core.environment:checking '/home/pmlab/yueju2/install/pm_bringup/lib/python3.10/site-packages'
[1.091s] Level 1:colcon.colcon_core.environment:checking '/home/pmlab/yueju2/install/pm_bringup/bin'
[1.092s] INFO:colcon.colcon_core.shell:Creating package script '/home/pmlab/yueju2/install/pm_bringup/share/pm_bringup/package.ps1'
[1.092s] INFO:colcon.colcon_core.shell:Creating package descriptor '/home/pmlab/yueju2/install/pm_bringup/share/pm_bringup/package.dsv'
[1.093s] INFO:colcon.colcon_core.shell:Creating package script '/home/pmlab/yueju2/install/pm_bringup/share/pm_bringup/package.sh'
[1.093s] INFO:colcon.colcon_core.shell:Creating package script '/home/pmlab/yueju2/install/pm_bringup/share/pm_bringup/package.bash'
[1.093s] INFO:colcon.colcon_core.shell:Creating package script '/home/pmlab/yueju2/install/pm_bringup/share/pm_bringup/package.zsh'
[1.093s] Level 1:colcon.colcon_core.environment:create_file_with_runtime_dependencies(/home/pmlab/yueju2/install/pm_bringup/share/colcon-core/packages/pm_bringup)
[1.105s] Level 1:colcon.colcon_core.environment:create_environment_scripts_only(pm_bringup)
[1.106s] Level 1:colcon.colcon_core.environment:checking '/home/pmlab/yueju2/install/pm_bringup' for CMake module files
[1.106s] Level 1:colcon.colcon_core.environment:checking '/home/pmlab/yueju2/install/pm_bringup' for CMake config files
[1.106s] Level 1:colcon.colcon_core.shell:create_environment_hook('pm_bringup', 'cmake_prefix_path')
[1.107s] INFO:colcon.colcon_core.shell:Creating environment hook '/home/pmlab/yueju2/install/pm_bringup/share/pm_bringup/hook/cmake_prefix_path.ps1'
[1.107s] INFO:colcon.colcon_core.shell:Creating environment descriptor '/home/pmlab/yueju2/install/pm_bringup/share/pm_bringup/hook/cmake_prefix_path.dsv'
[1.108s] INFO:colcon.colcon_core.shell:Creating environment hook '/home/pmlab/yueju2/install/pm_bringup/share/pm_bringup/hook/cmake_prefix_path.sh'
[1.108s] Level 1:colcon.colcon_core.environment:checking '/home/pmlab/yueju2/install/pm_bringup/bin'
[1.108s] Level 1:colcon.colcon_core.environment:checking '/home/pmlab/yueju2/install/pm_bringup/lib/pkgconfig/pm_bringup.pc'
[1.108s] Level 1:colcon.colcon_core.environment:checking '/home/pmlab/yueju2/install/pm_bringup/lib/python3.10/site-packages'
[1.108s] Level 1:colcon.colcon_core.environment:checking '/home/pmlab/yueju2/install/pm_bringup/bin'
[1.109s] INFO:colcon.colcon_core.shell:Creating package script '/home/pmlab/yueju2/install/pm_bringup/share/pm_bringup/package.ps1'
[1.109s] INFO:colcon.colcon_core.shell:Creating package descriptor '/home/pmlab/yueju2/install/pm_bringup/share/pm_bringup/package.dsv'
[1.109s] INFO:colcon.colcon_core.shell:Creating package script '/home/pmlab/yueju2/install/pm_bringup/share/pm_bringup/package.sh'
[1.110s] INFO:colcon.colcon_core.shell:Creating package script '/home/pmlab/yueju2/install/pm_bringup/share/pm_bringup/package.bash'
[1.110s] INFO:colcon.colcon_core.shell:Creating package script '/home/pmlab/yueju2/install/pm_bringup/share/pm_bringup/package.zsh'
[1.110s] Level 1:colcon.colcon_core.environment:create_file_with_runtime_dependencies(/home/pmlab/yueju2/install/pm_bringup/share/colcon-core/packages/pm_bringup)
[1.110s] DEBUG:colcon.colcon_parallel_executor.executor.parallel:closing loop
[1.110s] DEBUG:colcon.colcon_parallel_executor.executor.parallel:loop closed
[1.110s] DEBUG:colcon.colcon_parallel_executor.executor.parallel:run_until_complete finished with '0'
[1.110s] DEBUG:colcon.colcon_core.event_reactor:joining thread
[1.114s] INFO:colcon.colcon_core.plugin_system:Skipping extension 'colcon_notification.desktop_notification.terminal_notifier': Not used on non-Darwin systems
[1.114s] INFO:colcon.colcon_core.plugin_system:Skipping extension 'colcon_notification.desktop_notification.win32': Not used on non-Windows systems
[1.114s] INFO:colcon.colcon_notification.desktop_notification:Sending desktop notification using 'notify2'
[1.121s] DEBUG:colcon.colcon_core.event_reactor:joined thread
[1.122s] INFO:colcon.colcon_core.shell:Creating prefix script '/home/pmlab/yueju2/install/local_setup.ps1'
[1.122s] INFO:colcon.colcon_core.shell:Creating prefix util module '/home/pmlab/yueju2/install/_local_setup_util_ps1.py'
[1.123s] INFO:colcon.colcon_core.shell:Creating prefix chain script '/home/pmlab/yueju2/install/setup.ps1'
[1.124s] INFO:colcon.colcon_core.shell:Creating prefix script '/home/pmlab/yueju2/install/local_setup.sh'
[1.124s] INFO:colcon.colcon_core.shell:Creating prefix util module '/home/pmlab/yueju2/install/_local_setup_util_sh.py'
[1.125s] INFO:colcon.colcon_core.shell:Creating prefix chain script '/home/pmlab/yueju2/install/setup.sh'
[1.126s] INFO:colcon.colcon_core.shell:Creating prefix script '/home/pmlab/yueju2/install/local_setup.bash'
[1.126s] INFO:colcon.colcon_core.shell:Creating prefix chain script '/home/pmlab/yueju2/install/setup.bash'
[1.127s] INFO:colcon.colcon_core.shell:Creating prefix script '/home/pmlab/yueju2/install/local_setup.zsh'
[1.127s] INFO:colcon.colcon_core.shell:Creating prefix chain script '/home/pmlab/yueju2/install/setup.zsh'
