[0.225s] DEBUG:colcon:Command line arguments: ['/usr/bin/colcon', 'build']
[0.225s] DEBUG:colcon:Parsed command line arguments: Namespace(log_base=None, log_level=None, verb_name='build', build_base='build', install_base='install', merge_install=False, symlink_install=False, test_result_base=None, continue_on_error=False, executor='parallel', parallel_workers=24, event_handlers=None, ignore_user_meta=False, metas=['./colcon.meta'], base_paths=['.'], packages_ignore=None, packages_ignore_regex=None, paths=None, packages_up_to=None, packages_up_to_regex=None, packages_above=None, packages_above_and_dependencies=None, packages_above_depth=None, packages_select_by_dep=None, packages_skip_by_dep=None, packages_skip_up_to=None, packages_select_build_failed=False, packages_skip_build_finished=False, packages_select_test_failures=False, packages_skip_test_passed=False, packages_select=None, packages_skip=None, packages_select_regex=None, packages_skip_regex=None, packages_start=None, packages_end=None, allow_overriding=[], cmake_args=None, cmake_target=None, cmake_target_skip_unavailable=False, cmake_clean_cache=False, cmake_clean_first=False, cmake_force_configure=False, ament_cmake_args=None, catkin_cmake_args=None, catkin_skip_building_tests=False, verb_parser=<colcon_defaults.argument_parser.defaults.DefaultArgumentsDecorator object at 0x7fc2296bba60>, verb_extension=<colcon_core.verb.build.BuildVerb object at 0x7fc229e5eb60>, main=<bound method BuildVerb.main of <colcon_core.verb.build.BuildVerb object at 0x7fc229e5eb60>>)
[0.245s] Level 1:colcon.colcon_core.package_discovery:discover_packages(colcon_meta) check parameters
[0.245s] Level 1:colcon.colcon_core.package_discovery:discover_packages(recursive) check parameters
[0.245s] Level 1:colcon.colcon_core.package_discovery:discover_packages(ignore) check parameters
[0.245s] Level 1:colcon.colcon_core.package_discovery:discover_packages(path) check parameters
[0.245s] Level 1:colcon.colcon_core.package_discovery:discover_packages(colcon_meta) discover
[0.245s] Level 1:colcon.colcon_core.package_discovery:discover_packages(recursive) discover
[0.245s] INFO:colcon.colcon_core.package_discovery:Crawling recursively for packages in '/home/pmlab/yueju/change'
[0.245s] Level 1:colcon.colcon_core.package_identification:_identify(.) by extensions ['ignore', 'ignore_ament_install']
[0.245s] Level 1:colcon.colcon_core.package_identification:_identify(.) by extension 'ignore'
[0.245s] Level 1:colcon.colcon_core.package_identification:_identify(.) by extension 'ignore_ament_install'
[0.245s] Level 1:colcon.colcon_core.package_identification:_identify(.) by extensions ['colcon_pkg']
[0.245s] Level 1:colcon.colcon_core.package_identification:_identify(.) by extension 'colcon_pkg'
[0.245s] Level 1:colcon.colcon_core.package_identification:_identify(.) by extensions ['colcon_meta']
[0.245s] Level 1:colcon.colcon_core.package_identification:_identify(.) by extension 'colcon_meta'
[0.246s] Level 1:colcon.colcon_core.package_identification:_identify(.) by extensions ['ros']
[0.246s] Level 1:colcon.colcon_core.package_identification:_identify(.) by extension 'ros'
[0.253s] Level 1:colcon.colcon_core.package_identification:_identify(.) by extensions ['cmake', 'python']
[0.253s] Level 1:colcon.colcon_core.package_identification:_identify(.) by extension 'cmake'
[0.253s] Level 1:colcon.colcon_core.package_identification:_identify(.) by extension 'python'
[0.253s] Level 1:colcon.colcon_core.package_identification:_identify(.) by extensions ['python_setup_py']
[0.253s] Level 1:colcon.colcon_core.package_identification:_identify(.) by extension 'python_setup_py'
[0.253s] Level 1:colcon.colcon_core.package_identification:_identify(build) by extensions ['ignore', 'ignore_ament_install']
[0.253s] Level 1:colcon.colcon_core.package_identification:_identify(build) by extension 'ignore'
[0.253s] Level 1:colcon.colcon_core.package_identification:_identify(build) ignored
[0.253s] Level 1:colcon.colcon_core.package_identification:_identify(install) by extensions ['ignore', 'ignore_ament_install']
[0.254s] Level 1:colcon.colcon_core.package_identification:_identify(install) by extension 'ignore'
[0.254s] Level 1:colcon.colcon_core.package_identification:_identify(install) ignored
[0.254s] Level 1:colcon.colcon_core.package_identification:_identify(log) by extensions ['ignore', 'ignore_ament_install']
[0.254s] Level 1:colcon.colcon_core.package_identification:_identify(log) by extension 'ignore'
[0.254s] Level 1:colcon.colcon_core.package_identification:_identify(log) ignored
[0.254s] Level 1:colcon.colcon_core.package_identification:_identify(match_pm_robot) by extensions ['ignore', 'ignore_ament_install']
[0.254s] Level 1:colcon.colcon_core.package_identification:_identify(match_pm_robot) by extension 'ignore'
[0.254s] Level 1:colcon.colcon_core.package_identification:_identify(match_pm_robot) by extension 'ignore_ament_install'
[0.254s] Level 1:colcon.colcon_core.package_identification:_identify(match_pm_robot) by extensions ['colcon_pkg']
[0.254s] Level 1:colcon.colcon_core.package_identification:_identify(match_pm_robot) by extension 'colcon_pkg'
[0.254s] Level 1:colcon.colcon_core.package_identification:_identify(match_pm_robot) by extensions ['colcon_meta']
[0.254s] Level 1:colcon.colcon_core.package_identification:_identify(match_pm_robot) by extension 'colcon_meta'
[0.254s] Level 1:colcon.colcon_core.package_identification:_identify(match_pm_robot) by extensions ['ros']
[0.254s] Level 1:colcon.colcon_core.package_identification:_identify(match_pm_robot) by extension 'ros'
[0.254s] Level 1:colcon.colcon_core.package_identification:_identify(match_pm_robot) by extensions ['cmake', 'python']
[0.254s] Level 1:colcon.colcon_core.package_identification:_identify(match_pm_robot) by extension 'cmake'
[0.254s] Level 1:colcon.colcon_core.package_identification:_identify(match_pm_robot) by extension 'python'
[0.254s] Level 1:colcon.colcon_core.package_identification:_identify(match_pm_robot) by extensions ['python_setup_py']
[0.254s] Level 1:colcon.colcon_core.package_identification:_identify(match_pm_robot) by extension 'python_setup_py'
[0.254s] Level 1:colcon.colcon_core.package_identification:_identify(open_cv) by extensions ['ignore', 'ignore_ament_install']
[0.254s] Level 1:colcon.colcon_core.package_identification:_identify(open_cv) by extension 'ignore'
[0.254s] Level 1:colcon.colcon_core.package_identification:_identify(open_cv) by extension 'ignore_ament_install'
[0.254s] Level 1:colcon.colcon_core.package_identification:_identify(open_cv) by extensions ['colcon_pkg']
[0.254s] Level 1:colcon.colcon_core.package_identification:_identify(open_cv) by extension 'colcon_pkg'
[0.254s] Level 1:colcon.colcon_core.package_identification:_identify(open_cv) by extensions ['colcon_meta']
[0.254s] Level 1:colcon.colcon_core.package_identification:_identify(open_cv) by extension 'colcon_meta'
[0.254s] Level 1:colcon.colcon_core.package_identification:_identify(open_cv) by extensions ['ros']
[0.254s] Level 1:colcon.colcon_core.package_identification:_identify(open_cv) by extension 'ros'
[0.256s] DEBUG:colcon.colcon_core.package_identification:Package 'open_cv' with type 'ros.ament_python' and name 'open_cv'
[0.256s] Level 1:colcon.colcon_core.package_identification:_identify(pm_bringup) by extensions ['ignore', 'ignore_ament_install']
[0.256s] Level 1:colcon.colcon_core.package_identification:_identify(pm_bringup) by extension 'ignore'
[0.256s] Level 1:colcon.colcon_core.package_identification:_identify(pm_bringup) by extension 'ignore_ament_install'
[0.257s] Level 1:colcon.colcon_core.package_identification:_identify(pm_bringup) by extensions ['colcon_pkg']
[0.257s] Level 1:colcon.colcon_core.package_identification:_identify(pm_bringup) by extension 'colcon_pkg'
[0.257s] Level 1:colcon.colcon_core.package_identification:_identify(pm_bringup) by extensions ['colcon_meta']
[0.257s] Level 1:colcon.colcon_core.package_identification:_identify(pm_bringup) by extension 'colcon_meta'
[0.257s] Level 1:colcon.colcon_core.package_identification:_identify(pm_bringup) by extensions ['ros']
[0.257s] Level 1:colcon.colcon_core.package_identification:_identify(pm_bringup) by extension 'ros'
[0.257s] DEBUG:colcon.colcon_core.package_identification:Package 'pm_bringup' with type 'ros.ament_cmake' and name 'pm_bringup'
[0.257s] Level 1:colcon.colcon_core.package_discovery:discover_packages(recursive) using defaults
[0.257s] Level 1:colcon.colcon_core.package_discovery:discover_packages(ignore) discover
[0.257s] Level 1:colcon.colcon_core.package_discovery:discover_packages(ignore) using defaults
[0.257s] Level 1:colcon.colcon_core.package_discovery:discover_packages(path) discover
[0.257s] Level 1:colcon.colcon_core.package_discovery:discover_packages(path) using defaults
[0.273s] Level 1:colcon.colcon_core.package_discovery:discover_packages(prefix_path) check parameters
[0.273s] Level 1:colcon.colcon_core.package_discovery:discover_packages(prefix_path) discover
[0.275s] DEBUG:colcon.colcon_installed_package_information.package_discovery:Found 2 installed packages in /home/pmlab/yueju/change/install
[0.276s] DEBUG:colcon.colcon_installed_package_information.package_discovery:Found 17 installed packages in /home/pmlab/ros2_ws/install
[0.277s] DEBUG:colcon.colcon_installed_package_information.package_discovery:Found 369 installed packages in /opt/ros/humble
[0.279s] Level 1:colcon.colcon_core.package_discovery:discover_packages(prefix_path) using defaults
[0.329s] Level 5:colcon.colcon_core.verb:set package 'open_cv' build argument 'cmake_args' from command line to 'None'
[0.329s] Level 5:colcon.colcon_core.verb:set package 'open_cv' build argument 'cmake_target' from command line to 'None'
[0.329s] Level 5:colcon.colcon_core.verb:set package 'open_cv' build argument 'cmake_target_skip_unavailable' from command line to 'False'
[0.330s] Level 5:colcon.colcon_core.verb:set package 'open_cv' build argument 'cmake_clean_cache' from command line to 'False'
[0.330s] Level 5:colcon.colcon_core.verb:set package 'open_cv' build argument 'cmake_clean_first' from command line to 'False'
[0.330s] Level 5:colcon.colcon_core.verb:set package 'open_cv' build argument 'cmake_force_configure' from command line to 'False'
[0.330s] Level 5:colcon.colcon_core.verb:set package 'open_cv' build argument 'ament_cmake_args' from command line to 'None'
[0.330s] Level 5:colcon.colcon_core.verb:set package 'open_cv' build argument 'catkin_cmake_args' from command line to 'None'
[0.330s] Level 5:colcon.colcon_core.verb:set package 'open_cv' build argument 'catkin_skip_building_tests' from command line to 'False'
[0.330s] DEBUG:colcon.colcon_core.verb:Building package 'open_cv' with the following arguments: {'ament_cmake_args': None, 'build_base': '/home/pmlab/yueju/change/build/open_cv', 'catkin_cmake_args': None, 'catkin_skip_building_tests': False, 'cmake_args': None, 'cmake_clean_cache': False, 'cmake_clean_first': False, 'cmake_force_configure': False, 'cmake_target': None, 'cmake_target_skip_unavailable': False, 'install_base': '/home/pmlab/yueju/change/install/open_cv', 'merge_install': False, 'path': '/home/pmlab/yueju/change/open_cv', 'symlink_install': False, 'test_result_base': None}
[0.330s] Level 5:colcon.colcon_core.verb:set package 'pm_bringup' build argument 'cmake_args' from command line to 'None'
[0.330s] Level 5:colcon.colcon_core.verb:set package 'pm_bringup' build argument 'cmake_target' from command line to 'None'
[0.330s] Level 5:colcon.colcon_core.verb:set package 'pm_bringup' build argument 'cmake_target_skip_unavailable' from command line to 'False'
[0.330s] Level 5:colcon.colcon_core.verb:set package 'pm_bringup' build argument 'cmake_clean_cache' from command line to 'False'
[0.330s] Level 5:colcon.colcon_core.verb:set package 'pm_bringup' build argument 'cmake_clean_first' from command line to 'False'
[0.330s] Level 5:colcon.colcon_core.verb:set package 'pm_bringup' build argument 'cmake_force_configure' from command line to 'False'
[0.330s] Level 5:colcon.colcon_core.verb:set package 'pm_bringup' build argument 'ament_cmake_args' from command line to 'None'
[0.330s] Level 5:colcon.colcon_core.verb:set package 'pm_bringup' build argument 'catkin_cmake_args' from command line to 'None'
[0.330s] Level 5:colcon.colcon_core.verb:set package 'pm_bringup' build argument 'catkin_skip_building_tests' from command line to 'False'
[0.330s] DEBUG:colcon.colcon_core.verb:Building package 'pm_bringup' with the following arguments: {'ament_cmake_args': None, 'build_base': '/home/pmlab/yueju/change/build/pm_bringup', 'catkin_cmake_args': None, 'catkin_skip_building_tests': False, 'cmake_args': None, 'cmake_clean_cache': False, 'cmake_clean_first': False, 'cmake_force_configure': False, 'cmake_target': None, 'cmake_target_skip_unavailable': False, 'install_base': '/home/pmlab/yueju/change/install/pm_bringup', 'merge_install': False, 'path': '/home/pmlab/yueju/change/pm_bringup', 'symlink_install': False, 'test_result_base': None}
[0.331s] INFO:colcon.colcon_core.executor:Executing jobs using 'parallel' executor
[0.333s] DEBUG:colcon.colcon_parallel_executor.executor.parallel:run_until_complete
[0.334s] INFO:colcon.colcon_ros.task.ament_python.build:Building ROS package in '/home/pmlab/yueju/change/open_cv' with build type 'ament_python'
[0.334s] Level 1:colcon.colcon_core.shell:create_environment_hook('open_cv', 'ament_prefix_path')
[0.336s] INFO:colcon.colcon_core.plugin_system:Skipping extension 'colcon_core.shell.bat': Not used on non-Windows systems
[0.336s] INFO:colcon.colcon_core.shell:Creating environment hook '/home/pmlab/yueju/change/install/open_cv/share/open_cv/hook/ament_prefix_path.ps1'
[0.337s] INFO:colcon.colcon_core.shell:Creating environment descriptor '/home/pmlab/yueju/change/install/open_cv/share/open_cv/hook/ament_prefix_path.dsv'
[0.337s] INFO:colcon.colcon_core.shell:Creating environment hook '/home/pmlab/yueju/change/install/open_cv/share/open_cv/hook/ament_prefix_path.sh'
[0.338s] INFO:colcon.colcon_core.shell:Skip shell extension 'powershell' for command environment: Not usable outside of PowerShell
[0.338s] DEBUG:colcon.colcon_core.shell:Skip shell extension 'dsv' for command environment
[0.528s] INFO:colcon.colcon_core.task.python.build:Building Python package in '/home/pmlab/yueju/change/open_cv'
[0.530s] INFO:colcon.colcon_core.shell:Skip shell extension 'powershell' for command environment: Not usable outside of PowerShell
[0.530s] DEBUG:colcon.colcon_core.shell:Skip shell extension 'dsv' for command environment
[0.787s] DEBUG:colcon.colcon_core.event_handler.log_command:Invoking command in '/home/pmlab/yueju/change/open_cv': PYTHONPATH=/home/pmlab/yueju/change/build/open_cv/prefix_override:/home/pmlab/yueju/change/install/open_cv/lib/python3.10/site-packages:${PYTHONPATH} /usr/bin/python3 setup.py egg_info --egg-base ../build/open_cv build --build-base /home/pmlab/yueju/change/build/open_cv/build install --record /home/pmlab/yueju/change/build/open_cv/install.log --single-version-externally-managed
[0.988s] DEBUG:colcon.colcon_core.event_handler.log_command:Invoked command in '/home/pmlab/yueju/change/open_cv' returned '0': PYTHONPATH=/home/pmlab/yueju/change/build/open_cv/prefix_override:/home/pmlab/yueju/change/install/open_cv/lib/python3.10/site-packages:${PYTHONPATH} /usr/bin/python3 setup.py egg_info --egg-base ../build/open_cv build --build-base /home/pmlab/yueju/change/build/open_cv/build install --record /home/pmlab/yueju/change/build/open_cv/install.log --single-version-externally-managed
[0.993s] Level 1:colcon.colcon_core.environment:checking '/home/pmlab/yueju/change/install/open_cv' for CMake module files
[0.994s] Level 1:colcon.colcon_core.environment:checking '/home/pmlab/yueju/change/install/open_cv' for CMake config files
[0.995s] Level 1:colcon.colcon_core.environment:checking '/home/pmlab/yueju/change/install/open_cv/lib'
[0.995s] Level 1:colcon.colcon_core.environment:checking '/home/pmlab/yueju/change/install/open_cv/bin'
[0.995s] Level 1:colcon.colcon_core.environment:checking '/home/pmlab/yueju/change/install/open_cv/lib/pkgconfig/open_cv.pc'
[0.996s] Level 1:colcon.colcon_core.environment:checking '/home/pmlab/yueju/change/install/open_cv/lib/python3.10/site-packages'
[0.996s] Level 1:colcon.colcon_core.shell:create_environment_hook('open_cv', 'pythonpath')
[0.997s] INFO:colcon.colcon_core.shell:Creating environment hook '/home/pmlab/yueju/change/install/open_cv/share/open_cv/hook/pythonpath.ps1'
[0.998s] INFO:colcon.colcon_core.shell:Creating environment descriptor '/home/pmlab/yueju/change/install/open_cv/share/open_cv/hook/pythonpath.dsv'
[0.998s] INFO:colcon.colcon_core.shell:Creating environment hook '/home/pmlab/yueju/change/install/open_cv/share/open_cv/hook/pythonpath.sh'
[0.999s] Level 1:colcon.colcon_core.environment:checking '/home/pmlab/yueju/change/install/open_cv/bin'
[0.999s] Level 1:colcon.colcon_core.environment:create_environment_scripts_only(open_cv)
[1.001s] INFO:colcon.colcon_core.shell:Creating package script '/home/pmlab/yueju/change/install/open_cv/share/open_cv/package.ps1'
[1.002s] INFO:colcon.colcon_core.shell:Creating package descriptor '/home/pmlab/yueju/change/install/open_cv/share/open_cv/package.dsv'
[1.003s] INFO:colcon.colcon_core.shell:Creating package script '/home/pmlab/yueju/change/install/open_cv/share/open_cv/package.sh'
[1.004s] INFO:colcon.colcon_core.shell:Creating package script '/home/pmlab/yueju/change/install/open_cv/share/open_cv/package.bash'
[1.005s] INFO:colcon.colcon_core.shell:Creating package script '/home/pmlab/yueju/change/install/open_cv/share/open_cv/package.zsh'
[1.006s] Level 1:colcon.colcon_core.environment:create_file_with_runtime_dependencies(/home/pmlab/yueju/change/install/open_cv/share/colcon-core/packages/open_cv)
[1.007s] INFO:colcon.colcon_ros.task.ament_cmake.build:Building ROS package in '/home/pmlab/yueju/change/pm_bringup' with build type 'ament_cmake'
[1.007s] INFO:colcon.colcon_cmake.task.cmake.build:Building CMake package in '/home/pmlab/yueju/change/pm_bringup'
[1.009s] INFO:colcon.colcon_core.shell:Skip shell extension 'powershell' for command environment: Not usable outside of PowerShell
[1.009s] DEBUG:colcon.colcon_core.shell:Skip shell extension 'dsv' for command environment
[1.023s] DEBUG:colcon.colcon_core.event_handler.log_command:Invoking command in '/home/pmlab/yueju/change/build/pm_bringup': AMENT_PREFIX_PATH=/home/pmlab/yueju/change/install/open_cv:/home/pmlab/yueju/change/install/pm_bringup:/home/pmlab/ros2_ws/install/robot_startup:/home/pmlab/ros2_ws/install/programming_fw_pkg:/home/pmlab/ros2_ws/install/pm_robot_moveit_config:/home/pmlab/ros2_ws/install/pm_robot_control_test:/home/pmlab/ros2_ws/install/pm_robot_interfaces:/home/pmlab/ros2_ws/install/pm_robot_gazebo:/home/pmlab/ros2_ws/install/pm_robot_description:/home/pmlab/ros2_ws/install/pm_robot_control:/home/pmlab/ros2_ws/install/pm_robot_cameras:/home/pmlab/ros2_ws/install/pm_robot_bringup:/home/pmlab/ros2_ws/install/pm_pneumatic_controller:/home/pmlab/ros2_ws/install/pm_lights_controller:/home/pmlab/ros2_ws/install/pm_msgs:/home/pmlab/ros2_ws/install/pm_hardware_interface:/home/pmlab/ros2_ws/install/pm_client:/home/pmlab/ros2_ws/install/open62541:/home/pmlab/ros2_ws/install/opcua_server:/opt/ros/humble CMAKE_PREFIX_PATH=${CMAKE_PREFIX_PATH}:/home/pmlab/yueju/change/install/open_cv:/home/pmlab/ros2_ws/install/programming_fw_pkg:/home/pmlab/ros2_ws/install/pm_robot_control_test:/opt/ros/humble /usr/bin/cmake --build /home/pmlab/yueju/change/build/pm_bringup -- -j24 -l24
[1.047s] DEBUG:colcon.colcon_core.event_handler.log_command:Invoked command in '/home/pmlab/yueju/change/build/pm_bringup' returned '0': AMENT_PREFIX_PATH=/home/pmlab/yueju/change/install/open_cv:/home/pmlab/yueju/change/install/pm_bringup:/home/pmlab/ros2_ws/install/robot_startup:/home/pmlab/ros2_ws/install/programming_fw_pkg:/home/pmlab/ros2_ws/install/pm_robot_moveit_config:/home/pmlab/ros2_ws/install/pm_robot_control_test:/home/pmlab/ros2_ws/install/pm_robot_interfaces:/home/pmlab/ros2_ws/install/pm_robot_gazebo:/home/pmlab/ros2_ws/install/pm_robot_description:/home/pmlab/ros2_ws/install/pm_robot_control:/home/pmlab/ros2_ws/install/pm_robot_cameras:/home/pmlab/ros2_ws/install/pm_robot_bringup:/home/pmlab/ros2_ws/install/pm_pneumatic_controller:/home/pmlab/ros2_ws/install/pm_lights_controller:/home/pmlab/ros2_ws/install/pm_msgs:/home/pmlab/ros2_ws/install/pm_hardware_interface:/home/pmlab/ros2_ws/install/pm_client:/home/pmlab/ros2_ws/install/open62541:/home/pmlab/ros2_ws/install/opcua_server:/opt/ros/humble CMAKE_PREFIX_PATH=${CMAKE_PREFIX_PATH}:/home/pmlab/yueju/change/install/open_cv:/home/pmlab/ros2_ws/install/programming_fw_pkg:/home/pmlab/ros2_ws/install/pm_robot_control_test:/opt/ros/humble /usr/bin/cmake --build /home/pmlab/yueju/change/build/pm_bringup -- -j24 -l24
[1.067s] DEBUG:colcon.colcon_core.event_handler.log_command:Invoking command in '/home/pmlab/yueju/change/build/pm_bringup': AMENT_PREFIX_PATH=/home/pmlab/yueju/change/install/open_cv:/home/pmlab/yueju/change/install/pm_bringup:/home/pmlab/ros2_ws/install/robot_startup:/home/pmlab/ros2_ws/install/programming_fw_pkg:/home/pmlab/ros2_ws/install/pm_robot_moveit_config:/home/pmlab/ros2_ws/install/pm_robot_control_test:/home/pmlab/ros2_ws/install/pm_robot_interfaces:/home/pmlab/ros2_ws/install/pm_robot_gazebo:/home/pmlab/ros2_ws/install/pm_robot_description:/home/pmlab/ros2_ws/install/pm_robot_control:/home/pmlab/ros2_ws/install/pm_robot_cameras:/home/pmlab/ros2_ws/install/pm_robot_bringup:/home/pmlab/ros2_ws/install/pm_pneumatic_controller:/home/pmlab/ros2_ws/install/pm_lights_controller:/home/pmlab/ros2_ws/install/pm_msgs:/home/pmlab/ros2_ws/install/pm_hardware_interface:/home/pmlab/ros2_ws/install/pm_client:/home/pmlab/ros2_ws/install/open62541:/home/pmlab/ros2_ws/install/opcua_server:/opt/ros/humble CMAKE_PREFIX_PATH=${CMAKE_PREFIX_PATH}:/home/pmlab/yueju/change/install/open_cv:/home/pmlab/ros2_ws/install/programming_fw_pkg:/home/pmlab/ros2_ws/install/pm_robot_control_test:/opt/ros/humble /usr/bin/cmake --install /home/pmlab/yueju/change/build/pm_bringup
[1.074s] Level 1:colcon.colcon_core.environment:create_environment_scripts_only(pm_bringup)
[1.076s] Level 1:colcon.colcon_core.environment:checking '/home/pmlab/yueju/change/install/pm_bringup' for CMake module files
[1.077s] DEBUG:colcon.colcon_core.event_handler.log_command:Invoked command in '/home/pmlab/yueju/change/build/pm_bringup' returned '0': AMENT_PREFIX_PATH=/home/pmlab/yueju/change/install/open_cv:/home/pmlab/yueju/change/install/pm_bringup:/home/pmlab/ros2_ws/install/robot_startup:/home/pmlab/ros2_ws/install/programming_fw_pkg:/home/pmlab/ros2_ws/install/pm_robot_moveit_config:/home/pmlab/ros2_ws/install/pm_robot_control_test:/home/pmlab/ros2_ws/install/pm_robot_interfaces:/home/pmlab/ros2_ws/install/pm_robot_gazebo:/home/pmlab/ros2_ws/install/pm_robot_description:/home/pmlab/ros2_ws/install/pm_robot_control:/home/pmlab/ros2_ws/install/pm_robot_cameras:/home/pmlab/ros2_ws/install/pm_robot_bringup:/home/pmlab/ros2_ws/install/pm_pneumatic_controller:/home/pmlab/ros2_ws/install/pm_lights_controller:/home/pmlab/ros2_ws/install/pm_msgs:/home/pmlab/ros2_ws/install/pm_hardware_interface:/home/pmlab/ros2_ws/install/pm_client:/home/pmlab/ros2_ws/install/open62541:/home/pmlab/ros2_ws/install/opcua_server:/opt/ros/humble CMAKE_PREFIX_PATH=${CMAKE_PREFIX_PATH}:/home/pmlab/yueju/change/install/open_cv:/home/pmlab/ros2_ws/install/programming_fw_pkg:/home/pmlab/ros2_ws/install/pm_robot_control_test:/opt/ros/humble /usr/bin/cmake --install /home/pmlab/yueju/change/build/pm_bringup
[1.077s] Level 1:colcon.colcon_core.environment:checking '/home/pmlab/yueju/change/install/pm_bringup' for CMake config files
[1.077s] Level 1:colcon.colcon_core.shell:create_environment_hook('pm_bringup', 'cmake_prefix_path')
[1.079s] INFO:colcon.colcon_core.shell:Creating environment hook '/home/pmlab/yueju/change/install/pm_bringup/share/pm_bringup/hook/cmake_prefix_path.ps1'
[1.080s] INFO:colcon.colcon_core.shell:Creating environment descriptor '/home/pmlab/yueju/change/install/pm_bringup/share/pm_bringup/hook/cmake_prefix_path.dsv'
[1.080s] INFO:colcon.colcon_core.shell:Creating environment hook '/home/pmlab/yueju/change/install/pm_bringup/share/pm_bringup/hook/cmake_prefix_path.sh'
[1.081s] Level 1:colcon.colcon_core.environment:checking '/home/pmlab/yueju/change/install/pm_bringup/bin'
[1.081s] Level 1:colcon.colcon_core.environment:checking '/home/pmlab/yueju/change/install/pm_bringup/lib/pkgconfig/pm_bringup.pc'
[1.081s] Level 1:colcon.colcon_core.environment:checking '/home/pmlab/yueju/change/install/pm_bringup/lib/python3.10/site-packages'
[1.082s] Level 1:colcon.colcon_core.environment:checking '/home/pmlab/yueju/change/install/pm_bringup/bin'
[1.083s] INFO:colcon.colcon_core.shell:Creating package script '/home/pmlab/yueju/change/install/pm_bringup/share/pm_bringup/package.ps1'
[1.084s] INFO:colcon.colcon_core.shell:Creating package descriptor '/home/pmlab/yueju/change/install/pm_bringup/share/pm_bringup/package.dsv'
[1.084s] INFO:colcon.colcon_core.shell:Creating package script '/home/pmlab/yueju/change/install/pm_bringup/share/pm_bringup/package.sh'
[1.085s] INFO:colcon.colcon_core.shell:Creating package script '/home/pmlab/yueju/change/install/pm_bringup/share/pm_bringup/package.bash'
[1.085s] INFO:colcon.colcon_core.shell:Creating package script '/home/pmlab/yueju/change/install/pm_bringup/share/pm_bringup/package.zsh'
[1.085s] Level 1:colcon.colcon_core.environment:create_file_with_runtime_dependencies(/home/pmlab/yueju/change/install/pm_bringup/share/colcon-core/packages/pm_bringup)
[1.102s] Level 1:colcon.colcon_core.environment:create_environment_scripts_only(pm_bringup)
[1.104s] Level 1:colcon.colcon_core.environment:checking '/home/pmlab/yueju/change/install/pm_bringup' for CMake module files
[1.104s] Level 1:colcon.colcon_core.environment:checking '/home/pmlab/yueju/change/install/pm_bringup' for CMake config files
[1.104s] Level 1:colcon.colcon_core.shell:create_environment_hook('pm_bringup', 'cmake_prefix_path')
[1.106s] INFO:colcon.colcon_core.shell:Creating environment hook '/home/pmlab/yueju/change/install/pm_bringup/share/pm_bringup/hook/cmake_prefix_path.ps1'
[1.106s] INFO:colcon.colcon_core.shell:Creating environment descriptor '/home/pmlab/yueju/change/install/pm_bringup/share/pm_bringup/hook/cmake_prefix_path.dsv'
[1.106s] INFO:colcon.colcon_core.shell:Creating environment hook '/home/pmlab/yueju/change/install/pm_bringup/share/pm_bringup/hook/cmake_prefix_path.sh'
[1.107s] Level 1:colcon.colcon_core.environment:checking '/home/pmlab/yueju/change/install/pm_bringup/bin'
[1.107s] Level 1:colcon.colcon_core.environment:checking '/home/pmlab/yueju/change/install/pm_bringup/lib/pkgconfig/pm_bringup.pc'
[1.107s] Level 1:colcon.colcon_core.environment:checking '/home/pmlab/yueju/change/install/pm_bringup/lib/python3.10/site-packages'
[1.107s] Level 1:colcon.colcon_core.environment:checking '/home/pmlab/yueju/change/install/pm_bringup/bin'
[1.108s] INFO:colcon.colcon_core.shell:Creating package script '/home/pmlab/yueju/change/install/pm_bringup/share/pm_bringup/package.ps1'
[1.109s] INFO:colcon.colcon_core.shell:Creating package descriptor '/home/pmlab/yueju/change/install/pm_bringup/share/pm_bringup/package.dsv'
[1.109s] INFO:colcon.colcon_core.shell:Creating package script '/home/pmlab/yueju/change/install/pm_bringup/share/pm_bringup/package.sh'
[1.110s] INFO:colcon.colcon_core.shell:Creating package script '/home/pmlab/yueju/change/install/pm_bringup/share/pm_bringup/package.bash'
[1.110s] INFO:colcon.colcon_core.shell:Creating package script '/home/pmlab/yueju/change/install/pm_bringup/share/pm_bringup/package.zsh'
[1.110s] Level 1:colcon.colcon_core.environment:create_file_with_runtime_dependencies(/home/pmlab/yueju/change/install/pm_bringup/share/colcon-core/packages/pm_bringup)
[1.110s] DEBUG:colcon.colcon_parallel_executor.executor.parallel:closing loop
[1.111s] DEBUG:colcon.colcon_parallel_executor.executor.parallel:loop closed
[1.111s] DEBUG:colcon.colcon_parallel_executor.executor.parallel:run_until_complete finished with '0'
[1.111s] DEBUG:colcon.colcon_core.event_reactor:joining thread
[1.115s] INFO:colcon.colcon_core.plugin_system:Skipping extension 'colcon_notification.desktop_notification.terminal_notifier': Not used on non-Darwin systems
[1.115s] INFO:colcon.colcon_core.plugin_system:Skipping extension 'colcon_notification.desktop_notification.win32': Not used on non-Windows systems
[1.115s] INFO:colcon.colcon_notification.desktop_notification:Sending desktop notification using 'notify2'
[1.121s] DEBUG:colcon.colcon_core.event_reactor:joined thread
[1.123s] INFO:colcon.colcon_core.shell:Creating prefix script '/home/pmlab/yueju/change/install/local_setup.ps1'
[1.124s] INFO:colcon.colcon_core.shell:Creating prefix util module '/home/pmlab/yueju/change/install/_local_setup_util_ps1.py'
[1.125s] INFO:colcon.colcon_core.shell:Creating prefix chain script '/home/pmlab/yueju/change/install/setup.ps1'
[1.127s] INFO:colcon.colcon_core.shell:Creating prefix script '/home/pmlab/yueju/change/install/local_setup.sh'
[1.127s] INFO:colcon.colcon_core.shell:Creating prefix util module '/home/pmlab/yueju/change/install/_local_setup_util_sh.py'
[1.128s] INFO:colcon.colcon_core.shell:Creating prefix chain script '/home/pmlab/yueju/change/install/setup.sh'
[1.130s] INFO:colcon.colcon_core.shell:Creating prefix script '/home/pmlab/yueju/change/install/local_setup.bash'
[1.130s] INFO:colcon.colcon_core.shell:Creating prefix chain script '/home/pmlab/yueju/change/install/setup.bash'
[1.132s] INFO:colcon.colcon_core.shell:Creating prefix script '/home/pmlab/yueju/change/install/local_setup.zsh'
[1.132s] INFO:colcon.colcon_core.shell:Creating prefix chain script '/home/pmlab/yueju/change/install/setup.zsh'
