[0.246s] DEBUG:colcon:Command line arguments: ['/usr/bin/colcon', 'build']
[0.246s] DEBUG:colcon:Parsed command line arguments: Namespace(log_base=None, log_level=None, verb_name='build', build_base='build', install_base='install', merge_install=False, symlink_install=False, test_result_base=None, continue_on_error=False, executor='parallel', parallel_workers=8, event_handlers=None, ignore_user_meta=False, metas=['./colcon.meta'], base_paths=['.'], packages_ignore=None, packages_ignore_regex=None, paths=None, packages_up_to=None, packages_up_to_regex=None, packages_above=None, packages_above_and_dependencies=None, packages_above_depth=None, packages_select_by_dep=None, packages_skip_by_dep=None, packages_skip_up_to=None, packages_select_build_failed=False, packages_skip_build_finished=False, packages_select_test_failures=False, packages_skip_test_passed=False, packages_select=None, packages_skip=None, packages_select_regex=None, packages_skip_regex=None, packages_start=None, packages_end=None, allow_overriding=[], cmake_args=None, cmake_target=None, cmake_target_skip_unavailable=False, cmake_clean_cache=False, cmake_clean_first=False, cmake_force_configure=False, ament_cmake_args=None, catkin_cmake_args=None, catkin_skip_building_tests=False, verb_parser=<colcon_defaults.argument_parser.defaults.DefaultArgumentsDecorator object at 0x7ff824f3f580>, verb_extension=<colcon_core.verb.build.BuildVerb object at 0x7ff825099090>, main=<bound method BuildVerb.main of <colcon_core.verb.build.BuildVerb object at 0x7ff825099090>>)
[0.274s] Level 1:colcon.colcon_core.package_discovery:discover_packages(colcon_meta) check parameters
[0.274s] Level 1:colcon.colcon_core.package_discovery:discover_packages(recursive) check parameters
[0.274s] Level 1:colcon.colcon_core.package_discovery:discover_packages(ignore) check parameters
[0.274s] Level 1:colcon.colcon_core.package_discovery:discover_packages(path) check parameters
[0.274s] Level 1:colcon.colcon_core.package_discovery:discover_packages(colcon_meta) discover
[0.274s] Level 1:colcon.colcon_core.package_discovery:discover_packages(recursive) discover
[0.274s] INFO:colcon.colcon_core.package_discovery:Crawling recursively for packages in '/home/yueju/led'
[0.274s] Level 1:colcon.colcon_core.package_identification:_identify(.) by extensions ['ignore', 'ignore_ament_install']
[0.274s] Level 1:colcon.colcon_core.package_identification:_identify(.) by extension 'ignore'
[0.274s] Level 1:colcon.colcon_core.package_identification:_identify(.) by extension 'ignore_ament_install'
[0.274s] Level 1:colcon.colcon_core.package_identification:_identify(.) by extensions ['colcon_pkg']
[0.274s] Level 1:colcon.colcon_core.package_identification:_identify(.) by extension 'colcon_pkg'
[0.274s] Level 1:colcon.colcon_core.package_identification:_identify(.) by extensions ['colcon_meta']
[0.274s] Level 1:colcon.colcon_core.package_identification:_identify(.) by extension 'colcon_meta'
[0.274s] Level 1:colcon.colcon_core.package_identification:_identify(.) by extensions ['ros']
[0.274s] Level 1:colcon.colcon_core.package_identification:_identify(.) by extension 'ros'
[0.287s] Level 1:colcon.colcon_core.package_identification:_identify(.) by extensions ['cmake', 'python']
[0.287s] Level 1:colcon.colcon_core.package_identification:_identify(.) by extension 'cmake'
[0.288s] Level 1:colcon.colcon_core.package_identification:_identify(.) by extension 'python'
[0.288s] Level 1:colcon.colcon_core.package_identification:_identify(.) by extensions ['python_setup_py']
[0.288s] Level 1:colcon.colcon_core.package_identification:_identify(.) by extension 'python_setup_py'
[0.288s] Level 1:colcon.colcon_core.package_identification:_identify(build) by extensions ['ignore', 'ignore_ament_install']
[0.288s] Level 1:colcon.colcon_core.package_identification:_identify(build) by extension 'ignore'
[0.288s] Level 1:colcon.colcon_core.package_identification:_identify(build) ignored
[0.288s] Level 1:colcon.colcon_core.package_identification:_identify(install) by extensions ['ignore', 'ignore_ament_install']
[0.288s] Level 1:colcon.colcon_core.package_identification:_identify(install) by extension 'ignore'
[0.288s] Level 1:colcon.colcon_core.package_identification:_identify(install) ignored
[0.288s] Level 1:colcon.colcon_core.package_identification:_identify(log) by extensions ['ignore', 'ignore_ament_install']
[0.288s] Level 1:colcon.colcon_core.package_identification:_identify(log) by extension 'ignore'
[0.289s] Level 1:colcon.colcon_core.package_identification:_identify(log) ignored
[0.289s] Level 1:colcon.colcon_core.package_identification:_identify(match_pm_robot) by extensions ['ignore', 'ignore_ament_install']
[0.289s] Level 1:colcon.colcon_core.package_identification:_identify(match_pm_robot) by extension 'ignore'
[0.289s] Level 1:colcon.colcon_core.package_identification:_identify(match_pm_robot) by extension 'ignore_ament_install'
[0.289s] Level 1:colcon.colcon_core.package_identification:_identify(match_pm_robot) by extensions ['colcon_pkg']
[0.289s] Level 1:colcon.colcon_core.package_identification:_identify(match_pm_robot) by extension 'colcon_pkg'
[0.289s] Level 1:colcon.colcon_core.package_identification:_identify(match_pm_robot) by extensions ['colcon_meta']
[0.289s] Level 1:colcon.colcon_core.package_identification:_identify(match_pm_robot) by extension 'colcon_meta'
[0.289s] Level 1:colcon.colcon_core.package_identification:_identify(match_pm_robot) by extensions ['ros']
[0.289s] Level 1:colcon.colcon_core.package_identification:_identify(match_pm_robot) by extension 'ros'
[0.289s] Level 1:colcon.colcon_core.package_identification:_identify(match_pm_robot) by extensions ['cmake', 'python']
[0.289s] Level 1:colcon.colcon_core.package_identification:_identify(match_pm_robot) by extension 'cmake'
[0.289s] Level 1:colcon.colcon_core.package_identification:_identify(match_pm_robot) by extension 'python'
[0.289s] Level 1:colcon.colcon_core.package_identification:_identify(match_pm_robot) by extensions ['python_setup_py']
[0.289s] Level 1:colcon.colcon_core.package_identification:_identify(match_pm_robot) by extension 'python_setup_py'
[0.289s] Level 1:colcon.colcon_core.package_identification:_identify(open_cv) by extensions ['ignore', 'ignore_ament_install']
[0.289s] Level 1:colcon.colcon_core.package_identification:_identify(open_cv) by extension 'ignore'
[0.289s] Level 1:colcon.colcon_core.package_identification:_identify(open_cv) by extension 'ignore_ament_install'
[0.289s] Level 1:colcon.colcon_core.package_identification:_identify(open_cv) by extensions ['colcon_pkg']
[0.290s] Level 1:colcon.colcon_core.package_identification:_identify(open_cv) by extension 'colcon_pkg'
[0.290s] Level 1:colcon.colcon_core.package_identification:_identify(open_cv) by extensions ['colcon_meta']
[0.290s] Level 1:colcon.colcon_core.package_identification:_identify(open_cv) by extension 'colcon_meta'
[0.290s] Level 1:colcon.colcon_core.package_identification:_identify(open_cv) by extensions ['ros']
[0.290s] Level 1:colcon.colcon_core.package_identification:_identify(open_cv) by extension 'ros'
[0.292s] DEBUG:colcon.colcon_core.package_identification:Package 'open_cv' with type 'ros.ament_python' and name 'open_cv'
[0.292s] Level 1:colcon.colcon_core.package_identification:_identify(pm_bringup) by extensions ['ignore', 'ignore_ament_install']
[0.292s] Level 1:colcon.colcon_core.package_identification:_identify(pm_bringup) by extension 'ignore'
[0.293s] Level 1:colcon.colcon_core.package_identification:_identify(pm_bringup) by extension 'ignore_ament_install'
[0.293s] Level 1:colcon.colcon_core.package_identification:_identify(pm_bringup) by extensions ['colcon_pkg']
[0.293s] Level 1:colcon.colcon_core.package_identification:_identify(pm_bringup) by extension 'colcon_pkg'
[0.293s] Level 1:colcon.colcon_core.package_identification:_identify(pm_bringup) by extensions ['colcon_meta']
[0.293s] Level 1:colcon.colcon_core.package_identification:_identify(pm_bringup) by extension 'colcon_meta'
[0.293s] Level 1:colcon.colcon_core.package_identification:_identify(pm_bringup) by extensions ['ros']
[0.293s] Level 1:colcon.colcon_core.package_identification:_identify(pm_bringup) by extension 'ros'
[0.293s] DEBUG:colcon.colcon_core.package_identification:Package 'pm_bringup' with type 'ros.ament_cmake' and name 'pm_bringup'
[0.293s] Level 1:colcon.colcon_core.package_discovery:discover_packages(recursive) using defaults
[0.293s] Level 1:colcon.colcon_core.package_discovery:discover_packages(ignore) discover
[0.293s] Level 1:colcon.colcon_core.package_discovery:discover_packages(ignore) using defaults
[0.293s] Level 1:colcon.colcon_core.package_discovery:discover_packages(path) discover
[0.293s] Level 1:colcon.colcon_core.package_discovery:discover_packages(path) using defaults
[0.314s] Level 1:colcon.colcon_core.package_discovery:discover_packages(prefix_path) check parameters
[0.314s] Level 1:colcon.colcon_core.package_discovery:discover_packages(prefix_path) discover
[0.317s] DEBUG:colcon.colcon_installed_package_information.package_discovery:Found 5 installed packages in /home/yueju/match_pm_robot/install
[0.318s] DEBUG:colcon.colcon_installed_package_information.package_discovery:Found 321 installed packages in /opt/ros/humble
[0.320s] Level 1:colcon.colcon_core.package_discovery:discover_packages(prefix_path) using defaults
[0.376s] Level 5:colcon.colcon_core.verb:set package 'open_cv' build argument 'cmake_args' from command line to 'None'
[0.376s] Level 5:colcon.colcon_core.verb:set package 'open_cv' build argument 'cmake_target' from command line to 'None'
[0.376s] Level 5:colcon.colcon_core.verb:set package 'open_cv' build argument 'cmake_target_skip_unavailable' from command line to 'False'
[0.376s] Level 5:colcon.colcon_core.verb:set package 'open_cv' build argument 'cmake_clean_cache' from command line to 'False'
[0.376s] Level 5:colcon.colcon_core.verb:set package 'open_cv' build argument 'cmake_clean_first' from command line to 'False'
[0.376s] Level 5:colcon.colcon_core.verb:set package 'open_cv' build argument 'cmake_force_configure' from command line to 'False'
[0.376s] Level 5:colcon.colcon_core.verb:set package 'open_cv' build argument 'ament_cmake_args' from command line to 'None'
[0.376s] Level 5:colcon.colcon_core.verb:set package 'open_cv' build argument 'catkin_cmake_args' from command line to 'None'
[0.376s] Level 5:colcon.colcon_core.verb:set package 'open_cv' build argument 'catkin_skip_building_tests' from command line to 'False'
[0.376s] DEBUG:colcon.colcon_core.verb:Building package 'open_cv' with the following arguments: {'ament_cmake_args': None, 'build_base': '/home/yueju/led/build/open_cv', 'catkin_cmake_args': None, 'catkin_skip_building_tests': False, 'cmake_args': None, 'cmake_clean_cache': False, 'cmake_clean_first': False, 'cmake_force_configure': False, 'cmake_target': None, 'cmake_target_skip_unavailable': False, 'install_base': '/home/yueju/led/install/open_cv', 'merge_install': False, 'path': '/home/yueju/led/open_cv', 'symlink_install': False, 'test_result_base': None}
[0.377s] Level 5:colcon.colcon_core.verb:set package 'pm_bringup' build argument 'cmake_args' from command line to 'None'
[0.377s] Level 5:colcon.colcon_core.verb:set package 'pm_bringup' build argument 'cmake_target' from command line to 'None'
[0.377s] Level 5:colcon.colcon_core.verb:set package 'pm_bringup' build argument 'cmake_target_skip_unavailable' from command line to 'False'
[0.377s] Level 5:colcon.colcon_core.verb:set package 'pm_bringup' build argument 'cmake_clean_cache' from command line to 'False'
[0.377s] Level 5:colcon.colcon_core.verb:set package 'pm_bringup' build argument 'cmake_clean_first' from command line to 'False'
[0.377s] Level 5:colcon.colcon_core.verb:set package 'pm_bringup' build argument 'cmake_force_configure' from command line to 'False'
[0.377s] Level 5:colcon.colcon_core.verb:set package 'pm_bringup' build argument 'ament_cmake_args' from command line to 'None'
[0.377s] Level 5:colcon.colcon_core.verb:set package 'pm_bringup' build argument 'catkin_cmake_args' from command line to 'None'
[0.377s] Level 5:colcon.colcon_core.verb:set package 'pm_bringup' build argument 'catkin_skip_building_tests' from command line to 'False'
[0.377s] DEBUG:colcon.colcon_core.verb:Building package 'pm_bringup' with the following arguments: {'ament_cmake_args': None, 'build_base': '/home/yueju/led/build/pm_bringup', 'catkin_cmake_args': None, 'catkin_skip_building_tests': False, 'cmake_args': None, 'cmake_clean_cache': False, 'cmake_clean_first': False, 'cmake_force_configure': False, 'cmake_target': None, 'cmake_target_skip_unavailable': False, 'install_base': '/home/yueju/led/install/pm_bringup', 'merge_install': False, 'path': '/home/yueju/led/pm_bringup', 'symlink_install': False, 'test_result_base': None}
[0.378s] INFO:colcon.colcon_core.executor:Executing jobs using 'parallel' executor
[0.381s] DEBUG:colcon.colcon_parallel_executor.executor.parallel:run_until_complete
[0.381s] INFO:colcon.colcon_ros.task.ament_python.build:Building ROS package in '/home/yueju/led/open_cv' with build type 'ament_python'
[0.381s] Level 1:colcon.colcon_core.shell:create_environment_hook('open_cv', 'ament_prefix_path')
[0.385s] INFO:colcon.colcon_core.plugin_system:Skipping extension 'colcon_core.shell.bat': Not used on non-Windows systems
[0.385s] INFO:colcon.colcon_core.shell:Creating environment hook '/home/yueju/led/install/open_cv/share/open_cv/hook/ament_prefix_path.ps1'
[0.385s] INFO:colcon.colcon_core.shell:Creating environment descriptor '/home/yueju/led/install/open_cv/share/open_cv/hook/ament_prefix_path.dsv'
[0.386s] INFO:colcon.colcon_core.shell:Creating environment hook '/home/yueju/led/install/open_cv/share/open_cv/hook/ament_prefix_path.sh'
[0.388s] INFO:colcon.colcon_core.shell:Skip shell extension 'powershell' for command environment: Not usable outside of PowerShell
[0.388s] DEBUG:colcon.colcon_core.shell:Skip shell extension 'dsv' for command environment
[0.563s] INFO:colcon.colcon_core.task.python.build:Building Python package in '/home/yueju/led/open_cv'
[0.565s] INFO:colcon.colcon_core.shell:Skip shell extension 'powershell' for command environment: Not usable outside of PowerShell
[0.565s] DEBUG:colcon.colcon_core.shell:Skip shell extension 'dsv' for command environment
[1.039s] DEBUG:colcon.colcon_core.event_handler.log_command:Invoking command in '/home/yueju/led/open_cv': PYTHONPATH=/home/yueju/led/build/open_cv/prefix_override:/home/yueju/led/install/open_cv/lib/python3.10/site-packages:${PYTHONPATH} /usr/bin/python3 setup.py egg_info --egg-base ../build/open_cv build --build-base /home/yueju/led/build/open_cv/build install --record /home/yueju/led/build/open_cv/install.log --single-version-externally-managed
[1.483s] DEBUG:colcon.colcon_core.event_handler.log_command:Invoked command in '/home/yueju/led/open_cv' returned '0': PYTHONPATH=/home/yueju/led/build/open_cv/prefix_override:/home/yueju/led/install/open_cv/lib/python3.10/site-packages:${PYTHONPATH} /usr/bin/python3 setup.py egg_info --egg-base ../build/open_cv build --build-base /home/yueju/led/build/open_cv/build install --record /home/yueju/led/build/open_cv/install.log --single-version-externally-managed
[1.486s] Level 1:colcon.colcon_core.environment:checking '/home/yueju/led/install/open_cv' for CMake module files
[1.486s] Level 1:colcon.colcon_core.environment:checking '/home/yueju/led/install/open_cv' for CMake config files
[1.487s] Level 1:colcon.colcon_core.environment:checking '/home/yueju/led/install/open_cv/lib'
[1.487s] Level 1:colcon.colcon_core.environment:checking '/home/yueju/led/install/open_cv/bin'
[1.487s] Level 1:colcon.colcon_core.environment:checking '/home/yueju/led/install/open_cv/lib/pkgconfig/open_cv.pc'
[1.488s] Level 1:colcon.colcon_core.environment:checking '/home/yueju/led/install/open_cv/lib/python3.10/site-packages'
[1.488s] Level 1:colcon.colcon_core.shell:create_environment_hook('open_cv', 'pythonpath')
[1.489s] INFO:colcon.colcon_core.shell:Creating environment hook '/home/yueju/led/install/open_cv/share/open_cv/hook/pythonpath.ps1'
[1.489s] INFO:colcon.colcon_core.shell:Creating environment descriptor '/home/yueju/led/install/open_cv/share/open_cv/hook/pythonpath.dsv'
[1.489s] INFO:colcon.colcon_core.shell:Creating environment hook '/home/yueju/led/install/open_cv/share/open_cv/hook/pythonpath.sh'
[1.490s] Level 1:colcon.colcon_core.environment:checking '/home/yueju/led/install/open_cv/bin'
[1.490s] Level 1:colcon.colcon_core.environment:create_environment_scripts_only(open_cv)
[1.492s] INFO:colcon.colcon_core.shell:Creating package script '/home/yueju/led/install/open_cv/share/open_cv/package.ps1'
[1.493s] INFO:colcon.colcon_core.shell:Creating package descriptor '/home/yueju/led/install/open_cv/share/open_cv/package.dsv'
[1.493s] INFO:colcon.colcon_core.shell:Creating package script '/home/yueju/led/install/open_cv/share/open_cv/package.sh'
[1.494s] INFO:colcon.colcon_core.shell:Creating package script '/home/yueju/led/install/open_cv/share/open_cv/package.bash'
[1.495s] INFO:colcon.colcon_core.shell:Creating package script '/home/yueju/led/install/open_cv/share/open_cv/package.zsh'
[1.495s] Level 1:colcon.colcon_core.environment:create_file_with_runtime_dependencies(/home/yueju/led/install/open_cv/share/colcon-core/packages/open_cv)
[1.496s] INFO:colcon.colcon_ros.task.ament_cmake.build:Building ROS package in '/home/yueju/led/pm_bringup' with build type 'ament_cmake'
[1.496s] INFO:colcon.colcon_cmake.task.cmake.build:Building CMake package in '/home/yueju/led/pm_bringup'
[1.497s] INFO:colcon.colcon_core.shell:Skip shell extension 'powershell' for command environment: Not usable outside of PowerShell
[1.497s] DEBUG:colcon.colcon_core.shell:Skip shell extension 'dsv' for command environment
[1.507s] DEBUG:colcon.colcon_core.event_handler.log_command:Invoking command in '/home/yueju/led/build/pm_bringup': AMENT_PREFIX_PATH=/home/yueju/led/install/open_cv:${AMENT_PREFIX_PATH} CMAKE_PREFIX_PATH=${CMAKE_PREFIX_PATH}:/home/yueju/match_pm_robot/install/pm_robot_control_test:/opt/ros/humble PYTHONPATH=/home/yueju/led/install/open_cv/lib/python3.10/site-packages:${PYTHONPATH} /usr/bin/cmake --build /home/yueju/led/build/pm_bringup -- -j8 -l8
[1.745s] DEBUG:colcon.colcon_core.event_handler.log_command:Invoked command in '/home/yueju/led/build/pm_bringup' returned '0': AMENT_PREFIX_PATH=/home/yueju/led/install/open_cv:${AMENT_PREFIX_PATH} CMAKE_PREFIX_PATH=${CMAKE_PREFIX_PATH}:/home/yueju/match_pm_robot/install/pm_robot_control_test:/opt/ros/humble PYTHONPATH=/home/yueju/led/install/open_cv/lib/python3.10/site-packages:${PYTHONPATH} /usr/bin/cmake --build /home/yueju/led/build/pm_bringup -- -j8 -l8
[1.773s] DEBUG:colcon.colcon_core.event_handler.log_command:Invoking command in '/home/yueju/led/build/pm_bringup': AMENT_PREFIX_PATH=/home/yueju/led/install/open_cv:${AMENT_PREFIX_PATH} CMAKE_PREFIX_PATH=${CMAKE_PREFIX_PATH}:/home/yueju/match_pm_robot/install/pm_robot_control_test:/opt/ros/humble PYTHONPATH=/home/yueju/led/install/open_cv/lib/python3.10/site-packages:${PYTHONPATH} /usr/bin/cmake --install /home/yueju/led/build/pm_bringup
[1.783s] Level 1:colcon.colcon_core.environment:create_environment_scripts_only(pm_bringup)
[1.786s] Level 1:colcon.colcon_core.environment:checking '/home/yueju/led/install/pm_bringup' for CMake module files
[1.787s] DEBUG:colcon.colcon_core.event_handler.log_command:Invoked command in '/home/yueju/led/build/pm_bringup' returned '0': AMENT_PREFIX_PATH=/home/yueju/led/install/open_cv:${AMENT_PREFIX_PATH} CMAKE_PREFIX_PATH=${CMAKE_PREFIX_PATH}:/home/yueju/match_pm_robot/install/pm_robot_control_test:/opt/ros/humble PYTHONPATH=/home/yueju/led/install/open_cv/lib/python3.10/site-packages:${PYTHONPATH} /usr/bin/cmake --install /home/yueju/led/build/pm_bringup
[1.787s] Level 1:colcon.colcon_core.environment:checking '/home/yueju/led/install/pm_bringup' for CMake config files
[1.787s] Level 1:colcon.colcon_core.shell:create_environment_hook('pm_bringup', 'cmake_prefix_path')
[1.789s] INFO:colcon.colcon_core.shell:Creating environment hook '/home/yueju/led/install/pm_bringup/share/pm_bringup/hook/cmake_prefix_path.ps1'
[1.790s] INFO:colcon.colcon_core.shell:Creating environment descriptor '/home/yueju/led/install/pm_bringup/share/pm_bringup/hook/cmake_prefix_path.dsv'
[1.790s] INFO:colcon.colcon_core.shell:Creating environment hook '/home/yueju/led/install/pm_bringup/share/pm_bringup/hook/cmake_prefix_path.sh'
[1.791s] Level 1:colcon.colcon_core.environment:checking '/home/yueju/led/install/pm_bringup/bin'
[1.791s] Level 1:colcon.colcon_core.environment:checking '/home/yueju/led/install/pm_bringup/lib/pkgconfig/pm_bringup.pc'
[1.791s] Level 1:colcon.colcon_core.environment:checking '/home/yueju/led/install/pm_bringup/lib/python3.10/site-packages'
[1.792s] Level 1:colcon.colcon_core.environment:checking '/home/yueju/led/install/pm_bringup/bin'
[1.793s] INFO:colcon.colcon_core.shell:Creating package script '/home/yueju/led/install/pm_bringup/share/pm_bringup/package.ps1'
[1.793s] INFO:colcon.colcon_core.shell:Creating package descriptor '/home/yueju/led/install/pm_bringup/share/pm_bringup/package.dsv'
[1.794s] INFO:colcon.colcon_core.shell:Creating package script '/home/yueju/led/install/pm_bringup/share/pm_bringup/package.sh'
[1.794s] INFO:colcon.colcon_core.shell:Creating package script '/home/yueju/led/install/pm_bringup/share/pm_bringup/package.bash'
[1.794s] INFO:colcon.colcon_core.shell:Creating package script '/home/yueju/led/install/pm_bringup/share/pm_bringup/package.zsh'
[1.795s] Level 1:colcon.colcon_core.environment:create_file_with_runtime_dependencies(/home/yueju/led/install/pm_bringup/share/colcon-core/packages/pm_bringup)
[1.816s] Level 1:colcon.colcon_core.environment:create_environment_scripts_only(pm_bringup)
[1.818s] Level 1:colcon.colcon_core.environment:checking '/home/yueju/led/install/pm_bringup' for CMake module files
[1.818s] Level 1:colcon.colcon_core.environment:checking '/home/yueju/led/install/pm_bringup' for CMake config files
[1.819s] Level 1:colcon.colcon_core.shell:create_environment_hook('pm_bringup', 'cmake_prefix_path')
[1.820s] INFO:colcon.colcon_core.shell:Creating environment hook '/home/yueju/led/install/pm_bringup/share/pm_bringup/hook/cmake_prefix_path.ps1'
[1.820s] INFO:colcon.colcon_core.shell:Creating environment descriptor '/home/yueju/led/install/pm_bringup/share/pm_bringup/hook/cmake_prefix_path.dsv'
[1.820s] INFO:colcon.colcon_core.shell:Creating environment hook '/home/yueju/led/install/pm_bringup/share/pm_bringup/hook/cmake_prefix_path.sh'
[1.821s] Level 1:colcon.colcon_core.environment:checking '/home/yueju/led/install/pm_bringup/bin'
[1.821s] Level 1:colcon.colcon_core.environment:checking '/home/yueju/led/install/pm_bringup/lib/pkgconfig/pm_bringup.pc'
[1.821s] Level 1:colcon.colcon_core.environment:checking '/home/yueju/led/install/pm_bringup/lib/python3.10/site-packages'
[1.821s] Level 1:colcon.colcon_core.environment:checking '/home/yueju/led/install/pm_bringup/bin'
[1.823s] INFO:colcon.colcon_core.shell:Creating package script '/home/yueju/led/install/pm_bringup/share/pm_bringup/package.ps1'
[1.823s] INFO:colcon.colcon_core.shell:Creating package descriptor '/home/yueju/led/install/pm_bringup/share/pm_bringup/package.dsv'
[1.823s] INFO:colcon.colcon_core.shell:Creating package script '/home/yueju/led/install/pm_bringup/share/pm_bringup/package.sh'
[1.824s] INFO:colcon.colcon_core.shell:Creating package script '/home/yueju/led/install/pm_bringup/share/pm_bringup/package.bash'
[1.824s] INFO:colcon.colcon_core.shell:Creating package script '/home/yueju/led/install/pm_bringup/share/pm_bringup/package.zsh'
[1.825s] Level 1:colcon.colcon_core.environment:create_file_with_runtime_dependencies(/home/yueju/led/install/pm_bringup/share/colcon-core/packages/pm_bringup)
[1.825s] DEBUG:colcon.colcon_parallel_executor.executor.parallel:closing loop
[1.825s] DEBUG:colcon.colcon_parallel_executor.executor.parallel:loop closed
[1.825s] DEBUG:colcon.colcon_parallel_executor.executor.parallel:run_until_complete finished with '0'
[1.825s] DEBUG:colcon.colcon_core.event_reactor:joining thread
[1.830s] INFO:colcon.colcon_core.plugin_system:Skipping extension 'colcon_notification.desktop_notification.terminal_notifier': Not used on non-Darwin systems
[1.830s] INFO:colcon.colcon_core.plugin_system:Skipping extension 'colcon_notification.desktop_notification.win32': Not used on non-Windows systems
[1.830s] INFO:colcon.colcon_notification.desktop_notification:Sending desktop notification using 'notify2'
[1.843s] DEBUG:colcon.colcon_core.event_reactor:joined thread
[1.844s] INFO:colcon.colcon_core.shell:Creating prefix script '/home/yueju/led/install/local_setup.ps1'
[1.845s] INFO:colcon.colcon_core.shell:Creating prefix util module '/home/yueju/led/install/_local_setup_util_ps1.py'
[1.847s] INFO:colcon.colcon_core.shell:Creating prefix chain script '/home/yueju/led/install/setup.ps1'
[1.849s] INFO:colcon.colcon_core.shell:Creating prefix script '/home/yueju/led/install/local_setup.sh'
[1.849s] INFO:colcon.colcon_core.shell:Creating prefix util module '/home/yueju/led/install/_local_setup_util_sh.py'
[1.850s] INFO:colcon.colcon_core.shell:Creating prefix chain script '/home/yueju/led/install/setup.sh'
[1.851s] INFO:colcon.colcon_core.shell:Creating prefix script '/home/yueju/led/install/local_setup.bash'
[1.852s] INFO:colcon.colcon_core.shell:Creating prefix chain script '/home/yueju/led/install/setup.bash'
[1.853s] INFO:colcon.colcon_core.shell:Creating prefix script '/home/yueju/led/install/local_setup.zsh'
[1.853s] INFO:colcon.colcon_core.shell:Creating prefix chain script '/home/yueju/led/install/setup.zsh'
