[0.482s] Invoking command in '/home/yueju/led/build/interface': CMAKE_PREFIX_PATH=/opt/ros/humble /usr/bin/cmake --build /home/yueju/led/build/interface -- -j8 -l8
[1.353s] [  2%] Built target interface__cpp
[1.468s] [  2%] Built target ament_cmake_python_copy_interface
[1.645s] [ 12%] Built target interface__rosidl_generator_c
[1.722s] [ 23%] Built target interface__rosidl_typesupport_c
[1.723s] [ 33%] Built target interface__rosidl_typesupport_introspection_c
[1.740s] [ 53%] Built target interface__rosidl_typesupport_cpp
[1.740s] [ 53%] Built target interface__rosidl_typesupport_introspection_cpp
[1.741s] [ 64%] Built target interface__rosidl_typesupport_fastrtps_cpp
[1.840s] [ 74%] Built target interface__rosidl_typesupport_fastrtps_c
[1.841s] running egg_info
[1.841s] writing interface.egg-info/PKG-INFO
[1.842s] writing dependency_links to interface.egg-info/dependency_links.txt
[1.842s] writing top-level names to interface.egg-info/top_level.txt
[1.844s] reading manifest file 'interface.egg-info/SOURCES.txt'
[1.855s] writing manifest file 'interface.egg-info/SOURCES.txt'
[1.861s] [ 74%] Built target interface
[1.880s] [ 74%] Built target ament_cmake_python_build_interface_egg
[1.890s] [ 76%] Built target interface__py
[2.059s] [ 79%] [32mBuilding C object CMakeFiles/interface__rosidl_generator_py.dir/rosidl_generator_py/interface/msg/_led_s.c.o[0m
[2.061s] [ 82%] [32mBuilding C object CMakeFiles/interface__rosidl_generator_py.dir/rosidl_generator_py/interface/srv/_set_led_s.c.o[0m
[3.322s] [ 84%] [32m[1mLinking C shared library rosidl_generator_py/interface/libinterface__rosidl_generator_py.so[0m
[3.580s] [ 84%] Built target interface__rosidl_generator_py
[3.609s] [ 87%] [32mBuilding C object CMakeFiles/interface__rosidl_typesupport_fastrtps_c__pyext.dir/rosidl_generator_py/interface/_interface_s.ep.rosidl_typesupport_fastrtps_c.c.o[0m
[3.610s] [ 89%] [32mBuilding C object CMakeFiles/interface__rosidl_typesupport_introspection_c__pyext.dir/rosidl_generator_py/interface/_interface_s.ep.rosidl_typesupport_introspection_c.c.o[0m
[3.616s] [ 92%] [32mBuilding C object CMakeFiles/interface__rosidl_typesupport_c__pyext.dir/rosidl_generator_py/interface/_interface_s.ep.rosidl_typesupport_c.c.o[0m
[3.750s] [100%] [32m[1mLinking C shared library rosidl_generator_py/interface/interface_s__rosidl_typesupport_introspection_c.cpython-310-x86_64-linux-gnu.so[0m
[3.750s] [100%] [32m[1mLinking C shared library rosidl_generator_py/interface/interface_s__rosidl_typesupport_fastrtps_c.cpython-310-x86_64-linux-gnu.so[0m
[3.750s] [100%] [32m[1mLinking C shared library rosidl_generator_py/interface/interface_s__rosidl_typesupport_c.cpython-310-x86_64-linux-gnu.so[0m
[3.783s] [100%] Built target interface__rosidl_typesupport_introspection_c__pyext
[3.783s] [100%] Built target interface__rosidl_typesupport_c__pyext
[3.785s] [100%] Built target interface__rosidl_typesupport_fastrtps_c__pyext
[3.795s] Invoked command in '/home/yueju/led/build/interface' returned '0': CMAKE_PREFIX_PATH=/opt/ros/humble /usr/bin/cmake --build /home/yueju/led/build/interface -- -j8 -l8
[3.871s] Invoking command in '/home/yueju/led/build/interface': CMAKE_PREFIX_PATH=/opt/ros/humble /usr/bin/cmake --install /home/yueju/led/build/interface
[3.878s] -- Install configuration: ""
[3.896s] -- Up-to-date: /home/yueju/led/install/interface/share/ament_index/resource_index/rosidl_interfaces/interface
[3.897s] -- Up-to-date: /home/yueju/led/install/interface/include/interface/interface
[3.897s] -- Up-to-date: /home/yueju/led/install/interface/include/interface/interface/srv
[3.897s] -- Up-to-date: /home/yueju/led/install/interface/include/interface/interface/srv/detail
[3.902s] -- Up-to-date: /home/yueju/led/install/interface/include/interface/interface/srv/detail/set_led__functions.h
[3.902s] -- Up-to-date: /home/yueju/led/install/interface/include/interface/interface/srv/detail/set_led__type_support.h
[3.902s] -- Up-to-date: /home/yueju/led/install/interface/include/interface/interface/srv/detail/set_led__functions.c
[3.902s] -- Up-to-date: /home/yueju/led/install/interface/include/interface/interface/srv/detail/set_led__struct.h
[3.903s] -- Up-to-date: /home/yueju/led/install/interface/include/interface/interface/srv/set_led.h
[3.903s] -- Up-to-date: /home/yueju/led/install/interface/include/interface/interface/msg
[3.903s] -- Up-to-date: /home/yueju/led/install/interface/include/interface/interface/msg/detail
[3.903s] -- Up-to-date: /home/yueju/led/install/interface/include/interface/interface/msg/detail/led__functions.h
[3.903s] -- Up-to-date: /home/yueju/led/install/interface/include/interface/interface/msg/detail/led__functions.c
[3.903s] -- Up-to-date: /home/yueju/led/install/interface/include/interface/interface/msg/detail/led__type_support.h
[3.903s] -- Up-to-date: /home/yueju/led/install/interface/include/interface/interface/msg/detail/led__struct.h
[3.904s] -- Up-to-date: /home/yueju/led/install/interface/include/interface/interface/msg/led.h
[3.904s] -- Up-to-date: /home/yueju/led/install/interface/include/interface/interface/msg/rosidl_generator_c__visibility_control.h
[3.904s] -- Up-to-date: /home/yueju/led/install/interface/share/interface/environment/library_path.sh
[3.904s] -- Up-to-date: /home/yueju/led/install/interface/share/interface/environment/library_path.dsv
[3.940s] -- Up-to-date: /home/yueju/led/install/interface/lib/libinterface__rosidl_generator_c.so
[3.942s] -- Up-to-date: /home/yueju/led/install/interface/include/interface/interface
[3.942s] -- Up-to-date: /home/yueju/led/install/interface/include/interface/interface/srv
[3.943s] -- Up-to-date: /home/yueju/led/install/interface/include/interface/interface/srv/detail
[3.943s] -- Up-to-date: /home/yueju/led/install/interface/include/interface/interface/srv/detail/set_led__rosidl_typesupport_fastrtps_c.h
[3.943s] -- Up-to-date: /home/yueju/led/install/interface/include/interface/interface/msg
[3.944s] -- Up-to-date: /home/yueju/led/install/interface/include/interface/interface/msg/detail
[3.944s] -- Up-to-date: /home/yueju/led/install/interface/include/interface/interface/msg/detail/led__rosidl_typesupport_fastrtps_c.h
[3.944s] -- Up-to-date: /home/yueju/led/install/interface/include/interface/interface/msg/rosidl_typesupport_fastrtps_c__visibility_control.h
[3.945s] -- Up-to-date: /home/yueju/led/install/interface/lib/libinterface__rosidl_typesupport_fastrtps_c.so
[3.945s] -- Up-to-date: /home/yueju/led/install/interface/include/interface/interface
[3.946s] -- Up-to-date: /home/yueju/led/install/interface/include/interface/interface/srv
[3.946s] -- Up-to-date: /home/yueju/led/install/interface/include/interface/interface/srv/detail
[3.947s] -- Up-to-date: /home/yueju/led/install/interface/include/interface/interface/srv/detail/set_led__type_support.c
[3.947s] -- Up-to-date: /home/yueju/led/install/interface/include/interface/interface/srv/detail/set_led__rosidl_typesupport_introspection_c.h
[3.947s] -- Up-to-date: /home/yueju/led/install/interface/include/interface/interface/msg
[3.947s] -- Up-to-date: /home/yueju/led/install/interface/include/interface/interface/msg/detail
[3.948s] -- Up-to-date: /home/yueju/led/install/interface/include/interface/interface/msg/detail/led__type_support.c
[3.948s] -- Up-to-date: /home/yueju/led/install/interface/include/interface/interface/msg/detail/led__rosidl_typesupport_introspection_c.h
[3.948s] -- Up-to-date: /home/yueju/led/install/interface/include/interface/interface/msg/rosidl_typesupport_introspection_c__visibility_control.h
[3.948s] -- Up-to-date: /home/yueju/led/install/interface/lib/libinterface__rosidl_typesupport_introspection_c.so
[3.950s] -- Up-to-date: /home/yueju/led/install/interface/lib/libinterface__rosidl_typesupport_c.so
[3.951s] -- Up-to-date: /home/yueju/led/install/interface/include/interface/interface
[3.952s] -- Up-to-date: /home/yueju/led/install/interface/include/interface/interface/srv
[3.952s] -- Up-to-date: /home/yueju/led/install/interface/include/interface/interface/srv/detail
[3.953s] -- Up-to-date: /home/yueju/led/install/interface/include/interface/interface/srv/detail/set_led__struct.hpp
[3.953s] -- Up-to-date: /home/yueju/led/install/interface/include/interface/interface/srv/detail/set_led__builder.hpp
[3.954s] -- Up-to-date: /home/yueju/led/install/interface/include/interface/interface/srv/detail/set_led__traits.hpp
[3.954s] -- Up-to-date: /home/yueju/led/install/interface/include/interface/interface/srv/set_led.hpp
[3.954s] -- Up-to-date: /home/yueju/led/install/interface/include/interface/interface/msg
[3.955s] -- Up-to-date: /home/yueju/led/install/interface/include/interface/interface/msg/detail
[3.955s] -- Up-to-date: /home/yueju/led/install/interface/include/interface/interface/msg/detail/led__struct.hpp
[3.955s] -- Up-to-date: /home/yueju/led/install/interface/include/interface/interface/msg/detail/led__builder.hpp
[3.956s] -- Up-to-date: /home/yueju/led/install/interface/include/interface/interface/msg/detail/led__traits.hpp
[3.956s] -- Up-to-date: /home/yueju/led/install/interface/include/interface/interface/msg/led.hpp
[3.956s] -- Up-to-date: /home/yueju/led/install/interface/include/interface/interface
[3.956s] -- Up-to-date: /home/yueju/led/install/interface/include/interface/interface/srv
[3.957s] -- Up-to-date: /home/yueju/led/install/interface/include/interface/interface/srv/detail
[3.957s] -- Up-to-date: /home/yueju/led/install/interface/include/interface/interface/srv/detail/dds_fastrtps
[3.957s] -- Up-to-date: /home/yueju/led/install/interface/include/interface/interface/srv/detail/set_led__rosidl_typesupport_fastrtps_cpp.hpp
[3.957s] -- Up-to-date: /home/yueju/led/install/interface/include/interface/interface/msg
[3.958s] -- Up-to-date: /home/yueju/led/install/interface/include/interface/interface/msg/rosidl_typesupport_fastrtps_cpp__visibility_control.h
[3.958s] -- Up-to-date: /home/yueju/led/install/interface/include/interface/interface/msg/detail
[3.958s] -- Up-to-date: /home/yueju/led/install/interface/include/interface/interface/msg/detail/dds_fastrtps
[3.958s] -- Up-to-date: /home/yueju/led/install/interface/include/interface/interface/msg/detail/led__rosidl_typesupport_fastrtps_cpp.hpp
[3.970s] -- Up-to-date: /home/yueju/led/install/interface/lib/libinterface__rosidl_typesupport_fastrtps_cpp.so
[3.971s] -- Up-to-date: /home/yueju/led/install/interface/include/interface/interface
[3.972s] -- Up-to-date: /home/yueju/led/install/interface/include/interface/interface/srv
[3.972s] -- Up-to-date: /home/yueju/led/install/interface/include/interface/interface/srv/detail
[3.972s] -- Up-to-date: /home/yueju/led/install/interface/include/interface/interface/srv/detail/set_led__type_support.cpp
[3.973s] -- Up-to-date: /home/yueju/led/install/interface/include/interface/interface/srv/detail/set_led__rosidl_typesupport_introspection_cpp.hpp
[3.973s] -- Up-to-date: /home/yueju/led/install/interface/include/interface/interface/msg
[3.973s] -- Up-to-date: /home/yueju/led/install/interface/include/interface/interface/msg/detail
[3.974s] -- Up-to-date: /home/yueju/led/install/interface/include/interface/interface/msg/detail/led__rosidl_typesupport_introspection_cpp.hpp
[3.974s] -- Up-to-date: /home/yueju/led/install/interface/include/interface/interface/msg/detail/led__type_support.cpp
[3.974s] -- Up-to-date: /home/yueju/led/install/interface/lib/libinterface__rosidl_typesupport_introspection_cpp.so
[3.977s] -- Up-to-date: /home/yueju/led/install/interface/lib/libinterface__rosidl_typesupport_cpp.so
[3.978s] -- Up-to-date: /home/yueju/led/install/interface/share/interface/environment/pythonpath.sh
[3.979s] -- Up-to-date: /home/yueju/led/install/interface/share/interface/environment/pythonpath.dsv
[3.979s] -- Up-to-date: /home/yueju/led/install/interface/local/lib/python3.10/dist-packages/interface-0.0.0-py3.10.egg-info
[3.979s] -- Installing: /home/yueju/led/install/interface/local/lib/python3.10/dist-packages/interface-0.0.0-py3.10.egg-info/top_level.txt
[3.980s] -- Installing: /home/yueju/led/install/interface/local/lib/python3.10/dist-packages/interface-0.0.0-py3.10.egg-info/SOURCES.txt
[3.980s] -- Installing: /home/yueju/led/install/interface/local/lib/python3.10/dist-packages/interface-0.0.0-py3.10.egg-info/PKG-INFO
[3.981s] -- Installing: /home/yueju/led/install/interface/local/lib/python3.10/dist-packages/interface-0.0.0-py3.10.egg-info/dependency_links.txt
[3.981s] -- Up-to-date: /home/yueju/led/install/interface/local/lib/python3.10/dist-packages/interface
[3.982s] -- Up-to-date: /home/yueju/led/install/interface/local/lib/python3.10/dist-packages/interface/_interface_s.ep.rosidl_typesupport_c.c
[3.982s] -- Installing: /home/yueju/led/install/interface/local/lib/python3.10/dist-packages/interface/interface_s__rosidl_typesupport_c.cpython-310-x86_64-linux-gnu.so
[3.983s] -- Installing: /home/yueju/led/install/interface/local/lib/python3.10/dist-packages/interface/libinterface__rosidl_generator_py.so
[3.983s] -- Up-to-date: /home/yueju/led/install/interface/local/lib/python3.10/dist-packages/interface/srv
[3.984s] -- Up-to-date: /home/yueju/led/install/interface/local/lib/python3.10/dist-packages/interface/srv/_set_led_s.c
[3.984s] -- Up-to-date: /home/yueju/led/install/interface/local/lib/python3.10/dist-packages/interface/srv/__init__.py
[3.984s] -- Up-to-date: /home/yueju/led/install/interface/local/lib/python3.10/dist-packages/interface/srv/_set_led.py
[3.984s] -- Up-to-date: /home/yueju/led/install/interface/local/lib/python3.10/dist-packages/interface/_interface_s.ep.rosidl_typesupport_fastrtps_c.c
[3.985s] -- Up-to-date: /home/yueju/led/install/interface/local/lib/python3.10/dist-packages/interface/msg
[3.985s] -- Up-to-date: /home/yueju/led/install/interface/local/lib/python3.10/dist-packages/interface/msg/_led.py
[3.985s] -- Up-to-date: /home/yueju/led/install/interface/local/lib/python3.10/dist-packages/interface/msg/__init__.py
[3.986s] -- Up-to-date: /home/yueju/led/install/interface/local/lib/python3.10/dist-packages/interface/msg/_led_s.c
[3.986s] -- Up-to-date: /home/yueju/led/install/interface/local/lib/python3.10/dist-packages/interface/_interface_s.ep.rosidl_typesupport_introspection_c.c
[3.986s] -- Installing: /home/yueju/led/install/interface/local/lib/python3.10/dist-packages/interface/interface_s__rosidl_typesupport_fastrtps_c.cpython-310-x86_64-linux-gnu.so
[3.986s] -- Installing: /home/yueju/led/install/interface/local/lib/python3.10/dist-packages/interface/interface_s__rosidl_typesupport_introspection_c.cpython-310-x86_64-linux-gnu.so
[3.987s] -- Up-to-date: /home/yueju/led/install/interface/local/lib/python3.10/dist-packages/interface/__init__.py
[4.126s] Listing '/home/yueju/led/install/interface/local/lib/python3.10/dist-packages/interface'...
[4.126s] Listing '/home/yueju/led/install/interface/local/lib/python3.10/dist-packages/interface/msg'...
[4.126s] Listing '/home/yueju/led/install/interface/local/lib/python3.10/dist-packages/interface/srv'...
[4.138s] -- Installing: /home/yueju/led/install/interface/local/lib/python3.10/dist-packages/interface/interface_s__rosidl_typesupport_fastrtps_c.cpython-310-x86_64-linux-gnu.so
[4.139s] -- Set runtime path of "/home/yueju/led/install/interface/local/lib/python3.10/dist-packages/interface/interface_s__rosidl_typesupport_fastrtps_c.cpython-310-x86_64-linux-gnu.so" to ""
[4.140s] -- Installing: /home/yueju/led/install/interface/local/lib/python3.10/dist-packages/interface/interface_s__rosidl_typesupport_introspection_c.cpython-310-x86_64-linux-gnu.so
[4.141s] -- Set runtime path of "/home/yueju/led/install/interface/local/lib/python3.10/dist-packages/interface/interface_s__rosidl_typesupport_introspection_c.cpython-310-x86_64-linux-gnu.so" to ""
[4.142s] -- Installing: /home/yueju/led/install/interface/local/lib/python3.10/dist-packages/interface/interface_s__rosidl_typesupport_c.cpython-310-x86_64-linux-gnu.so
[4.143s] -- Set runtime path of "/home/yueju/led/install/interface/local/lib/python3.10/dist-packages/interface/interface_s__rosidl_typesupport_c.cpython-310-x86_64-linux-gnu.so" to ""
[4.145s] -- Installing: /home/yueju/led/install/interface/lib/libinterface__rosidl_generator_py.so
[4.147s] -- Set runtime path of "/home/yueju/led/install/interface/lib/libinterface__rosidl_generator_py.so" to ""
[4.147s] -- Up-to-date: /home/yueju/led/install/interface/share/interface/msg/Led.idl
[4.148s] -- Up-to-date: /home/yueju/led/install/interface/share/interface/srv/SetLed.idl
[4.149s] -- Up-to-date: /home/yueju/led/install/interface/share/interface/msg/Led.msg
[4.149s] -- Up-to-date: /home/yueju/led/install/interface/share/interface/srv/SetLed.srv
[4.150s] -- Up-to-date: /home/yueju/led/install/interface/share/interface/srv/SetLed_Request.msg
[4.150s] -- Up-to-date: /home/yueju/led/install/interface/share/interface/srv/SetLed_Response.msg
[4.151s] -- Up-to-date: /home/yueju/led/install/interface/share/ament_index/resource_index/package_run_dependencies/interface
[4.151s] -- Up-to-date: /home/yueju/led/install/interface/share/ament_index/resource_index/parent_prefix_path/interface
[4.152s] -- Up-to-date: /home/yueju/led/install/interface/share/interface/environment/ament_prefix_path.sh
[4.152s] -- Up-to-date: /home/yueju/led/install/interface/share/interface/environment/ament_prefix_path.dsv
[4.152s] -- Up-to-date: /home/yueju/led/install/interface/share/interface/environment/path.sh
[4.153s] -- Up-to-date: /home/yueju/led/install/interface/share/interface/environment/path.dsv
[4.153s] -- Up-to-date: /home/yueju/led/install/interface/share/interface/local_setup.bash
[4.153s] -- Up-to-date: /home/yueju/led/install/interface/share/interface/local_setup.sh
[4.153s] -- Up-to-date: /home/yueju/led/install/interface/share/interface/local_setup.zsh
[4.154s] -- Up-to-date: /home/yueju/led/install/interface/share/interface/local_setup.dsv
[4.154s] -- Installing: /home/yueju/led/install/interface/share/interface/package.dsv
[4.192s] -- Up-to-date: /home/yueju/led/install/interface/share/ament_index/resource_index/packages/interface
[4.208s] -- Up-to-date: /home/yueju/led/install/interface/share/interface/cmake/export_interface__rosidl_generator_cExport.cmake
[4.208s] -- Up-to-date: /home/yueju/led/install/interface/share/interface/cmake/export_interface__rosidl_generator_cExport-noconfig.cmake
[4.211s] -- Up-to-date: /home/yueju/led/install/interface/share/interface/cmake/export_interface__rosidl_typesupport_fastrtps_cExport.cmake
[4.211s] -- Up-to-date: /home/yueju/led/install/interface/share/interface/cmake/export_interface__rosidl_typesupport_fastrtps_cExport-noconfig.cmake
[4.212s] -- Up-to-date: /home/yueju/led/install/interface/share/interface/cmake/interface__rosidl_typesupport_introspection_cExport.cmake
[4.212s] -- Up-to-date: /home/yueju/led/install/interface/share/interface/cmake/interface__rosidl_typesupport_introspection_cExport-noconfig.cmake
[4.213s] -- Up-to-date: /home/yueju/led/install/interface/share/interface/cmake/interface__rosidl_typesupport_cExport.cmake
[4.214s] -- Up-to-date: /home/yueju/led/install/interface/share/interface/cmake/interface__rosidl_typesupport_cExport-noconfig.cmake
[4.214s] -- Up-to-date: /home/yueju/led/install/interface/share/interface/cmake/export_interface__rosidl_generator_cppExport.cmake
[4.216s] -- Up-to-date: /home/yueju/led/install/interface/share/interface/cmake/export_interface__rosidl_typesupport_fastrtps_cppExport.cmake
[4.216s] -- Up-to-date: /home/yueju/led/install/interface/share/interface/cmake/export_interface__rosidl_typesupport_fastrtps_cppExport-noconfig.cmake
[4.217s] -- Up-to-date: /home/yueju/led/install/interface/share/interface/cmake/interface__rosidl_typesupport_introspection_cppExport.cmake
[4.218s] -- Up-to-date: /home/yueju/led/install/interface/share/interface/cmake/interface__rosidl_typesupport_introspection_cppExport-noconfig.cmake
[4.219s] -- Up-to-date: /home/yueju/led/install/interface/share/interface/cmake/interface__rosidl_typesupport_cppExport.cmake
[4.219s] -- Up-to-date: /home/yueju/led/install/interface/share/interface/cmake/interface__rosidl_typesupport_cppExport-noconfig.cmake
[4.222s] -- Up-to-date: /home/yueju/led/install/interface/share/interface/cmake/export_interface__rosidl_generator_pyExport.cmake
[4.222s] -- Up-to-date: /home/yueju/led/install/interface/share/interface/cmake/export_interface__rosidl_generator_pyExport-noconfig.cmake
[4.223s] -- Up-to-date: /home/yueju/led/install/interface/share/interface/cmake/rosidl_cmake-extras.cmake
[4.223s] -- Up-to-date: /home/yueju/led/install/interface/share/interface/cmake/ament_cmake_export_include_directories-extras.cmake
[4.224s] -- Up-to-date: /home/yueju/led/install/interface/share/interface/cmake/ament_cmake_export_libraries-extras.cmake
[4.224s] -- Up-to-date: /home/yueju/led/install/interface/share/interface/cmake/ament_cmake_export_targets-extras.cmake
[4.224s] -- Up-to-date: /home/yueju/led/install/interface/share/interface/cmake/rosidl_cmake_export_typesupport_targets-extras.cmake
[4.225s] -- Up-to-date: /home/yueju/led/install/interface/share/interface/cmake/ament_cmake_export_dependencies-extras.cmake
[4.225s] -- Up-to-date: /home/yueju/led/install/interface/share/interface/cmake/rosidl_cmake_export_typesupport_libraries-extras.cmake
[4.225s] -- Up-to-date: /home/yueju/led/install/interface/share/interface/cmake/interfaceConfig.cmake
[4.225s] -- Up-to-date: /home/yueju/led/install/interface/share/interface/cmake/interfaceConfig-version.cmake
[4.225s] -- Up-to-date: /home/yueju/led/install/interface/share/interface/package.xml
[4.232s] Invoked command in '/home/yueju/led/build/interface' returned '0': CMAKE_PREFIX_PATH=/opt/ros/humble /usr/bin/cmake --install /home/yueju/led/build/interface
