[0.010s] Invoking command in '/home/pmlab/yueju/change/build/pm_bringup': AMENT_PREFIX_PATH=/home/pmlab/yueju/change/install/open_cv:${AMENT_PREFIX_PATH} CMAKE_PREFIX_PATH=${CMAKE_PREFIX_PATH}:/home/pmlab/ros2_ws/install/programming_fw_pkg:/home/pmlab/ros2_ws/install/pm_robot_control_test:/opt/ros/humble PYTHONPATH=/home/pmlab/yueju/change/install/open_cv/lib/python3.10/site-packages:${PYTHONPATH} /usr/bin/cmake --build /home/pmlab/yueju/change/build/pm_bringup -- -j24 -l24
[0.039s] Invoked command in '/home/pmlab/yueju/change/build/pm_bringup' returned '0': AMENT_PREFIX_PATH=/home/pmlab/yueju/change/install/open_cv:${AMENT_PREFIX_PATH} CMAKE_PREFIX_PATH=${CMAKE_PREFIX_PATH}:/home/pmlab/ros2_ws/install/programming_fw_pkg:/home/pmlab/ros2_ws/install/pm_robot_control_test:/opt/ros/humble PYTHONPATH=/home/pmlab/yueju/change/install/open_cv/lib/python3.10/site-packages:${PYTHONPATH} /usr/bin/cmake --build /home/pmlab/yueju/change/build/pm_bringup -- -j24 -l24
[0.060s] Invoking command in '/home/pmlab/yueju/change/build/pm_bringup': AMENT_PREFIX_PATH=/home/pmlab/yueju/change/install/open_cv:${AMENT_PREFIX_PATH} CMAKE_PREFIX_PATH=${CMAKE_PREFIX_PATH}:/home/pmlab/ros2_ws/install/programming_fw_pkg:/home/pmlab/ros2_ws/install/pm_robot_control_test:/opt/ros/humble PYTHONPATH=/home/pmlab/yueju/change/install/open_cv/lib/python3.10/site-packages:${PYTHONPATH} /usr/bin/cmake --install /home/pmlab/yueju/change/build/pm_bringup
[0.065s] -- Install configuration: ""
[0.065s] -- Up-to-date: /home/pmlab/yueju/change/install/pm_bringup/share/pm_bringup/launch
[0.065s] -- Up-to-date: /home/pmlab/yueju/change/install/pm_bringup/share/pm_bringup/launch/auto_calibrating.launch.py
[0.065s] -- Up-to-date: /home/pmlab/yueju/change/install/pm_bringup/share/ament_index/resource_index/package_run_dependencies/pm_bringup
[0.065s] -- Up-to-date: /home/pmlab/yueju/change/install/pm_bringup/share/ament_index/resource_index/parent_prefix_path/pm_bringup
[0.065s] -- Up-to-date: /home/pmlab/yueju/change/install/pm_bringup/share/pm_bringup/environment/ament_prefix_path.sh
[0.065s] -- Up-to-date: /home/pmlab/yueju/change/install/pm_bringup/share/pm_bringup/environment/ament_prefix_path.dsv
[0.065s] -- Up-to-date: /home/pmlab/yueju/change/install/pm_bringup/share/pm_bringup/environment/path.sh
[0.065s] -- Up-to-date: /home/pmlab/yueju/change/install/pm_bringup/share/pm_bringup/environment/path.dsv
[0.065s] -- Up-to-date: /home/pmlab/yueju/change/install/pm_bringup/share/pm_bringup/local_setup.bash
[0.066s] -- Up-to-date: /home/pmlab/yueju/change/install/pm_bringup/share/pm_bringup/local_setup.sh
[0.066s] -- Up-to-date: /home/pmlab/yueju/change/install/pm_bringup/share/pm_bringup/local_setup.zsh
[0.066s] -- Up-to-date: /home/pmlab/yueju/change/install/pm_bringup/share/pm_bringup/local_setup.dsv
[0.066s] -- Up-to-date: /home/pmlab/yueju/change/install/pm_bringup/share/pm_bringup/package.dsv
[0.066s] -- Up-to-date: /home/pmlab/yueju/change/install/pm_bringup/share/ament_index/resource_index/packages/pm_bringup
[0.066s] -- Up-to-date: /home/pmlab/yueju/change/install/pm_bringup/share/pm_bringup/cmake/pm_bringupConfig.cmake
[0.066s] -- Up-to-date: /home/pmlab/yueju/change/install/pm_bringup/share/pm_bringup/cmake/pm_bringupConfig-version.cmake
[0.066s] -- Up-to-date: /home/pmlab/yueju/change/install/pm_bringup/share/pm_bringup/package.xml
[0.068s] Invoked command in '/home/pmlab/yueju/change/build/pm_bringup' returned '0': AMENT_PREFIX_PATH=/home/pmlab/yueju/change/install/open_cv:${AMENT_PREFIX_PATH} CMAKE_PREFIX_PATH=${CMAKE_PREFIX_PATH}:/home/pmlab/ros2_ws/install/programming_fw_pkg:/home/pmlab/ros2_ws/install/pm_robot_control_test:/opt/ros/humble PYTHONPATH=/home/pmlab/yueju/change/install/open_cv/lib/python3.10/site-packages:${PYTHONPATH} /usr/bin/cmake --install /home/pmlab/yueju/change/build/pm_bringup
