[0.019s] Invoking command in '/home/yueju/led/build/interface': CMAKE_PREFIX_PATH=/opt/ros/humble /usr/bin/cmake --build /home/yueju/led/build/interface -- -j8 -l8
[0.043s] -- Found ament_cmake: 1.3.3 (/opt/ros/humble/share/ament_cmake/cmake)
[0.188s] -- Found rosidl_default_generators: 1.2.0 (/opt/ros/humble/share/rosidl_default_generators/cmake)
[0.189s] -- Using all available rosidl_typesupport_c: rosidl_typesupport_fastrtps_c;rosidl_typesupport_introspection_c
[0.192s] -- Found rosidl_adapter: 3.1.4 (/opt/ros/humble/share/rosidl_adapter/cmake)
[0.227s] -- Using all available rosidl_typesupport_cpp: rosidl_typesupport_fastrtps_cpp;rosidl_typesupport_introspection_cpp
[0.550s] -- Found ament_cmake_ros: 0.10.0 (/opt/ros/humble/share/ament_cmake_ros/cmake)
[0.727s] -- Using all available rosidl_typesupport_c: rosidl_typesupport_fastrtps_c;rosidl_typesupport_introspection_c
[0.965s] -- Using all available rosidl_typesupport_cpp: rosidl_typesupport_fastrtps_cpp;rosidl_typesupport_introspection_cpp
[0.987s] -- Found python_cmake_module: 0.10.0 (/opt/ros/humble/share/python_cmake_module/cmake)
[1.013s] -- Using PYTHON_EXECUTABLE: /usr/bin/python3
[1.013s] -- Using PYTHON_INCLUDE_DIRS: /usr/include/python3.10
[1.013s] -- Using PYTHON_LIBRARIES: /usr/lib/x86_64-linux-gnu/libpython3.10.so
[1.025s] -- Found ament_lint_auto: 0.12.5 (/opt/ros/humble/share/ament_lint_auto/cmake)
[1.031s] -- Configuring done
[1.064s] -- Generating done
[1.072s] -- Build files have been written to: /home/yueju/led/build/interface
[1.093s] [  2%] [34m[1mGenerating C code for ROS interfaces[0m
[1.102s] [  5%] [34m[1mGenerating C++ code for ROS interfaces[0m
[1.112s] [  5%] Built target ament_cmake_python_copy_interface
[1.394s] running egg_info
[1.394s] writing interface.egg-info/PKG-INFO
[1.394s] writing dependency_links to interface.egg-info/dependency_links.txt
[1.394s] writing top-level names to interface.egg-info/top_level.txt
[1.397s] reading manifest file 'interface.egg-info/SOURCES.txt'
[1.397s] writing manifest file 'interface.egg-info/SOURCES.txt'
[1.432s] [  5%] Built target ament_cmake_python_build_interface_egg
[1.451s] [  5%] Built target interface__cpp
[1.461s] [ 12%] [34m[1mGenerating C++ type support dispatch for ROS interfaces[0m
[1.461s] [ 12%] [34m[1mGenerating C++ introspection for ROS interfaces[0m
[1.462s] [ 12%] [34m[1mGenerating C++ type support for eProsima Fast-RTPS[0m
[1.487s] [35m[1mConsolidate compiler generated dependencies of target interface__rosidl_generator_c[0m
[1.498s] [ 15%] [32mBuilding C object CMakeFiles/interface__rosidl_generator_c.dir/rosidl_generator_c/interface/msg/detail/led__functions.c.o[0m
[1.502s] [ 17%] [32mBuilding C object CMakeFiles/interface__rosidl_generator_c.dir/rosidl_generator_c/interface/srv/detail/set_led__functions.c.o[0m
[1.580s] [ 20%] [32m[1mLinking C shared library libinterface__rosidl_generator_c.so[0m
[1.619s] [ 20%] Built target interface__rosidl_generator_c
[1.632s] [ 25%] [34m[1mGenerating C type support for eProsima Fast-RTPS[0m
[1.632s] [ 25%] [34m[1mGenerating C introspection for ROS interfaces[0m
[1.633s] [ 28%] [34m[1mGenerating C type support dispatch for ROS interfaces[0m
[1.802s] [35m[1mConsolidate compiler generated dependencies of target interface__rosidl_typesupport_fastrtps_cpp[0m
[1.815s] [ 33%] [32mBuilding CXX object CMakeFiles/interface__rosidl_typesupport_fastrtps_cpp.dir/rosidl_typesupport_fastrtps_cpp/interface/msg/detail/dds_fastrtps/led__type_support.cpp.o[0m
[1.817s] [ 33%] [32mBuilding CXX object CMakeFiles/interface__rosidl_typesupport_fastrtps_cpp.dir/rosidl_typesupport_fastrtps_cpp/interface/srv/detail/dds_fastrtps/set_led__type_support.cpp.o[0m
[1.834s] [35m[1mConsolidate compiler generated dependencies of target interface__rosidl_typesupport_cpp[0m
[1.857s] [ 35%] [32mBuilding CXX object CMakeFiles/interface__rosidl_typesupport_cpp.dir/rosidl_typesupport_cpp/interface/srv/set_led__type_support.cpp.o[0m
[1.858s] [ 38%] [32mBuilding CXX object CMakeFiles/interface__rosidl_typesupport_cpp.dir/rosidl_typesupport_cpp/interface/msg/led__type_support.cpp.o[0m
[1.894s] [35m[1mConsolidate compiler generated dependencies of target interface__rosidl_typesupport_introspection_cpp[0m
[1.914s] [ 41%] [32mBuilding CXX object CMakeFiles/interface__rosidl_typesupport_introspection_cpp.dir/rosidl_typesupport_introspection_cpp/interface/msg/detail/led__type_support.cpp.o[0m
[2.049s] [35m[1mConsolidate compiler generated dependencies of target interface__rosidl_typesupport_c[0m
[2.070s] [ 43%] [32mBuilding CXX object CMakeFiles/interface__rosidl_typesupport_c.dir/rosidl_typesupport_c/interface/msg/led__type_support.cpp.o[0m
[2.091s] [35m[1mConsolidate compiler generated dependencies of target interface__rosidl_typesupport_fastrtps_c[0m
[2.122s] [ 46%] [32mBuilding CXX object CMakeFiles/interface__rosidl_typesupport_c.dir/rosidl_typesupport_c/interface/srv/set_led__type_support.cpp.o[0m
[2.135s] [ 48%] [32mBuilding CXX object CMakeFiles/interface__rosidl_typesupport_fastrtps_c.dir/rosidl_typesupport_fastrtps_c/interface/msg/detail/led__type_support_c.cpp.o[0m
[2.196s] [35m[1mConsolidate compiler generated dependencies of target interface__rosidl_typesupport_introspection_c[0m
[2.210s] [ 51%] [32mBuilding C object CMakeFiles/interface__rosidl_typesupport_introspection_c.dir/rosidl_typesupport_introspection_c/interface/msg/detail/led__type_support.c.o[0m
[2.213s] [ 53%] [32m[1mLinking CXX shared library libinterface__rosidl_typesupport_c.so[0m
[2.263s] [ 56%] [32mBuilding C object CMakeFiles/interface__rosidl_typesupport_introspection_c.dir/rosidl_typesupport_introspection_c/interface/srv/detail/set_led__type_support.c.o[0m
[2.282s] [ 56%] Built target interface__rosidl_typesupport_c
[2.293s] [ 58%] [32mBuilding CXX object CMakeFiles/interface__rosidl_typesupport_introspection_cpp.dir/rosidl_typesupport_introspection_cpp/interface/srv/detail/set_led__type_support.cpp.o[0m
[2.329s] [ 61%] [32m[1mLinking C shared library libinterface__rosidl_typesupport_introspection_c.so[0m
[2.335s] [ 64%] [32mBuilding CXX object CMakeFiles/interface__rosidl_typesupport_fastrtps_c.dir/rosidl_typesupport_fastrtps_c/interface/srv/detail/set_led__type_support_c.cpp.o[0m
[2.341s] [ 66%] [32m[1mLinking CXX shared library libinterface__rosidl_typesupport_cpp.so[0m
[2.374s] [ 66%] Built target interface__rosidl_typesupport_introspection_c
[2.406s] [ 66%] Built target interface__rosidl_typesupport_cpp
[2.563s] [ 69%] [32m[1mLinking CXX shared library libinterface__rosidl_typesupport_fastrtps_cpp.so[0m
[2.653s] [ 69%] Built target interface__rosidl_typesupport_fastrtps_cpp
[2.754s] [ 71%] [32m[1mLinking CXX shared library libinterface__rosidl_typesupport_introspection_cpp.so[0m
[2.773s] [ 74%] [32m[1mLinking CXX shared library libinterface__rosidl_typesupport_fastrtps_c.so[0m
[2.796s] [ 74%] Built target interface__rosidl_typesupport_introspection_cpp
[2.858s] [ 74%] Built target interface__rosidl_typesupport_fastrtps_c
[2.876s] [ 74%] Built target interface
[2.894s] [ 76%] [34m[1mGenerating Python code for ROS interfaces[0m
[3.316s] [ 76%] Built target interface__py
[3.326s] [35m[1mConsolidate compiler generated dependencies of target interface__rosidl_generator_py[0m
[3.340s] [ 82%] [32mBuilding C object CMakeFiles/interface__rosidl_generator_py.dir/rosidl_generator_py/interface/srv/_set_led_s.c.o[0m
[3.340s] [ 82%] [32mBuilding C object CMakeFiles/interface__rosidl_generator_py.dir/rosidl_generator_py/interface/msg/_led_s.c.o[0m
[3.444s] [ 84%] [32m[1mLinking C shared library rosidl_generator_py/interface/libinterface__rosidl_generator_py.so[0m
[3.483s] [ 84%] Built target interface__rosidl_generator_py
[3.493s] [35m[1mConsolidate compiler generated dependencies of target interface__rosidl_typesupport_fastrtps_c__pyext[0m
[3.493s] [35m[1mConsolidate compiler generated dependencies of target interface__rosidl_typesupport_c__pyext[0m
[3.493s] [35m[1mConsolidate compiler generated dependencies of target interface__rosidl_typesupport_introspection_c__pyext[0m
[3.505s] [ 87%] [32mBuilding C object CMakeFiles/interface__rosidl_typesupport_c__pyext.dir/rosidl_generator_py/interface/_interface_s.ep.rosidl_typesupport_c.c.o[0m
[3.542s] [ 89%] [32mBuilding C object CMakeFiles/interface__rosidl_typesupport_fastrtps_c__pyext.dir/rosidl_generator_py/interface/_interface_s.ep.rosidl_typesupport_fastrtps_c.c.o[0m
[3.542s] [ 92%] [32mBuilding C object CMakeFiles/interface__rosidl_typesupport_introspection_c__pyext.dir/rosidl_generator_py/interface/_interface_s.ep.rosidl_typesupport_introspection_c.c.o[0m
[3.605s] [ 94%] [32m[1mLinking C shared library rosidl_generator_py/interface/interface_s__rosidl_typesupport_c.cpython-310-x86_64-linux-gnu.so[0m
[3.642s] [ 94%] Built target interface__rosidl_typesupport_c__pyext
[3.648s] [ 97%] [32m[1mLinking C shared library rosidl_generator_py/interface/interface_s__rosidl_typesupport_introspection_c.cpython-310-x86_64-linux-gnu.so[0m
[3.651s] [100%] [32m[1mLinking C shared library rosidl_generator_py/interface/interface_s__rosidl_typesupport_fastrtps_c.cpython-310-x86_64-linux-gnu.so[0m
[3.681s] [100%] Built target interface__rosidl_typesupport_introspection_c__pyext
[3.685s] [100%] Built target interface__rosidl_typesupport_fastrtps_c__pyext
[3.697s] Invoked command in '/home/yueju/led/build/interface' returned '0': CMAKE_PREFIX_PATH=/opt/ros/humble /usr/bin/cmake --build /home/yueju/led/build/interface -- -j8 -l8
[3.784s] Invoking command in '/home/yueju/led/build/interface': CMAKE_PREFIX_PATH=/opt/ros/humble /usr/bin/cmake --install /home/yueju/led/build/interface
[3.791s] -- Install configuration: ""
[3.791s] -- Installing: /home/yueju/led/install/interface/share/ament_index/resource_index/rosidl_interfaces/interface
[3.791s] -- Up-to-date: /home/yueju/led/install/interface/include/interface/interface
[3.792s] -- Installing: /home/yueju/led/install/interface/include/interface/interface/srv
[3.792s] -- Installing: /home/yueju/led/install/interface/include/interface/interface/srv/detail
[3.792s] -- Installing: /home/yueju/led/install/interface/include/interface/interface/srv/detail/set_led__functions.h
[3.792s] -- Installing: /home/yueju/led/install/interface/include/interface/interface/srv/detail/set_led__type_support.h
[3.792s] -- Installing: /home/yueju/led/install/interface/include/interface/interface/srv/detail/set_led__functions.c
[3.792s] -- Installing: /home/yueju/led/install/interface/include/interface/interface/srv/detail/set_led__struct.h
[3.792s] -- Installing: /home/yueju/led/install/interface/include/interface/interface/srv/set_led.h
[3.793s] -- Up-to-date: /home/yueju/led/install/interface/include/interface/interface/msg
[3.793s] -- Up-to-date: /home/yueju/led/install/interface/include/interface/interface/msg/detail
[3.793s] -- Installing: /home/yueju/led/install/interface/include/interface/interface/msg/detail/led__functions.h
[3.793s] -- Installing: /home/yueju/led/install/interface/include/interface/interface/msg/detail/led__functions.c
[3.793s] -- Installing: /home/yueju/led/install/interface/include/interface/interface/msg/detail/led__type_support.h
[3.793s] -- Installing: /home/yueju/led/install/interface/include/interface/interface/msg/detail/led__struct.h
[3.793s] -- Installing: /home/yueju/led/install/interface/include/interface/interface/msg/led.h
[3.794s] -- Up-to-date: /home/yueju/led/install/interface/include/interface/interface/msg/rosidl_generator_c__visibility_control.h
[3.794s] -- Up-to-date: /home/yueju/led/install/interface/share/interface/environment/library_path.sh
[3.794s] -- Installing: /home/yueju/led/install/interface/share/interface/environment/library_path.dsv
[3.794s] -- Installing: /home/yueju/led/install/interface/lib/libinterface__rosidl_generator_c.so
[3.794s] -- Set runtime path of "/home/yueju/led/install/interface/lib/libinterface__rosidl_generator_c.so" to ""
[3.794s] -- Up-to-date: /home/yueju/led/install/interface/include/interface/interface
[3.795s] -- Up-to-date: /home/yueju/led/install/interface/include/interface/interface/srv
[3.795s] -- Up-to-date: /home/yueju/led/install/interface/include/interface/interface/srv/detail
[3.795s] -- Installing: /home/yueju/led/install/interface/include/interface/interface/srv/detail/set_led__rosidl_typesupport_fastrtps_c.h
[3.795s] -- Up-to-date: /home/yueju/led/install/interface/include/interface/interface/msg
[3.795s] -- Up-to-date: /home/yueju/led/install/interface/include/interface/interface/msg/detail
[3.795s] -- Installing: /home/yueju/led/install/interface/include/interface/interface/msg/detail/led__rosidl_typesupport_fastrtps_c.h
[3.795s] -- Up-to-date: /home/yueju/led/install/interface/include/interface/interface/msg/rosidl_typesupport_fastrtps_c__visibility_control.h
[3.795s] -- Installing: /home/yueju/led/install/interface/lib/libinterface__rosidl_typesupport_fastrtps_c.so
[3.796s] -- Set runtime path of "/home/yueju/led/install/interface/lib/libinterface__rosidl_typesupport_fastrtps_c.so" to ""
[3.796s] -- Up-to-date: /home/yueju/led/install/interface/include/interface/interface
[3.796s] -- Up-to-date: /home/yueju/led/install/interface/include/interface/interface/srv
[3.796s] -- Up-to-date: /home/yueju/led/install/interface/include/interface/interface/srv/detail
[3.796s] -- Installing: /home/yueju/led/install/interface/include/interface/interface/srv/detail/set_led__type_support.c
[3.797s] -- Installing: /home/yueju/led/install/interface/include/interface/interface/srv/detail/set_led__rosidl_typesupport_introspection_c.h
[3.797s] -- Up-to-date: /home/yueju/led/install/interface/include/interface/interface/msg
[3.797s] -- Up-to-date: /home/yueju/led/install/interface/include/interface/interface/msg/detail
[3.797s] -- Installing: /home/yueju/led/install/interface/include/interface/interface/msg/detail/led__type_support.c
[3.797s] -- Installing: /home/yueju/led/install/interface/include/interface/interface/msg/detail/led__rosidl_typesupport_introspection_c.h
[3.797s] -- Up-to-date: /home/yueju/led/install/interface/include/interface/interface/msg/rosidl_typesupport_introspection_c__visibility_control.h
[3.797s] -- Installing: /home/yueju/led/install/interface/lib/libinterface__rosidl_typesupport_introspection_c.so
[3.798s] -- Set runtime path of "/home/yueju/led/install/interface/lib/libinterface__rosidl_typesupport_introspection_c.so" to ""
[3.798s] -- Installing: /home/yueju/led/install/interface/lib/libinterface__rosidl_typesupport_c.so
[3.798s] -- Set runtime path of "/home/yueju/led/install/interface/lib/libinterface__rosidl_typesupport_c.so" to ""
[3.799s] -- Up-to-date: /home/yueju/led/install/interface/include/interface/interface
[3.799s] -- Up-to-date: /home/yueju/led/install/interface/include/interface/interface/srv
[3.799s] -- Up-to-date: /home/yueju/led/install/interface/include/interface/interface/srv/detail
[3.799s] -- Installing: /home/yueju/led/install/interface/include/interface/interface/srv/detail/set_led__struct.hpp
[3.799s] -- Installing: /home/yueju/led/install/interface/include/interface/interface/srv/detail/set_led__builder.hpp
[3.799s] -- Installing: /home/yueju/led/install/interface/include/interface/interface/srv/detail/set_led__traits.hpp
[3.799s] -- Installing: /home/yueju/led/install/interface/include/interface/interface/srv/set_led.hpp
[3.800s] -- Up-to-date: /home/yueju/led/install/interface/include/interface/interface/msg
[3.800s] -- Up-to-date: /home/yueju/led/install/interface/include/interface/interface/msg/detail
[3.800s] -- Installing: /home/yueju/led/install/interface/include/interface/interface/msg/detail/led__struct.hpp
[3.800s] -- Installing: /home/yueju/led/install/interface/include/interface/interface/msg/detail/led__builder.hpp
[3.800s] -- Installing: /home/yueju/led/install/interface/include/interface/interface/msg/detail/led__traits.hpp
[3.800s] -- Installing: /home/yueju/led/install/interface/include/interface/interface/msg/led.hpp
[3.800s] -- Up-to-date: /home/yueju/led/install/interface/include/interface/interface
[3.801s] -- Up-to-date: /home/yueju/led/install/interface/include/interface/interface/srv
[3.801s] -- Up-to-date: /home/yueju/led/install/interface/include/interface/interface/srv/detail
[3.801s] -- Installing: /home/yueju/led/install/interface/include/interface/interface/srv/detail/dds_fastrtps
[3.801s] -- Installing: /home/yueju/led/install/interface/include/interface/interface/srv/detail/set_led__rosidl_typesupport_fastrtps_cpp.hpp
[3.801s] -- Up-to-date: /home/yueju/led/install/interface/include/interface/interface/msg
[3.801s] -- Up-to-date: /home/yueju/led/install/interface/include/interface/interface/msg/rosidl_typesupport_fastrtps_cpp__visibility_control.h
[3.801s] -- Up-to-date: /home/yueju/led/install/interface/include/interface/interface/msg/detail
[3.801s] -- Up-to-date: /home/yueju/led/install/interface/include/interface/interface/msg/detail/dds_fastrtps
[3.802s] -- Installing: /home/yueju/led/install/interface/include/interface/interface/msg/detail/led__rosidl_typesupport_fastrtps_cpp.hpp
[3.802s] -- Installing: /home/yueju/led/install/interface/lib/libinterface__rosidl_typesupport_fastrtps_cpp.so
[3.802s] -- Set runtime path of "/home/yueju/led/install/interface/lib/libinterface__rosidl_typesupport_fastrtps_cpp.so" to ""
[3.802s] -- Up-to-date: /home/yueju/led/install/interface/include/interface/interface
[3.802s] -- Up-to-date: /home/yueju/led/install/interface/include/interface/interface/srv
[3.802s] -- Up-to-date: /home/yueju/led/install/interface/include/interface/interface/srv/detail
[3.802s] -- Installing: /home/yueju/led/install/interface/include/interface/interface/srv/detail/set_led__type_support.cpp
[3.803s] -- Installing: /home/yueju/led/install/interface/include/interface/interface/srv/detail/set_led__rosidl_typesupport_introspection_cpp.hpp
[3.803s] -- Up-to-date: /home/yueju/led/install/interface/include/interface/interface/msg
[3.803s] -- Up-to-date: /home/yueju/led/install/interface/include/interface/interface/msg/detail
[3.803s] -- Installing: /home/yueju/led/install/interface/include/interface/interface/msg/detail/led__rosidl_typesupport_introspection_cpp.hpp
[3.803s] -- Installing: /home/yueju/led/install/interface/include/interface/interface/msg/detail/led__type_support.cpp
[3.803s] -- Installing: /home/yueju/led/install/interface/lib/libinterface__rosidl_typesupport_introspection_cpp.so
[3.803s] -- Set runtime path of "/home/yueju/led/install/interface/lib/libinterface__rosidl_typesupport_introspection_cpp.so" to ""
[3.803s] -- Installing: /home/yueju/led/install/interface/lib/libinterface__rosidl_typesupport_cpp.so
[3.804s] -- Set runtime path of "/home/yueju/led/install/interface/lib/libinterface__rosidl_typesupport_cpp.so" to ""
[3.804s] -- Up-to-date: /home/yueju/led/install/interface/share/interface/environment/pythonpath.sh
[3.804s] -- Installing: /home/yueju/led/install/interface/share/interface/environment/pythonpath.dsv
[3.804s] -- Up-to-date: /home/yueju/led/install/interface/local/lib/python3.10/dist-packages/interface-0.0.0-py3.10.egg-info
[3.804s] -- Installing: /home/yueju/led/install/interface/local/lib/python3.10/dist-packages/interface-0.0.0-py3.10.egg-info/top_level.txt
[3.805s] -- Installing: /home/yueju/led/install/interface/local/lib/python3.10/dist-packages/interface-0.0.0-py3.10.egg-info/SOURCES.txt
[3.805s] -- Installing: /home/yueju/led/install/interface/local/lib/python3.10/dist-packages/interface-0.0.0-py3.10.egg-info/PKG-INFO
[3.805s] -- Installing: /home/yueju/led/install/interface/local/lib/python3.10/dist-packages/interface-0.0.0-py3.10.egg-info/dependency_links.txt
[3.805s] -- Up-to-date: /home/yueju/led/install/interface/local/lib/python3.10/dist-packages/interface
[3.805s] -- Installing: /home/yueju/led/install/interface/local/lib/python3.10/dist-packages/interface/_interface_s.ep.rosidl_typesupport_c.c
[3.805s] -- Installing: /home/yueju/led/install/interface/local/lib/python3.10/dist-packages/interface/interface_s__rosidl_typesupport_c.cpython-310-x86_64-linux-gnu.so
[3.805s] -- Installing: /home/yueju/led/install/interface/local/lib/python3.10/dist-packages/interface/libinterface__rosidl_generator_py.so
[3.805s] -- Installing: /home/yueju/led/install/interface/local/lib/python3.10/dist-packages/interface/srv
[3.806s] -- Installing: /home/yueju/led/install/interface/local/lib/python3.10/dist-packages/interface/srv/_set_led_s.c
[3.806s] -- Installing: /home/yueju/led/install/interface/local/lib/python3.10/dist-packages/interface/srv/__init__.py
[3.806s] -- Installing: /home/yueju/led/install/interface/local/lib/python3.10/dist-packages/interface/srv/_set_led.py
[3.806s] -- Installing: /home/yueju/led/install/interface/local/lib/python3.10/dist-packages/interface/_interface_s.ep.rosidl_typesupport_fastrtps_c.c
[3.806s] -- Up-to-date: /home/yueju/led/install/interface/local/lib/python3.10/dist-packages/interface/msg
[3.806s] -- Installing: /home/yueju/led/install/interface/local/lib/python3.10/dist-packages/interface/msg/_led.py
[3.806s] -- Installing: /home/yueju/led/install/interface/local/lib/python3.10/dist-packages/interface/msg/__init__.py
[3.807s] -- Installing: /home/yueju/led/install/interface/local/lib/python3.10/dist-packages/interface/msg/_led_s.c
[3.807s] -- Installing: /home/yueju/led/install/interface/local/lib/python3.10/dist-packages/interface/_interface_s.ep.rosidl_typesupport_introspection_c.c
[3.807s] -- Installing: /home/yueju/led/install/interface/local/lib/python3.10/dist-packages/interface/interface_s__rosidl_typesupport_fastrtps_c.cpython-310-x86_64-linux-gnu.so
[3.807s] -- Installing: /home/yueju/led/install/interface/local/lib/python3.10/dist-packages/interface/interface_s__rosidl_typesupport_introspection_c.cpython-310-x86_64-linux-gnu.so
[3.807s] -- Installing: /home/yueju/led/install/interface/local/lib/python3.10/dist-packages/interface/__init__.py
[3.844s] Listing '/home/yueju/led/install/interface/local/lib/python3.10/dist-packages/interface'...
[3.844s] Compiling '/home/yueju/led/install/interface/local/lib/python3.10/dist-packages/interface/__init__.py'...
[3.844s] Listing '/home/yueju/led/install/interface/local/lib/python3.10/dist-packages/interface/msg'...
[3.845s] Compiling '/home/yueju/led/install/interface/local/lib/python3.10/dist-packages/interface/msg/__init__.py'...
[3.845s] Compiling '/home/yueju/led/install/interface/local/lib/python3.10/dist-packages/interface/msg/_led.py'...
[3.845s] Listing '/home/yueju/led/install/interface/local/lib/python3.10/dist-packages/interface/srv'...
[3.845s] Compiling '/home/yueju/led/install/interface/local/lib/python3.10/dist-packages/interface/srv/__init__.py'...
[3.845s] Compiling '/home/yueju/led/install/interface/local/lib/python3.10/dist-packages/interface/srv/_set_led.py'...
[3.849s] -- Installing: /home/yueju/led/install/interface/local/lib/python3.10/dist-packages/interface/interface_s__rosidl_typesupport_fastrtps_c.cpython-310-x86_64-linux-gnu.so
[3.850s] -- Set runtime path of "/home/yueju/led/install/interface/local/lib/python3.10/dist-packages/interface/interface_s__rosidl_typesupport_fastrtps_c.cpython-310-x86_64-linux-gnu.so" to ""
[3.850s] -- Installing: /home/yueju/led/install/interface/local/lib/python3.10/dist-packages/interface/interface_s__rosidl_typesupport_introspection_c.cpython-310-x86_64-linux-gnu.so
[3.850s] -- Set runtime path of "/home/yueju/led/install/interface/local/lib/python3.10/dist-packages/interface/interface_s__rosidl_typesupport_introspection_c.cpython-310-x86_64-linux-gnu.so" to ""
[3.851s] -- Installing: /home/yueju/led/install/interface/local/lib/python3.10/dist-packages/interface/interface_s__rosidl_typesupport_c.cpython-310-x86_64-linux-gnu.so
[3.851s] -- Set runtime path of "/home/yueju/led/install/interface/local/lib/python3.10/dist-packages/interface/interface_s__rosidl_typesupport_c.cpython-310-x86_64-linux-gnu.so" to ""
[3.852s] -- Installing: /home/yueju/led/install/interface/lib/libinterface__rosidl_generator_py.so
[3.852s] -- Set runtime path of "/home/yueju/led/install/interface/lib/libinterface__rosidl_generator_py.so" to ""
[3.853s] -- Up-to-date: /home/yueju/led/install/interface/share/interface/msg/Led.idl
[3.853s] -- Installing: /home/yueju/led/install/interface/share/interface/srv/SetLed.idl
[3.853s] -- Up-to-date: /home/yueju/led/install/interface/share/interface/msg/Led.msg
[3.853s] -- Installing: /home/yueju/led/install/interface/share/interface/srv/SetLed.srv
[3.853s] -- Installing: /home/yueju/led/install/interface/share/interface/srv/SetLed_Request.msg
[3.853s] -- Installing: /home/yueju/led/install/interface/share/interface/srv/SetLed_Response.msg
[3.853s] -- Up-to-date: /home/yueju/led/install/interface/share/ament_index/resource_index/package_run_dependencies/interface
[3.853s] -- Up-to-date: /home/yueju/led/install/interface/share/ament_index/resource_index/parent_prefix_path/interface
[3.854s] -- Up-to-date: /home/yueju/led/install/interface/share/interface/environment/ament_prefix_path.sh
[3.854s] -- Installing: /home/yueju/led/install/interface/share/interface/environment/ament_prefix_path.dsv
[3.854s] -- Up-to-date: /home/yueju/led/install/interface/share/interface/environment/path.sh
[3.854s] -- Installing: /home/yueju/led/install/interface/share/interface/environment/path.dsv
[3.854s] -- Up-to-date: /home/yueju/led/install/interface/share/interface/local_setup.bash
[3.854s] -- Up-to-date: /home/yueju/led/install/interface/share/interface/local_setup.sh
[3.854s] -- Up-to-date: /home/yueju/led/install/interface/share/interface/local_setup.zsh
[3.855s] -- Installing: /home/yueju/led/install/interface/share/interface/local_setup.dsv
[3.855s] -- Installing: /home/yueju/led/install/interface/share/interface/package.dsv
[3.855s] -- Up-to-date: /home/yueju/led/install/interface/share/ament_index/resource_index/packages/interface
[3.855s] -- Up-to-date: /home/yueju/led/install/interface/share/interface/cmake/export_interface__rosidl_generator_cExport.cmake
[3.855s] -- Up-to-date: /home/yueju/led/install/interface/share/interface/cmake/export_interface__rosidl_generator_cExport-noconfig.cmake
[3.855s] -- Up-to-date: /home/yueju/led/install/interface/share/interface/cmake/export_interface__rosidl_typesupport_fastrtps_cExport.cmake
[3.855s] -- Up-to-date: /home/yueju/led/install/interface/share/interface/cmake/export_interface__rosidl_typesupport_fastrtps_cExport-noconfig.cmake
[3.855s] -- Up-to-date: /home/yueju/led/install/interface/share/interface/cmake/interface__rosidl_typesupport_introspection_cExport.cmake
[3.856s] -- Up-to-date: /home/yueju/led/install/interface/share/interface/cmake/interface__rosidl_typesupport_introspection_cExport-noconfig.cmake
[3.856s] -- Up-to-date: /home/yueju/led/install/interface/share/interface/cmake/interface__rosidl_typesupport_cExport.cmake
[3.856s] -- Up-to-date: /home/yueju/led/install/interface/share/interface/cmake/interface__rosidl_typesupport_cExport-noconfig.cmake
[3.856s] -- Up-to-date: /home/yueju/led/install/interface/share/interface/cmake/export_interface__rosidl_generator_cppExport.cmake
[3.856s] -- Up-to-date: /home/yueju/led/install/interface/share/interface/cmake/export_interface__rosidl_typesupport_fastrtps_cppExport.cmake
[3.856s] -- Up-to-date: /home/yueju/led/install/interface/share/interface/cmake/export_interface__rosidl_typesupport_fastrtps_cppExport-noconfig.cmake
[3.856s] -- Up-to-date: /home/yueju/led/install/interface/share/interface/cmake/interface__rosidl_typesupport_introspection_cppExport.cmake
[3.856s] -- Up-to-date: /home/yueju/led/install/interface/share/interface/cmake/interface__rosidl_typesupport_introspection_cppExport-noconfig.cmake
[3.856s] -- Up-to-date: /home/yueju/led/install/interface/share/interface/cmake/interface__rosidl_typesupport_cppExport.cmake
[3.856s] -- Up-to-date: /home/yueju/led/install/interface/share/interface/cmake/interface__rosidl_typesupport_cppExport-noconfig.cmake
[3.857s] -- Up-to-date: /home/yueju/led/install/interface/share/interface/cmake/export_interface__rosidl_generator_pyExport.cmake
[3.857s] -- Up-to-date: /home/yueju/led/install/interface/share/interface/cmake/export_interface__rosidl_generator_pyExport-noconfig.cmake
[3.857s] -- Installing: /home/yueju/led/install/interface/share/interface/cmake/rosidl_cmake-extras.cmake
[3.857s] -- Up-to-date: /home/yueju/led/install/interface/share/interface/cmake/ament_cmake_export_include_directories-extras.cmake
[3.857s] -- Up-to-date: /home/yueju/led/install/interface/share/interface/cmake/ament_cmake_export_libraries-extras.cmake
[3.858s] -- Up-to-date: /home/yueju/led/install/interface/share/interface/cmake/ament_cmake_export_targets-extras.cmake
[3.858s] -- Up-to-date: /home/yueju/led/install/interface/share/interface/cmake/rosidl_cmake_export_typesupport_targets-extras.cmake
[3.859s] -- Up-to-date: /home/yueju/led/install/interface/share/interface/cmake/ament_cmake_export_dependencies-extras.cmake
[3.859s] -- Up-to-date: /home/yueju/led/install/interface/share/interface/cmake/rosidl_cmake_export_typesupport_libraries-extras.cmake
[3.860s] -- Up-to-date: /home/yueju/led/install/interface/share/interface/cmake/interfaceConfig.cmake
[3.860s] -- Up-to-date: /home/yueju/led/install/interface/share/interface/cmake/interfaceConfig-version.cmake
[3.861s] -- Up-to-date: /home/yueju/led/install/interface/share/interface/package.xml
[3.861s] Invoked command in '/home/yueju/led/build/interface' returned '0': CMAKE_PREFIX_PATH=/opt/ros/humble /usr/bin/cmake --install /home/yueju/led/build/interface
