[0.177s] Invoking command in '/home/yueju/led/build/open62541': CMAKE_PREFIX_PATH=/opt/ros/humble /usr/bin/cmake --build /home/yueju/led/build/open62541 -- -j8 -l8
[1.174s] [100%] Built target open62541
[1.184s] Invoked command in '/home/yueju/led/build/open62541' returned '0': CMAKE_PREFIX_PATH=/opt/ros/humble /usr/bin/cmake --build /home/yueju/led/build/open62541 -- -j8 -l8
[1.215s] Invoking command in '/home/yueju/led/build/open62541': CMAKE_PREFIX_PATH=/opt/ros/humble /usr/bin/cmake --install /home/yueju/led/build/open62541
[1.223s] -- Install configuration: ""
[1.225s] -- Up-to-date: /home/yueju/led/install/open62541/share/open62541/environment/library_path.sh
[1.225s] -- Up-to-date: /home/yueju/led/install/open62541/share/open62541/environment/library_path.dsv
[1.225s] -- Up-to-date: /home/yueju/led/install/open62541/include/open62541
[1.228s] -- Up-to-date: /home/yueju/led/install/open62541/include/open62541/open62541.h
[1.229s] -- Up-to-date: /home/yueju/led/install/open62541/lib/libopen62541.a
[1.286s] -- Up-to-date: /home/yueju/led/install/open62541/share/ament_index/resource_index/package_run_dependencies/open62541
[1.289s] -- Up-to-date: /home/yueju/led/install/open62541/share/ament_index/resource_index/parent_prefix_path/open62541
[1.290s] -- Up-to-date: /home/yueju/led/install/open62541/share/open62541/environment/ament_prefix_path.sh
[1.291s] -- Up-to-date: /home/yueju/led/install/open62541/share/open62541/environment/ament_prefix_path.dsv
[1.292s] -- Up-to-date: /home/yueju/led/install/open62541/share/open62541/environment/path.sh
[1.292s] -- Up-to-date: /home/yueju/led/install/open62541/share/open62541/environment/path.dsv
[1.292s] -- Up-to-date: /home/yueju/led/install/open62541/share/open62541/local_setup.bash
[1.293s] -- Up-to-date: /home/yueju/led/install/open62541/share/open62541/local_setup.sh
[1.293s] -- Up-to-date: /home/yueju/led/install/open62541/share/open62541/local_setup.zsh
[1.294s] -- Up-to-date: /home/yueju/led/install/open62541/share/open62541/local_setup.dsv
[1.294s] -- Installing: /home/yueju/led/install/open62541/share/open62541/package.dsv
[1.311s] -- Up-to-date: /home/yueju/led/install/open62541/share/ament_index/resource_index/packages/open62541
[1.328s] -- Up-to-date: /home/yueju/led/install/open62541/share/open62541/cmake/open62541Export.cmake
[1.329s] -- Up-to-date: /home/yueju/led/install/open62541/share/open62541/cmake/open62541Export-noconfig.cmake
[1.329s] -- Up-to-date: /home/yueju/led/install/open62541/share/open62541/cmake/ament_cmake_export_targets-extras.cmake
[1.330s] -- Up-to-date: /home/yueju/led/install/open62541/share/open62541/cmake/open62541Config.cmake
[1.330s] -- Up-to-date: /home/yueju/led/install/open62541/share/open62541/cmake/open62541Config-version.cmake
[1.330s] -- Up-to-date: /home/yueju/led/install/open62541/share/open62541/package.xml
[1.349s] Invoked command in '/home/yueju/led/build/open62541' returned '0': CMAKE_PREFIX_PATH=/opt/ros/humble /usr/bin/cmake --install /home/yueju/led/build/open62541
