running egg_info
creating ../build/open_cv/open_cv.egg-info
writing ../build/open_cv/open_cv.egg-info/PKG-INFO
writing dependency_links to ../build/open_cv/open_cv.egg-info/dependency_links.txt
writing entry points to ../build/open_cv/open_cv.egg-info/entry_points.txt
writing requirements to ../build/open_cv/open_cv.egg-info/requires.txt
writing top-level names to ../build/open_cv/open_cv.egg-info/top_level.txt
writing manifest file '../build/open_cv/open_cv.egg-info/SOURCES.txt'
reading manifest file '../build/open_cv/open_cv.egg-info/SOURCES.txt'
writing manifest file '../build/open_cv/open_cv.egg-info/SOURCES.txt'
running build
running build_py
creating /home/pmlab/yueju2/build/open_cv/build
creating /home/pmlab/yueju2/build/open_cv/build/lib
creating /home/pmlab/yueju2/build/open_cv/build/lib/open_cv
copying open_cv/op.py -> /home/pmlab/yueju2/build/open_cv/build/lib/open_cv
copying open_cv/auto_center.py -> /home/pmlab/yueju2/build/open_cv/build/lib/open_cv
copying open_cv/6.py -> /home/pmlab/yueju2/build/open_cv/build/lib/open_cv
copying open_cv/4.py -> /home/pmlab/yueju2/build/open_cv/build/lib/open_cv
copying open_cv/x.py -> /home/pmlab/yueju2/build/open_cv/build/lib/open_cv
copying open_cv/__init__.py -> /home/pmlab/yueju2/build/open_cv/build/lib/open_cv
copying open_cv/2.py -> /home/pmlab/yueju2/build/open_cv/build/lib/open_cv
copying open_cv/image_detec.py -> /home/pmlab/yueju2/build/open_cv/build/lib/open_cv
copying open_cv/vergleich.py -> /home/pmlab/yueju2/build/open_cv/build/lib/open_cv
copying open_cv/image_processing.py -> /home/pmlab/yueju2/build/open_cv/build/lib/open_cv
copying open_cv/auto_centering.py -> /home/pmlab/yueju2/build/open_cv/build/lib/open_cv
running install
/usr/lib/python3/dist-packages/setuptools/command/install.py:34: SetuptoolsDeprecationWarning: setup.py install is deprecated. Use build and pip and other standards-based tools.
  warnings.warn(
running install_lib
byte-compiling /home/pmlab/yueju2/install/open_cv/lib/python3.10/site-packages/open_cv/6.py to 6.cpython-310.pyc
Sorry: IndentationError: unexpected indent (6.py, line 27)
byte-compiling /home/pmlab/yueju2/install/open_cv/lib/python3.10/site-packages/open_cv/4.py to 4.cpython-310.pyc
Sorry: IndentationError: unexpected indent (4.py, line 57)
running install_data
running install_egg_info
removing '/home/pmlab/yueju2/install/open_cv/lib/python3.10/site-packages/open_cv-0.0.0-py3.10.egg-info' (and everything under it)
Copying ../build/open_cv/open_cv.egg-info to /home/pmlab/yueju2/install/open_cv/lib/python3.10/site-packages/open_cv-0.0.0-py3.10.egg-info
running install_scripts
Installing auto_centering script to /home/pmlab/yueju2/install/open_cv/lib/open_cv
Installing image_processing script to /home/pmlab/yueju2/install/open_cv/lib/open_cv
writing list of installed files to '/home/pmlab/yueju2/build/open_cv/install.log'
