[0.415s] Invoking command in '/home/pmlab/yueju2/open_cv': PYTHONPATH=/home/pmlab/yueju2/build/open_cv/prefix_override:/home/pmlab/yueju2/install/open_cv/lib/python3.10/site-packages:${PYTHONPATH} /usr/bin/python3 setup.py egg_info --egg-base ../build/open_cv build --build-base /home/pmlab/yueju2/build/open_cv/build install --record /home/pmlab/yueju2/build/open_cv/install.log --single-version-externally-managed
[0.575s] running egg_info
[0.576s] creating ../build/open_cv/open_cv.egg-info
[0.576s] writing ../build/open_cv/open_cv.egg-info/PKG-INFO
[0.576s] writing dependency_links to ../build/open_cv/open_cv.egg-info/dependency_links.txt
[0.576s] writing entry points to ../build/open_cv/open_cv.egg-info/entry_points.txt
[0.576s] writing requirements to ../build/open_cv/open_cv.egg-info/requires.txt
[0.576s] writing top-level names to ../build/open_cv/open_cv.egg-info/top_level.txt
[0.576s] writing manifest file '../build/open_cv/open_cv.egg-info/SOURCES.txt'
[0.577s] reading manifest file '../build/open_cv/open_cv.egg-info/SOURCES.txt'
[0.577s] writing manifest file '../build/open_cv/open_cv.egg-info/SOURCES.txt'
[0.578s] running build
[0.578s] running build_py
[0.578s] creating /home/pmlab/yueju2/build/open_cv/build
[0.578s] creating /home/pmlab/yueju2/build/open_cv/build/lib
[0.578s] creating /home/pmlab/yueju2/build/open_cv/build/lib/open_cv
[0.578s] copying open_cv/op.py -> /home/pmlab/yueju2/build/open_cv/build/lib/open_cv
[0.578s] copying open_cv/auto_center.py -> /home/pmlab/yueju2/build/open_cv/build/lib/open_cv
[0.578s] copying open_cv/6.py -> /home/pmlab/yueju2/build/open_cv/build/lib/open_cv
[0.578s] copying open_cv/4.py -> /home/pmlab/yueju2/build/open_cv/build/lib/open_cv
[0.578s] copying open_cv/x.py -> /home/pmlab/yueju2/build/open_cv/build/lib/open_cv
[0.578s] copying open_cv/__init__.py -> /home/pmlab/yueju2/build/open_cv/build/lib/open_cv
[0.578s] copying open_cv/2.py -> /home/pmlab/yueju2/build/open_cv/build/lib/open_cv
[0.578s] copying open_cv/image_detec.py -> /home/pmlab/yueju2/build/open_cv/build/lib/open_cv
[0.578s] copying open_cv/vergleich.py -> /home/pmlab/yueju2/build/open_cv/build/lib/open_cv
[0.578s] copying open_cv/image_processing.py -> /home/pmlab/yueju2/build/open_cv/build/lib/open_cv
[0.578s] copying open_cv/auto_centering.py -> /home/pmlab/yueju2/build/open_cv/build/lib/open_cv
[0.579s] running install
[0.579s] /usr/lib/python3/dist-packages/setuptools/command/install.py:34: SetuptoolsDeprecationWarning: setup.py install is deprecated. Use build and pip and other standards-based tools.
[0.579s]   warnings.warn(
[0.579s] running install_lib
[0.580s] byte-compiling /home/pmlab/yueju2/install/open_cv/lib/python3.10/site-packages/open_cv/6.py to 6.cpython-310.pyc
[0.580s] Sorry: IndentationError: unexpected indent (6.py, line 27)
[0.580s] byte-compiling /home/pmlab/yueju2/install/open_cv/lib/python3.10/site-packages/open_cv/4.py to 4.cpython-310.pyc
[0.580s] Sorry: IndentationError: unexpected indent (4.py, line 57)
[0.580s] running install_data
[0.580s] running install_egg_info
[0.581s] removing '/home/pmlab/yueju2/install/open_cv/lib/python3.10/site-packages/open_cv-0.0.0-py3.10.egg-info' (and everything under it)
[0.582s] Copying ../build/open_cv/open_cv.egg-info to /home/pmlab/yueju2/install/open_cv/lib/python3.10/site-packages/open_cv-0.0.0-py3.10.egg-info
[0.582s] running install_scripts
[0.594s] Installing auto_centering script to /home/pmlab/yueju2/install/open_cv/lib/open_cv
[0.594s] Installing image_processing script to /home/pmlab/yueju2/install/open_cv/lib/open_cv
[0.594s] writing list of installed files to '/home/pmlab/yueju2/build/open_cv/install.log'
[0.613s] Invoked command in '/home/pmlab/yueju2/open_cv' returned '0': PYTHONPATH=/home/pmlab/yueju2/build/open_cv/prefix_override:/home/pmlab/yueju2/install/open_cv/lib/python3.10/site-packages:${PYTHONPATH} /usr/bin/python3 setup.py egg_info --egg-base ../build/open_cv build --build-base /home/pmlab/yueju2/build/open_cv/build install --record /home/pmlab/yueju2/build/open_cv/install.log --single-version-externally-managed
