[1.734s] Invoking command in '/home/yueju/led/open_cv': PYTHONPATH=/home/yueju/led/build/open_cv/prefix_override:/home/yueju/led/install/open_cv/lib/python3.10/site-packages:${PYTHONPATH} /usr/bin/python3 setup.py egg_info --egg-base ../build/open_cv build --build-base /home/yueju/led/build/open_cv/build install --record /home/yueju/led/build/open_cv/install.log --single-version-externally-managed
[2.212s] running egg_info
[2.240s] writing ../build/open_cv/open_cv.egg-info/PKG-INFO
[2.241s] writing dependency_links to ../build/open_cv/open_cv.egg-info/dependency_links.txt
[2.241s] writing entry points to ../build/open_cv/open_cv.egg-info/entry_points.txt
[2.242s] writing requirements to ../build/open_cv/open_cv.egg-info/requires.txt
[2.242s] writing top-level names to ../build/open_cv/open_cv.egg-info/top_level.txt
[2.296s] reading manifest file '../build/open_cv/open_cv.egg-info/SOURCES.txt'
[2.299s] writing manifest file '../build/open_cv/open_cv.egg-info/SOURCES.txt'
[2.299s] running build
[2.299s] running build_py
[2.301s] running install
[2.301s] /home/yueju/.local/lib/python3.10/site-packages/setuptools/command/install.py:34: SetuptoolsDeprecationWarning: setup.py install is deprecated. Use build and pip and other standards-based tools.
[2.301s]   warnings.warn(
[2.315s] running install_lib
[2.348s] byte-compiling /home/yueju/led/install/open_cv/lib/python3.10/site-packages/open_cv/6.py to 6.cpython-310.pyc
[2.349s] Sorry: IndentationError: unexpected indent (6.py, line 27)
[2.350s] byte-compiling /home/yueju/led/install/open_cv/lib/python3.10/site-packages/open_cv/1.py to 1.cpython-310.pyc
[2.351s] Sorry: IndentationError: unexpected indent (1.py, line 71)
[2.351s] running install_data
[2.376s] running install_egg_info
[2.404s] removing '/home/yueju/led/install/open_cv/lib/python3.10/site-packages/open_cv-0.0.0-py3.10.egg-info' (and everything under it)
[2.405s] Copying ../build/open_cv/open_cv.egg-info to /home/yueju/led/install/open_cv/lib/python3.10/site-packages/open_cv-0.0.0-py3.10.egg-info
[2.406s] running install_scripts
[2.811s] Installing auto_centering script to /home/yueju/led/install/open_cv/lib/open_cv
[2.811s] Installing image_procesing script to /home/yueju/led/install/open_cv/lib/open_cv
[2.813s] writing list of installed files to '/home/yueju/led/build/open_cv/install.log'
[2.908s] Invoked command in '/home/yueju/led/open_cv' returned '0': PYTHONPATH=/home/yueju/led/build/open_cv/prefix_override:/home/yueju/led/install/open_cv/lib/python3.10/site-packages:${PYTHONPATH} /usr/bin/python3 setup.py egg_info --egg-base ../build/open_cv build --build-base /home/yueju/led/build/open_cv/build install --record /home/yueju/led/build/open_cv/install.log --single-version-externally-managed
