[0.524s] Invoking command in '/home/yueju/led/build/pm_robot_description': CMAKE_PREFIX_PATH=/opt/ros/humble /usr/bin/cmake --build /home/yueju/led/build/pm_robot_description -- -j8 -l8
[1.194s] Invoked command in '/home/yueju/led/build/pm_robot_description' returned '0': CMAKE_PREFIX_PATH=/opt/ros/humble /usr/bin/cmake --build /home/yueju/led/build/pm_robot_description -- -j8 -l8
[1.225s] Invoking command in '/home/yueju/led/build/pm_robot_description': CMAKE_PREFIX_PATH=/opt/ros/humble /usr/bin/cmake --install /home/yueju/led/build/pm_robot_description
[1.236s] -- Install configuration: ""
[1.239s] -- Up-to-date: /home/yueju/led/install/pm_robot_description/share/pm_robot_description/config
[1.240s] -- Up-to-date: /home/yueju/led/install/pm_robot_description/share/pm_robot_description/config/control.yaml
[1.240s] -- Up-to-date: /home/yueju/led/install/pm_robot_description/share/pm_robot_description/config/joint_names_roboter_zusammenbau.yaml
[1.241s] -- Up-to-date: /home/yueju/led/install/pm_robot_description/share/pm_robot_description/config/controller.yaml
[1.241s] -- Up-to-date: /home/yueju/led/install/pm_robot_description/share/pm_robot_description/launch
[1.242s] -- Up-to-date: /home/yueju/led/install/pm_robot_description/share/pm_robot_description/launch/pm_robot_rviz.launch.py
[1.243s] -- Up-to-date: /home/yueju/led/install/pm_robot_description/share/pm_robot_description/launch/pm_robot_gazebo.launch.py
[1.243s] -- Up-to-date: /home/yueju/led/install/pm_robot_description/share/pm_robot_description/meshes
[1.243s] -- Up-to-date: /home/yueju/led/install/pm_robot_description/share/pm_robot_description/meshes/EQ.STL
[1.244s] -- Up-to-date: /home/yueju/led/install/pm_robot_description/share/pm_robot_description/meshes/UV_Module_Right.STL
[1.245s] -- Up-to-date: /home/yueju/led/install/pm_robot_description/share/pm_robot_description/meshes/Z_Axis.STL
[1.246s] -- Up-to-date: /home/yueju/led/install/pm_robot_description/share/pm_robot_description/meshes/Gonio_Right_Stage_1_Upper.STL
[1.246s] -- Up-to-date: /home/yueju/led/install/pm_robot_description/share/pm_robot_description/meshes/Test_Station.STL
[1.247s] -- Up-to-date: /home/yueju/led/install/pm_robot_description/share/pm_robot_description/meshes/Gonio_Left_Stage_1_Upper.STL
[1.247s] -- Up-to-date: /home/yueju/led/install/pm_robot_description/share/pm_robot_description/meshes/UV_Module_Left.STL
[1.248s] -- Up-to-date: /home/yueju/led/install/pm_robot_description/share/pm_robot_description/meshes/Gonio_Right_Mount_Upper.STL
[1.248s] -- Up-to-date: /home/yueju/led/install/pm_robot_description/share/pm_robot_description/meshes/Gripper.STL
[1.249s] -- Up-to-date: /home/yueju/led/install/pm_robot_description/share/pm_robot_description/meshes/Stage_1_Gonio_Right.STL
[1.249s] -- Up-to-date: /home/yueju/led/install/pm_robot_description/share/pm_robot_description/meshes/Camera_Calibration.STL
[1.250s] -- Up-to-date: /home/yueju/led/install/pm_robot_description/share/pm_robot_description/meshes/Nest.STL
[1.250s] -- Up-to-date: /home/yueju/led/install/pm_robot_description/share/pm_robot_description/meshes/Glue_Cartridge.STL
[1.251s] -- Up-to-date: /home/yueju/led/install/pm_robot_description/share/pm_robot_description/meshes/Gonio_Right_Stage_2_Upper.STL
[1.251s] -- Up-to-date: /home/yueju/led/install/pm_robot_description/share/pm_robot_description/meshes/Camera_System.STL
[1.252s] -- Up-to-date: /home/yueju/led/install/pm_robot_description/share/pm_robot_description/meshes/Gripper_Rot_Plate.STL
[1.253s] -- Up-to-date: /home/yueju/led/install/pm_robot_description/share/pm_robot_description/meshes/Glue_Cartridge_Flap.STL
[1.253s] -- Up-to-date: /home/yueju/led/install/pm_robot_description/share/pm_robot_description/meshes/Gonio_Right_Mount_Lower.STL
[1.253s] -- Up-to-date: /home/yueju/led/install/pm_robot_description/share/pm_robot_description/meshes/X_Axis.STL
[1.254s] -- Up-to-date: /home/yueju/led/install/pm_robot_description/share/pm_robot_description/meshes/Camera_Module_Z_Axis.STL
[1.254s] -- Up-to-date: /home/yueju/led/install/pm_robot_description/share/pm_robot_description/meshes/Gonio_Left_Stage_2_Upper.STL
[1.255s] -- Up-to-date: /home/yueju/led/install/pm_robot_description/share/pm_robot_description/meshes/UV_Cart_Left.STL
[1.255s] -- Up-to-date: /home/yueju/led/install/pm_robot_description/share/pm_robot_description/meshes/UV_Cart_Right.STL
[1.255s] -- Up-to-date: /home/yueju/led/install/pm_robot_description/share/pm_robot_description/meshes/Gonio_Base_Left.STL
[1.256s] -- Up-to-date: /home/yueju/led/install/pm_robot_description/share/pm_robot_description/meshes/Component.STL
[1.256s] -- Up-to-date: /home/yueju/led/install/pm_robot_description/share/pm_robot_description/meshes/base_link.STL
[1.256s] -- Up-to-date: /home/yueju/led/install/pm_robot_description/share/pm_robot_description/meshes/Gonio_Base_Rigth.STL
[1.257s] -- Up-to-date: /home/yueju/led/install/pm_robot_description/share/pm_robot_description/meshes/Y_Axis.STL
[1.257s] -- Up-to-date: /home/yueju/led/install/pm_robot_description/share/pm_robot_description/urdf
[1.257s] -- Up-to-date: /home/yueju/led/install/pm_robot_description/share/pm_robot_description/urdf/pm_robot.gv
[1.257s] -- Up-to-date: /home/yueju/led/install/pm_robot_description/share/pm_robot_description/urdf/main.xacro
[1.258s] -- Up-to-date: /home/yueju/led/install/pm_robot_description/share/pm_robot_description/urdf/pm_robot.pdf
[1.258s] -- Up-to-date: /home/yueju/led/install/pm_robot_description/share/pm_robot_description/urdf/ros2_control.xacro
[1.258s] -- Up-to-date: /home/yueju/led/install/pm_robot_description/share/pm_robot_description/urdf/pm_robot.urdf
[1.258s] -- Up-to-date: /home/yueju/led/install/pm_robot_description/share/pm_robot_description/urdf/sensors.urdf
[1.259s] -- Up-to-date: /home/yueju/led/install/pm_robot_description/share/pm_robot_description/urdf/controllers.xacro
[1.259s] -- Up-to-date: /home/yueju/led/install/pm_robot_description/share/ament_index/resource_index/package_run_dependencies/pm_robot_description
[1.259s] -- Up-to-date: /home/yueju/led/install/pm_robot_description/share/ament_index/resource_index/parent_prefix_path/pm_robot_description
[1.259s] -- Up-to-date: /home/yueju/led/install/pm_robot_description/share/pm_robot_description/environment/ament_prefix_path.sh
[1.259s] -- Up-to-date: /home/yueju/led/install/pm_robot_description/share/pm_robot_description/environment/ament_prefix_path.dsv
[1.260s] -- Up-to-date: /home/yueju/led/install/pm_robot_description/share/pm_robot_description/environment/path.sh
[1.260s] -- Up-to-date: /home/yueju/led/install/pm_robot_description/share/pm_robot_description/environment/path.dsv
[1.260s] -- Up-to-date: /home/yueju/led/install/pm_robot_description/share/pm_robot_description/local_setup.bash
[1.260s] -- Up-to-date: /home/yueju/led/install/pm_robot_description/share/pm_robot_description/local_setup.sh
[1.260s] -- Up-to-date: /home/yueju/led/install/pm_robot_description/share/pm_robot_description/local_setup.zsh
[1.260s] -- Up-to-date: /home/yueju/led/install/pm_robot_description/share/pm_robot_description/local_setup.dsv
[1.261s] -- Installing: /home/yueju/led/install/pm_robot_description/share/pm_robot_description/package.dsv
[1.299s] -- Up-to-date: /home/yueju/led/install/pm_robot_description/share/ament_index/resource_index/packages/pm_robot_description
[1.304s] -- Up-to-date: /home/yueju/led/install/pm_robot_description/share/pm_robot_description/cmake/pm_robot_descriptionConfig.cmake
[1.304s] -- Up-to-date: /home/yueju/led/install/pm_robot_description/share/pm_robot_description/cmake/pm_robot_descriptionConfig-version.cmake
[1.305s] -- Up-to-date: /home/yueju/led/install/pm_robot_description/share/pm_robot_description/package.xml
[1.311s] Invoked command in '/home/yueju/led/build/pm_robot_description' returned '0': CMAKE_PREFIX_PATH=/opt/ros/humble /usr/bin/cmake --install /home/yueju/led/build/pm_robot_description
