[0.012s] Invoking command in '/home/yueju/led/build/pm_robot_control': AMENT_PREFIX_PATH=/home/yueju/led/install/pm_client:/home/yueju/led/install/open62541:${AMENT_PREFIX_PATH} CMAKE_PREFIX_PATH=/home/yueju/led/install/pm_client:/home/yueju/led/install/open62541:/opt/ros/humble LD_LIBRARY_PATH=/home/yueju/led/install/pm_client/lib:/home/yueju/led/install/open62541/lib:${LD_LIBRARY_PATH} /usr/bin/cmake --build /home/yueju/led/build/pm_robot_control -- -j8 -l8
[0.076s] -- Found ament_cmake: 1.3.3 (/opt/ros/humble/share/ament_cmake/cmake)
[0.241s] -- Found rclcpp: 16.0.3 (/opt/ros/humble/share/rclcpp/cmake)
[0.509s] -- Found rosidl_generator_c: 3.1.4 (/opt/ros/humble/share/rosidl_generator_c/cmake)
[0.539s] -- Found rosidl_adapter: 3.1.4 (/opt/ros/humble/share/rosidl_adapter/cmake)
[0.605s] -- Found rosidl_generator_cpp: 3.1.4 (/opt/ros/humble/share/rosidl_generator_cpp/cmake)
[0.696s] -- Using all available rosidl_typesupport_c: rosidl_typesupport_fastrtps_c;rosidl_typesupport_introspection_c
[0.803s] -- Using all available rosidl_typesupport_cpp: rosidl_typesupport_fastrtps_cpp;rosidl_typesupport_introspection_cpp
[1.083s] -- Found rmw_implementation_cmake: 6.1.1 (/opt/ros/humble/share/rmw_implementation_cmake/cmake)
[1.112s] -- Found rmw_fastrtps_cpp: 6.2.2 (/opt/ros/humble/share/rmw_fastrtps_cpp/cmake)
[1.532s] -- Using RMW implementation 'rmw_fastrtps_cpp' as default
[1.953s] -- Found sensor_msgs: 4.2.3 (/opt/ros/humble/share/sensor_msgs/cmake)
[2.133s] -- Found pm_client: 0.0.0 (/home/yueju/led/install/pm_client/share/pm_client/cmake)
[2.239s] -- Configuring done
[2.273s] -- Generating done
[2.276s] -- Build files have been written to: /home/yueju/led/build/pm_robot_control
[2.302s] [35m[1mConsolidate compiler generated dependencies of target controller[0m
[2.319s] [ 50%] [32mBuilding CXX object CMakeFiles/controller.dir/src/main.cpp.o[0m
[3.252s] [100%] [32m[1mLinking CXX executable controller[0m
[3.479s] [100%] Built target controller
[3.490s] Invoked command in '/home/yueju/led/build/pm_robot_control' returned '0': AMENT_PREFIX_PATH=/home/yueju/led/install/pm_client:/home/yueju/led/install/open62541:${AMENT_PREFIX_PATH} CMAKE_PREFIX_PATH=/home/yueju/led/install/pm_client:/home/yueju/led/install/open62541:/opt/ros/humble LD_LIBRARY_PATH=/home/yueju/led/install/pm_client/lib:/home/yueju/led/install/open62541/lib:${LD_LIBRARY_PATH} /usr/bin/cmake --build /home/yueju/led/build/pm_robot_control -- -j8 -l8
[3.514s] Invoking command in '/home/yueju/led/build/pm_robot_control': AMENT_PREFIX_PATH=/home/yueju/led/install/pm_client:/home/yueju/led/install/open62541:${AMENT_PREFIX_PATH} CMAKE_PREFIX_PATH=/home/yueju/led/install/pm_client:/home/yueju/led/install/open62541:/opt/ros/humble LD_LIBRARY_PATH=/home/yueju/led/install/pm_client/lib:/home/yueju/led/install/open62541/lib:${LD_LIBRARY_PATH} /usr/bin/cmake --install /home/yueju/led/build/pm_robot_control
[3.521s] -- Install configuration: ""
[3.521s] -- Installing: /home/yueju/led/install/pm_robot_control/lib/pm_robot_control/controller
[3.524s] -- Set runtime path of "/home/yueju/led/install/pm_robot_control/lib/pm_robot_control/controller" to ""
[3.525s] -- Up-to-date: /home/yueju/led/install/pm_robot_control/share/ament_index/resource_index/package_run_dependencies/pm_robot_control
[3.525s] -- Up-to-date: /home/yueju/led/install/pm_robot_control/share/ament_index/resource_index/parent_prefix_path/pm_robot_control
[3.525s] -- Up-to-date: /home/yueju/led/install/pm_robot_control/share/pm_robot_control/environment/ament_prefix_path.sh
[3.525s] -- Installing: /home/yueju/led/install/pm_robot_control/share/pm_robot_control/environment/ament_prefix_path.dsv
[3.525s] -- Up-to-date: /home/yueju/led/install/pm_robot_control/share/pm_robot_control/environment/path.sh
[3.526s] -- Installing: /home/yueju/led/install/pm_robot_control/share/pm_robot_control/environment/path.dsv
[3.526s] -- Up-to-date: /home/yueju/led/install/pm_robot_control/share/pm_robot_control/local_setup.bash
[3.526s] -- Up-to-date: /home/yueju/led/install/pm_robot_control/share/pm_robot_control/local_setup.sh
[3.526s] -- Up-to-date: /home/yueju/led/install/pm_robot_control/share/pm_robot_control/local_setup.zsh
[3.526s] -- Installing: /home/yueju/led/install/pm_robot_control/share/pm_robot_control/local_setup.dsv
[3.526s] -- Installing: /home/yueju/led/install/pm_robot_control/share/pm_robot_control/package.dsv
[3.526s] -- Up-to-date: /home/yueju/led/install/pm_robot_control/share/ament_index/resource_index/packages/pm_robot_control
[3.527s] -- Up-to-date: /home/yueju/led/install/pm_robot_control/share/pm_robot_control/cmake/pm_robot_controlConfig.cmake
[3.527s] -- Up-to-date: /home/yueju/led/install/pm_robot_control/share/pm_robot_control/cmake/pm_robot_controlConfig-version.cmake
[3.527s] -- Installing: /home/yueju/led/install/pm_robot_control/share/pm_robot_control/package.xml
[3.530s] Invoked command in '/home/yueju/led/build/pm_robot_control' returned '0': AMENT_PREFIX_PATH=/home/yueju/led/install/pm_client:/home/yueju/led/install/open62541:${AMENT_PREFIX_PATH} CMAKE_PREFIX_PATH=/home/yueju/led/install/pm_client:/home/yueju/led/install/open62541:/opt/ros/humble LD_LIBRARY_PATH=/home/yueju/led/install/pm_client/lib:/home/yueju/led/install/open62541/lib:${LD_LIBRARY_PATH} /usr/bin/cmake --install /home/yueju/led/build/pm_robot_control
