[0.569s] Invoking command in '/home/yueju/led/build/open62541': CMAKE_PREFIX_PATH=/opt/ros/humble /usr/bin/cmake --build /home/yueju/led/build/open62541 -- -j8 -l8
[2.085s] [100%] Built target open62541
[2.097s] Invoked command in '/home/yueju/led/build/open62541' returned '0': CMAKE_PREFIX_PATH=/opt/ros/humble /usr/bin/cmake --build /home/yueju/led/build/open62541 -- -j8 -l8
[2.121s] Invoking command in '/home/yueju/led/build/open62541': CMAKE_PREFIX_PATH=/opt/ros/humble /usr/bin/cmake --install /home/yueju/led/build/open62541
[2.131s] -- Install configuration: ""
[2.286s] -- Up-to-date: /home/yueju/led/install/open62541/share/open62541/environment/library_path.sh
[2.287s] -- Up-to-date: /home/yueju/led/install/open62541/share/open62541/environment/library_path.dsv
[2.352s] -- Up-to-date: /home/yueju/led/install/open62541/include/open62541
[2.353s] -- Up-to-date: /home/yueju/led/install/open62541/include/open62541/open62541.h
[2.354s] -- Up-to-date: /home/yueju/led/install/open62541/lib/libopen62541.a
[2.355s] -- Up-to-date: /home/yueju/led/install/open62541/share/ament_index/resource_index/package_run_dependencies/open62541
[2.356s] -- Up-to-date: /home/yueju/led/install/open62541/share/ament_index/resource_index/parent_prefix_path/open62541
[2.356s] -- Up-to-date: /home/yueju/led/install/open62541/share/open62541/environment/ament_prefix_path.sh
[2.356s] -- Up-to-date: /home/yueju/led/install/open62541/share/open62541/environment/ament_prefix_path.dsv
[2.357s] -- Up-to-date: /home/yueju/led/install/open62541/share/open62541/environment/path.sh
[2.357s] -- Up-to-date: /home/yueju/led/install/open62541/share/open62541/environment/path.dsv
[2.357s] -- Up-to-date: /home/yueju/led/install/open62541/share/open62541/local_setup.bash
[2.357s] -- Up-to-date: /home/yueju/led/install/open62541/share/open62541/local_setup.sh
[2.358s] -- Up-to-date: /home/yueju/led/install/open62541/share/open62541/local_setup.zsh
[2.358s] -- Up-to-date: /home/yueju/led/install/open62541/share/open62541/local_setup.dsv
[2.358s] -- Installing: /home/yueju/led/install/open62541/share/open62541/package.dsv
[2.358s] -- Up-to-date: /home/yueju/led/install/open62541/share/ament_index/resource_index/packages/open62541
[2.362s] -- Up-to-date: /home/yueju/led/install/open62541/share/open62541/cmake/open62541Export.cmake
[2.362s] -- Up-to-date: /home/yueju/led/install/open62541/share/open62541/cmake/open62541Export-noconfig.cmake
[2.363s] -- Up-to-date: /home/yueju/led/install/open62541/share/open62541/cmake/ament_cmake_export_targets-extras.cmake
[2.364s] -- Up-to-date: /home/yueju/led/install/open62541/share/open62541/cmake/open62541Config.cmake
[2.364s] -- Up-to-date: /home/yueju/led/install/open62541/share/open62541/cmake/open62541Config-version.cmake
[2.364s] -- Up-to-date: /home/yueju/led/install/open62541/share/open62541/package.xml
[2.371s] Invoked command in '/home/yueju/led/build/open62541' returned '0': CMAKE_PREFIX_PATH=/opt/ros/humble /usr/bin/cmake --install /home/yueju/led/build/open62541
