[0.458s] Invoking command in '/home/pmlab/yueju/change/build/open_cv': PYTHONPATH=/home/pmlab/yueju/change/build/open_cv/prefix_override:/home/pmlab/yueju/change/install/open_cv/lib/python3.10/site-packages:${PYTHONPATH} /usr/bin/python3 setup.py develop --uninstall --editable --build-directory /home/pmlab/yueju/change/build/open_cv/build
[0.648s] running develop
[0.649s] /usr/lib/python3/dist-packages/setuptools/command/easy_install.py:158: EasyInstallDeprecationWarning: easy_install command is deprecated. Use build and pip and other standards-based tools.
[0.649s]   warnings.warn(
[0.650s] /usr/lib/python3/dist-packages/setuptools/command/install.py:34: SetuptoolsDeprecationWarning: setup.py install is deprecated. Use build and pip and other standards-based tools.
[0.650s]   warnings.warn(
[0.693s] /usr/lib/python3/dist-packages/pkg_resources/__init__.py:116: PkgResourcesDeprecationWarning: 1.16.0-unknown is an invalid version and will not be supported in a future release
[0.694s]   warnings.warn(
[0.694s] /usr/lib/python3/dist-packages/pkg_resources/__init__.py:116: PkgResourcesDeprecationWarning: 1.1build1 is an invalid version and will not be supported in a future release
[0.694s]   warnings.warn(
[0.694s] /usr/lib/python3/dist-packages/pkg_resources/__init__.py:116: PkgResourcesDeprecationWarning: 0.1.43ubuntu1 is an invalid version and will not be supported in a future release
[0.694s]   warnings.warn(
[0.774s] Removing /home/pmlab/yueju/change/install/open_cv/lib/python3.10/site-packages/open-cv.egg-link (link to .)
[0.790s] Invoked command in '/home/pmlab/yueju/change/build/open_cv' returned '0': PYTHONPATH=/home/pmlab/yueju/change/build/open_cv/prefix_override:/home/pmlab/yueju/change/install/open_cv/lib/python3.10/site-packages:${PYTHONPATH} /usr/bin/python3 setup.py develop --uninstall --editable --build-directory /home/pmlab/yueju/change/build/open_cv/build
[0.792s] Invoking command in '/home/pmlab/yueju/change/open_cv': PYTHONPATH=/home/pmlab/yueju/change/build/open_cv/prefix_override:/home/pmlab/yueju/change/install/open_cv/lib/python3.10/site-packages:${PYTHONPATH} /usr/bin/python3 setup.py egg_info --egg-base ../build/open_cv build --build-base /home/pmlab/yueju/change/build/open_cv/build install --record /home/pmlab/yueju/change/build/open_cv/install.log --single-version-externally-managed
[0.968s] running egg_info
[0.969s] writing ../build/open_cv/open_cv.egg-info/PKG-INFO
[0.969s] writing dependency_links to ../build/open_cv/open_cv.egg-info/dependency_links.txt
[0.969s] writing entry points to ../build/open_cv/open_cv.egg-info/entry_points.txt
[0.969s] writing requirements to ../build/open_cv/open_cv.egg-info/requires.txt
[0.969s] writing top-level names to ../build/open_cv/open_cv.egg-info/top_level.txt
[0.970s] reading manifest file '../build/open_cv/open_cv.egg-info/SOURCES.txt'
[0.971s] writing manifest file '../build/open_cv/open_cv.egg-info/SOURCES.txt'
[0.971s] running build
[0.971s] running build_py
[0.971s] copying open_cv/image_processing.py -> /home/pmlab/yueju/change/build/open_cv/build/lib/open_cv
[0.971s] copying open_cv/4.py -> /home/pmlab/yueju/change/build/open_cv/build/lib/open_cv
[0.971s] copying open_cv/auto_centering.py -> /home/pmlab/yueju/change/build/open_cv/build/lib/open_cv
[0.972s] running install
[0.972s] /usr/lib/python3/dist-packages/setuptools/command/install.py:34: SetuptoolsDeprecationWarning: setup.py install is deprecated. Use build and pip and other standards-based tools.
[0.972s]   warnings.warn(
[0.972s] running install_lib
[0.972s] copying /home/pmlab/yueju/change/build/open_cv/build/lib/open_cv/auto_center.py -> /home/pmlab/yueju/change/install/open_cv/lib/python3.10/site-packages/open_cv
[0.973s] copying /home/pmlab/yueju/change/build/open_cv/build/lib/open_cv/vergleich.py -> /home/pmlab/yueju/change/install/open_cv/lib/python3.10/site-packages/open_cv
[0.973s] copying /home/pmlab/yueju/change/build/open_cv/build/lib/open_cv/image_detec.py -> /home/pmlab/yueju/change/install/open_cv/lib/python3.10/site-packages/open_cv
[0.973s] copying /home/pmlab/yueju/change/build/open_cv/build/lib/open_cv/__init__.py -> /home/pmlab/yueju/change/install/open_cv/lib/python3.10/site-packages/open_cv
[0.973s] copying /home/pmlab/yueju/change/build/open_cv/build/lib/open_cv/image_processing.py -> /home/pmlab/yueju/change/install/open_cv/lib/python3.10/site-packages/open_cv
[0.973s] copying /home/pmlab/yueju/change/build/open_cv/build/lib/open_cv/6.py -> /home/pmlab/yueju/change/install/open_cv/lib/python3.10/site-packages/open_cv
[0.973s] copying /home/pmlab/yueju/change/build/open_cv/build/lib/open_cv/op.py -> /home/pmlab/yueju/change/install/open_cv/lib/python3.10/site-packages/open_cv
[0.973s] copying /home/pmlab/yueju/change/build/open_cv/build/lib/open_cv/4.py -> /home/pmlab/yueju/change/install/open_cv/lib/python3.10/site-packages/open_cv
[0.973s] copying /home/pmlab/yueju/change/build/open_cv/build/lib/open_cv/x.py -> /home/pmlab/yueju/change/install/open_cv/lib/python3.10/site-packages/open_cv
[0.974s] copying /home/pmlab/yueju/change/build/open_cv/build/lib/open_cv/a.py -> /home/pmlab/yueju/change/install/open_cv/lib/python3.10/site-packages/open_cv
[0.974s] copying /home/pmlab/yueju/change/build/open_cv/build/lib/open_cv/2.py -> /home/pmlab/yueju/change/install/open_cv/lib/python3.10/site-packages/open_cv
[0.974s] copying /home/pmlab/yueju/change/build/open_cv/build/lib/open_cv/auto_centering.py -> /home/pmlab/yueju/change/install/open_cv/lib/python3.10/site-packages/open_cv
[0.974s] byte-compiling /home/pmlab/yueju/change/install/open_cv/lib/python3.10/site-packages/open_cv/auto_center.py to auto_center.cpython-310.pyc
[0.974s] byte-compiling /home/pmlab/yueju/change/install/open_cv/lib/python3.10/site-packages/open_cv/vergleich.py to vergleich.cpython-310.pyc
[0.974s] byte-compiling /home/pmlab/yueju/change/install/open_cv/lib/python3.10/site-packages/open_cv/image_detec.py to image_detec.cpython-310.pyc
[0.975s] byte-compiling /home/pmlab/yueju/change/install/open_cv/lib/python3.10/site-packages/open_cv/__init__.py to __init__.cpython-310.pyc
[0.975s] byte-compiling /home/pmlab/yueju/change/install/open_cv/lib/python3.10/site-packages/open_cv/image_processing.py to image_processing.cpython-310.pyc
[0.976s] byte-compiling /home/pmlab/yueju/change/install/open_cv/lib/python3.10/site-packages/open_cv/6.py to 6.cpython-310.pyc
[0.976s] byte-compiling /home/pmlab/yueju/change/install/open_cv/lib/python3.10/site-packages/open_cv/op.py to op.cpython-310.pyc
[0.977s] byte-compiling /home/pmlab/yueju/change/install/open_cv/lib/python3.10/site-packages/open_cv/4.py to 4.cpython-310.pyc
[0.977s] byte-compiling /home/pmlab/yueju/change/install/open_cv/lib/python3.10/site-packages/open_cv/x.py to x.cpython-310.pyc
[0.979s] byte-compiling /home/pmlab/yueju/change/install/open_cv/lib/python3.10/site-packages/open_cv/a.py to a.cpython-310.pyc
[0.979s] byte-compiling /home/pmlab/yueju/change/install/open_cv/lib/python3.10/site-packages/open_cv/2.py to 2.cpython-310.pyc
[0.980s] byte-compiling /home/pmlab/yueju/change/install/open_cv/lib/python3.10/site-packages/open_cv/auto_centering.py to auto_centering.cpython-310.pyc
[0.980s] running install_data
[0.980s] running install_egg_info
[0.981s] Copying ../build/open_cv/open_cv.egg-info to /home/pmlab/yueju/change/install/open_cv/lib/python3.10/site-packages/open_cv-0.0.0-py3.10.egg-info
[0.982s] running install_scripts
[0.995s] Installing auto_centering script to /home/pmlab/yueju/change/install/open_cv/lib/open_cv
[0.995s] Installing image_processing script to /home/pmlab/yueju/change/install/open_cv/lib/open_cv
[0.995s] writing list of installed files to '/home/pmlab/yueju/change/build/open_cv/install.log'
[1.010s] Invoked command in '/home/pmlab/yueju/change/open_cv' returned '0': PYTHONPATH=/home/pmlab/yueju/change/build/open_cv/prefix_override:/home/pmlab/yueju/change/install/open_cv/lib/python3.10/site-packages:${PYTHONPATH} /usr/bin/python3 setup.py egg_info --egg-base ../build/open_cv build --build-base /home/pmlab/yueju/change/build/open_cv/build install --record /home/pmlab/yueju/change/build/open_cv/install.log --single-version-externally-managed
