[0.309s] DEBUG:colcon:Command line arguments: ['/usr/bin/colcon', 'build']
[0.310s] DEBUG:colcon:Parsed command line arguments: Namespace(log_base=None, log_level=None, verb_name='build', build_base='build', install_base='install', merge_install=False, symlink_install=False, test_result_base=None, continue_on_error=False, executor='parallel', parallel_workers=8, event_handlers=None, ignore_user_meta=False, metas=['./colcon.meta'], base_paths=['.'], packages_ignore=None, packages_ignore_regex=None, paths=None, packages_up_to=None, packages_up_to_regex=None, packages_above=None, packages_above_and_dependencies=None, packages_above_depth=None, packages_select_by_dep=None, packages_skip_by_dep=None, packages_skip_up_to=None, packages_select_build_failed=False, packages_skip_build_finished=False, packages_select_test_failures=False, packages_skip_test_passed=False, packages_select=None, packages_skip=None, packages_select_regex=None, packages_skip_regex=None, packages_start=None, packages_end=None, allow_overriding=[], cmake_args=None, cmake_target=None, cmake_target_skip_unavailable=False, cmake_clean_cache=False, cmake_clean_first=False, cmake_force_configure=False, ament_cmake_args=None, catkin_cmake_args=None, catkin_skip_building_tests=False, verb_parser=<colcon_defaults.argument_parser.defaults.DefaultArgumentsDecorator object at 0x7f2e2fffbfd0>, verb_extension=<colcon_core.verb.build.BuildVerb object at 0x7f2e2fd61ae0>, main=<bound method BuildVerb.main of <colcon_core.verb.build.BuildVerb object at 0x7f2e2fd61ae0>>)
[0.952s] Level 1:colcon.colcon_core.package_discovery:discover_packages(colcon_meta) check parameters
[0.952s] Level 1:colcon.colcon_core.package_discovery:discover_packages(recursive) check parameters
[0.952s] Level 1:colcon.colcon_core.package_discovery:discover_packages(ignore) check parameters
[0.952s] Level 1:colcon.colcon_core.package_discovery:discover_packages(path) check parameters
[0.952s] Level 1:colcon.colcon_core.package_discovery:discover_packages(colcon_meta) discover
[0.952s] Level 1:colcon.colcon_core.package_discovery:discover_packages(recursive) discover
[0.953s] INFO:colcon.colcon_core.package_discovery:Crawling recursively for packages in '/home/yueju/led'
[0.953s] Level 1:colcon.colcon_core.package_identification:_identify(.) by extensions ['ignore', 'ignore_ament_install']
[0.953s] Level 1:colcon.colcon_core.package_identification:_identify(.) by extension 'ignore'
[0.953s] Level 1:colcon.colcon_core.package_identification:_identify(.) by extension 'ignore_ament_install'
[0.953s] Level 1:colcon.colcon_core.package_identification:_identify(.) by extensions ['colcon_pkg']
[0.953s] Level 1:colcon.colcon_core.package_identification:_identify(.) by extension 'colcon_pkg'
[0.953s] Level 1:colcon.colcon_core.package_identification:_identify(.) by extensions ['colcon_meta']
[0.953s] Level 1:colcon.colcon_core.package_identification:_identify(.) by extension 'colcon_meta'
[0.953s] Level 1:colcon.colcon_core.package_identification:_identify(.) by extensions ['ros']
[0.953s] Level 1:colcon.colcon_core.package_identification:_identify(.) by extension 'ros'
[0.963s] Level 1:colcon.colcon_core.package_identification:_identify(.) by extensions ['cmake', 'python']
[0.963s] Level 1:colcon.colcon_core.package_identification:_identify(.) by extension 'cmake'
[0.963s] Level 1:colcon.colcon_core.package_identification:_identify(.) by extension 'python'
[0.963s] Level 1:colcon.colcon_core.package_identification:_identify(.) by extensions ['python_setup_py']
[0.963s] Level 1:colcon.colcon_core.package_identification:_identify(.) by extension 'python_setup_py'
[0.964s] Level 1:colcon.colcon_core.package_identification:_identify(build) by extensions ['ignore', 'ignore_ament_install']
[0.964s] Level 1:colcon.colcon_core.package_identification:_identify(build) by extension 'ignore'
[0.964s] Level 1:colcon.colcon_core.package_identification:_identify(build) ignored
[0.964s] Level 1:colcon.colcon_core.package_identification:_identify(install) by extensions ['ignore', 'ignore_ament_install']
[0.964s] Level 1:colcon.colcon_core.package_identification:_identify(install) by extension 'ignore'
[0.964s] Level 1:colcon.colcon_core.package_identification:_identify(install) ignored
[0.964s] Level 1:colcon.colcon_core.package_identification:_identify(log) by extensions ['ignore', 'ignore_ament_install']
[0.964s] Level 1:colcon.colcon_core.package_identification:_identify(log) by extension 'ignore'
[0.964s] Level 1:colcon.colcon_core.package_identification:_identify(log) ignored
[0.964s] Level 1:colcon.colcon_core.package_identification:_identify(match_pm_robot) by extensions ['ignore', 'ignore_ament_install']
[0.964s] Level 1:colcon.colcon_core.package_identification:_identify(match_pm_robot) by extension 'ignore'
[0.964s] Level 1:colcon.colcon_core.package_identification:_identify(match_pm_robot) by extension 'ignore_ament_install'
[0.964s] Level 1:colcon.colcon_core.package_identification:_identify(match_pm_robot) by extensions ['colcon_pkg']
[0.964s] Level 1:colcon.colcon_core.package_identification:_identify(match_pm_robot) by extension 'colcon_pkg'
[0.964s] Level 1:colcon.colcon_core.package_identification:_identify(match_pm_robot) by extensions ['colcon_meta']
[0.964s] Level 1:colcon.colcon_core.package_identification:_identify(match_pm_robot) by extension 'colcon_meta'
[0.965s] Level 1:colcon.colcon_core.package_identification:_identify(match_pm_robot) by extensions ['ros']
[0.965s] Level 1:colcon.colcon_core.package_identification:_identify(match_pm_robot) by extension 'ros'
[0.965s] Level 1:colcon.colcon_core.package_identification:_identify(match_pm_robot) by extensions ['cmake', 'python']
[0.965s] Level 1:colcon.colcon_core.package_identification:_identify(match_pm_robot) by extension 'cmake'
[0.965s] Level 1:colcon.colcon_core.package_identification:_identify(match_pm_robot) by extension 'python'
[0.965s] Level 1:colcon.colcon_core.package_identification:_identify(match_pm_robot) by extensions ['python_setup_py']
[0.965s] Level 1:colcon.colcon_core.package_identification:_identify(match_pm_robot) by extension 'python_setup_py'
[0.965s] Level 1:colcon.colcon_core.package_identification:_identify(match_pm_robot/build) by extensions ['ignore', 'ignore_ament_install']
[0.965s] Level 1:colcon.colcon_core.package_identification:_identify(match_pm_robot/build) by extension 'ignore'
[0.965s] Level 1:colcon.colcon_core.package_identification:_identify(match_pm_robot/build) ignored
[0.965s] Level 1:colcon.colcon_core.package_identification:_identify(match_pm_robot/install) by extensions ['ignore', 'ignore_ament_install']
[0.965s] Level 1:colcon.colcon_core.package_identification:_identify(match_pm_robot/install) by extension 'ignore'
[0.965s] Level 1:colcon.colcon_core.package_identification:_identify(match_pm_robot/install) ignored
[0.965s] Level 1:colcon.colcon_core.package_identification:_identify(match_pm_robot/log) by extensions ['ignore', 'ignore_ament_install']
[0.965s] Level 1:colcon.colcon_core.package_identification:_identify(match_pm_robot/log) by extension 'ignore'
[0.965s] Level 1:colcon.colcon_core.package_identification:_identify(match_pm_robot/log) ignored
[0.965s] Level 1:colcon.colcon_core.package_identification:_identify(match_pm_robot/pm_robot_description) by extensions ['ignore', 'ignore_ament_install']
[0.966s] Level 1:colcon.colcon_core.package_identification:_identify(match_pm_robot/pm_robot_description) by extension 'ignore'
[0.966s] Level 1:colcon.colcon_core.package_identification:_identify(match_pm_robot/pm_robot_description) by extension 'ignore_ament_install'
[0.966s] Level 1:colcon.colcon_core.package_identification:_identify(match_pm_robot/pm_robot_description) by extensions ['colcon_pkg']
[0.966s] Level 1:colcon.colcon_core.package_identification:_identify(match_pm_robot/pm_robot_description) by extension 'colcon_pkg'
[0.966s] Level 1:colcon.colcon_core.package_identification:_identify(match_pm_robot/pm_robot_description) by extensions ['colcon_meta']
[0.966s] Level 1:colcon.colcon_core.package_identification:_identify(match_pm_robot/pm_robot_description) by extension 'colcon_meta'
[0.966s] Level 1:colcon.colcon_core.package_identification:_identify(match_pm_robot/pm_robot_description) by extensions ['ros']
[0.966s] Level 1:colcon.colcon_core.package_identification:_identify(match_pm_robot/pm_robot_description) by extension 'ros'
[1.005s] DEBUG:colcon.colcon_core.package_identification:Package 'match_pm_robot/pm_robot_description' with type 'ros.ament_cmake' and name 'pm_robot_description'
[1.006s] Level 1:colcon.colcon_core.package_identification:_identify(match_pm_robot/pm_robot_submodules) by extensions ['ignore', 'ignore_ament_install']
[1.006s] Level 1:colcon.colcon_core.package_identification:_identify(match_pm_robot/pm_robot_submodules) by extension 'ignore'
[1.006s] Level 1:colcon.colcon_core.package_identification:_identify(match_pm_robot/pm_robot_submodules) by extension 'ignore_ament_install'
[1.006s] Level 1:colcon.colcon_core.package_identification:_identify(match_pm_robot/pm_robot_submodules) by extensions ['colcon_pkg']
[1.006s] Level 1:colcon.colcon_core.package_identification:_identify(match_pm_robot/pm_robot_submodules) by extension 'colcon_pkg'
[1.006s] Level 1:colcon.colcon_core.package_identification:_identify(match_pm_robot/pm_robot_submodules) by extensions ['colcon_meta']
[1.006s] Level 1:colcon.colcon_core.package_identification:_identify(match_pm_robot/pm_robot_submodules) by extension 'colcon_meta'
[1.006s] Level 1:colcon.colcon_core.package_identification:_identify(match_pm_robot/pm_robot_submodules) by extensions ['ros']
[1.006s] Level 1:colcon.colcon_core.package_identification:_identify(match_pm_robot/pm_robot_submodules) by extension 'ros'
[1.006s] Level 1:colcon.colcon_core.package_identification:_identify(match_pm_robot/pm_robot_submodules) by extensions ['cmake', 'python']
[1.006s] Level 1:colcon.colcon_core.package_identification:_identify(match_pm_robot/pm_robot_submodules) by extension 'cmake'
[1.006s] Level 1:colcon.colcon_core.package_identification:_identify(match_pm_robot/pm_robot_submodules) by extension 'python'
[1.006s] Level 1:colcon.colcon_core.package_identification:_identify(match_pm_robot/pm_robot_submodules) by extensions ['python_setup_py']
[1.006s] Level 1:colcon.colcon_core.package_identification:_identify(match_pm_robot/pm_robot_submodules) by extension 'python_setup_py'
[1.019s] Level 1:colcon.colcon_core.package_identification:_identify(match_pm_robot/pm_robot_submodules/image_common) by extensions ['ignore', 'ignore_ament_install']
[1.019s] Level 1:colcon.colcon_core.package_identification:_identify(match_pm_robot/pm_robot_submodules/image_common) by extension 'ignore'
[1.019s] Level 1:colcon.colcon_core.package_identification:_identify(match_pm_robot/pm_robot_submodules/image_common) by extension 'ignore_ament_install'
[1.020s] Level 1:colcon.colcon_core.package_identification:_identify(match_pm_robot/pm_robot_submodules/image_common) by extensions ['colcon_pkg']
[1.020s] Level 1:colcon.colcon_core.package_identification:_identify(match_pm_robot/pm_robot_submodules/image_common) by extension 'colcon_pkg'
[1.020s] Level 1:colcon.colcon_core.package_identification:_identify(match_pm_robot/pm_robot_submodules/image_common) by extensions ['colcon_meta']
[1.020s] Level 1:colcon.colcon_core.package_identification:_identify(match_pm_robot/pm_robot_submodules/image_common) by extension 'colcon_meta'
[1.020s] Level 1:colcon.colcon_core.package_identification:_identify(match_pm_robot/pm_robot_submodules/image_common) by extensions ['ros']
[1.020s] Level 1:colcon.colcon_core.package_identification:_identify(match_pm_robot/pm_robot_submodules/image_common) by extension 'ros'
[1.021s] Level 1:colcon.colcon_core.package_identification:_identify(match_pm_robot/pm_robot_submodules/image_common) by extensions ['cmake', 'python']
[1.021s] Level 1:colcon.colcon_core.package_identification:_identify(match_pm_robot/pm_robot_submodules/image_common) by extension 'cmake'
[1.021s] Level 1:colcon.colcon_core.package_identification:_identify(match_pm_robot/pm_robot_submodules/image_common) by extension 'python'
[1.021s] Level 1:colcon.colcon_core.package_identification:_identify(match_pm_robot/pm_robot_submodules/image_common) by extensions ['python_setup_py']
[1.022s] Level 1:colcon.colcon_core.package_identification:_identify(match_pm_robot/pm_robot_submodules/image_common) by extension 'python_setup_py'
[1.033s] Level 1:colcon.colcon_core.package_identification:_identify(match_pm_robot/pm_robot_submodules/pylon-ros-camera) by extensions ['ignore', 'ignore_ament_install']
[1.033s] Level 1:colcon.colcon_core.package_identification:_identify(match_pm_robot/pm_robot_submodules/pylon-ros-camera) by extension 'ignore'
[1.033s] Level 1:colcon.colcon_core.package_identification:_identify(match_pm_robot/pm_robot_submodules/pylon-ros-camera) by extension 'ignore_ament_install'
[1.034s] Level 1:colcon.colcon_core.package_identification:_identify(match_pm_robot/pm_robot_submodules/pylon-ros-camera) by extensions ['colcon_pkg']
[1.034s] Level 1:colcon.colcon_core.package_identification:_identify(match_pm_robot/pm_robot_submodules/pylon-ros-camera) by extension 'colcon_pkg'
[1.034s] Level 1:colcon.colcon_core.package_identification:_identify(match_pm_robot/pm_robot_submodules/pylon-ros-camera) by extensions ['colcon_meta']
[1.034s] Level 1:colcon.colcon_core.package_identification:_identify(match_pm_robot/pm_robot_submodules/pylon-ros-camera) by extension 'colcon_meta'
[1.034s] Level 1:colcon.colcon_core.package_identification:_identify(match_pm_robot/pm_robot_submodules/pylon-ros-camera) by extensions ['ros']
[1.034s] Level 1:colcon.colcon_core.package_identification:_identify(match_pm_robot/pm_robot_submodules/pylon-ros-camera) by extension 'ros'
[1.035s] Level 1:colcon.colcon_core.package_identification:_identify(match_pm_robot/pm_robot_submodules/pylon-ros-camera) by extensions ['cmake', 'python']
[1.035s] Level 1:colcon.colcon_core.package_identification:_identify(match_pm_robot/pm_robot_submodules/pylon-ros-camera) by extension 'cmake'
[1.035s] Level 1:colcon.colcon_core.package_identification:_identify(match_pm_robot/pm_robot_submodules/pylon-ros-camera) by extension 'python'
[1.035s] Level 1:colcon.colcon_core.package_identification:_identify(match_pm_robot/pm_robot_submodules/pylon-ros-camera) by extensions ['python_setup_py']
[1.036s] Level 1:colcon.colcon_core.package_identification:_identify(match_pm_robot/pm_robot_submodules/pylon-ros-camera) by extension 'python_setup_py'
[1.036s] Level 1:colcon.colcon_core.package_identification:_identify(src) by extensions ['ignore', 'ignore_ament_install']
[1.036s] Level 1:colcon.colcon_core.package_identification:_identify(src) by extension 'ignore'
[1.037s] Level 1:colcon.colcon_core.package_identification:_identify(src) by extension 'ignore_ament_install'
[1.037s] Level 1:colcon.colcon_core.package_identification:_identify(src) by extensions ['colcon_pkg']
[1.037s] Level 1:colcon.colcon_core.package_identification:_identify(src) by extension 'colcon_pkg'
[1.037s] Level 1:colcon.colcon_core.package_identification:_identify(src) by extensions ['colcon_meta']
[1.037s] Level 1:colcon.colcon_core.package_identification:_identify(src) by extension 'colcon_meta'
[1.037s] Level 1:colcon.colcon_core.package_identification:_identify(src) by extensions ['ros']
[1.038s] Level 1:colcon.colcon_core.package_identification:_identify(src) by extension 'ros'
[1.038s] Level 1:colcon.colcon_core.package_identification:_identify(src) by extensions ['cmake', 'python']
[1.038s] Level 1:colcon.colcon_core.package_identification:_identify(src) by extension 'cmake'
[1.038s] Level 1:colcon.colcon_core.package_identification:_identify(src) by extension 'python'
[1.038s] Level 1:colcon.colcon_core.package_identification:_identify(src) by extensions ['python_setup_py']
[1.039s] Level 1:colcon.colcon_core.package_identification:_identify(src) by extension 'python_setup_py'
[1.044s] Level 1:colcon.colcon_core.package_identification:_identify(src/battery_node) by extensions ['ignore', 'ignore_ament_install']
[1.045s] Level 1:colcon.colcon_core.package_identification:_identify(src/battery_node) by extension 'ignore'
[1.045s] Level 1:colcon.colcon_core.package_identification:_identify(src/battery_node) by extension 'ignore_ament_install'
[1.045s] Level 1:colcon.colcon_core.package_identification:_identify(src/battery_node) by extensions ['colcon_pkg']
[1.045s] Level 1:colcon.colcon_core.package_identification:_identify(src/battery_node) by extension 'colcon_pkg'
[1.046s] Level 1:colcon.colcon_core.package_identification:_identify(src/battery_node) by extensions ['colcon_meta']
[1.046s] Level 1:colcon.colcon_core.package_identification:_identify(src/battery_node) by extension 'colcon_meta'
[1.046s] Level 1:colcon.colcon_core.package_identification:_identify(src/battery_node) by extensions ['ros']
[1.046s] Level 1:colcon.colcon_core.package_identification:_identify(src/battery_node) by extension 'ros'
[1.056s] DEBUG:colcon.colcon_core.package_identification:Package 'src/battery_node' with type 'ros.ament_python' and name 'battery_node'
[1.077s] Level 1:colcon.colcon_core.package_identification:_identify(src/interface) by extensions ['ignore', 'ignore_ament_install']
[1.077s] Level 1:colcon.colcon_core.package_identification:_identify(src/interface) by extension 'ignore'
[1.077s] Level 1:colcon.colcon_core.package_identification:_identify(src/interface) by extension 'ignore_ament_install'
[1.078s] Level 1:colcon.colcon_core.package_identification:_identify(src/interface) by extensions ['colcon_pkg']
[1.078s] Level 1:colcon.colcon_core.package_identification:_identify(src/interface) by extension 'colcon_pkg'
[1.078s] Level 1:colcon.colcon_core.package_identification:_identify(src/interface) by extensions ['colcon_meta']
[1.078s] Level 1:colcon.colcon_core.package_identification:_identify(src/interface) by extension 'colcon_meta'
[1.078s] Level 1:colcon.colcon_core.package_identification:_identify(src/interface) by extensions ['ros']
[1.079s] Level 1:colcon.colcon_core.package_identification:_identify(src/interface) by extension 'ros'
[1.087s] DEBUG:colcon.colcon_core.package_identification:Package 'src/interface' with type 'ros.ament_cmake' and name 'interface'
[1.087s] Level 1:colcon.colcon_core.package_discovery:discover_packages(recursive) using defaults
[1.087s] Level 1:colcon.colcon_core.package_discovery:discover_packages(ignore) discover
[1.088s] Level 1:colcon.colcon_core.package_discovery:discover_packages(ignore) using defaults
[1.088s] Level 1:colcon.colcon_core.package_discovery:discover_packages(path) discover
[1.088s] Level 1:colcon.colcon_core.package_discovery:discover_packages(path) using defaults
[1.175s] Level 1:colcon.colcon_core.package_discovery:discover_packages(prefix_path) check parameters
[1.175s] Level 1:colcon.colcon_core.package_discovery:discover_packages(prefix_path) discover
[1.179s] DEBUG:colcon.colcon_installed_package_information.package_discovery:Found 319 installed packages in /opt/ros/humble
[1.181s] Level 1:colcon.colcon_core.package_discovery:discover_packages(prefix_path) using defaults
[1.259s] Level 5:colcon.colcon_core.verb:set package 'battery_node' build argument 'cmake_args' from command line to 'None'
[1.259s] Level 5:colcon.colcon_core.verb:set package 'battery_node' build argument 'cmake_target' from command line to 'None'
[1.259s] Level 5:colcon.colcon_core.verb:set package 'battery_node' build argument 'cmake_target_skip_unavailable' from command line to 'False'
[1.259s] Level 5:colcon.colcon_core.verb:set package 'battery_node' build argument 'cmake_clean_cache' from command line to 'False'
[1.259s] Level 5:colcon.colcon_core.verb:set package 'battery_node' build argument 'cmake_clean_first' from command line to 'False'
[1.259s] Level 5:colcon.colcon_core.verb:set package 'battery_node' build argument 'cmake_force_configure' from command line to 'False'
[1.259s] Level 5:colcon.colcon_core.verb:set package 'battery_node' build argument 'ament_cmake_args' from command line to 'None'
[1.259s] Level 5:colcon.colcon_core.verb:set package 'battery_node' build argument 'catkin_cmake_args' from command line to 'None'
[1.259s] Level 5:colcon.colcon_core.verb:set package 'battery_node' build argument 'catkin_skip_building_tests' from command line to 'False'
[1.259s] DEBUG:colcon.colcon_core.verb:Building package 'battery_node' with the following arguments: {'ament_cmake_args': None, 'build_base': '/home/yueju/led/build/battery_node', 'catkin_cmake_args': None, 'catkin_skip_building_tests': False, 'cmake_args': None, 'cmake_clean_cache': False, 'cmake_clean_first': False, 'cmake_force_configure': False, 'cmake_target': None, 'cmake_target_skip_unavailable': False, 'install_base': '/home/yueju/led/install/battery_node', 'merge_install': False, 'path': '/home/yueju/led/src/battery_node', 'symlink_install': False, 'test_result_base': None}
[1.260s] Level 5:colcon.colcon_core.verb:set package 'interface' build argument 'cmake_args' from command line to 'None'
[1.260s] Level 5:colcon.colcon_core.verb:set package 'interface' build argument 'cmake_target' from command line to 'None'
[1.260s] Level 5:colcon.colcon_core.verb:set package 'interface' build argument 'cmake_target_skip_unavailable' from command line to 'False'
[1.260s] Level 5:colcon.colcon_core.verb:set package 'interface' build argument 'cmake_clean_cache' from command line to 'False'
[1.260s] Level 5:colcon.colcon_core.verb:set package 'interface' build argument 'cmake_clean_first' from command line to 'False'
[1.260s] Level 5:colcon.colcon_core.verb:set package 'interface' build argument 'cmake_force_configure' from command line to 'False'
[1.260s] Level 5:colcon.colcon_core.verb:set package 'interface' build argument 'ament_cmake_args' from command line to 'None'
[1.260s] Level 5:colcon.colcon_core.verb:set package 'interface' build argument 'catkin_cmake_args' from command line to 'None'
[1.260s] Level 5:colcon.colcon_core.verb:set package 'interface' build argument 'catkin_skip_building_tests' from command line to 'False'
[1.260s] DEBUG:colcon.colcon_core.verb:Building package 'interface' with the following arguments: {'ament_cmake_args': None, 'build_base': '/home/yueju/led/build/interface', 'catkin_cmake_args': None, 'catkin_skip_building_tests': False, 'cmake_args': None, 'cmake_clean_cache': False, 'cmake_clean_first': False, 'cmake_force_configure': False, 'cmake_target': None, 'cmake_target_skip_unavailable': False, 'install_base': '/home/yueju/led/install/interface', 'merge_install': False, 'path': '/home/yueju/led/src/interface', 'symlink_install': False, 'test_result_base': None}
[1.261s] Level 5:colcon.colcon_core.verb:set package 'pm_robot_description' build argument 'cmake_args' from command line to 'None'
[1.261s] Level 5:colcon.colcon_core.verb:set package 'pm_robot_description' build argument 'cmake_target' from command line to 'None'
[1.261s] Level 5:colcon.colcon_core.verb:set package 'pm_robot_description' build argument 'cmake_target_skip_unavailable' from command line to 'False'
[1.261s] Level 5:colcon.colcon_core.verb:set package 'pm_robot_description' build argument 'cmake_clean_cache' from command line to 'False'
[1.261s] Level 5:colcon.colcon_core.verb:set package 'pm_robot_description' build argument 'cmake_clean_first' from command line to 'False'
[1.262s] Level 5:colcon.colcon_core.verb:set package 'pm_robot_description' build argument 'cmake_force_configure' from command line to 'False'
[1.262s] Level 5:colcon.colcon_core.verb:set package 'pm_robot_description' build argument 'ament_cmake_args' from command line to 'None'
[1.262s] Level 5:colcon.colcon_core.verb:set package 'pm_robot_description' build argument 'catkin_cmake_args' from command line to 'None'
[1.262s] Level 5:colcon.colcon_core.verb:set package 'pm_robot_description' build argument 'catkin_skip_building_tests' from command line to 'False'
[1.262s] DEBUG:colcon.colcon_core.verb:Building package 'pm_robot_description' with the following arguments: {'ament_cmake_args': None, 'build_base': '/home/yueju/led/build/pm_robot_description', 'catkin_cmake_args': None, 'catkin_skip_building_tests': False, 'cmake_args': None, 'cmake_clean_cache': False, 'cmake_clean_first': False, 'cmake_force_configure': False, 'cmake_target': None, 'cmake_target_skip_unavailable': False, 'install_base': '/home/yueju/led/install/pm_robot_description', 'merge_install': False, 'path': '/home/yueju/led/match_pm_robot/pm_robot_description', 'symlink_install': False, 'test_result_base': None}
[1.262s] INFO:colcon.colcon_core.executor:Executing jobs using 'parallel' executor
[1.266s] DEBUG:colcon.colcon_parallel_executor.executor.parallel:run_until_complete
[1.266s] INFO:colcon.colcon_ros.task.ament_python.build:Building ROS package in '/home/yueju/led/src/battery_node' with build type 'ament_python'
[1.267s] Level 1:colcon.colcon_core.shell:create_environment_hook('battery_node', 'ament_prefix_path')
[1.271s] INFO:colcon.colcon_core.plugin_system:Skipping extension 'colcon_core.shell.bat': Not used on non-Windows systems
[1.271s] INFO:colcon.colcon_core.shell:Creating environment hook '/home/yueju/led/install/battery_node/share/battery_node/hook/ament_prefix_path.ps1'
[1.347s] INFO:colcon.colcon_core.shell:Creating environment descriptor '/home/yueju/led/install/battery_node/share/battery_node/hook/ament_prefix_path.dsv'
[1.348s] INFO:colcon.colcon_core.shell:Creating environment hook '/home/yueju/led/install/battery_node/share/battery_node/hook/ament_prefix_path.sh'
[1.353s] INFO:colcon.colcon_core.shell:Skip shell extension 'powershell' for command environment: Not usable outside of PowerShell
[1.353s] DEBUG:colcon.colcon_core.shell:Skip shell extension 'dsv' for command environment
[1.359s] INFO:colcon.colcon_ros.task.ament_cmake.build:Building ROS package in '/home/yueju/led/src/interface' with build type 'ament_cmake'
[1.360s] INFO:colcon.colcon_cmake.task.cmake.build:Building CMake package in '/home/yueju/led/src/interface'
[1.362s] INFO:colcon.colcon_core.shell:Skip shell extension 'powershell' for command environment: Not usable outside of PowerShell
[1.362s] DEBUG:colcon.colcon_core.shell:Skip shell extension 'dsv' for command environment
[1.403s] INFO:colcon.colcon_ros.task.ament_cmake.build:Building ROS package in '/home/yueju/led/match_pm_robot/pm_robot_description' with build type 'ament_cmake'
[1.405s] INFO:colcon.colcon_cmake.task.cmake.build:Building CMake package in '/home/yueju/led/match_pm_robot/pm_robot_description'
[1.412s] INFO:colcon.colcon_core.shell:Skip shell extension 'powershell' for command environment: Not usable outside of PowerShell
[1.413s] DEBUG:colcon.colcon_core.shell:Skip shell extension 'dsv' for command environment
[1.760s] INFO:colcon.colcon_core.task.python.build:Building Python package in '/home/yueju/led/src/battery_node'
[1.762s] INFO:colcon.colcon_core.shell:Skip shell extension 'powershell' for command environment: Not usable outside of PowerShell
[1.762s] DEBUG:colcon.colcon_core.shell:Skip shell extension 'dsv' for command environment
[1.877s] DEBUG:colcon.colcon_core.event_handler.log_command:Invoking command in '/home/yueju/led/build/interface': CMAKE_PREFIX_PATH=/opt/ros/humble /usr/bin/cmake --build /home/yueju/led/build/interface -- -j8 -l8
[1.961s] DEBUG:colcon.colcon_core.event_handler.log_command:Invoking command in '/home/yueju/led/build/pm_robot_description': CMAKE_PREFIX_PATH=/opt/ros/humble /usr/bin/cmake --build /home/yueju/led/build/pm_robot_description -- -j8 -l8
[2.497s] DEBUG:colcon.colcon_core.event_handler.log_command:Invoked command in '/home/yueju/led/build/pm_robot_description' returned '0': CMAKE_PREFIX_PATH=/opt/ros/humble /usr/bin/cmake --build /home/yueju/led/build/pm_robot_description -- -j8 -l8
[2.533s] DEBUG:colcon.colcon_core.event_handler.log_command:Invoking command in '/home/yueju/led/build/pm_robot_description': CMAKE_PREFIX_PATH=/opt/ros/humble /usr/bin/cmake --install /home/yueju/led/build/pm_robot_description
[2.600s] Level 1:colcon.colcon_core.environment:create_environment_scripts_only(pm_robot_description)
[2.601s] DEBUG:colcon.colcon_core.event_handler.log_command:Invoked command in '/home/yueju/led/build/pm_robot_description' returned '0': CMAKE_PREFIX_PATH=/opt/ros/humble /usr/bin/cmake --install /home/yueju/led/build/pm_robot_description
[2.605s] Level 1:colcon.colcon_core.environment:checking '/home/yueju/led/install/pm_robot_description' for CMake module files
[2.605s] Level 1:colcon.colcon_core.environment:checking '/home/yueju/led/install/pm_robot_description' for CMake config files
[2.606s] Level 1:colcon.colcon_core.shell:create_environment_hook('pm_robot_description', 'cmake_prefix_path')
[2.607s] INFO:colcon.colcon_core.shell:Creating environment hook '/home/yueju/led/install/pm_robot_description/share/pm_robot_description/hook/cmake_prefix_path.ps1'
[2.608s] INFO:colcon.colcon_core.shell:Creating environment descriptor '/home/yueju/led/install/pm_robot_description/share/pm_robot_description/hook/cmake_prefix_path.dsv'
[2.609s] INFO:colcon.colcon_core.shell:Creating environment hook '/home/yueju/led/install/pm_robot_description/share/pm_robot_description/hook/cmake_prefix_path.sh'
[2.610s] Level 1:colcon.colcon_core.environment:checking '/home/yueju/led/install/pm_robot_description/bin'
[2.610s] Level 1:colcon.colcon_core.environment:checking '/home/yueju/led/install/pm_robot_description/lib/pkgconfig/pm_robot_description.pc'
[2.610s] Level 1:colcon.colcon_core.environment:checking '/home/yueju/led/install/pm_robot_description/lib/python3.10/site-packages'
[2.611s] Level 1:colcon.colcon_core.environment:checking '/home/yueju/led/install/pm_robot_description/bin'
[2.613s] INFO:colcon.colcon_core.shell:Creating package script '/home/yueju/led/install/pm_robot_description/share/pm_robot_description/package.ps1'
[2.613s] INFO:colcon.colcon_core.shell:Creating package descriptor '/home/yueju/led/install/pm_robot_description/share/pm_robot_description/package.dsv'
[2.614s] INFO:colcon.colcon_core.shell:Creating package script '/home/yueju/led/install/pm_robot_description/share/pm_robot_description/package.sh'
[2.615s] INFO:colcon.colcon_core.shell:Creating package script '/home/yueju/led/install/pm_robot_description/share/pm_robot_description/package.bash'
[2.615s] INFO:colcon.colcon_core.shell:Creating package script '/home/yueju/led/install/pm_robot_description/share/pm_robot_description/package.zsh'
[2.616s] Level 1:colcon.colcon_core.environment:create_file_with_runtime_dependencies(/home/yueju/led/install/pm_robot_description/share/colcon-core/packages/pm_robot_description)
[2.642s] Level 1:colcon.colcon_core.environment:create_environment_scripts_only(pm_robot_description)
[2.645s] Level 1:colcon.colcon_core.environment:checking '/home/yueju/led/install/pm_robot_description' for CMake module files
[2.646s] Level 1:colcon.colcon_core.environment:checking '/home/yueju/led/install/pm_robot_description' for CMake config files
[2.647s] Level 1:colcon.colcon_core.shell:create_environment_hook('pm_robot_description', 'cmake_prefix_path')
[2.649s] INFO:colcon.colcon_core.shell:Creating environment hook '/home/yueju/led/install/pm_robot_description/share/pm_robot_description/hook/cmake_prefix_path.ps1'
[2.650s] INFO:colcon.colcon_core.shell:Creating environment descriptor '/home/yueju/led/install/pm_robot_description/share/pm_robot_description/hook/cmake_prefix_path.dsv'
[2.651s] INFO:colcon.colcon_core.shell:Creating environment hook '/home/yueju/led/install/pm_robot_description/share/pm_robot_description/hook/cmake_prefix_path.sh'
[2.651s] Level 1:colcon.colcon_core.environment:checking '/home/yueju/led/install/pm_robot_description/bin'
[2.651s] Level 1:colcon.colcon_core.environment:checking '/home/yueju/led/install/pm_robot_description/lib/pkgconfig/pm_robot_description.pc'
[2.652s] Level 1:colcon.colcon_core.environment:checking '/home/yueju/led/install/pm_robot_description/lib/python3.10/site-packages'
[2.652s] Level 1:colcon.colcon_core.environment:checking '/home/yueju/led/install/pm_robot_description/bin'
[2.654s] INFO:colcon.colcon_core.shell:Creating package script '/home/yueju/led/install/pm_robot_description/share/pm_robot_description/package.ps1'
[2.655s] INFO:colcon.colcon_core.shell:Creating package descriptor '/home/yueju/led/install/pm_robot_description/share/pm_robot_description/package.dsv'
[2.656s] INFO:colcon.colcon_core.shell:Creating package script '/home/yueju/led/install/pm_robot_description/share/pm_robot_description/package.sh'
[2.656s] INFO:colcon.colcon_core.shell:Creating package script '/home/yueju/led/install/pm_robot_description/share/pm_robot_description/package.bash'
[2.657s] INFO:colcon.colcon_core.shell:Creating package script '/home/yueju/led/install/pm_robot_description/share/pm_robot_description/package.zsh'
[2.657s] Level 1:colcon.colcon_core.environment:create_file_with_runtime_dependencies(/home/yueju/led/install/pm_robot_description/share/colcon-core/packages/pm_robot_description)
[2.888s] DEBUG:colcon.colcon_core.event_handler.log_command:Invoking command in '/home/yueju/led/src/battery_node': PYTHONPATH=/home/yueju/led/build/battery_node/prefix_override:/home/yueju/led/install/battery_node/lib/python3.10/site-packages:${PYTHONPATH} /usr/bin/python3 setup.py egg_info --egg-base ../../build/battery_node build --build-base /home/yueju/led/build/battery_node/build install --record /home/yueju/led/build/battery_node/install.log --single-version-externally-managed
[3.408s] Level 1:colcon.colcon_core.environment:checking '/home/yueju/led/install/battery_node' for CMake module files
[3.409s] DEBUG:colcon.colcon_core.event_handler.log_command:Invoked command in '/home/yueju/led/src/battery_node' returned '0': PYTHONPATH=/home/yueju/led/build/battery_node/prefix_override:/home/yueju/led/install/battery_node/lib/python3.10/site-packages:${PYTHONPATH} /usr/bin/python3 setup.py egg_info --egg-base ../../build/battery_node build --build-base /home/yueju/led/build/battery_node/build install --record /home/yueju/led/build/battery_node/install.log --single-version-externally-managed
[3.410s] Level 1:colcon.colcon_core.environment:checking '/home/yueju/led/install/battery_node' for CMake config files
[3.412s] Level 1:colcon.colcon_core.environment:checking '/home/yueju/led/install/battery_node/lib'
[3.412s] Level 1:colcon.colcon_core.environment:checking '/home/yueju/led/install/battery_node/bin'
[3.412s] Level 1:colcon.colcon_core.environment:checking '/home/yueju/led/install/battery_node/lib/pkgconfig/battery_node.pc'
[3.412s] Level 1:colcon.colcon_core.environment:checking '/home/yueju/led/install/battery_node/lib/python3.10/site-packages'
[3.413s] Level 1:colcon.colcon_core.shell:create_environment_hook('battery_node', 'pythonpath')
[3.414s] INFO:colcon.colcon_core.shell:Creating environment hook '/home/yueju/led/install/battery_node/share/battery_node/hook/pythonpath.ps1'
[3.415s] INFO:colcon.colcon_core.shell:Creating environment descriptor '/home/yueju/led/install/battery_node/share/battery_node/hook/pythonpath.dsv'
[3.415s] INFO:colcon.colcon_core.shell:Creating environment hook '/home/yueju/led/install/battery_node/share/battery_node/hook/pythonpath.sh'
[3.415s] Level 1:colcon.colcon_core.environment:checking '/home/yueju/led/install/battery_node/bin'
[3.415s] Level 1:colcon.colcon_core.environment:create_environment_scripts_only(battery_node)
[3.417s] INFO:colcon.colcon_core.shell:Creating package script '/home/yueju/led/install/battery_node/share/battery_node/package.ps1'
[3.418s] INFO:colcon.colcon_core.shell:Creating package descriptor '/home/yueju/led/install/battery_node/share/battery_node/package.dsv'
[3.418s] INFO:colcon.colcon_core.shell:Creating package script '/home/yueju/led/install/battery_node/share/battery_node/package.sh'
[3.418s] INFO:colcon.colcon_core.shell:Creating package script '/home/yueju/led/install/battery_node/share/battery_node/package.bash'
[3.419s] INFO:colcon.colcon_core.shell:Creating package script '/home/yueju/led/install/battery_node/share/battery_node/package.zsh'
[3.419s] Level 1:colcon.colcon_core.environment:create_file_with_runtime_dependencies(/home/yueju/led/install/battery_node/share/colcon-core/packages/battery_node)
[3.476s] DEBUG:colcon.colcon_core.event_handler.log_command:Invoked command in '/home/yueju/led/build/interface' returned '0': CMAKE_PREFIX_PATH=/opt/ros/humble /usr/bin/cmake --build /home/yueju/led/build/interface -- -j8 -l8
[3.563s] DEBUG:colcon.colcon_core.event_handler.log_command:Invoking command in '/home/yueju/led/build/interface': CMAKE_PREFIX_PATH=/opt/ros/humble /usr/bin/cmake --install /home/yueju/led/build/interface
[3.862s] Level 1:colcon.colcon_core.environment:create_environment_scripts_only(interface)
[3.864s] DEBUG:colcon.colcon_core.event_handler.log_command:Invoked command in '/home/yueju/led/build/interface' returned '0': CMAKE_PREFIX_PATH=/opt/ros/humble /usr/bin/cmake --install /home/yueju/led/build/interface
[3.880s] Level 1:colcon.colcon_core.environment:checking '/home/yueju/led/install/interface' for CMake module files
[3.889s] Level 1:colcon.colcon_core.environment:checking '/home/yueju/led/install/interface' for CMake config files
[3.922s] Level 1:colcon.colcon_core.shell:create_environment_hook('interface', 'cmake_prefix_path')
[3.929s] INFO:colcon.colcon_core.shell:Creating environment hook '/home/yueju/led/install/interface/share/interface/hook/cmake_prefix_path.ps1'
[3.932s] INFO:colcon.colcon_core.shell:Creating environment descriptor '/home/yueju/led/install/interface/share/interface/hook/cmake_prefix_path.dsv'
[3.933s] INFO:colcon.colcon_core.shell:Creating environment hook '/home/yueju/led/install/interface/share/interface/hook/cmake_prefix_path.sh'
[3.934s] Level 1:colcon.colcon_core.environment:checking '/home/yueju/led/install/interface/lib'
[3.935s] Level 1:colcon.colcon_core.shell:create_environment_hook('interface', 'ld_library_path_lib')
[3.939s] INFO:colcon.colcon_core.shell:Creating environment hook '/home/yueju/led/install/interface/share/interface/hook/ld_library_path_lib.ps1'
[3.940s] INFO:colcon.colcon_core.shell:Creating environment descriptor '/home/yueju/led/install/interface/share/interface/hook/ld_library_path_lib.dsv'
[3.941s] INFO:colcon.colcon_core.shell:Creating environment hook '/home/yueju/led/install/interface/share/interface/hook/ld_library_path_lib.sh'
[3.942s] Level 1:colcon.colcon_core.environment:checking '/home/yueju/led/install/interface/bin'
[3.942s] Level 1:colcon.colcon_core.environment:checking '/home/yueju/led/install/interface/lib/pkgconfig/interface.pc'
[3.943s] Level 1:colcon.colcon_core.environment:checking '/home/yueju/led/install/interface/lib/python3.10/site-packages'
[3.943s] Level 1:colcon.colcon_core.environment:checking '/home/yueju/led/install/interface/bin'
[3.946s] INFO:colcon.colcon_core.shell:Creating package script '/home/yueju/led/install/interface/share/interface/package.ps1'
[3.947s] INFO:colcon.colcon_core.shell:Creating package descriptor '/home/yueju/led/install/interface/share/interface/package.dsv'
[3.947s] INFO:colcon.colcon_core.shell:Creating package script '/home/yueju/led/install/interface/share/interface/package.sh'
[3.948s] INFO:colcon.colcon_core.shell:Creating package script '/home/yueju/led/install/interface/share/interface/package.bash'
[3.949s] INFO:colcon.colcon_core.shell:Creating package script '/home/yueju/led/install/interface/share/interface/package.zsh'
[3.949s] Level 1:colcon.colcon_core.environment:create_file_with_runtime_dependencies(/home/yueju/led/install/interface/share/colcon-core/packages/interface)
[4.042s] Level 1:colcon.colcon_core.environment:create_environment_scripts_only(interface)
[4.045s] Level 1:colcon.colcon_core.environment:checking '/home/yueju/led/install/interface' for CMake module files
[4.045s] Level 1:colcon.colcon_core.environment:checking '/home/yueju/led/install/interface' for CMake config files
[4.046s] Level 1:colcon.colcon_core.shell:create_environment_hook('interface', 'cmake_prefix_path')
[4.047s] INFO:colcon.colcon_core.shell:Creating environment hook '/home/yueju/led/install/interface/share/interface/hook/cmake_prefix_path.ps1'
[4.048s] INFO:colcon.colcon_core.shell:Creating environment descriptor '/home/yueju/led/install/interface/share/interface/hook/cmake_prefix_path.dsv'
[4.048s] INFO:colcon.colcon_core.shell:Creating environment hook '/home/yueju/led/install/interface/share/interface/hook/cmake_prefix_path.sh'
[4.049s] Level 1:colcon.colcon_core.environment:checking '/home/yueju/led/install/interface/lib'
[4.049s] Level 1:colcon.colcon_core.shell:create_environment_hook('interface', 'ld_library_path_lib')
[4.050s] INFO:colcon.colcon_core.shell:Creating environment hook '/home/yueju/led/install/interface/share/interface/hook/ld_library_path_lib.ps1'
[4.050s] INFO:colcon.colcon_core.shell:Creating environment descriptor '/home/yueju/led/install/interface/share/interface/hook/ld_library_path_lib.dsv'
[4.051s] INFO:colcon.colcon_core.shell:Creating environment hook '/home/yueju/led/install/interface/share/interface/hook/ld_library_path_lib.sh'
[4.051s] Level 1:colcon.colcon_core.environment:checking '/home/yueju/led/install/interface/bin'
[4.051s] Level 1:colcon.colcon_core.environment:checking '/home/yueju/led/install/interface/lib/pkgconfig/interface.pc'
[4.051s] Level 1:colcon.colcon_core.environment:checking '/home/yueju/led/install/interface/lib/python3.10/site-packages'
[4.052s] Level 1:colcon.colcon_core.environment:checking '/home/yueju/led/install/interface/bin'
[4.053s] INFO:colcon.colcon_core.shell:Creating package script '/home/yueju/led/install/interface/share/interface/package.ps1'
[4.053s] INFO:colcon.colcon_core.shell:Creating package descriptor '/home/yueju/led/install/interface/share/interface/package.dsv'
[4.054s] INFO:colcon.colcon_core.shell:Creating package script '/home/yueju/led/install/interface/share/interface/package.sh'
[4.054s] INFO:colcon.colcon_core.shell:Creating package script '/home/yueju/led/install/interface/share/interface/package.bash'
[4.055s] INFO:colcon.colcon_core.shell:Creating package script '/home/yueju/led/install/interface/share/interface/package.zsh'
[4.055s] Level 1:colcon.colcon_core.environment:create_file_with_runtime_dependencies(/home/yueju/led/install/interface/share/colcon-core/packages/interface)
[4.055s] DEBUG:colcon.colcon_parallel_executor.executor.parallel:closing loop
[4.056s] DEBUG:colcon.colcon_parallel_executor.executor.parallel:loop closed
[4.056s] DEBUG:colcon.colcon_parallel_executor.executor.parallel:run_until_complete finished with '0'
[4.056s] DEBUG:colcon.colcon_core.event_reactor:joining thread
[4.062s] INFO:colcon.colcon_core.plugin_system:Skipping extension 'colcon_notification.desktop_notification.terminal_notifier': Not used on non-Darwin systems
[4.062s] INFO:colcon.colcon_core.plugin_system:Skipping extension 'colcon_notification.desktop_notification.win32': Not used on non-Windows systems
[4.062s] INFO:colcon.colcon_notification.desktop_notification:Sending desktop notification using 'notify2'
[4.072s] DEBUG:colcon.colcon_core.event_reactor:joined thread
[4.073s] INFO:colcon.colcon_core.shell:Creating prefix script '/home/yueju/led/install/local_setup.ps1'
[4.074s] INFO:colcon.colcon_core.shell:Creating prefix util module '/home/yueju/led/install/_local_setup_util_ps1.py'
[4.077s] INFO:colcon.colcon_core.shell:Creating prefix chain script '/home/yueju/led/install/setup.ps1'
[4.078s] INFO:colcon.colcon_core.shell:Creating prefix script '/home/yueju/led/install/local_setup.sh'
[4.079s] INFO:colcon.colcon_core.shell:Creating prefix util module '/home/yueju/led/install/_local_setup_util_sh.py'
[4.079s] INFO:colcon.colcon_core.shell:Creating prefix chain script '/home/yueju/led/install/setup.sh'
[4.081s] INFO:colcon.colcon_core.shell:Creating prefix script '/home/yueju/led/install/local_setup.bash'
[4.081s] INFO:colcon.colcon_core.shell:Creating prefix chain script '/home/yueju/led/install/setup.bash'
[4.082s] INFO:colcon.colcon_core.shell:Creating prefix script '/home/yueju/led/install/local_setup.zsh'
[4.083s] INFO:colcon.colcon_core.shell:Creating prefix chain script '/home/yueju/led/install/setup.zsh'
