[0.552s] Invoking command in '/home/pmlab/yueju/change/open_cv': PYTHONPATH=/home/pmlab/yueju/change/build/open_cv/prefix_override:/home/pmlab/yueju/change/install/open_cv/lib/python3.10/site-packages:${PYTHONPATH} /usr/bin/python3 setup.py egg_info --egg-base ../build/open_cv build --build-base /home/pmlab/yueju/change/build/open_cv/build install --record /home/pmlab/yueju/change/build/open_cv/install.log --single-version-externally-managed
[0.726s] running egg_info
[0.726s] writing ../build/open_cv/open_cv.egg-info/PKG-INFO
[0.727s] writing dependency_links to ../build/open_cv/open_cv.egg-info/dependency_links.txt
[0.727s] writing entry points to ../build/open_cv/open_cv.egg-info/entry_points.txt
[0.727s] writing requirements to ../build/open_cv/open_cv.egg-info/requires.txt
[0.727s] writing top-level names to ../build/open_cv/open_cv.egg-info/top_level.txt
[0.728s] reading manifest file '../build/open_cv/open_cv.egg-info/SOURCES.txt'
[0.729s] writing manifest file '../build/open_cv/open_cv.egg-info/SOURCES.txt'
[0.729s] running build
[0.729s] running build_py
[0.729s] copying open_cv/auto_center.py -> /home/pmlab/yueju/change/build/open_cv/build/lib/open_cv
[0.729s] copying open_cv/image_detec.py -> /home/pmlab/yueju/change/build/open_cv/build/lib/open_cv
[0.729s] copying open_cv/image_processing.py -> /home/pmlab/yueju/change/build/open_cv/build/lib/open_cv
[0.729s] copying open_cv/op.py -> /home/pmlab/yueju/change/build/open_cv/build/lib/open_cv
[0.729s] copying open_cv/4.py -> /home/pmlab/yueju/change/build/open_cv/build/lib/open_cv
[0.729s] copying open_cv/2.py -> /home/pmlab/yueju/change/build/open_cv/build/lib/open_cv
[0.730s] copying open_cv/auto_centering.py -> /home/pmlab/yueju/change/build/open_cv/build/lib/open_cv
[0.730s] running install
[0.730s] /usr/lib/python3/dist-packages/setuptools/command/install.py:34: SetuptoolsDeprecationWarning: setup.py install is deprecated. Use build and pip and other standards-based tools.
[0.730s]   warnings.warn(
[0.730s] running install_lib
[0.731s] copying /home/pmlab/yueju/change/build/open_cv/build/lib/open_cv/auto_center.py -> /home/pmlab/yueju/change/install/open_cv/lib/python3.10/site-packages/open_cv
[0.731s] copying /home/pmlab/yueju/change/build/open_cv/build/lib/open_cv/image_detec.py -> /home/pmlab/yueju/change/install/open_cv/lib/python3.10/site-packages/open_cv
[0.731s] copying /home/pmlab/yueju/change/build/open_cv/build/lib/open_cv/image_processing.py -> /home/pmlab/yueju/change/install/open_cv/lib/python3.10/site-packages/open_cv
[0.731s] copying /home/pmlab/yueju/change/build/open_cv/build/lib/open_cv/op.py -> /home/pmlab/yueju/change/install/open_cv/lib/python3.10/site-packages/open_cv
[0.731s] copying /home/pmlab/yueju/change/build/open_cv/build/lib/open_cv/4.py -> /home/pmlab/yueju/change/install/open_cv/lib/python3.10/site-packages/open_cv
[0.731s] copying /home/pmlab/yueju/change/build/open_cv/build/lib/open_cv/2.py -> /home/pmlab/yueju/change/install/open_cv/lib/python3.10/site-packages/open_cv
[0.731s] copying /home/pmlab/yueju/change/build/open_cv/build/lib/open_cv/auto_centering.py -> /home/pmlab/yueju/change/install/open_cv/lib/python3.10/site-packages/open_cv
[0.731s] byte-compiling /home/pmlab/yueju/change/install/open_cv/lib/python3.10/site-packages/open_cv/auto_center.py to auto_center.cpython-310.pyc
[0.732s] byte-compiling /home/pmlab/yueju/change/install/open_cv/lib/python3.10/site-packages/open_cv/image_detec.py to image_detec.cpython-310.pyc
[0.732s] byte-compiling /home/pmlab/yueju/change/install/open_cv/lib/python3.10/site-packages/open_cv/image_processing.py to image_processing.cpython-310.pyc
[0.733s] byte-compiling /home/pmlab/yueju/change/install/open_cv/lib/python3.10/site-packages/open_cv/op.py to op.cpython-310.pyc
[0.733s] byte-compiling /home/pmlab/yueju/change/install/open_cv/lib/python3.10/site-packages/open_cv/4.py to 4.cpython-310.pyc
[0.733s] byte-compiling /home/pmlab/yueju/change/install/open_cv/lib/python3.10/site-packages/open_cv/2.py to 2.cpython-310.pyc
[0.734s] byte-compiling /home/pmlab/yueju/change/install/open_cv/lib/python3.10/site-packages/open_cv/auto_centering.py to auto_centering.cpython-310.pyc
[0.734s] running install_data
[0.734s] copying package.xml -> /home/pmlab/yueju/change/install/open_cv/share/open_cv
[0.734s] running install_egg_info
[0.735s] removing '/home/pmlab/yueju/change/install/open_cv/lib/python3.10/site-packages/open_cv-0.0.0-py3.10.egg-info' (and everything under it)
[0.736s] Copying ../build/open_cv/open_cv.egg-info to /home/pmlab/yueju/change/install/open_cv/lib/python3.10/site-packages/open_cv-0.0.0-py3.10.egg-info
[0.736s] running install_scripts
[0.751s] Installing auto_centering script to /home/pmlab/yueju/change/install/open_cv/lib/open_cv
[0.751s] Installing image_procesing script to /home/pmlab/yueju/change/install/open_cv/lib/open_cv
[0.752s] writing list of installed files to '/home/pmlab/yueju/change/build/open_cv/install.log'
[0.766s] Invoked command in '/home/pmlab/yueju/change/open_cv' returned '0': PYTHONPATH=/home/pmlab/yueju/change/build/open_cv/prefix_override:/home/pmlab/yueju/change/install/open_cv/lib/python3.10/site-packages:${PYTHONPATH} /usr/bin/python3 setup.py egg_info --egg-base ../build/open_cv build --build-base /home/pmlab/yueju/change/build/open_cv/build install --record /home/pmlab/yueju/change/build/open_cv/install.log --single-version-externally-managed
