[0.041s] Invoking command in '/home/yueju/led/build/force_torque_sensor_controller': /usr/bin/cmake /home/yueju/led/ros_controllers/force_torque_sensor_controller -DCATKIN_INSTALL_INTO_PREFIX_ROOT=0 -DCMAKE_INSTALL_PREFIX=/home/yueju/led/install/force_torque_sensor_controller
[1.943s] -- The C compiler identification is GNU 11.3.0
[2.586s] -- The CXX compiler identification is GNU 11.3.0
[2.604s] -- Detecting C compiler ABI info
[2.805s] -- Detecting C compiler ABI info - done
[2.824s] -- Check for working C compiler: /usr/bin/cc - skipped
[2.824s] -- Detecting C compile features
[2.838s] -- Detecting C compile features - done
[2.850s] -- Detecting CXX compiler ABI info
[3.056s] -- Detecting CXX compiler ABI info - done
[3.073s] -- Check for working CXX compiler: /usr/bin/c++ - skipped
[3.073s] -- Detecting CXX compile features
[3.074s] -- Detecting CXX compile features - done
[3.126s] [31mCMake Error at CMakeLists.txt:5 (find_package):
[3.127s]   By not providing "Findcatkin.cmake" in CMAKE_MODULE_PATH this project has
[3.127s]   asked CMake to find a package configuration file provided by "catkin", but
[3.129s]   CMake did not find one.
[3.129s] 
[3.129s]   Could not find a package configuration file provided by "catkin" with any
[3.129s]   of the following names:
[3.129s] 
[3.130s]     catkinConfig.cmake
[3.130s]     catkin-config.cmake
[3.131s] 
[3.131s]   Add the installation prefix of "catkin" to CMAKE_PREFIX_PATH or set
[3.132s]   "catkin_DIR" to a directory containing one of the above files.  If "catkin"
[3.132s]   provides a separate development package or SDK, be sure it has been
[3.133s]   installed.
[3.133s] 
[3.153s] -- Configuring incomplete, errors occurred!
[3.154s] See also "/home/yueju/led/build/force_torque_sensor_controller/CMakeFiles/CMakeOutput.log".
[3.162s] [0m
[3.194s] Invoked command in '/home/yueju/led/build/force_torque_sensor_controller' returned '1': /usr/bin/cmake /home/yueju/led/ros_controllers/force_torque_sensor_controller -DCATKIN_INSTALL_INTO_PREFIX_ROOT=0 -DCMAKE_INSTALL_PREFIX=/home/yueju/led/install/force_torque_sensor_controller
