-- Found ament_cmake: 1.3.4 (/opt/ros/humble/share/ament_cmake/cmake)
-- Override CMake install command with custom implementation using symlinks instead of copying resources
-- Configuring done
-- Generating done
-- Build files have been written to: /home/pmlab/yueju2/build/pm_bringup
-- Install configuration: ""
-- Execute custom install script
-- Symlinking: /home/pmlab/yueju2/install/pm_bringup/share/pm_bringup/launch/auto_calibrating.launch.py
-- Symlinking: /home/pmlab/yueju2/install/pm_bringup/share/ament_index/resource_index/package_run_dependencies/pm_bringup
-- Symlinking: /home/pmlab/yueju2/install/pm_bringup/share/ament_index/resource_index/parent_prefix_path/pm_bringup
-- Up-to-date symlink: /home/pmlab/yueju2/install/pm_bringup/share/pm_bringup/environment/ament_prefix_path.sh
-- Symlinking: /home/pmlab/yueju2/install/pm_bringup/share/pm_bringup/environment/ament_prefix_path.dsv
-- Up-to-date symlink: /home/pmlab/yueju2/install/pm_bringup/share/pm_bringup/environment/path.sh
-- Symlinking: /home/pmlab/yueju2/install/pm_bringup/share/pm_bringup/environment/path.dsv
-- Symlinking: /home/pmlab/yueju2/install/pm_bringup/share/pm_bringup/local_setup.bash
-- Symlinking: /home/pmlab/yueju2/install/pm_bringup/share/pm_bringup/local_setup.sh
-- Symlinking: /home/pmlab/yueju2/install/pm_bringup/share/pm_bringup/local_setup.zsh
-- Symlinking: /home/pmlab/yueju2/install/pm_bringup/share/pm_bringup/local_setup.dsv
-- Symlinking: /home/pmlab/yueju2/install/pm_bringup/share/pm_bringup/package.dsv
-- Symlinking: /home/pmlab/yueju2/install/pm_bringup/share/ament_index/resource_index/packages/pm_bringup
-- Symlinking: /home/pmlab/yueju2/install/pm_bringup/share/pm_bringup/cmake/pm_bringupConfig.cmake
-- Symlinking: /home/pmlab/yueju2/install/pm_bringup/share/pm_bringup/cmake/pm_bringupConfig-version.cmake
-- Symlinking: /home/pmlab/yueju2/install/pm_bringup/share/pm_bringup/package.xml
