[1.010s] Invoking command in '/home/yueju/led/src/battery_node': PYTHONPATH=/home/yueju/led/build/battery_node/prefix_override:/home/yueju/led/install/battery_node/lib/python3.10/site-packages:${PYTHONPATH} /usr/bin/python3 setup.py egg_info --egg-base ../../build/battery_node build --build-base /home/yueju/led/build/battery_node/build install --record /home/yueju/led/build/battery_node/install.log --single-version-externally-managed
[1.256s] running egg_info
[1.256s] writing ../../build/battery_node/battery_node.egg-info/PKG-INFO
[1.257s] writing dependency_links to ../../build/battery_node/battery_node.egg-info/dependency_links.txt
[1.257s] writing entry points to ../../build/battery_node/battery_node.egg-info/entry_points.txt
[1.258s] writing requirements to ../../build/battery_node/battery_node.egg-info/requires.txt
[1.258s] writing top-level names to ../../build/battery_node/battery_node.egg-info/top_level.txt
[1.275s] reading manifest file '../../build/battery_node/battery_node.egg-info/SOURCES.txt'
[1.323s] writing manifest file '../../build/battery_node/battery_node.egg-info/SOURCES.txt'
[1.323s] running build
[1.323s] running build_py
[1.326s] running install
[1.326s] running install_lib
[1.332s] byte-compiling /home/yueju/led/install/battery_node/lib/python3.10/site-packages/battery_node/node_battery.py to node_battery.cpython-310.pyc
[1.334s]   File "/home/yueju/led/install/battery_node/lib/python3.10/site-packages/battery_node/node_battery.py", line 15
[1.334s]     request=SetLed. 
[1.334s]                     ^
[1.335s] SyntaxError: invalid syntax
[1.335s] 
[1.335s] running install_data
[1.336s] running install_egg_info
[1.338s] removing '/home/yueju/led/install/battery_node/lib/python3.10/site-packages/battery_node-0.0.0-py3.10.egg-info' (and everything under it)
[1.338s] Copying ../../build/battery_node/battery_node.egg-info to /home/yueju/led/install/battery_node/lib/python3.10/site-packages/battery_node-0.0.0-py3.10.egg-info
[1.400s] running install_scripts
[1.422s] Installing node_battery script to /home/yueju/led/install/battery_node/lib/battery_node
[1.491s] Installing node_led script to /home/yueju/led/install/battery_node/lib/battery_node
[1.492s] writing list of installed files to '/home/yueju/led/build/battery_node/install.log'
[1.539s] Invoked command in '/home/yueju/led/src/battery_node' returned '0': PYTHONPATH=/home/yueju/led/build/battery_node/prefix_override:/home/yueju/led/install/battery_node/lib/python3.10/site-packages:${PYTHONPATH} /usr/bin/python3 setup.py egg_info --egg-base ../../build/battery_node build --build-base /home/yueju/led/build/battery_node/build install --record /home/yueju/led/build/battery_node/install.log --single-version-externally-managed
