[7.176s] Invoking command in '/home/yueju/led/src/battery_node': PYTHONPATH=/home/yueju/led/build/battery_node/prefix_override:/home/yueju/led/install/battery_node/lib/python3.10/site-packages:${PYTHONPATH} /usr/bin/python3 setup.py egg_info --egg-base ../../build/battery_node build --build-base /home/yueju/led/build/battery_node/build install --record /home/yueju/led/build/battery_node/install.log --single-version-externally-managed
[7.412s] running egg_info
[7.424s] writing ../../build/battery_node/battery_node.egg-info/PKG-INFO
[7.533s] writing dependency_links to ../../build/battery_node/battery_node.egg-info/dependency_links.txt
[7.534s] writing entry points to ../../build/battery_node/battery_node.egg-info/entry_points.txt
[7.534s] writing requirements to ../../build/battery_node/battery_node.egg-info/requires.txt
[7.534s] writing top-level names to ../../build/battery_node/battery_node.egg-info/top_level.txt
[7.690s] reading manifest file '../../build/battery_node/battery_node.egg-info/SOURCES.txt'
[7.708s] writing manifest file '../../build/battery_node/battery_node.egg-info/SOURCES.txt'
[7.708s] running build
[7.708s] running build_py
[7.715s] running install
[7.715s] /home/yueju/.local/lib/python3.10/site-packages/setuptools/command/install.py:34: SetuptoolsDeprecationWarning: setup.py install is deprecated. Use build and pip and other standards-based tools.
[7.715s]   warnings.warn(
[7.750s] running install_lib
[7.809s] byte-compiling /home/yueju/led/install/battery_node/lib/python3.10/site-packages/battery_node/node_battery.py to node_battery.cpython-310.pyc
[7.810s]   File "/home/yueju/led/install/battery_node/lib/python3.10/site-packages/battery_node/node_battery.py", line 15
[7.810s]     request=SetLed. 
[7.811s]                     ^
[7.811s] SyntaxError: invalid syntax
[7.811s] 
[7.811s] running install_data
[7.879s] running install_egg_info
[7.919s] removing '/home/yueju/led/install/battery_node/lib/python3.10/site-packages/battery_node-0.0.0-py3.10.egg-info' (and everything under it)
[7.920s] Copying ../../build/battery_node/battery_node.egg-info to /home/yueju/led/install/battery_node/lib/python3.10/site-packages/battery_node-0.0.0-py3.10.egg-info
[7.935s] running install_scripts
[8.215s] Installing node_battery script to /home/yueju/led/install/battery_node/lib/battery_node
[8.229s] Installing node_led script to /home/yueju/led/install/battery_node/lib/battery_node
[8.230s] writing list of installed files to '/home/yueju/led/build/battery_node/install.log'
[8.280s] Invoked command in '/home/yueju/led/src/battery_node' returned '0': PYTHONPATH=/home/yueju/led/build/battery_node/prefix_override:/home/yueju/led/install/battery_node/lib/python3.10/site-packages:${PYTHONPATH} /usr/bin/python3 setup.py egg_info --egg-base ../../build/battery_node build --build-base /home/yueju/led/build/battery_node/build install --record /home/yueju/led/build/battery_node/install.log --single-version-externally-managed
