[0.041s] Invoking command in '/home/yueju/led/build/open62541': CMAKE_PREFIX_PATH=/opt/ros/humble /usr/bin/cmake --build /home/yueju/led/build/open62541 -- -j8 -l8
[0.274s] [100%] Built target open62541
[0.500s] Invoked command in '/home/yueju/led/build/open62541' returned '0': CMAKE_PREFIX_PATH=/opt/ros/humble /usr/bin/cmake --build /home/yueju/led/build/open62541 -- -j8 -l8
[0.538s] Invoking command in '/home/yueju/led/build/open62541': CMAKE_PREFIX_PATH=/opt/ros/humble /usr/bin/cmake --install /home/yueju/led/build/open62541
[0.551s] -- Install configuration: ""
[0.552s] -- Up-to-date: /home/yueju/led/install/open62541/share/open62541/environment/library_path.sh
[0.554s] -- Up-to-date: /home/yueju/led/install/open62541/share/open62541/environment/library_path.dsv
[0.554s] -- Up-to-date: /home/yueju/led/install/open62541/include/open62541
[0.555s] -- Up-to-date: /home/yueju/led/install/open62541/include/open62541/open62541.h
[0.556s] -- Up-to-date: /home/yueju/led/install/open62541/lib/libopen62541.a
[0.557s] -- Up-to-date: /home/yueju/led/install/open62541/share/ament_index/resource_index/package_run_dependencies/open62541
[0.557s] -- Up-to-date: /home/yueju/led/install/open62541/share/ament_index/resource_index/parent_prefix_path/open62541
[0.557s] -- Up-to-date: /home/yueju/led/install/open62541/share/open62541/environment/ament_prefix_path.sh
[0.558s] -- Up-to-date: /home/yueju/led/install/open62541/share/open62541/environment/ament_prefix_path.dsv
[0.558s] -- Up-to-date: /home/yueju/led/install/open62541/share/open62541/environment/path.sh
[0.559s] -- Up-to-date: /home/yueju/led/install/open62541/share/open62541/environment/path.dsv
[0.559s] -- Up-to-date: /home/yueju/led/install/open62541/share/open62541/local_setup.bash
[0.559s] -- Up-to-date: /home/yueju/led/install/open62541/share/open62541/local_setup.sh
[0.559s] -- Up-to-date: /home/yueju/led/install/open62541/share/open62541/local_setup.zsh
[0.559s] -- Up-to-date: /home/yueju/led/install/open62541/share/open62541/local_setup.dsv
[0.560s] -- Installing: /home/yueju/led/install/open62541/share/open62541/package.dsv
[0.560s] -- Up-to-date: /home/yueju/led/install/open62541/share/ament_index/resource_index/packages/open62541
[0.560s] -- Up-to-date: /home/yueju/led/install/open62541/share/open62541/cmake/open62541Export.cmake
[0.560s] -- Up-to-date: /home/yueju/led/install/open62541/share/open62541/cmake/open62541Export-noconfig.cmake
[0.560s] -- Up-to-date: /home/yueju/led/install/open62541/share/open62541/cmake/ament_cmake_export_targets-extras.cmake
[0.560s] -- Up-to-date: /home/yueju/led/install/open62541/share/open62541/cmake/open62541Config.cmake
[0.561s] -- Up-to-date: /home/yueju/led/install/open62541/share/open62541/cmake/open62541Config-version.cmake
[0.561s] -- Up-to-date: /home/yueju/led/install/open62541/share/open62541/package.xml
[0.581s] Invoked command in '/home/yueju/led/build/open62541' returned '0': CMAKE_PREFIX_PATH=/opt/ros/humble /usr/bin/cmake --install /home/yueju/led/build/open62541
