[0.366s] Invoking command in '/home/pmlab/yueju2/open_cv': PYTHONPATH=/home/pmlab/yueju2/build/open_cv/prefix_override:/home/pmlab/yueju2/install/open_cv/lib/python3.10/site-packages:${PYTHONPATH} /usr/bin/python3 setup.py egg_info --egg-base ../build/open_cv build --build-base /home/pmlab/yueju2/build/open_cv/build install --record /home/pmlab/yueju2/build/open_cv/install.log --single-version-externally-managed
[0.508s] running egg_info
[0.509s] creating ../build/open_cv/open_cv.egg-info
[0.509s] writing ../build/open_cv/open_cv.egg-info/PKG-INFO
[0.509s] writing dependency_links to ../build/open_cv/open_cv.egg-info/dependency_links.txt
[0.509s] writing entry points to ../build/open_cv/open_cv.egg-info/entry_points.txt
[0.509s] writing requirements to ../build/open_cv/open_cv.egg-info/requires.txt
[0.509s] writing top-level names to ../build/open_cv/open_cv.egg-info/top_level.txt
[0.509s] writing manifest file '../build/open_cv/open_cv.egg-info/SOURCES.txt'
[0.510s] reading manifest file '../build/open_cv/open_cv.egg-info/SOURCES.txt'
[0.511s] writing manifest file '../build/open_cv/open_cv.egg-info/SOURCES.txt'
[0.511s] running build
[0.511s] running build_py
[0.511s] creating /home/pmlab/yueju2/build/open_cv/build
[0.511s] creating /home/pmlab/yueju2/build/open_cv/build/lib
[0.511s] creating /home/pmlab/yueju2/build/open_cv/build/lib/open_cv
[0.511s] copying open_cv/op.py -> /home/pmlab/yueju2/build/open_cv/build/lib/open_cv
[0.511s] copying open_cv/auto_center.py -> /home/pmlab/yueju2/build/open_cv/build/lib/open_cv
[0.511s] copying open_cv/6.py -> /home/pmlab/yueju2/build/open_cv/build/lib/open_cv
[0.511s] copying open_cv/4.py -> /home/pmlab/yueju2/build/open_cv/build/lib/open_cv
[0.512s] copying open_cv/x.py -> /home/pmlab/yueju2/build/open_cv/build/lib/open_cv
[0.512s] copying open_cv/__init__.py -> /home/pmlab/yueju2/build/open_cv/build/lib/open_cv
[0.512s] copying open_cv/a.py -> /home/pmlab/yueju2/build/open_cv/build/lib/open_cv
[0.512s] copying open_cv/2.py -> /home/pmlab/yueju2/build/open_cv/build/lib/open_cv
[0.512s] copying open_cv/image_detec.py -> /home/pmlab/yueju2/build/open_cv/build/lib/open_cv
[0.512s] copying open_cv/vergleich.py -> /home/pmlab/yueju2/build/open_cv/build/lib/open_cv
[0.512s] copying open_cv/image_processing.py -> /home/pmlab/yueju2/build/open_cv/build/lib/open_cv
[0.512s] copying open_cv/auto_centering.py -> /home/pmlab/yueju2/build/open_cv/build/lib/open_cv
[0.512s] running install
[0.512s] /usr/lib/python3/dist-packages/setuptools/command/install.py:34: SetuptoolsDeprecationWarning: setup.py install is deprecated. Use build and pip and other standards-based tools.
[0.512s]   warnings.warn(
[0.512s] running install_lib
[0.513s] copying /home/pmlab/yueju2/build/open_cv/build/lib/open_cv/op.py -> /home/pmlab/yueju2/install/open_cv/lib/python3.10/site-packages/open_cv
[0.513s] copying /home/pmlab/yueju2/build/open_cv/build/lib/open_cv/auto_center.py -> /home/pmlab/yueju2/install/open_cv/lib/python3.10/site-packages/open_cv
[0.513s] copying /home/pmlab/yueju2/build/open_cv/build/lib/open_cv/6.py -> /home/pmlab/yueju2/install/open_cv/lib/python3.10/site-packages/open_cv
[0.513s] copying /home/pmlab/yueju2/build/open_cv/build/lib/open_cv/4.py -> /home/pmlab/yueju2/install/open_cv/lib/python3.10/site-packages/open_cv
[0.513s] copying /home/pmlab/yueju2/build/open_cv/build/lib/open_cv/x.py -> /home/pmlab/yueju2/install/open_cv/lib/python3.10/site-packages/open_cv
[0.513s] copying /home/pmlab/yueju2/build/open_cv/build/lib/open_cv/__init__.py -> /home/pmlab/yueju2/install/open_cv/lib/python3.10/site-packages/open_cv
[0.513s] copying /home/pmlab/yueju2/build/open_cv/build/lib/open_cv/a.py -> /home/pmlab/yueju2/install/open_cv/lib/python3.10/site-packages/open_cv
[0.513s] copying /home/pmlab/yueju2/build/open_cv/build/lib/open_cv/2.py -> /home/pmlab/yueju2/install/open_cv/lib/python3.10/site-packages/open_cv
[0.513s] copying /home/pmlab/yueju2/build/open_cv/build/lib/open_cv/image_detec.py -> /home/pmlab/yueju2/install/open_cv/lib/python3.10/site-packages/open_cv
[0.513s] copying /home/pmlab/yueju2/build/open_cv/build/lib/open_cv/vergleich.py -> /home/pmlab/yueju2/install/open_cv/lib/python3.10/site-packages/open_cv
[0.513s] copying /home/pmlab/yueju2/build/open_cv/build/lib/open_cv/image_processing.py -> /home/pmlab/yueju2/install/open_cv/lib/python3.10/site-packages/open_cv
[0.514s] copying /home/pmlab/yueju2/build/open_cv/build/lib/open_cv/auto_centering.py -> /home/pmlab/yueju2/install/open_cv/lib/python3.10/site-packages/open_cv
[0.514s] byte-compiling /home/pmlab/yueju2/install/open_cv/lib/python3.10/site-packages/open_cv/op.py to op.cpython-310.pyc
[0.514s] byte-compiling /home/pmlab/yueju2/install/open_cv/lib/python3.10/site-packages/open_cv/auto_center.py to auto_center.cpython-310.pyc
[0.514s] byte-compiling /home/pmlab/yueju2/install/open_cv/lib/python3.10/site-packages/open_cv/6.py to 6.cpython-310.pyc
[0.515s] byte-compiling /home/pmlab/yueju2/install/open_cv/lib/python3.10/site-packages/open_cv/4.py to 4.cpython-310.pyc
[0.515s]   File "/home/pmlab/yueju2/install/open_cv/lib/python3.10/site-packages/open_cv/4.py", line 31
[0.515s]     图像处理完了还要在回到原位置，除此以外需要从任意位置开始运动到指定点吗
[0.515s]                   ^
[0.515s] SyntaxError: invalid character '，' (U+FF0C)
[0.515s] 
[0.515s] byte-compiling /home/pmlab/yueju2/install/open_cv/lib/python3.10/site-packages/open_cv/x.py to x.cpython-310.pyc
[0.517s] byte-compiling /home/pmlab/yueju2/install/open_cv/lib/python3.10/site-packages/open_cv/__init__.py to __init__.cpython-310.pyc
[0.517s] byte-compiling /home/pmlab/yueju2/install/open_cv/lib/python3.10/site-packages/open_cv/a.py to a.cpython-310.pyc
[0.517s] byte-compiling /home/pmlab/yueju2/install/open_cv/lib/python3.10/site-packages/open_cv/2.py to 2.cpython-310.pyc
[0.517s] byte-compiling /home/pmlab/yueju2/install/open_cv/lib/python3.10/site-packages/open_cv/image_detec.py to image_detec.cpython-310.pyc
[0.518s] byte-compiling /home/pmlab/yueju2/install/open_cv/lib/python3.10/site-packages/open_cv/vergleich.py to vergleich.cpython-310.pyc
[0.518s] byte-compiling /home/pmlab/yueju2/install/open_cv/lib/python3.10/site-packages/open_cv/image_processing.py to image_processing.cpython-310.pyc
[0.518s]   File "/home/pmlab/yueju2/install/open_cv/lib/python3.10/site-packages/open_cv/image_processing.py", line 24
[0.518s]     这里面的不报位置吗     在这之前先看下 RETR_EXTERNAL mode
[0.518s]                                     ^^^^^^^^^^^^^^^^^^^^^
[0.518s] SyntaxError: invalid syntax
[0.518s] 
[0.518s] byte-compiling /home/pmlab/yueju2/install/open_cv/lib/python3.10/site-packages/open_cv/auto_centering.py to auto_centering.cpython-310.pyc
[0.519s] running install_data
[0.519s] running install_egg_info
[0.520s] Copying ../build/open_cv/open_cv.egg-info to /home/pmlab/yueju2/install/open_cv/lib/python3.10/site-packages/open_cv-0.0.0-py3.10.egg-info
[0.520s] running install_scripts
[0.532s] Installing auto_centering script to /home/pmlab/yueju2/install/open_cv/lib/open_cv
[0.532s] Installing image_processing script to /home/pmlab/yueju2/install/open_cv/lib/open_cv
[0.532s] writing list of installed files to '/home/pmlab/yueju2/build/open_cv/install.log'
[0.548s] Invoked command in '/home/pmlab/yueju2/open_cv' returned '0': PYTHONPATH=/home/pmlab/yueju2/build/open_cv/prefix_override:/home/pmlab/yueju2/install/open_cv/lib/python3.10/site-packages:${PYTHONPATH} /usr/bin/python3 setup.py egg_info --egg-base ../build/open_cv build --build-base /home/pmlab/yueju2/build/open_cv/build install --record /home/pmlab/yueju2/build/open_cv/install.log --single-version-externally-managed
