-- The C compiler identification is GNU 11.3.0
-- The CXX compiler identification is GNU 11.3.0
-- Detecting C compiler ABI info
-- Detecting C compiler ABI info - done
-- Check for working C compiler: /usr/bin/cc - skipped
-- Detecting C compile features
-- Detecting C compile features - done
-- Detecting CXX compiler ABI info
-- Detecting CXX compiler ABI info - done
-- Check for working CXX compiler: /usr/bin/c++ - skipped
-- Detecting CXX compile features
-- Detecting CXX compile features - done
-- Found ament_cmake: 1.3.3 (/opt/ros/humble/share/ament_cmake/cmake)
-- Found Python3: /usr/bin/python3.10 (found version "3.10.6") found components: Interpreter 
-- Configuring done
-- Generating done
-- Build files have been written to: /home/yueju/led/build/opcua_server
[ 25%] [32mBuilding C object CMakeFiles/open62541.dir/open62541/open62541.c.o[0m
[ 50%] [32m[1mLinking C static library libopen62541.a[0m
[ 50%] Built target open62541
[ 75%] [32mBuilding CXX object CMakeFiles/opcua_server.dir/src/main.cpp.o[0m
[100%] [32m[1mLinking CXX executable opcua_server[0m
[100%] Built target opcua_server
-- Install configuration: ""
-- Installing: /home/yueju/led/install/opcua_server/lib/opcua_server/opcua_server
-- Installing: /home/yueju/led/install/opcua_server/share/ament_index/resource_index/package_run_dependencies/opcua_server
-- Installing: /home/yueju/led/install/opcua_server/share/ament_index/resource_index/parent_prefix_path/opcua_server
-- Installing: /home/yueju/led/install/opcua_server/share/opcua_server/environment/ament_prefix_path.sh
-- Installing: /home/yueju/led/install/opcua_server/share/opcua_server/environment/ament_prefix_path.dsv
-- Installing: /home/yueju/led/install/opcua_server/share/opcua_server/environment/path.sh
-- Installing: /home/yueju/led/install/opcua_server/share/opcua_server/environment/path.dsv
-- Installing: /home/yueju/led/install/opcua_server/share/opcua_server/local_setup.bash
-- Installing: /home/yueju/led/install/opcua_server/share/opcua_server/local_setup.sh
-- Installing: /home/yueju/led/install/opcua_server/share/opcua_server/local_setup.zsh
-- Installing: /home/yueju/led/install/opcua_server/share/opcua_server/local_setup.dsv
-- Installing: /home/yueju/led/install/opcua_server/share/opcua_server/package.dsv
-- Installing: /home/yueju/led/install/opcua_server/share/ament_index/resource_index/packages/opcua_server
-- Installing: /home/yueju/led/install/opcua_server/share/opcua_server/cmake/opcua_serverConfig.cmake
-- Installing: /home/yueju/led/install/opcua_server/share/opcua_server/cmake/opcua_serverConfig-version.cmake
-- Installing: /home/yueju/led/install/opcua_server/share/opcua_server/package.xml
