[0.570s] Invoking command in '/home/yueju/led/build/opcua_server': CMAKE_PREFIX_PATH=/opt/ros/humble /usr/bin/cmake /home/yueju/led/match_pm_robot/opcua_server -DCMAKE_INSTALL_PREFIX=/home/yueju/led/install/opcua_server
[5.266s] -- The C compiler identification is GNU 11.3.0
[7.126s] -- The CXX compiler identification is GNU 11.3.0
[7.421s] -- Detecting C compiler ABI info
[7.789s] -- Detecting C compiler ABI info - done
[7.808s] -- Check for working C compiler: /usr/bin/cc - skipped
[7.810s] -- Detecting C compile features
[7.825s] -- Detecting C compile features - done
[7.831s] -- Detecting CXX compiler ABI info
[8.044s] -- Detecting CXX compiler ABI info - done
[8.060s] -- Check for working CXX compiler: /usr/bin/c++ - skipped
[8.061s] -- Detecting CXX compile features
[8.062s] -- Detecting CXX compile features - done
[8.094s] -- Found ament_cmake: 1.3.3 (/opt/ros/humble/share/ament_cmake/cmake)
[8.572s] -- Found Python3: /usr/bin/python3.10 (found version "3.10.6") found components: Interpreter 
[8.917s] -- Configuring done
[8.973s] -- Generating done
[8.975s] -- Build files have been written to: /home/yueju/led/build/opcua_server
[8.980s] Invoked command in '/home/yueju/led/build/opcua_server' returned '0': CMAKE_PREFIX_PATH=/opt/ros/humble /usr/bin/cmake /home/yueju/led/match_pm_robot/opcua_server -DCMAKE_INSTALL_PREFIX=/home/yueju/led/install/opcua_server
[8.981s] Invoking command in '/home/yueju/led/build/opcua_server': CMAKE_PREFIX_PATH=/opt/ros/humble /usr/bin/cmake --build /home/yueju/led/build/opcua_server -- -j8 -l8
[9.026s] [ 25%] [32mBuilding C object CMakeFiles/open62541.dir/open62541/open62541.c.o[0m
[15.871s] [ 50%] [32m[1mLinking C static library libopen62541.a[0m
[16.351s] [ 50%] Built target open62541
[16.377s] [ 75%] [32mBuilding CXX object CMakeFiles/opcua_server.dir/src/main.cpp.o[0m
[17.605s] [100%] [32m[1mLinking CXX executable opcua_server[0m
[17.705s] [100%] Built target opcua_server
[17.716s] Invoked command in '/home/yueju/led/build/opcua_server' returned '0': CMAKE_PREFIX_PATH=/opt/ros/humble /usr/bin/cmake --build /home/yueju/led/build/opcua_server -- -j8 -l8
[17.745s] Invoking command in '/home/yueju/led/build/opcua_server': CMAKE_PREFIX_PATH=/opt/ros/humble /usr/bin/cmake --install /home/yueju/led/build/opcua_server
[17.752s] -- Install configuration: ""
[17.752s] -- Installing: /home/yueju/led/install/opcua_server/lib/opcua_server/opcua_server
[17.755s] -- Installing: /home/yueju/led/install/opcua_server/share/ament_index/resource_index/package_run_dependencies/opcua_server
[17.755s] -- Installing: /home/yueju/led/install/opcua_server/share/ament_index/resource_index/parent_prefix_path/opcua_server
[17.755s] -- Installing: /home/yueju/led/install/opcua_server/share/opcua_server/environment/ament_prefix_path.sh
[17.756s] -- Installing: /home/yueju/led/install/opcua_server/share/opcua_server/environment/ament_prefix_path.dsv
[17.756s] -- Installing: /home/yueju/led/install/opcua_server/share/opcua_server/environment/path.sh
[17.756s] -- Installing: /home/yueju/led/install/opcua_server/share/opcua_server/environment/path.dsv
[17.756s] -- Installing: /home/yueju/led/install/opcua_server/share/opcua_server/local_setup.bash
[17.756s] -- Installing: /home/yueju/led/install/opcua_server/share/opcua_server/local_setup.sh
[17.756s] -- Installing: /home/yueju/led/install/opcua_server/share/opcua_server/local_setup.zsh
[17.756s] -- Installing: /home/yueju/led/install/opcua_server/share/opcua_server/local_setup.dsv
[17.757s] -- Installing: /home/yueju/led/install/opcua_server/share/opcua_server/package.dsv
[17.757s] -- Installing: /home/yueju/led/install/opcua_server/share/ament_index/resource_index/packages/opcua_server
[17.757s] -- Installing: /home/yueju/led/install/opcua_server/share/opcua_server/cmake/opcua_serverConfig.cmake
[17.757s] -- Installing: /home/yueju/led/install/opcua_server/share/opcua_server/cmake/opcua_serverConfig-version.cmake
[17.757s] -- Installing: /home/yueju/led/install/opcua_server/share/opcua_server/package.xml
[17.759s] Invoked command in '/home/yueju/led/build/opcua_server' returned '0': CMAKE_PREFIX_PATH=/opt/ros/humble /usr/bin/cmake --install /home/yueju/led/build/opcua_server
