[0.361s] Invoking command in '/home/yueju/led/build/interface': CMAKE_PREFIX_PATH=/opt/ros/humble /usr/bin/cmake --build /home/yueju/led/build/interface -- -j8 -l8
[1.572s] [  2%] Built target interface__cpp
[1.799s] [  2%] Built target ament_cmake_python_copy_interface
[1.851s] [ 12%] Built target interface__rosidl_generator_c
[1.930s] [ 23%] Built target interface__rosidl_typesupport_introspection_c
[1.935s] [ 33%] Built target interface__rosidl_typesupport_c
[1.951s] [ 53%] Built target interface__rosidl_typesupport_introspection_cpp
[1.951s] [ 53%] Built target interface__rosidl_typesupport_cpp
[1.952s] [ 64%] Built target interface__rosidl_typesupport_fastrtps_cpp
[2.119s] [ 74%] Built target interface__rosidl_typesupport_fastrtps_c
[2.141s] [ 74%] Built target interface
[2.180s] [ 76%] Built target interface__py
[2.239s] running egg_info
[2.239s] writing interface.egg-info/PKG-INFO
[2.239s] writing dependency_links to interface.egg-info/dependency_links.txt
[2.239s] writing top-level names to interface.egg-info/top_level.txt
[2.242s] reading manifest file 'interface.egg-info/SOURCES.txt'
[2.242s] writing manifest file 'interface.egg-info/SOURCES.txt'
[2.267s] [ 76%] Built target ament_cmake_python_build_interface_egg
[2.271s] [ 84%] Built target interface__rosidl_generator_py
[2.297s] [ 94%] Built target interface__rosidl_typesupport_introspection_c__pyext
[2.297s] [ 94%] Built target interface__rosidl_typesupport_fastrtps_c__pyext
[2.311s] [100%] Built target interface__rosidl_typesupport_c__pyext
[2.321s] Invoked command in '/home/yueju/led/build/interface' returned '0': CMAKE_PREFIX_PATH=/opt/ros/humble /usr/bin/cmake --build /home/yueju/led/build/interface -- -j8 -l8
[2.402s] Invoking command in '/home/yueju/led/build/interface': CMAKE_PREFIX_PATH=/opt/ros/humble /usr/bin/cmake --install /home/yueju/led/build/interface
[2.410s] -- Install configuration: ""
[2.415s] -- Up-to-date: /home/yueju/led/install/interface/share/ament_index/resource_index/rosidl_interfaces/interface
[2.415s] -- Up-to-date: /home/yueju/led/install/interface/include/interface/interface
[2.416s] -- Up-to-date: /home/yueju/led/install/interface/include/interface/interface/srv
[2.416s] -- Up-to-date: /home/yueju/led/install/interface/include/interface/interface/srv/detail
[2.416s] -- Up-to-date: /home/yueju/led/install/interface/include/interface/interface/srv/detail/set_led__functions.h
[2.417s] -- Up-to-date: /home/yueju/led/install/interface/include/interface/interface/srv/detail/set_led__type_support.h
[2.417s] -- Up-to-date: /home/yueju/led/install/interface/include/interface/interface/srv/detail/set_led__functions.c
[2.417s] -- Up-to-date: /home/yueju/led/install/interface/include/interface/interface/srv/detail/set_led__struct.h
[2.417s] -- Up-to-date: /home/yueju/led/install/interface/include/interface/interface/srv/set_led.h
[2.417s] -- Up-to-date: /home/yueju/led/install/interface/include/interface/interface/msg
[2.417s] -- Up-to-date: /home/yueju/led/install/interface/include/interface/interface/msg/detail
[2.417s] -- Up-to-date: /home/yueju/led/install/interface/include/interface/interface/msg/detail/led__functions.h
[2.417s] -- Up-to-date: /home/yueju/led/install/interface/include/interface/interface/msg/detail/led__functions.c
[2.417s] -- Up-to-date: /home/yueju/led/install/interface/include/interface/interface/msg/detail/led__type_support.h
[2.418s] -- Up-to-date: /home/yueju/led/install/interface/include/interface/interface/msg/detail/led__struct.h
[2.418s] -- Up-to-date: /home/yueju/led/install/interface/include/interface/interface/msg/led.h
[2.418s] -- Up-to-date: /home/yueju/led/install/interface/include/interface/interface/msg/rosidl_generator_c__visibility_control.h
[2.418s] -- Up-to-date: /home/yueju/led/install/interface/share/interface/environment/library_path.sh
[2.418s] -- Up-to-date: /home/yueju/led/install/interface/share/interface/environment/library_path.dsv
[2.429s] -- Up-to-date: /home/yueju/led/install/interface/lib/libinterface__rosidl_generator_c.so
[2.429s] -- Up-to-date: /home/yueju/led/install/interface/include/interface/interface
[2.429s] -- Up-to-date: /home/yueju/led/install/interface/include/interface/interface/srv
[2.430s] -- Up-to-date: /home/yueju/led/install/interface/include/interface/interface/srv/detail
[2.430s] -- Up-to-date: /home/yueju/led/install/interface/include/interface/interface/srv/detail/set_led__rosidl_typesupport_fastrtps_c.h
[2.430s] -- Up-to-date: /home/yueju/led/install/interface/include/interface/interface/msg
[2.430s] -- Up-to-date: /home/yueju/led/install/interface/include/interface/interface/msg/detail
[2.430s] -- Up-to-date: /home/yueju/led/install/interface/include/interface/interface/msg/detail/led__rosidl_typesupport_fastrtps_c.h
[2.430s] -- Up-to-date: /home/yueju/led/install/interface/include/interface/interface/msg/rosidl_typesupport_fastrtps_c__visibility_control.h
[2.430s] -- Up-to-date: /home/yueju/led/install/interface/lib/libinterface__rosidl_typesupport_fastrtps_c.so
[2.430s] -- Up-to-date: /home/yueju/led/install/interface/include/interface/interface
[2.431s] -- Up-to-date: /home/yueju/led/install/interface/include/interface/interface/srv
[2.431s] -- Up-to-date: /home/yueju/led/install/interface/include/interface/interface/srv/detail
[2.431s] -- Up-to-date: /home/yueju/led/install/interface/include/interface/interface/srv/detail/set_led__type_support.c
[2.431s] -- Up-to-date: /home/yueju/led/install/interface/include/interface/interface/srv/detail/set_led__rosidl_typesupport_introspection_c.h
[2.431s] -- Up-to-date: /home/yueju/led/install/interface/include/interface/interface/msg
[2.431s] -- Up-to-date: /home/yueju/led/install/interface/include/interface/interface/msg/detail
[2.431s] -- Up-to-date: /home/yueju/led/install/interface/include/interface/interface/msg/detail/led__type_support.c
[2.431s] -- Up-to-date: /home/yueju/led/install/interface/include/interface/interface/msg/detail/led__rosidl_typesupport_introspection_c.h
[2.431s] -- Up-to-date: /home/yueju/led/install/interface/include/interface/interface/msg/rosidl_typesupport_introspection_c__visibility_control.h
[2.431s] -- Up-to-date: /home/yueju/led/install/interface/lib/libinterface__rosidl_typesupport_introspection_c.so
[2.432s] -- Up-to-date: /home/yueju/led/install/interface/lib/libinterface__rosidl_typesupport_c.so
[2.432s] -- Up-to-date: /home/yueju/led/install/interface/include/interface/interface
[2.433s] -- Up-to-date: /home/yueju/led/install/interface/include/interface/interface/srv
[2.433s] -- Up-to-date: /home/yueju/led/install/interface/include/interface/interface/srv/detail
[2.433s] -- Up-to-date: /home/yueju/led/install/interface/include/interface/interface/srv/detail/set_led__struct.hpp
[2.433s] -- Up-to-date: /home/yueju/led/install/interface/include/interface/interface/srv/detail/set_led__builder.hpp
[2.433s] -- Up-to-date: /home/yueju/led/install/interface/include/interface/interface/srv/detail/set_led__traits.hpp
[2.433s] -- Up-to-date: /home/yueju/led/install/interface/include/interface/interface/srv/set_led.hpp
[2.433s] -- Up-to-date: /home/yueju/led/install/interface/include/interface/interface/msg
[2.433s] -- Up-to-date: /home/yueju/led/install/interface/include/interface/interface/msg/detail
[2.433s] -- Up-to-date: /home/yueju/led/install/interface/include/interface/interface/msg/detail/led__struct.hpp
[2.433s] -- Up-to-date: /home/yueju/led/install/interface/include/interface/interface/msg/detail/led__builder.hpp
[2.434s] -- Up-to-date: /home/yueju/led/install/interface/include/interface/interface/msg/detail/led__traits.hpp
[2.434s] -- Up-to-date: /home/yueju/led/install/interface/include/interface/interface/msg/led.hpp
[2.434s] -- Up-to-date: /home/yueju/led/install/interface/include/interface/interface
[2.434s] -- Up-to-date: /home/yueju/led/install/interface/include/interface/interface/srv
[2.434s] -- Up-to-date: /home/yueju/led/install/interface/include/interface/interface/srv/detail
[2.434s] -- Up-to-date: /home/yueju/led/install/interface/include/interface/interface/srv/detail/dds_fastrtps
[2.434s] -- Up-to-date: /home/yueju/led/install/interface/include/interface/interface/srv/detail/set_led__rosidl_typesupport_fastrtps_cpp.hpp
[2.434s] -- Up-to-date: /home/yueju/led/install/interface/include/interface/interface/msg
[2.434s] -- Up-to-date: /home/yueju/led/install/interface/include/interface/interface/msg/rosidl_typesupport_fastrtps_cpp__visibility_control.h
[2.434s] -- Up-to-date: /home/yueju/led/install/interface/include/interface/interface/msg/detail
[2.434s] -- Up-to-date: /home/yueju/led/install/interface/include/interface/interface/msg/detail/dds_fastrtps
[2.434s] -- Up-to-date: /home/yueju/led/install/interface/include/interface/interface/msg/detail/led__rosidl_typesupport_fastrtps_cpp.hpp
[2.445s] -- Up-to-date: /home/yueju/led/install/interface/lib/libinterface__rosidl_typesupport_fastrtps_cpp.so
[2.445s] -- Up-to-date: /home/yueju/led/install/interface/include/interface/interface
[2.445s] -- Up-to-date: /home/yueju/led/install/interface/include/interface/interface/srv
[2.446s] -- Up-to-date: /home/yueju/led/install/interface/include/interface/interface/srv/detail
[2.446s] -- Up-to-date: /home/yueju/led/install/interface/include/interface/interface/srv/detail/set_led__type_support.cpp
[2.446s] -- Up-to-date: /home/yueju/led/install/interface/include/interface/interface/srv/detail/set_led__rosidl_typesupport_introspection_cpp.hpp
[2.446s] -- Up-to-date: /home/yueju/led/install/interface/include/interface/interface/msg
[2.446s] -- Up-to-date: /home/yueju/led/install/interface/include/interface/interface/msg/detail
[2.446s] -- Up-to-date: /home/yueju/led/install/interface/include/interface/interface/msg/detail/led__rosidl_typesupport_introspection_cpp.hpp
[2.446s] -- Up-to-date: /home/yueju/led/install/interface/include/interface/interface/msg/detail/led__type_support.cpp
[2.447s] -- Up-to-date: /home/yueju/led/install/interface/lib/libinterface__rosidl_typesupport_introspection_cpp.so
[2.451s] -- Up-to-date: /home/yueju/led/install/interface/lib/libinterface__rosidl_typesupport_cpp.so
[2.451s] -- Up-to-date: /home/yueju/led/install/interface/share/interface/environment/pythonpath.sh
[2.452s] -- Up-to-date: /home/yueju/led/install/interface/share/interface/environment/pythonpath.dsv
[2.452s] -- Up-to-date: /home/yueju/led/install/interface/local/lib/python3.10/dist-packages/interface-0.0.0-py3.10.egg-info
[2.452s] -- Installing: /home/yueju/led/install/interface/local/lib/python3.10/dist-packages/interface-0.0.0-py3.10.egg-info/top_level.txt
[2.452s] -- Installing: /home/yueju/led/install/interface/local/lib/python3.10/dist-packages/interface-0.0.0-py3.10.egg-info/SOURCES.txt
[2.453s] -- Installing: /home/yueju/led/install/interface/local/lib/python3.10/dist-packages/interface-0.0.0-py3.10.egg-info/PKG-INFO
[2.453s] -- Installing: /home/yueju/led/install/interface/local/lib/python3.10/dist-packages/interface-0.0.0-py3.10.egg-info/dependency_links.txt
[2.453s] -- Up-to-date: /home/yueju/led/install/interface/local/lib/python3.10/dist-packages/interface
[2.453s] -- Up-to-date: /home/yueju/led/install/interface/local/lib/python3.10/dist-packages/interface/_interface_s.ep.rosidl_typesupport_c.c
[2.453s] -- Up-to-date: /home/yueju/led/install/interface/local/lib/python3.10/dist-packages/interface/interface_s__rosidl_typesupport_c.cpython-310-x86_64-linux-gnu.so
[2.454s] -- Up-to-date: /home/yueju/led/install/interface/local/lib/python3.10/dist-packages/interface/libinterface__rosidl_generator_py.so
[2.454s] -- Up-to-date: /home/yueju/led/install/interface/local/lib/python3.10/dist-packages/interface/srv
[2.454s] -- Up-to-date: /home/yueju/led/install/interface/local/lib/python3.10/dist-packages/interface/srv/_set_led_s.c
[2.454s] -- Up-to-date: /home/yueju/led/install/interface/local/lib/python3.10/dist-packages/interface/srv/__init__.py
[2.454s] -- Up-to-date: /home/yueju/led/install/interface/local/lib/python3.10/dist-packages/interface/srv/_set_led.py
[2.454s] -- Up-to-date: /home/yueju/led/install/interface/local/lib/python3.10/dist-packages/interface/_interface_s.ep.rosidl_typesupport_fastrtps_c.c
[2.454s] -- Up-to-date: /home/yueju/led/install/interface/local/lib/python3.10/dist-packages/interface/msg
[2.454s] -- Up-to-date: /home/yueju/led/install/interface/local/lib/python3.10/dist-packages/interface/msg/_led.py
[2.454s] -- Up-to-date: /home/yueju/led/install/interface/local/lib/python3.10/dist-packages/interface/msg/__init__.py
[2.454s] -- Up-to-date: /home/yueju/led/install/interface/local/lib/python3.10/dist-packages/interface/msg/_led_s.c
[2.454s] -- Up-to-date: /home/yueju/led/install/interface/local/lib/python3.10/dist-packages/interface/_interface_s.ep.rosidl_typesupport_introspection_c.c
[2.455s] -- Up-to-date: /home/yueju/led/install/interface/local/lib/python3.10/dist-packages/interface/interface_s__rosidl_typesupport_fastrtps_c.cpython-310-x86_64-linux-gnu.so
[2.455s] -- Up-to-date: /home/yueju/led/install/interface/local/lib/python3.10/dist-packages/interface/interface_s__rosidl_typesupport_introspection_c.cpython-310-x86_64-linux-gnu.so
[2.455s] -- Up-to-date: /home/yueju/led/install/interface/local/lib/python3.10/dist-packages/interface/__init__.py
[2.485s] Listing '/home/yueju/led/install/interface/local/lib/python3.10/dist-packages/interface'...
[2.485s] Listing '/home/yueju/led/install/interface/local/lib/python3.10/dist-packages/interface/msg'...
[2.485s] Listing '/home/yueju/led/install/interface/local/lib/python3.10/dist-packages/interface/srv'...
[2.489s] -- Up-to-date: /home/yueju/led/install/interface/local/lib/python3.10/dist-packages/interface/interface_s__rosidl_typesupport_fastrtps_c.cpython-310-x86_64-linux-gnu.so
[2.490s] -- Up-to-date: /home/yueju/led/install/interface/local/lib/python3.10/dist-packages/interface/interface_s__rosidl_typesupport_introspection_c.cpython-310-x86_64-linux-gnu.so
[2.491s] -- Up-to-date: /home/yueju/led/install/interface/local/lib/python3.10/dist-packages/interface/interface_s__rosidl_typesupport_c.cpython-310-x86_64-linux-gnu.so
[2.492s] -- Up-to-date: /home/yueju/led/install/interface/lib/libinterface__rosidl_generator_py.so
[2.493s] -- Up-to-date: /home/yueju/led/install/interface/share/interface/msg/Led.idl
[2.494s] -- Up-to-date: /home/yueju/led/install/interface/share/interface/srv/SetLed.idl
[2.494s] -- Up-to-date: /home/yueju/led/install/interface/share/interface/msg/Led.msg
[2.494s] -- Up-to-date: /home/yueju/led/install/interface/share/interface/srv/SetLed.srv
[2.494s] -- Up-to-date: /home/yueju/led/install/interface/share/interface/srv/SetLed_Request.msg
[2.494s] -- Up-to-date: /home/yueju/led/install/interface/share/interface/srv/SetLed_Response.msg
[2.495s] -- Up-to-date: /home/yueju/led/install/interface/share/ament_index/resource_index/package_run_dependencies/interface
[2.495s] -- Up-to-date: /home/yueju/led/install/interface/share/ament_index/resource_index/parent_prefix_path/interface
[2.495s] -- Up-to-date: /home/yueju/led/install/interface/share/interface/environment/ament_prefix_path.sh
[2.495s] -- Up-to-date: /home/yueju/led/install/interface/share/interface/environment/ament_prefix_path.dsv
[2.495s] -- Up-to-date: /home/yueju/led/install/interface/share/interface/environment/path.sh
[2.495s] -- Up-to-date: /home/yueju/led/install/interface/share/interface/environment/path.dsv
[2.496s] -- Up-to-date: /home/yueju/led/install/interface/share/interface/local_setup.bash
[2.496s] -- Up-to-date: /home/yueju/led/install/interface/share/interface/local_setup.sh
[2.496s] -- Up-to-date: /home/yueju/led/install/interface/share/interface/local_setup.zsh
[2.496s] -- Up-to-date: /home/yueju/led/install/interface/share/interface/local_setup.dsv
[2.496s] -- Installing: /home/yueju/led/install/interface/share/interface/package.dsv
[2.501s] -- Up-to-date: /home/yueju/led/install/interface/share/ament_index/resource_index/packages/interface
[2.523s] -- Up-to-date: /home/yueju/led/install/interface/share/interface/cmake/export_interface__rosidl_generator_cExport.cmake
[2.524s] -- Up-to-date: /home/yueju/led/install/interface/share/interface/cmake/export_interface__rosidl_generator_cExport-noconfig.cmake
[2.524s] -- Up-to-date: /home/yueju/led/install/interface/share/interface/cmake/export_interface__rosidl_typesupport_fastrtps_cExport.cmake
[2.524s] -- Up-to-date: /home/yueju/led/install/interface/share/interface/cmake/export_interface__rosidl_typesupport_fastrtps_cExport-noconfig.cmake
[2.525s] -- Up-to-date: /home/yueju/led/install/interface/share/interface/cmake/interface__rosidl_typesupport_introspection_cExport.cmake
[2.525s] -- Up-to-date: /home/yueju/led/install/interface/share/interface/cmake/interface__rosidl_typesupport_introspection_cExport-noconfig.cmake
[2.526s] -- Up-to-date: /home/yueju/led/install/interface/share/interface/cmake/interface__rosidl_typesupport_cExport.cmake
[2.526s] -- Up-to-date: /home/yueju/led/install/interface/share/interface/cmake/interface__rosidl_typesupport_cExport-noconfig.cmake
[2.527s] -- Up-to-date: /home/yueju/led/install/interface/share/interface/cmake/export_interface__rosidl_generator_cppExport.cmake
[2.528s] -- Up-to-date: /home/yueju/led/install/interface/share/interface/cmake/export_interface__rosidl_typesupport_fastrtps_cppExport.cmake
[2.529s] -- Up-to-date: /home/yueju/led/install/interface/share/interface/cmake/export_interface__rosidl_typesupport_fastrtps_cppExport-noconfig.cmake
[2.529s] -- Up-to-date: /home/yueju/led/install/interface/share/interface/cmake/interface__rosidl_typesupport_introspection_cppExport.cmake
[2.529s] -- Up-to-date: /home/yueju/led/install/interface/share/interface/cmake/interface__rosidl_typesupport_introspection_cppExport-noconfig.cmake
[2.530s] -- Up-to-date: /home/yueju/led/install/interface/share/interface/cmake/interface__rosidl_typesupport_cppExport.cmake
[2.530s] -- Up-to-date: /home/yueju/led/install/interface/share/interface/cmake/interface__rosidl_typesupport_cppExport-noconfig.cmake
[2.530s] -- Up-to-date: /home/yueju/led/install/interface/share/interface/cmake/export_interface__rosidl_generator_pyExport.cmake
[2.531s] -- Up-to-date: /home/yueju/led/install/interface/share/interface/cmake/export_interface__rosidl_generator_pyExport-noconfig.cmake
[2.531s] -- Up-to-date: /home/yueju/led/install/interface/share/interface/cmake/rosidl_cmake-extras.cmake
[2.531s] -- Up-to-date: /home/yueju/led/install/interface/share/interface/cmake/ament_cmake_export_include_directories-extras.cmake
[2.531s] -- Up-to-date: /home/yueju/led/install/interface/share/interface/cmake/ament_cmake_export_libraries-extras.cmake
[2.531s] -- Up-to-date: /home/yueju/led/install/interface/share/interface/cmake/ament_cmake_export_targets-extras.cmake
[2.531s] -- Up-to-date: /home/yueju/led/install/interface/share/interface/cmake/rosidl_cmake_export_typesupport_targets-extras.cmake
[2.531s] -- Up-to-date: /home/yueju/led/install/interface/share/interface/cmake/ament_cmake_export_dependencies-extras.cmake
[2.532s] -- Up-to-date: /home/yueju/led/install/interface/share/interface/cmake/rosidl_cmake_export_typesupport_libraries-extras.cmake
[2.532s] -- Up-to-date: /home/yueju/led/install/interface/share/interface/cmake/interfaceConfig.cmake
[2.532s] -- Up-to-date: /home/yueju/led/install/interface/share/interface/cmake/interfaceConfig-version.cmake
[2.532s] -- Up-to-date: /home/yueju/led/install/interface/share/interface/package.xml
[2.537s] Invoked command in '/home/yueju/led/build/interface' returned '0': CMAKE_PREFIX_PATH=/opt/ros/humble /usr/bin/cmake --install /home/yueju/led/build/interface
