[0.735s] Invoking command in '/home/yueju/led/src/battery_node': PYTHONPATH=/home/yueju/led/build/battery_node/prefix_override:/home/yueju/led/install/battery_node/lib/python3.10/site-packages:${PYTHONPATH} /usr/bin/python3 setup.py egg_info --egg-base ../../build/battery_node build --build-base /home/yueju/led/build/battery_node/build install --record /home/yueju/led/build/battery_node/install.log --single-version-externally-managed
[1.033s] running egg_info
[1.033s] writing ../../build/battery_node/battery_node.egg-info/PKG-INFO
[1.033s] writing dependency_links to ../../build/battery_node/battery_node.egg-info/dependency_links.txt
[1.034s] writing entry points to ../../build/battery_node/battery_node.egg-info/entry_points.txt
[1.034s] writing requirements to ../../build/battery_node/battery_node.egg-info/requires.txt
[1.034s] writing top-level names to ../../build/battery_node/battery_node.egg-info/top_level.txt
[1.036s] reading manifest file '../../build/battery_node/battery_node.egg-info/SOURCES.txt'
[1.036s] writing manifest file '../../build/battery_node/battery_node.egg-info/SOURCES.txt'
[1.036s] running build
[1.037s] running build_py
[1.037s] copying battery_node/node_led.py -> /home/yueju/led/build/battery_node/build/lib/battery_node
[1.037s] running install
[1.037s] running install_lib
[1.038s] copying /home/yueju/led/build/battery_node/build/lib/battery_node/node_led.py -> /home/yueju/led/install/battery_node/lib/python3.10/site-packages/battery_node
[1.038s] byte-compiling /home/yueju/led/install/battery_node/lib/python3.10/site-packages/battery_node/node_led.py to node_led.cpython-310.pyc
[1.039s] running install_data
[1.039s] running install_egg_info
[1.041s] removing '/home/yueju/led/install/battery_node/lib/python3.10/site-packages/battery_node-0.0.0-py3.10.egg-info' (and everything under it)
[1.041s] Copying ../../build/battery_node/battery_node.egg-info to /home/yueju/led/install/battery_node/lib/python3.10/site-packages/battery_node-0.0.0-py3.10.egg-info
[1.042s] running install_scripts
[1.065s] Installing node_battery script to /home/yueju/led/install/battery_node/lib/battery_node
[1.065s] Installing node_led script to /home/yueju/led/install/battery_node/lib/battery_node
[1.065s] writing list of installed files to '/home/yueju/led/build/battery_node/install.log'
[1.093s] Invoked command in '/home/yueju/led/src/battery_node' returned '0': PYTHONPATH=/home/yueju/led/build/battery_node/prefix_override:/home/yueju/led/install/battery_node/lib/python3.10/site-packages:${PYTHONPATH} /usr/bin/python3 setup.py egg_info --egg-base ../../build/battery_node build --build-base /home/yueju/led/build/battery_node/build install --record /home/yueju/led/build/battery_node/install.log --single-version-externally-managed
