[1.622s] Invoking command in '/home/yueju/led/src/battery_node': PYTHONPATH=/home/yueju/led/build/battery_node/prefix_override:/home/yueju/led/install/battery_node/lib/python3.10/site-packages:${PYTHONPATH} /usr/bin/python3 setup.py egg_info --egg-base ../../build/battery_node build --build-base /home/yueju/led/build/battery_node/build install --record /home/yueju/led/build/battery_node/install.log --single-version-externally-managed
[1.945s] running egg_info
[1.946s] writing ../../build/battery_node/battery_node.egg-info/PKG-INFO
[1.955s] writing dependency_links to ../../build/battery_node/battery_node.egg-info/dependency_links.txt
[1.955s] writing entry points to ../../build/battery_node/battery_node.egg-info/entry_points.txt
[1.955s] writing requirements to ../../build/battery_node/battery_node.egg-info/requires.txt
[1.955s] writing top-level names to ../../build/battery_node/battery_node.egg-info/top_level.txt
[1.958s] reading manifest file '../../build/battery_node/battery_node.egg-info/SOURCES.txt'
[1.980s] writing manifest file '../../build/battery_node/battery_node.egg-info/SOURCES.txt'
[1.981s] running build
[1.982s] running build_py
[1.984s] running install
[1.986s] running install_lib
[1.994s] byte-compiling /home/yueju/led/install/battery_node/lib/python3.10/site-packages/battery_node/node_battery.py to node_battery.cpython-310.pyc
[1.996s]   File "/home/yueju/led/install/battery_node/lib/python3.10/site-packages/battery_node/node_battery.py", line 15
[1.996s]     request=SetLed. 
[1.996s]                     ^
[1.997s] SyntaxError: invalid syntax
[1.997s] 
[1.998s] running install_data
[2.001s] running install_egg_info
[2.010s] removing '/home/yueju/led/install/battery_node/lib/python3.10/site-packages/battery_node-0.0.0-py3.10.egg-info' (and everything under it)
[2.012s] Copying ../../build/battery_node/battery_node.egg-info to /home/yueju/led/install/battery_node/lib/python3.10/site-packages/battery_node-0.0.0-py3.10.egg-info
[2.029s] running install_scripts
[2.102s] Installing node_battery script to /home/yueju/led/install/battery_node/lib/battery_node
[2.103s] Installing node_led script to /home/yueju/led/install/battery_node/lib/battery_node
[2.103s] writing list of installed files to '/home/yueju/led/build/battery_node/install.log'
[2.142s] Invoked command in '/home/yueju/led/src/battery_node' returned '0': PYTHONPATH=/home/yueju/led/build/battery_node/prefix_override:/home/yueju/led/install/battery_node/lib/python3.10/site-packages:${PYTHONPATH} /usr/bin/python3 setup.py egg_info --egg-base ../../build/battery_node build --build-base /home/yueju/led/build/battery_node/build install --record /home/yueju/led/build/battery_node/install.log --single-version-externally-managed
