running egg_info
creating ../build/open_cv/open_cv.egg-info
writing ../build/open_cv/open_cv.egg-info/PKG-INFO
writing dependency_links to ../build/open_cv/open_cv.egg-info/dependency_links.txt
writing requirements to ../build/open_cv/open_cv.egg-info/requires.txt
writing top-level names to ../build/open_cv/open_cv.egg-info/top_level.txt
writing manifest file '../build/open_cv/open_cv.egg-info/SOURCES.txt'
reading manifest file '../build/open_cv/open_cv.egg-info/SOURCES.txt'
writing manifest file '../build/open_cv/open_cv.egg-info/SOURCES.txt'
running build
running build_py
creating /home/yueju/led/build/open_cv/build
creating /home/yueju/led/build/open_cv/build/lib
creating /home/yueju/led/build/open_cv/build/lib/open_cv
copying open_cv/cv_node.py -> /home/yueju/led/build/open_cv/build/lib/open_cv
copying open_cv/__init__.py -> /home/yueju/led/build/open_cv/build/lib/open_cv
running install
running install_lib
creating /home/yueju/led/install/open_cv/lib/python3.10/site-packages/open_cv
copying /home/yueju/led/build/open_cv/build/lib/open_cv/cv_node.py -> /home/yueju/led/install/open_cv/lib/python3.10/site-packages/open_cv
copying /home/yueju/led/build/open_cv/build/lib/open_cv/__init__.py -> /home/yueju/led/install/open_cv/lib/python3.10/site-packages/open_cv
byte-compiling /home/yueju/led/install/open_cv/lib/python3.10/site-packages/open_cv/cv_node.py to cv_node.cpython-310.pyc
byte-compiling /home/yueju/led/install/open_cv/lib/python3.10/site-packages/open_cv/__init__.py to __init__.cpython-310.pyc
running install_data
creating /home/yueju/led/install/open_cv/share/ament_index
creating /home/yueju/led/install/open_cv/share/ament_index/resource_index
creating /home/yueju/led/install/open_cv/share/ament_index/resource_index/packages
copying resource/open_cv -> /home/yueju/led/install/open_cv/share/ament_index/resource_index/packages
copying package.xml -> /home/yueju/led/install/open_cv/share/open_cv
running install_egg_info
Copying ../build/open_cv/open_cv.egg-info to /home/yueju/led/install/open_cv/lib/python3.10/site-packages/open_cv-0.0.0-py3.10.egg-info
running install_scripts
writing list of installed files to '/home/yueju/led/build/open_cv/install.log'
