[0.009s] Invoking command in '/home/yueju/led/build/pm_bringup': AMENT_PREFIX_PATH=/home/yueju/led/install/open_cv:${AMENT_PREFIX_PATH} CMAKE_PREFIX_PATH=${CMAKE_PREFIX_PATH}:/home/yueju/match_pm_robot/install/pm_robot_control_test:/opt/ros/humble PYTHONPATH=/home/yueju/led/install/open_cv/lib/python3.10/site-packages:${PYTHONPATH} /usr/bin/cmake --build /home/yueju/led/build/pm_bringup -- -j8 -l8
[0.029s] -- Found ament_cmake: 1.3.3 (/opt/ros/humble/share/ament_cmake/cmake)
[0.222s] -- Configuring done
[0.225s] -- Generating done
[0.227s] -- Build files have been written to: /home/yueju/led/build/pm_bringup
[0.246s] Invoked command in '/home/yueju/led/build/pm_bringup' returned '0': AMENT_PREFIX_PATH=/home/yueju/led/install/open_cv:${AMENT_PREFIX_PATH} CMAKE_PREFIX_PATH=${CMAKE_PREFIX_PATH}:/home/yueju/match_pm_robot/install/pm_robot_control_test:/opt/ros/humble PYTHONPATH=/home/yueju/led/install/open_cv/lib/python3.10/site-packages:${PYTHONPATH} /usr/bin/cmake --build /home/yueju/led/build/pm_bringup -- -j8 -l8
[0.274s] Invoking command in '/home/yueju/led/build/pm_bringup': AMENT_PREFIX_PATH=/home/yueju/led/install/open_cv:${AMENT_PREFIX_PATH} CMAKE_PREFIX_PATH=${CMAKE_PREFIX_PATH}:/home/yueju/match_pm_robot/install/pm_robot_control_test:/opt/ros/humble PYTHONPATH=/home/yueju/led/install/open_cv/lib/python3.10/site-packages:${PYTHONPATH} /usr/bin/cmake --install /home/yueju/led/build/pm_bringup
[0.282s] -- Install configuration: ""
[0.282s] -- Up-to-date: /home/yueju/led/install/pm_bringup/share/pm_bringup/launch
[0.282s] -- Up-to-date: /home/yueju/led/install/pm_bringup/share/pm_bringup/launch/auto_calibrating.launch.py
[0.282s] -- Up-to-date: /home/yueju/led/install/pm_bringup/share/ament_index/resource_index/package_run_dependencies/pm_bringup
[0.282s] -- Installing: /home/yueju/led/install/pm_bringup/share/ament_index/resource_index/parent_prefix_path/pm_bringup
[0.282s] -- Up-to-date: /home/yueju/led/install/pm_bringup/share/pm_bringup/environment/ament_prefix_path.sh
[0.283s] -- Installing: /home/yueju/led/install/pm_bringup/share/pm_bringup/environment/ament_prefix_path.dsv
[0.283s] -- Up-to-date: /home/yueju/led/install/pm_bringup/share/pm_bringup/environment/path.sh
[0.283s] -- Installing: /home/yueju/led/install/pm_bringup/share/pm_bringup/environment/path.dsv
[0.283s] -- Up-to-date: /home/yueju/led/install/pm_bringup/share/pm_bringup/local_setup.bash
[0.283s] -- Up-to-date: /home/yueju/led/install/pm_bringup/share/pm_bringup/local_setup.sh
[0.283s] -- Up-to-date: /home/yueju/led/install/pm_bringup/share/pm_bringup/local_setup.zsh
[0.283s] -- Installing: /home/yueju/led/install/pm_bringup/share/pm_bringup/local_setup.dsv
[0.283s] -- Installing: /home/yueju/led/install/pm_bringup/share/pm_bringup/package.dsv
[0.283s] -- Up-to-date: /home/yueju/led/install/pm_bringup/share/ament_index/resource_index/packages/pm_bringup
[0.283s] -- Up-to-date: /home/yueju/led/install/pm_bringup/share/pm_bringup/cmake/pm_bringupConfig.cmake
[0.283s] -- Up-to-date: /home/yueju/led/install/pm_bringup/share/pm_bringup/cmake/pm_bringupConfig-version.cmake
[0.283s] -- Up-to-date: /home/yueju/led/install/pm_bringup/share/pm_bringup/package.xml
[0.288s] Invoked command in '/home/yueju/led/build/pm_bringup' returned '0': AMENT_PREFIX_PATH=/home/yueju/led/install/open_cv:${AMENT_PREFIX_PATH} CMAKE_PREFIX_PATH=${CMAKE_PREFIX_PATH}:/home/yueju/match_pm_robot/install/pm_robot_control_test:/opt/ros/humble PYTHONPATH=/home/yueju/led/install/open_cv/lib/python3.10/site-packages:${PYTHONPATH} /usr/bin/cmake --install /home/yueju/led/build/pm_bringup
