[0.323s] DEBUG:colcon:Command line arguments: ['/usr/bin/colcon', 'build']
[0.324s] DEBUG:colcon:Parsed command line arguments: Namespace(log_base=None, log_level=None, verb_name='build', build_base='build', install_base='install', merge_install=False, symlink_install=False, test_result_base=None, continue_on_error=False, executor='parallel', parallel_workers=8, event_handlers=None, ignore_user_meta=False, metas=['./colcon.meta'], base_paths=['.'], packages_ignore=None, packages_ignore_regex=None, paths=None, packages_up_to=None, packages_up_to_regex=None, packages_above=None, packages_above_and_dependencies=None, packages_above_depth=None, packages_select_by_dep=None, packages_skip_by_dep=None, packages_skip_up_to=None, packages_select_build_failed=False, packages_skip_build_finished=False, packages_select_test_failures=False, packages_skip_test_passed=False, packages_select=None, packages_skip=None, packages_select_regex=None, packages_skip_regex=None, packages_start=None, packages_end=None, allow_overriding=[], cmake_args=None, cmake_target=None, cmake_target_skip_unavailable=False, cmake_clean_cache=False, cmake_clean_first=False, cmake_force_configure=False, ament_cmake_args=None, catkin_cmake_args=None, catkin_skip_building_tests=False, verb_parser=<colcon_defaults.argument_parser.defaults.DefaultArgumentsDecorator object at 0x7f4cbd8ba920>, verb_extension=<colcon_core.verb.build.BuildVerb object at 0x7f4cbd8ba3b0>, main=<bound method BuildVerb.main of <colcon_core.verb.build.BuildVerb object at 0x7f4cbd8ba3b0>>)
[0.347s] Level 1:colcon.colcon_core.package_discovery:discover_packages(colcon_meta) check parameters
[0.347s] Level 1:colcon.colcon_core.package_discovery:discover_packages(recursive) check parameters
[0.347s] Level 1:colcon.colcon_core.package_discovery:discover_packages(ignore) check parameters
[0.347s] Level 1:colcon.colcon_core.package_discovery:discover_packages(path) check parameters
[0.347s] Level 1:colcon.colcon_core.package_discovery:discover_packages(colcon_meta) discover
[0.347s] Level 1:colcon.colcon_core.package_discovery:discover_packages(recursive) discover
[0.347s] INFO:colcon.colcon_core.package_discovery:Crawling recursively for packages in '/home/yueju/led'
[0.347s] Level 1:colcon.colcon_core.package_identification:_identify(.) by extensions ['ignore', 'ignore_ament_install']
[0.347s] Level 1:colcon.colcon_core.package_identification:_identify(.) by extension 'ignore'
[0.347s] Level 1:colcon.colcon_core.package_identification:_identify(.) by extension 'ignore_ament_install'
[0.347s] Level 1:colcon.colcon_core.package_identification:_identify(.) by extensions ['colcon_pkg']
[0.347s] Level 1:colcon.colcon_core.package_identification:_identify(.) by extension 'colcon_pkg'
[0.348s] Level 1:colcon.colcon_core.package_identification:_identify(.) by extensions ['colcon_meta']
[0.348s] Level 1:colcon.colcon_core.package_identification:_identify(.) by extension 'colcon_meta'
[0.348s] Level 1:colcon.colcon_core.package_identification:_identify(.) by extensions ['ros']
[0.348s] Level 1:colcon.colcon_core.package_identification:_identify(.) by extension 'ros'
[0.358s] Level 1:colcon.colcon_core.package_identification:_identify(.) by extensions ['cmake', 'python']
[0.358s] Level 1:colcon.colcon_core.package_identification:_identify(.) by extension 'cmake'
[0.358s] Level 1:colcon.colcon_core.package_identification:_identify(.) by extension 'python'
[0.358s] Level 1:colcon.colcon_core.package_identification:_identify(.) by extensions ['python_setup_py']
[0.358s] Level 1:colcon.colcon_core.package_identification:_identify(.) by extension 'python_setup_py'
[0.358s] Level 1:colcon.colcon_core.package_identification:_identify(build) by extensions ['ignore', 'ignore_ament_install']
[0.359s] Level 1:colcon.colcon_core.package_identification:_identify(build) by extension 'ignore'
[0.359s] Level 1:colcon.colcon_core.package_identification:_identify(build) ignored
[0.359s] Level 1:colcon.colcon_core.package_identification:_identify(install) by extensions ['ignore', 'ignore_ament_install']
[0.359s] Level 1:colcon.colcon_core.package_identification:_identify(install) by extension 'ignore'
[0.359s] Level 1:colcon.colcon_core.package_identification:_identify(install) ignored
[0.359s] Level 1:colcon.colcon_core.package_identification:_identify(log) by extensions ['ignore', 'ignore_ament_install']
[0.359s] Level 1:colcon.colcon_core.package_identification:_identify(log) by extension 'ignore'
[0.359s] Level 1:colcon.colcon_core.package_identification:_identify(log) ignored
[0.360s] Level 1:colcon.colcon_core.package_identification:_identify(src) by extensions ['ignore', 'ignore_ament_install']
[0.360s] Level 1:colcon.colcon_core.package_identification:_identify(src) by extension 'ignore'
[0.360s] Level 1:colcon.colcon_core.package_identification:_identify(src) by extension 'ignore_ament_install'
[0.360s] Level 1:colcon.colcon_core.package_identification:_identify(src) by extensions ['colcon_pkg']
[0.360s] Level 1:colcon.colcon_core.package_identification:_identify(src) by extension 'colcon_pkg'
[0.360s] Level 1:colcon.colcon_core.package_identification:_identify(src) by extensions ['colcon_meta']
[0.360s] Level 1:colcon.colcon_core.package_identification:_identify(src) by extension 'colcon_meta'
[0.360s] Level 1:colcon.colcon_core.package_identification:_identify(src) by extensions ['ros']
[0.360s] Level 1:colcon.colcon_core.package_identification:_identify(src) by extension 'ros'
[0.360s] Level 1:colcon.colcon_core.package_identification:_identify(src) by extensions ['cmake', 'python']
[0.360s] Level 1:colcon.colcon_core.package_identification:_identify(src) by extension 'cmake'
[0.360s] Level 1:colcon.colcon_core.package_identification:_identify(src) by extension 'python'
[0.360s] Level 1:colcon.colcon_core.package_identification:_identify(src) by extensions ['python_setup_py']
[0.360s] Level 1:colcon.colcon_core.package_identification:_identify(src) by extension 'python_setup_py'
[0.360s] Level 1:colcon.colcon_core.package_identification:_identify(src/battery_node) by extensions ['ignore', 'ignore_ament_install']
[0.361s] Level 1:colcon.colcon_core.package_identification:_identify(src/battery_node) by extension 'ignore'
[0.361s] Level 1:colcon.colcon_core.package_identification:_identify(src/battery_node) by extension 'ignore_ament_install'
[0.361s] Level 1:colcon.colcon_core.package_identification:_identify(src/battery_node) by extensions ['colcon_pkg']
[0.361s] Level 1:colcon.colcon_core.package_identification:_identify(src/battery_node) by extension 'colcon_pkg'
[0.361s] Level 1:colcon.colcon_core.package_identification:_identify(src/battery_node) by extensions ['colcon_meta']
[0.361s] Level 1:colcon.colcon_core.package_identification:_identify(src/battery_node) by extension 'colcon_meta'
[0.361s] Level 1:colcon.colcon_core.package_identification:_identify(src/battery_node) by extensions ['ros']
[0.361s] Level 1:colcon.colcon_core.package_identification:_identify(src/battery_node) by extension 'ros'
[0.363s] DEBUG:colcon.colcon_core.package_identification:Package 'src/battery_node' with type 'ros.ament_python' and name 'battery_node'
[0.364s] Level 1:colcon.colcon_core.package_identification:_identify(src/interface) by extensions ['ignore', 'ignore_ament_install']
[0.364s] Level 1:colcon.colcon_core.package_identification:_identify(src/interface) by extension 'ignore'
[0.364s] Level 1:colcon.colcon_core.package_identification:_identify(src/interface) by extension 'ignore_ament_install'
[0.364s] Level 1:colcon.colcon_core.package_identification:_identify(src/interface) by extensions ['colcon_pkg']
[0.364s] Level 1:colcon.colcon_core.package_identification:_identify(src/interface) by extension 'colcon_pkg'
[0.364s] Level 1:colcon.colcon_core.package_identification:_identify(src/interface) by extensions ['colcon_meta']
[0.364s] Level 1:colcon.colcon_core.package_identification:_identify(src/interface) by extension 'colcon_meta'
[0.364s] Level 1:colcon.colcon_core.package_identification:_identify(src/interface) by extensions ['ros']
[0.364s] Level 1:colcon.colcon_core.package_identification:_identify(src/interface) by extension 'ros'
[0.365s] DEBUG:colcon.colcon_core.package_identification:Package 'src/interface' with type 'ros.ament_cmake' and name 'interface'
[0.365s] Level 1:colcon.colcon_core.package_discovery:discover_packages(recursive) using defaults
[0.365s] Level 1:colcon.colcon_core.package_discovery:discover_packages(ignore) discover
[0.365s] Level 1:colcon.colcon_core.package_discovery:discover_packages(ignore) using defaults
[0.365s] Level 1:colcon.colcon_core.package_discovery:discover_packages(path) discover
[0.365s] Level 1:colcon.colcon_core.package_discovery:discover_packages(path) using defaults
[0.388s] Level 1:colcon.colcon_core.package_discovery:discover_packages(prefix_path) check parameters
[0.388s] Level 1:colcon.colcon_core.package_discovery:discover_packages(prefix_path) discover
[0.391s] DEBUG:colcon.colcon_installed_package_information.package_discovery:Found 270 installed packages in /opt/ros/humble
[0.393s] Level 1:colcon.colcon_core.package_discovery:discover_packages(prefix_path) using defaults
[0.454s] Level 5:colcon.colcon_core.verb:set package 'battery_node' build argument 'cmake_args' from command line to 'None'
[0.454s] Level 5:colcon.colcon_core.verb:set package 'battery_node' build argument 'cmake_target' from command line to 'None'
[0.454s] Level 5:colcon.colcon_core.verb:set package 'battery_node' build argument 'cmake_target_skip_unavailable' from command line to 'False'
[0.454s] Level 5:colcon.colcon_core.verb:set package 'battery_node' build argument 'cmake_clean_cache' from command line to 'False'
[0.454s] Level 5:colcon.colcon_core.verb:set package 'battery_node' build argument 'cmake_clean_first' from command line to 'False'
[0.454s] Level 5:colcon.colcon_core.verb:set package 'battery_node' build argument 'cmake_force_configure' from command line to 'False'
[0.454s] Level 5:colcon.colcon_core.verb:set package 'battery_node' build argument 'ament_cmake_args' from command line to 'None'
[0.454s] Level 5:colcon.colcon_core.verb:set package 'battery_node' build argument 'catkin_cmake_args' from command line to 'None'
[0.454s] Level 5:colcon.colcon_core.verb:set package 'battery_node' build argument 'catkin_skip_building_tests' from command line to 'False'
[0.454s] DEBUG:colcon.colcon_core.verb:Building package 'battery_node' with the following arguments: {'ament_cmake_args': None, 'build_base': '/home/yueju/led/build/battery_node', 'catkin_cmake_args': None, 'catkin_skip_building_tests': False, 'cmake_args': None, 'cmake_clean_cache': False, 'cmake_clean_first': False, 'cmake_force_configure': False, 'cmake_target': None, 'cmake_target_skip_unavailable': False, 'install_base': '/home/yueju/led/install/battery_node', 'merge_install': False, 'path': '/home/yueju/led/src/battery_node', 'symlink_install': False, 'test_result_base': None}
[0.455s] Level 5:colcon.colcon_core.verb:set package 'interface' build argument 'cmake_args' from command line to 'None'
[0.455s] Level 5:colcon.colcon_core.verb:set package 'interface' build argument 'cmake_target' from command line to 'None'
[0.455s] Level 5:colcon.colcon_core.verb:set package 'interface' build argument 'cmake_target_skip_unavailable' from command line to 'False'
[0.455s] Level 5:colcon.colcon_core.verb:set package 'interface' build argument 'cmake_clean_cache' from command line to 'False'
[0.455s] Level 5:colcon.colcon_core.verb:set package 'interface' build argument 'cmake_clean_first' from command line to 'False'
[0.455s] Level 5:colcon.colcon_core.verb:set package 'interface' build argument 'cmake_force_configure' from command line to 'False'
[0.455s] Level 5:colcon.colcon_core.verb:set package 'interface' build argument 'ament_cmake_args' from command line to 'None'
[0.455s] Level 5:colcon.colcon_core.verb:set package 'interface' build argument 'catkin_cmake_args' from command line to 'None'
[0.455s] Level 5:colcon.colcon_core.verb:set package 'interface' build argument 'catkin_skip_building_tests' from command line to 'False'
[0.455s] DEBUG:colcon.colcon_core.verb:Building package 'interface' with the following arguments: {'ament_cmake_args': None, 'build_base': '/home/yueju/led/build/interface', 'catkin_cmake_args': None, 'catkin_skip_building_tests': False, 'cmake_args': None, 'cmake_clean_cache': False, 'cmake_clean_first': False, 'cmake_force_configure': False, 'cmake_target': None, 'cmake_target_skip_unavailable': False, 'install_base': '/home/yueju/led/install/interface', 'merge_install': False, 'path': '/home/yueju/led/src/interface', 'symlink_install': False, 'test_result_base': None}
[0.456s] INFO:colcon.colcon_core.executor:Executing jobs using 'parallel' executor
[0.459s] DEBUG:colcon.colcon_parallel_executor.executor.parallel:run_until_complete
[0.459s] INFO:colcon.colcon_ros.task.ament_python.build:Building ROS package in '/home/yueju/led/src/battery_node' with build type 'ament_python'
[0.460s] Level 1:colcon.colcon_core.shell:create_environment_hook('battery_node', 'ament_prefix_path')
[0.466s] INFO:colcon.colcon_core.plugin_system:Skipping extension 'colcon_core.shell.bat': Not used on non-Windows systems
[0.466s] INFO:colcon.colcon_core.shell:Creating environment hook '/home/yueju/led/install/battery_node/share/battery_node/hook/ament_prefix_path.ps1'
[0.467s] INFO:colcon.colcon_core.shell:Creating environment descriptor '/home/yueju/led/install/battery_node/share/battery_node/hook/ament_prefix_path.dsv'
[0.467s] INFO:colcon.colcon_core.shell:Creating environment hook '/home/yueju/led/install/battery_node/share/battery_node/hook/ament_prefix_path.sh'
[0.470s] INFO:colcon.colcon_core.shell:Skip shell extension 'powershell' for command environment: Not usable outside of PowerShell
[0.470s] DEBUG:colcon.colcon_core.shell:Skip shell extension 'dsv' for command environment
[0.474s] INFO:colcon.colcon_ros.task.ament_cmake.build:Building ROS package in '/home/yueju/led/src/interface' with build type 'ament_cmake'
[0.475s] INFO:colcon.colcon_cmake.task.cmake.build:Building CMake package in '/home/yueju/led/src/interface'
[0.476s] INFO:colcon.colcon_core.shell:Skip shell extension 'powershell' for command environment: Not usable outside of PowerShell
[0.476s] DEBUG:colcon.colcon_core.shell:Skip shell extension 'dsv' for command environment
[0.759s] INFO:colcon.colcon_core.task.python.build:Building Python package in '/home/yueju/led/src/battery_node'
[0.760s] INFO:colcon.colcon_core.shell:Skip shell extension 'powershell' for command environment: Not usable outside of PowerShell
[0.760s] DEBUG:colcon.colcon_core.shell:Skip shell extension 'dsv' for command environment
[0.772s] DEBUG:colcon.colcon_core.event_handler.log_command:Invoking command in '/home/yueju/led/build/interface': CMAKE_PREFIX_PATH=/opt/ros/humble /usr/bin/cmake --build /home/yueju/led/build/interface -- -j8 -l8
[1.209s] DEBUG:colcon.colcon_core.event_handler.log_command:Invoked command in '/home/yueju/led/build/interface' returned '0': CMAKE_PREFIX_PATH=/opt/ros/humble /usr/bin/cmake --build /home/yueju/led/build/interface -- -j8 -l8
[1.222s] DEBUG:colcon.colcon_core.event_handler.log_command:Invoking command in '/home/yueju/led/src/battery_node': PYTHONPATH=/home/yueju/led/build/battery_node/prefix_override:/home/yueju/led/install/battery_node/lib/python3.10/site-packages:${PYTHONPATH} /usr/bin/python3 setup.py egg_info --egg-base ../../build/battery_node build --build-base /home/yueju/led/build/battery_node/build install --record /home/yueju/led/build/battery_node/install.log --single-version-externally-managed
[1.299s] DEBUG:colcon.colcon_core.event_handler.log_command:Invoking command in '/home/yueju/led/build/interface': CMAKE_PREFIX_PATH=/opt/ros/humble /usr/bin/cmake --install /home/yueju/led/build/interface
[1.358s] Level 1:colcon.colcon_core.environment:create_environment_scripts_only(interface)
[1.361s] DEBUG:colcon.colcon_core.event_handler.log_command:Invoked command in '/home/yueju/led/build/interface' returned '0': CMAKE_PREFIX_PATH=/opt/ros/humble /usr/bin/cmake --install /home/yueju/led/build/interface
[1.365s] Level 1:colcon.colcon_core.environment:checking '/home/yueju/led/install/interface' for CMake module files
[1.366s] Level 1:colcon.colcon_core.environment:checking '/home/yueju/led/install/interface' for CMake config files
[1.367s] Level 1:colcon.colcon_core.shell:create_environment_hook('interface', 'cmake_prefix_path')
[1.369s] INFO:colcon.colcon_core.shell:Creating environment hook '/home/yueju/led/install/interface/share/interface/hook/cmake_prefix_path.ps1'
[1.370s] INFO:colcon.colcon_core.shell:Creating environment descriptor '/home/yueju/led/install/interface/share/interface/hook/cmake_prefix_path.dsv'
[1.370s] INFO:colcon.colcon_core.shell:Creating environment hook '/home/yueju/led/install/interface/share/interface/hook/cmake_prefix_path.sh'
[1.371s] Level 1:colcon.colcon_core.environment:checking '/home/yueju/led/install/interface/lib'
[1.371s] Level 1:colcon.colcon_core.shell:create_environment_hook('interface', 'ld_library_path_lib')
[1.372s] INFO:colcon.colcon_core.shell:Creating environment hook '/home/yueju/led/install/interface/share/interface/hook/ld_library_path_lib.ps1'
[1.373s] INFO:colcon.colcon_core.shell:Creating environment descriptor '/home/yueju/led/install/interface/share/interface/hook/ld_library_path_lib.dsv'
[1.373s] INFO:colcon.colcon_core.shell:Creating environment hook '/home/yueju/led/install/interface/share/interface/hook/ld_library_path_lib.sh'
[1.373s] Level 1:colcon.colcon_core.environment:checking '/home/yueju/led/install/interface/bin'
[1.374s] Level 1:colcon.colcon_core.environment:checking '/home/yueju/led/install/interface/lib/pkgconfig/interface.pc'
[1.374s] Level 1:colcon.colcon_core.environment:checking '/home/yueju/led/install/interface/lib/python3.10/site-packages'
[1.374s] Level 1:colcon.colcon_core.environment:checking '/home/yueju/led/install/interface/bin'
[1.376s] INFO:colcon.colcon_core.shell:Creating package script '/home/yueju/led/install/interface/share/interface/package.ps1'
[1.376s] INFO:colcon.colcon_core.shell:Creating package descriptor '/home/yueju/led/install/interface/share/interface/package.dsv'
[1.377s] INFO:colcon.colcon_core.shell:Creating package script '/home/yueju/led/install/interface/share/interface/package.sh'
[1.378s] INFO:colcon.colcon_core.shell:Creating package script '/home/yueju/led/install/interface/share/interface/package.bash'
[1.378s] INFO:colcon.colcon_core.shell:Creating package script '/home/yueju/led/install/interface/share/interface/package.zsh'
[1.379s] Level 1:colcon.colcon_core.environment:create_file_with_runtime_dependencies(/home/yueju/led/install/interface/share/colcon-core/packages/interface)
[1.460s] Level 1:colcon.colcon_core.environment:create_environment_scripts_only(interface)
[1.464s] Level 1:colcon.colcon_core.environment:checking '/home/yueju/led/install/interface' for CMake module files
[1.465s] Level 1:colcon.colcon_core.environment:checking '/home/yueju/led/install/interface' for CMake config files
[1.466s] Level 1:colcon.colcon_core.shell:create_environment_hook('interface', 'cmake_prefix_path')
[1.467s] INFO:colcon.colcon_core.shell:Creating environment hook '/home/yueju/led/install/interface/share/interface/hook/cmake_prefix_path.ps1'
[1.468s] INFO:colcon.colcon_core.shell:Creating environment descriptor '/home/yueju/led/install/interface/share/interface/hook/cmake_prefix_path.dsv'
[1.469s] INFO:colcon.colcon_core.shell:Creating environment hook '/home/yueju/led/install/interface/share/interface/hook/cmake_prefix_path.sh'
[1.470s] Level 1:colcon.colcon_core.environment:checking '/home/yueju/led/install/interface/lib'
[1.470s] Level 1:colcon.colcon_core.shell:create_environment_hook('interface', 'ld_library_path_lib')
[1.472s] INFO:colcon.colcon_core.shell:Creating environment hook '/home/yueju/led/install/interface/share/interface/hook/ld_library_path_lib.ps1'
[1.472s] INFO:colcon.colcon_core.shell:Creating environment descriptor '/home/yueju/led/install/interface/share/interface/hook/ld_library_path_lib.dsv'
[1.473s] INFO:colcon.colcon_core.shell:Creating environment hook '/home/yueju/led/install/interface/share/interface/hook/ld_library_path_lib.sh'
[1.473s] Level 1:colcon.colcon_core.environment:checking '/home/yueju/led/install/interface/bin'
[1.473s] Level 1:colcon.colcon_core.environment:checking '/home/yueju/led/install/interface/lib/pkgconfig/interface.pc'
[1.474s] Level 1:colcon.colcon_core.environment:checking '/home/yueju/led/install/interface/lib/python3.10/site-packages'
[1.474s] Level 1:colcon.colcon_core.environment:checking '/home/yueju/led/install/interface/bin'
[1.475s] INFO:colcon.colcon_core.shell:Creating package script '/home/yueju/led/install/interface/share/interface/package.ps1'
[1.476s] INFO:colcon.colcon_core.shell:Creating package descriptor '/home/yueju/led/install/interface/share/interface/package.dsv'
[1.476s] INFO:colcon.colcon_core.shell:Creating package script '/home/yueju/led/install/interface/share/interface/package.sh'
[1.477s] INFO:colcon.colcon_core.shell:Creating package script '/home/yueju/led/install/interface/share/interface/package.bash'
[1.477s] INFO:colcon.colcon_core.shell:Creating package script '/home/yueju/led/install/interface/share/interface/package.zsh'
[1.478s] Level 1:colcon.colcon_core.environment:create_file_with_runtime_dependencies(/home/yueju/led/install/interface/share/colcon-core/packages/interface)
[1.621s] Level 1:colcon.colcon_core.environment:checking '/home/yueju/led/install/battery_node' for CMake module files
[1.622s] DEBUG:colcon.colcon_core.event_handler.log_command:Invoked command in '/home/yueju/led/src/battery_node' returned '0': PYTHONPATH=/home/yueju/led/build/battery_node/prefix_override:/home/yueju/led/install/battery_node/lib/python3.10/site-packages:${PYTHONPATH} /usr/bin/python3 setup.py egg_info --egg-base ../../build/battery_node build --build-base /home/yueju/led/build/battery_node/build install --record /home/yueju/led/build/battery_node/install.log --single-version-externally-managed
[1.622s] Level 1:colcon.colcon_core.environment:checking '/home/yueju/led/install/battery_node' for CMake config files
[1.623s] Level 1:colcon.colcon_core.environment:checking '/home/yueju/led/install/battery_node/lib'
[1.623s] Level 1:colcon.colcon_core.environment:checking '/home/yueju/led/install/battery_node/bin'
[1.623s] Level 1:colcon.colcon_core.environment:checking '/home/yueju/led/install/battery_node/lib/pkgconfig/battery_node.pc'
[1.623s] Level 1:colcon.colcon_core.environment:checking '/home/yueju/led/install/battery_node/lib/python3.10/site-packages'
[1.623s] Level 1:colcon.colcon_core.shell:create_environment_hook('battery_node', 'pythonpath')
[1.626s] INFO:colcon.colcon_core.shell:Creating environment hook '/home/yueju/led/install/battery_node/share/battery_node/hook/pythonpath.ps1'
[1.626s] INFO:colcon.colcon_core.shell:Creating environment descriptor '/home/yueju/led/install/battery_node/share/battery_node/hook/pythonpath.dsv'
[1.626s] INFO:colcon.colcon_core.shell:Creating environment hook '/home/yueju/led/install/battery_node/share/battery_node/hook/pythonpath.sh'
[1.627s] Level 1:colcon.colcon_core.environment:checking '/home/yueju/led/install/battery_node/bin'
[1.627s] Level 1:colcon.colcon_core.environment:create_environment_scripts_only(battery_node)
[1.628s] INFO:colcon.colcon_core.shell:Creating package script '/home/yueju/led/install/battery_node/share/battery_node/package.ps1'
[1.629s] INFO:colcon.colcon_core.shell:Creating package descriptor '/home/yueju/led/install/battery_node/share/battery_node/package.dsv'
[1.630s] INFO:colcon.colcon_core.shell:Creating package script '/home/yueju/led/install/battery_node/share/battery_node/package.sh'
[1.630s] INFO:colcon.colcon_core.shell:Creating package script '/home/yueju/led/install/battery_node/share/battery_node/package.bash'
[1.630s] INFO:colcon.colcon_core.shell:Creating package script '/home/yueju/led/install/battery_node/share/battery_node/package.zsh'
[1.631s] Level 1:colcon.colcon_core.environment:create_file_with_runtime_dependencies(/home/yueju/led/install/battery_node/share/colcon-core/packages/battery_node)
[1.631s] DEBUG:colcon.colcon_parallel_executor.executor.parallel:closing loop
[1.631s] DEBUG:colcon.colcon_parallel_executor.executor.parallel:loop closed
[1.632s] DEBUG:colcon.colcon_parallel_executor.executor.parallel:run_until_complete finished with '0'
[1.632s] DEBUG:colcon.colcon_core.event_reactor:joining thread
[1.641s] INFO:colcon.colcon_core.plugin_system:Skipping extension 'colcon_notification.desktop_notification.terminal_notifier': Not used on non-Darwin systems
[1.641s] INFO:colcon.colcon_core.plugin_system:Skipping extension 'colcon_notification.desktop_notification.win32': Not used on non-Windows systems
[1.641s] INFO:colcon.colcon_notification.desktop_notification:Sending desktop notification using 'notify2'
[1.655s] DEBUG:colcon.colcon_core.event_reactor:joined thread
[1.656s] INFO:colcon.colcon_core.shell:Creating prefix script '/home/yueju/led/install/local_setup.ps1'
[1.657s] INFO:colcon.colcon_core.shell:Creating prefix util module '/home/yueju/led/install/_local_setup_util_ps1.py'
[1.660s] INFO:colcon.colcon_core.shell:Creating prefix chain script '/home/yueju/led/install/setup.ps1'
[1.661s] INFO:colcon.colcon_core.shell:Creating prefix script '/home/yueju/led/install/local_setup.sh'
[1.662s] INFO:colcon.colcon_core.shell:Creating prefix util module '/home/yueju/led/install/_local_setup_util_sh.py'
[1.662s] INFO:colcon.colcon_core.shell:Creating prefix chain script '/home/yueju/led/install/setup.sh'
[1.664s] INFO:colcon.colcon_core.shell:Creating prefix script '/home/yueju/led/install/local_setup.bash'
[1.664s] INFO:colcon.colcon_core.shell:Creating prefix chain script '/home/yueju/led/install/setup.bash'
[1.665s] INFO:colcon.colcon_core.shell:Creating prefix script '/home/yueju/led/install/local_setup.zsh'
[1.666s] INFO:colcon.colcon_core.shell:Creating prefix chain script '/home/yueju/led/install/setup.zsh'
