[0.008s] Invoking command in '/home/pmlab/yueju/change/build/pm_bringup': AMENT_PREFIX_PATH=/home/pmlab/yueju/change/install/open_cv:${AMENT_PREFIX_PATH} CMAKE_PREFIX_PATH=${CMAKE_PREFIX_PATH}:/home/pmlab/ros2_ws/install/programming_fw_pkg:/home/pmlab/ros2_ws/install/pm_robot_control_test:/home/pmlab/ros2_ws/src/pm_robot_programming_framework/install/programming_fw_pkg:/opt/ros/humble PYTHONPATH=/home/pmlab/yueju/change/install/open_cv/lib/python3.10/site-packages:${PYTHONPATH} /usr/bin/cmake /home/pmlab/yueju/change/pm_bringup -DCMAKE_INSTALL_PREFIX=/home/pmlab/yueju/change/install/pm_bringup
[0.050s] -- The C compiler identification is GNU 11.3.0
[0.091s] -- The CXX compiler identification is GNU 11.3.0
[0.097s] -- Detecting C compiler ABI info
[0.141s] -- Detecting C compiler ABI info - done
[0.148s] -- Check for working C compiler: /usr/bin/cc - skipped
[0.148s] -- Detecting C compile features
[0.148s] -- Detecting C compile features - done
[0.151s] -- Detecting CXX compiler ABI info
[0.202s] -- Detecting CXX compiler ABI info - done
[0.208s] -- Check for working CXX compiler: /usr/bin/c++ - skipped
[0.208s] -- Detecting CXX compile features
[0.209s] -- Detecting CXX compile features - done
[0.211s] -- Found ament_cmake: 1.3.4 (/opt/ros/humble/share/ament_cmake/cmake)
[0.348s] -- Found Python3: /usr/bin/python3.10 (found version "3.10.6") found components: Interpreter 
[0.498s] -- Configuring done
[0.502s] -- Generating done
[0.503s] -- Build files have been written to: /home/pmlab/yueju/change/build/pm_bringup
[0.507s] Invoked command in '/home/pmlab/yueju/change/build/pm_bringup' returned '0': AMENT_PREFIX_PATH=/home/pmlab/yueju/change/install/open_cv:${AMENT_PREFIX_PATH} CMAKE_PREFIX_PATH=${CMAKE_PREFIX_PATH}:/home/pmlab/ros2_ws/install/programming_fw_pkg:/home/pmlab/ros2_ws/install/pm_robot_control_test:/home/pmlab/ros2_ws/src/pm_robot_programming_framework/install/programming_fw_pkg:/opt/ros/humble PYTHONPATH=/home/pmlab/yueju/change/install/open_cv/lib/python3.10/site-packages:${PYTHONPATH} /usr/bin/cmake /home/pmlab/yueju/change/pm_bringup -DCMAKE_INSTALL_PREFIX=/home/pmlab/yueju/change/install/pm_bringup
[0.509s] Invoking command in '/home/pmlab/yueju/change/build/pm_bringup': AMENT_PREFIX_PATH=/home/pmlab/yueju/change/install/open_cv:${AMENT_PREFIX_PATH} CMAKE_PREFIX_PATH=${CMAKE_PREFIX_PATH}:/home/pmlab/ros2_ws/install/programming_fw_pkg:/home/pmlab/ros2_ws/install/pm_robot_control_test:/home/pmlab/ros2_ws/src/pm_robot_programming_framework/install/programming_fw_pkg:/opt/ros/humble PYTHONPATH=/home/pmlab/yueju/change/install/open_cv/lib/python3.10/site-packages:${PYTHONPATH} /usr/bin/cmake --build /home/pmlab/yueju/change/build/pm_bringup -- -j24 -l24
[0.534s] Invoked command in '/home/pmlab/yueju/change/build/pm_bringup' returned '0': AMENT_PREFIX_PATH=/home/pmlab/yueju/change/install/open_cv:${AMENT_PREFIX_PATH} CMAKE_PREFIX_PATH=${CMAKE_PREFIX_PATH}:/home/pmlab/ros2_ws/install/programming_fw_pkg:/home/pmlab/ros2_ws/install/pm_robot_control_test:/home/pmlab/ros2_ws/src/pm_robot_programming_framework/install/programming_fw_pkg:/opt/ros/humble PYTHONPATH=/home/pmlab/yueju/change/install/open_cv/lib/python3.10/site-packages:${PYTHONPATH} /usr/bin/cmake --build /home/pmlab/yueju/change/build/pm_bringup -- -j24 -l24
[0.553s] Invoking command in '/home/pmlab/yueju/change/build/pm_bringup': AMENT_PREFIX_PATH=/home/pmlab/yueju/change/install/open_cv:${AMENT_PREFIX_PATH} CMAKE_PREFIX_PATH=${CMAKE_PREFIX_PATH}:/home/pmlab/ros2_ws/install/programming_fw_pkg:/home/pmlab/ros2_ws/install/pm_robot_control_test:/home/pmlab/ros2_ws/src/pm_robot_programming_framework/install/programming_fw_pkg:/opt/ros/humble PYTHONPATH=/home/pmlab/yueju/change/install/open_cv/lib/python3.10/site-packages:${PYTHONPATH} /usr/bin/cmake --install /home/pmlab/yueju/change/build/pm_bringup
[0.557s] -- Install configuration: ""
[0.558s] -- Up-to-date: /home/pmlab/yueju/change/install/pm_bringup/share/pm_bringup/launch
[0.558s] -- Installing: /home/pmlab/yueju/change/install/pm_bringup/share/pm_bringup/launch/auto_calibrating.launch.py
[0.558s] -- Installing: /home/pmlab/yueju/change/install/pm_bringup/share/ament_index/resource_index/package_run_dependencies/pm_bringup
[0.558s] -- Installing: /home/pmlab/yueju/change/install/pm_bringup/share/ament_index/resource_index/parent_prefix_path/pm_bringup
[0.558s] -- Installing: /home/pmlab/yueju/change/install/pm_bringup/share/pm_bringup/environment/ament_prefix_path.dsv
[0.558s] -- Installing: /home/pmlab/yueju/change/install/pm_bringup/share/pm_bringup/environment/path.dsv
[0.558s] -- Installing: /home/pmlab/yueju/change/install/pm_bringup/share/pm_bringup/local_setup.bash
[0.558s] -- Installing: /home/pmlab/yueju/change/install/pm_bringup/share/pm_bringup/local_setup.sh
[0.558s] -- Installing: /home/pmlab/yueju/change/install/pm_bringup/share/pm_bringup/local_setup.zsh
[0.559s] -- Installing: /home/pmlab/yueju/change/install/pm_bringup/share/pm_bringup/local_setup.dsv
[0.559s] -- Installing: /home/pmlab/yueju/change/install/pm_bringup/share/pm_bringup/package.dsv
[0.559s] -- Installing: /home/pmlab/yueju/change/install/pm_bringup/share/ament_index/resource_index/packages/pm_bringup
[0.559s] -- Installing: /home/pmlab/yueju/change/install/pm_bringup/share/pm_bringup/cmake/pm_bringupConfig.cmake
[0.559s] -- Installing: /home/pmlab/yueju/change/install/pm_bringup/share/pm_bringup/cmake/pm_bringupConfig-version.cmake
[0.559s] -- Installing: /home/pmlab/yueju/change/install/pm_bringup/share/pm_bringup/package.xml
[0.560s] Invoked command in '/home/pmlab/yueju/change/build/pm_bringup' returned '0': AMENT_PREFIX_PATH=/home/pmlab/yueju/change/install/open_cv:${AMENT_PREFIX_PATH} CMAKE_PREFIX_PATH=${CMAKE_PREFIX_PATH}:/home/pmlab/ros2_ws/install/programming_fw_pkg:/home/pmlab/ros2_ws/install/pm_robot_control_test:/home/pmlab/ros2_ws/src/pm_robot_programming_framework/install/programming_fw_pkg:/opt/ros/humble PYTHONPATH=/home/pmlab/yueju/change/install/open_cv/lib/python3.10/site-packages:${PYTHONPATH} /usr/bin/cmake --install /home/pmlab/yueju/change/build/pm_bringup
