[0.007s] Invoking command in '/home/pmlab/yueju2/change/build/pm_bringup': AMENT_PREFIX_PATH=/home/pmlab/yueju2/change/install/open_cv:${AMENT_PREFIX_PATH} CMAKE_PREFIX_PATH=${CMAKE_PREFIX_PATH}:/home/pmlab/pm_ros2_ws/install/pm_vision:/home/pmlab/pm_ros2_ws/install/pm_robot_control_test:/opt/ros/humble PYTHONPATH=/home/pmlab/yueju2/change/install/open_cv/lib/python3.10/site-packages:${PYTHONPATH} /usr/bin/cmake /home/pmlab/yueju2/change/pm_bringup -DCMAKE_INSTALL_PREFIX=/home/pmlab/yueju2/change/install/pm_bringup
[0.017s] -- Found ament_cmake: 1.3.5 (/opt/ros/humble/share/ament_cmake/cmake)
[0.102s] -- Override CMake install command with custom implementation using symlinks instead of copying resources
[0.152s] -- Configuring done
[0.155s] -- Generating done
[0.156s] -- Build files have been written to: /home/pmlab/yueju2/change/build/pm_bringup
[0.157s] Invoked command in '/home/pmlab/yueju2/change/build/pm_bringup' returned '0': AMENT_PREFIX_PATH=/home/pmlab/yueju2/change/install/open_cv:${AMENT_PREFIX_PATH} CMAKE_PREFIX_PATH=${CMAKE_PREFIX_PATH}:/home/pmlab/pm_ros2_ws/install/pm_vision:/home/pmlab/pm_ros2_ws/install/pm_robot_control_test:/opt/ros/humble PYTHONPATH=/home/pmlab/yueju2/change/install/open_cv/lib/python3.10/site-packages:${PYTHONPATH} /usr/bin/cmake /home/pmlab/yueju2/change/pm_bringup -DCMAKE_INSTALL_PREFIX=/home/pmlab/yueju2/change/install/pm_bringup
[0.158s] Invoking command in '/home/pmlab/yueju2/change/build/pm_bringup': AMENT_PREFIX_PATH=/home/pmlab/yueju2/change/install/open_cv:${AMENT_PREFIX_PATH} CMAKE_PREFIX_PATH=${CMAKE_PREFIX_PATH}:/home/pmlab/pm_ros2_ws/install/pm_vision:/home/pmlab/pm_ros2_ws/install/pm_robot_control_test:/opt/ros/humble PYTHONPATH=/home/pmlab/yueju2/change/install/open_cv/lib/python3.10/site-packages:${PYTHONPATH} /usr/bin/cmake --build /home/pmlab/yueju2/change/build/pm_bringup -- -j16 -l16
[0.177s] Invoked command in '/home/pmlab/yueju2/change/build/pm_bringup' returned '0': AMENT_PREFIX_PATH=/home/pmlab/yueju2/change/install/open_cv:${AMENT_PREFIX_PATH} CMAKE_PREFIX_PATH=${CMAKE_PREFIX_PATH}:/home/pmlab/pm_ros2_ws/install/pm_vision:/home/pmlab/pm_ros2_ws/install/pm_robot_control_test:/opt/ros/humble PYTHONPATH=/home/pmlab/yueju2/change/install/open_cv/lib/python3.10/site-packages:${PYTHONPATH} /usr/bin/cmake --build /home/pmlab/yueju2/change/build/pm_bringup -- -j16 -l16
[0.192s] Invoking command in '/home/pmlab/yueju2/change/build/pm_bringup': AMENT_PREFIX_PATH=/home/pmlab/yueju2/change/install/open_cv:${AMENT_PREFIX_PATH} CMAKE_PREFIX_PATH=${CMAKE_PREFIX_PATH}:/home/pmlab/pm_ros2_ws/install/pm_vision:/home/pmlab/pm_ros2_ws/install/pm_robot_control_test:/opt/ros/humble PYTHONPATH=/home/pmlab/yueju2/change/install/open_cv/lib/python3.10/site-packages:${PYTHONPATH} /usr/bin/cmake --install /home/pmlab/yueju2/change/build/pm_bringup
[0.195s] -- Install configuration: ""
[0.196s] -- Execute custom install script
[0.196s] -- Up-to-date symlink: /home/pmlab/yueju2/change/install/pm_bringup/share/pm_bringup/launch/auto_calibrating.launch.py
[0.196s] -- Up-to-date symlink: /home/pmlab/yueju2/change/install/pm_bringup/share/ament_index/resource_index/package_run_dependencies/pm_bringup
[0.196s] -- Up-to-date symlink: /home/pmlab/yueju2/change/install/pm_bringup/share/ament_index/resource_index/parent_prefix_path/pm_bringup
[0.196s] -- Up-to-date symlink: /home/pmlab/yueju2/change/install/pm_bringup/share/pm_bringup/environment/ament_prefix_path.sh
[0.196s] -- Up-to-date symlink: /home/pmlab/yueju2/change/install/pm_bringup/share/pm_bringup/environment/ament_prefix_path.dsv
[0.196s] -- Up-to-date symlink: /home/pmlab/yueju2/change/install/pm_bringup/share/pm_bringup/environment/path.sh
[0.197s] -- Up-to-date symlink: /home/pmlab/yueju2/change/install/pm_bringup/share/pm_bringup/environment/path.dsv
[0.197s] -- Up-to-date symlink: /home/pmlab/yueju2/change/install/pm_bringup/share/pm_bringup/local_setup.bash
[0.197s] -- Up-to-date symlink: /home/pmlab/yueju2/change/install/pm_bringup/share/pm_bringup/local_setup.sh
[0.197s] -- Up-to-date symlink: /home/pmlab/yueju2/change/install/pm_bringup/share/pm_bringup/local_setup.zsh
[0.197s] -- Up-to-date symlink: /home/pmlab/yueju2/change/install/pm_bringup/share/pm_bringup/local_setup.dsv
[0.197s] -- Symlinking: /home/pmlab/yueju2/change/install/pm_bringup/share/pm_bringup/package.dsv
[0.201s] -- Up-to-date symlink: /home/pmlab/yueju2/change/install/pm_bringup/share/ament_index/resource_index/packages/pm_bringup
[0.201s] -- Up-to-date symlink: /home/pmlab/yueju2/change/install/pm_bringup/share/pm_bringup/cmake/pm_bringupConfig.cmake
[0.201s] -- Up-to-date symlink: /home/pmlab/yueju2/change/install/pm_bringup/share/pm_bringup/cmake/pm_bringupConfig-version.cmake
[0.201s] -- Up-to-date symlink: /home/pmlab/yueju2/change/install/pm_bringup/share/pm_bringup/package.xml
[0.204s] Invoked command in '/home/pmlab/yueju2/change/build/pm_bringup' returned '0': AMENT_PREFIX_PATH=/home/pmlab/yueju2/change/install/open_cv:${AMENT_PREFIX_PATH} CMAKE_PREFIX_PATH=${CMAKE_PREFIX_PATH}:/home/pmlab/pm_ros2_ws/install/pm_vision:/home/pmlab/pm_ros2_ws/install/pm_robot_control_test:/opt/ros/humble PYTHONPATH=/home/pmlab/yueju2/change/install/open_cv/lib/python3.10/site-packages:${PYTHONPATH} /usr/bin/cmake --install /home/pmlab/yueju2/change/build/pm_bringup
