running egg_info
writing ../../build/battery_node/battery_node.egg-info/PKG-INFO
writing dependency_links to ../../build/battery_node/battery_node.egg-info/dependency_links.txt
writing entry points to ../../build/battery_node/battery_node.egg-info/entry_points.txt
writing requirements to ../../build/battery_node/battery_node.egg-info/requires.txt
writing top-level names to ../../build/battery_node/battery_node.egg-info/top_level.txt
reading manifest file '../../build/battery_node/battery_node.egg-info/SOURCES.txt'
writing manifest file '../../build/battery_node/battery_node.egg-info/SOURCES.txt'
running build
running build_py
running install
running install_lib
byte-compiling /home/yueju/led/install/battery_node/lib/python3.10/site-packages/battery_node/node_battery.py to node_battery.cpython-310.pyc
running install_data
running install_egg_info
removing '/home/yueju/led/install/battery_node/lib/python3.10/site-packages/battery_node-0.0.0-py3.10.egg-info' (and everything under it)
Copying ../../build/battery_node/battery_node.egg-info to /home/yueju/led/install/battery_node/lib/python3.10/site-packages/battery_node-0.0.0-py3.10.egg-info
running install_scripts
Installing node_battery script to /home/yueju/led/install/battery_node/lib/battery_node
Installing node_led script to /home/yueju/led/install/battery_node/lib/battery_node
writing list of installed files to '/home/yueju/led/build/battery_node/install.log'
