[2.160s] Invoking command in '/home/yueju/led/src/battery_node': PYTHONPATH=/home/yueju/led/build/battery_node/prefix_override:/home/yueju/led/install/battery_node/lib/python3.10/site-packages:${PYTHONPATH} /usr/bin/python3 setup.py egg_info --egg-base ../../build/battery_node build --build-base /home/yueju/led/build/battery_node/build install --record /home/yueju/led/build/battery_node/install.log --single-version-externally-managed
[2.408s] running egg_info
[2.409s] writing ../../build/battery_node/battery_node.egg-info/PKG-INFO
[2.410s] writing dependency_links to ../../build/battery_node/battery_node.egg-info/dependency_links.txt
[2.410s] writing entry points to ../../build/battery_node/battery_node.egg-info/entry_points.txt
[2.410s] writing requirements to ../../build/battery_node/battery_node.egg-info/requires.txt
[2.410s] writing top-level names to ../../build/battery_node/battery_node.egg-info/top_level.txt
[2.413s] reading manifest file '../../build/battery_node/battery_node.egg-info/SOURCES.txt'
[2.421s] writing manifest file '../../build/battery_node/battery_node.egg-info/SOURCES.txt'
[2.421s] running build
[2.421s] running build_py
[2.422s] running install
[2.422s] running install_lib
[2.424s] byte-compiling /home/yueju/led/install/battery_node/lib/python3.10/site-packages/battery_node/node_battery.py to node_battery.cpython-310.pyc
[2.425s]   File "/home/yueju/led/install/battery_node/lib/python3.10/site-packages/battery_node/node_battery.py", line 15
[2.425s]     request=SetLed. 
[2.425s]                     ^
[2.425s] SyntaxError: invalid syntax
[2.425s] 
[2.425s] running install_data
[2.426s] running install_egg_info
[2.427s] removing '/home/yueju/led/install/battery_node/lib/python3.10/site-packages/battery_node-0.0.0-py3.10.egg-info' (and everything under it)
[2.428s] Copying ../../build/battery_node/battery_node.egg-info to /home/yueju/led/install/battery_node/lib/python3.10/site-packages/battery_node-0.0.0-py3.10.egg-info
[2.441s] running install_scripts
[2.462s] Installing node_battery script to /home/yueju/led/install/battery_node/lib/battery_node
[2.471s] Installing node_led script to /home/yueju/led/install/battery_node/lib/battery_node
[2.472s] writing list of installed files to '/home/yueju/led/build/battery_node/install.log'
[2.503s] Invoked command in '/home/yueju/led/src/battery_node' returned '0': PYTHONPATH=/home/yueju/led/build/battery_node/prefix_override:/home/yueju/led/install/battery_node/lib/python3.10/site-packages:${PYTHONPATH} /usr/bin/python3 setup.py egg_info --egg-base ../../build/battery_node build --build-base /home/yueju/led/build/battery_node/build install --record /home/yueju/led/build/battery_node/install.log --single-version-externally-managed
