[0.377s] Invoking command in '/home/pmlab/yueju2/change/build/open_cv': PYTHONPATH=/home/pmlab/yueju2/change/build/open_cv/prefix_override:/home/pmlab/yueju2/change/install/open_cv/lib/python3.10/site-packages:${PYTHONPATH} /usr/bin/python3 setup.py develop --uninstall --editable --build-directory /home/pmlab/yueju2/change/build/open_cv/build
[0.539s] running develop
[0.540s] /usr/lib/python3/dist-packages/setuptools/command/easy_install.py:158: EasyInstallDeprecationWarning: easy_install command is deprecated. Use build and pip and other standards-based tools.
[0.540s]   warnings.warn(
[0.540s] /usr/lib/python3/dist-packages/setuptools/command/install.py:34: SetuptoolsDeprecationWarning: setup.py install is deprecated. Use build and pip and other standards-based tools.
[0.541s]   warnings.warn(
[0.580s] /usr/lib/python3/dist-packages/pkg_resources/__init__.py:116: PkgResourcesDeprecationWarning: 1.16.0-unknown is an invalid version and will not be supported in a future release
[0.580s]   warnings.warn(
[0.580s] /usr/lib/python3/dist-packages/pkg_resources/__init__.py:116: PkgResourcesDeprecationWarning: 0.1.43ubuntu1 is an invalid version and will not be supported in a future release
[0.580s]   warnings.warn(
[0.581s] /usr/lib/python3/dist-packages/pkg_resources/__init__.py:116: PkgResourcesDeprecationWarning: 1.1build1 is an invalid version and will not be supported in a future release
[0.581s]   warnings.warn(
[0.651s] Removing /home/pmlab/yueju2/change/install/open_cv/lib/python3.10/site-packages/open-cv.egg-link (link to .)
[0.666s] Invoked command in '/home/pmlab/yueju2/change/build/open_cv' returned '0': PYTHONPATH=/home/pmlab/yueju2/change/build/open_cv/prefix_override:/home/pmlab/yueju2/change/install/open_cv/lib/python3.10/site-packages:${PYTHONPATH} /usr/bin/python3 setup.py develop --uninstall --editable --build-directory /home/pmlab/yueju2/change/build/open_cv/build
[0.667s] Invoking command in '/home/pmlab/yueju2/change/open_cv': PYTHONPATH=/home/pmlab/yueju2/change/build/open_cv/prefix_override:/home/pmlab/yueju2/change/install/open_cv/lib/python3.10/site-packages:${PYTHONPATH} /usr/bin/python3 setup.py egg_info --egg-base ../build/open_cv build --build-base /home/pmlab/yueju2/change/build/open_cv/build install --record /home/pmlab/yueju2/change/build/open_cv/install.log --single-version-externally-managed
[0.815s] running egg_info
[0.816s] writing ../build/open_cv/open_cv.egg-info/PKG-INFO
[0.816s] writing dependency_links to ../build/open_cv/open_cv.egg-info/dependency_links.txt
[0.816s] writing entry points to ../build/open_cv/open_cv.egg-info/entry_points.txt
[0.816s] writing requirements to ../build/open_cv/open_cv.egg-info/requires.txt
[0.816s] writing top-level names to ../build/open_cv/open_cv.egg-info/top_level.txt
[0.817s] reading manifest file '../build/open_cv/open_cv.egg-info/SOURCES.txt'
[0.818s] writing manifest file '../build/open_cv/open_cv.egg-info/SOURCES.txt'
[0.818s] running build
[0.818s] running build_py
[0.818s] creating /home/pmlab/yueju2/change/build/open_cv/build
[0.818s] creating /home/pmlab/yueju2/change/build/open_cv/build/lib
[0.818s] creating /home/pmlab/yueju2/change/build/open_cv/build/lib/open_cv
[0.818s] copying open_cv/op.py -> /home/pmlab/yueju2/change/build/open_cv/build/lib/open_cv
[0.818s] copying open_cv/m.py -> /home/pmlab/yueju2/change/build/open_cv/build/lib/open_cv
[0.818s] copying open_cv/4.py -> /home/pmlab/yueju2/change/build/open_cv/build/lib/open_cv
[0.818s] copying open_cv/__init__.py -> /home/pmlab/yueju2/change/build/open_cv/build/lib/open_cv
[0.818s] copying open_cv/image_detec.py -> /home/pmlab/yueju2/change/build/open_cv/build/lib/open_cv
[0.818s] copying open_cv/vergleich.py -> /home/pmlab/yueju2/change/build/open_cv/build/lib/open_cv
[0.818s] copying open_cv/s.py -> /home/pmlab/yueju2/change/build/open_cv/build/lib/open_cv
[0.818s] copying open_cv/image_processing.py -> /home/pmlab/yueju2/change/build/open_cv/build/lib/open_cv
[0.818s] copying open_cv/auto_centering.py -> /home/pmlab/yueju2/change/build/open_cv/build/lib/open_cv
[0.818s] running install
[0.818s] /usr/lib/python3/dist-packages/setuptools/command/install.py:34: SetuptoolsDeprecationWarning: setup.py install is deprecated. Use build and pip and other standards-based tools.
[0.819s]   warnings.warn(
[0.819s] running install_lib
[0.819s] copying /home/pmlab/yueju2/change/build/open_cv/build/lib/open_cv/op.py -> /home/pmlab/yueju2/change/install/open_cv/lib/python3.10/site-packages/open_cv
[0.819s] copying /home/pmlab/yueju2/change/build/open_cv/build/lib/open_cv/m.py -> /home/pmlab/yueju2/change/install/open_cv/lib/python3.10/site-packages/open_cv
[0.819s] copying /home/pmlab/yueju2/change/build/open_cv/build/lib/open_cv/4.py -> /home/pmlab/yueju2/change/install/open_cv/lib/python3.10/site-packages/open_cv
[0.820s] copying /home/pmlab/yueju2/change/build/open_cv/build/lib/open_cv/__init__.py -> /home/pmlab/yueju2/change/install/open_cv/lib/python3.10/site-packages/open_cv
[0.820s] copying /home/pmlab/yueju2/change/build/open_cv/build/lib/open_cv/image_detec.py -> /home/pmlab/yueju2/change/install/open_cv/lib/python3.10/site-packages/open_cv
[0.820s] copying /home/pmlab/yueju2/change/build/open_cv/build/lib/open_cv/vergleich.py -> /home/pmlab/yueju2/change/install/open_cv/lib/python3.10/site-packages/open_cv
[0.820s] copying /home/pmlab/yueju2/change/build/open_cv/build/lib/open_cv/s.py -> /home/pmlab/yueju2/change/install/open_cv/lib/python3.10/site-packages/open_cv
[0.820s] copying /home/pmlab/yueju2/change/build/open_cv/build/lib/open_cv/image_processing.py -> /home/pmlab/yueju2/change/install/open_cv/lib/python3.10/site-packages/open_cv
[0.820s] copying /home/pmlab/yueju2/change/build/open_cv/build/lib/open_cv/auto_centering.py -> /home/pmlab/yueju2/change/install/open_cv/lib/python3.10/site-packages/open_cv
[0.820s] byte-compiling /home/pmlab/yueju2/change/install/open_cv/lib/python3.10/site-packages/open_cv/op.py to op.cpython-310.pyc
[0.821s] byte-compiling /home/pmlab/yueju2/change/install/open_cv/lib/python3.10/site-packages/open_cv/m.py to m.cpython-310.pyc
[0.821s] byte-compiling /home/pmlab/yueju2/change/install/open_cv/lib/python3.10/site-packages/open_cv/4.py to 4.cpython-310.pyc
[0.821s] byte-compiling /home/pmlab/yueju2/change/install/open_cv/lib/python3.10/site-packages/open_cv/__init__.py to __init__.cpython-310.pyc
[0.821s] byte-compiling /home/pmlab/yueju2/change/install/open_cv/lib/python3.10/site-packages/open_cv/image_detec.py to image_detec.cpython-310.pyc
[0.822s] byte-compiling /home/pmlab/yueju2/change/install/open_cv/lib/python3.10/site-packages/open_cv/vergleich.py to vergleich.cpython-310.pyc
[0.822s] byte-compiling /home/pmlab/yueju2/change/install/open_cv/lib/python3.10/site-packages/open_cv/s.py to s.cpython-310.pyc
[0.822s] byte-compiling /home/pmlab/yueju2/change/install/open_cv/lib/python3.10/site-packages/open_cv/image_processing.py to image_processing.cpython-310.pyc
[0.823s] byte-compiling /home/pmlab/yueju2/change/install/open_cv/lib/python3.10/site-packages/open_cv/auto_centering.py to auto_centering.cpython-310.pyc
[0.824s] running install_data
[0.824s] running install_egg_info
[0.825s] Copying ../build/open_cv/open_cv.egg-info to /home/pmlab/yueju2/change/install/open_cv/lib/python3.10/site-packages/open_cv-0.0.0-py3.10.egg-info
[0.825s] running install_scripts
[0.837s] Installing auto_centering script to /home/pmlab/yueju2/change/install/open_cv/lib/open_cv
[0.837s] Installing image_processing script to /home/pmlab/yueju2/change/install/open_cv/lib/open_cv
[0.837s] writing list of installed files to '/home/pmlab/yueju2/change/build/open_cv/install.log'
[0.850s] Invoked command in '/home/pmlab/yueju2/change/open_cv' returned '0': PYTHONPATH=/home/pmlab/yueju2/change/build/open_cv/prefix_override:/home/pmlab/yueju2/change/install/open_cv/lib/python3.10/site-packages:${PYTHONPATH} /usr/bin/python3 setup.py egg_info --egg-base ../build/open_cv build --build-base /home/pmlab/yueju2/change/build/open_cv/build install --record /home/pmlab/yueju2/change/build/open_cv/install.log --single-version-externally-managed
