[0.270s] Invoking command in '/home/yueju/led/build/pm_robot_moveit_config': AMENT_PREFIX_PATH=/home/yueju/led/install/pm_robot_description:${AMENT_PREFIX_PATH} CMAKE_PREFIX_PATH=/home/yueju/led/install/pm_robot_description:/opt/ros/humble /usr/bin/cmake /home/yueju/led/match_pm_robot/pm_robot_moveit_config -DCMAKE_INSTALL_PREFIX=/home/yueju/led/install/pm_robot_moveit_config
[0.342s] -- The C compiler identification is GNU 11.3.0
[0.477s] -- The CXX compiler identification is GNU 11.3.0
[0.498s] -- Detecting C compiler ABI info
[0.795s] -- Detecting C compiler ABI info - done
[0.819s] -- Check for working C compiler: /usr/bin/cc - skipped
[0.819s] -- Detecting C compile features
[0.820s] -- Detecting C compile features - done
[0.826s] -- Detecting CXX compiler ABI info
[0.936s] -- Detecting CXX compiler ABI info - done
[0.952s] -- Check for working CXX compiler: /usr/bin/c++ - skipped
[0.952s] -- Detecting CXX compile features
[0.954s] -- Detecting CXX compile features - done
[0.958s] -- Found ament_cmake: 1.3.3 (/opt/ros/humble/share/ament_cmake/cmake)
[1.422s] -- Found Python3: /usr/bin/python3.10 (found version "3.10.6") found components: Interpreter 
[1.756s] -- Configuring done
[1.761s] -- Generating done
[1.762s] -- Build files have been written to: /home/yueju/led/build/pm_robot_moveit_config
[1.769s] Invoked command in '/home/yueju/led/build/pm_robot_moveit_config' returned '0': AMENT_PREFIX_PATH=/home/yueju/led/install/pm_robot_description:${AMENT_PREFIX_PATH} CMAKE_PREFIX_PATH=/home/yueju/led/install/pm_robot_description:/opt/ros/humble /usr/bin/cmake /home/yueju/led/match_pm_robot/pm_robot_moveit_config -DCMAKE_INSTALL_PREFIX=/home/yueju/led/install/pm_robot_moveit_config
[1.771s] Invoking command in '/home/yueju/led/build/pm_robot_moveit_config': AMENT_PREFIX_PATH=/home/yueju/led/install/pm_robot_description:${AMENT_PREFIX_PATH} CMAKE_PREFIX_PATH=/home/yueju/led/install/pm_robot_description:/opt/ros/humble /usr/bin/cmake --build /home/yueju/led/build/pm_robot_moveit_config -- -j8 -l8
[1.805s] Invoked command in '/home/yueju/led/build/pm_robot_moveit_config' returned '0': AMENT_PREFIX_PATH=/home/yueju/led/install/pm_robot_description:${AMENT_PREFIX_PATH} CMAKE_PREFIX_PATH=/home/yueju/led/install/pm_robot_description:/opt/ros/humble /usr/bin/cmake --build /home/yueju/led/build/pm_robot_moveit_config -- -j8 -l8
[1.829s] Invoking command in '/home/yueju/led/build/pm_robot_moveit_config': AMENT_PREFIX_PATH=/home/yueju/led/install/pm_robot_description:${AMENT_PREFIX_PATH} CMAKE_PREFIX_PATH=/home/yueju/led/install/pm_robot_description:/opt/ros/humble /usr/bin/cmake --install /home/yueju/led/build/pm_robot_moveit_config
[1.835s] -- Install configuration: ""
[1.836s] -- Installing: /home/yueju/led/install/pm_robot_moveit_config/share/ament_index/resource_index/package_run_dependencies/pm_robot_moveit_config
[1.836s] -- Installing: /home/yueju/led/install/pm_robot_moveit_config/share/ament_index/resource_index/parent_prefix_path/pm_robot_moveit_config
[1.836s] -- Installing: /home/yueju/led/install/pm_robot_moveit_config/share/pm_robot_moveit_config/environment/ament_prefix_path.sh
[1.836s] -- Installing: /home/yueju/led/install/pm_robot_moveit_config/share/pm_robot_moveit_config/environment/ament_prefix_path.dsv
[1.836s] -- Installing: /home/yueju/led/install/pm_robot_moveit_config/share/pm_robot_moveit_config/environment/path.sh
[1.836s] -- Installing: /home/yueju/led/install/pm_robot_moveit_config/share/pm_robot_moveit_config/environment/path.dsv
[1.837s] -- Installing: /home/yueju/led/install/pm_robot_moveit_config/share/pm_robot_moveit_config/local_setup.bash
[1.837s] -- Installing: /home/yueju/led/install/pm_robot_moveit_config/share/pm_robot_moveit_config/local_setup.sh
[1.837s] -- Installing: /home/yueju/led/install/pm_robot_moveit_config/share/pm_robot_moveit_config/local_setup.zsh
[1.837s] -- Installing: /home/yueju/led/install/pm_robot_moveit_config/share/pm_robot_moveit_config/local_setup.dsv
[1.837s] -- Installing: /home/yueju/led/install/pm_robot_moveit_config/share/pm_robot_moveit_config/package.dsv
[1.837s] -- Installing: /home/yueju/led/install/pm_robot_moveit_config/share/ament_index/resource_index/packages/pm_robot_moveit_config
[1.837s] -- Installing: /home/yueju/led/install/pm_robot_moveit_config/share/pm_robot_moveit_config/cmake/pm_robot_moveit_configConfig.cmake
[1.837s] -- Installing: /home/yueju/led/install/pm_robot_moveit_config/share/pm_robot_moveit_config/cmake/pm_robot_moveit_configConfig-version.cmake
[1.837s] -- Installing: /home/yueju/led/install/pm_robot_moveit_config/share/pm_robot_moveit_config/package.xml
[1.838s] -- Installing: /home/yueju/led/install/pm_robot_moveit_config/share/pm_robot_moveit_config/launch
[1.838s] -- Installing: /home/yueju/led/install/pm_robot_moveit_config/share/pm_robot_moveit_config/launch/moveit_rviz.launch.py
[1.838s] -- Installing: /home/yueju/led/install/pm_robot_moveit_config/share/pm_robot_moveit_config/launch/move_group.launch.py
[1.838s] -- Installing: /home/yueju/led/install/pm_robot_moveit_config/share/pm_robot_moveit_config/launch/spawn_controllers.launch.py
[1.838s] -- Installing: /home/yueju/led/install/pm_robot_moveit_config/share/pm_robot_moveit_config/launch/static_virtual_joint_tfs.launch.py
[1.838s] -- Installing: /home/yueju/led/install/pm_robot_moveit_config/share/pm_robot_moveit_config/launch/rsp.launch.py
[1.838s] -- Installing: /home/yueju/led/install/pm_robot_moveit_config/share/pm_robot_moveit_config/launch/demo.launch.py
[1.838s] -- Installing: /home/yueju/led/install/pm_robot_moveit_config/share/pm_robot_moveit_config/launch/warehouse_db.launch.py
[1.838s] -- Installing: /home/yueju/led/install/pm_robot_moveit_config/share/pm_robot_moveit_config/launch/setup_assistant.launch.py
[1.839s] -- Installing: /home/yueju/led/install/pm_robot_moveit_config/share/pm_robot_moveit_config/config
[1.839s] -- Installing: /home/yueju/led/install/pm_robot_moveit_config/share/pm_robot_moveit_config/config/sensors_3d.yaml
[1.839s] -- Installing: /home/yueju/led/install/pm_robot_moveit_config/share/pm_robot_moveit_config/config/pm_robot.urdf.xacro
[1.839s] -- Installing: /home/yueju/led/install/pm_robot_moveit_config/share/pm_robot_moveit_config/config/initial_positions.yaml
[1.839s] -- Installing: /home/yueju/led/install/pm_robot_moveit_config/share/pm_robot_moveit_config/config/moveit_controllers.yaml
[1.839s] -- Installing: /home/yueju/led/install/pm_robot_moveit_config/share/pm_robot_moveit_config/config/moveit.rviz
[1.839s] -- Installing: /home/yueju/led/install/pm_robot_moveit_config/share/pm_robot_moveit_config/config/kinematics.yaml
[1.839s] -- Installing: /home/yueju/led/install/pm_robot_moveit_config/share/pm_robot_moveit_config/config/joint_limits.yaml
[1.840s] -- Installing: /home/yueju/led/install/pm_robot_moveit_config/share/pm_robot_moveit_config/config/pm_robot.ros2_control.xacro
[1.840s] -- Installing: /home/yueju/led/install/pm_robot_moveit_config/share/pm_robot_moveit_config/config/pm_robot.srdf
[1.840s] -- Installing: /home/yueju/led/install/pm_robot_moveit_config/share/pm_robot_moveit_config/config/ros2_controllers.yaml
[1.840s] -- Installing: /home/yueju/led/install/pm_robot_moveit_config/share/pm_robot_moveit_config/config/pilz_cartesian_limits.yaml
[1.840s] -- Installing: /home/yueju/led/install/pm_robot_moveit_config/share/pm_robot_moveit_config/.setup_assistant
[1.844s] Invoked command in '/home/yueju/led/build/pm_robot_moveit_config' returned '0': AMENT_PREFIX_PATH=/home/yueju/led/install/pm_robot_description:${AMENT_PREFIX_PATH} CMAKE_PREFIX_PATH=/home/yueju/led/install/pm_robot_description:/opt/ros/humble /usr/bin/cmake --install /home/yueju/led/build/pm_robot_moveit_config
