[0.067s] Invoking command in '/home/yueju/led/build/interface': CMAKE_PREFIX_PATH=/opt/ros/humble /usr/bin/cmake /home/yueju/led/src/interface -DCMAKE_INSTALL_PREFIX=/home/yueju/led/install/interface
[1.487s] -- The C compiler identification is GNU 11.3.0
[1.947s] -- The CXX compiler identification is GNU 11.3.0
[1.961s] -- Detecting C compiler ABI info
[2.198s] -- Detecting C compiler ABI info - done
[2.206s] -- Check for working C compiler: /usr/bin/cc - skipped
[2.207s] -- Detecting C compile features
[2.220s] -- Detecting C compile features - done
[2.232s] -- Detecting CXX compiler ABI info
[2.362s] -- Detecting CXX compiler ABI info - done
[2.371s] -- Check for working CXX compiler: /usr/bin/c++ - skipped
[2.371s] -- Detecting CXX compile features
[2.372s] -- Detecting CXX compile features - done
[2.464s] -- Found ament_cmake: 1.3.3 (/opt/ros/humble/share/ament_cmake/cmake)
[2.758s] -- Found Python3: /usr/bin/python3.10 (found version "3.10.6") found components: Interpreter 
[3.060s] -- Found rosidl_default_generators: 1.2.0 (/opt/ros/humble/share/rosidl_default_generators/cmake)
[3.116s] -- Using all available rosidl_typesupport_c: rosidl_typesupport_fastrtps_c;rosidl_typesupport_introspection_c
[3.180s] -- Found rosidl_adapter: 3.1.4 (/opt/ros/humble/share/rosidl_adapter/cmake)
[3.410s] -- Using all available rosidl_typesupport_cpp: rosidl_typesupport_fastrtps_cpp;rosidl_typesupport_introspection_cpp
[3.535s] [31mCMake Error at /opt/ros/humble/share/rosidl_cmake/cmake/rosidl_generate_interfaces.cmake:93 (message):
[3.535s]   rosidl_generate_interfaces() the passed file 'msg/Led.msg' doesn't exist
[3.535s]   relative to the CMAKE_CURRENT_SOURCE_DIR '/home/yueju/led/src/interface'
[3.535s] Call Stack (most recent call first):
[3.535s]   CMakeLists.txt:14 (rosidl_generate_interfaces)
[3.535s] 
[3.535s] [0m
[3.535s] -- Configuring incomplete, errors occurred!
[3.535s] See also "/home/yueju/led/build/interface/CMakeFiles/CMakeOutput.log".
[3.540s] Invoked command in '/home/yueju/led/build/interface' returned '1': CMAKE_PREFIX_PATH=/opt/ros/humble /usr/bin/cmake /home/yueju/led/src/interface -DCMAKE_INSTALL_PREFIX=/home/yueju/led/install/interface
