-- The C compiler identification is GNU 11.3.0
-- The CXX compiler identification is GNU 11.3.0
-- Detecting C compiler ABI info
-- Detecting C compiler ABI info - done
-- Check for working C compiler: /usr/bin/cc - skipped
-- Detecting C compile features
-- Detecting C compile features - done
-- Detecting CXX compiler ABI info
-- Detecting CXX compiler ABI info - done
-- Check for working CXX compiler: /usr/bin/c++ - skipped
-- Detecting CXX compile features
-- Detecting CXX compile features - done
-- Found ament_cmake: 1.3.3 (/opt/ros/humble/share/ament_cmake/cmake)
-- Found Python3: /usr/bin/python3.10 (found version "3.10.6") found components: Interpreter 
-- Found rclcpp: 16.0.3 (/opt/ros/humble/share/rclcpp/cmake)
-- Found rosidl_generator_c: 3.1.4 (/opt/ros/humble/share/rosidl_generator_c/cmake)
-- Found rosidl_adapter: 3.1.4 (/opt/ros/humble/share/rosidl_adapter/cmake)
-- Found rosidl_generator_cpp: 3.1.4 (/opt/ros/humble/share/rosidl_generator_cpp/cmake)
-- Using all available rosidl_typesupport_c: rosidl_typesupport_fastrtps_c;rosidl_typesupport_introspection_c
-- Using all available rosidl_typesupport_cpp: rosidl_typesupport_fastrtps_cpp;rosidl_typesupport_introspection_cpp
-- Found rmw_implementation_cmake: 6.1.1 (/opt/ros/humble/share/rmw_implementation_cmake/cmake)
-- Found rmw_fastrtps_cpp: 6.2.2 (/opt/ros/humble/share/rmw_fastrtps_cpp/cmake)
-- Found OpenSSL: /usr/lib/x86_64-linux-gnu/libcrypto.so (found version "3.0.2")  
-- Found FastRTPS: /opt/ros/humble/include  
-- Using RMW implementation 'rmw_fastrtps_cpp' as default
-- Looking for pthread.h
-- Looking for pthread.h - found
-- Performing Test CMAKE_HAVE_LIBC_PTHREAD
-- Performing Test CMAKE_HAVE_LIBC_PTHREAD - Success
-- Found Threads: TRUE  
-- Found sensor_msgs: 4.2.3 (/opt/ros/humble/share/sensor_msgs/cmake)
-- Found pm_client: 0.0.0 (/home/yueju/led/install/pm_client/share/pm_client/cmake)
-- Configuring done
-- Generating done
-- Build files have been written to: /home/yueju/led/build/pm_robot_control
[ 50%] [32mBuilding CXX object CMakeFiles/controller.dir/src/main.cpp.o[0m
[100%] [32m[1mLinking CXX executable controller[0m
[100%] Built target controller
-- Install configuration: ""
-- Installing: /home/yueju/led/install/pm_robot_control/lib/pm_robot_control/controller
-- Set runtime path of "/home/yueju/led/install/pm_robot_control/lib/pm_robot_control/controller" to ""
-- Installing: /home/yueju/led/install/pm_robot_control/share/ament_index/resource_index/package_run_dependencies/pm_robot_control
-- Installing: /home/yueju/led/install/pm_robot_control/share/ament_index/resource_index/parent_prefix_path/pm_robot_control
-- Installing: /home/yueju/led/install/pm_robot_control/share/pm_robot_control/environment/ament_prefix_path.sh
-- Installing: /home/yueju/led/install/pm_robot_control/share/pm_robot_control/environment/ament_prefix_path.dsv
-- Installing: /home/yueju/led/install/pm_robot_control/share/pm_robot_control/environment/path.sh
-- Installing: /home/yueju/led/install/pm_robot_control/share/pm_robot_control/environment/path.dsv
-- Installing: /home/yueju/led/install/pm_robot_control/share/pm_robot_control/local_setup.bash
-- Installing: /home/yueju/led/install/pm_robot_control/share/pm_robot_control/local_setup.sh
-- Installing: /home/yueju/led/install/pm_robot_control/share/pm_robot_control/local_setup.zsh
-- Installing: /home/yueju/led/install/pm_robot_control/share/pm_robot_control/local_setup.dsv
-- Installing: /home/yueju/led/install/pm_robot_control/share/pm_robot_control/package.dsv
-- Installing: /home/yueju/led/install/pm_robot_control/share/ament_index/resource_index/packages/pm_robot_control
-- Installing: /home/yueju/led/install/pm_robot_control/share/pm_robot_control/cmake/pm_robot_controlConfig.cmake
-- Installing: /home/yueju/led/install/pm_robot_control/share/pm_robot_control/cmake/pm_robot_controlConfig-version.cmake
-- Installing: /home/yueju/led/install/pm_robot_control/share/pm_robot_control/package.xml
