[0.009s] Invoking command in '/home/yueju/led/build/pm_robot_control': AMENT_PREFIX_PATH=/home/yueju/led/install/pm_client:/home/yueju/led/install/open62541:${AMENT_PREFIX_PATH} CMAKE_PREFIX_PATH=/home/yueju/led/install/pm_client:/home/yueju/led/install/open62541:/opt/ros/humble LD_LIBRARY_PATH=/home/yueju/led/install/pm_client/lib:/home/yueju/led/install/open62541/lib:${LD_LIBRARY_PATH} /usr/bin/cmake /home/yueju/led/match_pm_robot/pm_robot_control -DCMAKE_INSTALL_PREFIX=/home/yueju/led/install/pm_robot_control
[0.061s] -- The C compiler identification is GNU 11.3.0
[0.116s] -- The CXX compiler identification is GNU 11.3.0
[0.123s] -- Detecting C compiler ABI info
[0.187s] -- Detecting C compiler ABI info - done
[0.194s] -- Check for working C compiler: /usr/bin/cc - skipped
[0.194s] -- Detecting C compile features
[0.195s] -- Detecting C compile features - done
[0.197s] -- Detecting CXX compiler ABI info
[0.273s] -- Detecting CXX compiler ABI info - done
[0.280s] -- Check for working CXX compiler: /usr/bin/c++ - skipped
[0.280s] -- Detecting CXX compile features
[0.281s] -- Detecting CXX compile features - done
[0.284s] -- Found ament_cmake: 1.3.3 (/opt/ros/humble/share/ament_cmake/cmake)
[0.625s] -- Found Python3: /usr/bin/python3.10 (found version "3.10.6") found components: Interpreter 
[0.981s] -- Found rclcpp: 16.0.3 (/opt/ros/humble/share/rclcpp/cmake)
[1.696s] -- Found rosidl_generator_c: 3.1.4 (/opt/ros/humble/share/rosidl_generator_c/cmake)
[1.749s] -- Found rosidl_adapter: 3.1.4 (/opt/ros/humble/share/rosidl_adapter/cmake)
[1.817s] -- Found rosidl_generator_cpp: 3.1.4 (/opt/ros/humble/share/rosidl_generator_cpp/cmake)
[1.912s] -- Using all available rosidl_typesupport_c: rosidl_typesupport_fastrtps_c;rosidl_typesupport_introspection_c
[2.006s] -- Using all available rosidl_typesupport_cpp: rosidl_typesupport_fastrtps_cpp;rosidl_typesupport_introspection_cpp
[2.326s] -- Found rmw_implementation_cmake: 6.1.1 (/opt/ros/humble/share/rmw_implementation_cmake/cmake)
[2.355s] -- Found rmw_fastrtps_cpp: 6.2.2 (/opt/ros/humble/share/rmw_fastrtps_cpp/cmake)
[3.092s] -- Found OpenSSL: /usr/lib/x86_64-linux-gnu/libcrypto.so (found version "3.0.2")  
[3.156s] -- Found FastRTPS: /opt/ros/humble/include  
[3.206s] -- Using RMW implementation 'rmw_fastrtps_cpp' as default
[3.449s] -- Looking for pthread.h
[3.615s] -- Looking for pthread.h - found
[3.616s] -- Performing Test CMAKE_HAVE_LIBC_PTHREAD
[3.702s] -- Performing Test CMAKE_HAVE_LIBC_PTHREAD - Success
[3.703s] -- Found Threads: TRUE  
[4.053s] -- Found sensor_msgs: 4.2.3 (/opt/ros/humble/share/sensor_msgs/cmake)
[4.224s] -- Found pm_client: 0.0.0 (/home/yueju/led/install/pm_client/share/pm_client/cmake)
[4.291s] -- Configuring done
[4.325s] -- Generating done
[4.333s] -- Build files have been written to: /home/yueju/led/build/pm_robot_control
[4.350s] Invoked command in '/home/yueju/led/build/pm_robot_control' returned '0': AMENT_PREFIX_PATH=/home/yueju/led/install/pm_client:/home/yueju/led/install/open62541:${AMENT_PREFIX_PATH} CMAKE_PREFIX_PATH=/home/yueju/led/install/pm_client:/home/yueju/led/install/open62541:/opt/ros/humble LD_LIBRARY_PATH=/home/yueju/led/install/pm_client/lib:/home/yueju/led/install/open62541/lib:${LD_LIBRARY_PATH} /usr/bin/cmake /home/yueju/led/match_pm_robot/pm_robot_control -DCMAKE_INSTALL_PREFIX=/home/yueju/led/install/pm_robot_control
[4.352s] Invoking command in '/home/yueju/led/build/pm_robot_control': AMENT_PREFIX_PATH=/home/yueju/led/install/pm_client:/home/yueju/led/install/open62541:${AMENT_PREFIX_PATH} CMAKE_PREFIX_PATH=/home/yueju/led/install/pm_client:/home/yueju/led/install/open62541:/opt/ros/humble LD_LIBRARY_PATH=/home/yueju/led/install/pm_client/lib:/home/yueju/led/install/open62541/lib:${LD_LIBRARY_PATH} /usr/bin/cmake --build /home/yueju/led/build/pm_robot_control -- -j8 -l8
[4.400s] [ 50%] [32mBuilding CXX object CMakeFiles/controller.dir/src/main.cpp.o[0m
[5.213s] [100%] [32m[1mLinking CXX executable controller[0m
[6.096s] [100%] Built target controller
[6.106s] Invoked command in '/home/yueju/led/build/pm_robot_control' returned '0': AMENT_PREFIX_PATH=/home/yueju/led/install/pm_client:/home/yueju/led/install/open62541:${AMENT_PREFIX_PATH} CMAKE_PREFIX_PATH=/home/yueju/led/install/pm_client:/home/yueju/led/install/open62541:/opt/ros/humble LD_LIBRARY_PATH=/home/yueju/led/install/pm_client/lib:/home/yueju/led/install/open62541/lib:${LD_LIBRARY_PATH} /usr/bin/cmake --build /home/yueju/led/build/pm_robot_control -- -j8 -l8
[6.131s] Invoking command in '/home/yueju/led/build/pm_robot_control': AMENT_PREFIX_PATH=/home/yueju/led/install/pm_client:/home/yueju/led/install/open62541:${AMENT_PREFIX_PATH} CMAKE_PREFIX_PATH=/home/yueju/led/install/pm_client:/home/yueju/led/install/open62541:/opt/ros/humble LD_LIBRARY_PATH=/home/yueju/led/install/pm_client/lib:/home/yueju/led/install/open62541/lib:${LD_LIBRARY_PATH} /usr/bin/cmake --install /home/yueju/led/build/pm_robot_control
[6.138s] -- Install configuration: ""
[6.138s] -- Installing: /home/yueju/led/install/pm_robot_control/lib/pm_robot_control/controller
[6.141s] -- Set runtime path of "/home/yueju/led/install/pm_robot_control/lib/pm_robot_control/controller" to ""
[6.141s] -- Installing: /home/yueju/led/install/pm_robot_control/share/ament_index/resource_index/package_run_dependencies/pm_robot_control
[6.142s] -- Installing: /home/yueju/led/install/pm_robot_control/share/ament_index/resource_index/parent_prefix_path/pm_robot_control
[6.142s] -- Installing: /home/yueju/led/install/pm_robot_control/share/pm_robot_control/environment/ament_prefix_path.sh
[6.142s] -- Installing: /home/yueju/led/install/pm_robot_control/share/pm_robot_control/environment/ament_prefix_path.dsv
[6.142s] -- Installing: /home/yueju/led/install/pm_robot_control/share/pm_robot_control/environment/path.sh
[6.142s] -- Installing: /home/yueju/led/install/pm_robot_control/share/pm_robot_control/environment/path.dsv
[6.142s] -- Installing: /home/yueju/led/install/pm_robot_control/share/pm_robot_control/local_setup.bash
[6.143s] -- Installing: /home/yueju/led/install/pm_robot_control/share/pm_robot_control/local_setup.sh
[6.143s] -- Installing: /home/yueju/led/install/pm_robot_control/share/pm_robot_control/local_setup.zsh
[6.143s] -- Installing: /home/yueju/led/install/pm_robot_control/share/pm_robot_control/local_setup.dsv
[6.143s] -- Installing: /home/yueju/led/install/pm_robot_control/share/pm_robot_control/package.dsv
[6.143s] -- Installing: /home/yueju/led/install/pm_robot_control/share/ament_index/resource_index/packages/pm_robot_control
[6.143s] -- Installing: /home/yueju/led/install/pm_robot_control/share/pm_robot_control/cmake/pm_robot_controlConfig.cmake
[6.144s] -- Installing: /home/yueju/led/install/pm_robot_control/share/pm_robot_control/cmake/pm_robot_controlConfig-version.cmake
[6.144s] -- Installing: /home/yueju/led/install/pm_robot_control/share/pm_robot_control/package.xml
[6.146s] Invoked command in '/home/yueju/led/build/pm_robot_control' returned '0': AMENT_PREFIX_PATH=/home/yueju/led/install/pm_client:/home/yueju/led/install/open62541:${AMENT_PREFIX_PATH} CMAKE_PREFIX_PATH=/home/yueju/led/install/pm_client:/home/yueju/led/install/open62541:/opt/ros/humble LD_LIBRARY_PATH=/home/yueju/led/install/pm_client/lib:/home/yueju/led/install/open62541/lib:${LD_LIBRARY_PATH} /usr/bin/cmake --install /home/yueju/led/build/pm_robot_control
