[0.007s] Invoking command in '/home/pmlab/yueju2/build/pm_bringup': AMENT_PREFIX_PATH=/home/pmlab/yueju2/install/open_cv:${AMENT_PREFIX_PATH} CMAKE_PREFIX_PATH=${CMAKE_PREFIX_PATH}:/home/pmlab/pm_ros2_ws/install/pm_robot_control_test:/opt/ros/humble PYTHONPATH=/home/pmlab/yueju2/build/open_cv:/home/pmlab/yueju2/install/open_cv/lib/python3.10/site-packages:${PYTHONPATH} /usr/bin/cmake --build /home/pmlab/yueju2/build/pm_bringup -- -j16 -l16
[0.030s] Invoked command in '/home/pmlab/yueju2/build/pm_bringup' returned '0': AMENT_PREFIX_PATH=/home/pmlab/yueju2/install/open_cv:${AMENT_PREFIX_PATH} CMAKE_PREFIX_PATH=${CMAKE_PREFIX_PATH}:/home/pmlab/pm_ros2_ws/install/pm_robot_control_test:/opt/ros/humble PYTHONPATH=/home/pmlab/yueju2/build/open_cv:/home/pmlab/yueju2/install/open_cv/lib/python3.10/site-packages:${PYTHONPATH} /usr/bin/cmake --build /home/pmlab/yueju2/build/pm_bringup -- -j16 -l16
[0.050s] Invoking command in '/home/pmlab/yueju2/build/pm_bringup': AMENT_PREFIX_PATH=/home/pmlab/yueju2/install/open_cv:${AMENT_PREFIX_PATH} CMAKE_PREFIX_PATH=${CMAKE_PREFIX_PATH}:/home/pmlab/pm_ros2_ws/install/pm_robot_control_test:/opt/ros/humble PYTHONPATH=/home/pmlab/yueju2/build/open_cv:/home/pmlab/yueju2/install/open_cv/lib/python3.10/site-packages:${PYTHONPATH} /usr/bin/cmake --install /home/pmlab/yueju2/build/pm_bringup
[0.055s] -- Install configuration: ""
[0.055s] -- Execute custom install script
[0.055s] -- Up-to-date symlink: /home/pmlab/yueju2/install/pm_bringup/share/pm_bringup/launch/auto_calibrating.launch.py
[0.055s] -- Up-to-date symlink: /home/pmlab/yueju2/install/pm_bringup/share/ament_index/resource_index/package_run_dependencies/pm_bringup
[0.056s] -- Up-to-date symlink: /home/pmlab/yueju2/install/pm_bringup/share/ament_index/resource_index/parent_prefix_path/pm_bringup
[0.056s] -- Up-to-date symlink: /home/pmlab/yueju2/install/pm_bringup/share/pm_bringup/environment/ament_prefix_path.sh
[0.056s] -- Up-to-date symlink: /home/pmlab/yueju2/install/pm_bringup/share/pm_bringup/environment/ament_prefix_path.dsv
[0.056s] -- Up-to-date symlink: /home/pmlab/yueju2/install/pm_bringup/share/pm_bringup/environment/path.sh
[0.056s] -- Up-to-date symlink: /home/pmlab/yueju2/install/pm_bringup/share/pm_bringup/environment/path.dsv
[0.056s] -- Up-to-date symlink: /home/pmlab/yueju2/install/pm_bringup/share/pm_bringup/local_setup.bash
[0.056s] -- Up-to-date symlink: /home/pmlab/yueju2/install/pm_bringup/share/pm_bringup/local_setup.sh
[0.057s] -- Up-to-date symlink: /home/pmlab/yueju2/install/pm_bringup/share/pm_bringup/local_setup.zsh
[0.057s] -- Up-to-date symlink: /home/pmlab/yueju2/install/pm_bringup/share/pm_bringup/local_setup.dsv
[0.057s] -- Symlinking: /home/pmlab/yueju2/install/pm_bringup/share/pm_bringup/package.dsv
[0.062s] -- Up-to-date symlink: /home/pmlab/yueju2/install/pm_bringup/share/ament_index/resource_index/packages/pm_bringup
[0.062s] -- Up-to-date symlink: /home/pmlab/yueju2/install/pm_bringup/share/pm_bringup/cmake/pm_bringupConfig.cmake
[0.062s] -- Up-to-date symlink: /home/pmlab/yueju2/install/pm_bringup/share/pm_bringup/cmake/pm_bringupConfig-version.cmake
[0.063s] -- Up-to-date symlink: /home/pmlab/yueju2/install/pm_bringup/share/pm_bringup/package.xml
[0.065s] Invoked command in '/home/pmlab/yueju2/build/pm_bringup' returned '0': AMENT_PREFIX_PATH=/home/pmlab/yueju2/install/open_cv:${AMENT_PREFIX_PATH} CMAKE_PREFIX_PATH=${CMAKE_PREFIX_PATH}:/home/pmlab/pm_ros2_ws/install/pm_robot_control_test:/opt/ros/humble PYTHONPATH=/home/pmlab/yueju2/build/open_cv:/home/pmlab/yueju2/install/open_cv/lib/python3.10/site-packages:${PYTHONPATH} /usr/bin/cmake --install /home/pmlab/yueju2/build/pm_bringup
