[2.305s] Invoking command in '/home/yueju/led/open_cv': PYTHONPATH=/home/yueju/led/build/open_cv/prefix_override:/home/yueju/led/install/open_cv/lib/python3.10/site-packages:${PYTHONPATH} /usr/bin/python3 setup.py egg_info --egg-base ../build/open_cv build --build-base /home/yueju/led/build/open_cv/build install --record /home/yueju/led/build/open_cv/install.log --single-version-externally-managed
[2.494s] running egg_info
[2.507s] writing ../build/open_cv/open_cv.egg-info/PKG-INFO
[2.535s] writing dependency_links to ../build/open_cv/open_cv.egg-info/dependency_links.txt
[2.536s] writing requirements to ../build/open_cv/open_cv.egg-info/requires.txt
[2.536s] writing top-level names to ../build/open_cv/open_cv.egg-info/top_level.txt
[2.665s] reading manifest file '../build/open_cv/open_cv.egg-info/SOURCES.txt'
[2.670s] writing manifest file '../build/open_cv/open_cv.egg-info/SOURCES.txt'
[2.670s] running build
[2.670s] running build_py
[2.674s] copying open_cv/cv_node.py -> /home/yueju/led/build/open_cv/build/lib/open_cv
[2.688s] running install
[2.714s] /home/yueju/.local/lib/python3.10/site-packages/setuptools/command/install.py:34: SetuptoolsDeprecationWarning: setup.py install is deprecated. Use build and pip and other standards-based tools.
[2.715s]   warnings.warn(
[2.735s] running install_lib
[2.762s] copying /home/yueju/led/build/open_cv/build/lib/open_cv/cv_node.py -> /home/yueju/led/install/open_cv/lib/python3.10/site-packages/open_cv
[2.763s] byte-compiling /home/yueju/led/install/open_cv/lib/python3.10/site-packages/open_cv/cv_node.py to cv_node.cpython-310.pyc
[2.764s] running install_data
[2.779s] running install_egg_info
[2.793s] removing '/home/yueju/led/install/open_cv/lib/python3.10/site-packages/open_cv-0.0.0-py3.10.egg-info' (and everything under it)
[2.793s] Copying ../build/open_cv/open_cv.egg-info to /home/yueju/led/install/open_cv/lib/python3.10/site-packages/open_cv-0.0.0-py3.10.egg-info
[2.812s] running install_scripts
[2.976s] writing list of installed files to '/home/yueju/led/build/open_cv/install.log'
[3.012s] Invoked command in '/home/yueju/led/open_cv' returned '0': PYTHONPATH=/home/yueju/led/build/open_cv/prefix_override:/home/yueju/led/install/open_cv/lib/python3.10/site-packages:${PYTHONPATH} /usr/bin/python3 setup.py egg_info --egg-base ../build/open_cv build --build-base /home/yueju/led/build/open_cv/build install --record /home/yueju/led/build/open_cv/install.log --single-version-externally-managed
