[0.446s] DEBUG:colcon:Command line arguments: ['/usr/bin/colcon', 'build']
[0.446s] DEBUG:colcon:Parsed command line arguments: Namespace(log_base=None, log_level=None, verb_name='build', build_base='build', install_base='install', merge_install=False, symlink_install=False, test_result_base=None, continue_on_error=False, executor='parallel', parallel_workers=8, event_handlers=None, ignore_user_meta=False, metas=['./colcon.meta'], base_paths=['.'], packages_ignore=None, packages_ignore_regex=None, paths=None, packages_up_to=None, packages_up_to_regex=None, packages_above=None, packages_above_and_dependencies=None, packages_above_depth=None, packages_select_by_dep=None, packages_skip_by_dep=None, packages_skip_up_to=None, packages_select_build_failed=False, packages_skip_build_finished=False, packages_select_test_failures=False, packages_skip_test_passed=False, packages_select=None, packages_skip=None, packages_select_regex=None, packages_skip_regex=None, packages_start=None, packages_end=None, allow_overriding=[], cmake_args=None, cmake_target=None, cmake_target_skip_unavailable=False, cmake_clean_cache=False, cmake_clean_first=False, cmake_force_configure=False, ament_cmake_args=None, catkin_cmake_args=None, catkin_skip_building_tests=False, verb_parser=<colcon_defaults.argument_parser.defaults.DefaultArgumentsDecorator object at 0x7f4b3dbbaf50>, verb_extension=<colcon_core.verb.build.BuildVerb object at 0x7f4b3dd8cac0>, main=<bound method BuildVerb.main of <colcon_core.verb.build.BuildVerb object at 0x7f4b3dd8cac0>>)
[0.691s] Level 1:colcon.colcon_core.package_discovery:discover_packages(colcon_meta) check parameters
[0.691s] Level 1:colcon.colcon_core.package_discovery:discover_packages(recursive) check parameters
[0.691s] Level 1:colcon.colcon_core.package_discovery:discover_packages(ignore) check parameters
[0.691s] Level 1:colcon.colcon_core.package_discovery:discover_packages(path) check parameters
[0.691s] Level 1:colcon.colcon_core.package_discovery:discover_packages(colcon_meta) discover
[0.691s] Level 1:colcon.colcon_core.package_discovery:discover_packages(recursive) discover
[0.691s] INFO:colcon.colcon_core.package_discovery:Crawling recursively for packages in '/home/yueju/led'
[0.691s] Level 1:colcon.colcon_core.package_identification:_identify(.) by extensions ['ignore', 'ignore_ament_install']
[0.692s] Level 1:colcon.colcon_core.package_identification:_identify(.) by extension 'ignore'
[0.692s] Level 1:colcon.colcon_core.package_identification:_identify(.) by extension 'ignore_ament_install'
[0.692s] Level 1:colcon.colcon_core.package_identification:_identify(.) by extensions ['colcon_pkg']
[0.692s] Level 1:colcon.colcon_core.package_identification:_identify(.) by extension 'colcon_pkg'
[0.692s] Level 1:colcon.colcon_core.package_identification:_identify(.) by extensions ['colcon_meta']
[0.692s] Level 1:colcon.colcon_core.package_identification:_identify(.) by extension 'colcon_meta'
[0.692s] Level 1:colcon.colcon_core.package_identification:_identify(.) by extensions ['ros']
[0.692s] Level 1:colcon.colcon_core.package_identification:_identify(.) by extension 'ros'
[0.712s] Level 1:colcon.colcon_core.package_identification:_identify(.) by extensions ['cmake', 'python']
[0.712s] Level 1:colcon.colcon_core.package_identification:_identify(.) by extension 'cmake'
[0.712s] Level 1:colcon.colcon_core.package_identification:_identify(.) by extension 'python'
[0.712s] Level 1:colcon.colcon_core.package_identification:_identify(.) by extensions ['python_setup_py']
[0.713s] Level 1:colcon.colcon_core.package_identification:_identify(.) by extension 'python_setup_py'
[0.713s] Level 1:colcon.colcon_core.package_identification:_identify(build) by extensions ['ignore', 'ignore_ament_install']
[0.713s] Level 1:colcon.colcon_core.package_identification:_identify(build) by extension 'ignore'
[0.713s] Level 1:colcon.colcon_core.package_identification:_identify(build) ignored
[0.713s] Level 1:colcon.colcon_core.package_identification:_identify(install) by extensions ['ignore', 'ignore_ament_install']
[0.713s] Level 1:colcon.colcon_core.package_identification:_identify(install) by extension 'ignore'
[0.714s] Level 1:colcon.colcon_core.package_identification:_identify(install) ignored
[0.714s] Level 1:colcon.colcon_core.package_identification:_identify(log) by extensions ['ignore', 'ignore_ament_install']
[0.714s] Level 1:colcon.colcon_core.package_identification:_identify(log) by extension 'ignore'
[0.714s] Level 1:colcon.colcon_core.package_identification:_identify(log) ignored
[0.714s] Level 1:colcon.colcon_core.package_identification:_identify(match_pm_robot) by extensions ['ignore', 'ignore_ament_install']
[0.714s] Level 1:colcon.colcon_core.package_identification:_identify(match_pm_robot) by extension 'ignore'
[0.714s] Level 1:colcon.colcon_core.package_identification:_identify(match_pm_robot) by extension 'ignore_ament_install'
[0.715s] Level 1:colcon.colcon_core.package_identification:_identify(match_pm_robot) by extensions ['colcon_pkg']
[0.715s] Level 1:colcon.colcon_core.package_identification:_identify(match_pm_robot) by extension 'colcon_pkg'
[0.715s] Level 1:colcon.colcon_core.package_identification:_identify(match_pm_robot) by extensions ['colcon_meta']
[0.715s] Level 1:colcon.colcon_core.package_identification:_identify(match_pm_robot) by extension 'colcon_meta'
[0.715s] Level 1:colcon.colcon_core.package_identification:_identify(match_pm_robot) by extensions ['ros']
[0.715s] Level 1:colcon.colcon_core.package_identification:_identify(match_pm_robot) by extension 'ros'
[0.715s] Level 1:colcon.colcon_core.package_identification:_identify(match_pm_robot) by extensions ['cmake', 'python']
[0.715s] Level 1:colcon.colcon_core.package_identification:_identify(match_pm_robot) by extension 'cmake'
[0.715s] Level 1:colcon.colcon_core.package_identification:_identify(match_pm_robot) by extension 'python'
[0.715s] Level 1:colcon.colcon_core.package_identification:_identify(match_pm_robot) by extensions ['python_setup_py']
[0.715s] Level 1:colcon.colcon_core.package_identification:_identify(match_pm_robot) by extension 'python_setup_py'
[0.716s] Level 1:colcon.colcon_core.package_identification:_identify(match_pm_robot/opcua_server) by extensions ['ignore', 'ignore_ament_install']
[0.716s] Level 1:colcon.colcon_core.package_identification:_identify(match_pm_robot/opcua_server) by extension 'ignore'
[0.716s] Level 1:colcon.colcon_core.package_identification:_identify(match_pm_robot/opcua_server) by extension 'ignore_ament_install'
[0.716s] Level 1:colcon.colcon_core.package_identification:_identify(match_pm_robot/opcua_server) by extensions ['colcon_pkg']
[0.716s] Level 1:colcon.colcon_core.package_identification:_identify(match_pm_robot/opcua_server) by extension 'colcon_pkg'
[0.716s] Level 1:colcon.colcon_core.package_identification:_identify(match_pm_robot/opcua_server) by extensions ['colcon_meta']
[0.716s] Level 1:colcon.colcon_core.package_identification:_identify(match_pm_robot/opcua_server) by extension 'colcon_meta'
[0.716s] Level 1:colcon.colcon_core.package_identification:_identify(match_pm_robot/opcua_server) by extensions ['ros']
[0.716s] Level 1:colcon.colcon_core.package_identification:_identify(match_pm_robot/opcua_server) by extension 'ros'
[0.721s] DEBUG:colcon.colcon_core.package_identification:Package 'match_pm_robot/opcua_server' with type 'ros.ament_cmake' and name 'opcua_server'
[0.721s] Level 1:colcon.colcon_core.package_identification:_identify(match_pm_robot/open62541) by extensions ['ignore', 'ignore_ament_install']
[0.721s] Level 1:colcon.colcon_core.package_identification:_identify(match_pm_robot/open62541) by extension 'ignore'
[0.721s] Level 1:colcon.colcon_core.package_identification:_identify(match_pm_robot/open62541) by extension 'ignore_ament_install'
[0.721s] Level 1:colcon.colcon_core.package_identification:_identify(match_pm_robot/open62541) by extensions ['colcon_pkg']
[0.721s] Level 1:colcon.colcon_core.package_identification:_identify(match_pm_robot/open62541) by extension 'colcon_pkg'
[0.722s] Level 1:colcon.colcon_core.package_identification:_identify(match_pm_robot/open62541) by extensions ['colcon_meta']
[0.722s] Level 1:colcon.colcon_core.package_identification:_identify(match_pm_robot/open62541) by extension 'colcon_meta'
[0.722s] Level 1:colcon.colcon_core.package_identification:_identify(match_pm_robot/open62541) by extensions ['ros']
[0.722s] Level 1:colcon.colcon_core.package_identification:_identify(match_pm_robot/open62541) by extension 'ros'
[0.723s] DEBUG:colcon.colcon_core.package_identification:Package 'match_pm_robot/open62541' with type 'ros.ament_cmake' and name 'open62541'
[0.723s] Level 1:colcon.colcon_core.package_identification:_identify(match_pm_robot/pm_client) by extensions ['ignore', 'ignore_ament_install']
[0.723s] Level 1:colcon.colcon_core.package_identification:_identify(match_pm_robot/pm_client) by extension 'ignore'
[0.723s] Level 1:colcon.colcon_core.package_identification:_identify(match_pm_robot/pm_client) by extension 'ignore_ament_install'
[0.723s] Level 1:colcon.colcon_core.package_identification:_identify(match_pm_robot/pm_client) by extensions ['colcon_pkg']
[0.723s] Level 1:colcon.colcon_core.package_identification:_identify(match_pm_robot/pm_client) by extension 'colcon_pkg'
[0.723s] Level 1:colcon.colcon_core.package_identification:_identify(match_pm_robot/pm_client) by extensions ['colcon_meta']
[0.724s] Level 1:colcon.colcon_core.package_identification:_identify(match_pm_robot/pm_client) by extension 'colcon_meta'
[0.724s] Level 1:colcon.colcon_core.package_identification:_identify(match_pm_robot/pm_client) by extensions ['ros']
[0.724s] Level 1:colcon.colcon_core.package_identification:_identify(match_pm_robot/pm_client) by extension 'ros'
[0.725s] DEBUG:colcon.colcon_core.package_identification:Package 'match_pm_robot/pm_client' with type 'ros.ament_cmake' and name 'pm_client'
[0.725s] Level 1:colcon.colcon_core.package_identification:_identify(match_pm_robot/pm_robot_control) by extensions ['ignore', 'ignore_ament_install']
[0.725s] Level 1:colcon.colcon_core.package_identification:_identify(match_pm_robot/pm_robot_control) by extension 'ignore'
[0.725s] Level 1:colcon.colcon_core.package_identification:_identify(match_pm_robot/pm_robot_control) by extension 'ignore_ament_install'
[0.725s] Level 1:colcon.colcon_core.package_identification:_identify(match_pm_robot/pm_robot_control) by extensions ['colcon_pkg']
[0.725s] Level 1:colcon.colcon_core.package_identification:_identify(match_pm_robot/pm_robot_control) by extension 'colcon_pkg'
[0.725s] Level 1:colcon.colcon_core.package_identification:_identify(match_pm_robot/pm_robot_control) by extensions ['colcon_meta']
[0.726s] Level 1:colcon.colcon_core.package_identification:_identify(match_pm_robot/pm_robot_control) by extension 'colcon_meta'
[0.726s] Level 1:colcon.colcon_core.package_identification:_identify(match_pm_robot/pm_robot_control) by extensions ['ros']
[0.726s] Level 1:colcon.colcon_core.package_identification:_identify(match_pm_robot/pm_robot_control) by extension 'ros'
[0.727s] DEBUG:colcon.colcon_core.package_identification:Package 'match_pm_robot/pm_robot_control' with type 'ros.ament_cmake' and name 'pm_robot_control'
[0.727s] Level 1:colcon.colcon_core.package_identification:_identify(match_pm_robot/pm_robot_control_test) by extensions ['ignore', 'ignore_ament_install']
[0.727s] Level 1:colcon.colcon_core.package_identification:_identify(match_pm_robot/pm_robot_control_test) by extension 'ignore'
[0.727s] Level 1:colcon.colcon_core.package_identification:_identify(match_pm_robot/pm_robot_control_test) by extension 'ignore_ament_install'
[0.727s] Level 1:colcon.colcon_core.package_identification:_identify(match_pm_robot/pm_robot_control_test) by extensions ['colcon_pkg']
[0.727s] Level 1:colcon.colcon_core.package_identification:_identify(match_pm_robot/pm_robot_control_test) by extension 'colcon_pkg'
[0.727s] Level 1:colcon.colcon_core.package_identification:_identify(match_pm_robot/pm_robot_control_test) by extensions ['colcon_meta']
[0.727s] Level 1:colcon.colcon_core.package_identification:_identify(match_pm_robot/pm_robot_control_test) by extension 'colcon_meta'
[0.728s] Level 1:colcon.colcon_core.package_identification:_identify(match_pm_robot/pm_robot_control_test) by extensions ['ros']
[0.728s] Level 1:colcon.colcon_core.package_identification:_identify(match_pm_robot/pm_robot_control_test) by extension 'ros'
[0.729s] DEBUG:colcon.colcon_core.package_identification:Package 'match_pm_robot/pm_robot_control_test' with type 'ros.ament_python' and name 'pm_robot_control_test'
[0.729s] Level 1:colcon.colcon_core.package_identification:_identify(match_pm_robot/pm_robot_description) by extensions ['ignore', 'ignore_ament_install']
[0.729s] Level 1:colcon.colcon_core.package_identification:_identify(match_pm_robot/pm_robot_description) by extension 'ignore'
[0.729s] Level 1:colcon.colcon_core.package_identification:_identify(match_pm_robot/pm_robot_description) by extension 'ignore_ament_install'
[0.729s] Level 1:colcon.colcon_core.package_identification:_identify(match_pm_robot/pm_robot_description) by extensions ['colcon_pkg']
[0.729s] Level 1:colcon.colcon_core.package_identification:_identify(match_pm_robot/pm_robot_description) by extension 'colcon_pkg'
[0.729s] Level 1:colcon.colcon_core.package_identification:_identify(match_pm_robot/pm_robot_description) by extensions ['colcon_meta']
[0.729s] Level 1:colcon.colcon_core.package_identification:_identify(match_pm_robot/pm_robot_description) by extension 'colcon_meta'
[0.730s] Level 1:colcon.colcon_core.package_identification:_identify(match_pm_robot/pm_robot_description) by extensions ['ros']
[0.730s] Level 1:colcon.colcon_core.package_identification:_identify(match_pm_robot/pm_robot_description) by extension 'ros'
[0.731s] DEBUG:colcon.colcon_core.package_identification:Package 'match_pm_robot/pm_robot_description' with type 'ros.ament_cmake' and name 'pm_robot_description'
[0.731s] Level 1:colcon.colcon_core.package_identification:_identify(match_pm_robot/pm_robot_moveit_config) by extensions ['ignore', 'ignore_ament_install']
[0.731s] Level 1:colcon.colcon_core.package_identification:_identify(match_pm_robot/pm_robot_moveit_config) by extension 'ignore'
[0.731s] Level 1:colcon.colcon_core.package_identification:_identify(match_pm_robot/pm_robot_moveit_config) by extension 'ignore_ament_install'
[0.731s] Level 1:colcon.colcon_core.package_identification:_identify(match_pm_robot/pm_robot_moveit_config) by extensions ['colcon_pkg']
[0.731s] Level 1:colcon.colcon_core.package_identification:_identify(match_pm_robot/pm_robot_moveit_config) by extension 'colcon_pkg'
[0.731s] Level 1:colcon.colcon_core.package_identification:_identify(match_pm_robot/pm_robot_moveit_config) by extensions ['colcon_meta']
[0.731s] Level 1:colcon.colcon_core.package_identification:_identify(match_pm_robot/pm_robot_moveit_config) by extension 'colcon_meta'
[0.731s] Level 1:colcon.colcon_core.package_identification:_identify(match_pm_robot/pm_robot_moveit_config) by extensions ['ros']
[0.732s] Level 1:colcon.colcon_core.package_identification:_identify(match_pm_robot/pm_robot_moveit_config) by extension 'ros'
[0.733s] DEBUG:colcon.colcon_core.package_identification:Package 'match_pm_robot/pm_robot_moveit_config' with type 'ros.ament_cmake' and name 'pm_robot_moveit_config'
[0.733s] Level 1:colcon.colcon_core.package_identification:_identify(match_pm_robot/pm_robot_submodules) by extensions ['ignore', 'ignore_ament_install']
[0.734s] Level 1:colcon.colcon_core.package_identification:_identify(match_pm_robot/pm_robot_submodules) by extension 'ignore'
[0.734s] Level 1:colcon.colcon_core.package_identification:_identify(match_pm_robot/pm_robot_submodules) by extension 'ignore_ament_install'
[0.734s] Level 1:colcon.colcon_core.package_identification:_identify(match_pm_robot/pm_robot_submodules) by extensions ['colcon_pkg']
[0.734s] Level 1:colcon.colcon_core.package_identification:_identify(match_pm_robot/pm_robot_submodules) by extension 'colcon_pkg'
[0.734s] Level 1:colcon.colcon_core.package_identification:_identify(match_pm_robot/pm_robot_submodules) by extensions ['colcon_meta']
[0.734s] Level 1:colcon.colcon_core.package_identification:_identify(match_pm_robot/pm_robot_submodules) by extension 'colcon_meta'
[0.734s] Level 1:colcon.colcon_core.package_identification:_identify(match_pm_robot/pm_robot_submodules) by extensions ['ros']
[0.734s] Level 1:colcon.colcon_core.package_identification:_identify(match_pm_robot/pm_robot_submodules) by extension 'ros'
[0.735s] Level 1:colcon.colcon_core.package_identification:_identify(match_pm_robot/pm_robot_submodules) by extensions ['cmake', 'python']
[0.735s] Level 1:colcon.colcon_core.package_identification:_identify(match_pm_robot/pm_robot_submodules) by extension 'cmake'
[0.735s] Level 1:colcon.colcon_core.package_identification:_identify(match_pm_robot/pm_robot_submodules) by extension 'python'
[0.735s] Level 1:colcon.colcon_core.package_identification:_identify(match_pm_robot/pm_robot_submodules) by extensions ['python_setup_py']
[0.735s] Level 1:colcon.colcon_core.package_identification:_identify(match_pm_robot/pm_robot_submodules) by extension 'python_setup_py'
[0.735s] Level 1:colcon.colcon_core.package_identification:_identify(match_pm_robot/pm_robot_submodules/image_common) by extensions ['ignore', 'ignore_ament_install']
[0.735s] Level 1:colcon.colcon_core.package_identification:_identify(match_pm_robot/pm_robot_submodules/image_common) by extension 'ignore'
[0.735s] Level 1:colcon.colcon_core.package_identification:_identify(match_pm_robot/pm_robot_submodules/image_common) by extension 'ignore_ament_install'
[0.735s] Level 1:colcon.colcon_core.package_identification:_identify(match_pm_robot/pm_robot_submodules/image_common) by extensions ['colcon_pkg']
[0.735s] Level 1:colcon.colcon_core.package_identification:_identify(match_pm_robot/pm_robot_submodules/image_common) by extension 'colcon_pkg'
[0.735s] Level 1:colcon.colcon_core.package_identification:_identify(match_pm_robot/pm_robot_submodules/image_common) by extensions ['colcon_meta']
[0.735s] Level 1:colcon.colcon_core.package_identification:_identify(match_pm_robot/pm_robot_submodules/image_common) by extension 'colcon_meta'
[0.736s] Level 1:colcon.colcon_core.package_identification:_identify(match_pm_robot/pm_robot_submodules/image_common) by extensions ['ros']
[0.736s] Level 1:colcon.colcon_core.package_identification:_identify(match_pm_robot/pm_robot_submodules/image_common) by extension 'ros'
[0.736s] Level 1:colcon.colcon_core.package_identification:_identify(match_pm_robot/pm_robot_submodules/image_common) by extensions ['cmake', 'python']
[0.736s] Level 1:colcon.colcon_core.package_identification:_identify(match_pm_robot/pm_robot_submodules/image_common) by extension 'cmake'
[0.736s] Level 1:colcon.colcon_core.package_identification:_identify(match_pm_robot/pm_robot_submodules/image_common) by extension 'python'
[0.736s] Level 1:colcon.colcon_core.package_identification:_identify(match_pm_robot/pm_robot_submodules/image_common) by extensions ['python_setup_py']
[0.736s] Level 1:colcon.colcon_core.package_identification:_identify(match_pm_robot/pm_robot_submodules/image_common) by extension 'python_setup_py'
[0.736s] Level 1:colcon.colcon_core.package_identification:_identify(match_pm_robot/pm_robot_submodules/pylon-ros-camera) by extensions ['ignore', 'ignore_ament_install']
[0.736s] Level 1:colcon.colcon_core.package_identification:_identify(match_pm_robot/pm_robot_submodules/pylon-ros-camera) by extension 'ignore'
[0.736s] Level 1:colcon.colcon_core.package_identification:_identify(match_pm_robot/pm_robot_submodules/pylon-ros-camera) by extension 'ignore_ament_install'
[0.736s] Level 1:colcon.colcon_core.package_identification:_identify(match_pm_robot/pm_robot_submodules/pylon-ros-camera) by extensions ['colcon_pkg']
[0.736s] Level 1:colcon.colcon_core.package_identification:_identify(match_pm_robot/pm_robot_submodules/pylon-ros-camera) by extension 'colcon_pkg'
[0.736s] Level 1:colcon.colcon_core.package_identification:_identify(match_pm_robot/pm_robot_submodules/pylon-ros-camera) by extensions ['colcon_meta']
[0.736s] Level 1:colcon.colcon_core.package_identification:_identify(match_pm_robot/pm_robot_submodules/pylon-ros-camera) by extension 'colcon_meta'
[0.736s] Level 1:colcon.colcon_core.package_identification:_identify(match_pm_robot/pm_robot_submodules/pylon-ros-camera) by extensions ['ros']
[0.736s] Level 1:colcon.colcon_core.package_identification:_identify(match_pm_robot/pm_robot_submodules/pylon-ros-camera) by extension 'ros'
[0.736s] Level 1:colcon.colcon_core.package_identification:_identify(match_pm_robot/pm_robot_submodules/pylon-ros-camera) by extensions ['cmake', 'python']
[0.737s] Level 1:colcon.colcon_core.package_identification:_identify(match_pm_robot/pm_robot_submodules/pylon-ros-camera) by extension 'cmake'
[0.737s] Level 1:colcon.colcon_core.package_identification:_identify(match_pm_robot/pm_robot_submodules/pylon-ros-camera) by extension 'python'
[0.737s] Level 1:colcon.colcon_core.package_identification:_identify(match_pm_robot/pm_robot_submodules/pylon-ros-camera) by extensions ['python_setup_py']
[0.737s] Level 1:colcon.colcon_core.package_identification:_identify(match_pm_robot/pm_robot_submodules/pylon-ros-camera) by extension 'python_setup_py'
[0.737s] Level 1:colcon.colcon_core.package_identification:_identify(open_cv) by extensions ['ignore', 'ignore_ament_install']
[0.737s] Level 1:colcon.colcon_core.package_identification:_identify(open_cv) by extension 'ignore'
[0.737s] Level 1:colcon.colcon_core.package_identification:_identify(open_cv) by extension 'ignore_ament_install'
[0.737s] Level 1:colcon.colcon_core.package_identification:_identify(open_cv) by extensions ['colcon_pkg']
[0.737s] Level 1:colcon.colcon_core.package_identification:_identify(open_cv) by extension 'colcon_pkg'
[0.737s] Level 1:colcon.colcon_core.package_identification:_identify(open_cv) by extensions ['colcon_meta']
[0.737s] Level 1:colcon.colcon_core.package_identification:_identify(open_cv) by extension 'colcon_meta'
[0.737s] Level 1:colcon.colcon_core.package_identification:_identify(open_cv) by extensions ['ros']
[0.737s] Level 1:colcon.colcon_core.package_identification:_identify(open_cv) by extension 'ros'
[0.739s] DEBUG:colcon.colcon_core.package_identification:Package 'open_cv' with type 'ros.ament_python' and name 'open_cv'
[0.739s] Level 1:colcon.colcon_core.package_identification:_identify(src) by extensions ['ignore', 'ignore_ament_install']
[0.739s] Level 1:colcon.colcon_core.package_identification:_identify(src) by extension 'ignore'
[0.739s] Level 1:colcon.colcon_core.package_identification:_identify(src) by extension 'ignore_ament_install'
[0.739s] Level 1:colcon.colcon_core.package_identification:_identify(src) by extensions ['colcon_pkg']
[0.739s] Level 1:colcon.colcon_core.package_identification:_identify(src) by extension 'colcon_pkg'
[0.740s] Level 1:colcon.colcon_core.package_identification:_identify(src) by extensions ['colcon_meta']
[0.740s] Level 1:colcon.colcon_core.package_identification:_identify(src) by extension 'colcon_meta'
[0.740s] Level 1:colcon.colcon_core.package_identification:_identify(src) by extensions ['ros']
[0.740s] Level 1:colcon.colcon_core.package_identification:_identify(src) by extension 'ros'
[0.740s] Level 1:colcon.colcon_core.package_identification:_identify(src) by extensions ['cmake', 'python']
[0.740s] Level 1:colcon.colcon_core.package_identification:_identify(src) by extension 'cmake'
[0.740s] Level 1:colcon.colcon_core.package_identification:_identify(src) by extension 'python'
[0.740s] Level 1:colcon.colcon_core.package_identification:_identify(src) by extensions ['python_setup_py']
[0.740s] Level 1:colcon.colcon_core.package_identification:_identify(src) by extension 'python_setup_py'
[0.740s] Level 1:colcon.colcon_core.package_identification:_identify(src/battery_node) by extensions ['ignore', 'ignore_ament_install']
[0.741s] Level 1:colcon.colcon_core.package_identification:_identify(src/battery_node) by extension 'ignore'
[0.741s] Level 1:colcon.colcon_core.package_identification:_identify(src/battery_node) by extension 'ignore_ament_install'
[0.741s] Level 1:colcon.colcon_core.package_identification:_identify(src/battery_node) by extensions ['colcon_pkg']
[0.741s] Level 1:colcon.colcon_core.package_identification:_identify(src/battery_node) by extension 'colcon_pkg'
[0.741s] Level 1:colcon.colcon_core.package_identification:_identify(src/battery_node) by extensions ['colcon_meta']
[0.741s] Level 1:colcon.colcon_core.package_identification:_identify(src/battery_node) by extension 'colcon_meta'
[0.741s] Level 1:colcon.colcon_core.package_identification:_identify(src/battery_node) by extensions ['ros']
[0.741s] Level 1:colcon.colcon_core.package_identification:_identify(src/battery_node) by extension 'ros'
[0.741s] Level 1:colcon.colcon_core.package_identification:_identify(src/battery_node) by extensions ['cmake', 'python']
[0.741s] Level 1:colcon.colcon_core.package_identification:_identify(src/battery_node) by extension 'cmake'
[0.742s] Level 1:colcon.colcon_core.package_identification:_identify(src/battery_node) by extension 'python'
[0.742s] Level 1:colcon.colcon_core.package_identification:_identify(src/battery_node) by extensions ['python_setup_py']
[0.742s] Level 1:colcon.colcon_core.package_identification:_identify(src/battery_node) by extension 'python_setup_py'
[0.742s] Level 1:colcon.colcon_core.package_identification:_identify(src/battery_node/battery_node) by extensions ['ignore', 'ignore_ament_install']
[0.742s] Level 1:colcon.colcon_core.package_identification:_identify(src/battery_node/battery_node) by extension 'ignore'
[0.742s] Level 1:colcon.colcon_core.package_identification:_identify(src/battery_node/battery_node) by extension 'ignore_ament_install'
[0.742s] Level 1:colcon.colcon_core.package_identification:_identify(src/battery_node/battery_node) by extensions ['colcon_pkg']
[0.742s] Level 1:colcon.colcon_core.package_identification:_identify(src/battery_node/battery_node) by extension 'colcon_pkg'
[0.742s] Level 1:colcon.colcon_core.package_identification:_identify(src/battery_node/battery_node) by extensions ['colcon_meta']
[0.742s] Level 1:colcon.colcon_core.package_identification:_identify(src/battery_node/battery_node) by extension 'colcon_meta'
[0.743s] Level 1:colcon.colcon_core.package_identification:_identify(src/battery_node/battery_node) by extensions ['ros']
[0.743s] Level 1:colcon.colcon_core.package_identification:_identify(src/battery_node/battery_node) by extension 'ros'
[0.743s] Level 1:colcon.colcon_core.package_identification:_identify(src/battery_node/battery_node) by extensions ['cmake', 'python']
[0.743s] Level 1:colcon.colcon_core.package_identification:_identify(src/battery_node/battery_node) by extension 'cmake'
[0.743s] Level 1:colcon.colcon_core.package_identification:_identify(src/battery_node/battery_node) by extension 'python'
[0.743s] Level 1:colcon.colcon_core.package_identification:_identify(src/battery_node/battery_node) by extensions ['python_setup_py']
[0.743s] Level 1:colcon.colcon_core.package_identification:_identify(src/battery_node/battery_node) by extension 'python_setup_py'
[0.743s] Level 1:colcon.colcon_core.package_discovery:discover_packages(recursive) using defaults
[0.743s] Level 1:colcon.colcon_core.package_discovery:discover_packages(ignore) discover
[0.743s] Level 1:colcon.colcon_core.package_discovery:discover_packages(ignore) using defaults
[0.743s] Level 1:colcon.colcon_core.package_discovery:discover_packages(path) discover
[0.743s] Level 1:colcon.colcon_core.package_discovery:discover_packages(path) using defaults
[0.792s] Level 1:colcon.colcon_core.package_discovery:discover_packages(prefix_path) check parameters
[0.792s] Level 1:colcon.colcon_core.package_discovery:discover_packages(prefix_path) discover
[0.798s] DEBUG:colcon.colcon_installed_package_information.package_discovery:Found 321 installed packages in /opt/ros/humble
[0.800s] Level 1:colcon.colcon_core.package_discovery:discover_packages(prefix_path) using defaults
[0.876s] Level 5:colcon.colcon_core.verb:set package 'opcua_server' build argument 'cmake_args' from command line to 'None'
[0.876s] Level 5:colcon.colcon_core.verb:set package 'opcua_server' build argument 'cmake_target' from command line to 'None'
[0.876s] Level 5:colcon.colcon_core.verb:set package 'opcua_server' build argument 'cmake_target_skip_unavailable' from command line to 'False'
[0.876s] Level 5:colcon.colcon_core.verb:set package 'opcua_server' build argument 'cmake_clean_cache' from command line to 'False'
[0.876s] Level 5:colcon.colcon_core.verb:set package 'opcua_server' build argument 'cmake_clean_first' from command line to 'False'
[0.876s] Level 5:colcon.colcon_core.verb:set package 'opcua_server' build argument 'cmake_force_configure' from command line to 'False'
[0.876s] Level 5:colcon.colcon_core.verb:set package 'opcua_server' build argument 'ament_cmake_args' from command line to 'None'
[0.876s] Level 5:colcon.colcon_core.verb:set package 'opcua_server' build argument 'catkin_cmake_args' from command line to 'None'
[0.876s] Level 5:colcon.colcon_core.verb:set package 'opcua_server' build argument 'catkin_skip_building_tests' from command line to 'False'
[0.876s] DEBUG:colcon.colcon_core.verb:Building package 'opcua_server' with the following arguments: {'ament_cmake_args': None, 'build_base': '/home/yueju/led/build/opcua_server', 'catkin_cmake_args': None, 'catkin_skip_building_tests': False, 'cmake_args': None, 'cmake_clean_cache': False, 'cmake_clean_first': False, 'cmake_force_configure': False, 'cmake_target': None, 'cmake_target_skip_unavailable': False, 'install_base': '/home/yueju/led/install/opcua_server', 'merge_install': False, 'path': '/home/yueju/led/match_pm_robot/opcua_server', 'symlink_install': False, 'test_result_base': None}
[0.877s] Level 5:colcon.colcon_core.verb:set package 'open62541' build argument 'cmake_args' from command line to 'None'
[0.877s] Level 5:colcon.colcon_core.verb:set package 'open62541' build argument 'cmake_target' from command line to 'None'
[0.877s] Level 5:colcon.colcon_core.verb:set package 'open62541' build argument 'cmake_target_skip_unavailable' from command line to 'False'
[0.877s] Level 5:colcon.colcon_core.verb:set package 'open62541' build argument 'cmake_clean_cache' from command line to 'False'
[0.877s] Level 5:colcon.colcon_core.verb:set package 'open62541' build argument 'cmake_clean_first' from command line to 'False'
[0.878s] Level 5:colcon.colcon_core.verb:set package 'open62541' build argument 'cmake_force_configure' from command line to 'False'
[0.878s] Level 5:colcon.colcon_core.verb:set package 'open62541' build argument 'ament_cmake_args' from command line to 'None'
[0.878s] Level 5:colcon.colcon_core.verb:set package 'open62541' build argument 'catkin_cmake_args' from command line to 'None'
[0.878s] Level 5:colcon.colcon_core.verb:set package 'open62541' build argument 'catkin_skip_building_tests' from command line to 'False'
[0.878s] DEBUG:colcon.colcon_core.verb:Building package 'open62541' with the following arguments: {'ament_cmake_args': None, 'build_base': '/home/yueju/led/build/open62541', 'catkin_cmake_args': None, 'catkin_skip_building_tests': False, 'cmake_args': None, 'cmake_clean_cache': False, 'cmake_clean_first': False, 'cmake_force_configure': False, 'cmake_target': None, 'cmake_target_skip_unavailable': False, 'install_base': '/home/yueju/led/install/open62541', 'merge_install': False, 'path': '/home/yueju/led/match_pm_robot/open62541', 'symlink_install': False, 'test_result_base': None}
[0.879s] Level 5:colcon.colcon_core.verb:set package 'open_cv' build argument 'cmake_args' from command line to 'None'
[0.879s] Level 5:colcon.colcon_core.verb:set package 'open_cv' build argument 'cmake_target' from command line to 'None'
[0.879s] Level 5:colcon.colcon_core.verb:set package 'open_cv' build argument 'cmake_target_skip_unavailable' from command line to 'False'
[0.879s] Level 5:colcon.colcon_core.verb:set package 'open_cv' build argument 'cmake_clean_cache' from command line to 'False'
[0.879s] Level 5:colcon.colcon_core.verb:set package 'open_cv' build argument 'cmake_clean_first' from command line to 'False'
[0.879s] Level 5:colcon.colcon_core.verb:set package 'open_cv' build argument 'cmake_force_configure' from command line to 'False'
[0.879s] Level 5:colcon.colcon_core.verb:set package 'open_cv' build argument 'ament_cmake_args' from command line to 'None'
[0.879s] Level 5:colcon.colcon_core.verb:set package 'open_cv' build argument 'catkin_cmake_args' from command line to 'None'
[0.879s] Level 5:colcon.colcon_core.verb:set package 'open_cv' build argument 'catkin_skip_building_tests' from command line to 'False'
[0.879s] DEBUG:colcon.colcon_core.verb:Building package 'open_cv' with the following arguments: {'ament_cmake_args': None, 'build_base': '/home/yueju/led/build/open_cv', 'catkin_cmake_args': None, 'catkin_skip_building_tests': False, 'cmake_args': None, 'cmake_clean_cache': False, 'cmake_clean_first': False, 'cmake_force_configure': False, 'cmake_target': None, 'cmake_target_skip_unavailable': False, 'install_base': '/home/yueju/led/install/open_cv', 'merge_install': False, 'path': '/home/yueju/led/open_cv', 'symlink_install': False, 'test_result_base': None}
[0.880s] Level 5:colcon.colcon_core.verb:set package 'pm_robot_control_test' build argument 'cmake_args' from command line to 'None'
[0.880s] Level 5:colcon.colcon_core.verb:set package 'pm_robot_control_test' build argument 'cmake_target' from command line to 'None'
[0.880s] Level 5:colcon.colcon_core.verb:set package 'pm_robot_control_test' build argument 'cmake_target_skip_unavailable' from command line to 'False'
[0.880s] Level 5:colcon.colcon_core.verb:set package 'pm_robot_control_test' build argument 'cmake_clean_cache' from command line to 'False'
[0.881s] Level 5:colcon.colcon_core.verb:set package 'pm_robot_control_test' build argument 'cmake_clean_first' from command line to 'False'
[0.881s] Level 5:colcon.colcon_core.verb:set package 'pm_robot_control_test' build argument 'cmake_force_configure' from command line to 'False'
[0.881s] Level 5:colcon.colcon_core.verb:set package 'pm_robot_control_test' build argument 'ament_cmake_args' from command line to 'None'
[0.881s] Level 5:colcon.colcon_core.verb:set package 'pm_robot_control_test' build argument 'catkin_cmake_args' from command line to 'None'
[0.881s] Level 5:colcon.colcon_core.verb:set package 'pm_robot_control_test' build argument 'catkin_skip_building_tests' from command line to 'False'
[0.881s] DEBUG:colcon.colcon_core.verb:Building package 'pm_robot_control_test' with the following arguments: {'ament_cmake_args': None, 'build_base': '/home/yueju/led/build/pm_robot_control_test', 'catkin_cmake_args': None, 'catkin_skip_building_tests': False, 'cmake_args': None, 'cmake_clean_cache': False, 'cmake_clean_first': False, 'cmake_force_configure': False, 'cmake_target': None, 'cmake_target_skip_unavailable': False, 'install_base': '/home/yueju/led/install/pm_robot_control_test', 'merge_install': False, 'path': '/home/yueju/led/match_pm_robot/pm_robot_control_test', 'symlink_install': False, 'test_result_base': None}
[0.882s] Level 5:colcon.colcon_core.verb:set package 'pm_robot_description' build argument 'cmake_args' from command line to 'None'
[0.882s] Level 5:colcon.colcon_core.verb:set package 'pm_robot_description' build argument 'cmake_target' from command line to 'None'
[0.882s] Level 5:colcon.colcon_core.verb:set package 'pm_robot_description' build argument 'cmake_target_skip_unavailable' from command line to 'False'
[0.882s] Level 5:colcon.colcon_core.verb:set package 'pm_robot_description' build argument 'cmake_clean_cache' from command line to 'False'
[0.882s] Level 5:colcon.colcon_core.verb:set package 'pm_robot_description' build argument 'cmake_clean_first' from command line to 'False'
[0.882s] Level 5:colcon.colcon_core.verb:set package 'pm_robot_description' build argument 'cmake_force_configure' from command line to 'False'
[0.882s] Level 5:colcon.colcon_core.verb:set package 'pm_robot_description' build argument 'ament_cmake_args' from command line to 'None'
[0.882s] Level 5:colcon.colcon_core.verb:set package 'pm_robot_description' build argument 'catkin_cmake_args' from command line to 'None'
[0.882s] Level 5:colcon.colcon_core.verb:set package 'pm_robot_description' build argument 'catkin_skip_building_tests' from command line to 'False'
[0.882s] DEBUG:colcon.colcon_core.verb:Building package 'pm_robot_description' with the following arguments: {'ament_cmake_args': None, 'build_base': '/home/yueju/led/build/pm_robot_description', 'catkin_cmake_args': None, 'catkin_skip_building_tests': False, 'cmake_args': None, 'cmake_clean_cache': False, 'cmake_clean_first': False, 'cmake_force_configure': False, 'cmake_target': None, 'cmake_target_skip_unavailable': False, 'install_base': '/home/yueju/led/install/pm_robot_description', 'merge_install': False, 'path': '/home/yueju/led/match_pm_robot/pm_robot_description', 'symlink_install': False, 'test_result_base': None}
[0.884s] Level 5:colcon.colcon_core.verb:set package 'pm_client' build argument 'cmake_args' from command line to 'None'
[0.884s] Level 5:colcon.colcon_core.verb:set package 'pm_client' build argument 'cmake_target' from command line to 'None'
[0.884s] Level 5:colcon.colcon_core.verb:set package 'pm_client' build argument 'cmake_target_skip_unavailable' from command line to 'False'
[0.884s] Level 5:colcon.colcon_core.verb:set package 'pm_client' build argument 'cmake_clean_cache' from command line to 'False'
[0.884s] Level 5:colcon.colcon_core.verb:set package 'pm_client' build argument 'cmake_clean_first' from command line to 'False'
[0.884s] Level 5:colcon.colcon_core.verb:set package 'pm_client' build argument 'cmake_force_configure' from command line to 'False'
[0.884s] Level 5:colcon.colcon_core.verb:set package 'pm_client' build argument 'ament_cmake_args' from command line to 'None'
[0.884s] Level 5:colcon.colcon_core.verb:set package 'pm_client' build argument 'catkin_cmake_args' from command line to 'None'
[0.884s] Level 5:colcon.colcon_core.verb:set package 'pm_client' build argument 'catkin_skip_building_tests' from command line to 'False'
[0.884s] DEBUG:colcon.colcon_core.verb:Building package 'pm_client' with the following arguments: {'ament_cmake_args': None, 'build_base': '/home/yueju/led/build/pm_client', 'catkin_cmake_args': None, 'catkin_skip_building_tests': False, 'cmake_args': None, 'cmake_clean_cache': False, 'cmake_clean_first': False, 'cmake_force_configure': False, 'cmake_target': None, 'cmake_target_skip_unavailable': False, 'install_base': '/home/yueju/led/install/pm_client', 'merge_install': False, 'path': '/home/yueju/led/match_pm_robot/pm_client', 'symlink_install': False, 'test_result_base': None}
[0.886s] Level 5:colcon.colcon_core.verb:set package 'pm_robot_moveit_config' build argument 'cmake_args' from command line to 'None'
[0.886s] Level 5:colcon.colcon_core.verb:set package 'pm_robot_moveit_config' build argument 'cmake_target' from command line to 'None'
[0.886s] Level 5:colcon.colcon_core.verb:set package 'pm_robot_moveit_config' build argument 'cmake_target_skip_unavailable' from command line to 'False'
[0.886s] Level 5:colcon.colcon_core.verb:set package 'pm_robot_moveit_config' build argument 'cmake_clean_cache' from command line to 'False'
[0.886s] Level 5:colcon.colcon_core.verb:set package 'pm_robot_moveit_config' build argument 'cmake_clean_first' from command line to 'False'
[0.886s] Level 5:colcon.colcon_core.verb:set package 'pm_robot_moveit_config' build argument 'cmake_force_configure' from command line to 'False'
[0.886s] Level 5:colcon.colcon_core.verb:set package 'pm_robot_moveit_config' build argument 'ament_cmake_args' from command line to 'None'
[0.886s] Level 5:colcon.colcon_core.verb:set package 'pm_robot_moveit_config' build argument 'catkin_cmake_args' from command line to 'None'
[0.886s] Level 5:colcon.colcon_core.verb:set package 'pm_robot_moveit_config' build argument 'catkin_skip_building_tests' from command line to 'False'
[0.886s] DEBUG:colcon.colcon_core.verb:Building package 'pm_robot_moveit_config' with the following arguments: {'ament_cmake_args': None, 'build_base': '/home/yueju/led/build/pm_robot_moveit_config', 'catkin_cmake_args': None, 'catkin_skip_building_tests': False, 'cmake_args': None, 'cmake_clean_cache': False, 'cmake_clean_first': False, 'cmake_force_configure': False, 'cmake_target': None, 'cmake_target_skip_unavailable': False, 'install_base': '/home/yueju/led/install/pm_robot_moveit_config', 'merge_install': False, 'path': '/home/yueju/led/match_pm_robot/pm_robot_moveit_config', 'symlink_install': False, 'test_result_base': None}
[0.888s] Level 5:colcon.colcon_core.verb:set package 'pm_robot_control' build argument 'cmake_args' from command line to 'None'
[0.888s] Level 5:colcon.colcon_core.verb:set package 'pm_robot_control' build argument 'cmake_target' from command line to 'None'
[0.888s] Level 5:colcon.colcon_core.verb:set package 'pm_robot_control' build argument 'cmake_target_skip_unavailable' from command line to 'False'
[0.888s] Level 5:colcon.colcon_core.verb:set package 'pm_robot_control' build argument 'cmake_clean_cache' from command line to 'False'
[0.888s] Level 5:colcon.colcon_core.verb:set package 'pm_robot_control' build argument 'cmake_clean_first' from command line to 'False'
[0.888s] Level 5:colcon.colcon_core.verb:set package 'pm_robot_control' build argument 'cmake_force_configure' from command line to 'False'
[0.888s] Level 5:colcon.colcon_core.verb:set package 'pm_robot_control' build argument 'ament_cmake_args' from command line to 'None'
[0.888s] Level 5:colcon.colcon_core.verb:set package 'pm_robot_control' build argument 'catkin_cmake_args' from command line to 'None'
[0.888s] Level 5:colcon.colcon_core.verb:set package 'pm_robot_control' build argument 'catkin_skip_building_tests' from command line to 'False'
[0.888s] DEBUG:colcon.colcon_core.verb:Building package 'pm_robot_control' with the following arguments: {'ament_cmake_args': None, 'build_base': '/home/yueju/led/build/pm_robot_control', 'catkin_cmake_args': None, 'catkin_skip_building_tests': False, 'cmake_args': None, 'cmake_clean_cache': False, 'cmake_clean_first': False, 'cmake_force_configure': False, 'cmake_target': None, 'cmake_target_skip_unavailable': False, 'install_base': '/home/yueju/led/install/pm_robot_control', 'merge_install': False, 'path': '/home/yueju/led/match_pm_robot/pm_robot_control', 'symlink_install': False, 'test_result_base': None}
[0.889s] INFO:colcon.colcon_core.executor:Executing jobs using 'parallel' executor
[0.892s] DEBUG:colcon.colcon_parallel_executor.executor.parallel:run_until_complete
[0.893s] INFO:colcon.colcon_ros.task.ament_cmake.build:Building ROS package in '/home/yueju/led/match_pm_robot/open62541' with build type 'ament_cmake'
[0.893s] INFO:colcon.colcon_cmake.task.cmake.build:Building CMake package in '/home/yueju/led/match_pm_robot/open62541'
[0.900s] INFO:colcon.colcon_core.plugin_system:Skipping extension 'colcon_core.shell.bat': Not used on non-Windows systems
[0.901s] INFO:colcon.colcon_core.shell:Skip shell extension 'powershell' for command environment: Not usable outside of PowerShell
[0.901s] DEBUG:colcon.colcon_core.shell:Skip shell extension 'dsv' for command environment
[0.905s] INFO:colcon.colcon_ros.task.ament_cmake.build:Building ROS package in '/home/yueju/led/match_pm_robot/pm_robot_description' with build type 'ament_cmake'
[0.906s] INFO:colcon.colcon_cmake.task.cmake.build:Building CMake package in '/home/yueju/led/match_pm_robot/pm_robot_description'
[0.908s] INFO:colcon.colcon_core.shell:Skip shell extension 'powershell' for command environment: Not usable outside of PowerShell
[0.908s] DEBUG:colcon.colcon_core.shell:Skip shell extension 'dsv' for command environment
[0.911s] INFO:colcon.colcon_ros.task.ament_cmake.build:Building ROS package in '/home/yueju/led/match_pm_robot/opcua_server' with build type 'ament_cmake'
[0.912s] INFO:colcon.colcon_cmake.task.cmake.build:Building CMake package in '/home/yueju/led/match_pm_robot/opcua_server'
[0.914s] INFO:colcon.colcon_core.shell:Skip shell extension 'powershell' for command environment: Not usable outside of PowerShell
[0.914s] DEBUG:colcon.colcon_core.shell:Skip shell extension 'dsv' for command environment
[0.919s] INFO:colcon.colcon_ros.task.ament_python.build:Building ROS package in '/home/yueju/led/open_cv' with build type 'ament_python'
[0.920s] Level 1:colcon.colcon_core.shell:create_environment_hook('open_cv', 'ament_prefix_path')
[0.922s] INFO:colcon.colcon_core.shell:Creating environment hook '/home/yueju/led/install/open_cv/share/open_cv/hook/ament_prefix_path.ps1'
[0.939s] INFO:colcon.colcon_core.shell:Creating environment descriptor '/home/yueju/led/install/open_cv/share/open_cv/hook/ament_prefix_path.dsv'
[0.940s] INFO:colcon.colcon_core.shell:Creating environment hook '/home/yueju/led/install/open_cv/share/open_cv/hook/ament_prefix_path.sh'
[0.942s] INFO:colcon.colcon_core.shell:Skip shell extension 'powershell' for command environment: Not usable outside of PowerShell
[0.942s] DEBUG:colcon.colcon_core.shell:Skip shell extension 'dsv' for command environment
[0.946s] INFO:colcon.colcon_ros.task.ament_python.build:Building ROS package in '/home/yueju/led/match_pm_robot/pm_robot_control_test' with build type 'ament_python'
[0.946s] Level 1:colcon.colcon_core.shell:create_environment_hook('pm_robot_control_test', 'ament_prefix_path')
[0.947s] INFO:colcon.colcon_core.shell:Creating environment hook '/home/yueju/led/install/pm_robot_control_test/share/pm_robot_control_test/hook/ament_prefix_path.ps1'
[0.948s] INFO:colcon.colcon_core.shell:Creating environment descriptor '/home/yueju/led/install/pm_robot_control_test/share/pm_robot_control_test/hook/ament_prefix_path.dsv'
[0.948s] INFO:colcon.colcon_core.shell:Creating environment hook '/home/yueju/led/install/pm_robot_control_test/share/pm_robot_control_test/hook/ament_prefix_path.sh'
[0.951s] INFO:colcon.colcon_core.shell:Skip shell extension 'powershell' for command environment: Not usable outside of PowerShell
[0.951s] DEBUG:colcon.colcon_core.shell:Skip shell extension 'dsv' for command environment
[1.031s] DEBUG:colcon.colcon_core.event_handler.log_command:Invoking command in '/home/yueju/led/build/open62541': CMAKE_PREFIX_PATH=/opt/ros/humble /usr/bin/cmake --build /home/yueju/led/build/open62541 -- -j8 -l8
[1.070s] DEBUG:colcon.colcon_core.event_handler.log_command:Invoking command in '/home/yueju/led/build/pm_robot_description': CMAKE_PREFIX_PATH=/opt/ros/humble /usr/bin/cmake --build /home/yueju/led/build/pm_robot_description -- -j8 -l8
[1.114s] DEBUG:colcon.colcon_core.event_handler.log_command:Invoking command in '/home/yueju/led/build/opcua_server': CMAKE_PREFIX_PATH=/opt/ros/humble /usr/bin/cmake --build /home/yueju/led/build/opcua_server -- -j8 -l8
[1.385s] INFO:colcon.colcon_core.task.python.build:Building Python package in '/home/yueju/led/open_cv'
[1.387s] INFO:colcon.colcon_core.shell:Skip shell extension 'powershell' for command environment: Not usable outside of PowerShell
[1.387s] DEBUG:colcon.colcon_core.shell:Skip shell extension 'dsv' for command environment
[1.574s] INFO:colcon.colcon_core.task.python.build:Building Python package in '/home/yueju/led/match_pm_robot/pm_robot_control_test'
[1.576s] INFO:colcon.colcon_core.shell:Skip shell extension 'powershell' for command environment: Not usable outside of PowerShell
[1.577s] DEBUG:colcon.colcon_core.shell:Skip shell extension 'dsv' for command environment
[1.585s] DEBUG:colcon.colcon_core.event_handler.log_command:Invoked command in '/home/yueju/led/build/pm_robot_description' returned '0': CMAKE_PREFIX_PATH=/opt/ros/humble /usr/bin/cmake --build /home/yueju/led/build/pm_robot_description -- -j8 -l8
[1.590s] DEBUG:colcon.colcon_core.event_handler.log_command:Invoked command in '/home/yueju/led/build/open62541' returned '0': CMAKE_PREFIX_PATH=/opt/ros/humble /usr/bin/cmake --build /home/yueju/led/build/open62541 -- -j8 -l8
[1.616s] DEBUG:colcon.colcon_core.event_handler.log_command:Invoking command in '/home/yueju/led/build/pm_robot_description': CMAKE_PREFIX_PATH=/opt/ros/humble /usr/bin/cmake --install /home/yueju/led/build/pm_robot_description
[1.619s] DEBUG:colcon.colcon_core.event_handler.log_command:Invoking command in '/home/yueju/led/build/open62541': CMAKE_PREFIX_PATH=/opt/ros/humble /usr/bin/cmake --install /home/yueju/led/build/open62541
[1.648s] Level 1:colcon.colcon_core.environment:create_environment_scripts_only(pm_robot_description)
[1.650s] DEBUG:colcon.colcon_core.event_handler.log_command:Invoked command in '/home/yueju/led/build/pm_robot_description' returned '0': CMAKE_PREFIX_PATH=/opt/ros/humble /usr/bin/cmake --install /home/yueju/led/build/pm_robot_description
[1.661s] Level 1:colcon.colcon_core.environment:checking '/home/yueju/led/install/pm_robot_description' for CMake module files
[1.662s] Level 1:colcon.colcon_core.environment:checking '/home/yueju/led/install/pm_robot_description' for CMake config files
[1.663s] Level 1:colcon.colcon_core.shell:create_environment_hook('pm_robot_description', 'cmake_prefix_path')
[1.665s] INFO:colcon.colcon_core.shell:Creating environment hook '/home/yueju/led/install/pm_robot_description/share/pm_robot_description/hook/cmake_prefix_path.ps1'
[1.666s] INFO:colcon.colcon_core.shell:Creating environment descriptor '/home/yueju/led/install/pm_robot_description/share/pm_robot_description/hook/cmake_prefix_path.dsv'
[1.666s] INFO:colcon.colcon_core.shell:Creating environment hook '/home/yueju/led/install/pm_robot_description/share/pm_robot_description/hook/cmake_prefix_path.sh'
[1.667s] Level 1:colcon.colcon_core.environment:checking '/home/yueju/led/install/pm_robot_description/bin'
[1.667s] Level 1:colcon.colcon_core.environment:checking '/home/yueju/led/install/pm_robot_description/lib/pkgconfig/pm_robot_description.pc'
[1.667s] Level 1:colcon.colcon_core.environment:checking '/home/yueju/led/install/pm_robot_description/lib/python3.10/site-packages'
[1.668s] Level 1:colcon.colcon_core.environment:checking '/home/yueju/led/install/pm_robot_description/bin'
[1.670s] INFO:colcon.colcon_core.shell:Creating package script '/home/yueju/led/install/pm_robot_description/share/pm_robot_description/package.ps1'
[1.671s] INFO:colcon.colcon_core.shell:Creating package descriptor '/home/yueju/led/install/pm_robot_description/share/pm_robot_description/package.dsv'
[1.672s] INFO:colcon.colcon_core.shell:Creating package script '/home/yueju/led/install/pm_robot_description/share/pm_robot_description/package.sh'
[1.673s] INFO:colcon.colcon_core.shell:Creating package script '/home/yueju/led/install/pm_robot_description/share/pm_robot_description/package.bash'
[1.689s] INFO:colcon.colcon_core.shell:Creating package script '/home/yueju/led/install/pm_robot_description/share/pm_robot_description/package.zsh'
[1.690s] Level 1:colcon.colcon_core.environment:create_file_with_runtime_dependencies(/home/yueju/led/install/pm_robot_description/share/colcon-core/packages/pm_robot_description)
[1.693s] DEBUG:colcon.colcon_core.event_handler.log_command:Invoked command in '/home/yueju/led/build/opcua_server' returned '0': CMAKE_PREFIX_PATH=/opt/ros/humble /usr/bin/cmake --build /home/yueju/led/build/opcua_server -- -j8 -l8
[1.693s] Level 1:colcon.colcon_core.environment:create_environment_scripts_only(open62541)
[1.696s] Level 1:colcon.colcon_core.environment:checking '/home/yueju/led/install/open62541' for CMake module files
[1.697s] DEBUG:colcon.colcon_core.event_handler.log_command:Invoked command in '/home/yueju/led/build/open62541' returned '0': CMAKE_PREFIX_PATH=/opt/ros/humble /usr/bin/cmake --install /home/yueju/led/build/open62541
[1.698s] Level 1:colcon.colcon_core.environment:checking '/home/yueju/led/install/open62541' for CMake config files
[1.698s] Level 1:colcon.colcon_core.shell:create_environment_hook('open62541', 'cmake_prefix_path')
[1.700s] INFO:colcon.colcon_core.shell:Creating environment hook '/home/yueju/led/install/open62541/share/open62541/hook/cmake_prefix_path.ps1'
[1.701s] INFO:colcon.colcon_core.shell:Creating environment descriptor '/home/yueju/led/install/open62541/share/open62541/hook/cmake_prefix_path.dsv'
[1.701s] INFO:colcon.colcon_core.shell:Creating environment hook '/home/yueju/led/install/open62541/share/open62541/hook/cmake_prefix_path.sh'
[1.702s] Level 1:colcon.colcon_core.environment:checking '/home/yueju/led/install/open62541/lib'
[1.702s] Level 1:colcon.colcon_core.environment:checking '/home/yueju/led/install/open62541/bin'
[1.702s] Level 1:colcon.colcon_core.environment:checking '/home/yueju/led/install/open62541/lib/pkgconfig/open62541.pc'
[1.703s] Level 1:colcon.colcon_core.environment:checking '/home/yueju/led/install/open62541/lib/python3.10/site-packages'
[1.703s] Level 1:colcon.colcon_core.environment:checking '/home/yueju/led/install/open62541/bin'
[1.705s] INFO:colcon.colcon_core.shell:Creating package script '/home/yueju/led/install/open62541/share/open62541/package.ps1'
[1.706s] INFO:colcon.colcon_core.shell:Creating package descriptor '/home/yueju/led/install/open62541/share/open62541/package.dsv'
[1.706s] INFO:colcon.colcon_core.shell:Creating package script '/home/yueju/led/install/open62541/share/open62541/package.sh'
[1.707s] INFO:colcon.colcon_core.shell:Creating package script '/home/yueju/led/install/open62541/share/open62541/package.bash'
[1.707s] INFO:colcon.colcon_core.shell:Creating package script '/home/yueju/led/install/open62541/share/open62541/package.zsh'
[1.708s] Level 1:colcon.colcon_core.environment:create_file_with_runtime_dependencies(/home/yueju/led/install/open62541/share/colcon-core/packages/open62541)
[1.718s] Level 1:colcon.colcon_core.environment:create_environment_scripts_only(pm_robot_description)
[1.720s] Level 1:colcon.colcon_core.environment:checking '/home/yueju/led/install/pm_robot_description' for CMake module files
[1.721s] Level 1:colcon.colcon_core.environment:checking '/home/yueju/led/install/pm_robot_description' for CMake config files
[1.722s] Level 1:colcon.colcon_core.shell:create_environment_hook('pm_robot_description', 'cmake_prefix_path')
[1.723s] INFO:colcon.colcon_core.shell:Creating environment hook '/home/yueju/led/install/pm_robot_description/share/pm_robot_description/hook/cmake_prefix_path.ps1'
[1.724s] INFO:colcon.colcon_core.shell:Creating environment descriptor '/home/yueju/led/install/pm_robot_description/share/pm_robot_description/hook/cmake_prefix_path.dsv'
[1.724s] INFO:colcon.colcon_core.shell:Creating environment hook '/home/yueju/led/install/pm_robot_description/share/pm_robot_description/hook/cmake_prefix_path.sh'
[1.725s] Level 1:colcon.colcon_core.environment:checking '/home/yueju/led/install/pm_robot_description/bin'
[1.725s] Level 1:colcon.colcon_core.environment:checking '/home/yueju/led/install/pm_robot_description/lib/pkgconfig/pm_robot_description.pc'
[1.725s] Level 1:colcon.colcon_core.environment:checking '/home/yueju/led/install/pm_robot_description/lib/python3.10/site-packages'
[1.726s] Level 1:colcon.colcon_core.environment:checking '/home/yueju/led/install/pm_robot_description/bin'
[1.728s] INFO:colcon.colcon_core.shell:Creating package script '/home/yueju/led/install/pm_robot_description/share/pm_robot_description/package.ps1'
[1.729s] INFO:colcon.colcon_core.shell:Creating package descriptor '/home/yueju/led/install/pm_robot_description/share/pm_robot_description/package.dsv'
[1.730s] INFO:colcon.colcon_core.shell:Creating package script '/home/yueju/led/install/pm_robot_description/share/pm_robot_description/package.sh'
[1.731s] INFO:colcon.colcon_core.shell:Creating package script '/home/yueju/led/install/pm_robot_description/share/pm_robot_description/package.bash'
[1.732s] INFO:colcon.colcon_core.shell:Creating package script '/home/yueju/led/install/pm_robot_description/share/pm_robot_description/package.zsh'
[1.732s] Level 1:colcon.colcon_core.environment:create_file_with_runtime_dependencies(/home/yueju/led/install/pm_robot_description/share/colcon-core/packages/pm_robot_description)
[1.733s] INFO:colcon.colcon_ros.task.ament_cmake.build:Building ROS package in '/home/yueju/led/match_pm_robot/pm_robot_moveit_config' with build type 'ament_cmake'
[1.733s] INFO:colcon.colcon_cmake.task.cmake.build:Building CMake package in '/home/yueju/led/match_pm_robot/pm_robot_moveit_config'
[1.736s] INFO:colcon.colcon_core.shell:Skip shell extension 'powershell' for command environment: Not usable outside of PowerShell
[1.736s] DEBUG:colcon.colcon_core.shell:Skip shell extension 'dsv' for command environment
[1.747s] Level 1:colcon.colcon_core.environment:create_environment_scripts_only(open62541)
[1.750s] Level 1:colcon.colcon_core.environment:checking '/home/yueju/led/install/open62541' for CMake module files
[1.750s] DEBUG:colcon.colcon_core.event_handler.log_command:Invoking command in '/home/yueju/led/build/opcua_server': CMAKE_PREFIX_PATH=/opt/ros/humble /usr/bin/cmake --install /home/yueju/led/build/opcua_server
[1.752s] Level 1:colcon.colcon_core.environment:checking '/home/yueju/led/install/open62541' for CMake config files
[1.752s] Level 1:colcon.colcon_core.shell:create_environment_hook('open62541', 'cmake_prefix_path')
[1.754s] INFO:colcon.colcon_core.shell:Creating environment hook '/home/yueju/led/install/open62541/share/open62541/hook/cmake_prefix_path.ps1'
[1.755s] INFO:colcon.colcon_core.shell:Creating environment descriptor '/home/yueju/led/install/open62541/share/open62541/hook/cmake_prefix_path.dsv'
[1.756s] INFO:colcon.colcon_core.shell:Creating environment hook '/home/yueju/led/install/open62541/share/open62541/hook/cmake_prefix_path.sh'
[1.757s] Level 1:colcon.colcon_core.environment:checking '/home/yueju/led/install/open62541/lib'
[1.757s] Level 1:colcon.colcon_core.environment:checking '/home/yueju/led/install/open62541/bin'
[1.757s] Level 1:colcon.colcon_core.environment:checking '/home/yueju/led/install/open62541/lib/pkgconfig/open62541.pc'
[1.757s] Level 1:colcon.colcon_core.environment:checking '/home/yueju/led/install/open62541/lib/python3.10/site-packages'
[1.758s] Level 1:colcon.colcon_core.environment:checking '/home/yueju/led/install/open62541/bin'
[1.760s] INFO:colcon.colcon_core.shell:Creating package script '/home/yueju/led/install/open62541/share/open62541/package.ps1'
[1.761s] INFO:colcon.colcon_core.shell:Creating package descriptor '/home/yueju/led/install/open62541/share/open62541/package.dsv'
[1.762s] INFO:colcon.colcon_core.shell:Creating package script '/home/yueju/led/install/open62541/share/open62541/package.sh'
[1.763s] INFO:colcon.colcon_core.shell:Creating package script '/home/yueju/led/install/open62541/share/open62541/package.bash'
[1.763s] INFO:colcon.colcon_core.shell:Creating package script '/home/yueju/led/install/open62541/share/open62541/package.zsh'
[1.764s] Level 1:colcon.colcon_core.environment:create_file_with_runtime_dependencies(/home/yueju/led/install/open62541/share/colcon-core/packages/open62541)
[1.765s] INFO:colcon.colcon_ros.task.ament_cmake.build:Building ROS package in '/home/yueju/led/match_pm_robot/pm_client' with build type 'ament_cmake'
[1.767s] INFO:colcon.colcon_cmake.task.cmake.build:Building CMake package in '/home/yueju/led/match_pm_robot/pm_client'
[1.769s] INFO:colcon.colcon_core.shell:Skip shell extension 'powershell' for command environment: Not usable outside of PowerShell
[1.769s] DEBUG:colcon.colcon_core.shell:Skip shell extension 'dsv' for command environment
[1.799s] DEBUG:colcon.colcon_core.event_handler.log_command:Invoking command in '/home/yueju/led/build/pm_robot_moveit_config': AMENT_PREFIX_PATH=/home/yueju/led/install/pm_robot_description:${AMENT_PREFIX_PATH} CMAKE_PREFIX_PATH=/home/yueju/led/install/pm_robot_description:/opt/ros/humble /usr/bin/cmake --build /home/yueju/led/build/pm_robot_moveit_config -- -j8 -l8
[1.820s] DEBUG:colcon.colcon_core.event_handler.log_command:Invoking command in '/home/yueju/led/build/pm_client': AMENT_PREFIX_PATH=/home/yueju/led/install/open62541:${AMENT_PREFIX_PATH} CMAKE_PREFIX_PATH=/home/yueju/led/install/open62541:/opt/ros/humble LD_LIBRARY_PATH=/home/yueju/led/install/open62541/lib:${LD_LIBRARY_PATH} /usr/bin/cmake --build /home/yueju/led/build/pm_client -- -j8 -l8
[1.835s] Level 1:colcon.colcon_core.environment:create_environment_scripts_only(opcua_server)
[1.840s] Level 1:colcon.colcon_core.environment:checking '/home/yueju/led/install/opcua_server' for CMake module files
[1.841s] DEBUG:colcon.colcon_core.event_handler.log_command:Invoked command in '/home/yueju/led/build/opcua_server' returned '0': CMAKE_PREFIX_PATH=/opt/ros/humble /usr/bin/cmake --install /home/yueju/led/build/opcua_server
[1.841s] Level 1:colcon.colcon_core.environment:checking '/home/yueju/led/install/opcua_server' for CMake config files
[1.842s] Level 1:colcon.colcon_core.shell:create_environment_hook('opcua_server', 'cmake_prefix_path')
[1.844s] INFO:colcon.colcon_core.shell:Creating environment hook '/home/yueju/led/install/opcua_server/share/opcua_server/hook/cmake_prefix_path.ps1'
[1.845s] INFO:colcon.colcon_core.shell:Creating environment descriptor '/home/yueju/led/install/opcua_server/share/opcua_server/hook/cmake_prefix_path.dsv'
[1.846s] INFO:colcon.colcon_core.shell:Creating environment hook '/home/yueju/led/install/opcua_server/share/opcua_server/hook/cmake_prefix_path.sh'
[1.846s] Level 1:colcon.colcon_core.environment:checking '/home/yueju/led/install/opcua_server/lib'
[1.847s] Level 1:colcon.colcon_core.environment:checking '/home/yueju/led/install/opcua_server/bin'
[1.847s] Level 1:colcon.colcon_core.environment:checking '/home/yueju/led/install/opcua_server/lib/pkgconfig/opcua_server.pc'
[1.847s] Level 1:colcon.colcon_core.environment:checking '/home/yueju/led/install/opcua_server/lib/python3.10/site-packages'
[1.848s] Level 1:colcon.colcon_core.environment:checking '/home/yueju/led/install/opcua_server/bin'
[1.850s] INFO:colcon.colcon_core.shell:Creating package script '/home/yueju/led/install/opcua_server/share/opcua_server/package.ps1'
[1.851s] INFO:colcon.colcon_core.shell:Creating package descriptor '/home/yueju/led/install/opcua_server/share/opcua_server/package.dsv'
[1.852s] INFO:colcon.colcon_core.shell:Creating package script '/home/yueju/led/install/opcua_server/share/opcua_server/package.sh'
[1.852s] INFO:colcon.colcon_core.shell:Creating package script '/home/yueju/led/install/opcua_server/share/opcua_server/package.bash'
[1.853s] INFO:colcon.colcon_core.shell:Creating package script '/home/yueju/led/install/opcua_server/share/opcua_server/package.zsh'
[1.854s] Level 1:colcon.colcon_core.environment:create_file_with_runtime_dependencies(/home/yueju/led/install/opcua_server/share/colcon-core/packages/opcua_server)
[1.856s] DEBUG:colcon.colcon_core.event_handler.log_command:Invoked command in '/home/yueju/led/build/pm_robot_moveit_config' returned '0': AMENT_PREFIX_PATH=/home/yueju/led/install/pm_robot_description:${AMENT_PREFIX_PATH} CMAKE_PREFIX_PATH=/home/yueju/led/install/pm_robot_description:/opt/ros/humble /usr/bin/cmake --build /home/yueju/led/build/pm_robot_moveit_config -- -j8 -l8
[1.893s] Level 1:colcon.colcon_core.environment:create_environment_scripts_only(opcua_server)
[1.897s] Level 1:colcon.colcon_core.environment:checking '/home/yueju/led/install/opcua_server' for CMake module files
[1.898s] Level 1:colcon.colcon_core.environment:checking '/home/yueju/led/install/opcua_server' for CMake config files
[1.898s] Level 1:colcon.colcon_core.shell:create_environment_hook('opcua_server', 'cmake_prefix_path')
[1.901s] INFO:colcon.colcon_core.shell:Creating environment hook '/home/yueju/led/install/opcua_server/share/opcua_server/hook/cmake_prefix_path.ps1'
[1.902s] INFO:colcon.colcon_core.shell:Creating environment descriptor '/home/yueju/led/install/opcua_server/share/opcua_server/hook/cmake_prefix_path.dsv'
[1.902s] INFO:colcon.colcon_core.shell:Creating environment hook '/home/yueju/led/install/opcua_server/share/opcua_server/hook/cmake_prefix_path.sh'
[1.903s] Level 1:colcon.colcon_core.environment:checking '/home/yueju/led/install/opcua_server/lib'
[1.903s] Level 1:colcon.colcon_core.environment:checking '/home/yueju/led/install/opcua_server/bin'
[1.903s] Level 1:colcon.colcon_core.environment:checking '/home/yueju/led/install/opcua_server/lib/pkgconfig/opcua_server.pc'
[1.904s] Level 1:colcon.colcon_core.environment:checking '/home/yueju/led/install/opcua_server/lib/python3.10/site-packages'
[1.904s] Level 1:colcon.colcon_core.environment:checking '/home/yueju/led/install/opcua_server/bin'
[1.907s] INFO:colcon.colcon_core.shell:Creating package script '/home/yueju/led/install/opcua_server/share/opcua_server/package.ps1'
[1.908s] INFO:colcon.colcon_core.shell:Creating package descriptor '/home/yueju/led/install/opcua_server/share/opcua_server/package.dsv'
[1.908s] INFO:colcon.colcon_core.shell:Creating package script '/home/yueju/led/install/opcua_server/share/opcua_server/package.sh'
[1.909s] INFO:colcon.colcon_core.shell:Creating package script '/home/yueju/led/install/opcua_server/share/opcua_server/package.bash'
[1.910s] INFO:colcon.colcon_core.shell:Creating package script '/home/yueju/led/install/opcua_server/share/opcua_server/package.zsh'
[1.910s] Level 1:colcon.colcon_core.environment:create_file_with_runtime_dependencies(/home/yueju/led/install/opcua_server/share/colcon-core/packages/opcua_server)
[1.914s] DEBUG:colcon.colcon_core.event_handler.log_command:Invoking command in '/home/yueju/led/build/pm_robot_moveit_config': AMENT_PREFIX_PATH=/home/yueju/led/install/pm_robot_description:${AMENT_PREFIX_PATH} CMAKE_PREFIX_PATH=/home/yueju/led/install/pm_robot_description:/opt/ros/humble /usr/bin/cmake --install /home/yueju/led/build/pm_robot_moveit_config
[1.932s] DEBUG:colcon.colcon_core.event_handler.log_command:Invoked command in '/home/yueju/led/build/pm_client' returned '0': AMENT_PREFIX_PATH=/home/yueju/led/install/open62541:${AMENT_PREFIX_PATH} CMAKE_PREFIX_PATH=/home/yueju/led/install/open62541:/opt/ros/humble LD_LIBRARY_PATH=/home/yueju/led/install/open62541/lib:${LD_LIBRARY_PATH} /usr/bin/cmake --build /home/yueju/led/build/pm_client -- -j8 -l8
[1.954s] Level 1:colcon.colcon_core.environment:create_environment_scripts_only(pm_robot_moveit_config)
[1.957s] Level 1:colcon.colcon_core.environment:checking '/home/yueju/led/install/pm_robot_moveit_config' for CMake module files
[1.958s] Level 1:colcon.colcon_core.environment:checking '/home/yueju/led/install/pm_robot_moveit_config' for CMake config files
[1.959s] Level 1:colcon.colcon_core.shell:create_environment_hook('pm_robot_moveit_config', 'cmake_prefix_path')
[1.961s] INFO:colcon.colcon_core.shell:Creating environment hook '/home/yueju/led/install/pm_robot_moveit_config/share/pm_robot_moveit_config/hook/cmake_prefix_path.ps1'
[1.963s] INFO:colcon.colcon_core.shell:Creating environment descriptor '/home/yueju/led/install/pm_robot_moveit_config/share/pm_robot_moveit_config/hook/cmake_prefix_path.dsv'
[1.964s] INFO:colcon.colcon_core.shell:Creating environment hook '/home/yueju/led/install/pm_robot_moveit_config/share/pm_robot_moveit_config/hook/cmake_prefix_path.sh'
[1.965s] DEBUG:colcon.colcon_core.event_handler.log_command:Invoked command in '/home/yueju/led/build/pm_robot_moveit_config' returned '0': AMENT_PREFIX_PATH=/home/yueju/led/install/pm_robot_description:${AMENT_PREFIX_PATH} CMAKE_PREFIX_PATH=/home/yueju/led/install/pm_robot_description:/opt/ros/humble /usr/bin/cmake --install /home/yueju/led/build/pm_robot_moveit_config
[1.966s] Level 1:colcon.colcon_core.environment:checking '/home/yueju/led/install/pm_robot_moveit_config/bin'
[1.966s] Level 1:colcon.colcon_core.environment:checking '/home/yueju/led/install/pm_robot_moveit_config/lib/pkgconfig/pm_robot_moveit_config.pc'
[1.966s] Level 1:colcon.colcon_core.environment:checking '/home/yueju/led/install/pm_robot_moveit_config/lib/python3.10/site-packages'
[1.967s] Level 1:colcon.colcon_core.environment:checking '/home/yueju/led/install/pm_robot_moveit_config/bin'
[1.969s] INFO:colcon.colcon_core.shell:Creating package script '/home/yueju/led/install/pm_robot_moveit_config/share/pm_robot_moveit_config/package.ps1'
[1.970s] INFO:colcon.colcon_core.shell:Creating package descriptor '/home/yueju/led/install/pm_robot_moveit_config/share/pm_robot_moveit_config/package.dsv'
[1.971s] INFO:colcon.colcon_core.shell:Creating package script '/home/yueju/led/install/pm_robot_moveit_config/share/pm_robot_moveit_config/package.sh'
[1.971s] INFO:colcon.colcon_core.shell:Creating package script '/home/yueju/led/install/pm_robot_moveit_config/share/pm_robot_moveit_config/package.bash'
[1.972s] INFO:colcon.colcon_core.shell:Creating package script '/home/yueju/led/install/pm_robot_moveit_config/share/pm_robot_moveit_config/package.zsh'
[1.972s] Level 1:colcon.colcon_core.environment:create_file_with_runtime_dependencies(/home/yueju/led/install/pm_robot_moveit_config/share/colcon-core/packages/pm_robot_moveit_config)
[1.975s] DEBUG:colcon.colcon_core.event_handler.log_command:Invoking command in '/home/yueju/led/build/pm_client': AMENT_PREFIX_PATH=/home/yueju/led/install/open62541:${AMENT_PREFIX_PATH} CMAKE_PREFIX_PATH=/home/yueju/led/install/open62541:/opt/ros/humble LD_LIBRARY_PATH=/home/yueju/led/install/open62541/lib:${LD_LIBRARY_PATH} /usr/bin/cmake --install /home/yueju/led/build/pm_client
[2.003s] Level 1:colcon.colcon_core.environment:create_environment_scripts_only(pm_robot_moveit_config)
[2.007s] Level 1:colcon.colcon_core.environment:checking '/home/yueju/led/install/pm_robot_moveit_config' for CMake module files
[2.009s] Level 1:colcon.colcon_core.environment:checking '/home/yueju/led/install/pm_robot_moveit_config' for CMake config files
[2.009s] Level 1:colcon.colcon_core.shell:create_environment_hook('pm_robot_moveit_config', 'cmake_prefix_path')
[2.011s] INFO:colcon.colcon_core.shell:Creating environment hook '/home/yueju/led/install/pm_robot_moveit_config/share/pm_robot_moveit_config/hook/cmake_prefix_path.ps1'
[2.013s] INFO:colcon.colcon_core.shell:Creating environment descriptor '/home/yueju/led/install/pm_robot_moveit_config/share/pm_robot_moveit_config/hook/cmake_prefix_path.dsv'
[2.014s] INFO:colcon.colcon_core.shell:Creating environment hook '/home/yueju/led/install/pm_robot_moveit_config/share/pm_robot_moveit_config/hook/cmake_prefix_path.sh'
[2.015s] Level 1:colcon.colcon_core.environment:checking '/home/yueju/led/install/pm_robot_moveit_config/bin'
[2.015s] Level 1:colcon.colcon_core.environment:checking '/home/yueju/led/install/pm_robot_moveit_config/lib/pkgconfig/pm_robot_moveit_config.pc'
[2.015s] Level 1:colcon.colcon_core.environment:checking '/home/yueju/led/install/pm_robot_moveit_config/lib/python3.10/site-packages'
[2.015s] Level 1:colcon.colcon_core.environment:checking '/home/yueju/led/install/pm_robot_moveit_config/bin'
[2.018s] INFO:colcon.colcon_core.shell:Creating package script '/home/yueju/led/install/pm_robot_moveit_config/share/pm_robot_moveit_config/package.ps1'
[2.019s] INFO:colcon.colcon_core.shell:Creating package descriptor '/home/yueju/led/install/pm_robot_moveit_config/share/pm_robot_moveit_config/package.dsv'
[2.019s] INFO:colcon.colcon_core.shell:Creating package script '/home/yueju/led/install/pm_robot_moveit_config/share/pm_robot_moveit_config/package.sh'
[2.020s] INFO:colcon.colcon_core.shell:Creating package script '/home/yueju/led/install/pm_robot_moveit_config/share/pm_robot_moveit_config/package.bash'
[2.021s] INFO:colcon.colcon_core.shell:Creating package script '/home/yueju/led/install/pm_robot_moveit_config/share/pm_robot_moveit_config/package.zsh'
[2.021s] Level 1:colcon.colcon_core.environment:create_file_with_runtime_dependencies(/home/yueju/led/install/pm_robot_moveit_config/share/colcon-core/packages/pm_robot_moveit_config)
[2.023s] Level 1:colcon.colcon_core.environment:create_environment_scripts_only(pm_client)
[2.027s] Level 1:colcon.colcon_core.environment:checking '/home/yueju/led/install/pm_client' for CMake module files
[2.028s] DEBUG:colcon.colcon_core.event_handler.log_command:Invoked command in '/home/yueju/led/build/pm_client' returned '0': AMENT_PREFIX_PATH=/home/yueju/led/install/open62541:${AMENT_PREFIX_PATH} CMAKE_PREFIX_PATH=/home/yueju/led/install/open62541:/opt/ros/humble LD_LIBRARY_PATH=/home/yueju/led/install/open62541/lib:${LD_LIBRARY_PATH} /usr/bin/cmake --install /home/yueju/led/build/pm_client
[2.028s] Level 1:colcon.colcon_core.environment:checking '/home/yueju/led/install/pm_client' for CMake config files
[2.029s] Level 1:colcon.colcon_core.shell:create_environment_hook('pm_client', 'cmake_prefix_path')
[2.032s] INFO:colcon.colcon_core.shell:Creating environment hook '/home/yueju/led/install/pm_client/share/pm_client/hook/cmake_prefix_path.ps1'
[2.032s] INFO:colcon.colcon_core.shell:Creating environment descriptor '/home/yueju/led/install/pm_client/share/pm_client/hook/cmake_prefix_path.dsv'
[2.033s] INFO:colcon.colcon_core.shell:Creating environment hook '/home/yueju/led/install/pm_client/share/pm_client/hook/cmake_prefix_path.sh'
[2.033s] Level 1:colcon.colcon_core.environment:checking '/home/yueju/led/install/pm_client/lib'
[2.034s] Level 1:colcon.colcon_core.environment:checking '/home/yueju/led/install/pm_client/bin'
[2.034s] Level 1:colcon.colcon_core.environment:checking '/home/yueju/led/install/pm_client/lib/pkgconfig/pm_client.pc'
[2.034s] Level 1:colcon.colcon_core.environment:checking '/home/yueju/led/install/pm_client/lib/python3.10/site-packages'
[2.035s] Level 1:colcon.colcon_core.environment:checking '/home/yueju/led/install/pm_client/bin'
[2.037s] INFO:colcon.colcon_core.shell:Creating package script '/home/yueju/led/install/pm_client/share/pm_client/package.ps1'
[2.038s] INFO:colcon.colcon_core.shell:Creating package descriptor '/home/yueju/led/install/pm_client/share/pm_client/package.dsv'
[2.039s] INFO:colcon.colcon_core.shell:Creating package script '/home/yueju/led/install/pm_client/share/pm_client/package.sh'
[2.039s] INFO:colcon.colcon_core.shell:Creating package script '/home/yueju/led/install/pm_client/share/pm_client/package.bash'
[2.040s] INFO:colcon.colcon_core.shell:Creating package script '/home/yueju/led/install/pm_client/share/pm_client/package.zsh'
[2.040s] Level 1:colcon.colcon_core.environment:create_file_with_runtime_dependencies(/home/yueju/led/install/pm_client/share/colcon-core/packages/pm_client)
[2.073s] Level 1:colcon.colcon_core.environment:create_environment_scripts_only(pm_client)
[2.077s] Level 1:colcon.colcon_core.environment:checking '/home/yueju/led/install/pm_client' for CMake module files
[2.078s] Level 1:colcon.colcon_core.environment:checking '/home/yueju/led/install/pm_client' for CMake config files
[2.079s] Level 1:colcon.colcon_core.shell:create_environment_hook('pm_client', 'cmake_prefix_path')
[2.081s] INFO:colcon.colcon_core.shell:Creating environment hook '/home/yueju/led/install/pm_client/share/pm_client/hook/cmake_prefix_path.ps1'
[2.082s] INFO:colcon.colcon_core.shell:Creating environment descriptor '/home/yueju/led/install/pm_client/share/pm_client/hook/cmake_prefix_path.dsv'
[2.083s] INFO:colcon.colcon_core.shell:Creating environment hook '/home/yueju/led/install/pm_client/share/pm_client/hook/cmake_prefix_path.sh'
[2.083s] Level 1:colcon.colcon_core.environment:checking '/home/yueju/led/install/pm_client/lib'
[2.084s] Level 1:colcon.colcon_core.environment:checking '/home/yueju/led/install/pm_client/bin'
[2.084s] Level 1:colcon.colcon_core.environment:checking '/home/yueju/led/install/pm_client/lib/pkgconfig/pm_client.pc'
[2.084s] Level 1:colcon.colcon_core.environment:checking '/home/yueju/led/install/pm_client/lib/python3.10/site-packages'
[2.085s] Level 1:colcon.colcon_core.environment:checking '/home/yueju/led/install/pm_client/bin'
[2.087s] INFO:colcon.colcon_core.shell:Creating package script '/home/yueju/led/install/pm_client/share/pm_client/package.ps1'
[2.088s] INFO:colcon.colcon_core.shell:Creating package descriptor '/home/yueju/led/install/pm_client/share/pm_client/package.dsv'
[2.089s] INFO:colcon.colcon_core.shell:Creating package script '/home/yueju/led/install/pm_client/share/pm_client/package.sh'
[2.090s] INFO:colcon.colcon_core.shell:Creating package script '/home/yueju/led/install/pm_client/share/pm_client/package.bash'
[2.090s] INFO:colcon.colcon_core.shell:Creating package script '/home/yueju/led/install/pm_client/share/pm_client/package.zsh'
[2.091s] Level 1:colcon.colcon_core.environment:create_file_with_runtime_dependencies(/home/yueju/led/install/pm_client/share/colcon-core/packages/pm_client)
[2.092s] INFO:colcon.colcon_ros.task.ament_cmake.build:Building ROS package in '/home/yueju/led/match_pm_robot/pm_robot_control' with build type 'ament_cmake'
[2.092s] INFO:colcon.colcon_cmake.task.cmake.build:Building CMake package in '/home/yueju/led/match_pm_robot/pm_robot_control'
[2.094s] INFO:colcon.colcon_core.shell:Skip shell extension 'powershell' for command environment: Not usable outside of PowerShell
[2.094s] DEBUG:colcon.colcon_core.shell:Skip shell extension 'dsv' for command environment
[2.136s] DEBUG:colcon.colcon_core.event_handler.log_command:Invoking command in '/home/yueju/led/build/pm_robot_control': AMENT_PREFIX_PATH=/home/yueju/led/install/pm_client:/home/yueju/led/install/open62541:${AMENT_PREFIX_PATH} CMAKE_PREFIX_PATH=/home/yueju/led/install/pm_client:/home/yueju/led/install/open62541:/opt/ros/humble LD_LIBRARY_PATH=/home/yueju/led/install/pm_client/lib:/home/yueju/led/install/open62541/lib:${LD_LIBRARY_PATH} /usr/bin/cmake --build /home/yueju/led/build/pm_robot_control -- -j8 -l8
[2.411s] DEBUG:colcon.colcon_core.event_handler.log_command:Invoked command in '/home/yueju/led/build/pm_robot_control' returned '0': AMENT_PREFIX_PATH=/home/yueju/led/install/pm_client:/home/yueju/led/install/open62541:${AMENT_PREFIX_PATH} CMAKE_PREFIX_PATH=/home/yueju/led/install/pm_client:/home/yueju/led/install/open62541:/opt/ros/humble LD_LIBRARY_PATH=/home/yueju/led/install/pm_client/lib:/home/yueju/led/install/open62541/lib:${LD_LIBRARY_PATH} /usr/bin/cmake --build /home/yueju/led/build/pm_robot_control -- -j8 -l8
[2.440s] DEBUG:colcon.colcon_core.event_handler.log_command:Invoking command in '/home/yueju/led/build/pm_robot_control': AMENT_PREFIX_PATH=/home/yueju/led/install/pm_client:/home/yueju/led/install/open62541:${AMENT_PREFIX_PATH} CMAKE_PREFIX_PATH=/home/yueju/led/install/pm_client:/home/yueju/led/install/open62541:/opt/ros/humble LD_LIBRARY_PATH=/home/yueju/led/install/pm_client/lib:/home/yueju/led/install/open62541/lib:${LD_LIBRARY_PATH} /usr/bin/cmake --install /home/yueju/led/build/pm_robot_control
[2.500s] Level 1:colcon.colcon_core.environment:create_environment_scripts_only(pm_robot_control)
[2.504s] Level 1:colcon.colcon_core.environment:checking '/home/yueju/led/install/pm_robot_control' for CMake module files
[2.505s] DEBUG:colcon.colcon_core.event_handler.log_command:Invoked command in '/home/yueju/led/build/pm_robot_control' returned '0': AMENT_PREFIX_PATH=/home/yueju/led/install/pm_client:/home/yueju/led/install/open62541:${AMENT_PREFIX_PATH} CMAKE_PREFIX_PATH=/home/yueju/led/install/pm_client:/home/yueju/led/install/open62541:/opt/ros/humble LD_LIBRARY_PATH=/home/yueju/led/install/pm_client/lib:/home/yueju/led/install/open62541/lib:${LD_LIBRARY_PATH} /usr/bin/cmake --install /home/yueju/led/build/pm_robot_control
[2.505s] Level 1:colcon.colcon_core.environment:checking '/home/yueju/led/install/pm_robot_control' for CMake config files
[2.506s] Level 1:colcon.colcon_core.shell:create_environment_hook('pm_robot_control', 'cmake_prefix_path')
[2.507s] INFO:colcon.colcon_core.shell:Creating environment hook '/home/yueju/led/install/pm_robot_control/share/pm_robot_control/hook/cmake_prefix_path.ps1'
[2.508s] INFO:colcon.colcon_core.shell:Creating environment descriptor '/home/yueju/led/install/pm_robot_control/share/pm_robot_control/hook/cmake_prefix_path.dsv'
[2.508s] INFO:colcon.colcon_core.shell:Creating environment hook '/home/yueju/led/install/pm_robot_control/share/pm_robot_control/hook/cmake_prefix_path.sh'
[2.509s] Level 1:colcon.colcon_core.environment:checking '/home/yueju/led/install/pm_robot_control/lib'
[2.509s] Level 1:colcon.colcon_core.environment:checking '/home/yueju/led/install/pm_robot_control/bin'
[2.509s] Level 1:colcon.colcon_core.environment:checking '/home/yueju/led/install/pm_robot_control/lib/pkgconfig/pm_robot_control.pc'
[2.510s] Level 1:colcon.colcon_core.environment:checking '/home/yueju/led/install/pm_robot_control/lib/python3.10/site-packages'
[2.510s] Level 1:colcon.colcon_core.environment:checking '/home/yueju/led/install/pm_robot_control/bin'
[2.512s] INFO:colcon.colcon_core.shell:Creating package script '/home/yueju/led/install/pm_robot_control/share/pm_robot_control/package.ps1'
[2.512s] INFO:colcon.colcon_core.shell:Creating package descriptor '/home/yueju/led/install/pm_robot_control/share/pm_robot_control/package.dsv'
[2.513s] INFO:colcon.colcon_core.shell:Creating package script '/home/yueju/led/install/pm_robot_control/share/pm_robot_control/package.sh'
[2.513s] INFO:colcon.colcon_core.shell:Creating package script '/home/yueju/led/install/pm_robot_control/share/pm_robot_control/package.bash'
[2.513s] INFO:colcon.colcon_core.shell:Creating package script '/home/yueju/led/install/pm_robot_control/share/pm_robot_control/package.zsh'
[2.514s] Level 1:colcon.colcon_core.environment:create_file_with_runtime_dependencies(/home/yueju/led/install/pm_robot_control/share/colcon-core/packages/pm_robot_control)
[2.541s] Level 1:colcon.colcon_core.environment:create_environment_scripts_only(pm_robot_control)
[2.544s] Level 1:colcon.colcon_core.environment:checking '/home/yueju/led/install/pm_robot_control' for CMake module files
[2.545s] Level 1:colcon.colcon_core.environment:checking '/home/yueju/led/install/pm_robot_control' for CMake config files
[2.545s] Level 1:colcon.colcon_core.shell:create_environment_hook('pm_robot_control', 'cmake_prefix_path')
[2.547s] INFO:colcon.colcon_core.shell:Creating environment hook '/home/yueju/led/install/pm_robot_control/share/pm_robot_control/hook/cmake_prefix_path.ps1'
[2.548s] INFO:colcon.colcon_core.shell:Creating environment descriptor '/home/yueju/led/install/pm_robot_control/share/pm_robot_control/hook/cmake_prefix_path.dsv'
[2.549s] INFO:colcon.colcon_core.shell:Creating environment hook '/home/yueju/led/install/pm_robot_control/share/pm_robot_control/hook/cmake_prefix_path.sh'
[2.549s] Level 1:colcon.colcon_core.environment:checking '/home/yueju/led/install/pm_robot_control/lib'
[2.550s] Level 1:colcon.colcon_core.environment:checking '/home/yueju/led/install/pm_robot_control/bin'
[2.550s] Level 1:colcon.colcon_core.environment:checking '/home/yueju/led/install/pm_robot_control/lib/pkgconfig/pm_robot_control.pc'
[2.550s] Level 1:colcon.colcon_core.environment:checking '/home/yueju/led/install/pm_robot_control/lib/python3.10/site-packages'
[2.550s] Level 1:colcon.colcon_core.environment:checking '/home/yueju/led/install/pm_robot_control/bin'
[2.553s] INFO:colcon.colcon_core.shell:Creating package script '/home/yueju/led/install/pm_robot_control/share/pm_robot_control/package.ps1'
[2.554s] INFO:colcon.colcon_core.shell:Creating package descriptor '/home/yueju/led/install/pm_robot_control/share/pm_robot_control/package.dsv'
[2.555s] INFO:colcon.colcon_core.shell:Creating package script '/home/yueju/led/install/pm_robot_control/share/pm_robot_control/package.sh'
[2.555s] INFO:colcon.colcon_core.shell:Creating package script '/home/yueju/led/install/pm_robot_control/share/pm_robot_control/package.bash'
[2.556s] INFO:colcon.colcon_core.shell:Creating package script '/home/yueju/led/install/pm_robot_control/share/pm_robot_control/package.zsh'
[2.557s] Level 1:colcon.colcon_core.environment:create_file_with_runtime_dependencies(/home/yueju/led/install/pm_robot_control/share/colcon-core/packages/pm_robot_control)
[2.623s] DEBUG:colcon.colcon_core.event_handler.log_command:Invoking command in '/home/yueju/led/open_cv': PYTHONPATH=/home/yueju/led/build/open_cv/prefix_override:/home/yueju/led/install/open_cv/lib/python3.10/site-packages:${PYTHONPATH} /usr/bin/python3 setup.py egg_info --egg-base ../build/open_cv build --build-base /home/yueju/led/build/open_cv/build install --record /home/yueju/led/build/open_cv/install.log --single-version-externally-managed
[2.629s] DEBUG:colcon.colcon_core.event_handler.log_command:Invoking command in '/home/yueju/led/match_pm_robot/pm_robot_control_test': PYTHONPATH=/home/yueju/led/build/pm_robot_control_test/prefix_override:/home/yueju/led/install/pm_robot_control_test/lib/python3.10/site-packages:${PYTHONPATH} /usr/bin/python3 setup.py egg_info --egg-base ../../build/pm_robot_control_test build --build-base /home/yueju/led/build/pm_robot_control_test/build install --record /home/yueju/led/build/pm_robot_control_test/install.log --single-version-externally-managed
[3.268s] Level 1:colcon.colcon_core.environment:checking '/home/yueju/led/install/open_cv' for CMake module files
[3.268s] DEBUG:colcon.colcon_core.event_handler.log_command:Invoked command in '/home/yueju/led/open_cv' returned '0': PYTHONPATH=/home/yueju/led/build/open_cv/prefix_override:/home/yueju/led/install/open_cv/lib/python3.10/site-packages:${PYTHONPATH} /usr/bin/python3 setup.py egg_info --egg-base ../build/open_cv build --build-base /home/yueju/led/build/open_cv/build install --record /home/yueju/led/build/open_cv/install.log --single-version-externally-managed
[3.269s] Level 1:colcon.colcon_core.environment:checking '/home/yueju/led/install/open_cv' for CMake config files
[3.270s] Level 1:colcon.colcon_core.environment:checking '/home/yueju/led/install/open_cv/lib'
[3.270s] Level 1:colcon.colcon_core.environment:checking '/home/yueju/led/install/open_cv/bin'
[3.270s] Level 1:colcon.colcon_core.environment:checking '/home/yueju/led/install/open_cv/lib/pkgconfig/open_cv.pc'
[3.270s] Level 1:colcon.colcon_core.environment:checking '/home/yueju/led/install/open_cv/lib/python3.10/site-packages'
[3.270s] Level 1:colcon.colcon_core.shell:create_environment_hook('open_cv', 'pythonpath')
[3.272s] INFO:colcon.colcon_core.shell:Creating environment hook '/home/yueju/led/install/open_cv/share/open_cv/hook/pythonpath.ps1'
[3.273s] INFO:colcon.colcon_core.shell:Creating environment descriptor '/home/yueju/led/install/open_cv/share/open_cv/hook/pythonpath.dsv'
[3.273s] INFO:colcon.colcon_core.shell:Creating environment hook '/home/yueju/led/install/open_cv/share/open_cv/hook/pythonpath.sh'
[3.274s] Level 1:colcon.colcon_core.environment:checking '/home/yueju/led/install/open_cv/bin'
[3.274s] Level 1:colcon.colcon_core.environment:create_environment_scripts_only(open_cv)
[3.276s] INFO:colcon.colcon_core.shell:Creating package script '/home/yueju/led/install/open_cv/share/open_cv/package.ps1'
[3.276s] INFO:colcon.colcon_core.shell:Creating package descriptor '/home/yueju/led/install/open_cv/share/open_cv/package.dsv'
[3.277s] INFO:colcon.colcon_core.shell:Creating package script '/home/yueju/led/install/open_cv/share/open_cv/package.sh'
[3.277s] INFO:colcon.colcon_core.shell:Creating package script '/home/yueju/led/install/open_cv/share/open_cv/package.bash'
[3.278s] INFO:colcon.colcon_core.shell:Creating package script '/home/yueju/led/install/open_cv/share/open_cv/package.zsh'
[3.278s] Level 1:colcon.colcon_core.environment:create_file_with_runtime_dependencies(/home/yueju/led/install/open_cv/share/colcon-core/packages/open_cv)
[3.369s] Level 1:colcon.colcon_core.environment:checking '/home/yueju/led/install/pm_robot_control_test' for CMake module files
[3.370s] DEBUG:colcon.colcon_core.event_handler.log_command:Invoked command in '/home/yueju/led/match_pm_robot/pm_robot_control_test' returned '0': PYTHONPATH=/home/yueju/led/build/pm_robot_control_test/prefix_override:/home/yueju/led/install/pm_robot_control_test/lib/python3.10/site-packages:${PYTHONPATH} /usr/bin/python3 setup.py egg_info --egg-base ../../build/pm_robot_control_test build --build-base /home/yueju/led/build/pm_robot_control_test/build install --record /home/yueju/led/build/pm_robot_control_test/install.log --single-version-externally-managed
[3.370s] Level 1:colcon.colcon_core.environment:checking '/home/yueju/led/install/pm_robot_control_test' for CMake config files
[3.371s] Level 1:colcon.colcon_core.environment:checking '/home/yueju/led/install/pm_robot_control_test/lib'
[3.371s] Level 1:colcon.colcon_core.environment:checking '/home/yueju/led/install/pm_robot_control_test/bin'
[3.371s] Level 1:colcon.colcon_core.environment:checking '/home/yueju/led/install/pm_robot_control_test/lib/pkgconfig/pm_robot_control_test.pc'
[3.371s] Level 1:colcon.colcon_core.environment:checking '/home/yueju/led/install/pm_robot_control_test/lib/python3.10/site-packages'
[3.371s] Level 1:colcon.colcon_core.shell:create_environment_hook('pm_robot_control_test', 'pythonpath')
[3.372s] INFO:colcon.colcon_core.shell:Creating environment hook '/home/yueju/led/install/pm_robot_control_test/share/pm_robot_control_test/hook/pythonpath.ps1'
[3.373s] INFO:colcon.colcon_core.shell:Creating environment descriptor '/home/yueju/led/install/pm_robot_control_test/share/pm_robot_control_test/hook/pythonpath.dsv'
[3.373s] INFO:colcon.colcon_core.shell:Creating environment hook '/home/yueju/led/install/pm_robot_control_test/share/pm_robot_control_test/hook/pythonpath.sh'
[3.374s] Level 1:colcon.colcon_core.environment:checking '/home/yueju/led/install/pm_robot_control_test/bin'
[3.374s] Level 1:colcon.colcon_core.environment:create_environment_scripts_only(pm_robot_control_test)
[3.375s] INFO:colcon.colcon_core.shell:Creating package script '/home/yueju/led/install/pm_robot_control_test/share/pm_robot_control_test/package.ps1'
[3.375s] INFO:colcon.colcon_core.shell:Creating package descriptor '/home/yueju/led/install/pm_robot_control_test/share/pm_robot_control_test/package.dsv'
[3.376s] INFO:colcon.colcon_core.shell:Creating package script '/home/yueju/led/install/pm_robot_control_test/share/pm_robot_control_test/package.sh'
[3.376s] INFO:colcon.colcon_core.shell:Creating package script '/home/yueju/led/install/pm_robot_control_test/share/pm_robot_control_test/package.bash'
[3.377s] INFO:colcon.colcon_core.shell:Creating package script '/home/yueju/led/install/pm_robot_control_test/share/pm_robot_control_test/package.zsh'
[3.377s] Level 1:colcon.colcon_core.environment:create_file_with_runtime_dependencies(/home/yueju/led/install/pm_robot_control_test/share/colcon-core/packages/pm_robot_control_test)
[3.377s] DEBUG:colcon.colcon_parallel_executor.executor.parallel:closing loop
[3.378s] DEBUG:colcon.colcon_parallel_executor.executor.parallel:loop closed
[3.378s] DEBUG:colcon.colcon_parallel_executor.executor.parallel:run_until_complete finished with '0'
[3.378s] DEBUG:colcon.colcon_core.event_reactor:joining thread
[3.385s] INFO:colcon.colcon_core.plugin_system:Skipping extension 'colcon_notification.desktop_notification.terminal_notifier': Not used on non-Darwin systems
[3.385s] INFO:colcon.colcon_core.plugin_system:Skipping extension 'colcon_notification.desktop_notification.win32': Not used on non-Windows systems
[3.385s] INFO:colcon.colcon_notification.desktop_notification:Sending desktop notification using 'notify2'
[3.427s] DEBUG:colcon.colcon_core.event_reactor:joined thread
[3.430s] INFO:colcon.colcon_core.shell:Creating prefix script '/home/yueju/led/install/local_setup.ps1'
[3.432s] INFO:colcon.colcon_core.shell:Creating prefix util module '/home/yueju/led/install/_local_setup_util_ps1.py'
[3.435s] INFO:colcon.colcon_core.shell:Creating prefix chain script '/home/yueju/led/install/setup.ps1'
[3.436s] INFO:colcon.colcon_core.shell:Creating prefix script '/home/yueju/led/install/local_setup.sh'
[3.437s] INFO:colcon.colcon_core.shell:Creating prefix util module '/home/yueju/led/install/_local_setup_util_sh.py'
[3.438s] INFO:colcon.colcon_core.shell:Creating prefix chain script '/home/yueju/led/install/setup.sh'
[3.440s] INFO:colcon.colcon_core.shell:Creating prefix script '/home/yueju/led/install/local_setup.bash'
[3.441s] INFO:colcon.colcon_core.shell:Creating prefix chain script '/home/yueju/led/install/setup.bash'
[3.442s] INFO:colcon.colcon_core.shell:Creating prefix script '/home/yueju/led/install/local_setup.zsh'
[3.443s] INFO:colcon.colcon_core.shell:Creating prefix chain script '/home/yueju/led/install/setup.zsh'
