-- The C compiler identification is GNU 11.3.0
-- The CXX compiler identification is GNU 11.3.0
-- Detecting C compiler ABI info
-- Detecting C compiler ABI info - done
-- Check for working C compiler: /usr/bin/cc - skipped
-- Detecting C compile features
-- Detecting C compile features - done
-- Detecting CXX compiler ABI info
-- Detecting CXX compiler ABI info - done
-- Check for working CXX compiler: /usr/bin/c++ - skipped
-- Detecting CXX compile features
-- Detecting CXX compile features - done
-- Found ament_cmake: 1.3.4 (/opt/ros/humble/share/ament_cmake/cmake)
-- Found Python3: /usr/bin/python3.10 (found version "3.10.6") found components: Interpreter 
-- Override CMake install command with custom implementation using symlinks instead of copying resources
-- Configuring done
-- Generating done
-- Build files have been written to: /home/pmlab/yueju2/change/build/pm_bringup
-- Install configuration: ""
-- Execute custom install script
-- Symlinking: /home/pmlab/yueju2/change/install/pm_bringup/share/pm_bringup/launch/auto_calibrating.launch.py
-- Symlinking: /home/pmlab/yueju2/change/install/pm_bringup/share/ament_index/resource_index/package_run_dependencies/pm_bringup
-- Symlinking: /home/pmlab/yueju2/change/install/pm_bringup/share/ament_index/resource_index/parent_prefix_path/pm_bringup
-- Up-to-date symlink: /home/pmlab/yueju2/change/install/pm_bringup/share/pm_bringup/environment/ament_prefix_path.sh
-- Symlinking: /home/pmlab/yueju2/change/install/pm_bringup/share/pm_bringup/environment/ament_prefix_path.dsv
-- Up-to-date symlink: /home/pmlab/yueju2/change/install/pm_bringup/share/pm_bringup/environment/path.sh
-- Symlinking: /home/pmlab/yueju2/change/install/pm_bringup/share/pm_bringup/environment/path.dsv
-- Symlinking: /home/pmlab/yueju2/change/install/pm_bringup/share/pm_bringup/local_setup.bash
-- Symlinking: /home/pmlab/yueju2/change/install/pm_bringup/share/pm_bringup/local_setup.sh
-- Symlinking: /home/pmlab/yueju2/change/install/pm_bringup/share/pm_bringup/local_setup.zsh
-- Symlinking: /home/pmlab/yueju2/change/install/pm_bringup/share/pm_bringup/local_setup.dsv
-- Symlinking: /home/pmlab/yueju2/change/install/pm_bringup/share/pm_bringup/package.dsv
-- Symlinking: /home/pmlab/yueju2/change/install/pm_bringup/share/ament_index/resource_index/packages/pm_bringup
-- Symlinking: /home/pmlab/yueju2/change/install/pm_bringup/share/pm_bringup/cmake/pm_bringupConfig.cmake
-- Symlinking: /home/pmlab/yueju2/change/install/pm_bringup/share/pm_bringup/cmake/pm_bringupConfig-version.cmake
-- Symlinking: /home/pmlab/yueju2/change/install/pm_bringup/share/pm_bringup/package.xml
