[0.008s] Invoking command in '/home/pmlab/yueju2/change/build/pm_bringup': AMENT_PREFIX_PATH=/home/pmlab/yueju2/change/install/open_cv:${AMENT_PREFIX_PATH} CMAKE_PREFIX_PATH=${CMAKE_PREFIX_PATH}:/home/pmlab/pm_ros2_ws/install/pm_vision:/home/pmlab/pm_ros2_ws/install/pm_robot_control_test:/home/pmlab/pm_ros2_ws/install/pm_move:/opt/ros/humble PYTHONPATH=/home/pmlab/yueju2/change/build/open_cv:/home/pmlab/yueju2/change/install/open_cv/lib/python3.10/site-packages:${PYTHONPATH} /usr/bin/cmake /home/pmlab/yueju2/change/pm_bringup -DAMENT_CMAKE_SYMLINK_INSTALL=1 -DCMAKE_INSTALL_PREFIX=/home/pmlab/yueju2/change/install/pm_bringup
[0.081s] -- The C compiler identification is GNU 11.3.0
[0.137s] -- The CXX compiler identification is GNU 11.3.0
[0.142s] -- Detecting C compiler ABI info
[0.183s] -- Detecting C compiler ABI info - done
[0.188s] -- Check for working C compiler: /usr/bin/cc - skipped
[0.188s] -- Detecting C compile features
[0.189s] -- Detecting C compile features - done
[0.190s] -- Detecting CXX compiler ABI info
[0.236s] -- Detecting CXX compiler ABI info - done
[0.241s] -- Check for working CXX compiler: /usr/bin/c++ - skipped
[0.241s] -- Detecting CXX compile features
[0.241s] -- Detecting CXX compile features - done
[0.245s] -- Found ament_cmake: 1.3.4 (/opt/ros/humble/share/ament_cmake/cmake)
[0.351s] -- Found Python3: /usr/bin/python3.10 (found version "3.10.6") found components: Interpreter 
[0.390s] -- Override CMake install command with custom implementation using symlinks instead of copying resources
[0.458s] -- Configuring done
[0.460s] -- Generating done
[0.460s] -- Build files have been written to: /home/pmlab/yueju2/change/build/pm_bringup
[0.463s] Invoked command in '/home/pmlab/yueju2/change/build/pm_bringup' returned '0': AMENT_PREFIX_PATH=/home/pmlab/yueju2/change/install/open_cv:${AMENT_PREFIX_PATH} CMAKE_PREFIX_PATH=${CMAKE_PREFIX_PATH}:/home/pmlab/pm_ros2_ws/install/pm_vision:/home/pmlab/pm_ros2_ws/install/pm_robot_control_test:/home/pmlab/pm_ros2_ws/install/pm_move:/opt/ros/humble PYTHONPATH=/home/pmlab/yueju2/change/build/open_cv:/home/pmlab/yueju2/change/install/open_cv/lib/python3.10/site-packages:${PYTHONPATH} /usr/bin/cmake /home/pmlab/yueju2/change/pm_bringup -DAMENT_CMAKE_SYMLINK_INSTALL=1 -DCMAKE_INSTALL_PREFIX=/home/pmlab/yueju2/change/install/pm_bringup
[0.464s] Invoking command in '/home/pmlab/yueju2/change/build/pm_bringup': AMENT_PREFIX_PATH=/home/pmlab/yueju2/change/install/open_cv:${AMENT_PREFIX_PATH} CMAKE_PREFIX_PATH=${CMAKE_PREFIX_PATH}:/home/pmlab/pm_ros2_ws/install/pm_vision:/home/pmlab/pm_ros2_ws/install/pm_robot_control_test:/home/pmlab/pm_ros2_ws/install/pm_move:/opt/ros/humble PYTHONPATH=/home/pmlab/yueju2/change/build/open_cv:/home/pmlab/yueju2/change/install/open_cv/lib/python3.10/site-packages:${PYTHONPATH} /usr/bin/cmake --build /home/pmlab/yueju2/change/build/pm_bringup -- -j16 -l16
[0.486s] Invoked command in '/home/pmlab/yueju2/change/build/pm_bringup' returned '0': AMENT_PREFIX_PATH=/home/pmlab/yueju2/change/install/open_cv:${AMENT_PREFIX_PATH} CMAKE_PREFIX_PATH=${CMAKE_PREFIX_PATH}:/home/pmlab/pm_ros2_ws/install/pm_vision:/home/pmlab/pm_ros2_ws/install/pm_robot_control_test:/home/pmlab/pm_ros2_ws/install/pm_move:/opt/ros/humble PYTHONPATH=/home/pmlab/yueju2/change/build/open_cv:/home/pmlab/yueju2/change/install/open_cv/lib/python3.10/site-packages:${PYTHONPATH} /usr/bin/cmake --build /home/pmlab/yueju2/change/build/pm_bringup -- -j16 -l16
[0.503s] Invoking command in '/home/pmlab/yueju2/change/build/pm_bringup': AMENT_PREFIX_PATH=/home/pmlab/yueju2/change/install/open_cv:${AMENT_PREFIX_PATH} CMAKE_PREFIX_PATH=${CMAKE_PREFIX_PATH}:/home/pmlab/pm_ros2_ws/install/pm_vision:/home/pmlab/pm_ros2_ws/install/pm_robot_control_test:/home/pmlab/pm_ros2_ws/install/pm_move:/opt/ros/humble PYTHONPATH=/home/pmlab/yueju2/change/build/open_cv:/home/pmlab/yueju2/change/install/open_cv/lib/python3.10/site-packages:${PYTHONPATH} /usr/bin/cmake --install /home/pmlab/yueju2/change/build/pm_bringup
[0.506s] -- Install configuration: ""
[0.506s] -- Execute custom install script
[0.507s] -- Symlinking: /home/pmlab/yueju2/change/install/pm_bringup/share/pm_bringup/launch/auto_calibrating.launch.py
[0.511s] -- Symlinking: /home/pmlab/yueju2/change/install/pm_bringup/share/ament_index/resource_index/package_run_dependencies/pm_bringup
[0.515s] -- Symlinking: /home/pmlab/yueju2/change/install/pm_bringup/share/ament_index/resource_index/parent_prefix_path/pm_bringup
[0.519s] -- Up-to-date symlink: /home/pmlab/yueju2/change/install/pm_bringup/share/pm_bringup/environment/ament_prefix_path.sh
[0.519s] -- Symlinking: /home/pmlab/yueju2/change/install/pm_bringup/share/pm_bringup/environment/ament_prefix_path.dsv
[0.523s] -- Up-to-date symlink: /home/pmlab/yueju2/change/install/pm_bringup/share/pm_bringup/environment/path.sh
[0.523s] -- Symlinking: /home/pmlab/yueju2/change/install/pm_bringup/share/pm_bringup/environment/path.dsv
[0.527s] -- Symlinking: /home/pmlab/yueju2/change/install/pm_bringup/share/pm_bringup/local_setup.bash
[0.531s] -- Symlinking: /home/pmlab/yueju2/change/install/pm_bringup/share/pm_bringup/local_setup.sh
[0.536s] -- Symlinking: /home/pmlab/yueju2/change/install/pm_bringup/share/pm_bringup/local_setup.zsh
[0.540s] -- Symlinking: /home/pmlab/yueju2/change/install/pm_bringup/share/pm_bringup/local_setup.dsv
[0.544s] -- Symlinking: /home/pmlab/yueju2/change/install/pm_bringup/share/pm_bringup/package.dsv
[0.549s] -- Symlinking: /home/pmlab/yueju2/change/install/pm_bringup/share/ament_index/resource_index/packages/pm_bringup
[0.554s] -- Symlinking: /home/pmlab/yueju2/change/install/pm_bringup/share/pm_bringup/cmake/pm_bringupConfig.cmake
[0.558s] -- Symlinking: /home/pmlab/yueju2/change/install/pm_bringup/share/pm_bringup/cmake/pm_bringupConfig-version.cmake
[0.562s] -- Symlinking: /home/pmlab/yueju2/change/install/pm_bringup/share/pm_bringup/package.xml
[0.569s] Invoked command in '/home/pmlab/yueju2/change/build/pm_bringup' returned '0': AMENT_PREFIX_PATH=/home/pmlab/yueju2/change/install/open_cv:${AMENT_PREFIX_PATH} CMAKE_PREFIX_PATH=${CMAKE_PREFIX_PATH}:/home/pmlab/pm_ros2_ws/install/pm_vision:/home/pmlab/pm_ros2_ws/install/pm_robot_control_test:/home/pmlab/pm_ros2_ws/install/pm_move:/opt/ros/humble PYTHONPATH=/home/pmlab/yueju2/change/build/open_cv:/home/pmlab/yueju2/change/install/open_cv/lib/python3.10/site-packages:${PYTHONPATH} /usr/bin/cmake --install /home/pmlab/yueju2/change/build/pm_bringup
