[0.019s] Invoking command in '/home/yueju/led/build/pm_bringup': AMENT_PREFIX_PATH=/home/yueju/led/install/open_cv:${AMENT_PREFIX_PATH} CMAKE_PREFIX_PATH=/opt/ros/humble PYTHONPATH=/home/yueju/led/install/open_cv/lib/python3.10/site-packages:${PYTHONPATH} /usr/bin/cmake --build /home/yueju/led/build/pm_bringup -- -j8 -l8
[0.088s] Invoked command in '/home/yueju/led/build/pm_bringup' returned '0': AMENT_PREFIX_PATH=/home/yueju/led/install/open_cv:${AMENT_PREFIX_PATH} CMAKE_PREFIX_PATH=/opt/ros/humble PYTHONPATH=/home/yueju/led/install/open_cv/lib/python3.10/site-packages:${PYTHONPATH} /usr/bin/cmake --build /home/yueju/led/build/pm_bringup -- -j8 -l8
[0.144s] Invoking command in '/home/yueju/led/build/pm_bringup': AMENT_PREFIX_PATH=/home/yueju/led/install/open_cv:${AMENT_PREFIX_PATH} CMAKE_PREFIX_PATH=/opt/ros/humble PYTHONPATH=/home/yueju/led/install/open_cv/lib/python3.10/site-packages:${PYTHONPATH} /usr/bin/cmake --install /home/yueju/led/build/pm_bringup
[0.155s] -- Install configuration: ""
[0.155s] -- Up-to-date: /home/yueju/led/install/pm_bringup/share/pm_bringup/launch
[0.156s] -- Up-to-date: /home/yueju/led/install/pm_bringup/share/pm_bringup/launch/auto_calibrating.launch.py
[0.156s] -- Up-to-date: /home/yueju/led/install/pm_bringup/share/ament_index/resource_index/package_run_dependencies/pm_bringup
[0.156s] -- Up-to-date: /home/yueju/led/install/pm_bringup/share/ament_index/resource_index/parent_prefix_path/pm_bringup
[0.156s] -- Up-to-date: /home/yueju/led/install/pm_bringup/share/pm_bringup/environment/ament_prefix_path.sh
[0.156s] -- Up-to-date: /home/yueju/led/install/pm_bringup/share/pm_bringup/environment/ament_prefix_path.dsv
[0.157s] -- Up-to-date: /home/yueju/led/install/pm_bringup/share/pm_bringup/environment/path.sh
[0.157s] -- Up-to-date: /home/yueju/led/install/pm_bringup/share/pm_bringup/environment/path.dsv
[0.157s] -- Up-to-date: /home/yueju/led/install/pm_bringup/share/pm_bringup/local_setup.bash
[0.158s] -- Up-to-date: /home/yueju/led/install/pm_bringup/share/pm_bringup/local_setup.sh
[0.159s] -- Up-to-date: /home/yueju/led/install/pm_bringup/share/pm_bringup/local_setup.zsh
[0.159s] -- Up-to-date: /home/yueju/led/install/pm_bringup/share/pm_bringup/local_setup.dsv
[0.159s] -- Up-to-date: /home/yueju/led/install/pm_bringup/share/pm_bringup/package.dsv
[0.159s] -- Up-to-date: /home/yueju/led/install/pm_bringup/share/ament_index/resource_index/packages/pm_bringup
[0.160s] -- Up-to-date: /home/yueju/led/install/pm_bringup/share/pm_bringup/cmake/pm_bringupConfig.cmake
[0.160s] -- Up-to-date: /home/yueju/led/install/pm_bringup/share/pm_bringup/cmake/pm_bringupConfig-version.cmake
[0.161s] -- Up-to-date: /home/yueju/led/install/pm_bringup/share/pm_bringup/package.xml
[0.166s] Invoked command in '/home/yueju/led/build/pm_bringup' returned '0': AMENT_PREFIX_PATH=/home/yueju/led/install/open_cv:${AMENT_PREFIX_PATH} CMAKE_PREFIX_PATH=/opt/ros/humble PYTHONPATH=/home/yueju/led/install/open_cv/lib/python3.10/site-packages:${PYTHONPATH} /usr/bin/cmake --install /home/yueju/led/build/pm_bringup
