-- Install configuration: ""
-- Up-to-date: /home/yueju/led/install/pm_robot_description/share/pm_robot_description/config
-- Up-to-date: /home/yueju/led/install/pm_robot_description/share/pm_robot_description/config/control.yaml
-- Up-to-date: /home/yueju/led/install/pm_robot_description/share/pm_robot_description/config/joint_names_roboter_zusammenbau.yaml
-- Up-to-date: /home/yueju/led/install/pm_robot_description/share/pm_robot_description/config/controller.yaml
-- Up-to-date: /home/yueju/led/install/pm_robot_description/share/pm_robot_description/launch
-- Up-to-date: /home/yueju/led/install/pm_robot_description/share/pm_robot_description/launch/pm_robot_rviz.launch.py
-- Up-to-date: /home/yueju/led/install/pm_robot_description/share/pm_robot_description/launch/pm_robot_gazebo.launch.py
-- Up-to-date: /home/yueju/led/install/pm_robot_description/share/pm_robot_description/meshes
-- Up-to-date: /home/yueju/led/install/pm_robot_description/share/pm_robot_description/meshes/EQ.STL
-- Up-to-date: /home/yueju/led/install/pm_robot_description/share/pm_robot_description/meshes/UV_Module_Right.STL
-- Up-to-date: /home/yueju/led/install/pm_robot_description/share/pm_robot_description/meshes/Z_Axis.STL
-- Up-to-date: /home/yueju/led/install/pm_robot_description/share/pm_robot_description/meshes/Gonio_Right_Stage_1_Upper.STL
-- Up-to-date: /home/yueju/led/install/pm_robot_description/share/pm_robot_description/meshes/Test_Station.STL
-- Up-to-date: /home/yueju/led/install/pm_robot_description/share/pm_robot_description/meshes/Gonio_Left_Stage_1_Upper.STL
-- Up-to-date: /home/yueju/led/install/pm_robot_description/share/pm_robot_description/meshes/UV_Module_Left.STL
-- Up-to-date: /home/yueju/led/install/pm_robot_description/share/pm_robot_description/meshes/Gonio_Right_Mount_Upper.STL
-- Up-to-date: /home/yueju/led/install/pm_robot_description/share/pm_robot_description/meshes/Gripper.STL
-- Up-to-date: /home/yueju/led/install/pm_robot_description/share/pm_robot_description/meshes/Stage_1_Gonio_Right.STL
-- Up-to-date: /home/yueju/led/install/pm_robot_description/share/pm_robot_description/meshes/Camera_Calibration.STL
-- Up-to-date: /home/yueju/led/install/pm_robot_description/share/pm_robot_description/meshes/Nest.STL
-- Up-to-date: /home/yueju/led/install/pm_robot_description/share/pm_robot_description/meshes/Glue_Cartridge.STL
-- Up-to-date: /home/yueju/led/install/pm_robot_description/share/pm_robot_description/meshes/Gonio_Right_Stage_2_Upper.STL
-- Up-to-date: /home/yueju/led/install/pm_robot_description/share/pm_robot_description/meshes/Camera_System.STL
-- Up-to-date: /home/yueju/led/install/pm_robot_description/share/pm_robot_description/meshes/Gripper_Rot_Plate.STL
-- Up-to-date: /home/yueju/led/install/pm_robot_description/share/pm_robot_description/meshes/Glue_Cartridge_Flap.STL
-- Up-to-date: /home/yueju/led/install/pm_robot_description/share/pm_robot_description/meshes/Gonio_Right_Mount_Lower.STL
-- Up-to-date: /home/yueju/led/install/pm_robot_description/share/pm_robot_description/meshes/X_Axis.STL
-- Up-to-date: /home/yueju/led/install/pm_robot_description/share/pm_robot_description/meshes/Camera_Module_Z_Axis.STL
-- Up-to-date: /home/yueju/led/install/pm_robot_description/share/pm_robot_description/meshes/Gonio_Left_Stage_2_Upper.STL
-- Up-to-date: /home/yueju/led/install/pm_robot_description/share/pm_robot_description/meshes/UV_Cart_Left.STL
-- Up-to-date: /home/yueju/led/install/pm_robot_description/share/pm_robot_description/meshes/UV_Cart_Right.STL
-- Up-to-date: /home/yueju/led/install/pm_robot_description/share/pm_robot_description/meshes/Gonio_Base_Left.STL
-- Up-to-date: /home/yueju/led/install/pm_robot_description/share/pm_robot_description/meshes/Component.STL
-- Up-to-date: /home/yueju/led/install/pm_robot_description/share/pm_robot_description/meshes/base_link.STL
-- Up-to-date: /home/yueju/led/install/pm_robot_description/share/pm_robot_description/meshes/Gonio_Base_Rigth.STL
-- Up-to-date: /home/yueju/led/install/pm_robot_description/share/pm_robot_description/meshes/Y_Axis.STL
-- Up-to-date: /home/yueju/led/install/pm_robot_description/share/pm_robot_description/urdf
-- Up-to-date: /home/yueju/led/install/pm_robot_description/share/pm_robot_description/urdf/pm_robot.gv
-- Up-to-date: /home/yueju/led/install/pm_robot_description/share/pm_robot_description/urdf/main.xacro
-- Up-to-date: /home/yueju/led/install/pm_robot_description/share/pm_robot_description/urdf/pm_robot.pdf
-- Up-to-date: /home/yueju/led/install/pm_robot_description/share/pm_robot_description/urdf/ros2_control.xacro
-- Up-to-date: /home/yueju/led/install/pm_robot_description/share/pm_robot_description/urdf/pm_robot.urdf
-- Up-to-date: /home/yueju/led/install/pm_robot_description/share/pm_robot_description/urdf/sensors.urdf
-- Up-to-date: /home/yueju/led/install/pm_robot_description/share/pm_robot_description/urdf/controllers.xacro
-- Up-to-date: /home/yueju/led/install/pm_robot_description/share/ament_index/resource_index/package_run_dependencies/pm_robot_description
-- Up-to-date: /home/yueju/led/install/pm_robot_description/share/ament_index/resource_index/parent_prefix_path/pm_robot_description
-- Up-to-date: /home/yueju/led/install/pm_robot_description/share/pm_robot_description/environment/ament_prefix_path.sh
-- Up-to-date: /home/yueju/led/install/pm_robot_description/share/pm_robot_description/environment/ament_prefix_path.dsv
-- Up-to-date: /home/yueju/led/install/pm_robot_description/share/pm_robot_description/environment/path.sh
-- Up-to-date: /home/yueju/led/install/pm_robot_description/share/pm_robot_description/environment/path.dsv
-- Up-to-date: /home/yueju/led/install/pm_robot_description/share/pm_robot_description/local_setup.bash
-- Up-to-date: /home/yueju/led/install/pm_robot_description/share/pm_robot_description/local_setup.sh
-- Up-to-date: /home/yueju/led/install/pm_robot_description/share/pm_robot_description/local_setup.zsh
-- Up-to-date: /home/yueju/led/install/pm_robot_description/share/pm_robot_description/local_setup.dsv
-- Installing: /home/yueju/led/install/pm_robot_description/share/pm_robot_description/package.dsv
-- Up-to-date: /home/yueju/led/install/pm_robot_description/share/ament_index/resource_index/packages/pm_robot_description
-- Up-to-date: /home/yueju/led/install/pm_robot_description/share/pm_robot_description/cmake/pm_robot_descriptionConfig.cmake
-- Up-to-date: /home/yueju/led/install/pm_robot_description/share/pm_robot_description/cmake/pm_robot_descriptionConfig-version.cmake
-- Up-to-date: /home/yueju/led/install/pm_robot_description/share/pm_robot_description/package.xml
