[0.521s] Invoking command in '/home/yueju/led/build/interface': CMAKE_PREFIX_PATH=/opt/ros/humble /usr/bin/cmake --build /home/yueju/led/build/interface -- -j8 -l8
[0.571s] [  2%] Built target interface__cpp
[0.575s] [ 12%] Built target interface__rosidl_generator_c
[0.585s] [ 12%] Built target ament_cmake_python_copy_interface
[0.609s] [ 28%] Built target interface__rosidl_typesupport_fastrtps_cpp
[0.611s] [ 33%] Built target interface__rosidl_typesupport_cpp
[0.614s] [ 64%] Built target interface__rosidl_typesupport_introspection_cpp
[0.614s] [ 64%] Built target interface__rosidl_typesupport_c
[0.614s] [ 64%] Built target interface__rosidl_typesupport_introspection_c
[0.618s] [ 74%] Built target interface__rosidl_typesupport_fastrtps_c
[0.638s] [ 74%] Built target interface
[0.657s] [ 76%] Built target interface__py
[0.679s] [ 84%] Built target interface__rosidl_generator_py
[0.704s] [ 94%] Built target interface__rosidl_typesupport_c__pyext
[0.704s] [ 94%] Built target interface__rosidl_typesupport_introspection_c__pyext
[0.708s] [100%] Built target interface__rosidl_typesupport_fastrtps_c__pyext
[0.906s] running egg_info
[0.907s] writing interface.egg-info/PKG-INFO
[0.907s] writing dependency_links to interface.egg-info/dependency_links.txt
[0.907s] writing top-level names to interface.egg-info/top_level.txt
[0.910s] reading manifest file 'interface.egg-info/SOURCES.txt'
[0.910s] writing manifest file 'interface.egg-info/SOURCES.txt'
[0.942s] [100%] Built target ament_cmake_python_build_interface_egg
[0.954s] Invoked command in '/home/yueju/led/build/interface' returned '0': CMAKE_PREFIX_PATH=/opt/ros/humble /usr/bin/cmake --build /home/yueju/led/build/interface -- -j8 -l8
[1.044s] Invoking command in '/home/yueju/led/build/interface': CMAKE_PREFIX_PATH=/opt/ros/humble /usr/bin/cmake --install /home/yueju/led/build/interface
[1.051s] -- Install configuration: ""
[1.051s] -- Up-to-date: /home/yueju/led/install/interface/share/ament_index/resource_index/rosidl_interfaces/interface
[1.051s] -- Up-to-date: /home/yueju/led/install/interface/include/interface/interface
[1.051s] -- Up-to-date: /home/yueju/led/install/interface/include/interface/interface/srv
[1.051s] -- Up-to-date: /home/yueju/led/install/interface/include/interface/interface/srv/detail
[1.052s] -- Up-to-date: /home/yueju/led/install/interface/include/interface/interface/srv/detail/set_led__functions.h
[1.052s] -- Up-to-date: /home/yueju/led/install/interface/include/interface/interface/srv/detail/set_led__type_support.h
[1.052s] -- Up-to-date: /home/yueju/led/install/interface/include/interface/interface/srv/detail/set_led__functions.c
[1.052s] -- Up-to-date: /home/yueju/led/install/interface/include/interface/interface/srv/detail/set_led__struct.h
[1.052s] -- Up-to-date: /home/yueju/led/install/interface/include/interface/interface/srv/set_led.h
[1.052s] -- Up-to-date: /home/yueju/led/install/interface/include/interface/interface/msg
[1.052s] -- Up-to-date: /home/yueju/led/install/interface/include/interface/interface/msg/detail
[1.052s] -- Up-to-date: /home/yueju/led/install/interface/include/interface/interface/msg/detail/led__functions.h
[1.052s] -- Up-to-date: /home/yueju/led/install/interface/include/interface/interface/msg/detail/led__functions.c
[1.052s] -- Up-to-date: /home/yueju/led/install/interface/include/interface/interface/msg/detail/led__type_support.h
[1.052s] -- Up-to-date: /home/yueju/led/install/interface/include/interface/interface/msg/detail/led__struct.h
[1.052s] -- Up-to-date: /home/yueju/led/install/interface/include/interface/interface/msg/led.h
[1.052s] -- Up-to-date: /home/yueju/led/install/interface/include/interface/interface/msg/rosidl_generator_c__visibility_control.h
[1.053s] -- Up-to-date: /home/yueju/led/install/interface/share/interface/environment/library_path.sh
[1.053s] -- Up-to-date: /home/yueju/led/install/interface/share/interface/environment/library_path.dsv
[1.053s] -- Up-to-date: /home/yueju/led/install/interface/lib/libinterface__rosidl_generator_c.so
[1.053s] -- Up-to-date: /home/yueju/led/install/interface/include/interface/interface
[1.053s] -- Up-to-date: /home/yueju/led/install/interface/include/interface/interface/srv
[1.053s] -- Up-to-date: /home/yueju/led/install/interface/include/interface/interface/srv/detail
[1.053s] -- Up-to-date: /home/yueju/led/install/interface/include/interface/interface/srv/detail/set_led__rosidl_typesupport_fastrtps_c.h
[1.053s] -- Up-to-date: /home/yueju/led/install/interface/include/interface/interface/msg
[1.053s] -- Up-to-date: /home/yueju/led/install/interface/include/interface/interface/msg/detail
[1.053s] -- Up-to-date: /home/yueju/led/install/interface/include/interface/interface/msg/detail/led__rosidl_typesupport_fastrtps_c.h
[1.053s] -- Up-to-date: /home/yueju/led/install/interface/include/interface/interface/msg/rosidl_typesupport_fastrtps_c__visibility_control.h
[1.053s] -- Up-to-date: /home/yueju/led/install/interface/lib/libinterface__rosidl_typesupport_fastrtps_c.so
[1.054s] -- Up-to-date: /home/yueju/led/install/interface/include/interface/interface
[1.054s] -- Up-to-date: /home/yueju/led/install/interface/include/interface/interface/srv
[1.054s] -- Up-to-date: /home/yueju/led/install/interface/include/interface/interface/srv/detail
[1.054s] -- Up-to-date: /home/yueju/led/install/interface/include/interface/interface/srv/detail/set_led__type_support.c
[1.054s] -- Up-to-date: /home/yueju/led/install/interface/include/interface/interface/srv/detail/set_led__rosidl_typesupport_introspection_c.h
[1.054s] -- Up-to-date: /home/yueju/led/install/interface/include/interface/interface/msg
[1.054s] -- Up-to-date: /home/yueju/led/install/interface/include/interface/interface/msg/detail
[1.054s] -- Up-to-date: /home/yueju/led/install/interface/include/interface/interface/msg/detail/led__type_support.c
[1.054s] -- Up-to-date: /home/yueju/led/install/interface/include/interface/interface/msg/detail/led__rosidl_typesupport_introspection_c.h
[1.054s] -- Up-to-date: /home/yueju/led/install/interface/include/interface/interface/msg/rosidl_typesupport_introspection_c__visibility_control.h
[1.054s] -- Up-to-date: /home/yueju/led/install/interface/lib/libinterface__rosidl_typesupport_introspection_c.so
[1.054s] -- Up-to-date: /home/yueju/led/install/interface/lib/libinterface__rosidl_typesupport_c.so
[1.054s] -- Up-to-date: /home/yueju/led/install/interface/include/interface/interface
[1.055s] -- Up-to-date: /home/yueju/led/install/interface/include/interface/interface/srv
[1.055s] -- Up-to-date: /home/yueju/led/install/interface/include/interface/interface/srv/detail
[1.055s] -- Up-to-date: /home/yueju/led/install/interface/include/interface/interface/srv/detail/set_led__struct.hpp
[1.055s] -- Up-to-date: /home/yueju/led/install/interface/include/interface/interface/srv/detail/set_led__builder.hpp
[1.055s] -- Up-to-date: /home/yueju/led/install/interface/include/interface/interface/srv/detail/set_led__traits.hpp
[1.055s] -- Up-to-date: /home/yueju/led/install/interface/include/interface/interface/srv/set_led.hpp
[1.055s] -- Up-to-date: /home/yueju/led/install/interface/include/interface/interface/msg
[1.055s] -- Up-to-date: /home/yueju/led/install/interface/include/interface/interface/msg/detail
[1.055s] -- Up-to-date: /home/yueju/led/install/interface/include/interface/interface/msg/detail/led__struct.hpp
[1.055s] -- Up-to-date: /home/yueju/led/install/interface/include/interface/interface/msg/detail/led__builder.hpp
[1.056s] -- Up-to-date: /home/yueju/led/install/interface/include/interface/interface/msg/detail/led__traits.hpp
[1.056s] -- Up-to-date: /home/yueju/led/install/interface/include/interface/interface/msg/led.hpp
[1.056s] -- Up-to-date: /home/yueju/led/install/interface/include/interface/interface
[1.056s] -- Up-to-date: /home/yueju/led/install/interface/include/interface/interface/srv
[1.056s] -- Up-to-date: /home/yueju/led/install/interface/include/interface/interface/srv/detail
[1.056s] -- Up-to-date: /home/yueju/led/install/interface/include/interface/interface/srv/detail/dds_fastrtps
[1.056s] -- Up-to-date: /home/yueju/led/install/interface/include/interface/interface/srv/detail/set_led__rosidl_typesupport_fastrtps_cpp.hpp
[1.056s] -- Up-to-date: /home/yueju/led/install/interface/include/interface/interface/msg
[1.056s] -- Up-to-date: /home/yueju/led/install/interface/include/interface/interface/msg/rosidl_typesupport_fastrtps_cpp__visibility_control.h
[1.056s] -- Up-to-date: /home/yueju/led/install/interface/include/interface/interface/msg/detail
[1.056s] -- Up-to-date: /home/yueju/led/install/interface/include/interface/interface/msg/detail/dds_fastrtps
[1.056s] -- Up-to-date: /home/yueju/led/install/interface/include/interface/interface/msg/detail/led__rosidl_typesupport_fastrtps_cpp.hpp
[1.056s] -- Up-to-date: /home/yueju/led/install/interface/lib/libinterface__rosidl_typesupport_fastrtps_cpp.so
[1.057s] -- Up-to-date: /home/yueju/led/install/interface/include/interface/interface
[1.057s] -- Up-to-date: /home/yueju/led/install/interface/include/interface/interface/srv
[1.057s] -- Up-to-date: /home/yueju/led/install/interface/include/interface/interface/srv/detail
[1.057s] -- Up-to-date: /home/yueju/led/install/interface/include/interface/interface/srv/detail/set_led__type_support.cpp
[1.057s] -- Up-to-date: /home/yueju/led/install/interface/include/interface/interface/srv/detail/set_led__rosidl_typesupport_introspection_cpp.hpp
[1.057s] -- Up-to-date: /home/yueju/led/install/interface/include/interface/interface/msg
[1.057s] -- Up-to-date: /home/yueju/led/install/interface/include/interface/interface/msg/detail
[1.057s] -- Up-to-date: /home/yueju/led/install/interface/include/interface/interface/msg/detail/led__rosidl_typesupport_introspection_cpp.hpp
[1.057s] -- Up-to-date: /home/yueju/led/install/interface/include/interface/interface/msg/detail/led__type_support.cpp
[1.057s] -- Up-to-date: /home/yueju/led/install/interface/lib/libinterface__rosidl_typesupport_introspection_cpp.so
[1.057s] -- Up-to-date: /home/yueju/led/install/interface/lib/libinterface__rosidl_typesupport_cpp.so
[1.057s] -- Up-to-date: /home/yueju/led/install/interface/share/interface/environment/pythonpath.sh
[1.057s] -- Up-to-date: /home/yueju/led/install/interface/share/interface/environment/pythonpath.dsv
[1.058s] -- Up-to-date: /home/yueju/led/install/interface/local/lib/python3.10/dist-packages/interface-0.0.0-py3.10.egg-info
[1.058s] -- Installing: /home/yueju/led/install/interface/local/lib/python3.10/dist-packages/interface-0.0.0-py3.10.egg-info/top_level.txt
[1.058s] -- Installing: /home/yueju/led/install/interface/local/lib/python3.10/dist-packages/interface-0.0.0-py3.10.egg-info/SOURCES.txt
[1.058s] -- Installing: /home/yueju/led/install/interface/local/lib/python3.10/dist-packages/interface-0.0.0-py3.10.egg-info/PKG-INFO
[1.058s] -- Installing: /home/yueju/led/install/interface/local/lib/python3.10/dist-packages/interface-0.0.0-py3.10.egg-info/dependency_links.txt
[1.058s] -- Up-to-date: /home/yueju/led/install/interface/local/lib/python3.10/dist-packages/interface
[1.058s] -- Up-to-date: /home/yueju/led/install/interface/local/lib/python3.10/dist-packages/interface/_interface_s.ep.rosidl_typesupport_c.c
[1.059s] -- Up-to-date: /home/yueju/led/install/interface/local/lib/python3.10/dist-packages/interface/interface_s__rosidl_typesupport_c.cpython-310-x86_64-linux-gnu.so
[1.059s] -- Up-to-date: /home/yueju/led/install/interface/local/lib/python3.10/dist-packages/interface/libinterface__rosidl_generator_py.so
[1.059s] -- Up-to-date: /home/yueju/led/install/interface/local/lib/python3.10/dist-packages/interface/srv
[1.059s] -- Up-to-date: /home/yueju/led/install/interface/local/lib/python3.10/dist-packages/interface/srv/_set_led_s.c
[1.059s] -- Up-to-date: /home/yueju/led/install/interface/local/lib/python3.10/dist-packages/interface/srv/__init__.py
[1.059s] -- Up-to-date: /home/yueju/led/install/interface/local/lib/python3.10/dist-packages/interface/srv/_set_led.py
[1.059s] -- Up-to-date: /home/yueju/led/install/interface/local/lib/python3.10/dist-packages/interface/_interface_s.ep.rosidl_typesupport_fastrtps_c.c
[1.059s] -- Up-to-date: /home/yueju/led/install/interface/local/lib/python3.10/dist-packages/interface/msg
[1.059s] -- Up-to-date: /home/yueju/led/install/interface/local/lib/python3.10/dist-packages/interface/msg/_led.py
[1.060s] -- Up-to-date: /home/yueju/led/install/interface/local/lib/python3.10/dist-packages/interface/msg/__init__.py
[1.060s] -- Up-to-date: /home/yueju/led/install/interface/local/lib/python3.10/dist-packages/interface/msg/_led_s.c
[1.060s] -- Up-to-date: /home/yueju/led/install/interface/local/lib/python3.10/dist-packages/interface/_interface_s.ep.rosidl_typesupport_introspection_c.c
[1.060s] -- Up-to-date: /home/yueju/led/install/interface/local/lib/python3.10/dist-packages/interface/interface_s__rosidl_typesupport_fastrtps_c.cpython-310-x86_64-linux-gnu.so
[1.060s] -- Up-to-date: /home/yueju/led/install/interface/local/lib/python3.10/dist-packages/interface/interface_s__rosidl_typesupport_introspection_c.cpython-310-x86_64-linux-gnu.so
[1.060s] -- Up-to-date: /home/yueju/led/install/interface/local/lib/python3.10/dist-packages/interface/__init__.py
[1.089s] Listing '/home/yueju/led/install/interface/local/lib/python3.10/dist-packages/interface'...
[1.089s] Listing '/home/yueju/led/install/interface/local/lib/python3.10/dist-packages/interface/msg'...
[1.090s] Listing '/home/yueju/led/install/interface/local/lib/python3.10/dist-packages/interface/srv'...
[1.097s] -- Up-to-date: /home/yueju/led/install/interface/local/lib/python3.10/dist-packages/interface/interface_s__rosidl_typesupport_fastrtps_c.cpython-310-x86_64-linux-gnu.so
[1.097s] -- Up-to-date: /home/yueju/led/install/interface/local/lib/python3.10/dist-packages/interface/interface_s__rosidl_typesupport_introspection_c.cpython-310-x86_64-linux-gnu.so
[1.098s] -- Up-to-date: /home/yueju/led/install/interface/local/lib/python3.10/dist-packages/interface/interface_s__rosidl_typesupport_c.cpython-310-x86_64-linux-gnu.so
[1.098s] -- Up-to-date: /home/yueju/led/install/interface/lib/libinterface__rosidl_generator_py.so
[1.099s] -- Up-to-date: /home/yueju/led/install/interface/share/interface/msg/Led.idl
[1.100s] -- Up-to-date: /home/yueju/led/install/interface/share/interface/srv/SetLed.idl
[1.100s] -- Up-to-date: /home/yueju/led/install/interface/share/interface/msg/Led.msg
[1.100s] -- Up-to-date: /home/yueju/led/install/interface/share/interface/srv/SetLed.srv
[1.100s] -- Up-to-date: /home/yueju/led/install/interface/share/interface/srv/SetLed_Request.msg
[1.100s] -- Up-to-date: /home/yueju/led/install/interface/share/interface/srv/SetLed_Response.msg
[1.100s] -- Up-to-date: /home/yueju/led/install/interface/share/ament_index/resource_index/package_run_dependencies/interface
[1.100s] -- Up-to-date: /home/yueju/led/install/interface/share/ament_index/resource_index/parent_prefix_path/interface
[1.101s] -- Up-to-date: /home/yueju/led/install/interface/share/interface/environment/ament_prefix_path.sh
[1.101s] -- Up-to-date: /home/yueju/led/install/interface/share/interface/environment/ament_prefix_path.dsv
[1.101s] -- Up-to-date: /home/yueju/led/install/interface/share/interface/environment/path.sh
[1.101s] -- Up-to-date: /home/yueju/led/install/interface/share/interface/environment/path.dsv
[1.101s] -- Up-to-date: /home/yueju/led/install/interface/share/interface/local_setup.bash
[1.101s] -- Up-to-date: /home/yueju/led/install/interface/share/interface/local_setup.sh
[1.101s] -- Up-to-date: /home/yueju/led/install/interface/share/interface/local_setup.zsh
[1.102s] -- Up-to-date: /home/yueju/led/install/interface/share/interface/local_setup.dsv
[1.102s] -- Installing: /home/yueju/led/install/interface/share/interface/package.dsv
[1.102s] -- Up-to-date: /home/yueju/led/install/interface/share/ament_index/resource_index/packages/interface
[1.102s] -- Up-to-date: /home/yueju/led/install/interface/share/interface/cmake/export_interface__rosidl_generator_cExport.cmake
[1.102s] -- Up-to-date: /home/yueju/led/install/interface/share/interface/cmake/export_interface__rosidl_generator_cExport-noconfig.cmake
[1.102s] -- Up-to-date: /home/yueju/led/install/interface/share/interface/cmake/export_interface__rosidl_typesupport_fastrtps_cExport.cmake
[1.103s] -- Up-to-date: /home/yueju/led/install/interface/share/interface/cmake/export_interface__rosidl_typesupport_fastrtps_cExport-noconfig.cmake
[1.103s] -- Up-to-date: /home/yueju/led/install/interface/share/interface/cmake/interface__rosidl_typesupport_introspection_cExport.cmake
[1.103s] -- Up-to-date: /home/yueju/led/install/interface/share/interface/cmake/interface__rosidl_typesupport_introspection_cExport-noconfig.cmake
[1.103s] -- Up-to-date: /home/yueju/led/install/interface/share/interface/cmake/interface__rosidl_typesupport_cExport.cmake
[1.103s] -- Up-to-date: /home/yueju/led/install/interface/share/interface/cmake/interface__rosidl_typesupport_cExport-noconfig.cmake
[1.103s] -- Up-to-date: /home/yueju/led/install/interface/share/interface/cmake/export_interface__rosidl_generator_cppExport.cmake
[1.103s] -- Up-to-date: /home/yueju/led/install/interface/share/interface/cmake/export_interface__rosidl_typesupport_fastrtps_cppExport.cmake
[1.103s] -- Up-to-date: /home/yueju/led/install/interface/share/interface/cmake/export_interface__rosidl_typesupport_fastrtps_cppExport-noconfig.cmake
[1.103s] -- Up-to-date: /home/yueju/led/install/interface/share/interface/cmake/interface__rosidl_typesupport_introspection_cppExport.cmake
[1.104s] -- Up-to-date: /home/yueju/led/install/interface/share/interface/cmake/interface__rosidl_typesupport_introspection_cppExport-noconfig.cmake
[1.104s] -- Up-to-date: /home/yueju/led/install/interface/share/interface/cmake/interface__rosidl_typesupport_cppExport.cmake
[1.104s] -- Up-to-date: /home/yueju/led/install/interface/share/interface/cmake/interface__rosidl_typesupport_cppExport-noconfig.cmake
[1.104s] -- Up-to-date: /home/yueju/led/install/interface/share/interface/cmake/export_interface__rosidl_generator_pyExport.cmake
[1.104s] -- Up-to-date: /home/yueju/led/install/interface/share/interface/cmake/export_interface__rosidl_generator_pyExport-noconfig.cmake
[1.104s] -- Up-to-date: /home/yueju/led/install/interface/share/interface/cmake/rosidl_cmake-extras.cmake
[1.104s] -- Up-to-date: /home/yueju/led/install/interface/share/interface/cmake/ament_cmake_export_include_directories-extras.cmake
[1.104s] -- Up-to-date: /home/yueju/led/install/interface/share/interface/cmake/ament_cmake_export_libraries-extras.cmake
[1.105s] -- Up-to-date: /home/yueju/led/install/interface/share/interface/cmake/ament_cmake_export_targets-extras.cmake
[1.106s] -- Up-to-date: /home/yueju/led/install/interface/share/interface/cmake/rosidl_cmake_export_typesupport_targets-extras.cmake
[1.106s] -- Up-to-date: /home/yueju/led/install/interface/share/interface/cmake/ament_cmake_export_dependencies-extras.cmake
[1.107s] -- Up-to-date: /home/yueju/led/install/interface/share/interface/cmake/rosidl_cmake_export_typesupport_libraries-extras.cmake
[1.107s] -- Up-to-date: /home/yueju/led/install/interface/share/interface/cmake/interfaceConfig.cmake
[1.108s] -- Up-to-date: /home/yueju/led/install/interface/share/interface/cmake/interfaceConfig-version.cmake
[1.108s] -- Up-to-date: /home/yueju/led/install/interface/share/interface/package.xml
[1.108s] Invoked command in '/home/yueju/led/build/interface' returned '0': CMAKE_PREFIX_PATH=/opt/ros/humble /usr/bin/cmake --install /home/yueju/led/build/interface
