[0.026s] Invoking command in '/home/yueju/led/build/opcua_server': CMAKE_PREFIX_PATH=/opt/ros/humble /usr/bin/cmake --build /home/yueju/led/build/opcua_server -- -j8 -l8
[0.071s] [ 50%] Built target open62541
[0.091s] [100%] Built target opcua_server
[0.226s] Invoked command in '/home/yueju/led/build/opcua_server' returned '0': CMAKE_PREFIX_PATH=/opt/ros/humble /usr/bin/cmake --build /home/yueju/led/build/opcua_server -- -j8 -l8
[0.257s] Invoking command in '/home/yueju/led/build/opcua_server': CMAKE_PREFIX_PATH=/opt/ros/humble /usr/bin/cmake --install /home/yueju/led/build/opcua_server
[0.281s] -- Install configuration: ""
[0.284s] -- Up-to-date: /home/yueju/led/install/opcua_server/lib/opcua_server/opcua_server
[0.285s] -- Up-to-date: /home/yueju/led/install/opcua_server/share/ament_index/resource_index/package_run_dependencies/opcua_server
[0.286s] -- Up-to-date: /home/yueju/led/install/opcua_server/share/ament_index/resource_index/parent_prefix_path/opcua_server
[0.288s] -- Up-to-date: /home/yueju/led/install/opcua_server/share/opcua_server/environment/ament_prefix_path.sh
[0.289s] -- Up-to-date: /home/yueju/led/install/opcua_server/share/opcua_server/environment/ament_prefix_path.dsv
[0.289s] -- Up-to-date: /home/yueju/led/install/opcua_server/share/opcua_server/environment/path.sh
[0.289s] -- Up-to-date: /home/yueju/led/install/opcua_server/share/opcua_server/environment/path.dsv
[0.289s] -- Up-to-date: /home/yueju/led/install/opcua_server/share/opcua_server/local_setup.bash
[0.290s] -- Up-to-date: /home/yueju/led/install/opcua_server/share/opcua_server/local_setup.sh
[0.291s] -- Up-to-date: /home/yueju/led/install/opcua_server/share/opcua_server/local_setup.zsh
[0.291s] -- Up-to-date: /home/yueju/led/install/opcua_server/share/opcua_server/local_setup.dsv
[0.292s] -- Installing: /home/yueju/led/install/opcua_server/share/opcua_server/package.dsv
[0.293s] -- Up-to-date: /home/yueju/led/install/opcua_server/share/ament_index/resource_index/packages/opcua_server
[0.293s] -- Up-to-date: /home/yueju/led/install/opcua_server/share/opcua_server/cmake/opcua_serverConfig.cmake
[0.296s] -- Up-to-date: /home/yueju/led/install/opcua_server/share/opcua_server/cmake/opcua_serverConfig-version.cmake
[0.296s] -- Up-to-date: /home/yueju/led/install/opcua_server/share/opcua_server/package.xml
[0.301s] Invoked command in '/home/yueju/led/build/opcua_server' returned '0': CMAKE_PREFIX_PATH=/opt/ros/humble /usr/bin/cmake --install /home/yueju/led/build/opcua_server
