[0.256s] DEBUG:colcon:Command line arguments: ['/usr/bin/colcon', 'build']
[0.256s] DEBUG:colcon:Parsed command line arguments: Namespace(log_base=None, log_level=None, verb_name='build', build_base='build', install_base='install', merge_install=False, symlink_install=False, test_result_base=None, continue_on_error=False, executor='parallel', parallel_workers=8, event_handlers=None, ignore_user_meta=False, metas=['./colcon.meta'], base_paths=['.'], packages_ignore=None, packages_ignore_regex=None, paths=None, packages_up_to=None, packages_up_to_regex=None, packages_above=None, packages_above_and_dependencies=None, packages_above_depth=None, packages_select_by_dep=None, packages_skip_by_dep=None, packages_skip_up_to=None, packages_select_build_failed=False, packages_skip_build_finished=False, packages_select_test_failures=False, packages_skip_test_passed=False, packages_select=None, packages_skip=None, packages_select_regex=None, packages_skip_regex=None, packages_start=None, packages_end=None, allow_overriding=[], cmake_args=None, cmake_target=None, cmake_target_skip_unavailable=False, cmake_clean_cache=False, cmake_clean_first=False, cmake_force_configure=False, ament_cmake_args=None, catkin_cmake_args=None, catkin_skip_building_tests=False, verb_parser=<colcon_defaults.argument_parser.defaults.DefaultArgumentsDecorator object at 0x7f624c646ef0>, verb_extension=<colcon_core.verb.build.BuildVerb object at 0x7f624c798a30>, main=<bound method BuildVerb.main of <colcon_core.verb.build.BuildVerb object at 0x7f624c798a30>>)
[0.286s] Level 1:colcon.colcon_core.package_discovery:discover_packages(colcon_meta) check parameters
[0.286s] Level 1:colcon.colcon_core.package_discovery:discover_packages(recursive) check parameters
[0.286s] Level 1:colcon.colcon_core.package_discovery:discover_packages(ignore) check parameters
[0.286s] Level 1:colcon.colcon_core.package_discovery:discover_packages(path) check parameters
[0.286s] Level 1:colcon.colcon_core.package_discovery:discover_packages(colcon_meta) discover
[0.286s] Level 1:colcon.colcon_core.package_discovery:discover_packages(recursive) discover
[0.286s] INFO:colcon.colcon_core.package_discovery:Crawling recursively for packages in '/home/yueju/led'
[0.286s] Level 1:colcon.colcon_core.package_identification:_identify(.) by extensions ['ignore', 'ignore_ament_install']
[0.286s] Level 1:colcon.colcon_core.package_identification:_identify(.) by extension 'ignore'
[0.286s] Level 1:colcon.colcon_core.package_identification:_identify(.) by extension 'ignore_ament_install'
[0.286s] Level 1:colcon.colcon_core.package_identification:_identify(.) by extensions ['colcon_pkg']
[0.286s] Level 1:colcon.colcon_core.package_identification:_identify(.) by extension 'colcon_pkg'
[0.286s] Level 1:colcon.colcon_core.package_identification:_identify(.) by extensions ['colcon_meta']
[0.286s] Level 1:colcon.colcon_core.package_identification:_identify(.) by extension 'colcon_meta'
[0.286s] Level 1:colcon.colcon_core.package_identification:_identify(.) by extensions ['ros']
[0.287s] Level 1:colcon.colcon_core.package_identification:_identify(.) by extension 'ros'
[0.301s] Level 1:colcon.colcon_core.package_identification:_identify(.) by extensions ['cmake', 'python']
[0.301s] Level 1:colcon.colcon_core.package_identification:_identify(.) by extension 'cmake'
[0.301s] Level 1:colcon.colcon_core.package_identification:_identify(.) by extension 'python'
[0.301s] Level 1:colcon.colcon_core.package_identification:_identify(.) by extensions ['python_setup_py']
[0.301s] Level 1:colcon.colcon_core.package_identification:_identify(.) by extension 'python_setup_py'
[0.301s] Level 1:colcon.colcon_core.package_identification:_identify(build) by extensions ['ignore', 'ignore_ament_install']
[0.301s] Level 1:colcon.colcon_core.package_identification:_identify(build) by extension 'ignore'
[0.301s] Level 1:colcon.colcon_core.package_identification:_identify(build) ignored
[0.302s] Level 1:colcon.colcon_core.package_identification:_identify(install) by extensions ['ignore', 'ignore_ament_install']
[0.302s] Level 1:colcon.colcon_core.package_identification:_identify(install) by extension 'ignore'
[0.302s] Level 1:colcon.colcon_core.package_identification:_identify(install) ignored
[0.302s] Level 1:colcon.colcon_core.package_identification:_identify(log) by extensions ['ignore', 'ignore_ament_install']
[0.302s] Level 1:colcon.colcon_core.package_identification:_identify(log) by extension 'ignore'
[0.302s] Level 1:colcon.colcon_core.package_identification:_identify(log) ignored
[0.302s] Level 1:colcon.colcon_core.package_identification:_identify(match_pm_robot) by extensions ['ignore', 'ignore_ament_install']
[0.302s] Level 1:colcon.colcon_core.package_identification:_identify(match_pm_robot) by extension 'ignore'
[0.302s] Level 1:colcon.colcon_core.package_identification:_identify(match_pm_robot) by extension 'ignore_ament_install'
[0.302s] Level 1:colcon.colcon_core.package_identification:_identify(match_pm_robot) by extensions ['colcon_pkg']
[0.303s] Level 1:colcon.colcon_core.package_identification:_identify(match_pm_robot) by extension 'colcon_pkg'
[0.303s] Level 1:colcon.colcon_core.package_identification:_identify(match_pm_robot) by extensions ['colcon_meta']
[0.303s] Level 1:colcon.colcon_core.package_identification:_identify(match_pm_robot) by extension 'colcon_meta'
[0.303s] Level 1:colcon.colcon_core.package_identification:_identify(match_pm_robot) by extensions ['ros']
[0.303s] Level 1:colcon.colcon_core.package_identification:_identify(match_pm_robot) by extension 'ros'
[0.303s] Level 1:colcon.colcon_core.package_identification:_identify(match_pm_robot) by extensions ['cmake', 'python']
[0.303s] Level 1:colcon.colcon_core.package_identification:_identify(match_pm_robot) by extension 'cmake'
[0.303s] Level 1:colcon.colcon_core.package_identification:_identify(match_pm_robot) by extension 'python'
[0.303s] Level 1:colcon.colcon_core.package_identification:_identify(match_pm_robot) by extensions ['python_setup_py']
[0.303s] Level 1:colcon.colcon_core.package_identification:_identify(match_pm_robot) by extension 'python_setup_py'
[0.303s] Level 1:colcon.colcon_core.package_identification:_identify(match_pm_robot/opcua_server) by extensions ['ignore', 'ignore_ament_install']
[0.303s] Level 1:colcon.colcon_core.package_identification:_identify(match_pm_robot/opcua_server) by extension 'ignore'
[0.303s] Level 1:colcon.colcon_core.package_identification:_identify(match_pm_robot/opcua_server) by extension 'ignore_ament_install'
[0.303s] Level 1:colcon.colcon_core.package_identification:_identify(match_pm_robot/opcua_server) by extensions ['colcon_pkg']
[0.303s] Level 1:colcon.colcon_core.package_identification:_identify(match_pm_robot/opcua_server) by extension 'colcon_pkg'
[0.304s] Level 1:colcon.colcon_core.package_identification:_identify(match_pm_robot/opcua_server) by extensions ['colcon_meta']
[0.304s] Level 1:colcon.colcon_core.package_identification:_identify(match_pm_robot/opcua_server) by extension 'colcon_meta'
[0.304s] Level 1:colcon.colcon_core.package_identification:_identify(match_pm_robot/opcua_server) by extensions ['ros']
[0.304s] Level 1:colcon.colcon_core.package_identification:_identify(match_pm_robot/opcua_server) by extension 'ros'
[0.306s] DEBUG:colcon.colcon_core.package_identification:Package 'match_pm_robot/opcua_server' with type 'ros.ament_cmake' and name 'opcua_server'
[0.306s] Level 1:colcon.colcon_core.package_identification:_identify(match_pm_robot/open62541) by extensions ['ignore', 'ignore_ament_install']
[0.306s] Level 1:colcon.colcon_core.package_identification:_identify(match_pm_robot/open62541) by extension 'ignore'
[0.306s] Level 1:colcon.colcon_core.package_identification:_identify(match_pm_robot/open62541) by extension 'ignore_ament_install'
[0.306s] Level 1:colcon.colcon_core.package_identification:_identify(match_pm_robot/open62541) by extensions ['colcon_pkg']
[0.306s] Level 1:colcon.colcon_core.package_identification:_identify(match_pm_robot/open62541) by extension 'colcon_pkg'
[0.306s] Level 1:colcon.colcon_core.package_identification:_identify(match_pm_robot/open62541) by extensions ['colcon_meta']
[0.306s] Level 1:colcon.colcon_core.package_identification:_identify(match_pm_robot/open62541) by extension 'colcon_meta'
[0.306s] Level 1:colcon.colcon_core.package_identification:_identify(match_pm_robot/open62541) by extensions ['ros']
[0.306s] Level 1:colcon.colcon_core.package_identification:_identify(match_pm_robot/open62541) by extension 'ros'
[0.307s] DEBUG:colcon.colcon_core.package_identification:Package 'match_pm_robot/open62541' with type 'ros.ament_cmake' and name 'open62541'
[0.307s] Level 1:colcon.colcon_core.package_identification:_identify(match_pm_robot/pm_client) by extensions ['ignore', 'ignore_ament_install']
[0.307s] Level 1:colcon.colcon_core.package_identification:_identify(match_pm_robot/pm_client) by extension 'ignore'
[0.307s] Level 1:colcon.colcon_core.package_identification:_identify(match_pm_robot/pm_client) by extension 'ignore_ament_install'
[0.307s] Level 1:colcon.colcon_core.package_identification:_identify(match_pm_robot/pm_client) by extensions ['colcon_pkg']
[0.307s] Level 1:colcon.colcon_core.package_identification:_identify(match_pm_robot/pm_client) by extension 'colcon_pkg'
[0.307s] Level 1:colcon.colcon_core.package_identification:_identify(match_pm_robot/pm_client) by extensions ['colcon_meta']
[0.307s] Level 1:colcon.colcon_core.package_identification:_identify(match_pm_robot/pm_client) by extension 'colcon_meta'
[0.307s] Level 1:colcon.colcon_core.package_identification:_identify(match_pm_robot/pm_client) by extensions ['ros']
[0.307s] Level 1:colcon.colcon_core.package_identification:_identify(match_pm_robot/pm_client) by extension 'ros'
[0.308s] DEBUG:colcon.colcon_core.package_identification:Package 'match_pm_robot/pm_client' with type 'ros.ament_cmake' and name 'pm_client'
[0.308s] Level 1:colcon.colcon_core.package_identification:_identify(match_pm_robot/pm_robot_control) by extensions ['ignore', 'ignore_ament_install']
[0.308s] Level 1:colcon.colcon_core.package_identification:_identify(match_pm_robot/pm_robot_control) by extension 'ignore'
[0.308s] Level 1:colcon.colcon_core.package_identification:_identify(match_pm_robot/pm_robot_control) by extension 'ignore_ament_install'
[0.308s] Level 1:colcon.colcon_core.package_identification:_identify(match_pm_robot/pm_robot_control) by extensions ['colcon_pkg']
[0.308s] Level 1:colcon.colcon_core.package_identification:_identify(match_pm_robot/pm_robot_control) by extension 'colcon_pkg'
[0.308s] Level 1:colcon.colcon_core.package_identification:_identify(match_pm_robot/pm_robot_control) by extensions ['colcon_meta']
[0.308s] Level 1:colcon.colcon_core.package_identification:_identify(match_pm_robot/pm_robot_control) by extension 'colcon_meta'
[0.308s] Level 1:colcon.colcon_core.package_identification:_identify(match_pm_robot/pm_robot_control) by extensions ['ros']
[0.308s] Level 1:colcon.colcon_core.package_identification:_identify(match_pm_robot/pm_robot_control) by extension 'ros'
[0.309s] DEBUG:colcon.colcon_core.package_identification:Package 'match_pm_robot/pm_robot_control' with type 'ros.ament_cmake' and name 'pm_robot_control'
[0.309s] Level 1:colcon.colcon_core.package_identification:_identify(match_pm_robot/pm_robot_control_test) by extensions ['ignore', 'ignore_ament_install']
[0.309s] Level 1:colcon.colcon_core.package_identification:_identify(match_pm_robot/pm_robot_control_test) by extension 'ignore'
[0.309s] Level 1:colcon.colcon_core.package_identification:_identify(match_pm_robot/pm_robot_control_test) by extension 'ignore_ament_install'
[0.309s] Level 1:colcon.colcon_core.package_identification:_identify(match_pm_robot/pm_robot_control_test) by extensions ['colcon_pkg']
[0.309s] Level 1:colcon.colcon_core.package_identification:_identify(match_pm_robot/pm_robot_control_test) by extension 'colcon_pkg'
[0.309s] Level 1:colcon.colcon_core.package_identification:_identify(match_pm_robot/pm_robot_control_test) by extensions ['colcon_meta']
[0.309s] Level 1:colcon.colcon_core.package_identification:_identify(match_pm_robot/pm_robot_control_test) by extension 'colcon_meta'
[0.309s] Level 1:colcon.colcon_core.package_identification:_identify(match_pm_robot/pm_robot_control_test) by extensions ['ros']
[0.309s] Level 1:colcon.colcon_core.package_identification:_identify(match_pm_robot/pm_robot_control_test) by extension 'ros'
[0.310s] DEBUG:colcon.colcon_core.package_identification:Package 'match_pm_robot/pm_robot_control_test' with type 'ros.ament_python' and name 'pm_robot_control_test'
[0.310s] Level 1:colcon.colcon_core.package_identification:_identify(match_pm_robot/pm_robot_description) by extensions ['ignore', 'ignore_ament_install']
[0.310s] Level 1:colcon.colcon_core.package_identification:_identify(match_pm_robot/pm_robot_description) by extension 'ignore'
[0.310s] Level 1:colcon.colcon_core.package_identification:_identify(match_pm_robot/pm_robot_description) by extension 'ignore_ament_install'
[0.310s] Level 1:colcon.colcon_core.package_identification:_identify(match_pm_robot/pm_robot_description) by extensions ['colcon_pkg']
[0.310s] Level 1:colcon.colcon_core.package_identification:_identify(match_pm_robot/pm_robot_description) by extension 'colcon_pkg'
[0.310s] Level 1:colcon.colcon_core.package_identification:_identify(match_pm_robot/pm_robot_description) by extensions ['colcon_meta']
[0.310s] Level 1:colcon.colcon_core.package_identification:_identify(match_pm_robot/pm_robot_description) by extension 'colcon_meta'
[0.310s] Level 1:colcon.colcon_core.package_identification:_identify(match_pm_robot/pm_robot_description) by extensions ['ros']
[0.310s] Level 1:colcon.colcon_core.package_identification:_identify(match_pm_robot/pm_robot_description) by extension 'ros'
[0.311s] DEBUG:colcon.colcon_core.package_identification:Package 'match_pm_robot/pm_robot_description' with type 'ros.ament_cmake' and name 'pm_robot_description'
[0.311s] Level 1:colcon.colcon_core.package_identification:_identify(match_pm_robot/pm_robot_moveit_config) by extensions ['ignore', 'ignore_ament_install']
[0.311s] Level 1:colcon.colcon_core.package_identification:_identify(match_pm_robot/pm_robot_moveit_config) by extension 'ignore'
[0.311s] Level 1:colcon.colcon_core.package_identification:_identify(match_pm_robot/pm_robot_moveit_config) by extension 'ignore_ament_install'
[0.311s] Level 1:colcon.colcon_core.package_identification:_identify(match_pm_robot/pm_robot_moveit_config) by extensions ['colcon_pkg']
[0.311s] Level 1:colcon.colcon_core.package_identification:_identify(match_pm_robot/pm_robot_moveit_config) by extension 'colcon_pkg'
[0.311s] Level 1:colcon.colcon_core.package_identification:_identify(match_pm_robot/pm_robot_moveit_config) by extensions ['colcon_meta']
[0.311s] Level 1:colcon.colcon_core.package_identification:_identify(match_pm_robot/pm_robot_moveit_config) by extension 'colcon_meta'
[0.311s] Level 1:colcon.colcon_core.package_identification:_identify(match_pm_robot/pm_robot_moveit_config) by extensions ['ros']
[0.311s] Level 1:colcon.colcon_core.package_identification:_identify(match_pm_robot/pm_robot_moveit_config) by extension 'ros'
[0.312s] DEBUG:colcon.colcon_core.package_identification:Package 'match_pm_robot/pm_robot_moveit_config' with type 'ros.ament_cmake' and name 'pm_robot_moveit_config'
[0.312s] Level 1:colcon.colcon_core.package_identification:_identify(match_pm_robot/pm_robot_submodules) by extensions ['ignore', 'ignore_ament_install']
[0.312s] Level 1:colcon.colcon_core.package_identification:_identify(match_pm_robot/pm_robot_submodules) by extension 'ignore'
[0.312s] Level 1:colcon.colcon_core.package_identification:_identify(match_pm_robot/pm_robot_submodules) by extension 'ignore_ament_install'
[0.312s] Level 1:colcon.colcon_core.package_identification:_identify(match_pm_robot/pm_robot_submodules) by extensions ['colcon_pkg']
[0.312s] Level 1:colcon.colcon_core.package_identification:_identify(match_pm_robot/pm_robot_submodules) by extension 'colcon_pkg'
[0.312s] Level 1:colcon.colcon_core.package_identification:_identify(match_pm_robot/pm_robot_submodules) by extensions ['colcon_meta']
[0.312s] Level 1:colcon.colcon_core.package_identification:_identify(match_pm_robot/pm_robot_submodules) by extension 'colcon_meta'
[0.312s] Level 1:colcon.colcon_core.package_identification:_identify(match_pm_robot/pm_robot_submodules) by extensions ['ros']
[0.312s] Level 1:colcon.colcon_core.package_identification:_identify(match_pm_robot/pm_robot_submodules) by extension 'ros'
[0.312s] Level 1:colcon.colcon_core.package_identification:_identify(match_pm_robot/pm_robot_submodules) by extensions ['cmake', 'python']
[0.312s] Level 1:colcon.colcon_core.package_identification:_identify(match_pm_robot/pm_robot_submodules) by extension 'cmake'
[0.313s] Level 1:colcon.colcon_core.package_identification:_identify(match_pm_robot/pm_robot_submodules) by extension 'python'
[0.313s] Level 1:colcon.colcon_core.package_identification:_identify(match_pm_robot/pm_robot_submodules) by extensions ['python_setup_py']
[0.313s] Level 1:colcon.colcon_core.package_identification:_identify(match_pm_robot/pm_robot_submodules) by extension 'python_setup_py'
[0.313s] Level 1:colcon.colcon_core.package_identification:_identify(match_pm_robot/pm_robot_submodules/image_common) by extensions ['ignore', 'ignore_ament_install']
[0.313s] Level 1:colcon.colcon_core.package_identification:_identify(match_pm_robot/pm_robot_submodules/image_common) by extension 'ignore'
[0.313s] Level 1:colcon.colcon_core.package_identification:_identify(match_pm_robot/pm_robot_submodules/image_common) by extension 'ignore_ament_install'
[0.313s] Level 1:colcon.colcon_core.package_identification:_identify(match_pm_robot/pm_robot_submodules/image_common) by extensions ['colcon_pkg']
[0.313s] Level 1:colcon.colcon_core.package_identification:_identify(match_pm_robot/pm_robot_submodules/image_common) by extension 'colcon_pkg'
[0.313s] Level 1:colcon.colcon_core.package_identification:_identify(match_pm_robot/pm_robot_submodules/image_common) by extensions ['colcon_meta']
[0.313s] Level 1:colcon.colcon_core.package_identification:_identify(match_pm_robot/pm_robot_submodules/image_common) by extension 'colcon_meta'
[0.313s] Level 1:colcon.colcon_core.package_identification:_identify(match_pm_robot/pm_robot_submodules/image_common) by extensions ['ros']
[0.313s] Level 1:colcon.colcon_core.package_identification:_identify(match_pm_robot/pm_robot_submodules/image_common) by extension 'ros'
[0.313s] Level 1:colcon.colcon_core.package_identification:_identify(match_pm_robot/pm_robot_submodules/image_common) by extensions ['cmake', 'python']
[0.313s] Level 1:colcon.colcon_core.package_identification:_identify(match_pm_robot/pm_robot_submodules/image_common) by extension 'cmake'
[0.313s] Level 1:colcon.colcon_core.package_identification:_identify(match_pm_robot/pm_robot_submodules/image_common) by extension 'python'
[0.313s] Level 1:colcon.colcon_core.package_identification:_identify(match_pm_robot/pm_robot_submodules/image_common) by extensions ['python_setup_py']
[0.313s] Level 1:colcon.colcon_core.package_identification:_identify(match_pm_robot/pm_robot_submodules/image_common) by extension 'python_setup_py'
[0.313s] Level 1:colcon.colcon_core.package_identification:_identify(match_pm_robot/pm_robot_submodules/pylon-ros-camera) by extensions ['ignore', 'ignore_ament_install']
[0.313s] Level 1:colcon.colcon_core.package_identification:_identify(match_pm_robot/pm_robot_submodules/pylon-ros-camera) by extension 'ignore'
[0.313s] Level 1:colcon.colcon_core.package_identification:_identify(match_pm_robot/pm_robot_submodules/pylon-ros-camera) by extension 'ignore_ament_install'
[0.313s] Level 1:colcon.colcon_core.package_identification:_identify(match_pm_robot/pm_robot_submodules/pylon-ros-camera) by extensions ['colcon_pkg']
[0.313s] Level 1:colcon.colcon_core.package_identification:_identify(match_pm_robot/pm_robot_submodules/pylon-ros-camera) by extension 'colcon_pkg'
[0.314s] Level 1:colcon.colcon_core.package_identification:_identify(match_pm_robot/pm_robot_submodules/pylon-ros-camera) by extensions ['colcon_meta']
[0.314s] Level 1:colcon.colcon_core.package_identification:_identify(match_pm_robot/pm_robot_submodules/pylon-ros-camera) by extension 'colcon_meta'
[0.314s] Level 1:colcon.colcon_core.package_identification:_identify(match_pm_robot/pm_robot_submodules/pylon-ros-camera) by extensions ['ros']
[0.314s] Level 1:colcon.colcon_core.package_identification:_identify(match_pm_robot/pm_robot_submodules/pylon-ros-camera) by extension 'ros'
[0.314s] Level 1:colcon.colcon_core.package_identification:_identify(match_pm_robot/pm_robot_submodules/pylon-ros-camera) by extensions ['cmake', 'python']
[0.314s] Level 1:colcon.colcon_core.package_identification:_identify(match_pm_robot/pm_robot_submodules/pylon-ros-camera) by extension 'cmake'
[0.314s] Level 1:colcon.colcon_core.package_identification:_identify(match_pm_robot/pm_robot_submodules/pylon-ros-camera) by extension 'python'
[0.314s] Level 1:colcon.colcon_core.package_identification:_identify(match_pm_robot/pm_robot_submodules/pylon-ros-camera) by extensions ['python_setup_py']
[0.314s] Level 1:colcon.colcon_core.package_identification:_identify(match_pm_robot/pm_robot_submodules/pylon-ros-camera) by extension 'python_setup_py'
[0.314s] Level 1:colcon.colcon_core.package_discovery:discover_packages(recursive) using defaults
[0.314s] Level 1:colcon.colcon_core.package_discovery:discover_packages(ignore) discover
[0.314s] Level 1:colcon.colcon_core.package_discovery:discover_packages(ignore) using defaults
[0.314s] Level 1:colcon.colcon_core.package_discovery:discover_packages(path) discover
[0.314s] Level 1:colcon.colcon_core.package_discovery:discover_packages(path) using defaults
[0.335s] Level 1:colcon.colcon_core.package_discovery:discover_packages(prefix_path) check parameters
[0.335s] Level 1:colcon.colcon_core.package_discovery:discover_packages(prefix_path) discover
[0.338s] DEBUG:colcon.colcon_installed_package_information.package_discovery:Found 320 installed packages in /opt/ros/humble
[0.340s] Level 1:colcon.colcon_core.package_discovery:discover_packages(prefix_path) using defaults
[0.420s] Level 5:colcon.colcon_core.verb:set package 'opcua_server' build argument 'cmake_args' from command line to 'None'
[0.420s] Level 5:colcon.colcon_core.verb:set package 'opcua_server' build argument 'cmake_target' from command line to 'None'
[0.420s] Level 5:colcon.colcon_core.verb:set package 'opcua_server' build argument 'cmake_target_skip_unavailable' from command line to 'False'
[0.420s] Level 5:colcon.colcon_core.verb:set package 'opcua_server' build argument 'cmake_clean_cache' from command line to 'False'
[0.420s] Level 5:colcon.colcon_core.verb:set package 'opcua_server' build argument 'cmake_clean_first' from command line to 'False'
[0.420s] Level 5:colcon.colcon_core.verb:set package 'opcua_server' build argument 'cmake_force_configure' from command line to 'False'
[0.420s] Level 5:colcon.colcon_core.verb:set package 'opcua_server' build argument 'ament_cmake_args' from command line to 'None'
[0.420s] Level 5:colcon.colcon_core.verb:set package 'opcua_server' build argument 'catkin_cmake_args' from command line to 'None'
[0.421s] Level 5:colcon.colcon_core.verb:set package 'opcua_server' build argument 'catkin_skip_building_tests' from command line to 'False'
[0.421s] DEBUG:colcon.colcon_core.verb:Building package 'opcua_server' with the following arguments: {'ament_cmake_args': None, 'build_base': '/home/yueju/led/build/opcua_server', 'catkin_cmake_args': None, 'catkin_skip_building_tests': False, 'cmake_args': None, 'cmake_clean_cache': False, 'cmake_clean_first': False, 'cmake_force_configure': False, 'cmake_target': None, 'cmake_target_skip_unavailable': False, 'install_base': '/home/yueju/led/install/opcua_server', 'merge_install': False, 'path': '/home/yueju/led/match_pm_robot/opcua_server', 'symlink_install': False, 'test_result_base': None}
[0.421s] Level 5:colcon.colcon_core.verb:set package 'open62541' build argument 'cmake_args' from command line to 'None'
[0.421s] Level 5:colcon.colcon_core.verb:set package 'open62541' build argument 'cmake_target' from command line to 'None'
[0.421s] Level 5:colcon.colcon_core.verb:set package 'open62541' build argument 'cmake_target_skip_unavailable' from command line to 'False'
[0.421s] Level 5:colcon.colcon_core.verb:set package 'open62541' build argument 'cmake_clean_cache' from command line to 'False'
[0.421s] Level 5:colcon.colcon_core.verb:set package 'open62541' build argument 'cmake_clean_first' from command line to 'False'
[0.422s] Level 5:colcon.colcon_core.verb:set package 'open62541' build argument 'cmake_force_configure' from command line to 'False'
[0.422s] Level 5:colcon.colcon_core.verb:set package 'open62541' build argument 'ament_cmake_args' from command line to 'None'
[0.422s] Level 5:colcon.colcon_core.verb:set package 'open62541' build argument 'catkin_cmake_args' from command line to 'None'
[0.422s] Level 5:colcon.colcon_core.verb:set package 'open62541' build argument 'catkin_skip_building_tests' from command line to 'False'
[0.422s] DEBUG:colcon.colcon_core.verb:Building package 'open62541' with the following arguments: {'ament_cmake_args': None, 'build_base': '/home/yueju/led/build/open62541', 'catkin_cmake_args': None, 'catkin_skip_building_tests': False, 'cmake_args': None, 'cmake_clean_cache': False, 'cmake_clean_first': False, 'cmake_force_configure': False, 'cmake_target': None, 'cmake_target_skip_unavailable': False, 'install_base': '/home/yueju/led/install/open62541', 'merge_install': False, 'path': '/home/yueju/led/match_pm_robot/open62541', 'symlink_install': False, 'test_result_base': None}
[0.422s] Level 5:colcon.colcon_core.verb:set package 'pm_robot_control_test' build argument 'cmake_args' from command line to 'None'
[0.422s] Level 5:colcon.colcon_core.verb:set package 'pm_robot_control_test' build argument 'cmake_target' from command line to 'None'
[0.422s] Level 5:colcon.colcon_core.verb:set package 'pm_robot_control_test' build argument 'cmake_target_skip_unavailable' from command line to 'False'
[0.422s] Level 5:colcon.colcon_core.verb:set package 'pm_robot_control_test' build argument 'cmake_clean_cache' from command line to 'False'
[0.423s] Level 5:colcon.colcon_core.verb:set package 'pm_robot_control_test' build argument 'cmake_clean_first' from command line to 'False'
[0.423s] Level 5:colcon.colcon_core.verb:set package 'pm_robot_control_test' build argument 'cmake_force_configure' from command line to 'False'
[0.423s] Level 5:colcon.colcon_core.verb:set package 'pm_robot_control_test' build argument 'ament_cmake_args' from command line to 'None'
[0.423s] Level 5:colcon.colcon_core.verb:set package 'pm_robot_control_test' build argument 'catkin_cmake_args' from command line to 'None'
[0.423s] Level 5:colcon.colcon_core.verb:set package 'pm_robot_control_test' build argument 'catkin_skip_building_tests' from command line to 'False'
[0.423s] DEBUG:colcon.colcon_core.verb:Building package 'pm_robot_control_test' with the following arguments: {'ament_cmake_args': None, 'build_base': '/home/yueju/led/build/pm_robot_control_test', 'catkin_cmake_args': None, 'catkin_skip_building_tests': False, 'cmake_args': None, 'cmake_clean_cache': False, 'cmake_clean_first': False, 'cmake_force_configure': False, 'cmake_target': None, 'cmake_target_skip_unavailable': False, 'install_base': '/home/yueju/led/install/pm_robot_control_test', 'merge_install': False, 'path': '/home/yueju/led/match_pm_robot/pm_robot_control_test', 'symlink_install': False, 'test_result_base': None}
[0.423s] Level 5:colcon.colcon_core.verb:set package 'pm_robot_description' build argument 'cmake_args' from command line to 'None'
[0.423s] Level 5:colcon.colcon_core.verb:set package 'pm_robot_description' build argument 'cmake_target' from command line to 'None'
[0.423s] Level 5:colcon.colcon_core.verb:set package 'pm_robot_description' build argument 'cmake_target_skip_unavailable' from command line to 'False'
[0.423s] Level 5:colcon.colcon_core.verb:set package 'pm_robot_description' build argument 'cmake_clean_cache' from command line to 'False'
[0.424s] Level 5:colcon.colcon_core.verb:set package 'pm_robot_description' build argument 'cmake_clean_first' from command line to 'False'
[0.424s] Level 5:colcon.colcon_core.verb:set package 'pm_robot_description' build argument 'cmake_force_configure' from command line to 'False'
[0.424s] Level 5:colcon.colcon_core.verb:set package 'pm_robot_description' build argument 'ament_cmake_args' from command line to 'None'
[0.424s] Level 5:colcon.colcon_core.verb:set package 'pm_robot_description' build argument 'catkin_cmake_args' from command line to 'None'
[0.424s] Level 5:colcon.colcon_core.verb:set package 'pm_robot_description' build argument 'catkin_skip_building_tests' from command line to 'False'
[0.424s] DEBUG:colcon.colcon_core.verb:Building package 'pm_robot_description' with the following arguments: {'ament_cmake_args': None, 'build_base': '/home/yueju/led/build/pm_robot_description', 'catkin_cmake_args': None, 'catkin_skip_building_tests': False, 'cmake_args': None, 'cmake_clean_cache': False, 'cmake_clean_first': False, 'cmake_force_configure': False, 'cmake_target': None, 'cmake_target_skip_unavailable': False, 'install_base': '/home/yueju/led/install/pm_robot_description', 'merge_install': False, 'path': '/home/yueju/led/match_pm_robot/pm_robot_description', 'symlink_install': False, 'test_result_base': None}
[0.424s] Level 5:colcon.colcon_core.verb:set package 'pm_client' build argument 'cmake_args' from command line to 'None'
[0.425s] Level 5:colcon.colcon_core.verb:set package 'pm_client' build argument 'cmake_target' from command line to 'None'
[0.425s] Level 5:colcon.colcon_core.verb:set package 'pm_client' build argument 'cmake_target_skip_unavailable' from command line to 'False'
[0.425s] Level 5:colcon.colcon_core.verb:set package 'pm_client' build argument 'cmake_clean_cache' from command line to 'False'
[0.425s] Level 5:colcon.colcon_core.verb:set package 'pm_client' build argument 'cmake_clean_first' from command line to 'False'
[0.425s] Level 5:colcon.colcon_core.verb:set package 'pm_client' build argument 'cmake_force_configure' from command line to 'False'
[0.425s] Level 5:colcon.colcon_core.verb:set package 'pm_client' build argument 'ament_cmake_args' from command line to 'None'
[0.425s] Level 5:colcon.colcon_core.verb:set package 'pm_client' build argument 'catkin_cmake_args' from command line to 'None'
[0.425s] Level 5:colcon.colcon_core.verb:set package 'pm_client' build argument 'catkin_skip_building_tests' from command line to 'False'
[0.425s] DEBUG:colcon.colcon_core.verb:Building package 'pm_client' with the following arguments: {'ament_cmake_args': None, 'build_base': '/home/yueju/led/build/pm_client', 'catkin_cmake_args': None, 'catkin_skip_building_tests': False, 'cmake_args': None, 'cmake_clean_cache': False, 'cmake_clean_first': False, 'cmake_force_configure': False, 'cmake_target': None, 'cmake_target_skip_unavailable': False, 'install_base': '/home/yueju/led/install/pm_client', 'merge_install': False, 'path': '/home/yueju/led/match_pm_robot/pm_client', 'symlink_install': False, 'test_result_base': None}
[0.427s] Level 5:colcon.colcon_core.verb:set package 'pm_robot_moveit_config' build argument 'cmake_args' from command line to 'None'
[0.427s] Level 5:colcon.colcon_core.verb:set package 'pm_robot_moveit_config' build argument 'cmake_target' from command line to 'None'
[0.427s] Level 5:colcon.colcon_core.verb:set package 'pm_robot_moveit_config' build argument 'cmake_target_skip_unavailable' from command line to 'False'
[0.427s] Level 5:colcon.colcon_core.verb:set package 'pm_robot_moveit_config' build argument 'cmake_clean_cache' from command line to 'False'
[0.427s] Level 5:colcon.colcon_core.verb:set package 'pm_robot_moveit_config' build argument 'cmake_clean_first' from command line to 'False'
[0.427s] Level 5:colcon.colcon_core.verb:set package 'pm_robot_moveit_config' build argument 'cmake_force_configure' from command line to 'False'
[0.427s] Level 5:colcon.colcon_core.verb:set package 'pm_robot_moveit_config' build argument 'ament_cmake_args' from command line to 'None'
[0.427s] Level 5:colcon.colcon_core.verb:set package 'pm_robot_moveit_config' build argument 'catkin_cmake_args' from command line to 'None'
[0.427s] Level 5:colcon.colcon_core.verb:set package 'pm_robot_moveit_config' build argument 'catkin_skip_building_tests' from command line to 'False'
[0.427s] DEBUG:colcon.colcon_core.verb:Building package 'pm_robot_moveit_config' with the following arguments: {'ament_cmake_args': None, 'build_base': '/home/yueju/led/build/pm_robot_moveit_config', 'catkin_cmake_args': None, 'catkin_skip_building_tests': False, 'cmake_args': None, 'cmake_clean_cache': False, 'cmake_clean_first': False, 'cmake_force_configure': False, 'cmake_target': None, 'cmake_target_skip_unavailable': False, 'install_base': '/home/yueju/led/install/pm_robot_moveit_config', 'merge_install': False, 'path': '/home/yueju/led/match_pm_robot/pm_robot_moveit_config', 'symlink_install': False, 'test_result_base': None}
[0.429s] Level 5:colcon.colcon_core.verb:set package 'pm_robot_control' build argument 'cmake_args' from command line to 'None'
[0.429s] Level 5:colcon.colcon_core.verb:set package 'pm_robot_control' build argument 'cmake_target' from command line to 'None'
[0.429s] Level 5:colcon.colcon_core.verb:set package 'pm_robot_control' build argument 'cmake_target_skip_unavailable' from command line to 'False'
[0.429s] Level 5:colcon.colcon_core.verb:set package 'pm_robot_control' build argument 'cmake_clean_cache' from command line to 'False'
[0.429s] Level 5:colcon.colcon_core.verb:set package 'pm_robot_control' build argument 'cmake_clean_first' from command line to 'False'
[0.429s] Level 5:colcon.colcon_core.verb:set package 'pm_robot_control' build argument 'cmake_force_configure' from command line to 'False'
[0.429s] Level 5:colcon.colcon_core.verb:set package 'pm_robot_control' build argument 'ament_cmake_args' from command line to 'None'
[0.429s] Level 5:colcon.colcon_core.verb:set package 'pm_robot_control' build argument 'catkin_cmake_args' from command line to 'None'
[0.429s] Level 5:colcon.colcon_core.verb:set package 'pm_robot_control' build argument 'catkin_skip_building_tests' from command line to 'False'
[0.429s] DEBUG:colcon.colcon_core.verb:Building package 'pm_robot_control' with the following arguments: {'ament_cmake_args': None, 'build_base': '/home/yueju/led/build/pm_robot_control', 'catkin_cmake_args': None, 'catkin_skip_building_tests': False, 'cmake_args': None, 'cmake_clean_cache': False, 'cmake_clean_first': False, 'cmake_force_configure': False, 'cmake_target': None, 'cmake_target_skip_unavailable': False, 'install_base': '/home/yueju/led/install/pm_robot_control', 'merge_install': False, 'path': '/home/yueju/led/match_pm_robot/pm_robot_control', 'symlink_install': False, 'test_result_base': None}
[0.430s] INFO:colcon.colcon_core.executor:Executing jobs using 'parallel' executor
[0.434s] DEBUG:colcon.colcon_parallel_executor.executor.parallel:run_until_complete
[0.434s] INFO:colcon.colcon_ros.task.ament_cmake.build:Building ROS package in '/home/yueju/led/match_pm_robot/open62541' with build type 'ament_cmake'
[0.434s] INFO:colcon.colcon_cmake.task.cmake.build:Building CMake package in '/home/yueju/led/match_pm_robot/open62541'
[0.438s] INFO:colcon.colcon_core.plugin_system:Skipping extension 'colcon_core.shell.bat': Not used on non-Windows systems
[0.438s] INFO:colcon.colcon_core.shell:Skip shell extension 'powershell' for command environment: Not usable outside of PowerShell
[0.438s] DEBUG:colcon.colcon_core.shell:Skip shell extension 'dsv' for command environment
[0.442s] INFO:colcon.colcon_ros.task.ament_cmake.build:Building ROS package in '/home/yueju/led/match_pm_robot/pm_robot_description' with build type 'ament_cmake'
[0.442s] INFO:colcon.colcon_cmake.task.cmake.build:Building CMake package in '/home/yueju/led/match_pm_robot/pm_robot_description'
[0.443s] INFO:colcon.colcon_core.shell:Skip shell extension 'powershell' for command environment: Not usable outside of PowerShell
[0.443s] DEBUG:colcon.colcon_core.shell:Skip shell extension 'dsv' for command environment
[0.447s] INFO:colcon.colcon_ros.task.ament_cmake.build:Building ROS package in '/home/yueju/led/match_pm_robot/opcua_server' with build type 'ament_cmake'
[0.447s] INFO:colcon.colcon_cmake.task.cmake.build:Building CMake package in '/home/yueju/led/match_pm_robot/opcua_server'
[0.449s] INFO:colcon.colcon_core.shell:Skip shell extension 'powershell' for command environment: Not usable outside of PowerShell
[0.449s] DEBUG:colcon.colcon_core.shell:Skip shell extension 'dsv' for command environment
[0.453s] INFO:colcon.colcon_ros.task.ament_python.build:Building ROS package in '/home/yueju/led/match_pm_robot/pm_robot_control_test' with build type 'ament_python'
[0.453s] Level 1:colcon.colcon_core.shell:create_environment_hook('pm_robot_control_test', 'ament_prefix_path')
[0.454s] INFO:colcon.colcon_core.shell:Creating environment hook '/home/yueju/led/install/pm_robot_control_test/share/pm_robot_control_test/hook/ament_prefix_path.ps1'
[0.455s] INFO:colcon.colcon_core.shell:Creating environment descriptor '/home/yueju/led/install/pm_robot_control_test/share/pm_robot_control_test/hook/ament_prefix_path.dsv'
[0.455s] INFO:colcon.colcon_core.shell:Creating environment hook '/home/yueju/led/install/pm_robot_control_test/share/pm_robot_control_test/hook/ament_prefix_path.sh'
[0.457s] INFO:colcon.colcon_core.shell:Skip shell extension 'powershell' for command environment: Not usable outside of PowerShell
[0.457s] DEBUG:colcon.colcon_core.shell:Skip shell extension 'dsv' for command environment
[0.466s] DEBUG:colcon.colcon_core.event_handler.log_command:Invoking command in '/home/yueju/led/build/open62541': CMAKE_PREFIX_PATH=/opt/ros/humble /usr/bin/cmake --build /home/yueju/led/build/open62541 -- -j8 -l8
[0.471s] DEBUG:colcon.colcon_core.event_handler.log_command:Invoking command in '/home/yueju/led/build/pm_robot_description': CMAKE_PREFIX_PATH=/opt/ros/humble /usr/bin/cmake --build /home/yueju/led/build/pm_robot_description -- -j8 -l8
[0.475s] DEBUG:colcon.colcon_core.event_handler.log_command:Invoking command in '/home/yueju/led/build/opcua_server': CMAKE_PREFIX_PATH=/opt/ros/humble /usr/bin/cmake --build /home/yueju/led/build/opcua_server -- -j8 -l8
[0.666s] INFO:colcon.colcon_core.task.python.build:Building Python package in '/home/yueju/led/match_pm_robot/pm_robot_control_test'
[0.668s] INFO:colcon.colcon_core.shell:Skip shell extension 'powershell' for command environment: Not usable outside of PowerShell
[0.668s] DEBUG:colcon.colcon_core.shell:Skip shell extension 'dsv' for command environment
[0.672s] DEBUG:colcon.colcon_core.event_handler.log_command:Invoked command in '/home/yueju/led/build/pm_robot_description' returned '0': CMAKE_PREFIX_PATH=/opt/ros/humble /usr/bin/cmake --build /home/yueju/led/build/pm_robot_description -- -j8 -l8
[0.674s] DEBUG:colcon.colcon_core.event_handler.log_command:Invoked command in '/home/yueju/led/build/open62541' returned '0': CMAKE_PREFIX_PATH=/opt/ros/humble /usr/bin/cmake --build /home/yueju/led/build/open62541 -- -j8 -l8
[0.675s] DEBUG:colcon.colcon_core.event_handler.log_command:Invoked command in '/home/yueju/led/build/opcua_server' returned '0': CMAKE_PREFIX_PATH=/opt/ros/humble /usr/bin/cmake --build /home/yueju/led/build/opcua_server -- -j8 -l8
[0.703s] DEBUG:colcon.colcon_core.event_handler.log_command:Invoking command in '/home/yueju/led/build/pm_robot_description': CMAKE_PREFIX_PATH=/opt/ros/humble /usr/bin/cmake --install /home/yueju/led/build/pm_robot_description
[0.706s] DEBUG:colcon.colcon_core.event_handler.log_command:Invoking command in '/home/yueju/led/build/opcua_server': CMAKE_PREFIX_PATH=/opt/ros/humble /usr/bin/cmake --install /home/yueju/led/build/opcua_server
[0.708s] DEBUG:colcon.colcon_core.event_handler.log_command:Invoking command in '/home/yueju/led/build/open62541': CMAKE_PREFIX_PATH=/opt/ros/humble /usr/bin/cmake --install /home/yueju/led/build/open62541
[0.718s] Level 1:colcon.colcon_core.environment:create_environment_scripts_only(opcua_server)
[0.728s] Level 1:colcon.colcon_core.environment:checking '/home/yueju/led/install/opcua_server' for CMake module files
[0.729s] Level 1:colcon.colcon_core.environment:checking '/home/yueju/led/install/opcua_server' for CMake config files
[0.730s] Level 1:colcon.colcon_core.shell:create_environment_hook('opcua_server', 'cmake_prefix_path')
[0.732s] INFO:colcon.colcon_core.shell:Creating environment hook '/home/yueju/led/install/opcua_server/share/opcua_server/hook/cmake_prefix_path.ps1'
[0.733s] INFO:colcon.colcon_core.shell:Creating environment descriptor '/home/yueju/led/install/opcua_server/share/opcua_server/hook/cmake_prefix_path.dsv'
[0.733s] INFO:colcon.colcon_core.shell:Creating environment hook '/home/yueju/led/install/opcua_server/share/opcua_server/hook/cmake_prefix_path.sh'
[0.734s] Level 1:colcon.colcon_core.environment:checking '/home/yueju/led/install/opcua_server/lib'
[0.735s] Level 1:colcon.colcon_core.environment:checking '/home/yueju/led/install/opcua_server/bin'
[0.735s] Level 1:colcon.colcon_core.environment:checking '/home/yueju/led/install/opcua_server/lib/pkgconfig/opcua_server.pc'
[0.735s] Level 1:colcon.colcon_core.environment:checking '/home/yueju/led/install/opcua_server/lib/python3.10/site-packages'
[0.735s] Level 1:colcon.colcon_core.environment:checking '/home/yueju/led/install/opcua_server/bin'
[0.737s] INFO:colcon.colcon_core.shell:Creating package script '/home/yueju/led/install/opcua_server/share/opcua_server/package.ps1'
[0.738s] INFO:colcon.colcon_core.shell:Creating package descriptor '/home/yueju/led/install/opcua_server/share/opcua_server/package.dsv'
[0.739s] INFO:colcon.colcon_core.shell:Creating package script '/home/yueju/led/install/opcua_server/share/opcua_server/package.sh'
[0.739s] INFO:colcon.colcon_core.shell:Creating package script '/home/yueju/led/install/opcua_server/share/opcua_server/package.bash'
[0.740s] INFO:colcon.colcon_core.shell:Creating package script '/home/yueju/led/install/opcua_server/share/opcua_server/package.zsh'
[0.741s] Level 1:colcon.colcon_core.environment:create_file_with_runtime_dependencies(/home/yueju/led/install/opcua_server/share/colcon-core/packages/opcua_server)
[0.743s] Level 1:colcon.colcon_core.environment:create_environment_scripts_only(pm_robot_description)
[0.745s] Level 1:colcon.colcon_core.environment:checking '/home/yueju/led/install/pm_robot_description' for CMake module files
[0.746s] Level 1:colcon.colcon_core.environment:checking '/home/yueju/led/install/pm_robot_description' for CMake config files
[0.747s] Level 1:colcon.colcon_core.shell:create_environment_hook('pm_robot_description', 'cmake_prefix_path')
[0.749s] INFO:colcon.colcon_core.shell:Creating environment hook '/home/yueju/led/install/pm_robot_description/share/pm_robot_description/hook/cmake_prefix_path.ps1'
[0.749s] INFO:colcon.colcon_core.shell:Creating environment descriptor '/home/yueju/led/install/pm_robot_description/share/pm_robot_description/hook/cmake_prefix_path.dsv'
[0.750s] DEBUG:colcon.colcon_core.event_handler.log_command:Invoked command in '/home/yueju/led/build/opcua_server' returned '0': CMAKE_PREFIX_PATH=/opt/ros/humble /usr/bin/cmake --install /home/yueju/led/build/opcua_server
[0.750s] DEBUG:colcon.colcon_core.event_handler.log_command:Invoked command in '/home/yueju/led/build/pm_robot_description' returned '0': CMAKE_PREFIX_PATH=/opt/ros/humble /usr/bin/cmake --install /home/yueju/led/build/pm_robot_description
[0.750s] INFO:colcon.colcon_core.shell:Creating environment hook '/home/yueju/led/install/pm_robot_description/share/pm_robot_description/hook/cmake_prefix_path.sh'
[0.751s] Level 1:colcon.colcon_core.environment:checking '/home/yueju/led/install/pm_robot_description/bin'
[0.751s] Level 1:colcon.colcon_core.environment:checking '/home/yueju/led/install/pm_robot_description/lib/pkgconfig/pm_robot_description.pc'
[0.751s] Level 1:colcon.colcon_core.environment:checking '/home/yueju/led/install/pm_robot_description/lib/python3.10/site-packages'
[0.752s] Level 1:colcon.colcon_core.environment:checking '/home/yueju/led/install/pm_robot_description/bin'
[0.753s] INFO:colcon.colcon_core.shell:Creating package script '/home/yueju/led/install/pm_robot_description/share/pm_robot_description/package.ps1'
[0.754s] INFO:colcon.colcon_core.shell:Creating package descriptor '/home/yueju/led/install/pm_robot_description/share/pm_robot_description/package.dsv'
[0.754s] INFO:colcon.colcon_core.shell:Creating package script '/home/yueju/led/install/pm_robot_description/share/pm_robot_description/package.sh'
[0.754s] INFO:colcon.colcon_core.shell:Creating package script '/home/yueju/led/install/pm_robot_description/share/pm_robot_description/package.bash'
[0.755s] INFO:colcon.colcon_core.shell:Creating package script '/home/yueju/led/install/pm_robot_description/share/pm_robot_description/package.zsh'
[0.755s] Level 1:colcon.colcon_core.environment:create_file_with_runtime_dependencies(/home/yueju/led/install/pm_robot_description/share/colcon-core/packages/pm_robot_description)
[0.756s] Level 1:colcon.colcon_core.environment:create_environment_scripts_only(open62541)
[0.760s] Level 1:colcon.colcon_core.environment:checking '/home/yueju/led/install/open62541' for CMake module files
[0.761s] DEBUG:colcon.colcon_core.event_handler.log_command:Invoked command in '/home/yueju/led/build/open62541' returned '0': CMAKE_PREFIX_PATH=/opt/ros/humble /usr/bin/cmake --install /home/yueju/led/build/open62541
[0.762s] Level 1:colcon.colcon_core.environment:checking '/home/yueju/led/install/open62541' for CMake config files
[0.762s] Level 1:colcon.colcon_core.shell:create_environment_hook('open62541', 'cmake_prefix_path')
[0.764s] INFO:colcon.colcon_core.shell:Creating environment hook '/home/yueju/led/install/open62541/share/open62541/hook/cmake_prefix_path.ps1'
[0.764s] INFO:colcon.colcon_core.shell:Creating environment descriptor '/home/yueju/led/install/open62541/share/open62541/hook/cmake_prefix_path.dsv'
[0.765s] INFO:colcon.colcon_core.shell:Creating environment hook '/home/yueju/led/install/open62541/share/open62541/hook/cmake_prefix_path.sh'
[0.765s] Level 1:colcon.colcon_core.environment:checking '/home/yueju/led/install/open62541/lib'
[0.765s] Level 1:colcon.colcon_core.environment:checking '/home/yueju/led/install/open62541/bin'
[0.765s] Level 1:colcon.colcon_core.environment:checking '/home/yueju/led/install/open62541/lib/pkgconfig/open62541.pc'
[0.766s] Level 1:colcon.colcon_core.environment:checking '/home/yueju/led/install/open62541/lib/python3.10/site-packages'
[0.766s] Level 1:colcon.colcon_core.environment:checking '/home/yueju/led/install/open62541/bin'
[0.767s] INFO:colcon.colcon_core.shell:Creating package script '/home/yueju/led/install/open62541/share/open62541/package.ps1'
[0.768s] INFO:colcon.colcon_core.shell:Creating package descriptor '/home/yueju/led/install/open62541/share/open62541/package.dsv'
[0.768s] INFO:colcon.colcon_core.shell:Creating package script '/home/yueju/led/install/open62541/share/open62541/package.sh'
[0.769s] INFO:colcon.colcon_core.shell:Creating package script '/home/yueju/led/install/open62541/share/open62541/package.bash'
[0.769s] INFO:colcon.colcon_core.shell:Creating package script '/home/yueju/led/install/open62541/share/open62541/package.zsh'
[0.770s] Level 1:colcon.colcon_core.environment:create_file_with_runtime_dependencies(/home/yueju/led/install/open62541/share/colcon-core/packages/open62541)
[0.773s] Level 1:colcon.colcon_core.environment:create_environment_scripts_only(opcua_server)
[0.775s] Level 1:colcon.colcon_core.environment:checking '/home/yueju/led/install/opcua_server' for CMake module files
[0.775s] Level 1:colcon.colcon_core.environment:checking '/home/yueju/led/install/opcua_server' for CMake config files
[0.775s] Level 1:colcon.colcon_core.shell:create_environment_hook('opcua_server', 'cmake_prefix_path')
[0.777s] INFO:colcon.colcon_core.shell:Creating environment hook '/home/yueju/led/install/opcua_server/share/opcua_server/hook/cmake_prefix_path.ps1'
[0.777s] INFO:colcon.colcon_core.shell:Creating environment descriptor '/home/yueju/led/install/opcua_server/share/opcua_server/hook/cmake_prefix_path.dsv'
[0.778s] INFO:colcon.colcon_core.shell:Creating environment hook '/home/yueju/led/install/opcua_server/share/opcua_server/hook/cmake_prefix_path.sh'
[0.778s] Level 1:colcon.colcon_core.environment:checking '/home/yueju/led/install/opcua_server/lib'
[0.778s] Level 1:colcon.colcon_core.environment:checking '/home/yueju/led/install/opcua_server/bin'
[0.778s] Level 1:colcon.colcon_core.environment:checking '/home/yueju/led/install/opcua_server/lib/pkgconfig/opcua_server.pc'
[0.778s] Level 1:colcon.colcon_core.environment:checking '/home/yueju/led/install/opcua_server/lib/python3.10/site-packages'
[0.779s] Level 1:colcon.colcon_core.environment:checking '/home/yueju/led/install/opcua_server/bin'
[0.780s] INFO:colcon.colcon_core.shell:Creating package script '/home/yueju/led/install/opcua_server/share/opcua_server/package.ps1'
[0.781s] INFO:colcon.colcon_core.shell:Creating package descriptor '/home/yueju/led/install/opcua_server/share/opcua_server/package.dsv'
[0.781s] INFO:colcon.colcon_core.shell:Creating package script '/home/yueju/led/install/opcua_server/share/opcua_server/package.sh'
[0.782s] INFO:colcon.colcon_core.shell:Creating package script '/home/yueju/led/install/opcua_server/share/opcua_server/package.bash'
[0.782s] INFO:colcon.colcon_core.shell:Creating package script '/home/yueju/led/install/opcua_server/share/opcua_server/package.zsh'
[0.782s] Level 1:colcon.colcon_core.environment:create_file_with_runtime_dependencies(/home/yueju/led/install/opcua_server/share/colcon-core/packages/opcua_server)
[0.786s] Level 1:colcon.colcon_core.environment:create_environment_scripts_only(pm_robot_description)
[0.789s] Level 1:colcon.colcon_core.environment:checking '/home/yueju/led/install/pm_robot_description' for CMake module files
[0.791s] Level 1:colcon.colcon_core.environment:checking '/home/yueju/led/install/pm_robot_description' for CMake config files
[0.791s] Level 1:colcon.colcon_core.shell:create_environment_hook('pm_robot_description', 'cmake_prefix_path')
[0.793s] INFO:colcon.colcon_core.shell:Creating environment hook '/home/yueju/led/install/pm_robot_description/share/pm_robot_description/hook/cmake_prefix_path.ps1'
[0.794s] INFO:colcon.colcon_core.shell:Creating environment descriptor '/home/yueju/led/install/pm_robot_description/share/pm_robot_description/hook/cmake_prefix_path.dsv'
[0.795s] INFO:colcon.colcon_core.shell:Creating environment hook '/home/yueju/led/install/pm_robot_description/share/pm_robot_description/hook/cmake_prefix_path.sh'
[0.795s] Level 1:colcon.colcon_core.environment:checking '/home/yueju/led/install/pm_robot_description/bin'
[0.795s] Level 1:colcon.colcon_core.environment:checking '/home/yueju/led/install/pm_robot_description/lib/pkgconfig/pm_robot_description.pc'
[0.796s] Level 1:colcon.colcon_core.environment:checking '/home/yueju/led/install/pm_robot_description/lib/python3.10/site-packages'
[0.796s] Level 1:colcon.colcon_core.environment:checking '/home/yueju/led/install/pm_robot_description/bin'
[0.798s] INFO:colcon.colcon_core.shell:Creating package script '/home/yueju/led/install/pm_robot_description/share/pm_robot_description/package.ps1'
[0.799s] INFO:colcon.colcon_core.shell:Creating package descriptor '/home/yueju/led/install/pm_robot_description/share/pm_robot_description/package.dsv'
[0.800s] INFO:colcon.colcon_core.shell:Creating package script '/home/yueju/led/install/pm_robot_description/share/pm_robot_description/package.sh'
[0.801s] INFO:colcon.colcon_core.shell:Creating package script '/home/yueju/led/install/pm_robot_description/share/pm_robot_description/package.bash'
[0.801s] INFO:colcon.colcon_core.shell:Creating package script '/home/yueju/led/install/pm_robot_description/share/pm_robot_description/package.zsh'
[0.802s] Level 1:colcon.colcon_core.environment:create_file_with_runtime_dependencies(/home/yueju/led/install/pm_robot_description/share/colcon-core/packages/pm_robot_description)
[0.803s] INFO:colcon.colcon_ros.task.ament_cmake.build:Building ROS package in '/home/yueju/led/match_pm_robot/pm_robot_moveit_config' with build type 'ament_cmake'
[0.803s] INFO:colcon.colcon_cmake.task.cmake.build:Building CMake package in '/home/yueju/led/match_pm_robot/pm_robot_moveit_config'
[0.804s] INFO:colcon.colcon_core.shell:Skip shell extension 'powershell' for command environment: Not usable outside of PowerShell
[0.804s] DEBUG:colcon.colcon_core.shell:Skip shell extension 'dsv' for command environment
[0.809s] Level 1:colcon.colcon_core.environment:create_environment_scripts_only(open62541)
[0.811s] Level 1:colcon.colcon_core.environment:checking '/home/yueju/led/install/open62541' for CMake module files
[0.811s] Level 1:colcon.colcon_core.environment:checking '/home/yueju/led/install/open62541' for CMake config files
[0.811s] Level 1:colcon.colcon_core.shell:create_environment_hook('open62541', 'cmake_prefix_path')
[0.813s] INFO:colcon.colcon_core.shell:Creating environment hook '/home/yueju/led/install/open62541/share/open62541/hook/cmake_prefix_path.ps1'
[0.813s] INFO:colcon.colcon_core.shell:Creating environment descriptor '/home/yueju/led/install/open62541/share/open62541/hook/cmake_prefix_path.dsv'
[0.813s] INFO:colcon.colcon_core.shell:Creating environment hook '/home/yueju/led/install/open62541/share/open62541/hook/cmake_prefix_path.sh'
[0.814s] Level 1:colcon.colcon_core.environment:checking '/home/yueju/led/install/open62541/lib'
[0.814s] Level 1:colcon.colcon_core.environment:checking '/home/yueju/led/install/open62541/bin'
[0.814s] Level 1:colcon.colcon_core.environment:checking '/home/yueju/led/install/open62541/lib/pkgconfig/open62541.pc'
[0.814s] Level 1:colcon.colcon_core.environment:checking '/home/yueju/led/install/open62541/lib/python3.10/site-packages'
[0.814s] Level 1:colcon.colcon_core.environment:checking '/home/yueju/led/install/open62541/bin'
[0.815s] INFO:colcon.colcon_core.shell:Creating package script '/home/yueju/led/install/open62541/share/open62541/package.ps1'
[0.816s] INFO:colcon.colcon_core.shell:Creating package descriptor '/home/yueju/led/install/open62541/share/open62541/package.dsv'
[0.816s] INFO:colcon.colcon_core.shell:Creating package script '/home/yueju/led/install/open62541/share/open62541/package.sh'
[0.817s] INFO:colcon.colcon_core.shell:Creating package script '/home/yueju/led/install/open62541/share/open62541/package.bash'
[0.817s] INFO:colcon.colcon_core.shell:Creating package script '/home/yueju/led/install/open62541/share/open62541/package.zsh'
[0.817s] Level 1:colcon.colcon_core.environment:create_file_with_runtime_dependencies(/home/yueju/led/install/open62541/share/colcon-core/packages/open62541)
[0.818s] INFO:colcon.colcon_ros.task.ament_cmake.build:Building ROS package in '/home/yueju/led/match_pm_robot/pm_client' with build type 'ament_cmake'
[0.818s] INFO:colcon.colcon_cmake.task.cmake.build:Building CMake package in '/home/yueju/led/match_pm_robot/pm_client'
[0.819s] INFO:colcon.colcon_core.shell:Skip shell extension 'powershell' for command environment: Not usable outside of PowerShell
[0.819s] DEBUG:colcon.colcon_core.shell:Skip shell extension 'dsv' for command environment
[0.828s] DEBUG:colcon.colcon_core.event_handler.log_command:Invoking command in '/home/yueju/led/build/pm_robot_moveit_config': AMENT_PREFIX_PATH=/home/yueju/led/install/pm_robot_description:${AMENT_PREFIX_PATH} CMAKE_PREFIX_PATH=/home/yueju/led/install/pm_robot_description:/opt/ros/humble /usr/bin/cmake --build /home/yueju/led/build/pm_robot_moveit_config -- -j8 -l8
[0.831s] DEBUG:colcon.colcon_core.event_handler.log_command:Invoking command in '/home/yueju/led/build/pm_client': AMENT_PREFIX_PATH=/home/yueju/led/install/open62541:${AMENT_PREFIX_PATH} CMAKE_PREFIX_PATH=/home/yueju/led/install/open62541:/opt/ros/humble LD_LIBRARY_PATH=/home/yueju/led/install/open62541/lib:${LD_LIBRARY_PATH} /usr/bin/cmake --build /home/yueju/led/build/pm_client -- -j8 -l8
[0.865s] DEBUG:colcon.colcon_core.event_handler.log_command:Invoked command in '/home/yueju/led/build/pm_robot_moveit_config' returned '0': AMENT_PREFIX_PATH=/home/yueju/led/install/pm_robot_description:${AMENT_PREFIX_PATH} CMAKE_PREFIX_PATH=/home/yueju/led/install/pm_robot_description:/opt/ros/humble /usr/bin/cmake --build /home/yueju/led/build/pm_robot_moveit_config -- -j8 -l8
[0.886s] DEBUG:colcon.colcon_core.event_handler.log_command:Invoking command in '/home/yueju/led/build/pm_robot_moveit_config': AMENT_PREFIX_PATH=/home/yueju/led/install/pm_robot_description:${AMENT_PREFIX_PATH} CMAKE_PREFIX_PATH=/home/yueju/led/install/pm_robot_description:/opt/ros/humble /usr/bin/cmake --install /home/yueju/led/build/pm_robot_moveit_config
[0.892s] DEBUG:colcon.colcon_core.event_handler.log_command:Invoked command in '/home/yueju/led/build/pm_client' returned '0': AMENT_PREFIX_PATH=/home/yueju/led/install/open62541:${AMENT_PREFIX_PATH} CMAKE_PREFIX_PATH=/home/yueju/led/install/open62541:/opt/ros/humble LD_LIBRARY_PATH=/home/yueju/led/install/open62541/lib:${LD_LIBRARY_PATH} /usr/bin/cmake --build /home/yueju/led/build/pm_client -- -j8 -l8
[0.900s] Level 1:colcon.colcon_core.environment:create_environment_scripts_only(pm_robot_moveit_config)
[0.903s] Level 1:colcon.colcon_core.environment:checking '/home/yueju/led/install/pm_robot_moveit_config' for CMake module files
[0.905s] Level 1:colcon.colcon_core.environment:checking '/home/yueju/led/install/pm_robot_moveit_config' for CMake config files
[0.906s] DEBUG:colcon.colcon_core.event_handler.log_command:Invoked command in '/home/yueju/led/build/pm_robot_moveit_config' returned '0': AMENT_PREFIX_PATH=/home/yueju/led/install/pm_robot_description:${AMENT_PREFIX_PATH} CMAKE_PREFIX_PATH=/home/yueju/led/install/pm_robot_description:/opt/ros/humble /usr/bin/cmake --install /home/yueju/led/build/pm_robot_moveit_config
[0.907s] Level 1:colcon.colcon_core.shell:create_environment_hook('pm_robot_moveit_config', 'cmake_prefix_path')
[0.909s] INFO:colcon.colcon_core.shell:Creating environment hook '/home/yueju/led/install/pm_robot_moveit_config/share/pm_robot_moveit_config/hook/cmake_prefix_path.ps1'
[0.910s] INFO:colcon.colcon_core.shell:Creating environment descriptor '/home/yueju/led/install/pm_robot_moveit_config/share/pm_robot_moveit_config/hook/cmake_prefix_path.dsv'
[0.910s] INFO:colcon.colcon_core.shell:Creating environment hook '/home/yueju/led/install/pm_robot_moveit_config/share/pm_robot_moveit_config/hook/cmake_prefix_path.sh'
[0.911s] Level 1:colcon.colcon_core.environment:checking '/home/yueju/led/install/pm_robot_moveit_config/bin'
[0.911s] Level 1:colcon.colcon_core.environment:checking '/home/yueju/led/install/pm_robot_moveit_config/lib/pkgconfig/pm_robot_moveit_config.pc'
[0.911s] Level 1:colcon.colcon_core.environment:checking '/home/yueju/led/install/pm_robot_moveit_config/lib/python3.10/site-packages'
[0.912s] Level 1:colcon.colcon_core.environment:checking '/home/yueju/led/install/pm_robot_moveit_config/bin'
[0.914s] INFO:colcon.colcon_core.shell:Creating package script '/home/yueju/led/install/pm_robot_moveit_config/share/pm_robot_moveit_config/package.ps1'
[0.915s] INFO:colcon.colcon_core.shell:Creating package descriptor '/home/yueju/led/install/pm_robot_moveit_config/share/pm_robot_moveit_config/package.dsv'
[0.915s] INFO:colcon.colcon_core.shell:Creating package script '/home/yueju/led/install/pm_robot_moveit_config/share/pm_robot_moveit_config/package.sh'
[0.916s] INFO:colcon.colcon_core.shell:Creating package script '/home/yueju/led/install/pm_robot_moveit_config/share/pm_robot_moveit_config/package.bash'
[0.916s] INFO:colcon.colcon_core.shell:Creating package script '/home/yueju/led/install/pm_robot_moveit_config/share/pm_robot_moveit_config/package.zsh'
[0.916s] Level 1:colcon.colcon_core.environment:create_file_with_runtime_dependencies(/home/yueju/led/install/pm_robot_moveit_config/share/colcon-core/packages/pm_robot_moveit_config)
[0.920s] DEBUG:colcon.colcon_core.event_handler.log_command:Invoking command in '/home/yueju/led/build/pm_client': AMENT_PREFIX_PATH=/home/yueju/led/install/open62541:${AMENT_PREFIX_PATH} CMAKE_PREFIX_PATH=/home/yueju/led/install/open62541:/opt/ros/humble LD_LIBRARY_PATH=/home/yueju/led/install/open62541/lib:${LD_LIBRARY_PATH} /usr/bin/cmake --install /home/yueju/led/build/pm_client
[0.931s] Level 1:colcon.colcon_core.environment:create_environment_scripts_only(pm_client)
[0.933s] Level 1:colcon.colcon_core.environment:checking '/home/yueju/led/install/pm_client' for CMake module files
[0.935s] DEBUG:colcon.colcon_core.event_handler.log_command:Invoked command in '/home/yueju/led/build/pm_client' returned '0': AMENT_PREFIX_PATH=/home/yueju/led/install/open62541:${AMENT_PREFIX_PATH} CMAKE_PREFIX_PATH=/home/yueju/led/install/open62541:/opt/ros/humble LD_LIBRARY_PATH=/home/yueju/led/install/open62541/lib:${LD_LIBRARY_PATH} /usr/bin/cmake --install /home/yueju/led/build/pm_client
[0.935s] Level 1:colcon.colcon_core.environment:checking '/home/yueju/led/install/pm_client' for CMake config files
[0.936s] Level 1:colcon.colcon_core.shell:create_environment_hook('pm_client', 'cmake_prefix_path')
[0.938s] INFO:colcon.colcon_core.shell:Creating environment hook '/home/yueju/led/install/pm_client/share/pm_client/hook/cmake_prefix_path.ps1'
[0.939s] INFO:colcon.colcon_core.shell:Creating environment descriptor '/home/yueju/led/install/pm_client/share/pm_client/hook/cmake_prefix_path.dsv'
[0.939s] INFO:colcon.colcon_core.shell:Creating environment hook '/home/yueju/led/install/pm_client/share/pm_client/hook/cmake_prefix_path.sh'
[0.940s] Level 1:colcon.colcon_core.environment:checking '/home/yueju/led/install/pm_client/lib'
[0.940s] Level 1:colcon.colcon_core.environment:checking '/home/yueju/led/install/pm_client/bin'
[0.940s] Level 1:colcon.colcon_core.environment:checking '/home/yueju/led/install/pm_client/lib/pkgconfig/pm_client.pc'
[0.940s] Level 1:colcon.colcon_core.environment:checking '/home/yueju/led/install/pm_client/lib/python3.10/site-packages'
[0.940s] Level 1:colcon.colcon_core.environment:checking '/home/yueju/led/install/pm_client/bin'
[0.942s] INFO:colcon.colcon_core.shell:Creating package script '/home/yueju/led/install/pm_client/share/pm_client/package.ps1'
[0.942s] INFO:colcon.colcon_core.shell:Creating package descriptor '/home/yueju/led/install/pm_client/share/pm_client/package.dsv'
[0.942s] INFO:colcon.colcon_core.shell:Creating package script '/home/yueju/led/install/pm_client/share/pm_client/package.sh'
[0.943s] INFO:colcon.colcon_core.shell:Creating package script '/home/yueju/led/install/pm_client/share/pm_client/package.bash'
[0.943s] INFO:colcon.colcon_core.shell:Creating package script '/home/yueju/led/install/pm_client/share/pm_client/package.zsh'
[0.943s] Level 1:colcon.colcon_core.environment:create_file_with_runtime_dependencies(/home/yueju/led/install/pm_client/share/colcon-core/packages/pm_client)
[0.946s] Level 1:colcon.colcon_core.environment:create_environment_scripts_only(pm_robot_moveit_config)
[0.947s] Level 1:colcon.colcon_core.environment:checking '/home/yueju/led/install/pm_robot_moveit_config' for CMake module files
[0.948s] Level 1:colcon.colcon_core.environment:checking '/home/yueju/led/install/pm_robot_moveit_config' for CMake config files
[0.948s] Level 1:colcon.colcon_core.shell:create_environment_hook('pm_robot_moveit_config', 'cmake_prefix_path')
[0.950s] INFO:colcon.colcon_core.shell:Creating environment hook '/home/yueju/led/install/pm_robot_moveit_config/share/pm_robot_moveit_config/hook/cmake_prefix_path.ps1'
[0.950s] INFO:colcon.colcon_core.shell:Creating environment descriptor '/home/yueju/led/install/pm_robot_moveit_config/share/pm_robot_moveit_config/hook/cmake_prefix_path.dsv'
[0.951s] INFO:colcon.colcon_core.shell:Creating environment hook '/home/yueju/led/install/pm_robot_moveit_config/share/pm_robot_moveit_config/hook/cmake_prefix_path.sh'
[0.951s] Level 1:colcon.colcon_core.environment:checking '/home/yueju/led/install/pm_robot_moveit_config/bin'
[0.951s] Level 1:colcon.colcon_core.environment:checking '/home/yueju/led/install/pm_robot_moveit_config/lib/pkgconfig/pm_robot_moveit_config.pc'
[0.951s] Level 1:colcon.colcon_core.environment:checking '/home/yueju/led/install/pm_robot_moveit_config/lib/python3.10/site-packages'
[0.952s] Level 1:colcon.colcon_core.environment:checking '/home/yueju/led/install/pm_robot_moveit_config/bin'
[0.953s] INFO:colcon.colcon_core.shell:Creating package script '/home/yueju/led/install/pm_robot_moveit_config/share/pm_robot_moveit_config/package.ps1'
[0.953s] INFO:colcon.colcon_core.shell:Creating package descriptor '/home/yueju/led/install/pm_robot_moveit_config/share/pm_robot_moveit_config/package.dsv'
[0.954s] INFO:colcon.colcon_core.shell:Creating package script '/home/yueju/led/install/pm_robot_moveit_config/share/pm_robot_moveit_config/package.sh'
[0.954s] INFO:colcon.colcon_core.shell:Creating package script '/home/yueju/led/install/pm_robot_moveit_config/share/pm_robot_moveit_config/package.bash'
[0.955s] INFO:colcon.colcon_core.shell:Creating package script '/home/yueju/led/install/pm_robot_moveit_config/share/pm_robot_moveit_config/package.zsh'
[0.955s] Level 1:colcon.colcon_core.environment:create_file_with_runtime_dependencies(/home/yueju/led/install/pm_robot_moveit_config/share/colcon-core/packages/pm_robot_moveit_config)
[0.973s] Level 1:colcon.colcon_core.environment:create_environment_scripts_only(pm_client)
[0.976s] Level 1:colcon.colcon_core.environment:checking '/home/yueju/led/install/pm_client' for CMake module files
[0.977s] Level 1:colcon.colcon_core.environment:checking '/home/yueju/led/install/pm_client' for CMake config files
[0.977s] Level 1:colcon.colcon_core.shell:create_environment_hook('pm_client', 'cmake_prefix_path')
[0.979s] INFO:colcon.colcon_core.shell:Creating environment hook '/home/yueju/led/install/pm_client/share/pm_client/hook/cmake_prefix_path.ps1'
[0.979s] INFO:colcon.colcon_core.shell:Creating environment descriptor '/home/yueju/led/install/pm_client/share/pm_client/hook/cmake_prefix_path.dsv'
[0.980s] INFO:colcon.colcon_core.shell:Creating environment hook '/home/yueju/led/install/pm_client/share/pm_client/hook/cmake_prefix_path.sh'
[0.980s] Level 1:colcon.colcon_core.environment:checking '/home/yueju/led/install/pm_client/lib'
[0.980s] Level 1:colcon.colcon_core.environment:checking '/home/yueju/led/install/pm_client/bin'
[0.980s] Level 1:colcon.colcon_core.environment:checking '/home/yueju/led/install/pm_client/lib/pkgconfig/pm_client.pc'
[0.981s] Level 1:colcon.colcon_core.environment:checking '/home/yueju/led/install/pm_client/lib/python3.10/site-packages'
[0.981s] Level 1:colcon.colcon_core.environment:checking '/home/yueju/led/install/pm_client/bin'
[0.982s] INFO:colcon.colcon_core.shell:Creating package script '/home/yueju/led/install/pm_client/share/pm_client/package.ps1'
[0.982s] INFO:colcon.colcon_core.shell:Creating package descriptor '/home/yueju/led/install/pm_client/share/pm_client/package.dsv'
[0.983s] INFO:colcon.colcon_core.shell:Creating package script '/home/yueju/led/install/pm_client/share/pm_client/package.sh'
[0.983s] INFO:colcon.colcon_core.shell:Creating package script '/home/yueju/led/install/pm_client/share/pm_client/package.bash'
[0.984s] INFO:colcon.colcon_core.shell:Creating package script '/home/yueju/led/install/pm_client/share/pm_client/package.zsh'
[0.984s] Level 1:colcon.colcon_core.environment:create_file_with_runtime_dependencies(/home/yueju/led/install/pm_client/share/colcon-core/packages/pm_client)
[0.985s] INFO:colcon.colcon_ros.task.ament_cmake.build:Building ROS package in '/home/yueju/led/match_pm_robot/pm_robot_control' with build type 'ament_cmake'
[0.985s] INFO:colcon.colcon_cmake.task.cmake.build:Building CMake package in '/home/yueju/led/match_pm_robot/pm_robot_control'
[0.986s] INFO:colcon.colcon_core.shell:Skip shell extension 'powershell' for command environment: Not usable outside of PowerShell
[0.986s] DEBUG:colcon.colcon_core.shell:Skip shell extension 'dsv' for command environment
[0.998s] DEBUG:colcon.colcon_core.event_handler.log_command:Invoking command in '/home/yueju/led/build/pm_robot_control': AMENT_PREFIX_PATH=/home/yueju/led/install/pm_client:/home/yueju/led/install/open62541:${AMENT_PREFIX_PATH} CMAKE_PREFIX_PATH=/home/yueju/led/install/pm_client:/home/yueju/led/install/open62541:/opt/ros/humble LD_LIBRARY_PATH=/home/yueju/led/install/pm_client/lib:/home/yueju/led/install/open62541/lib:${LD_LIBRARY_PATH} /usr/bin/cmake --build /home/yueju/led/build/pm_robot_control -- -j8 -l8
[1.059s] DEBUG:colcon.colcon_core.event_handler.log_command:Invoked command in '/home/yueju/led/build/pm_robot_control' returned '0': AMENT_PREFIX_PATH=/home/yueju/led/install/pm_client:/home/yueju/led/install/open62541:${AMENT_PREFIX_PATH} CMAKE_PREFIX_PATH=/home/yueju/led/install/pm_client:/home/yueju/led/install/open62541:/opt/ros/humble LD_LIBRARY_PATH=/home/yueju/led/install/pm_client/lib:/home/yueju/led/install/open62541/lib:${LD_LIBRARY_PATH} /usr/bin/cmake --build /home/yueju/led/build/pm_robot_control -- -j8 -l8
[1.086s] DEBUG:colcon.colcon_core.event_handler.log_command:Invoking command in '/home/yueju/led/build/pm_robot_control': AMENT_PREFIX_PATH=/home/yueju/led/install/pm_client:/home/yueju/led/install/open62541:${AMENT_PREFIX_PATH} CMAKE_PREFIX_PATH=/home/yueju/led/install/pm_client:/home/yueju/led/install/open62541:/opt/ros/humble LD_LIBRARY_PATH=/home/yueju/led/install/pm_client/lib:/home/yueju/led/install/open62541/lib:${LD_LIBRARY_PATH} /usr/bin/cmake --install /home/yueju/led/build/pm_robot_control
[1.096s] Level 1:colcon.colcon_core.environment:create_environment_scripts_only(pm_robot_control)
[1.098s] Level 1:colcon.colcon_core.environment:checking '/home/yueju/led/install/pm_robot_control' for CMake module files
[1.099s] DEBUG:colcon.colcon_core.event_handler.log_command:Invoked command in '/home/yueju/led/build/pm_robot_control' returned '0': AMENT_PREFIX_PATH=/home/yueju/led/install/pm_client:/home/yueju/led/install/open62541:${AMENT_PREFIX_PATH} CMAKE_PREFIX_PATH=/home/yueju/led/install/pm_client:/home/yueju/led/install/open62541:/opt/ros/humble LD_LIBRARY_PATH=/home/yueju/led/install/pm_client/lib:/home/yueju/led/install/open62541/lib:${LD_LIBRARY_PATH} /usr/bin/cmake --install /home/yueju/led/build/pm_robot_control
[1.099s] Level 1:colcon.colcon_core.environment:checking '/home/yueju/led/install/pm_robot_control' for CMake config files
[1.099s] Level 1:colcon.colcon_core.shell:create_environment_hook('pm_robot_control', 'cmake_prefix_path')
[1.100s] INFO:colcon.colcon_core.shell:Creating environment hook '/home/yueju/led/install/pm_robot_control/share/pm_robot_control/hook/cmake_prefix_path.ps1'
[1.101s] INFO:colcon.colcon_core.shell:Creating environment descriptor '/home/yueju/led/install/pm_robot_control/share/pm_robot_control/hook/cmake_prefix_path.dsv'
[1.101s] INFO:colcon.colcon_core.shell:Creating environment hook '/home/yueju/led/install/pm_robot_control/share/pm_robot_control/hook/cmake_prefix_path.sh'
[1.102s] Level 1:colcon.colcon_core.environment:checking '/home/yueju/led/install/pm_robot_control/lib'
[1.102s] Level 1:colcon.colcon_core.environment:checking '/home/yueju/led/install/pm_robot_control/bin'
[1.102s] Level 1:colcon.colcon_core.environment:checking '/home/yueju/led/install/pm_robot_control/lib/pkgconfig/pm_robot_control.pc'
[1.102s] Level 1:colcon.colcon_core.environment:checking '/home/yueju/led/install/pm_robot_control/lib/python3.10/site-packages'
[1.102s] Level 1:colcon.colcon_core.environment:checking '/home/yueju/led/install/pm_robot_control/bin'
[1.103s] INFO:colcon.colcon_core.shell:Creating package script '/home/yueju/led/install/pm_robot_control/share/pm_robot_control/package.ps1'
[1.104s] INFO:colcon.colcon_core.shell:Creating package descriptor '/home/yueju/led/install/pm_robot_control/share/pm_robot_control/package.dsv'
[1.104s] INFO:colcon.colcon_core.shell:Creating package script '/home/yueju/led/install/pm_robot_control/share/pm_robot_control/package.sh'
[1.104s] INFO:colcon.colcon_core.shell:Creating package script '/home/yueju/led/install/pm_robot_control/share/pm_robot_control/package.bash'
[1.105s] INFO:colcon.colcon_core.shell:Creating package script '/home/yueju/led/install/pm_robot_control/share/pm_robot_control/package.zsh'
[1.105s] Level 1:colcon.colcon_core.environment:create_file_with_runtime_dependencies(/home/yueju/led/install/pm_robot_control/share/colcon-core/packages/pm_robot_control)
[1.130s] Level 1:colcon.colcon_core.environment:create_environment_scripts_only(pm_robot_control)
[1.132s] Level 1:colcon.colcon_core.environment:checking '/home/yueju/led/install/pm_robot_control' for CMake module files
[1.132s] Level 1:colcon.colcon_core.environment:checking '/home/yueju/led/install/pm_robot_control' for CMake config files
[1.133s] Level 1:colcon.colcon_core.shell:create_environment_hook('pm_robot_control', 'cmake_prefix_path')
[1.134s] INFO:colcon.colcon_core.shell:Creating environment hook '/home/yueju/led/install/pm_robot_control/share/pm_robot_control/hook/cmake_prefix_path.ps1'
[1.135s] INFO:colcon.colcon_core.shell:Creating environment descriptor '/home/yueju/led/install/pm_robot_control/share/pm_robot_control/hook/cmake_prefix_path.dsv'
[1.135s] INFO:colcon.colcon_core.shell:Creating environment hook '/home/yueju/led/install/pm_robot_control/share/pm_robot_control/hook/cmake_prefix_path.sh'
[1.135s] Level 1:colcon.colcon_core.environment:checking '/home/yueju/led/install/pm_robot_control/lib'
[1.136s] Level 1:colcon.colcon_core.environment:checking '/home/yueju/led/install/pm_robot_control/bin'
[1.136s] Level 1:colcon.colcon_core.environment:checking '/home/yueju/led/install/pm_robot_control/lib/pkgconfig/pm_robot_control.pc'
[1.136s] Level 1:colcon.colcon_core.environment:checking '/home/yueju/led/install/pm_robot_control/lib/python3.10/site-packages'
[1.136s] Level 1:colcon.colcon_core.environment:checking '/home/yueju/led/install/pm_robot_control/bin'
[1.137s] INFO:colcon.colcon_core.shell:Creating package script '/home/yueju/led/install/pm_robot_control/share/pm_robot_control/package.ps1'
[1.138s] INFO:colcon.colcon_core.shell:Creating package descriptor '/home/yueju/led/install/pm_robot_control/share/pm_robot_control/package.dsv'
[1.138s] INFO:colcon.colcon_core.shell:Creating package script '/home/yueju/led/install/pm_robot_control/share/pm_robot_control/package.sh'
[1.138s] INFO:colcon.colcon_core.shell:Creating package script '/home/yueju/led/install/pm_robot_control/share/pm_robot_control/package.bash'
[1.139s] INFO:colcon.colcon_core.shell:Creating package script '/home/yueju/led/install/pm_robot_control/share/pm_robot_control/package.zsh'
[1.139s] Level 1:colcon.colcon_core.environment:create_file_with_runtime_dependencies(/home/yueju/led/install/pm_robot_control/share/colcon-core/packages/pm_robot_control)
[1.238s] DEBUG:colcon.colcon_core.event_handler.log_command:Invoking command in '/home/yueju/led/match_pm_robot/pm_robot_control_test': PYTHONPATH=/home/yueju/led/build/pm_robot_control_test/prefix_override:/home/yueju/led/install/pm_robot_control_test/lib/python3.10/site-packages:${PYTHONPATH} /usr/bin/python3 setup.py egg_info --egg-base ../../build/pm_robot_control_test build --build-base /home/yueju/led/build/pm_robot_control_test/build install --record /home/yueju/led/build/pm_robot_control_test/install.log --single-version-externally-managed
[1.697s] Level 1:colcon.colcon_core.environment:checking '/home/yueju/led/install/pm_robot_control_test' for CMake module files
[1.698s] DEBUG:colcon.colcon_core.event_handler.log_command:Invoked command in '/home/yueju/led/match_pm_robot/pm_robot_control_test' returned '0': PYTHONPATH=/home/yueju/led/build/pm_robot_control_test/prefix_override:/home/yueju/led/install/pm_robot_control_test/lib/python3.10/site-packages:${PYTHONPATH} /usr/bin/python3 setup.py egg_info --egg-base ../../build/pm_robot_control_test build --build-base /home/yueju/led/build/pm_robot_control_test/build install --record /home/yueju/led/build/pm_robot_control_test/install.log --single-version-externally-managed
[1.698s] Level 1:colcon.colcon_core.environment:checking '/home/yueju/led/install/pm_robot_control_test' for CMake config files
[1.699s] Level 1:colcon.colcon_core.environment:checking '/home/yueju/led/install/pm_robot_control_test/lib'
[1.699s] Level 1:colcon.colcon_core.environment:checking '/home/yueju/led/install/pm_robot_control_test/bin'
[1.699s] Level 1:colcon.colcon_core.environment:checking '/home/yueju/led/install/pm_robot_control_test/lib/pkgconfig/pm_robot_control_test.pc'
[1.699s] Level 1:colcon.colcon_core.environment:checking '/home/yueju/led/install/pm_robot_control_test/lib/python3.10/site-packages'
[1.699s] Level 1:colcon.colcon_core.shell:create_environment_hook('pm_robot_control_test', 'pythonpath')
[1.700s] INFO:colcon.colcon_core.shell:Creating environment hook '/home/yueju/led/install/pm_robot_control_test/share/pm_robot_control_test/hook/pythonpath.ps1'
[1.701s] INFO:colcon.colcon_core.shell:Creating environment descriptor '/home/yueju/led/install/pm_robot_control_test/share/pm_robot_control_test/hook/pythonpath.dsv'
[1.701s] INFO:colcon.colcon_core.shell:Creating environment hook '/home/yueju/led/install/pm_robot_control_test/share/pm_robot_control_test/hook/pythonpath.sh'
[1.701s] Level 1:colcon.colcon_core.environment:checking '/home/yueju/led/install/pm_robot_control_test/bin'
[1.701s] Level 1:colcon.colcon_core.environment:create_environment_scripts_only(pm_robot_control_test)
[1.703s] INFO:colcon.colcon_core.shell:Creating package script '/home/yueju/led/install/pm_robot_control_test/share/pm_robot_control_test/package.ps1'
[1.703s] INFO:colcon.colcon_core.shell:Creating package descriptor '/home/yueju/led/install/pm_robot_control_test/share/pm_robot_control_test/package.dsv'
[1.703s] INFO:colcon.colcon_core.shell:Creating package script '/home/yueju/led/install/pm_robot_control_test/share/pm_robot_control_test/package.sh'
[1.704s] INFO:colcon.colcon_core.shell:Creating package script '/home/yueju/led/install/pm_robot_control_test/share/pm_robot_control_test/package.bash'
[1.704s] INFO:colcon.colcon_core.shell:Creating package script '/home/yueju/led/install/pm_robot_control_test/share/pm_robot_control_test/package.zsh'
[1.704s] Level 1:colcon.colcon_core.environment:create_file_with_runtime_dependencies(/home/yueju/led/install/pm_robot_control_test/share/colcon-core/packages/pm_robot_control_test)
[1.705s] DEBUG:colcon.colcon_parallel_executor.executor.parallel:closing loop
[1.705s] DEBUG:colcon.colcon_parallel_executor.executor.parallel:loop closed
[1.705s] DEBUG:colcon.colcon_parallel_executor.executor.parallel:run_until_complete finished with '0'
[1.705s] DEBUG:colcon.colcon_core.event_reactor:joining thread
[1.710s] INFO:colcon.colcon_core.plugin_system:Skipping extension 'colcon_notification.desktop_notification.terminal_notifier': Not used on non-Darwin systems
[1.710s] INFO:colcon.colcon_core.plugin_system:Skipping extension 'colcon_notification.desktop_notification.win32': Not used on non-Windows systems
[1.710s] INFO:colcon.colcon_notification.desktop_notification:Sending desktop notification using 'notify2'
[1.721s] DEBUG:colcon.colcon_core.event_reactor:joined thread
[1.722s] INFO:colcon.colcon_core.shell:Creating prefix script '/home/yueju/led/install/local_setup.ps1'
[1.723s] INFO:colcon.colcon_core.shell:Creating prefix util module '/home/yueju/led/install/_local_setup_util_ps1.py'
[1.724s] INFO:colcon.colcon_core.shell:Creating prefix chain script '/home/yueju/led/install/setup.ps1'
[1.725s] INFO:colcon.colcon_core.shell:Creating prefix script '/home/yueju/led/install/local_setup.sh'
[1.725s] INFO:colcon.colcon_core.shell:Creating prefix util module '/home/yueju/led/install/_local_setup_util_sh.py'
[1.726s] INFO:colcon.colcon_core.shell:Creating prefix chain script '/home/yueju/led/install/setup.sh'
[1.727s] INFO:colcon.colcon_core.shell:Creating prefix script '/home/yueju/led/install/local_setup.bash'
[1.728s] INFO:colcon.colcon_core.shell:Creating prefix chain script '/home/yueju/led/install/setup.bash'
[1.729s] INFO:colcon.colcon_core.shell:Creating prefix script '/home/yueju/led/install/local_setup.zsh'
[1.729s] INFO:colcon.colcon_core.shell:Creating prefix chain script '/home/yueju/led/install/setup.zsh'
