[0.040s] Invoking command in '/home/yueju/led/build/open62541': CMAKE_PREFIX_PATH=/opt/ros/humble /usr/bin/cmake --build /home/yueju/led/build/open62541 -- -j8 -l8
[0.086s] [100%] Built target open62541
[0.098s] Invoked command in '/home/yueju/led/build/open62541' returned '0': CMAKE_PREFIX_PATH=/opt/ros/humble /usr/bin/cmake --build /home/yueju/led/build/open62541 -- -j8 -l8
[0.131s] Invoking command in '/home/yueju/led/build/open62541': CMAKE_PREFIX_PATH=/opt/ros/humble /usr/bin/cmake --install /home/yueju/led/build/open62541
[3.189s] -- Install configuration: ""
[3.190s] -- Up-to-date: /home/yueju/led/install/open62541/share/open62541/environment/library_path.sh
[3.190s] -- Up-to-date: /home/yueju/led/install/open62541/share/open62541/environment/library_path.dsv
[3.190s] -- Up-to-date: /home/yueju/led/install/open62541/include/open62541
[3.191s] -- Up-to-date: /home/yueju/led/install/open62541/include/open62541/open62541.h
[3.191s] -- Up-to-date: /home/yueju/led/install/open62541/lib/libopen62541.a
[3.191s] -- Up-to-date: /home/yueju/led/install/open62541/share/ament_index/resource_index/package_run_dependencies/open62541
[3.191s] -- Up-to-date: /home/yueju/led/install/open62541/share/ament_index/resource_index/parent_prefix_path/open62541
[3.191s] -- Up-to-date: /home/yueju/led/install/open62541/share/open62541/environment/ament_prefix_path.sh
[3.191s] -- Up-to-date: /home/yueju/led/install/open62541/share/open62541/environment/ament_prefix_path.dsv
[3.191s] -- Up-to-date: /home/yueju/led/install/open62541/share/open62541/environment/path.sh
[3.192s] -- Up-to-date: /home/yueju/led/install/open62541/share/open62541/environment/path.dsv
[3.192s] -- Up-to-date: /home/yueju/led/install/open62541/share/open62541/local_setup.bash
[3.192s] -- Up-to-date: /home/yueju/led/install/open62541/share/open62541/local_setup.sh
[3.192s] -- Up-to-date: /home/yueju/led/install/open62541/share/open62541/local_setup.zsh
[3.193s] -- Up-to-date: /home/yueju/led/install/open62541/share/open62541/local_setup.dsv
[3.193s] -- Installing: /home/yueju/led/install/open62541/share/open62541/package.dsv
[3.193s] -- Up-to-date: /home/yueju/led/install/open62541/share/ament_index/resource_index/packages/open62541
[3.193s] -- Up-to-date: /home/yueju/led/install/open62541/share/open62541/cmake/open62541Export.cmake
[3.194s] -- Up-to-date: /home/yueju/led/install/open62541/share/open62541/cmake/open62541Export-noconfig.cmake
[3.194s] -- Up-to-date: /home/yueju/led/install/open62541/share/open62541/cmake/ament_cmake_export_targets-extras.cmake
[3.194s] -- Up-to-date: /home/yueju/led/install/open62541/share/open62541/cmake/open62541Config.cmake
[3.195s] -- Up-to-date: /home/yueju/led/install/open62541/share/open62541/cmake/open62541Config-version.cmake
[3.195s] -- Up-to-date: /home/yueju/led/install/open62541/share/open62541/package.xml
[3.196s] Invoked command in '/home/yueju/led/build/open62541' returned '0': CMAKE_PREFIX_PATH=/opt/ros/humble /usr/bin/cmake --install /home/yueju/led/build/open62541
