[0.011s] Invoking command in '/home/yueju/led/build/pm_bringup': AMENT_PREFIX_PATH=/home/yueju/led/install/open_cv:/home/yueju/led/install/pm_bringup:/home/yueju/match_pm_robot/install/pm_robot_description:/home/yueju/match_pm_robot/install/pm_robot_control_test:/opt/ros/humble CMAKE_PREFIX_PATH=${CMAKE_PREFIX_PATH}:/home/yueju/led/install/open_cv:/home/yueju/match_pm_robot/install/pm_robot_control_test:/opt/ros/humble /usr/bin/cmake --build /home/yueju/led/build/pm_bringup -- -j8 -l8
[0.045s] Invoked command in '/home/yueju/led/build/pm_bringup' returned '0': AMENT_PREFIX_PATH=/home/yueju/led/install/open_cv:/home/yueju/led/install/pm_bringup:/home/yueju/match_pm_robot/install/pm_robot_description:/home/yueju/match_pm_robot/install/pm_robot_control_test:/opt/ros/humble CMAKE_PREFIX_PATH=${CMAKE_PREFIX_PATH}:/home/yueju/led/install/open_cv:/home/yueju/match_pm_robot/install/pm_robot_control_test:/opt/ros/humble /usr/bin/cmake --build /home/yueju/led/build/pm_bringup -- -j8 -l8
[0.073s] Invoking command in '/home/yueju/led/build/pm_bringup': AMENT_PREFIX_PATH=/home/yueju/led/install/open_cv:/home/yueju/led/install/pm_bringup:/home/yueju/match_pm_robot/install/pm_robot_description:/home/yueju/match_pm_robot/install/pm_robot_control_test:/opt/ros/humble CMAKE_PREFIX_PATH=${CMAKE_PREFIX_PATH}:/home/yueju/led/install/open_cv:/home/yueju/match_pm_robot/install/pm_robot_control_test:/opt/ros/humble /usr/bin/cmake --install /home/yueju/led/build/pm_bringup
[0.080s] -- Install configuration: ""
[0.080s] -- Up-to-date: /home/yueju/led/install/pm_bringup/share/pm_bringup/launch
[0.080s] -- Installing: /home/yueju/led/install/pm_bringup/share/pm_bringup/launch/auto_calibrating.launch.py
[0.080s] -- Up-to-date: /home/yueju/led/install/pm_bringup/share/ament_index/resource_index/package_run_dependencies/pm_bringup
[0.080s] -- Up-to-date: /home/yueju/led/install/pm_bringup/share/ament_index/resource_index/parent_prefix_path/pm_bringup
[0.081s] -- Up-to-date: /home/yueju/led/install/pm_bringup/share/pm_bringup/environment/ament_prefix_path.sh
[0.081s] -- Up-to-date: /home/yueju/led/install/pm_bringup/share/pm_bringup/environment/ament_prefix_path.dsv
[0.081s] -- Up-to-date: /home/yueju/led/install/pm_bringup/share/pm_bringup/environment/path.sh
[0.081s] -- Up-to-date: /home/yueju/led/install/pm_bringup/share/pm_bringup/environment/path.dsv
[0.081s] -- Up-to-date: /home/yueju/led/install/pm_bringup/share/pm_bringup/local_setup.bash
[0.081s] -- Up-to-date: /home/yueju/led/install/pm_bringup/share/pm_bringup/local_setup.sh
[0.081s] -- Up-to-date: /home/yueju/led/install/pm_bringup/share/pm_bringup/local_setup.zsh
[0.082s] -- Up-to-date: /home/yueju/led/install/pm_bringup/share/pm_bringup/local_setup.dsv
[0.082s] -- Up-to-date: /home/yueju/led/install/pm_bringup/share/pm_bringup/package.dsv
[0.082s] -- Up-to-date: /home/yueju/led/install/pm_bringup/share/ament_index/resource_index/packages/pm_bringup
[0.082s] -- Up-to-date: /home/yueju/led/install/pm_bringup/share/pm_bringup/cmake/pm_bringupConfig.cmake
[0.082s] -- Up-to-date: /home/yueju/led/install/pm_bringup/share/pm_bringup/cmake/pm_bringupConfig-version.cmake
[0.083s] -- Up-to-date: /home/yueju/led/install/pm_bringup/share/pm_bringup/package.xml
[0.087s] Invoked command in '/home/yueju/led/build/pm_bringup' returned '0': AMENT_PREFIX_PATH=/home/yueju/led/install/open_cv:/home/yueju/led/install/pm_bringup:/home/yueju/match_pm_robot/install/pm_robot_description:/home/yueju/match_pm_robot/install/pm_robot_control_test:/opt/ros/humble CMAKE_PREFIX_PATH=${CMAKE_PREFIX_PATH}:/home/yueju/led/install/open_cv:/home/yueju/match_pm_robot/install/pm_robot_control_test:/opt/ros/humble /usr/bin/cmake --install /home/yueju/led/build/pm_bringup
