[0.306s] Invoking command in '/home/yueju/led/build/pm_robot_description': CMAKE_PREFIX_PATH=/opt/ros/humble /usr/bin/cmake /home/yueju/led/match_pm_robot/pm_robot_description -DCMAKE_INSTALL_PREFIX=/home/yueju/led/install/pm_robot_description
[0.406s] -- The C compiler identification is GNU 11.3.0
[0.462s] -- The CXX compiler identification is GNU 11.3.0
[0.468s] -- Detecting C compiler ABI info
[0.532s] -- Detecting C compiler ABI info - done
[0.542s] -- Check for working C compiler: /usr/bin/cc - skipped
[0.542s] -- Detecting C compile features
[0.543s] -- Detecting C compile features - done
[0.546s] -- Detecting CXX compiler ABI info
[0.626s] -- Detecting CXX compiler ABI info - done
[0.633s] -- Check for working CXX compiler: /usr/bin/c++ - skipped
[0.634s] -- Detecting CXX compile features
[0.634s] -- Detecting CXX compile features - done
[0.637s] -- Found ament_cmake: 1.3.3 (/opt/ros/humble/share/ament_cmake/cmake)
[0.806s] -- Found Python3: /usr/bin/python3.10 (found version "3.10.6") found components: Interpreter 
[0.900s] -- Found ament_lint_auto: 0.12.5 (/opt/ros/humble/share/ament_lint_auto/cmake)
[1.240s] -- Added test 'cppcheck' to perform static code analysis on C / C++ code
[1.240s] -- Configured cppcheck include dirs: 
[1.240s] -- Configured cppcheck exclude dirs and/or files: 
[1.243s] -- Added test 'flake8' to check Python code syntax and style conventions
[1.247s] -- Added test 'lint_cmake' to check CMake code style
[1.249s] -- Added test 'pep257' to check Python code against some of the docstring style conventions in PEP 257
[1.264s] -- Added test 'uncrustify' to check C / C++ code style
[1.264s] -- Configured uncrustify additional arguments: 
[1.266s] -- Added test 'xmllint' to check XML markup files
[1.267s] -- Configuring done
[1.271s] -- Generating done
[1.271s] -- Build files have been written to: /home/yueju/led/build/pm_robot_description
[1.276s] Invoked command in '/home/yueju/led/build/pm_robot_description' returned '0': CMAKE_PREFIX_PATH=/opt/ros/humble /usr/bin/cmake /home/yueju/led/match_pm_robot/pm_robot_description -DCMAKE_INSTALL_PREFIX=/home/yueju/led/install/pm_robot_description
[1.279s] Invoking command in '/home/yueju/led/build/pm_robot_description': CMAKE_PREFIX_PATH=/opt/ros/humble /usr/bin/cmake --build /home/yueju/led/build/pm_robot_description -- -j8 -l8
[1.314s] Invoked command in '/home/yueju/led/build/pm_robot_description' returned '0': CMAKE_PREFIX_PATH=/opt/ros/humble /usr/bin/cmake --build /home/yueju/led/build/pm_robot_description -- -j8 -l8
[1.346s] Invoking command in '/home/yueju/led/build/pm_robot_description': CMAKE_PREFIX_PATH=/opt/ros/humble /usr/bin/cmake --install /home/yueju/led/build/pm_robot_description
[1.353s] -- Install configuration: ""
[1.354s] -- Installing: /home/yueju/led/install/pm_robot_description/share/pm_robot_description/config
[1.354s] -- Installing: /home/yueju/led/install/pm_robot_description/share/pm_robot_description/config/control.yaml
[1.354s] -- Installing: /home/yueju/led/install/pm_robot_description/share/pm_robot_description/config/joint_names_roboter_zusammenbau.yaml
[1.355s] -- Installing: /home/yueju/led/install/pm_robot_description/share/pm_robot_description/config/controller.yaml
[1.355s] -- Installing: /home/yueju/led/install/pm_robot_description/share/pm_robot_description/launch
[1.355s] -- Installing: /home/yueju/led/install/pm_robot_description/share/pm_robot_description/launch/pm_robot_rviz.launch.py
[1.355s] -- Installing: /home/yueju/led/install/pm_robot_description/share/pm_robot_description/launch/pm_robot_gazebo.launch.py
[1.355s] -- Installing: /home/yueju/led/install/pm_robot_description/share/pm_robot_description/meshes
[1.356s] -- Installing: /home/yueju/led/install/pm_robot_description/share/pm_robot_description/meshes/EQ.STL
[1.373s] -- Installing: /home/yueju/led/install/pm_robot_description/share/pm_robot_description/meshes/UV_Module_Right.STL
[1.402s] -- Installing: /home/yueju/led/install/pm_robot_description/share/pm_robot_description/meshes/Z_Axis.STL
[1.698s] -- Installing: /home/yueju/led/install/pm_robot_description/share/pm_robot_description/meshes/Gonio_Right_Stage_1_Upper.STL
[1.728s] -- Installing: /home/yueju/led/install/pm_robot_description/share/pm_robot_description/meshes/Test_Station.STL
[1.906s] -- Installing: /home/yueju/led/install/pm_robot_description/share/pm_robot_description/meshes/Gonio_Left_Stage_1_Upper.STL
[1.944s] -- Installing: /home/yueju/led/install/pm_robot_description/share/pm_robot_description/meshes/UV_Module_Left.STL
[1.980s] -- Installing: /home/yueju/led/install/pm_robot_description/share/pm_robot_description/meshes/Gonio_Right_Mount_Upper.STL
[2.022s] -- Installing: /home/yueju/led/install/pm_robot_description/share/pm_robot_description/meshes/Gripper.STL
[2.037s] -- Installing: /home/yueju/led/install/pm_robot_description/share/pm_robot_description/meshes/Stage_1_Gonio_Right.STL
[2.060s] -- Installing: /home/yueju/led/install/pm_robot_description/share/pm_robot_description/meshes/Camera_Calibration.STL
[2.124s] -- Installing: /home/yueju/led/install/pm_robot_description/share/pm_robot_description/meshes/Nest.STL
[2.175s] -- Installing: /home/yueju/led/install/pm_robot_description/share/pm_robot_description/meshes/Glue_Cartridge.STL
[2.182s] -- Installing: /home/yueju/led/install/pm_robot_description/share/pm_robot_description/meshes/Gonio_Right_Stage_2_Upper.STL
[2.195s] -- Installing: /home/yueju/led/install/pm_robot_description/share/pm_robot_description/meshes/Camera_System.STL
[2.298s] -- Installing: /home/yueju/led/install/pm_robot_description/share/pm_robot_description/meshes/Gripper_Rot_Plate.STL
[2.327s] -- Installing: /home/yueju/led/install/pm_robot_description/share/pm_robot_description/meshes/Glue_Cartridge_Flap.STL
[2.362s] -- Installing: /home/yueju/led/install/pm_robot_description/share/pm_robot_description/meshes/Gonio_Right_Mount_Lower.STL
[2.386s] -- Installing: /home/yueju/led/install/pm_robot_description/share/pm_robot_description/meshes/X_Axis.STL
[2.427s] -- Installing: /home/yueju/led/install/pm_robot_description/share/pm_robot_description/meshes/Camera_Module_Z_Axis.STL
[2.473s] -- Installing: /home/yueju/led/install/pm_robot_description/share/pm_robot_description/meshes/Gonio_Left_Stage_2_Upper.STL
[2.487s] -- Installing: /home/yueju/led/install/pm_robot_description/share/pm_robot_description/meshes/UV_Cart_Left.STL
[2.514s] -- Installing: /home/yueju/led/install/pm_robot_description/share/pm_robot_description/meshes/UV_Cart_Right.STL
[2.551s] -- Installing: /home/yueju/led/install/pm_robot_description/share/pm_robot_description/meshes/Gonio_Base_Left.STL
[2.653s] -- Installing: /home/yueju/led/install/pm_robot_description/share/pm_robot_description/meshes/Component.STL
[2.653s] -- Installing: /home/yueju/led/install/pm_robot_description/share/pm_robot_description/meshes/base_link.STL
[2.724s] -- Installing: /home/yueju/led/install/pm_robot_description/share/pm_robot_description/meshes/Gonio_Base_Rigth.STL
[2.746s] -- Installing: /home/yueju/led/install/pm_robot_description/share/pm_robot_description/meshes/Y_Axis.STL
[2.822s] -- Installing: /home/yueju/led/install/pm_robot_description/share/pm_robot_description/urdf
[2.823s] -- Installing: /home/yueju/led/install/pm_robot_description/share/pm_robot_description/urdf/pm_robot.gv
[2.839s] -- Installing: /home/yueju/led/install/pm_robot_description/share/pm_robot_description/urdf/main.xacro
[2.840s] -- Installing: /home/yueju/led/install/pm_robot_description/share/pm_robot_description/urdf/pm_robot.pdf
[2.841s] -- Installing: /home/yueju/led/install/pm_robot_description/share/pm_robot_description/urdf/ros2_control.xacro
[2.842s] -- Installing: /home/yueju/led/install/pm_robot_description/share/pm_robot_description/urdf/pm_robot.urdf
[2.843s] -- Installing: /home/yueju/led/install/pm_robot_description/share/pm_robot_description/urdf/sensors.urdf
[2.844s] -- Installing: /home/yueju/led/install/pm_robot_description/share/pm_robot_description/urdf/controllers.xacro
[2.845s] -- Installing: /home/yueju/led/install/pm_robot_description/share/ament_index/resource_index/package_run_dependencies/pm_robot_description
[2.845s] -- Installing: /home/yueju/led/install/pm_robot_description/share/ament_index/resource_index/parent_prefix_path/pm_robot_description
[2.846s] -- Installing: /home/yueju/led/install/pm_robot_description/share/pm_robot_description/environment/ament_prefix_path.sh
[2.847s] -- Installing: /home/yueju/led/install/pm_robot_description/share/pm_robot_description/environment/ament_prefix_path.dsv
[2.847s] -- Installing: /home/yueju/led/install/pm_robot_description/share/pm_robot_description/environment/path.sh
[2.848s] -- Installing: /home/yueju/led/install/pm_robot_description/share/pm_robot_description/environment/path.dsv
[2.849s] -- Installing: /home/yueju/led/install/pm_robot_description/share/pm_robot_description/local_setup.bash
[2.849s] -- Installing: /home/yueju/led/install/pm_robot_description/share/pm_robot_description/local_setup.sh
[2.850s] -- Installing: /home/yueju/led/install/pm_robot_description/share/pm_robot_description/local_setup.zsh
[2.850s] -- Installing: /home/yueju/led/install/pm_robot_description/share/pm_robot_description/local_setup.dsv
[2.851s] -- Installing: /home/yueju/led/install/pm_robot_description/share/pm_robot_description/package.dsv
[2.851s] -- Installing: /home/yueju/led/install/pm_robot_description/share/ament_index/resource_index/packages/pm_robot_description
[2.861s] -- Installing: /home/yueju/led/install/pm_robot_description/share/pm_robot_description/cmake/pm_robot_descriptionConfig.cmake
[2.861s] -- Installing: /home/yueju/led/install/pm_robot_description/share/pm_robot_description/cmake/pm_robot_descriptionConfig-version.cmake
[2.862s] -- Installing: /home/yueju/led/install/pm_robot_description/share/pm_robot_description/package.xml
[2.878s] Invoked command in '/home/yueju/led/build/pm_robot_description' returned '0': CMAKE_PREFIX_PATH=/opt/ros/humble /usr/bin/cmake --install /home/yueju/led/build/pm_robot_description
