[0.008s] Invoking command in '/home/pmlab/yueju2/build/pm_bringup': AMENT_PREFIX_PATH=/home/pmlab/yueju2/install/open_cv:${AMENT_PREFIX_PATH} CMAKE_PREFIX_PATH=${CMAKE_PREFIX_PATH}:/home/pmlab/pm_ros2_ws/install/pm_vision:/home/pmlab/pm_ros2_ws/install/pm_robot_control_test:/home/pmlab/pm_ros2_ws/install/pm_move:/opt/ros/humble PYTHONPATH=/home/pmlab/yueju2/install/open_cv/lib/python3.10/site-packages:${PYTHONPATH} /usr/bin/cmake --build /home/pmlab/yueju2/build/pm_bringup -- -j16 -l16
[0.026s] Invoked command in '/home/pmlab/yueju2/build/pm_bringup' returned '0': AMENT_PREFIX_PATH=/home/pmlab/yueju2/install/open_cv:${AMENT_PREFIX_PATH} CMAKE_PREFIX_PATH=${CMAKE_PREFIX_PATH}:/home/pmlab/pm_ros2_ws/install/pm_vision:/home/pmlab/pm_ros2_ws/install/pm_robot_control_test:/home/pmlab/pm_ros2_ws/install/pm_move:/opt/ros/humble PYTHONPATH=/home/pmlab/yueju2/install/open_cv/lib/python3.10/site-packages:${PYTHONPATH} /usr/bin/cmake --build /home/pmlab/yueju2/build/pm_bringup -- -j16 -l16
[0.042s] Invoking command in '/home/pmlab/yueju2/build/pm_bringup': AMENT_PREFIX_PATH=/home/pmlab/yueju2/install/open_cv:${AMENT_PREFIX_PATH} CMAKE_PREFIX_PATH=${CMAKE_PREFIX_PATH}:/home/pmlab/pm_ros2_ws/install/pm_vision:/home/pmlab/pm_ros2_ws/install/pm_robot_control_test:/home/pmlab/pm_ros2_ws/install/pm_move:/opt/ros/humble PYTHONPATH=/home/pmlab/yueju2/install/open_cv/lib/python3.10/site-packages:${PYTHONPATH} /usr/bin/cmake --install /home/pmlab/yueju2/build/pm_bringup
[0.045s] -- Install configuration: ""
[0.045s] -- Up-to-date: /home/pmlab/yueju2/install/pm_bringup/share/pm_bringup/launch
[0.045s] -- Up-to-date: /home/pmlab/yueju2/install/pm_bringup/share/pm_bringup/launch/auto_calibrating.launch.py
[0.045s] -- Up-to-date: /home/pmlab/yueju2/install/pm_bringup/share/ament_index/resource_index/package_run_dependencies/pm_bringup
[0.045s] -- Up-to-date: /home/pmlab/yueju2/install/pm_bringup/share/ament_index/resource_index/parent_prefix_path/pm_bringup
[0.045s] -- Up-to-date: /home/pmlab/yueju2/install/pm_bringup/share/pm_bringup/environment/ament_prefix_path.dsv
[0.045s] -- Up-to-date: /home/pmlab/yueju2/install/pm_bringup/share/pm_bringup/environment/path.dsv
[0.045s] -- Up-to-date: /home/pmlab/yueju2/install/pm_bringup/share/pm_bringup/local_setup.bash
[0.045s] -- Up-to-date: /home/pmlab/yueju2/install/pm_bringup/share/pm_bringup/local_setup.sh
[0.045s] -- Up-to-date: /home/pmlab/yueju2/install/pm_bringup/share/pm_bringup/local_setup.zsh
[0.045s] -- Up-to-date: /home/pmlab/yueju2/install/pm_bringup/share/pm_bringup/local_setup.dsv
[0.045s] -- Up-to-date: /home/pmlab/yueju2/install/pm_bringup/share/pm_bringup/package.dsv
[0.045s] -- Up-to-date: /home/pmlab/yueju2/install/pm_bringup/share/ament_index/resource_index/packages/pm_bringup
[0.045s] -- Up-to-date: /home/pmlab/yueju2/install/pm_bringup/share/pm_bringup/cmake/pm_bringupConfig.cmake
[0.045s] -- Up-to-date: /home/pmlab/yueju2/install/pm_bringup/share/pm_bringup/cmake/pm_bringupConfig-version.cmake
[0.045s] -- Up-to-date: /home/pmlab/yueju2/install/pm_bringup/share/pm_bringup/package.xml
[0.047s] Invoked command in '/home/pmlab/yueju2/build/pm_bringup' returned '0': AMENT_PREFIX_PATH=/home/pmlab/yueju2/install/open_cv:${AMENT_PREFIX_PATH} CMAKE_PREFIX_PATH=${CMAKE_PREFIX_PATH}:/home/pmlab/pm_ros2_ws/install/pm_vision:/home/pmlab/pm_ros2_ws/install/pm_robot_control_test:/home/pmlab/pm_ros2_ws/install/pm_move:/opt/ros/humble PYTHONPATH=/home/pmlab/yueju2/install/open_cv/lib/python3.10/site-packages:${PYTHONPATH} /usr/bin/cmake --install /home/pmlab/yueju2/build/pm_bringup
