[0.237s] DEBUG:colcon:Command line arguments: ['/usr/bin/colcon', 'build']
[0.237s] DEBUG:colcon:Parsed command line arguments: Namespace(log_base=None, log_level=None, verb_name='build', build_base='build', install_base='install', merge_install=False, symlink_install=False, test_result_base=None, continue_on_error=False, executor='parallel', parallel_workers=24, event_handlers=None, ignore_user_meta=False, metas=['./colcon.meta'], base_paths=['.'], packages_ignore=None, packages_ignore_regex=None, paths=None, packages_up_to=None, packages_up_to_regex=None, packages_above=None, packages_above_and_dependencies=None, packages_above_depth=None, packages_select_by_dep=None, packages_skip_by_dep=None, packages_skip_up_to=None, packages_select_build_failed=False, packages_skip_build_finished=False, packages_select_test_failures=False, packages_skip_test_passed=False, packages_select=None, packages_skip=None, packages_select_regex=None, packages_skip_regex=None, packages_start=None, packages_end=None, allow_overriding=[], cmake_args=None, cmake_target=None, cmake_target_skip_unavailable=False, cmake_clean_cache=False, cmake_clean_first=False, cmake_force_configure=False, ament_cmake_args=None, catkin_cmake_args=None, catkin_skip_building_tests=False, verb_parser=<colcon_defaults.argument_parser.defaults.DefaultArgumentsDecorator object at 0x7f78299d6e30>, verb_extension=<colcon_core.verb.build.BuildVerb object at 0x7f782a138a90>, main=<bound method BuildVerb.main of <colcon_core.verb.build.BuildVerb object at 0x7f782a138a90>>)
[0.259s] Level 1:colcon.colcon_core.package_discovery:discover_packages(colcon_meta) check parameters
[0.259s] Level 1:colcon.colcon_core.package_discovery:discover_packages(recursive) check parameters
[0.259s] Level 1:colcon.colcon_core.package_discovery:discover_packages(ignore) check parameters
[0.259s] Level 1:colcon.colcon_core.package_discovery:discover_packages(path) check parameters
[0.259s] Level 1:colcon.colcon_core.package_discovery:discover_packages(colcon_meta) discover
[0.259s] Level 1:colcon.colcon_core.package_discovery:discover_packages(recursive) discover
[0.259s] INFO:colcon.colcon_core.package_discovery:Crawling recursively for packages in '/home/pmlab/yueju/change'
[0.259s] Level 1:colcon.colcon_core.package_identification:_identify(.) by extensions ['ignore', 'ignore_ament_install']
[0.259s] Level 1:colcon.colcon_core.package_identification:_identify(.) by extension 'ignore'
[0.259s] Level 1:colcon.colcon_core.package_identification:_identify(.) by extension 'ignore_ament_install'
[0.259s] Level 1:colcon.colcon_core.package_identification:_identify(.) by extensions ['colcon_pkg']
[0.259s] Level 1:colcon.colcon_core.package_identification:_identify(.) by extension 'colcon_pkg'
[0.259s] Level 1:colcon.colcon_core.package_identification:_identify(.) by extensions ['colcon_meta']
[0.259s] Level 1:colcon.colcon_core.package_identification:_identify(.) by extension 'colcon_meta'
[0.259s] Level 1:colcon.colcon_core.package_identification:_identify(.) by extensions ['ros']
[0.259s] Level 1:colcon.colcon_core.package_identification:_identify(.) by extension 'ros'
[0.267s] Level 1:colcon.colcon_core.package_identification:_identify(.) by extensions ['cmake', 'python']
[0.267s] Level 1:colcon.colcon_core.package_identification:_identify(.) by extension 'cmake'
[0.267s] Level 1:colcon.colcon_core.package_identification:_identify(.) by extension 'python'
[0.267s] Level 1:colcon.colcon_core.package_identification:_identify(.) by extensions ['python_setup_py']
[0.267s] Level 1:colcon.colcon_core.package_identification:_identify(.) by extension 'python_setup_py'
[0.267s] Level 1:colcon.colcon_core.package_identification:_identify(build) by extensions ['ignore', 'ignore_ament_install']
[0.267s] Level 1:colcon.colcon_core.package_identification:_identify(build) by extension 'ignore'
[0.267s] Level 1:colcon.colcon_core.package_identification:_identify(build) ignored
[0.268s] Level 1:colcon.colcon_core.package_identification:_identify(install) by extensions ['ignore', 'ignore_ament_install']
[0.268s] Level 1:colcon.colcon_core.package_identification:_identify(install) by extension 'ignore'
[0.268s] Level 1:colcon.colcon_core.package_identification:_identify(install) ignored
[0.268s] Level 1:colcon.colcon_core.package_identification:_identify(log) by extensions ['ignore', 'ignore_ament_install']
[0.268s] Level 1:colcon.colcon_core.package_identification:_identify(log) by extension 'ignore'
[0.268s] Level 1:colcon.colcon_core.package_identification:_identify(log) ignored
[0.268s] Level 1:colcon.colcon_core.package_identification:_identify(match_pm_robot) by extensions ['ignore', 'ignore_ament_install']
[0.268s] Level 1:colcon.colcon_core.package_identification:_identify(match_pm_robot) by extension 'ignore'
[0.268s] Level 1:colcon.colcon_core.package_identification:_identify(match_pm_robot) by extension 'ignore_ament_install'
[0.268s] Level 1:colcon.colcon_core.package_identification:_identify(match_pm_robot) by extensions ['colcon_pkg']
[0.268s] Level 1:colcon.colcon_core.package_identification:_identify(match_pm_robot) by extension 'colcon_pkg'
[0.268s] Level 1:colcon.colcon_core.package_identification:_identify(match_pm_robot) by extensions ['colcon_meta']
[0.268s] Level 1:colcon.colcon_core.package_identification:_identify(match_pm_robot) by extension 'colcon_meta'
[0.268s] Level 1:colcon.colcon_core.package_identification:_identify(match_pm_robot) by extensions ['ros']
[0.268s] Level 1:colcon.colcon_core.package_identification:_identify(match_pm_robot) by extension 'ros'
[0.268s] Level 1:colcon.colcon_core.package_identification:_identify(match_pm_robot) by extensions ['cmake', 'python']
[0.268s] Level 1:colcon.colcon_core.package_identification:_identify(match_pm_robot) by extension 'cmake'
[0.268s] Level 1:colcon.colcon_core.package_identification:_identify(match_pm_robot) by extension 'python'
[0.268s] Level 1:colcon.colcon_core.package_identification:_identify(match_pm_robot) by extensions ['python_setup_py']
[0.268s] Level 1:colcon.colcon_core.package_identification:_identify(match_pm_robot) by extension 'python_setup_py'
[0.268s] Level 1:colcon.colcon_core.package_identification:_identify(open_cv) by extensions ['ignore', 'ignore_ament_install']
[0.269s] Level 1:colcon.colcon_core.package_identification:_identify(open_cv) by extension 'ignore'
[0.269s] Level 1:colcon.colcon_core.package_identification:_identify(open_cv) by extension 'ignore_ament_install'
[0.269s] Level 1:colcon.colcon_core.package_identification:_identify(open_cv) by extensions ['colcon_pkg']
[0.269s] Level 1:colcon.colcon_core.package_identification:_identify(open_cv) by extension 'colcon_pkg'
[0.269s] Level 1:colcon.colcon_core.package_identification:_identify(open_cv) by extensions ['colcon_meta']
[0.269s] Level 1:colcon.colcon_core.package_identification:_identify(open_cv) by extension 'colcon_meta'
[0.269s] Level 1:colcon.colcon_core.package_identification:_identify(open_cv) by extensions ['ros']
[0.269s] Level 1:colcon.colcon_core.package_identification:_identify(open_cv) by extension 'ros'
[0.271s] DEBUG:colcon.colcon_core.package_identification:Package 'open_cv' with type 'ros.ament_python' and name 'open_cv'
[0.271s] Level 1:colcon.colcon_core.package_identification:_identify(pm_bringup) by extensions ['ignore', 'ignore_ament_install']
[0.271s] Level 1:colcon.colcon_core.package_identification:_identify(pm_bringup) by extension 'ignore'
[0.271s] Level 1:colcon.colcon_core.package_identification:_identify(pm_bringup) by extension 'ignore_ament_install'
[0.271s] Level 1:colcon.colcon_core.package_identification:_identify(pm_bringup) by extensions ['colcon_pkg']
[0.271s] Level 1:colcon.colcon_core.package_identification:_identify(pm_bringup) by extension 'colcon_pkg'
[0.271s] Level 1:colcon.colcon_core.package_identification:_identify(pm_bringup) by extensions ['colcon_meta']
[0.271s] Level 1:colcon.colcon_core.package_identification:_identify(pm_bringup) by extension 'colcon_meta'
[0.271s] Level 1:colcon.colcon_core.package_identification:_identify(pm_bringup) by extensions ['ros']
[0.271s] Level 1:colcon.colcon_core.package_identification:_identify(pm_bringup) by extension 'ros'
[0.272s] DEBUG:colcon.colcon_core.package_identification:Package 'pm_bringup' with type 'ros.ament_cmake' and name 'pm_bringup'
[0.272s] Level 1:colcon.colcon_core.package_discovery:discover_packages(recursive) using defaults
[0.272s] Level 1:colcon.colcon_core.package_discovery:discover_packages(ignore) discover
[0.272s] Level 1:colcon.colcon_core.package_discovery:discover_packages(ignore) using defaults
[0.272s] Level 1:colcon.colcon_core.package_discovery:discover_packages(path) discover
[0.272s] Level 1:colcon.colcon_core.package_discovery:discover_packages(path) using defaults
[0.288s] Level 1:colcon.colcon_core.package_discovery:discover_packages(prefix_path) check parameters
[0.288s] Level 1:colcon.colcon_core.package_discovery:discover_packages(prefix_path) discover
[0.290s] DEBUG:colcon.colcon_installed_package_information.package_discovery:Found 11 installed packages in /home/pmlab/ros2_ws/install
[0.291s] DEBUG:colcon.colcon_installed_package_information.package_discovery:Found 1 installed packages in /home/pmlab/ros2_ws/src/pm_robot_programming_framework/install
[0.293s] DEBUG:colcon.colcon_installed_package_information.package_discovery:Found 365 installed packages in /opt/ros/humble
[0.294s] Level 1:colcon.colcon_core.package_discovery:discover_packages(prefix_path) using defaults
[0.347s] Level 5:colcon.colcon_core.verb:set package 'open_cv' build argument 'cmake_args' from command line to 'None'
[0.348s] Level 5:colcon.colcon_core.verb:set package 'open_cv' build argument 'cmake_target' from command line to 'None'
[0.348s] Level 5:colcon.colcon_core.verb:set package 'open_cv' build argument 'cmake_target_skip_unavailable' from command line to 'False'
[0.348s] Level 5:colcon.colcon_core.verb:set package 'open_cv' build argument 'cmake_clean_cache' from command line to 'False'
[0.348s] Level 5:colcon.colcon_core.verb:set package 'open_cv' build argument 'cmake_clean_first' from command line to 'False'
[0.348s] Level 5:colcon.colcon_core.verb:set package 'open_cv' build argument 'cmake_force_configure' from command line to 'False'
[0.348s] Level 5:colcon.colcon_core.verb:set package 'open_cv' build argument 'ament_cmake_args' from command line to 'None'
[0.348s] Level 5:colcon.colcon_core.verb:set package 'open_cv' build argument 'catkin_cmake_args' from command line to 'None'
[0.348s] Level 5:colcon.colcon_core.verb:set package 'open_cv' build argument 'catkin_skip_building_tests' from command line to 'False'
[0.348s] DEBUG:colcon.colcon_core.verb:Building package 'open_cv' with the following arguments: {'ament_cmake_args': None, 'build_base': '/home/pmlab/yueju/change/build/open_cv', 'catkin_cmake_args': None, 'catkin_skip_building_tests': False, 'cmake_args': None, 'cmake_clean_cache': False, 'cmake_clean_first': False, 'cmake_force_configure': False, 'cmake_target': None, 'cmake_target_skip_unavailable': False, 'install_base': '/home/pmlab/yueju/change/install/open_cv', 'merge_install': False, 'path': '/home/pmlab/yueju/change/open_cv', 'symlink_install': False, 'test_result_base': None}
[0.348s] Level 5:colcon.colcon_core.verb:set package 'pm_bringup' build argument 'cmake_args' from command line to 'None'
[0.348s] Level 5:colcon.colcon_core.verb:set package 'pm_bringup' build argument 'cmake_target' from command line to 'None'
[0.348s] Level 5:colcon.colcon_core.verb:set package 'pm_bringup' build argument 'cmake_target_skip_unavailable' from command line to 'False'
[0.348s] Level 5:colcon.colcon_core.verb:set package 'pm_bringup' build argument 'cmake_clean_cache' from command line to 'False'
[0.348s] Level 5:colcon.colcon_core.verb:set package 'pm_bringup' build argument 'cmake_clean_first' from command line to 'False'
[0.348s] Level 5:colcon.colcon_core.verb:set package 'pm_bringup' build argument 'cmake_force_configure' from command line to 'False'
[0.348s] Level 5:colcon.colcon_core.verb:set package 'pm_bringup' build argument 'ament_cmake_args' from command line to 'None'
[0.349s] Level 5:colcon.colcon_core.verb:set package 'pm_bringup' build argument 'catkin_cmake_args' from command line to 'None'
[0.349s] Level 5:colcon.colcon_core.verb:set package 'pm_bringup' build argument 'catkin_skip_building_tests' from command line to 'False'
[0.349s] DEBUG:colcon.colcon_core.verb:Building package 'pm_bringup' with the following arguments: {'ament_cmake_args': None, 'build_base': '/home/pmlab/yueju/change/build/pm_bringup', 'catkin_cmake_args': None, 'catkin_skip_building_tests': False, 'cmake_args': None, 'cmake_clean_cache': False, 'cmake_clean_first': False, 'cmake_force_configure': False, 'cmake_target': None, 'cmake_target_skip_unavailable': False, 'install_base': '/home/pmlab/yueju/change/install/pm_bringup', 'merge_install': False, 'path': '/home/pmlab/yueju/change/pm_bringup', 'symlink_install': False, 'test_result_base': None}
[0.349s] INFO:colcon.colcon_core.executor:Executing jobs using 'parallel' executor
[0.351s] DEBUG:colcon.colcon_parallel_executor.executor.parallel:run_until_complete
[0.352s] INFO:colcon.colcon_ros.task.ament_python.build:Building ROS package in '/home/pmlab/yueju/change/open_cv' with build type 'ament_python'
[0.352s] Level 1:colcon.colcon_core.shell:create_environment_hook('open_cv', 'ament_prefix_path')
[0.355s] INFO:colcon.colcon_core.plugin_system:Skipping extension 'colcon_core.shell.bat': Not used on non-Windows systems
[0.355s] INFO:colcon.colcon_core.shell:Creating environment hook '/home/pmlab/yueju/change/install/open_cv/share/open_cv/hook/ament_prefix_path.ps1'
[0.355s] INFO:colcon.colcon_core.shell:Creating environment descriptor '/home/pmlab/yueju/change/install/open_cv/share/open_cv/hook/ament_prefix_path.dsv'
[0.356s] INFO:colcon.colcon_core.shell:Creating environment hook '/home/pmlab/yueju/change/install/open_cv/share/open_cv/hook/ament_prefix_path.sh'
[0.357s] INFO:colcon.colcon_core.shell:Skip shell extension 'powershell' for command environment: Not usable outside of PowerShell
[0.357s] DEBUG:colcon.colcon_core.shell:Skip shell extension 'dsv' for command environment
[0.553s] INFO:colcon.colcon_core.task.python.build:Building Python package in '/home/pmlab/yueju/change/open_cv'
[0.555s] INFO:colcon.colcon_core.shell:Skip shell extension 'powershell' for command environment: Not usable outside of PowerShell
[0.556s] DEBUG:colcon.colcon_core.shell:Skip shell extension 'dsv' for command environment
[0.811s] DEBUG:colcon.colcon_core.event_handler.log_command:Invoking command in '/home/pmlab/yueju/change/build/open_cv': PYTHONPATH=/home/pmlab/yueju/change/build/open_cv/prefix_override:/home/pmlab/yueju/change/install/open_cv/lib/python3.10/site-packages:${PYTHONPATH} /usr/bin/python3 setup.py develop --uninstall --editable --build-directory /home/pmlab/yueju/change/build/open_cv/build
[1.143s] DEBUG:colcon.colcon_core.event_handler.log_command:Invoked command in '/home/pmlab/yueju/change/build/open_cv' returned '0': PYTHONPATH=/home/pmlab/yueju/change/build/open_cv/prefix_override:/home/pmlab/yueju/change/install/open_cv/lib/python3.10/site-packages:${PYTHONPATH} /usr/bin/python3 setup.py develop --uninstall --editable --build-directory /home/pmlab/yueju/change/build/open_cv/build
[1.144s] DEBUG:colcon.colcon_core.event_handler.log_command:Invoking command in '/home/pmlab/yueju/change/open_cv': PYTHONPATH=/home/pmlab/yueju/change/build/open_cv/prefix_override:/home/pmlab/yueju/change/install/open_cv/lib/python3.10/site-packages:${PYTHONPATH} /usr/bin/python3 setup.py egg_info --egg-base ../build/open_cv build --build-base /home/pmlab/yueju/change/build/open_cv/build install --record /home/pmlab/yueju/change/build/open_cv/install.log --single-version-externally-managed
[1.363s] DEBUG:colcon.colcon_core.event_handler.log_command:Invoked command in '/home/pmlab/yueju/change/open_cv' returned '0': PYTHONPATH=/home/pmlab/yueju/change/build/open_cv/prefix_override:/home/pmlab/yueju/change/install/open_cv/lib/python3.10/site-packages:${PYTHONPATH} /usr/bin/python3 setup.py egg_info --egg-base ../build/open_cv build --build-base /home/pmlab/yueju/change/build/open_cv/build install --record /home/pmlab/yueju/change/build/open_cv/install.log --single-version-externally-managed
[1.370s] Level 1:colcon.colcon_core.environment:checking '/home/pmlab/yueju/change/install/open_cv' for CMake module files
[1.371s] Level 1:colcon.colcon_core.environment:checking '/home/pmlab/yueju/change/install/open_cv' for CMake config files
[1.372s] Level 1:colcon.colcon_core.environment:checking '/home/pmlab/yueju/change/install/open_cv/lib'
[1.372s] Level 1:colcon.colcon_core.environment:checking '/home/pmlab/yueju/change/install/open_cv/bin'
[1.372s] Level 1:colcon.colcon_core.environment:checking '/home/pmlab/yueju/change/install/open_cv/lib/pkgconfig/open_cv.pc'
[1.372s] Level 1:colcon.colcon_core.environment:checking '/home/pmlab/yueju/change/install/open_cv/lib/python3.10/site-packages'
[1.372s] Level 1:colcon.colcon_core.shell:create_environment_hook('open_cv', 'pythonpath')
[1.374s] INFO:colcon.colcon_core.shell:Creating environment hook '/home/pmlab/yueju/change/install/open_cv/share/open_cv/hook/pythonpath.ps1'
[1.375s] INFO:colcon.colcon_core.shell:Creating environment descriptor '/home/pmlab/yueju/change/install/open_cv/share/open_cv/hook/pythonpath.dsv'
[1.375s] INFO:colcon.colcon_core.shell:Creating environment hook '/home/pmlab/yueju/change/install/open_cv/share/open_cv/hook/pythonpath.sh'
[1.376s] Level 1:colcon.colcon_core.environment:checking '/home/pmlab/yueju/change/install/open_cv/bin'
[1.376s] Level 1:colcon.colcon_core.environment:create_environment_scripts_only(open_cv)
[1.378s] INFO:colcon.colcon_core.shell:Creating package script '/home/pmlab/yueju/change/install/open_cv/share/open_cv/package.ps1'
[1.379s] INFO:colcon.colcon_core.shell:Creating package descriptor '/home/pmlab/yueju/change/install/open_cv/share/open_cv/package.dsv'
[1.380s] INFO:colcon.colcon_core.shell:Creating package script '/home/pmlab/yueju/change/install/open_cv/share/open_cv/package.sh'
[1.382s] INFO:colcon.colcon_core.shell:Creating package script '/home/pmlab/yueju/change/install/open_cv/share/open_cv/package.bash'
[1.383s] INFO:colcon.colcon_core.shell:Creating package script '/home/pmlab/yueju/change/install/open_cv/share/open_cv/package.zsh'
[1.384s] Level 1:colcon.colcon_core.environment:create_file_with_runtime_dependencies(/home/pmlab/yueju/change/install/open_cv/share/colcon-core/packages/open_cv)
[1.385s] INFO:colcon.colcon_ros.task.ament_cmake.build:Building ROS package in '/home/pmlab/yueju/change/pm_bringup' with build type 'ament_cmake'
[1.385s] INFO:colcon.colcon_cmake.task.cmake.build:Building CMake package in '/home/pmlab/yueju/change/pm_bringup'
[1.387s] INFO:colcon.colcon_core.shell:Skip shell extension 'powershell' for command environment: Not usable outside of PowerShell
[1.387s] DEBUG:colcon.colcon_core.shell:Skip shell extension 'dsv' for command environment
[1.403s] DEBUG:colcon.colcon_core.event_handler.log_command:Invoking command in '/home/pmlab/yueju/change/build/pm_bringup': AMENT_PREFIX_PATH=/home/pmlab/yueju/change/install/open_cv:${AMENT_PREFIX_PATH} CMAKE_PREFIX_PATH=${CMAKE_PREFIX_PATH}:/home/pmlab/ros2_ws/install/programming_fw_pkg:/home/pmlab/ros2_ws/install/pm_robot_control_test:/home/pmlab/ros2_ws/src/pm_robot_programming_framework/install/programming_fw_pkg:/opt/ros/humble PYTHONPATH=/home/pmlab/yueju/change/install/open_cv/lib/python3.10/site-packages:${PYTHONPATH} /usr/bin/cmake /home/pmlab/yueju/change/pm_bringup -DCMAKE_INSTALL_PREFIX=/home/pmlab/yueju/change/install/pm_bringup
[1.602s] DEBUG:colcon.colcon_core.event_handler.log_command:Invoked command in '/home/pmlab/yueju/change/build/pm_bringup' returned '0': AMENT_PREFIX_PATH=/home/pmlab/yueju/change/install/open_cv:${AMENT_PREFIX_PATH} CMAKE_PREFIX_PATH=${CMAKE_PREFIX_PATH}:/home/pmlab/ros2_ws/install/programming_fw_pkg:/home/pmlab/ros2_ws/install/pm_robot_control_test:/home/pmlab/ros2_ws/src/pm_robot_programming_framework/install/programming_fw_pkg:/opt/ros/humble PYTHONPATH=/home/pmlab/yueju/change/install/open_cv/lib/python3.10/site-packages:${PYTHONPATH} /usr/bin/cmake /home/pmlab/yueju/change/pm_bringup -DCMAKE_INSTALL_PREFIX=/home/pmlab/yueju/change/install/pm_bringup
[1.605s] DEBUG:colcon.colcon_core.event_handler.log_command:Invoking command in '/home/pmlab/yueju/change/build/pm_bringup': AMENT_PREFIX_PATH=/home/pmlab/yueju/change/install/open_cv:${AMENT_PREFIX_PATH} CMAKE_PREFIX_PATH=${CMAKE_PREFIX_PATH}:/home/pmlab/ros2_ws/install/programming_fw_pkg:/home/pmlab/ros2_ws/install/pm_robot_control_test:/home/pmlab/ros2_ws/src/pm_robot_programming_framework/install/programming_fw_pkg:/opt/ros/humble PYTHONPATH=/home/pmlab/yueju/change/install/open_cv/lib/python3.10/site-packages:${PYTHONPATH} /usr/bin/cmake --build /home/pmlab/yueju/change/build/pm_bringup -- -j24 -l24
[1.634s] DEBUG:colcon.colcon_core.event_handler.log_command:Invoked command in '/home/pmlab/yueju/change/build/pm_bringup' returned '0': AMENT_PREFIX_PATH=/home/pmlab/yueju/change/install/open_cv:${AMENT_PREFIX_PATH} CMAKE_PREFIX_PATH=${CMAKE_PREFIX_PATH}:/home/pmlab/ros2_ws/install/programming_fw_pkg:/home/pmlab/ros2_ws/install/pm_robot_control_test:/home/pmlab/ros2_ws/src/pm_robot_programming_framework/install/programming_fw_pkg:/opt/ros/humble PYTHONPATH=/home/pmlab/yueju/change/install/open_cv/lib/python3.10/site-packages:${PYTHONPATH} /usr/bin/cmake --build /home/pmlab/yueju/change/build/pm_bringup -- -j24 -l24
[1.654s] DEBUG:colcon.colcon_core.event_handler.log_command:Invoking command in '/home/pmlab/yueju/change/build/pm_bringup': AMENT_PREFIX_PATH=/home/pmlab/yueju/change/install/open_cv:${AMENT_PREFIX_PATH} CMAKE_PREFIX_PATH=${CMAKE_PREFIX_PATH}:/home/pmlab/ros2_ws/install/programming_fw_pkg:/home/pmlab/ros2_ws/install/pm_robot_control_test:/home/pmlab/ros2_ws/src/pm_robot_programming_framework/install/programming_fw_pkg:/opt/ros/humble PYTHONPATH=/home/pmlab/yueju/change/install/open_cv/lib/python3.10/site-packages:${PYTHONPATH} /usr/bin/cmake --install /home/pmlab/yueju/change/build/pm_bringup
[1.668s] Level 1:colcon.colcon_core.environment:create_environment_scripts_only(pm_bringup)
[1.670s] Level 1:colcon.colcon_core.environment:checking '/home/pmlab/yueju/change/install/pm_bringup' for CMake module files
[1.671s] DEBUG:colcon.colcon_core.event_handler.log_command:Invoked command in '/home/pmlab/yueju/change/build/pm_bringup' returned '0': AMENT_PREFIX_PATH=/home/pmlab/yueju/change/install/open_cv:${AMENT_PREFIX_PATH} CMAKE_PREFIX_PATH=${CMAKE_PREFIX_PATH}:/home/pmlab/ros2_ws/install/programming_fw_pkg:/home/pmlab/ros2_ws/install/pm_robot_control_test:/home/pmlab/ros2_ws/src/pm_robot_programming_framework/install/programming_fw_pkg:/opt/ros/humble PYTHONPATH=/home/pmlab/yueju/change/install/open_cv/lib/python3.10/site-packages:${PYTHONPATH} /usr/bin/cmake --install /home/pmlab/yueju/change/build/pm_bringup
[1.671s] Level 1:colcon.colcon_core.environment:checking '/home/pmlab/yueju/change/install/pm_bringup' for CMake config files
[1.672s] Level 1:colcon.colcon_core.shell:create_environment_hook('pm_bringup', 'cmake_prefix_path')
[1.673s] INFO:colcon.colcon_core.shell:Creating environment hook '/home/pmlab/yueju/change/install/pm_bringup/share/pm_bringup/hook/cmake_prefix_path.ps1'
[1.673s] INFO:colcon.colcon_core.shell:Creating environment descriptor '/home/pmlab/yueju/change/install/pm_bringup/share/pm_bringup/hook/cmake_prefix_path.dsv'
[1.673s] INFO:colcon.colcon_core.shell:Creating environment hook '/home/pmlab/yueju/change/install/pm_bringup/share/pm_bringup/hook/cmake_prefix_path.sh'
[1.673s] Level 1:colcon.colcon_core.environment:checking '/home/pmlab/yueju/change/install/pm_bringup/bin'
[1.674s] Level 1:colcon.colcon_core.environment:checking '/home/pmlab/yueju/change/install/pm_bringup/lib/pkgconfig/pm_bringup.pc'
[1.674s] Level 1:colcon.colcon_core.environment:checking '/home/pmlab/yueju/change/install/pm_bringup/lib/python3.10/site-packages'
[1.674s] Level 1:colcon.colcon_core.environment:checking '/home/pmlab/yueju/change/install/pm_bringup/bin'
[1.675s] INFO:colcon.colcon_core.shell:Creating package script '/home/pmlab/yueju/change/install/pm_bringup/share/pm_bringup/package.ps1'
[1.675s] INFO:colcon.colcon_core.shell:Creating package descriptor '/home/pmlab/yueju/change/install/pm_bringup/share/pm_bringup/package.dsv'
[1.675s] INFO:colcon.colcon_core.shell:Creating package script '/home/pmlab/yueju/change/install/pm_bringup/share/pm_bringup/package.sh'
[1.676s] INFO:colcon.colcon_core.shell:Creating package script '/home/pmlab/yueju/change/install/pm_bringup/share/pm_bringup/package.bash'
[1.676s] INFO:colcon.colcon_core.shell:Creating package script '/home/pmlab/yueju/change/install/pm_bringup/share/pm_bringup/package.zsh'
[1.676s] Level 1:colcon.colcon_core.environment:create_file_with_runtime_dependencies(/home/pmlab/yueju/change/install/pm_bringup/share/colcon-core/packages/pm_bringup)
[1.691s] Level 1:colcon.colcon_core.environment:create_environment_scripts_only(pm_bringup)
[1.692s] Level 1:colcon.colcon_core.environment:checking '/home/pmlab/yueju/change/install/pm_bringup' for CMake module files
[1.693s] Level 1:colcon.colcon_core.environment:checking '/home/pmlab/yueju/change/install/pm_bringup' for CMake config files
[1.693s] Level 1:colcon.colcon_core.shell:create_environment_hook('pm_bringup', 'cmake_prefix_path')
[1.694s] INFO:colcon.colcon_core.shell:Creating environment hook '/home/pmlab/yueju/change/install/pm_bringup/share/pm_bringup/hook/cmake_prefix_path.ps1'
[1.694s] INFO:colcon.colcon_core.shell:Creating environment descriptor '/home/pmlab/yueju/change/install/pm_bringup/share/pm_bringup/hook/cmake_prefix_path.dsv'
[1.694s] INFO:colcon.colcon_core.shell:Creating environment hook '/home/pmlab/yueju/change/install/pm_bringup/share/pm_bringup/hook/cmake_prefix_path.sh'
[1.694s] Level 1:colcon.colcon_core.environment:checking '/home/pmlab/yueju/change/install/pm_bringup/bin'
[1.694s] Level 1:colcon.colcon_core.environment:checking '/home/pmlab/yueju/change/install/pm_bringup/lib/pkgconfig/pm_bringup.pc'
[1.695s] Level 1:colcon.colcon_core.environment:checking '/home/pmlab/yueju/change/install/pm_bringup/lib/python3.10/site-packages'
[1.695s] Level 1:colcon.colcon_core.environment:checking '/home/pmlab/yueju/change/install/pm_bringup/bin'
[1.696s] INFO:colcon.colcon_core.shell:Creating package script '/home/pmlab/yueju/change/install/pm_bringup/share/pm_bringup/package.ps1'
[1.696s] INFO:colcon.colcon_core.shell:Creating package descriptor '/home/pmlab/yueju/change/install/pm_bringup/share/pm_bringup/package.dsv'
[1.696s] INFO:colcon.colcon_core.shell:Creating package script '/home/pmlab/yueju/change/install/pm_bringup/share/pm_bringup/package.sh'
[1.697s] INFO:colcon.colcon_core.shell:Creating package script '/home/pmlab/yueju/change/install/pm_bringup/share/pm_bringup/package.bash'
[1.697s] INFO:colcon.colcon_core.shell:Creating package script '/home/pmlab/yueju/change/install/pm_bringup/share/pm_bringup/package.zsh'
[1.697s] Level 1:colcon.colcon_core.environment:create_file_with_runtime_dependencies(/home/pmlab/yueju/change/install/pm_bringup/share/colcon-core/packages/pm_bringup)
[1.698s] DEBUG:colcon.colcon_parallel_executor.executor.parallel:closing loop
[1.698s] DEBUG:colcon.colcon_parallel_executor.executor.parallel:loop closed
[1.698s] DEBUG:colcon.colcon_parallel_executor.executor.parallel:run_until_complete finished with '0'
[1.698s] DEBUG:colcon.colcon_core.event_reactor:joining thread
[1.702s] INFO:colcon.colcon_core.plugin_system:Skipping extension 'colcon_notification.desktop_notification.terminal_notifier': Not used on non-Darwin systems
[1.702s] INFO:colcon.colcon_core.plugin_system:Skipping extension 'colcon_notification.desktop_notification.win32': Not used on non-Windows systems
[1.702s] INFO:colcon.colcon_notification.desktop_notification:Sending desktop notification using 'notify2'
[1.711s] DEBUG:colcon.colcon_core.event_reactor:joined thread
[1.713s] INFO:colcon.colcon_core.shell:Creating prefix script '/home/pmlab/yueju/change/install/local_setup.ps1'
[1.714s] INFO:colcon.colcon_core.shell:Creating prefix util module '/home/pmlab/yueju/change/install/_local_setup_util_ps1.py'
[1.715s] INFO:colcon.colcon_core.shell:Creating prefix chain script '/home/pmlab/yueju/change/install/setup.ps1'
[1.717s] INFO:colcon.colcon_core.shell:Creating prefix script '/home/pmlab/yueju/change/install/local_setup.sh'
[1.718s] INFO:colcon.colcon_core.shell:Creating prefix util module '/home/pmlab/yueju/change/install/_local_setup_util_sh.py'
[1.718s] INFO:colcon.colcon_core.shell:Creating prefix chain script '/home/pmlab/yueju/change/install/setup.sh'
[1.720s] INFO:colcon.colcon_core.shell:Creating prefix script '/home/pmlab/yueju/change/install/local_setup.bash'
[1.721s] INFO:colcon.colcon_core.shell:Creating prefix chain script '/home/pmlab/yueju/change/install/setup.bash'
[1.722s] INFO:colcon.colcon_core.shell:Creating prefix script '/home/pmlab/yueju/change/install/local_setup.zsh'
[1.723s] INFO:colcon.colcon_core.shell:Creating prefix chain script '/home/pmlab/yueju/change/install/setup.zsh'
