[0.013s] Invoking command in '/home/yueju/led/build/pm_robot_control': AMENT_PREFIX_PATH=/home/yueju/led/install/pm_client:/home/yueju/led/install/open62541:${AMENT_PREFIX_PATH} CMAKE_PREFIX_PATH=/home/yueju/led/install/pm_client:/home/yueju/led/install/open62541:/opt/ros/humble LD_LIBRARY_PATH=/home/yueju/led/install/pm_client/lib:/home/yueju/led/install/open62541/lib:${LD_LIBRARY_PATH} /usr/bin/cmake --build /home/yueju/led/build/pm_robot_control -- -j8 -l8
[0.063s] [100%] Built target controller
[0.075s] Invoked command in '/home/yueju/led/build/pm_robot_control' returned '0': AMENT_PREFIX_PATH=/home/yueju/led/install/pm_client:/home/yueju/led/install/open62541:${AMENT_PREFIX_PATH} CMAKE_PREFIX_PATH=/home/yueju/led/install/pm_client:/home/yueju/led/install/open62541:/opt/ros/humble LD_LIBRARY_PATH=/home/yueju/led/install/pm_client/lib:/home/yueju/led/install/open62541/lib:${LD_LIBRARY_PATH} /usr/bin/cmake --build /home/yueju/led/build/pm_robot_control -- -j8 -l8
[0.101s] Invoking command in '/home/yueju/led/build/pm_robot_control': AMENT_PREFIX_PATH=/home/yueju/led/install/pm_client:/home/yueju/led/install/open62541:${AMENT_PREFIX_PATH} CMAKE_PREFIX_PATH=/home/yueju/led/install/pm_client:/home/yueju/led/install/open62541:/opt/ros/humble LD_LIBRARY_PATH=/home/yueju/led/install/pm_client/lib:/home/yueju/led/install/open62541/lib:${LD_LIBRARY_PATH} /usr/bin/cmake --install /home/yueju/led/build/pm_robot_control
[0.109s] -- Install configuration: ""
[0.109s] -- Up-to-date: /home/yueju/led/install/pm_robot_control/lib/pm_robot_control/controller
[0.110s] -- Up-to-date: /home/yueju/led/install/pm_robot_control/share/ament_index/resource_index/package_run_dependencies/pm_robot_control
[0.110s] -- Up-to-date: /home/yueju/led/install/pm_robot_control/share/ament_index/resource_index/parent_prefix_path/pm_robot_control
[0.110s] -- Up-to-date: /home/yueju/led/install/pm_robot_control/share/pm_robot_control/environment/ament_prefix_path.sh
[0.110s] -- Up-to-date: /home/yueju/led/install/pm_robot_control/share/pm_robot_control/environment/ament_prefix_path.dsv
[0.110s] -- Up-to-date: /home/yueju/led/install/pm_robot_control/share/pm_robot_control/environment/path.sh
[0.111s] -- Up-to-date: /home/yueju/led/install/pm_robot_control/share/pm_robot_control/environment/path.dsv
[0.111s] -- Up-to-date: /home/yueju/led/install/pm_robot_control/share/pm_robot_control/local_setup.bash
[0.111s] -- Up-to-date: /home/yueju/led/install/pm_robot_control/share/pm_robot_control/local_setup.sh
[0.111s] -- Up-to-date: /home/yueju/led/install/pm_robot_control/share/pm_robot_control/local_setup.zsh
[0.111s] -- Up-to-date: /home/yueju/led/install/pm_robot_control/share/pm_robot_control/local_setup.dsv
[0.111s] -- Installing: /home/yueju/led/install/pm_robot_control/share/pm_robot_control/package.dsv
[0.111s] -- Up-to-date: /home/yueju/led/install/pm_robot_control/share/ament_index/resource_index/packages/pm_robot_control
[0.112s] -- Up-to-date: /home/yueju/led/install/pm_robot_control/share/pm_robot_control/cmake/pm_robot_controlConfig.cmake
[0.112s] -- Up-to-date: /home/yueju/led/install/pm_robot_control/share/pm_robot_control/cmake/pm_robot_controlConfig-version.cmake
[0.112s] -- Up-to-date: /home/yueju/led/install/pm_robot_control/share/pm_robot_control/package.xml
[0.113s] Invoked command in '/home/yueju/led/build/pm_robot_control' returned '0': AMENT_PREFIX_PATH=/home/yueju/led/install/pm_client:/home/yueju/led/install/open62541:${AMENT_PREFIX_PATH} CMAKE_PREFIX_PATH=/home/yueju/led/install/pm_client:/home/yueju/led/install/open62541:/opt/ros/humble LD_LIBRARY_PATH=/home/yueju/led/install/pm_client/lib:/home/yueju/led/install/open62541/lib:${LD_LIBRARY_PATH} /usr/bin/cmake --install /home/yueju/led/build/pm_robot_control
