running egg_info
creating ../build/open_cv/open_cv.egg-info
writing ../build/open_cv/open_cv.egg-info/PKG-INFO
writing dependency_links to ../build/open_cv/open_cv.egg-info/dependency_links.txt
writing entry points to ../build/open_cv/open_cv.egg-info/entry_points.txt
writing requirements to ../build/open_cv/open_cv.egg-info/requires.txt
writing top-level names to ../build/open_cv/open_cv.egg-info/top_level.txt
writing manifest file '../build/open_cv/open_cv.egg-info/SOURCES.txt'
reading manifest file '../build/open_cv/open_cv.egg-info/SOURCES.txt'
writing manifest file '../build/open_cv/open_cv.egg-info/SOURCES.txt'
running build
running build_py
creating /home/pmlab/yueju2/build/open_cv/build
creating /home/pmlab/yueju2/build/open_cv/build/lib
creating /home/pmlab/yueju2/build/open_cv/build/lib/open_cv
copying open_cv/1.py -> /home/pmlab/yueju2/build/open_cv/build/lib/open_cv
copying open_cv/op.py -> /home/pmlab/yueju2/build/open_cv/build/lib/open_cv
copying open_cv/auto_center.py -> /home/pmlab/yueju2/build/open_cv/build/lib/open_cv
copying open_cv/6.py -> /home/pmlab/yueju2/build/open_cv/build/lib/open_cv
copying open_cv/4.py -> /home/pmlab/yueju2/build/open_cv/build/lib/open_cv
copying open_cv/__init__.py -> /home/pmlab/yueju2/build/open_cv/build/lib/open_cv
copying open_cv/2.py -> /home/pmlab/yueju2/build/open_cv/build/lib/open_cv
copying open_cv/image_detec.py -> /home/pmlab/yueju2/build/open_cv/build/lib/open_cv
copying open_cv/image_processing.py -> /home/pmlab/yueju2/build/open_cv/build/lib/open_cv
copying open_cv/auto_centering.py -> /home/pmlab/yueju2/build/open_cv/build/lib/open_cv
running install
running install_lib
copying /home/pmlab/yueju2/build/open_cv/build/lib/open_cv/1.py -> /home/pmlab/yueju2/install/open_cv/lib/python3.10/site-packages/open_cv
copying /home/pmlab/yueju2/build/open_cv/build/lib/open_cv/op.py -> /home/pmlab/yueju2/install/open_cv/lib/python3.10/site-packages/open_cv
copying /home/pmlab/yueju2/build/open_cv/build/lib/open_cv/auto_center.py -> /home/pmlab/yueju2/install/open_cv/lib/python3.10/site-packages/open_cv
copying /home/pmlab/yueju2/build/open_cv/build/lib/open_cv/6.py -> /home/pmlab/yueju2/install/open_cv/lib/python3.10/site-packages/open_cv
copying /home/pmlab/yueju2/build/open_cv/build/lib/open_cv/4.py -> /home/pmlab/yueju2/install/open_cv/lib/python3.10/site-packages/open_cv
copying /home/pmlab/yueju2/build/open_cv/build/lib/open_cv/__init__.py -> /home/pmlab/yueju2/install/open_cv/lib/python3.10/site-packages/open_cv
copying /home/pmlab/yueju2/build/open_cv/build/lib/open_cv/2.py -> /home/pmlab/yueju2/install/open_cv/lib/python3.10/site-packages/open_cv
copying /home/pmlab/yueju2/build/open_cv/build/lib/open_cv/image_detec.py -> /home/pmlab/yueju2/install/open_cv/lib/python3.10/site-packages/open_cv
copying /home/pmlab/yueju2/build/open_cv/build/lib/open_cv/image_processing.py -> /home/pmlab/yueju2/install/open_cv/lib/python3.10/site-packages/open_cv
copying /home/pmlab/yueju2/build/open_cv/build/lib/open_cv/auto_centering.py -> /home/pmlab/yueju2/install/open_cv/lib/python3.10/site-packages/open_cv
byte-compiling /home/pmlab/yueju2/install/open_cv/lib/python3.10/site-packages/open_cv/1.py to 1.cpython-310.pyc
byte-compiling /home/pmlab/yueju2/install/open_cv/lib/python3.10/site-packages/open_cv/op.py to op.cpython-310.pyc
byte-compiling /home/pmlab/yueju2/install/open_cv/lib/python3.10/site-packages/open_cv/auto_center.py to auto_center.cpython-310.pyc
byte-compiling /home/pmlab/yueju2/install/open_cv/lib/python3.10/site-packages/open_cv/6.py to 6.cpython-310.pyc
byte-compiling /home/pmlab/yueju2/install/open_cv/lib/python3.10/site-packages/open_cv/4.py to 4.cpython-310.pyc
byte-compiling /home/pmlab/yueju2/install/open_cv/lib/python3.10/site-packages/open_cv/__init__.py to __init__.cpython-310.pyc
byte-compiling /home/pmlab/yueju2/install/open_cv/lib/python3.10/site-packages/open_cv/2.py to 2.cpython-310.pyc
byte-compiling /home/pmlab/yueju2/install/open_cv/lib/python3.10/site-packages/open_cv/image_detec.py to image_detec.cpython-310.pyc
byte-compiling /home/pmlab/yueju2/install/open_cv/lib/python3.10/site-packages/open_cv/image_processing.py to image_processing.cpython-310.pyc
byte-compiling /home/pmlab/yueju2/install/open_cv/lib/python3.10/site-packages/open_cv/auto_centering.py to auto_centering.cpython-310.pyc
running install_data
running install_egg_info
Copying ../build/open_cv/open_cv.egg-info to /home/pmlab/yueju2/install/open_cv/lib/python3.10/site-packages/open_cv-0.0.0-py3.10.egg-info
running install_scripts
Installing auto_centering script to /home/pmlab/yueju2/install/open_cv/lib/open_cv
Installing image_procesing script to /home/pmlab/yueju2/install/open_cv/lib/open_cv
writing list of installed files to '/home/pmlab/yueju2/build/open_cv/install.log'
