[0.349s] Invoking command in '/home/pmlab/yueju2/open_cv': PYTHONPATH=/home/pmlab/yueju2/build/open_cv/prefix_override:/home/pmlab/yueju2/install/open_cv/lib/python3.10/site-packages:${PYTHONPATH} /usr/bin/python3 setup.py egg_info --egg-base ../build/open_cv build --build-base /home/pmlab/yueju2/build/open_cv/build install --record /home/pmlab/yueju2/build/open_cv/install.log --single-version-externally-managed
[0.485s] running egg_info
[0.486s] creating ../build/open_cv/open_cv.egg-info
[0.486s] writing ../build/open_cv/open_cv.egg-info/PKG-INFO
[0.486s] writing dependency_links to ../build/open_cv/open_cv.egg-info/dependency_links.txt
[0.486s] writing entry points to ../build/open_cv/open_cv.egg-info/entry_points.txt
[0.486s] writing requirements to ../build/open_cv/open_cv.egg-info/requires.txt
[0.486s] writing top-level names to ../build/open_cv/open_cv.egg-info/top_level.txt
[0.486s] writing manifest file '../build/open_cv/open_cv.egg-info/SOURCES.txt'
[0.487s] reading manifest file '../build/open_cv/open_cv.egg-info/SOURCES.txt'
[0.487s] writing manifest file '../build/open_cv/open_cv.egg-info/SOURCES.txt'
[0.487s] running build
[0.487s] running build_py
[0.488s] creating /home/pmlab/yueju2/build/open_cv/build
[0.488s] creating /home/pmlab/yueju2/build/open_cv/build/lib
[0.488s] creating /home/pmlab/yueju2/build/open_cv/build/lib/open_cv
[0.488s] copying open_cv/1.py -> /home/pmlab/yueju2/build/open_cv/build/lib/open_cv
[0.488s] copying open_cv/op.py -> /home/pmlab/yueju2/build/open_cv/build/lib/open_cv
[0.488s] copying open_cv/auto_center.py -> /home/pmlab/yueju2/build/open_cv/build/lib/open_cv
[0.488s] copying open_cv/6.py -> /home/pmlab/yueju2/build/open_cv/build/lib/open_cv
[0.488s] copying open_cv/4.py -> /home/pmlab/yueju2/build/open_cv/build/lib/open_cv
[0.488s] copying open_cv/__init__.py -> /home/pmlab/yueju2/build/open_cv/build/lib/open_cv
[0.488s] copying open_cv/2.py -> /home/pmlab/yueju2/build/open_cv/build/lib/open_cv
[0.488s] copying open_cv/image_detec.py -> /home/pmlab/yueju2/build/open_cv/build/lib/open_cv
[0.488s] copying open_cv/image_processing.py -> /home/pmlab/yueju2/build/open_cv/build/lib/open_cv
[0.488s] copying open_cv/auto_centering.py -> /home/pmlab/yueju2/build/open_cv/build/lib/open_cv
[0.488s] running install
[0.489s] /usr/lib/python3/dist-packages/setuptools/command/install.py:34: SetuptoolsDeprecationWarning: setup.py install is deprecated. Use build and pip and other standards-based tools.
[0.489s]   warnings.warn(
[0.489s] running install_lib
[0.489s] copying /home/pmlab/yueju2/build/open_cv/build/lib/open_cv/1.py -> /home/pmlab/yueju2/install/open_cv/lib/python3.10/site-packages/open_cv
[0.489s] copying /home/pmlab/yueju2/build/open_cv/build/lib/open_cv/op.py -> /home/pmlab/yueju2/install/open_cv/lib/python3.10/site-packages/open_cv
[0.489s] copying /home/pmlab/yueju2/build/open_cv/build/lib/open_cv/auto_center.py -> /home/pmlab/yueju2/install/open_cv/lib/python3.10/site-packages/open_cv
[0.489s] copying /home/pmlab/yueju2/build/open_cv/build/lib/open_cv/6.py -> /home/pmlab/yueju2/install/open_cv/lib/python3.10/site-packages/open_cv
[0.489s] copying /home/pmlab/yueju2/build/open_cv/build/lib/open_cv/4.py -> /home/pmlab/yueju2/install/open_cv/lib/python3.10/site-packages/open_cv
[0.489s] copying /home/pmlab/yueju2/build/open_cv/build/lib/open_cv/__init__.py -> /home/pmlab/yueju2/install/open_cv/lib/python3.10/site-packages/open_cv
[0.489s] copying /home/pmlab/yueju2/build/open_cv/build/lib/open_cv/2.py -> /home/pmlab/yueju2/install/open_cv/lib/python3.10/site-packages/open_cv
[0.490s] copying /home/pmlab/yueju2/build/open_cv/build/lib/open_cv/image_detec.py -> /home/pmlab/yueju2/install/open_cv/lib/python3.10/site-packages/open_cv
[0.490s] copying /home/pmlab/yueju2/build/open_cv/build/lib/open_cv/image_processing.py -> /home/pmlab/yueju2/install/open_cv/lib/python3.10/site-packages/open_cv
[0.490s] copying /home/pmlab/yueju2/build/open_cv/build/lib/open_cv/auto_centering.py -> /home/pmlab/yueju2/install/open_cv/lib/python3.10/site-packages/open_cv
[0.490s] byte-compiling /home/pmlab/yueju2/install/open_cv/lib/python3.10/site-packages/open_cv/1.py to 1.cpython-310.pyc
[0.490s] Sorry: IndentationError: unexpected indent (1.py, line 71)
[0.490s] byte-compiling /home/pmlab/yueju2/install/open_cv/lib/python3.10/site-packages/open_cv/op.py to op.cpython-310.pyc
[0.491s] byte-compiling /home/pmlab/yueju2/install/open_cv/lib/python3.10/site-packages/open_cv/auto_center.py to auto_center.cpython-310.pyc
[0.491s] byte-compiling /home/pmlab/yueju2/install/open_cv/lib/python3.10/site-packages/open_cv/6.py to 6.cpython-310.pyc
[0.491s] Sorry: IndentationError: unexpected indent (6.py, line 27)
[0.491s] byte-compiling /home/pmlab/yueju2/install/open_cv/lib/python3.10/site-packages/open_cv/4.py to 4.cpython-310.pyc
[0.491s] byte-compiling /home/pmlab/yueju2/install/open_cv/lib/python3.10/site-packages/open_cv/__init__.py to __init__.cpython-310.pyc
[0.491s] byte-compiling /home/pmlab/yueju2/install/open_cv/lib/python3.10/site-packages/open_cv/2.py to 2.cpython-310.pyc
[0.492s] byte-compiling /home/pmlab/yueju2/install/open_cv/lib/python3.10/site-packages/open_cv/image_detec.py to image_detec.cpython-310.pyc
[0.492s] byte-compiling /home/pmlab/yueju2/install/open_cv/lib/python3.10/site-packages/open_cv/image_processing.py to image_processing.cpython-310.pyc
[0.492s] byte-compiling /home/pmlab/yueju2/install/open_cv/lib/python3.10/site-packages/open_cv/auto_centering.py to auto_centering.cpython-310.pyc
[0.493s] running install_data
[0.493s] running install_egg_info
[0.494s] Copying ../build/open_cv/open_cv.egg-info to /home/pmlab/yueju2/install/open_cv/lib/python3.10/site-packages/open_cv-0.0.0-py3.10.egg-info
[0.494s] running install_scripts
[0.505s] Installing auto_centering script to /home/pmlab/yueju2/install/open_cv/lib/open_cv
[0.505s] Installing image_procesing script to /home/pmlab/yueju2/install/open_cv/lib/open_cv
[0.506s] writing list of installed files to '/home/pmlab/yueju2/build/open_cv/install.log'
[0.521s] Invoked command in '/home/pmlab/yueju2/open_cv' returned '0': PYTHONPATH=/home/pmlab/yueju2/build/open_cv/prefix_override:/home/pmlab/yueju2/install/open_cv/lib/python3.10/site-packages:${PYTHONPATH} /usr/bin/python3 setup.py egg_info --egg-base ../build/open_cv build --build-base /home/pmlab/yueju2/build/open_cv/build install --record /home/pmlab/yueju2/build/open_cv/install.log --single-version-externally-managed
