[0.711s] Invoking command in '/home/yueju/led/src/battery_node': PYTHONPATH=/home/yueju/led/build/battery_node/prefix_override:/home/yueju/led/install/battery_node/lib/python3.10/site-packages:${PYTHONPATH} /usr/bin/python3 setup.py egg_info --egg-base ../../build/battery_node build --build-base /home/yueju/led/build/battery_node/build install --record /home/yueju/led/build/battery_node/install.log --single-version-externally-managed
[0.986s] running egg_info
[0.987s] writing ../../build/battery_node/battery_node.egg-info/PKG-INFO
[0.987s] writing dependency_links to ../../build/battery_node/battery_node.egg-info/dependency_links.txt
[0.988s] writing entry points to ../../build/battery_node/battery_node.egg-info/entry_points.txt
[0.988s] writing requirements to ../../build/battery_node/battery_node.egg-info/requires.txt
[0.988s] writing top-level names to ../../build/battery_node/battery_node.egg-info/top_level.txt
[0.989s] reading manifest file '../../build/battery_node/battery_node.egg-info/SOURCES.txt'
[0.990s] writing manifest file '../../build/battery_node/battery_node.egg-info/SOURCES.txt'
[0.990s] running build
[0.990s] running build_py
[0.991s] running install
[0.991s] running install_lib
[0.992s] byte-compiling /home/yueju/led/install/battery_node/lib/python3.10/site-packages/battery_node/node_battery.py to node_battery.cpython-310.pyc
[0.993s]   File "/home/yueju/led/install/battery_node/lib/python3.10/site-packages/battery_node/node_battery.py", line 15
[0.993s]     request=SetLed. 
[0.993s]                     ^
[0.993s] SyntaxError: invalid syntax
[0.993s] 
[0.993s] running install_data
[0.993s] running install_egg_info
[0.994s] removing '/home/yueju/led/install/battery_node/lib/python3.10/site-packages/battery_node-0.0.0-py3.10.egg-info' (and everything under it)
[0.995s] Copying ../../build/battery_node/battery_node.egg-info to /home/yueju/led/install/battery_node/lib/python3.10/site-packages/battery_node-0.0.0-py3.10.egg-info
[0.995s] running install_scripts
[1.014s] Installing node_battery script to /home/yueju/led/install/battery_node/lib/battery_node
[1.014s] Installing node_led script to /home/yueju/led/install/battery_node/lib/battery_node
[1.014s] writing list of installed files to '/home/yueju/led/build/battery_node/install.log'
[1.042s] Invoked command in '/home/yueju/led/src/battery_node' returned '0': PYTHONPATH=/home/yueju/led/build/battery_node/prefix_override:/home/yueju/led/install/battery_node/lib/python3.10/site-packages:${PYTHONPATH} /usr/bin/python3 setup.py egg_info --egg-base ../../build/battery_node build --build-base /home/yueju/led/build/battery_node/build install --record /home/yueju/led/build/battery_node/install.log --single-version-externally-managed
