[0.011s] Invoking command in '/home/yueju/led/build/pm_client': AMENT_PREFIX_PATH=/home/yueju/led/install/open62541:${AMENT_PREFIX_PATH} CMAKE_PREFIX_PATH=/home/yueju/led/install/open62541:/opt/ros/humble LD_LIBRARY_PATH=/home/yueju/led/install/open62541/lib:${LD_LIBRARY_PATH} /usr/bin/cmake --build /home/yueju/led/build/pm_client -- -j8 -l8
[0.055s] [35m[1mConsolidate compiler generated dependencies of target pm_client[0m
[0.074s] [100%] Built target pm_client
[0.103s] Invoked command in '/home/yueju/led/build/pm_client' returned '0': AMENT_PREFIX_PATH=/home/yueju/led/install/open62541:${AMENT_PREFIX_PATH} CMAKE_PREFIX_PATH=/home/yueju/led/install/open62541:/opt/ros/humble LD_LIBRARY_PATH=/home/yueju/led/install/open62541/lib:${LD_LIBRARY_PATH} /usr/bin/cmake --build /home/yueju/led/build/pm_client -- -j8 -l8
[0.139s] Invoking command in '/home/yueju/led/build/pm_client': AMENT_PREFIX_PATH=/home/yueju/led/install/open62541:${AMENT_PREFIX_PATH} CMAKE_PREFIX_PATH=/home/yueju/led/install/open62541:/opt/ros/humble LD_LIBRARY_PATH=/home/yueju/led/install/open62541/lib:${LD_LIBRARY_PATH} /usr/bin/cmake --install /home/yueju/led/build/pm_client
[0.147s] -- Install configuration: ""
[0.147s] -- Up-to-date: /home/yueju/led/install/pm_client/share/pm_client/environment/library_path.sh
[0.147s] -- Up-to-date: /home/yueju/led/install/pm_client/share/pm_client/environment/library_path.dsv
[0.147s] -- Up-to-date: /home/yueju/led/install/pm_client/include
[0.147s] -- Up-to-date: /home/yueju/led/install/pm_client/include/pm_client
[0.148s] -- Up-to-date: /home/yueju/led/install/pm_client/include/pm_client/aerotech_axis.hpp
[0.148s] -- Up-to-date: /home/yueju/led/install/pm_client/include/pm_client/robot.hpp
[0.148s] -- Up-to-date: /home/yueju/led/install/pm_client/include/pm_client/client.hpp
[0.148s] -- Up-to-date: /home/yueju/led/install/pm_client/lib/libpm_client.a
[0.148s] -- Up-to-date: /home/yueju/led/install/pm_client/share/ament_index/resource_index/package_run_dependencies/pm_client
[0.148s] -- Up-to-date: /home/yueju/led/install/pm_client/share/ament_index/resource_index/parent_prefix_path/pm_client
[0.148s] -- Up-to-date: /home/yueju/led/install/pm_client/share/pm_client/environment/ament_prefix_path.sh
[0.148s] -- Up-to-date: /home/yueju/led/install/pm_client/share/pm_client/environment/ament_prefix_path.dsv
[0.149s] -- Up-to-date: /home/yueju/led/install/pm_client/share/pm_client/environment/path.sh
[0.149s] -- Up-to-date: /home/yueju/led/install/pm_client/share/pm_client/environment/path.dsv
[0.149s] -- Up-to-date: /home/yueju/led/install/pm_client/share/pm_client/local_setup.bash
[0.149s] -- Up-to-date: /home/yueju/led/install/pm_client/share/pm_client/local_setup.sh
[0.149s] -- Up-to-date: /home/yueju/led/install/pm_client/share/pm_client/local_setup.zsh
[0.149s] -- Up-to-date: /home/yueju/led/install/pm_client/share/pm_client/local_setup.dsv
[0.149s] -- Installing: /home/yueju/led/install/pm_client/share/pm_client/package.dsv
[0.149s] -- Up-to-date: /home/yueju/led/install/pm_client/share/ament_index/resource_index/packages/pm_client
[0.149s] -- Up-to-date: /home/yueju/led/install/pm_client/share/pm_client/cmake/pm_clientExport.cmake
[0.149s] -- Up-to-date: /home/yueju/led/install/pm_client/share/pm_client/cmake/pm_clientExport-noconfig.cmake
[0.149s] -- Up-to-date: /home/yueju/led/install/pm_client/share/pm_client/cmake/ament_cmake_export_targets-extras.cmake
[0.149s] -- Up-to-date: /home/yueju/led/install/pm_client/share/pm_client/cmake/ament_cmake_export_dependencies-extras.cmake
[0.149s] -- Up-to-date: /home/yueju/led/install/pm_client/share/pm_client/cmake/pm_clientConfig.cmake
[0.149s] -- Up-to-date: /home/yueju/led/install/pm_client/share/pm_client/cmake/pm_clientConfig-version.cmake
[0.150s] -- Up-to-date: /home/yueju/led/install/pm_client/share/pm_client/package.xml
[0.153s] Invoked command in '/home/yueju/led/build/pm_client' returned '0': AMENT_PREFIX_PATH=/home/yueju/led/install/open62541:${AMENT_PREFIX_PATH} CMAKE_PREFIX_PATH=/home/yueju/led/install/open62541:/opt/ros/humble LD_LIBRARY_PATH=/home/yueju/led/install/open62541/lib:${LD_LIBRARY_PATH} /usr/bin/cmake --install /home/yueju/led/build/pm_client
