[0.182s] Invoking command in '/home/yueju/led/build/pm_robot_description': CMAKE_PREFIX_PATH=/opt/ros/humble /usr/bin/cmake --build /home/yueju/led/build/pm_robot_description -- -j8 -l8
[0.895s] Invoked command in '/home/yueju/led/build/pm_robot_description' returned '0': CMAKE_PREFIX_PATH=/opt/ros/humble /usr/bin/cmake --build /home/yueju/led/build/pm_robot_description -- -j8 -l8
[0.924s] Invoking command in '/home/yueju/led/build/pm_robot_description': CMAKE_PREFIX_PATH=/opt/ros/humble /usr/bin/cmake --install /home/yueju/led/build/pm_robot_description
[0.933s] -- Install configuration: ""
[0.953s] -- Up-to-date: /home/yueju/led/install/pm_robot_description/share/pm_robot_description/config
[0.954s] -- Up-to-date: /home/yueju/led/install/pm_robot_description/share/pm_robot_description/config/pm_robot_control_gonio_left.yaml
[0.954s] -- Up-to-date: /home/yueju/led/install/pm_robot_description/share/pm_robot_description/config/pm_robot_control_gripper.yaml
[0.954s] -- Up-to-date: /home/yueju/led/install/pm_robot_description/share/pm_robot_description/config/pm_robot_positions_publisher.yaml
[0.954s] -- Up-to-date: /home/yueju/led/install/pm_robot_description/share/pm_robot_description/config/pm_robot_control_gonio_right.yaml
[0.954s] -- Up-to-date: /home/yueju/led/install/pm_robot_description/share/pm_robot_description/config/pm_robot_control.yaml
[0.954s] -- Up-to-date: /home/yueju/led/install/pm_robot_description/share/pm_robot_description/launch
[0.956s] -- Up-to-date: /home/yueju/led/install/pm_robot_description/share/pm_robot_description/launch/test.txt
[0.956s] -- Up-to-date: /home/yueju/led/install/pm_robot_description/share/pm_robot_description/launch/pm_robot_rviz.launch.py
[0.956s] -- Up-to-date: /home/yueju/led/install/pm_robot_description/share/pm_robot_description/launch/pm_robot_position_publisher.launch.py
[0.957s] -- Up-to-date: /home/yueju/led/install/pm_robot_description/share/pm_robot_description/launch/pm_robot_gazebo.launch.py
[0.957s] -- Up-to-date: /home/yueju/led/install/pm_robot_description/share/pm_robot_description/meshes
[0.957s] -- Up-to-date: /home/yueju/led/install/pm_robot_description/share/pm_robot_description/meshes/Z_Axis.STL
[0.957s] -- Up-to-date: /home/yueju/led/install/pm_robot_description/share/pm_robot_description/meshes/Test_Station.STL
[0.957s] -- Up-to-date: /home/yueju/led/install/pm_robot_description/share/pm_robot_description/meshes/UV_LED_Front.STL
[0.957s] -- Up-to-date: /home/yueju/led/install/pm_robot_description/share/pm_robot_description/meshes/Tools
[0.957s] -- Up-to-date: /home/yueju/led/install/pm_robot_description/share/pm_robot_description/meshes/Tools/MPG_10_plus
[0.958s] -- Up-to-date: /home/yueju/led/install/pm_robot_description/share/pm_robot_description/meshes/Tools/MPG_10_plus/Jaws
[0.958s] -- Up-to-date: /home/yueju/led/install/pm_robot_description/share/pm_robot_description/meshes/Tools/MPG_10_plus/Jaws/Gripper_Jaw_2_3MM_Lens_for_MPG_10.STL
[0.958s] -- Up-to-date: /home/yueju/led/install/pm_robot_description/share/pm_robot_description/meshes/Tools/MPG_10_plus/Jaws/Gripper_Jaw_1_3MM_Lens_for_MPG_10.STL
[0.958s] -- Up-to-date: /home/yueju/led/install/pm_robot_description/share/pm_robot_description/meshes/Tools/MPG_10_plus/MPG_10_Jaw_1.STL
[0.958s] -- Up-to-date: /home/yueju/led/install/pm_robot_description/share/pm_robot_description/meshes/Tools/MPG_10_plus/MPG_10_Jaw_2.STL
[0.958s] -- Up-to-date: /home/yueju/led/install/pm_robot_description/share/pm_robot_description/meshes/Tools/MPG_10_plus/Tool_MPG_10_Base.STL
[0.959s] -- Up-to-date: /home/yueju/led/install/pm_robot_description/share/pm_robot_description/meshes/Tools/SPT_Vacuumtools
[0.959s] -- Up-to-date: /home/yueju/led/install/pm_robot_description/share/pm_robot_description/meshes/Tools/SPT_Vacuumtools/Tool_Schunk_base_link.STL
[0.959s] -- Up-to-date: /home/yueju/led/install/pm_robot_description/share/pm_robot_description/meshes/Tools/SPT_Vacuumtools/Tools
[0.959s] -- Up-to-date: /home/yueju/led/install/pm_robot_description/share/pm_robot_description/meshes/Tools/SPT_Vacuumtools/Tools/Tool_SPT_R_A1000_I500.STL
[0.959s] -- Up-to-date: /home/yueju/led/install/pm_robot_description/share/pm_robot_description/meshes/Tools/SPT_Vacuumtools/Tools/Tool_TCP_SPT_R_A1000_I500.STL
[0.959s] -- Up-to-date: /home/yueju/led/install/pm_robot_description/share/pm_robot_description/meshes/2K_Dispenser.STL
[0.960s] -- Up-to-date: /home/yueju/led/install/pm_robot_description/share/pm_robot_description/meshes/1K_Dispenser_Flap.STL
[0.960s] -- Up-to-date: /home/yueju/led/install/pm_robot_description/share/pm_robot_description/meshes/Gripper.STL
[0.960s] -- Up-to-date: /home/yueju/led/install/pm_robot_description/share/pm_robot_description/meshes/UV_LED_Back.STL
[0.960s] -- Up-to-date: /home/yueju/led/install/pm_robot_description/share/pm_robot_description/meshes/Camera_Calibration.STL
[0.960s] -- Up-to-date: /home/yueju/led/install/pm_robot_description/share/pm_robot_description/meshes/Camera_System.STL
[0.960s] -- Up-to-date: /home/yueju/led/install/pm_robot_description/share/pm_robot_description/meshes/Gripper_Rot_Plate.STL
[0.960s] -- Up-to-date: /home/yueju/led/install/pm_robot_description/share/pm_robot_description/meshes/Gonio_Right
[0.961s] -- Up-to-date: /home/yueju/led/install/pm_robot_description/share/pm_robot_description/meshes/Gonio_Right/Gonio_Right_Stage_1_Bottom.STL
[0.961s] -- Up-to-date: /home/yueju/led/install/pm_robot_description/share/pm_robot_description/meshes/Gonio_Right/Gonio_Right.STL
[0.961s] -- Up-to-date: /home/yueju/led/install/pm_robot_description/share/pm_robot_description/meshes/Gonio_Right/Gonio_Right_Stage_2_Bottom.STL
[0.961s] -- Up-to-date: /home/yueju/led/install/pm_robot_description/share/pm_robot_description/meshes/Gonio_Right/Gonio_Right_Chucks
[0.961s] -- Up-to-date: /home/yueju/led/install/pm_robot_description/share/pm_robot_description/meshes/Gonio_Right/Gonio_Right_Chucks/Chuck_Siemens_UFC_Gonio_Right.STL
[0.961s] -- Up-to-date: /home/yueju/led/install/pm_robot_description/share/pm_robot_description/meshes/Gonio_Right/Gonio_Right_Stage_1_Top.STL
[0.962s] -- Up-to-date: /home/yueju/led/install/pm_robot_description/share/pm_robot_description/meshes/X_Axis.STL
[0.962s] -- Up-to-date: /home/yueju/led/install/pm_robot_description/share/pm_robot_description/meshes/1K_Dispenser.STL
[0.962s] -- Up-to-date: /home/yueju/led/install/pm_robot_description/share/pm_robot_description/meshes/Camera_Top_View.STL
[0.962s] -- Up-to-date: /home/yueju/led/install/pm_robot_description/share/pm_robot_description/meshes/UV_Slider_X_Back.STL
[0.962s] -- Up-to-date: /home/yueju/led/install/pm_robot_description/share/pm_robot_description/meshes/Gonio_Left
[0.962s] -- Up-to-date: /home/yueju/led/install/pm_robot_description/share/pm_robot_description/meshes/Gonio_Left/Gonio_Left_Chucks
[0.962s] -- Up-to-date: /home/yueju/led/install/pm_robot_description/share/pm_robot_description/meshes/Gonio_Left/Gonio_Left_Chucks/Chuck_Siemens_Carrier_Gonio_Left.STL
[0.962s] -- Up-to-date: /home/yueju/led/install/pm_robot_description/share/pm_robot_description/meshes/Gonio_Left/Gonio_Left_Stage_1_Top.STL
[0.963s] -- Up-to-date: /home/yueju/led/install/pm_robot_description/share/pm_robot_description/meshes/Gonio_Left/Gonio_Station_Left.STL
[0.963s] -- Up-to-date: /home/yueju/led/install/pm_robot_description/share/pm_robot_description/meshes/Gonio_Left/Gonio_Left_Stage_2_Bottom.STL
[0.963s] -- Up-to-date: /home/yueju/led/install/pm_robot_description/share/pm_robot_description/meshes/Tool_10_Base.STL
[0.963s] -- Up-to-date: /home/yueju/led/install/pm_robot_description/share/pm_robot_description/meshes/base_link.STL
[0.963s] -- Up-to-date: /home/yueju/led/install/pm_robot_description/share/pm_robot_description/meshes/Y_Axis.STL
[0.963s] -- Up-to-date: /home/yueju/led/install/pm_robot_description/share/pm_robot_description/meshes/UV_Slider_X_Front.STL
[0.963s] -- Up-to-date: /home/yueju/led/install/pm_robot_description/share/pm_robot_description/urdf
[0.964s] -- Up-to-date: /home/yueju/led/install/pm_robot_description/share/pm_robot_description/urdf/pm_robot_gonio_left.xacro
[0.964s] -- Up-to-date: /home/yueju/led/install/pm_robot_description/share/pm_robot_description/urdf/pm_robot_main.xacro
[0.964s] -- Up-to-date: /home/yueju/led/install/pm_robot_description/share/pm_robot_description/urdf/pm_robot_gonio_right.xacro
[0.964s] -- Up-to-date: /home/yueju/led/install/pm_robot_description/share/pm_robot_description/urdf/ros2_control.xacro
[0.964s] -- Up-to-date: /home/yueju/led/install/pm_robot_description/share/pm_robot_description/urdf/sensors.urdf
[0.964s] -- Up-to-date: /home/yueju/led/install/pm_robot_description/share/pm_robot_description/urdf/pm_Schunk_Tools
[0.965s] -- Up-to-date: /home/yueju/led/install/pm_robot_description/share/pm_robot_description/urdf/pm_Schunk_Tools/MPG_10_plus.xacro
[0.965s] -- Up-to-date: /home/yueju/led/install/pm_robot_description/share/pm_robot_description/urdf/pm_Schunk_Tools/SPT_Vacuumtool.xacro
[0.965s] -- Up-to-date: /home/yueju/led/install/pm_robot_description/share/pm_robot_description/urdf/materials.xacro
[0.965s] -- Up-to-date: /home/yueju/led/install/pm_robot_description/share/pm_robot_description/urdf/pm_robot.xacro
[0.965s] -- Up-to-date: /home/yueju/led/install/pm_robot_description/share/ament_index/resource_index/package_run_dependencies/pm_robot_description
[0.965s] -- Up-to-date: /home/yueju/led/install/pm_robot_description/share/ament_index/resource_index/parent_prefix_path/pm_robot_description
[0.965s] -- Up-to-date: /home/yueju/led/install/pm_robot_description/share/pm_robot_description/environment/ament_prefix_path.sh
[0.965s] -- Up-to-date: /home/yueju/led/install/pm_robot_description/share/pm_robot_description/environment/ament_prefix_path.dsv
[0.966s] -- Up-to-date: /home/yueju/led/install/pm_robot_description/share/pm_robot_description/environment/path.sh
[0.966s] -- Up-to-date: /home/yueju/led/install/pm_robot_description/share/pm_robot_description/environment/path.dsv
[0.966s] -- Up-to-date: /home/yueju/led/install/pm_robot_description/share/pm_robot_description/local_setup.bash
[0.966s] -- Up-to-date: /home/yueju/led/install/pm_robot_description/share/pm_robot_description/local_setup.sh
[0.966s] -- Up-to-date: /home/yueju/led/install/pm_robot_description/share/pm_robot_description/local_setup.zsh
[0.966s] -- Up-to-date: /home/yueju/led/install/pm_robot_description/share/pm_robot_description/local_setup.dsv
[0.966s] -- Installing: /home/yueju/led/install/pm_robot_description/share/pm_robot_description/package.dsv
[0.987s] -- Up-to-date: /home/yueju/led/install/pm_robot_description/share/ament_index/resource_index/packages/pm_robot_description
[0.987s] -- Up-to-date: /home/yueju/led/install/pm_robot_description/share/pm_robot_description/cmake/pm_robot_descriptionConfig.cmake
[0.988s] -- Up-to-date: /home/yueju/led/install/pm_robot_description/share/pm_robot_description/cmake/pm_robot_descriptionConfig-version.cmake
[0.988s] -- Up-to-date: /home/yueju/led/install/pm_robot_description/share/pm_robot_description/package.xml
[0.991s] Invoked command in '/home/yueju/led/build/pm_robot_description' returned '0': CMAKE_PREFIX_PATH=/opt/ros/humble /usr/bin/cmake --install /home/yueju/led/build/pm_robot_description
