[0.011s] Invoking command in '/home/yueju/led/build/pm_bringup': AMENT_PREFIX_PATH=/home/yueju/led/install/open_cv:/home/yueju/led/install/pm_bringup:/opt/ros/humble CMAKE_PREFIX_PATH=${CMAKE_PREFIX_PATH}:/home/yueju/led/install/open_cv:/opt/ros/humble /usr/bin/cmake --build /home/yueju/led/build/pm_bringup -- -j8 -l8
[0.031s] -- Found ament_cmake: 1.3.3 (/opt/ros/humble/share/ament_cmake/cmake)
[0.170s] -- Found ament_lint_auto: 0.12.5 (/opt/ros/humble/share/ament_lint_auto/cmake)
[0.234s] -- Added test 'flake8' to check Python code syntax and style conventions
[0.234s] -- Added test 'lint_cmake' to check CMake code style
[0.235s] -- Added test 'pep257' to check Python code against some of the docstring style conventions in PEP 257
[0.235s] -- Added test 'xmllint' to check XML markup files
[0.236s] -- Configuring done
[0.239s] -- Generating done
[0.240s] -- Build files have been written to: /home/yueju/led/build/pm_bringup
[0.260s] Invoked command in '/home/yueju/led/build/pm_bringup' returned '0': AMENT_PREFIX_PATH=/home/yueju/led/install/open_cv:/home/yueju/led/install/pm_bringup:/opt/ros/humble CMAKE_PREFIX_PATH=${CMAKE_PREFIX_PATH}:/home/yueju/led/install/open_cv:/opt/ros/humble /usr/bin/cmake --build /home/yueju/led/build/pm_bringup -- -j8 -l8
[0.289s] Invoking command in '/home/yueju/led/build/pm_bringup': AMENT_PREFIX_PATH=/home/yueju/led/install/open_cv:/home/yueju/led/install/pm_bringup:/opt/ros/humble CMAKE_PREFIX_PATH=${CMAKE_PREFIX_PATH}:/home/yueju/led/install/open_cv:/opt/ros/humble /usr/bin/cmake --install /home/yueju/led/build/pm_bringup
[0.295s] -- Install configuration: ""
[0.295s] -- Up-to-date: /home/yueju/led/install/pm_bringup/share/pm_bringup/launch
[0.295s] -- Up-to-date: /home/yueju/led/install/pm_bringup/share/pm_bringup/launch/auto_calibrating.launch.py
[0.296s] -- Up-to-date: /home/yueju/led/install/pm_bringup/share/ament_index/resource_index/package_run_dependencies/pm_bringup
[0.296s] -- Installing: /home/yueju/led/install/pm_bringup/share/ament_index/resource_index/parent_prefix_path/pm_bringup
[0.296s] -- Up-to-date: /home/yueju/led/install/pm_bringup/share/pm_bringup/environment/ament_prefix_path.sh
[0.296s] -- Installing: /home/yueju/led/install/pm_bringup/share/pm_bringup/environment/ament_prefix_path.dsv
[0.296s] -- Up-to-date: /home/yueju/led/install/pm_bringup/share/pm_bringup/environment/path.sh
[0.296s] -- Installing: /home/yueju/led/install/pm_bringup/share/pm_bringup/environment/path.dsv
[0.296s] -- Up-to-date: /home/yueju/led/install/pm_bringup/share/pm_bringup/local_setup.bash
[0.297s] -- Up-to-date: /home/yueju/led/install/pm_bringup/share/pm_bringup/local_setup.sh
[0.297s] -- Up-to-date: /home/yueju/led/install/pm_bringup/share/pm_bringup/local_setup.zsh
[0.297s] -- Installing: /home/yueju/led/install/pm_bringup/share/pm_bringup/local_setup.dsv
[0.297s] -- Installing: /home/yueju/led/install/pm_bringup/share/pm_bringup/package.dsv
[0.297s] -- Up-to-date: /home/yueju/led/install/pm_bringup/share/ament_index/resource_index/packages/pm_bringup
[0.297s] -- Up-to-date: /home/yueju/led/install/pm_bringup/share/pm_bringup/cmake/pm_bringupConfig.cmake
[0.297s] -- Up-to-date: /home/yueju/led/install/pm_bringup/share/pm_bringup/cmake/pm_bringupConfig-version.cmake
[0.297s] -- Installing: /home/yueju/led/install/pm_bringup/share/pm_bringup/package.xml
[0.299s] Invoked command in '/home/yueju/led/build/pm_bringup' returned '0': AMENT_PREFIX_PATH=/home/yueju/led/install/open_cv:/home/yueju/led/install/pm_bringup:/opt/ros/humble CMAKE_PREFIX_PATH=${CMAKE_PREFIX_PATH}:/home/yueju/led/install/open_cv:/opt/ros/humble /usr/bin/cmake --install /home/yueju/led/build/pm_bringup
