running develop
/usr/lib/python3/dist-packages/setuptools/command/easy_install.py:158: EasyInstallDeprecationWarning: easy_install command is deprecated. Use build and pip and other standards-based tools.
  warnings.warn(
/usr/lib/python3/dist-packages/setuptools/command/install.py:34: SetuptoolsDeprecationWarning: setup.py install is deprecated. Use build and pip and other standards-based tools.
  warnings.warn(
/usr/lib/python3/dist-packages/pkg_resources/__init__.py:116: PkgResourcesDeprecationWarning: 1.16.0-unknown is an invalid version and will not be supported in a future release
  warnings.warn(
/usr/lib/python3/dist-packages/pkg_resources/__init__.py:116: PkgResourcesDeprecationWarning: 0.1.43ubuntu1 is an invalid version and will not be supported in a future release
  warnings.warn(
/usr/lib/python3/dist-packages/pkg_resources/__init__.py:116: PkgResourcesDeprecationWarning: 1.1build1 is an invalid version and will not be supported in a future release
  warnings.warn(
running egg_info
creating open_cv.egg-info
writing open_cv.egg-info/PKG-INFO
writing dependency_links to open_cv.egg-info/dependency_links.txt
writing entry points to open_cv.egg-info/entry_points.txt
writing requirements to open_cv.egg-info/requires.txt
writing top-level names to open_cv.egg-info/top_level.txt
writing manifest file 'open_cv.egg-info/SOURCES.txt'
reading manifest file 'open_cv.egg-info/SOURCES.txt'
writing manifest file 'open_cv.egg-info/SOURCES.txt'
running build_ext
Creating /home/pmlab/yueju2/change/install/open_cv/lib/python3.10/site-packages/open-cv.egg-link (link to .)
Installing auto_centering script to /home/pmlab/yueju2/change/install/open_cv/lib/open_cv
Installing image_processing script to /home/pmlab/yueju2/change/install/open_cv/lib/open_cv

Installed /home/pmlab/yueju2/change/build/open_cv
running install_data
