[0.753s] Invoking command in '/home/yueju/led/build/interface': CMAKE_PREFIX_PATH=/opt/ros/humble /usr/bin/cmake --build /home/yueju/led/build/interface -- -j8 -l8
[2.043s] [  2%] Built target interface__cpp
[2.059s] [  2%] Built target ament_cmake_python_copy_interface
[2.206s] [ 12%] Built target interface__rosidl_generator_c
[2.377s] [ 23%] Built target interface__rosidl_typesupport_fastrtps_cpp
[2.382s] [ 33%] Built target interface__rosidl_typesupport_cpp
[2.387s] [ 43%] Built target interface__rosidl_typesupport_introspection_cpp
[2.414s] [ 53%] Built target interface__rosidl_typesupport_c
[2.447s] [ 64%] Built target interface__rosidl_typesupport_introspection_c
[2.485s] running egg_info
[2.499s] writing interface.egg-info/PKG-INFO
[2.499s] writing dependency_links to interface.egg-info/dependency_links.txt
[2.499s] writing top-level names to interface.egg-info/top_level.txt
[2.538s] reading manifest file 'interface.egg-info/SOURCES.txt'
[2.541s] writing manifest file 'interface.egg-info/SOURCES.txt'
[2.567s] [ 64%] Built target ament_cmake_python_build_interface_egg
[2.677s] [ 74%] Built target interface__rosidl_typesupport_fastrtps_c
[2.711s] [ 74%] Built target interface
[2.769s] [ 76%] Built target interface__py
[3.096s] [ 84%] Built target interface__rosidl_generator_py
[3.188s] [ 89%] Built target interface__rosidl_typesupport_fastrtps_c__pyext
[3.208s] [ 94%] Built target interface__rosidl_typesupport_c__pyext
[3.270s] [100%] Built target interface__rosidl_typesupport_introspection_c__pyext
[3.285s] Invoked command in '/home/yueju/led/build/interface' returned '0': CMAKE_PREFIX_PATH=/opt/ros/humble /usr/bin/cmake --build /home/yueju/led/build/interface -- -j8 -l8
[3.368s] Invoking command in '/home/yueju/led/build/interface': CMAKE_PREFIX_PATH=/opt/ros/humble /usr/bin/cmake --install /home/yueju/led/build/interface
[3.376s] -- Install configuration: ""
[3.386s] -- Up-to-date: /home/yueju/led/install/interface/share/ament_index/resource_index/rosidl_interfaces/interface
[3.387s] -- Up-to-date: /home/yueju/led/install/interface/include/interface/interface
[3.387s] -- Up-to-date: /home/yueju/led/install/interface/include/interface/interface/srv
[3.390s] -- Up-to-date: /home/yueju/led/install/interface/include/interface/interface/srv/detail
[3.403s] -- Up-to-date: /home/yueju/led/install/interface/include/interface/interface/srv/detail/set_led__functions.h
[3.403s] -- Up-to-date: /home/yueju/led/install/interface/include/interface/interface/srv/detail/set_led__type_support.h
[3.403s] -- Up-to-date: /home/yueju/led/install/interface/include/interface/interface/srv/detail/set_led__functions.c
[3.403s] -- Up-to-date: /home/yueju/led/install/interface/include/interface/interface/srv/detail/set_led__struct.h
[3.403s] -- Up-to-date: /home/yueju/led/install/interface/include/interface/interface/srv/set_led.h
[3.403s] -- Up-to-date: /home/yueju/led/install/interface/include/interface/interface/msg
[3.404s] -- Up-to-date: /home/yueju/led/install/interface/include/interface/interface/msg/detail
[3.404s] -- Up-to-date: /home/yueju/led/install/interface/include/interface/interface/msg/detail/led__functions.h
[3.404s] -- Up-to-date: /home/yueju/led/install/interface/include/interface/interface/msg/detail/led__functions.c
[3.405s] -- Up-to-date: /home/yueju/led/install/interface/include/interface/interface/msg/detail/led__type_support.h
[3.405s] -- Up-to-date: /home/yueju/led/install/interface/include/interface/interface/msg/detail/led__struct.h
[3.405s] -- Up-to-date: /home/yueju/led/install/interface/include/interface/interface/msg/led.h
[3.405s] -- Up-to-date: /home/yueju/led/install/interface/include/interface/interface/msg/rosidl_generator_c__visibility_control.h
[3.405s] -- Up-to-date: /home/yueju/led/install/interface/share/interface/environment/library_path.sh
[3.405s] -- Up-to-date: /home/yueju/led/install/interface/share/interface/environment/library_path.dsv
[3.421s] -- Up-to-date: /home/yueju/led/install/interface/lib/libinterface__rosidl_generator_c.so
[3.422s] -- Up-to-date: /home/yueju/led/install/interface/include/interface/interface
[3.422s] -- Up-to-date: /home/yueju/led/install/interface/include/interface/interface/srv
[3.422s] -- Up-to-date: /home/yueju/led/install/interface/include/interface/interface/srv/detail
[3.422s] -- Up-to-date: /home/yueju/led/install/interface/include/interface/interface/srv/detail/set_led__rosidl_typesupport_fastrtps_c.h
[3.422s] -- Up-to-date: /home/yueju/led/install/interface/include/interface/interface/msg
[3.422s] -- Up-to-date: /home/yueju/led/install/interface/include/interface/interface/msg/detail
[3.423s] -- Up-to-date: /home/yueju/led/install/interface/include/interface/interface/msg/detail/led__rosidl_typesupport_fastrtps_c.h
[3.423s] -- Up-to-date: /home/yueju/led/install/interface/include/interface/interface/msg/rosidl_typesupport_fastrtps_c__visibility_control.h
[3.423s] -- Up-to-date: /home/yueju/led/install/interface/lib/libinterface__rosidl_typesupport_fastrtps_c.so
[3.423s] -- Up-to-date: /home/yueju/led/install/interface/include/interface/interface
[3.423s] -- Up-to-date: /home/yueju/led/install/interface/include/interface/interface/srv
[3.423s] -- Up-to-date: /home/yueju/led/install/interface/include/interface/interface/srv/detail
[3.423s] -- Up-to-date: /home/yueju/led/install/interface/include/interface/interface/srv/detail/set_led__type_support.c
[3.423s] -- Up-to-date: /home/yueju/led/install/interface/include/interface/interface/srv/detail/set_led__rosidl_typesupport_introspection_c.h
[3.424s] -- Up-to-date: /home/yueju/led/install/interface/include/interface/interface/msg
[3.424s] -- Up-to-date: /home/yueju/led/install/interface/include/interface/interface/msg/detail
[3.424s] -- Up-to-date: /home/yueju/led/install/interface/include/interface/interface/msg/detail/led__type_support.c
[3.424s] -- Up-to-date: /home/yueju/led/install/interface/include/interface/interface/msg/detail/led__rosidl_typesupport_introspection_c.h
[3.424s] -- Up-to-date: /home/yueju/led/install/interface/include/interface/interface/msg/rosidl_typesupport_introspection_c__visibility_control.h
[3.424s] -- Up-to-date: /home/yueju/led/install/interface/lib/libinterface__rosidl_typesupport_introspection_c.so
[3.425s] -- Up-to-date: /home/yueju/led/install/interface/lib/libinterface__rosidl_typesupport_c.so
[3.426s] -- Up-to-date: /home/yueju/led/install/interface/include/interface/interface
[3.426s] -- Up-to-date: /home/yueju/led/install/interface/include/interface/interface/srv
[3.426s] -- Up-to-date: /home/yueju/led/install/interface/include/interface/interface/srv/detail
[3.426s] -- Up-to-date: /home/yueju/led/install/interface/include/interface/interface/srv/detail/set_led__struct.hpp
[3.426s] -- Up-to-date: /home/yueju/led/install/interface/include/interface/interface/srv/detail/set_led__builder.hpp
[3.426s] -- Up-to-date: /home/yueju/led/install/interface/include/interface/interface/srv/detail/set_led__traits.hpp
[3.426s] -- Up-to-date: /home/yueju/led/install/interface/include/interface/interface/srv/set_led.hpp
[3.427s] -- Up-to-date: /home/yueju/led/install/interface/include/interface/interface/msg
[3.427s] -- Up-to-date: /home/yueju/led/install/interface/include/interface/interface/msg/detail
[3.427s] -- Up-to-date: /home/yueju/led/install/interface/include/interface/interface/msg/detail/led__struct.hpp
[3.427s] -- Up-to-date: /home/yueju/led/install/interface/include/interface/interface/msg/detail/led__builder.hpp
[3.427s] -- Up-to-date: /home/yueju/led/install/interface/include/interface/interface/msg/detail/led__traits.hpp
[3.427s] -- Up-to-date: /home/yueju/led/install/interface/include/interface/interface/msg/led.hpp
[3.427s] -- Up-to-date: /home/yueju/led/install/interface/include/interface/interface
[3.427s] -- Up-to-date: /home/yueju/led/install/interface/include/interface/interface/srv
[3.427s] -- Up-to-date: /home/yueju/led/install/interface/include/interface/interface/srv/detail
[3.427s] -- Up-to-date: /home/yueju/led/install/interface/include/interface/interface/srv/detail/dds_fastrtps
[3.427s] -- Up-to-date: /home/yueju/led/install/interface/include/interface/interface/srv/detail/set_led__rosidl_typesupport_fastrtps_cpp.hpp
[3.427s] -- Up-to-date: /home/yueju/led/install/interface/include/interface/interface/msg
[3.427s] -- Up-to-date: /home/yueju/led/install/interface/include/interface/interface/msg/rosidl_typesupport_fastrtps_cpp__visibility_control.h
[3.427s] -- Up-to-date: /home/yueju/led/install/interface/include/interface/interface/msg/detail
[3.428s] -- Up-to-date: /home/yueju/led/install/interface/include/interface/interface/msg/detail/dds_fastrtps
[3.428s] -- Up-to-date: /home/yueju/led/install/interface/include/interface/interface/msg/detail/led__rosidl_typesupport_fastrtps_cpp.hpp
[3.428s] -- Up-to-date: /home/yueju/led/install/interface/lib/libinterface__rosidl_typesupport_fastrtps_cpp.so
[3.428s] -- Up-to-date: /home/yueju/led/install/interface/include/interface/interface
[3.428s] -- Up-to-date: /home/yueju/led/install/interface/include/interface/interface/srv
[3.428s] -- Up-to-date: /home/yueju/led/install/interface/include/interface/interface/srv/detail
[3.428s] -- Up-to-date: /home/yueju/led/install/interface/include/interface/interface/srv/detail/set_led__type_support.cpp
[3.428s] -- Up-to-date: /home/yueju/led/install/interface/include/interface/interface/srv/detail/set_led__rosidl_typesupport_introspection_cpp.hpp
[3.428s] -- Up-to-date: /home/yueju/led/install/interface/include/interface/interface/msg
[3.428s] -- Up-to-date: /home/yueju/led/install/interface/include/interface/interface/msg/detail
[3.428s] -- Up-to-date: /home/yueju/led/install/interface/include/interface/interface/msg/detail/led__rosidl_typesupport_introspection_cpp.hpp
[3.428s] -- Up-to-date: /home/yueju/led/install/interface/include/interface/interface/msg/detail/led__type_support.cpp
[3.428s] -- Up-to-date: /home/yueju/led/install/interface/lib/libinterface__rosidl_typesupport_introspection_cpp.so
[3.429s] -- Up-to-date: /home/yueju/led/install/interface/lib/libinterface__rosidl_typesupport_cpp.so
[3.429s] -- Up-to-date: /home/yueju/led/install/interface/share/interface/environment/pythonpath.sh
[3.429s] -- Up-to-date: /home/yueju/led/install/interface/share/interface/environment/pythonpath.dsv
[3.430s] -- Up-to-date: /home/yueju/led/install/interface/local/lib/python3.10/dist-packages/interface-0.0.0-py3.10.egg-info
[3.430s] -- Installing: /home/yueju/led/install/interface/local/lib/python3.10/dist-packages/interface-0.0.0-py3.10.egg-info/top_level.txt
[3.431s] -- Installing: /home/yueju/led/install/interface/local/lib/python3.10/dist-packages/interface-0.0.0-py3.10.egg-info/SOURCES.txt
[3.431s] -- Installing: /home/yueju/led/install/interface/local/lib/python3.10/dist-packages/interface-0.0.0-py3.10.egg-info/PKG-INFO
[3.431s] -- Installing: /home/yueju/led/install/interface/local/lib/python3.10/dist-packages/interface-0.0.0-py3.10.egg-info/dependency_links.txt
[3.431s] -- Up-to-date: /home/yueju/led/install/interface/local/lib/python3.10/dist-packages/interface
[3.431s] -- Up-to-date: /home/yueju/led/install/interface/local/lib/python3.10/dist-packages/interface/_interface_s.ep.rosidl_typesupport_c.c
[3.432s] -- Up-to-date: /home/yueju/led/install/interface/local/lib/python3.10/dist-packages/interface/interface_s__rosidl_typesupport_c.cpython-310-x86_64-linux-gnu.so
[3.432s] -- Up-to-date: /home/yueju/led/install/interface/local/lib/python3.10/dist-packages/interface/libinterface__rosidl_generator_py.so
[3.432s] -- Up-to-date: /home/yueju/led/install/interface/local/lib/python3.10/dist-packages/interface/srv
[3.447s] -- Up-to-date: /home/yueju/led/install/interface/local/lib/python3.10/dist-packages/interface/srv/_set_led_s.c
[3.448s] -- Up-to-date: /home/yueju/led/install/interface/local/lib/python3.10/dist-packages/interface/srv/__init__.py
[3.448s] -- Up-to-date: /home/yueju/led/install/interface/local/lib/python3.10/dist-packages/interface/srv/_set_led.py
[3.448s] -- Up-to-date: /home/yueju/led/install/interface/local/lib/python3.10/dist-packages/interface/_interface_s.ep.rosidl_typesupport_fastrtps_c.c
[3.448s] -- Up-to-date: /home/yueju/led/install/interface/local/lib/python3.10/dist-packages/interface/msg
[3.448s] -- Up-to-date: /home/yueju/led/install/interface/local/lib/python3.10/dist-packages/interface/msg/_led.py
[3.448s] -- Up-to-date: /home/yueju/led/install/interface/local/lib/python3.10/dist-packages/interface/msg/__init__.py
[3.448s] -- Up-to-date: /home/yueju/led/install/interface/local/lib/python3.10/dist-packages/interface/msg/_led_s.c
[3.449s] -- Up-to-date: /home/yueju/led/install/interface/local/lib/python3.10/dist-packages/interface/_interface_s.ep.rosidl_typesupport_introspection_c.c
[3.449s] -- Up-to-date: /home/yueju/led/install/interface/local/lib/python3.10/dist-packages/interface/interface_s__rosidl_typesupport_fastrtps_c.cpython-310-x86_64-linux-gnu.so
[3.449s] -- Up-to-date: /home/yueju/led/install/interface/local/lib/python3.10/dist-packages/interface/interface_s__rosidl_typesupport_introspection_c.cpython-310-x86_64-linux-gnu.so
[3.449s] -- Up-to-date: /home/yueju/led/install/interface/local/lib/python3.10/dist-packages/interface/__init__.py
[3.561s] Listing '/home/yueju/led/install/interface/local/lib/python3.10/dist-packages/interface'...
[3.561s] Listing '/home/yueju/led/install/interface/local/lib/python3.10/dist-packages/interface/msg'...
[3.561s] Listing '/home/yueju/led/install/interface/local/lib/python3.10/dist-packages/interface/srv'...
[3.570s] -- Up-to-date: /home/yueju/led/install/interface/local/lib/python3.10/dist-packages/interface/interface_s__rosidl_typesupport_fastrtps_c.cpython-310-x86_64-linux-gnu.so
[3.571s] -- Up-to-date: /home/yueju/led/install/interface/local/lib/python3.10/dist-packages/interface/interface_s__rosidl_typesupport_introspection_c.cpython-310-x86_64-linux-gnu.so
[3.573s] -- Up-to-date: /home/yueju/led/install/interface/local/lib/python3.10/dist-packages/interface/interface_s__rosidl_typesupport_c.cpython-310-x86_64-linux-gnu.so
[3.574s] -- Up-to-date: /home/yueju/led/install/interface/lib/libinterface__rosidl_generator_py.so
[3.574s] -- Up-to-date: /home/yueju/led/install/interface/share/interface/msg/Led.idl
[3.591s] -- Up-to-date: /home/yueju/led/install/interface/share/interface/srv/SetLed.idl
[3.592s] -- Up-to-date: /home/yueju/led/install/interface/share/interface/msg/Led.msg
[3.592s] -- Up-to-date: /home/yueju/led/install/interface/share/interface/srv/SetLed.srv
[3.593s] -- Up-to-date: /home/yueju/led/install/interface/share/interface/srv/SetLed_Request.msg
[3.594s] -- Up-to-date: /home/yueju/led/install/interface/share/interface/srv/SetLed_Response.msg
[3.594s] -- Up-to-date: /home/yueju/led/install/interface/share/ament_index/resource_index/package_run_dependencies/interface
[3.595s] -- Up-to-date: /home/yueju/led/install/interface/share/ament_index/resource_index/parent_prefix_path/interface
[3.596s] -- Up-to-date: /home/yueju/led/install/interface/share/interface/environment/ament_prefix_path.sh
[3.597s] -- Up-to-date: /home/yueju/led/install/interface/share/interface/environment/ament_prefix_path.dsv
[3.598s] -- Up-to-date: /home/yueju/led/install/interface/share/interface/environment/path.sh
[3.598s] -- Up-to-date: /home/yueju/led/install/interface/share/interface/environment/path.dsv
[3.599s] -- Up-to-date: /home/yueju/led/install/interface/share/interface/local_setup.bash
[3.599s] -- Up-to-date: /home/yueju/led/install/interface/share/interface/local_setup.sh
[3.600s] -- Up-to-date: /home/yueju/led/install/interface/share/interface/local_setup.zsh
[3.600s] -- Up-to-date: /home/yueju/led/install/interface/share/interface/local_setup.dsv
[3.600s] -- Installing: /home/yueju/led/install/interface/share/interface/package.dsv
[3.627s] -- Up-to-date: /home/yueju/led/install/interface/share/ament_index/resource_index/packages/interface
[3.671s] -- Up-to-date: /home/yueju/led/install/interface/share/interface/cmake/export_interface__rosidl_generator_cExport.cmake
[3.672s] -- Up-to-date: /home/yueju/led/install/interface/share/interface/cmake/export_interface__rosidl_generator_cExport-noconfig.cmake
[3.672s] -- Up-to-date: /home/yueju/led/install/interface/share/interface/cmake/export_interface__rosidl_typesupport_fastrtps_cExport.cmake
[3.673s] -- Up-to-date: /home/yueju/led/install/interface/share/interface/cmake/export_interface__rosidl_typesupport_fastrtps_cExport-noconfig.cmake
[3.676s] -- Up-to-date: /home/yueju/led/install/interface/share/interface/cmake/interface__rosidl_typesupport_introspection_cExport.cmake
[3.677s] -- Up-to-date: /home/yueju/led/install/interface/share/interface/cmake/interface__rosidl_typesupport_introspection_cExport-noconfig.cmake
[3.678s] -- Up-to-date: /home/yueju/led/install/interface/share/interface/cmake/interface__rosidl_typesupport_cExport.cmake
[3.678s] -- Up-to-date: /home/yueju/led/install/interface/share/interface/cmake/interface__rosidl_typesupport_cExport-noconfig.cmake
[3.679s] -- Up-to-date: /home/yueju/led/install/interface/share/interface/cmake/export_interface__rosidl_generator_cppExport.cmake
[3.680s] -- Up-to-date: /home/yueju/led/install/interface/share/interface/cmake/export_interface__rosidl_typesupport_fastrtps_cppExport.cmake
[3.680s] -- Up-to-date: /home/yueju/led/install/interface/share/interface/cmake/export_interface__rosidl_typesupport_fastrtps_cppExport-noconfig.cmake
[3.682s] -- Up-to-date: /home/yueju/led/install/interface/share/interface/cmake/interface__rosidl_typesupport_introspection_cppExport.cmake
[3.682s] -- Up-to-date: /home/yueju/led/install/interface/share/interface/cmake/interface__rosidl_typesupport_introspection_cppExport-noconfig.cmake
[3.683s] -- Up-to-date: /home/yueju/led/install/interface/share/interface/cmake/interface__rosidl_typesupport_cppExport.cmake
[3.683s] -- Up-to-date: /home/yueju/led/install/interface/share/interface/cmake/interface__rosidl_typesupport_cppExport-noconfig.cmake
[3.684s] -- Up-to-date: /home/yueju/led/install/interface/share/interface/cmake/export_interface__rosidl_generator_pyExport.cmake
[3.685s] -- Up-to-date: /home/yueju/led/install/interface/share/interface/cmake/export_interface__rosidl_generator_pyExport-noconfig.cmake
[3.686s] -- Up-to-date: /home/yueju/led/install/interface/share/interface/cmake/rosidl_cmake-extras.cmake
[3.686s] -- Up-to-date: /home/yueju/led/install/interface/share/interface/cmake/ament_cmake_export_include_directories-extras.cmake
[3.687s] -- Up-to-date: /home/yueju/led/install/interface/share/interface/cmake/ament_cmake_export_libraries-extras.cmake
[3.687s] -- Up-to-date: /home/yueju/led/install/interface/share/interface/cmake/ament_cmake_export_targets-extras.cmake
[3.687s] -- Up-to-date: /home/yueju/led/install/interface/share/interface/cmake/rosidl_cmake_export_typesupport_targets-extras.cmake
[3.688s] -- Up-to-date: /home/yueju/led/install/interface/share/interface/cmake/ament_cmake_export_dependencies-extras.cmake
[3.688s] -- Up-to-date: /home/yueju/led/install/interface/share/interface/cmake/rosidl_cmake_export_typesupport_libraries-extras.cmake
[3.688s] -- Up-to-date: /home/yueju/led/install/interface/share/interface/cmake/interfaceConfig.cmake
[3.688s] -- Up-to-date: /home/yueju/led/install/interface/share/interface/cmake/interfaceConfig-version.cmake
[3.689s] -- Up-to-date: /home/yueju/led/install/interface/share/interface/package.xml
[3.706s] Invoked command in '/home/yueju/led/build/interface' returned '0': CMAKE_PREFIX_PATH=/opt/ros/humble /usr/bin/cmake --install /home/yueju/led/build/interface
