[0.311s] Invoking command in '/home/yueju/led/build/interface': CMAKE_PREFIX_PATH=/opt/ros/humble /usr/bin/cmake --build /home/yueju/led/build/interface -- -j8 -l8
[0.605s] [  2%] Built target interface__cpp
[0.669s] [ 12%] Built target interface__rosidl_generator_c
[0.858s] [ 12%] Built target ament_cmake_python_copy_interface
[0.866s] [ 23%] Built target interface__rosidl_typesupport_c
[0.968s] [ 33%] Built target interface__rosidl_typesupport_cpp
[0.976s] [ 43%] Built target interface__rosidl_typesupport_introspection_c
[0.977s] [ 53%] Built target interface__rosidl_typesupport_introspection_cpp
[0.980s] [ 64%] Built target interface__rosidl_typesupport_fastrtps_c
[0.981s] [ 74%] Built target interface__rosidl_typesupport_fastrtps_cpp
[1.002s] [ 74%] Built target interface
[1.117s] [ 76%] Built target interface__py
[1.161s] running egg_info
[1.161s] writing interface.egg-info/PKG-INFO
[1.162s] writing dependency_links to interface.egg-info/dependency_links.txt
[1.162s] writing top-level names to interface.egg-info/top_level.txt
[1.165s] reading manifest file 'interface.egg-info/SOURCES.txt'
[1.166s] writing manifest file 'interface.egg-info/SOURCES.txt'
[1.192s] [ 76%] Built target ament_cmake_python_build_interface_egg
[1.276s] [ 84%] Built target interface__rosidl_generator_py
[1.302s] [ 94%] Built target interface__rosidl_typesupport_fastrtps_c__pyext
[1.302s] [ 94%] Built target interface__rosidl_typesupport_introspection_c__pyext
[1.314s] [100%] Built target interface__rosidl_typesupport_c__pyext
[1.326s] Invoked command in '/home/yueju/led/build/interface' returned '0': CMAKE_PREFIX_PATH=/opt/ros/humble /usr/bin/cmake --build /home/yueju/led/build/interface -- -j8 -l8
[1.404s] Invoking command in '/home/yueju/led/build/interface': CMAKE_PREFIX_PATH=/opt/ros/humble /usr/bin/cmake --install /home/yueju/led/build/interface
[1.426s] -- Install configuration: ""
[1.430s] -- Up-to-date: /home/yueju/led/install/interface/share/ament_index/resource_index/rosidl_interfaces/interface
[1.430s] -- Up-to-date: /home/yueju/led/install/interface/include/interface/interface
[1.431s] -- Up-to-date: /home/yueju/led/install/interface/include/interface/interface/srv
[1.431s] -- Up-to-date: /home/yueju/led/install/interface/include/interface/interface/srv/detail
[1.433s] -- Up-to-date: /home/yueju/led/install/interface/include/interface/interface/srv/detail/set_led__functions.h
[1.433s] -- Up-to-date: /home/yueju/led/install/interface/include/interface/interface/srv/detail/set_led__type_support.h
[1.434s] -- Up-to-date: /home/yueju/led/install/interface/include/interface/interface/srv/detail/set_led__functions.c
[1.434s] -- Up-to-date: /home/yueju/led/install/interface/include/interface/interface/srv/detail/set_led__struct.h
[1.435s] -- Up-to-date: /home/yueju/led/install/interface/include/interface/interface/srv/set_led.h
[1.435s] -- Up-to-date: /home/yueju/led/install/interface/include/interface/interface/msg
[1.436s] -- Up-to-date: /home/yueju/led/install/interface/include/interface/interface/msg/detail
[1.436s] -- Up-to-date: /home/yueju/led/install/interface/include/interface/interface/msg/detail/led__functions.h
[1.437s] -- Up-to-date: /home/yueju/led/install/interface/include/interface/interface/msg/detail/led__functions.c
[1.437s] -- Up-to-date: /home/yueju/led/install/interface/include/interface/interface/msg/detail/led__type_support.h
[1.437s] -- Up-to-date: /home/yueju/led/install/interface/include/interface/interface/msg/detail/led__struct.h
[1.438s] -- Up-to-date: /home/yueju/led/install/interface/include/interface/interface/msg/led.h
[1.438s] -- Up-to-date: /home/yueju/led/install/interface/include/interface/interface/msg/rosidl_generator_c__visibility_control.h
[1.439s] -- Up-to-date: /home/yueju/led/install/interface/share/interface/environment/library_path.sh
[1.439s] -- Up-to-date: /home/yueju/led/install/interface/share/interface/environment/library_path.dsv
[1.476s] -- Up-to-date: /home/yueju/led/install/interface/lib/libinterface__rosidl_generator_c.so
[1.478s] -- Up-to-date: /home/yueju/led/install/interface/include/interface/interface
[1.478s] -- Up-to-date: /home/yueju/led/install/interface/include/interface/interface/srv
[1.479s] -- Up-to-date: /home/yueju/led/install/interface/include/interface/interface/srv/detail
[1.479s] -- Up-to-date: /home/yueju/led/install/interface/include/interface/interface/srv/detail/set_led__rosidl_typesupport_fastrtps_c.h
[1.479s] -- Up-to-date: /home/yueju/led/install/interface/include/interface/interface/msg
[1.479s] -- Up-to-date: /home/yueju/led/install/interface/include/interface/interface/msg/detail
[1.480s] -- Up-to-date: /home/yueju/led/install/interface/include/interface/interface/msg/detail/led__rosidl_typesupport_fastrtps_c.h
[1.481s] -- Up-to-date: /home/yueju/led/install/interface/include/interface/interface/msg/rosidl_typesupport_fastrtps_c__visibility_control.h
[1.481s] -- Up-to-date: /home/yueju/led/install/interface/lib/libinterface__rosidl_typesupport_fastrtps_c.so
[1.482s] -- Up-to-date: /home/yueju/led/install/interface/include/interface/interface
[1.482s] -- Up-to-date: /home/yueju/led/install/interface/include/interface/interface/srv
[1.483s] -- Up-to-date: /home/yueju/led/install/interface/include/interface/interface/srv/detail
[1.483s] -- Up-to-date: /home/yueju/led/install/interface/include/interface/interface/srv/detail/set_led__type_support.c
[1.484s] -- Up-to-date: /home/yueju/led/install/interface/include/interface/interface/srv/detail/set_led__rosidl_typesupport_introspection_c.h
[1.484s] -- Up-to-date: /home/yueju/led/install/interface/include/interface/interface/msg
[1.485s] -- Up-to-date: /home/yueju/led/install/interface/include/interface/interface/msg/detail
[1.485s] -- Up-to-date: /home/yueju/led/install/interface/include/interface/interface/msg/detail/led__type_support.c
[1.485s] -- Up-to-date: /home/yueju/led/install/interface/include/interface/interface/msg/detail/led__rosidl_typesupport_introspection_c.h
[1.486s] -- Up-to-date: /home/yueju/led/install/interface/include/interface/interface/msg/rosidl_typesupport_introspection_c__visibility_control.h
[1.500s] -- Up-to-date: /home/yueju/led/install/interface/lib/libinterface__rosidl_typesupport_introspection_c.so
[1.502s] -- Up-to-date: /home/yueju/led/install/interface/lib/libinterface__rosidl_typesupport_c.so
[1.503s] -- Up-to-date: /home/yueju/led/install/interface/include/interface/interface
[1.504s] -- Up-to-date: /home/yueju/led/install/interface/include/interface/interface/srv
[1.505s] -- Up-to-date: /home/yueju/led/install/interface/include/interface/interface/srv/detail
[1.505s] -- Up-to-date: /home/yueju/led/install/interface/include/interface/interface/srv/detail/set_led__struct.hpp
[1.506s] -- Up-to-date: /home/yueju/led/install/interface/include/interface/interface/srv/detail/set_led__builder.hpp
[1.506s] -- Up-to-date: /home/yueju/led/install/interface/include/interface/interface/srv/detail/set_led__traits.hpp
[1.506s] -- Up-to-date: /home/yueju/led/install/interface/include/interface/interface/srv/set_led.hpp
[1.507s] -- Up-to-date: /home/yueju/led/install/interface/include/interface/interface/msg
[1.507s] -- Up-to-date: /home/yueju/led/install/interface/include/interface/interface/msg/detail
[1.507s] -- Up-to-date: /home/yueju/led/install/interface/include/interface/interface/msg/detail/led__struct.hpp
[1.507s] -- Up-to-date: /home/yueju/led/install/interface/include/interface/interface/msg/detail/led__builder.hpp
[1.507s] -- Up-to-date: /home/yueju/led/install/interface/include/interface/interface/msg/detail/led__traits.hpp
[1.508s] -- Up-to-date: /home/yueju/led/install/interface/include/interface/interface/msg/led.hpp
[1.508s] -- Up-to-date: /home/yueju/led/install/interface/include/interface/interface
[1.508s] -- Up-to-date: /home/yueju/led/install/interface/include/interface/interface/srv
[1.508s] -- Up-to-date: /home/yueju/led/install/interface/include/interface/interface/srv/detail
[1.509s] -- Up-to-date: /home/yueju/led/install/interface/include/interface/interface/srv/detail/dds_fastrtps
[1.509s] -- Up-to-date: /home/yueju/led/install/interface/include/interface/interface/srv/detail/set_led__rosidl_typesupport_fastrtps_cpp.hpp
[1.509s] -- Up-to-date: /home/yueju/led/install/interface/include/interface/interface/msg
[1.509s] -- Up-to-date: /home/yueju/led/install/interface/include/interface/interface/msg/rosidl_typesupport_fastrtps_cpp__visibility_control.h
[1.510s] -- Up-to-date: /home/yueju/led/install/interface/include/interface/interface/msg/detail
[1.510s] -- Up-to-date: /home/yueju/led/install/interface/include/interface/interface/msg/detail/dds_fastrtps
[1.510s] -- Up-to-date: /home/yueju/led/install/interface/include/interface/interface/msg/detail/led__rosidl_typesupport_fastrtps_cpp.hpp
[1.525s] -- Up-to-date: /home/yueju/led/install/interface/lib/libinterface__rosidl_typesupport_fastrtps_cpp.so
[1.526s] -- Up-to-date: /home/yueju/led/install/interface/include/interface/interface
[1.527s] -- Up-to-date: /home/yueju/led/install/interface/include/interface/interface/srv
[1.527s] -- Up-to-date: /home/yueju/led/install/interface/include/interface/interface/srv/detail
[1.528s] -- Up-to-date: /home/yueju/led/install/interface/include/interface/interface/srv/detail/set_led__type_support.cpp
[1.528s] -- Up-to-date: /home/yueju/led/install/interface/include/interface/interface/srv/detail/set_led__rosidl_typesupport_introspection_cpp.hpp
[1.528s] -- Up-to-date: /home/yueju/led/install/interface/include/interface/interface/msg
[1.529s] -- Up-to-date: /home/yueju/led/install/interface/include/interface/interface/msg/detail
[1.529s] -- Up-to-date: /home/yueju/led/install/interface/include/interface/interface/msg/detail/led__rosidl_typesupport_introspection_cpp.hpp
[1.530s] -- Up-to-date: /home/yueju/led/install/interface/include/interface/interface/msg/detail/led__type_support.cpp
[1.530s] -- Up-to-date: /home/yueju/led/install/interface/lib/libinterface__rosidl_typesupport_introspection_cpp.so
[1.548s] -- Up-to-date: /home/yueju/led/install/interface/lib/libinterface__rosidl_typesupport_cpp.so
[1.549s] -- Up-to-date: /home/yueju/led/install/interface/share/interface/environment/pythonpath.sh
[1.550s] -- Up-to-date: /home/yueju/led/install/interface/share/interface/environment/pythonpath.dsv
[1.551s] -- Up-to-date: /home/yueju/led/install/interface/local/lib/python3.10/dist-packages/interface-0.0.0-py3.10.egg-info
[1.551s] -- Installing: /home/yueju/led/install/interface/local/lib/python3.10/dist-packages/interface-0.0.0-py3.10.egg-info/top_level.txt
[1.552s] -- Installing: /home/yueju/led/install/interface/local/lib/python3.10/dist-packages/interface-0.0.0-py3.10.egg-info/SOURCES.txt
[1.553s] -- Installing: /home/yueju/led/install/interface/local/lib/python3.10/dist-packages/interface-0.0.0-py3.10.egg-info/PKG-INFO
[1.553s] -- Installing: /home/yueju/led/install/interface/local/lib/python3.10/dist-packages/interface-0.0.0-py3.10.egg-info/dependency_links.txt
[1.554s] -- Up-to-date: /home/yueju/led/install/interface/local/lib/python3.10/dist-packages/interface
[1.556s] -- Up-to-date: /home/yueju/led/install/interface/local/lib/python3.10/dist-packages/interface/_interface_s.ep.rosidl_typesupport_c.c
[1.556s] -- Up-to-date: /home/yueju/led/install/interface/local/lib/python3.10/dist-packages/interface/interface_s__rosidl_typesupport_c.cpython-310-x86_64-linux-gnu.so
[1.556s] -- Up-to-date: /home/yueju/led/install/interface/local/lib/python3.10/dist-packages/interface/libinterface__rosidl_generator_py.so
[1.557s] -- Up-to-date: /home/yueju/led/install/interface/local/lib/python3.10/dist-packages/interface/srv
[1.557s] -- Up-to-date: /home/yueju/led/install/interface/local/lib/python3.10/dist-packages/interface/srv/_set_led_s.c
[1.557s] -- Up-to-date: /home/yueju/led/install/interface/local/lib/python3.10/dist-packages/interface/srv/__init__.py
[1.558s] -- Up-to-date: /home/yueju/led/install/interface/local/lib/python3.10/dist-packages/interface/srv/_set_led.py
[1.559s] -- Up-to-date: /home/yueju/led/install/interface/local/lib/python3.10/dist-packages/interface/_interface_s.ep.rosidl_typesupport_fastrtps_c.c
[1.559s] -- Up-to-date: /home/yueju/led/install/interface/local/lib/python3.10/dist-packages/interface/msg
[1.559s] -- Up-to-date: /home/yueju/led/install/interface/local/lib/python3.10/dist-packages/interface/msg/_led.py
[1.559s] -- Up-to-date: /home/yueju/led/install/interface/local/lib/python3.10/dist-packages/interface/msg/__init__.py
[1.560s] -- Up-to-date: /home/yueju/led/install/interface/local/lib/python3.10/dist-packages/interface/msg/_led_s.c
[1.560s] -- Up-to-date: /home/yueju/led/install/interface/local/lib/python3.10/dist-packages/interface/_interface_s.ep.rosidl_typesupport_introspection_c.c
[1.560s] -- Up-to-date: /home/yueju/led/install/interface/local/lib/python3.10/dist-packages/interface/interface_s__rosidl_typesupport_fastrtps_c.cpython-310-x86_64-linux-gnu.so
[1.560s] -- Up-to-date: /home/yueju/led/install/interface/local/lib/python3.10/dist-packages/interface/interface_s__rosidl_typesupport_introspection_c.cpython-310-x86_64-linux-gnu.so
[1.561s] -- Up-to-date: /home/yueju/led/install/interface/local/lib/python3.10/dist-packages/interface/__init__.py
[1.726s] Listing '/home/yueju/led/install/interface/local/lib/python3.10/dist-packages/interface'...
[1.726s] Listing '/home/yueju/led/install/interface/local/lib/python3.10/dist-packages/interface/msg'...
[1.726s] Listing '/home/yueju/led/install/interface/local/lib/python3.10/dist-packages/interface/srv'...
[1.735s] -- Up-to-date: /home/yueju/led/install/interface/local/lib/python3.10/dist-packages/interface/interface_s__rosidl_typesupport_fastrtps_c.cpython-310-x86_64-linux-gnu.so
[1.737s] -- Up-to-date: /home/yueju/led/install/interface/local/lib/python3.10/dist-packages/interface/interface_s__rosidl_typesupport_introspection_c.cpython-310-x86_64-linux-gnu.so
[1.740s] -- Up-to-date: /home/yueju/led/install/interface/local/lib/python3.10/dist-packages/interface/interface_s__rosidl_typesupport_c.cpython-310-x86_64-linux-gnu.so
[1.742s] -- Up-to-date: /home/yueju/led/install/interface/lib/libinterface__rosidl_generator_py.so
[1.743s] -- Up-to-date: /home/yueju/led/install/interface/share/interface/msg/Led.idl
[1.744s] -- Up-to-date: /home/yueju/led/install/interface/share/interface/srv/SetLed.idl
[1.745s] -- Up-to-date: /home/yueju/led/install/interface/share/interface/msg/Led.msg
[1.745s] -- Up-to-date: /home/yueju/led/install/interface/share/interface/srv/SetLed.srv
[1.746s] -- Up-to-date: /home/yueju/led/install/interface/share/interface/srv/SetLed_Request.msg
[1.747s] -- Up-to-date: /home/yueju/led/install/interface/share/interface/srv/SetLed_Response.msg
[1.747s] -- Up-to-date: /home/yueju/led/install/interface/share/ament_index/resource_index/package_run_dependencies/interface
[1.747s] -- Up-to-date: /home/yueju/led/install/interface/share/ament_index/resource_index/parent_prefix_path/interface
[1.747s] -- Up-to-date: /home/yueju/led/install/interface/share/interface/environment/ament_prefix_path.sh
[1.748s] -- Up-to-date: /home/yueju/led/install/interface/share/interface/environment/ament_prefix_path.dsv
[1.748s] -- Up-to-date: /home/yueju/led/install/interface/share/interface/environment/path.sh
[1.749s] -- Up-to-date: /home/yueju/led/install/interface/share/interface/environment/path.dsv
[1.749s] -- Up-to-date: /home/yueju/led/install/interface/share/interface/local_setup.bash
[1.750s] -- Up-to-date: /home/yueju/led/install/interface/share/interface/local_setup.sh
[1.750s] -- Up-to-date: /home/yueju/led/install/interface/share/interface/local_setup.zsh
[1.750s] -- Up-to-date: /home/yueju/led/install/interface/share/interface/local_setup.dsv
[1.751s] -- Installing: /home/yueju/led/install/interface/share/interface/package.dsv
[1.803s] -- Up-to-date: /home/yueju/led/install/interface/share/ament_index/resource_index/packages/interface
[1.820s] -- Up-to-date: /home/yueju/led/install/interface/share/interface/cmake/export_interface__rosidl_generator_cExport.cmake
[1.820s] -- Up-to-date: /home/yueju/led/install/interface/share/interface/cmake/export_interface__rosidl_generator_cExport-noconfig.cmake
[1.821s] -- Up-to-date: /home/yueju/led/install/interface/share/interface/cmake/export_interface__rosidl_typesupport_fastrtps_cExport.cmake
[1.822s] -- Up-to-date: /home/yueju/led/install/interface/share/interface/cmake/export_interface__rosidl_typesupport_fastrtps_cExport-noconfig.cmake
[1.823s] -- Up-to-date: /home/yueju/led/install/interface/share/interface/cmake/interface__rosidl_typesupport_introspection_cExport.cmake
[1.823s] -- Up-to-date: /home/yueju/led/install/interface/share/interface/cmake/interface__rosidl_typesupport_introspection_cExport-noconfig.cmake
[1.824s] -- Up-to-date: /home/yueju/led/install/interface/share/interface/cmake/interface__rosidl_typesupport_cExport.cmake
[1.825s] -- Up-to-date: /home/yueju/led/install/interface/share/interface/cmake/interface__rosidl_typesupport_cExport-noconfig.cmake
[1.825s] -- Up-to-date: /home/yueju/led/install/interface/share/interface/cmake/export_interface__rosidl_generator_cppExport.cmake
[1.886s] -- Up-to-date: /home/yueju/led/install/interface/share/interface/cmake/export_interface__rosidl_typesupport_fastrtps_cppExport.cmake
[1.886s] -- Up-to-date: /home/yueju/led/install/interface/share/interface/cmake/export_interface__rosidl_typesupport_fastrtps_cppExport-noconfig.cmake
[1.962s] -- Up-to-date: /home/yueju/led/install/interface/share/interface/cmake/interface__rosidl_typesupport_introspection_cppExport.cmake
[1.962s] -- Up-to-date: /home/yueju/led/install/interface/share/interface/cmake/interface__rosidl_typesupport_introspection_cppExport-noconfig.cmake
[1.965s] -- Up-to-date: /home/yueju/led/install/interface/share/interface/cmake/interface__rosidl_typesupport_cppExport.cmake
[1.965s] -- Up-to-date: /home/yueju/led/install/interface/share/interface/cmake/interface__rosidl_typesupport_cppExport-noconfig.cmake
[1.967s] -- Up-to-date: /home/yueju/led/install/interface/share/interface/cmake/export_interface__rosidl_generator_pyExport.cmake
[1.968s] -- Up-to-date: /home/yueju/led/install/interface/share/interface/cmake/export_interface__rosidl_generator_pyExport-noconfig.cmake
[1.969s] -- Up-to-date: /home/yueju/led/install/interface/share/interface/cmake/rosidl_cmake-extras.cmake
[1.969s] -- Up-to-date: /home/yueju/led/install/interface/share/interface/cmake/ament_cmake_export_include_directories-extras.cmake
[1.969s] -- Up-to-date: /home/yueju/led/install/interface/share/interface/cmake/ament_cmake_export_libraries-extras.cmake
[1.970s] -- Up-to-date: /home/yueju/led/install/interface/share/interface/cmake/ament_cmake_export_targets-extras.cmake
[1.970s] -- Up-to-date: /home/yueju/led/install/interface/share/interface/cmake/rosidl_cmake_export_typesupport_targets-extras.cmake
[1.970s] -- Up-to-date: /home/yueju/led/install/interface/share/interface/cmake/ament_cmake_export_dependencies-extras.cmake
[1.971s] -- Up-to-date: /home/yueju/led/install/interface/share/interface/cmake/rosidl_cmake_export_typesupport_libraries-extras.cmake
[1.971s] -- Up-to-date: /home/yueju/led/install/interface/share/interface/cmake/interfaceConfig.cmake
[1.971s] -- Up-to-date: /home/yueju/led/install/interface/share/interface/cmake/interfaceConfig-version.cmake
[1.971s] -- Up-to-date: /home/yueju/led/install/interface/share/interface/package.xml
[1.982s] Invoked command in '/home/yueju/led/build/interface' returned '0': CMAKE_PREFIX_PATH=/opt/ros/humble /usr/bin/cmake --install /home/yueju/led/build/interface
