[1.703s] Invoking command in '/home/yueju/led/open_cv': PYTHONPATH=/home/yueju/led/build/open_cv/prefix_override:/home/yueju/led/install/open_cv/lib/python3.10/site-packages:${PYTHONPATH} /usr/bin/python3 setup.py egg_info --egg-base ../build/open_cv build --build-base /home/yueju/led/build/open_cv/build install --record /home/yueju/led/build/open_cv/install.log --single-version-externally-managed
[1.985s] running egg_info
[1.999s] writing ../build/open_cv/open_cv.egg-info/PKG-INFO
[1.999s] writing dependency_links to ../build/open_cv/open_cv.egg-info/dependency_links.txt
[1.999s] writing requirements to ../build/open_cv/open_cv.egg-info/requires.txt
[2.000s] writing top-level names to ../build/open_cv/open_cv.egg-info/top_level.txt
[2.034s] reading manifest file '../build/open_cv/open_cv.egg-info/SOURCES.txt'
[2.036s] writing manifest file '../build/open_cv/open_cv.egg-info/SOURCES.txt'
[2.036s] running build
[2.036s] running build_py
[2.036s] copying open_cv/cv_node.py -> /home/yueju/led/build/open_cv/build/lib/open_cv
[2.037s] running install
[2.037s] /home/yueju/.local/lib/python3.10/site-packages/setuptools/command/install.py:34: SetuptoolsDeprecationWarning: setup.py install is deprecated. Use build and pip and other standards-based tools.
[2.037s]   warnings.warn(
[2.043s] running install_lib
[2.057s] copying /home/yueju/led/build/open_cv/build/lib/open_cv/cv_node.py -> /home/yueju/led/install/open_cv/lib/python3.10/site-packages/open_cv
[2.058s] byte-compiling /home/yueju/led/install/open_cv/lib/python3.10/site-packages/open_cv/cv_node.py to cv_node.cpython-310.pyc
[2.058s]   File "/home/yueju/led/install/open_cv/lib/python3.10/site-packages/open_cv/cv_node.py", line 14
[2.058s]     cv2.
[2.058s]         ^
[2.058s] SyntaxError: invalid syntax
[2.058s] 
[2.059s] running install_data
[2.076s] running install_egg_info
[2.097s] removing '/home/yueju/led/install/open_cv/lib/python3.10/site-packages/open_cv-0.0.0-py3.10.egg-info' (and everything under it)
[2.097s] Copying ../build/open_cv/open_cv.egg-info to /home/yueju/led/install/open_cv/lib/python3.10/site-packages/open_cv-0.0.0-py3.10.egg-info
[2.132s] running install_scripts
[2.308s] writing list of installed files to '/home/yueju/led/build/open_cv/install.log'
[2.348s] Invoked command in '/home/yueju/led/open_cv' returned '0': PYTHONPATH=/home/yueju/led/build/open_cv/prefix_override:/home/yueju/led/install/open_cv/lib/python3.10/site-packages:${PYTHONPATH} /usr/bin/python3 setup.py egg_info --egg-base ../build/open_cv build --build-base /home/yueju/led/build/open_cv/build install --record /home/yueju/led/build/open_cv/install.log --single-version-externally-managed
