[0.261s] DEBUG:colcon:Command line arguments: ['/usr/bin/colcon', 'build']
[0.262s] DEBUG:colcon:Parsed command line arguments: Namespace(log_base=None, log_level=None, verb_name='build', build_base='build', install_base='install', merge_install=False, symlink_install=False, test_result_base=None, continue_on_error=False, executor='parallel', parallel_workers=8, event_handlers=None, ignore_user_meta=False, metas=['./colcon.meta'], base_paths=['.'], packages_ignore=None, packages_ignore_regex=None, paths=None, packages_up_to=None, packages_up_to_regex=None, packages_above=None, packages_above_and_dependencies=None, packages_above_depth=None, packages_select_by_dep=None, packages_skip_by_dep=None, packages_skip_up_to=None, packages_select_build_failed=False, packages_skip_build_finished=False, packages_select_test_failures=False, packages_skip_test_passed=False, packages_select=None, packages_skip=None, packages_select_regex=None, packages_skip_regex=None, packages_start=None, packages_end=None, allow_overriding=[], cmake_args=None, cmake_target=None, cmake_target_skip_unavailable=False, cmake_clean_cache=False, cmake_clean_first=False, cmake_force_configure=False, ament_cmake_args=None, catkin_cmake_args=None, catkin_skip_building_tests=False, verb_parser=<colcon_defaults.argument_parser.defaults.DefaultArgumentsDecorator object at 0x7f439b43edd0>, verb_extension=<colcon_core.verb.build.BuildVerb object at 0x7f439b590940>, main=<bound method BuildVerb.main of <colcon_core.verb.build.BuildVerb object at 0x7f439b590940>>)
[0.293s] Level 1:colcon.colcon_core.package_discovery:discover_packages(colcon_meta) check parameters
[0.293s] Level 1:colcon.colcon_core.package_discovery:discover_packages(recursive) check parameters
[0.293s] Level 1:colcon.colcon_core.package_discovery:discover_packages(ignore) check parameters
[0.293s] Level 1:colcon.colcon_core.package_discovery:discover_packages(path) check parameters
[0.293s] Level 1:colcon.colcon_core.package_discovery:discover_packages(colcon_meta) discover
[0.293s] Level 1:colcon.colcon_core.package_discovery:discover_packages(recursive) discover
[0.293s] INFO:colcon.colcon_core.package_discovery:Crawling recursively for packages in '/home/yueju/led'
[0.293s] Level 1:colcon.colcon_core.package_identification:_identify(.) by extensions ['ignore', 'ignore_ament_install']
[0.293s] Level 1:colcon.colcon_core.package_identification:_identify(.) by extension 'ignore'
[0.293s] Level 1:colcon.colcon_core.package_identification:_identify(.) by extension 'ignore_ament_install'
[0.293s] Level 1:colcon.colcon_core.package_identification:_identify(.) by extensions ['colcon_pkg']
[0.293s] Level 1:colcon.colcon_core.package_identification:_identify(.) by extension 'colcon_pkg'
[0.293s] Level 1:colcon.colcon_core.package_identification:_identify(.) by extensions ['colcon_meta']
[0.293s] Level 1:colcon.colcon_core.package_identification:_identify(.) by extension 'colcon_meta'
[0.293s] Level 1:colcon.colcon_core.package_identification:_identify(.) by extensions ['ros']
[0.293s] Level 1:colcon.colcon_core.package_identification:_identify(.) by extension 'ros'
[0.307s] Level 1:colcon.colcon_core.package_identification:_identify(.) by extensions ['cmake', 'python']
[0.307s] Level 1:colcon.colcon_core.package_identification:_identify(.) by extension 'cmake'
[0.307s] Level 1:colcon.colcon_core.package_identification:_identify(.) by extension 'python'
[0.307s] Level 1:colcon.colcon_core.package_identification:_identify(.) by extensions ['python_setup_py']
[0.307s] Level 1:colcon.colcon_core.package_identification:_identify(.) by extension 'python_setup_py'
[0.307s] Level 1:colcon.colcon_core.package_identification:_identify(build) by extensions ['ignore', 'ignore_ament_install']
[0.307s] Level 1:colcon.colcon_core.package_identification:_identify(build) by extension 'ignore'
[0.307s] Level 1:colcon.colcon_core.package_identification:_identify(build) ignored
[0.307s] Level 1:colcon.colcon_core.package_identification:_identify(install) by extensions ['ignore', 'ignore_ament_install']
[0.307s] Level 1:colcon.colcon_core.package_identification:_identify(install) by extension 'ignore'
[0.308s] Level 1:colcon.colcon_core.package_identification:_identify(install) ignored
[0.308s] Level 1:colcon.colcon_core.package_identification:_identify(log) by extensions ['ignore', 'ignore_ament_install']
[0.308s] Level 1:colcon.colcon_core.package_identification:_identify(log) by extension 'ignore'
[0.308s] Level 1:colcon.colcon_core.package_identification:_identify(log) ignored
[0.308s] Level 1:colcon.colcon_core.package_identification:_identify(match_pm_robot) by extensions ['ignore', 'ignore_ament_install']
[0.308s] Level 1:colcon.colcon_core.package_identification:_identify(match_pm_robot) by extension 'ignore'
[0.308s] Level 1:colcon.colcon_core.package_identification:_identify(match_pm_robot) by extension 'ignore_ament_install'
[0.308s] Level 1:colcon.colcon_core.package_identification:_identify(match_pm_robot) by extensions ['colcon_pkg']
[0.308s] Level 1:colcon.colcon_core.package_identification:_identify(match_pm_robot) by extension 'colcon_pkg'
[0.308s] Level 1:colcon.colcon_core.package_identification:_identify(match_pm_robot) by extensions ['colcon_meta']
[0.308s] Level 1:colcon.colcon_core.package_identification:_identify(match_pm_robot) by extension 'colcon_meta'
[0.308s] Level 1:colcon.colcon_core.package_identification:_identify(match_pm_robot) by extensions ['ros']
[0.308s] Level 1:colcon.colcon_core.package_identification:_identify(match_pm_robot) by extension 'ros'
[0.308s] Level 1:colcon.colcon_core.package_identification:_identify(match_pm_robot) by extensions ['cmake', 'python']
[0.308s] Level 1:colcon.colcon_core.package_identification:_identify(match_pm_robot) by extension 'cmake'
[0.308s] Level 1:colcon.colcon_core.package_identification:_identify(match_pm_robot) by extension 'python'
[0.308s] Level 1:colcon.colcon_core.package_identification:_identify(match_pm_robot) by extensions ['python_setup_py']
[0.309s] Level 1:colcon.colcon_core.package_identification:_identify(match_pm_robot) by extension 'python_setup_py'
[0.309s] Level 1:colcon.colcon_core.package_identification:_identify(match_pm_robot/opcua_server) by extensions ['ignore', 'ignore_ament_install']
[0.309s] Level 1:colcon.colcon_core.package_identification:_identify(match_pm_robot/opcua_server) by extension 'ignore'
[0.309s] Level 1:colcon.colcon_core.package_identification:_identify(match_pm_robot/opcua_server) by extension 'ignore_ament_install'
[0.309s] Level 1:colcon.colcon_core.package_identification:_identify(match_pm_robot/opcua_server) by extensions ['colcon_pkg']
[0.309s] Level 1:colcon.colcon_core.package_identification:_identify(match_pm_robot/opcua_server) by extension 'colcon_pkg'
[0.309s] Level 1:colcon.colcon_core.package_identification:_identify(match_pm_robot/opcua_server) by extensions ['colcon_meta']
[0.309s] Level 1:colcon.colcon_core.package_identification:_identify(match_pm_robot/opcua_server) by extension 'colcon_meta'
[0.309s] Level 1:colcon.colcon_core.package_identification:_identify(match_pm_robot/opcua_server) by extensions ['ros']
[0.309s] Level 1:colcon.colcon_core.package_identification:_identify(match_pm_robot/opcua_server) by extension 'ros'
[0.311s] DEBUG:colcon.colcon_core.package_identification:Package 'match_pm_robot/opcua_server' with type 'ros.ament_cmake' and name 'opcua_server'
[0.312s] Level 1:colcon.colcon_core.package_identification:_identify(match_pm_robot/open62541) by extensions ['ignore', 'ignore_ament_install']
[0.312s] Level 1:colcon.colcon_core.package_identification:_identify(match_pm_robot/open62541) by extension 'ignore'
[0.312s] Level 1:colcon.colcon_core.package_identification:_identify(match_pm_robot/open62541) by extension 'ignore_ament_install'
[0.312s] Level 1:colcon.colcon_core.package_identification:_identify(match_pm_robot/open62541) by extensions ['colcon_pkg']
[0.312s] Level 1:colcon.colcon_core.package_identification:_identify(match_pm_robot/open62541) by extension 'colcon_pkg'
[0.312s] Level 1:colcon.colcon_core.package_identification:_identify(match_pm_robot/open62541) by extensions ['colcon_meta']
[0.312s] Level 1:colcon.colcon_core.package_identification:_identify(match_pm_robot/open62541) by extension 'colcon_meta'
[0.312s] Level 1:colcon.colcon_core.package_identification:_identify(match_pm_robot/open62541) by extensions ['ros']
[0.312s] Level 1:colcon.colcon_core.package_identification:_identify(match_pm_robot/open62541) by extension 'ros'
[0.312s] DEBUG:colcon.colcon_core.package_identification:Package 'match_pm_robot/open62541' with type 'ros.ament_cmake' and name 'open62541'
[0.312s] Level 1:colcon.colcon_core.package_identification:_identify(match_pm_robot/pm_client) by extensions ['ignore', 'ignore_ament_install']
[0.313s] Level 1:colcon.colcon_core.package_identification:_identify(match_pm_robot/pm_client) by extension 'ignore'
[0.313s] Level 1:colcon.colcon_core.package_identification:_identify(match_pm_robot/pm_client) by extension 'ignore_ament_install'
[0.313s] Level 1:colcon.colcon_core.package_identification:_identify(match_pm_robot/pm_client) by extensions ['colcon_pkg']
[0.313s] Level 1:colcon.colcon_core.package_identification:_identify(match_pm_robot/pm_client) by extension 'colcon_pkg'
[0.313s] Level 1:colcon.colcon_core.package_identification:_identify(match_pm_robot/pm_client) by extensions ['colcon_meta']
[0.313s] Level 1:colcon.colcon_core.package_identification:_identify(match_pm_robot/pm_client) by extension 'colcon_meta'
[0.313s] Level 1:colcon.colcon_core.package_identification:_identify(match_pm_robot/pm_client) by extensions ['ros']
[0.313s] Level 1:colcon.colcon_core.package_identification:_identify(match_pm_robot/pm_client) by extension 'ros'
[0.313s] DEBUG:colcon.colcon_core.package_identification:Package 'match_pm_robot/pm_client' with type 'ros.ament_cmake' and name 'pm_client'
[0.313s] Level 1:colcon.colcon_core.package_identification:_identify(match_pm_robot/pm_robot_control) by extensions ['ignore', 'ignore_ament_install']
[0.314s] Level 1:colcon.colcon_core.package_identification:_identify(match_pm_robot/pm_robot_control) by extension 'ignore'
[0.314s] Level 1:colcon.colcon_core.package_identification:_identify(match_pm_robot/pm_robot_control) by extension 'ignore_ament_install'
[0.314s] Level 1:colcon.colcon_core.package_identification:_identify(match_pm_robot/pm_robot_control) by extensions ['colcon_pkg']
[0.314s] Level 1:colcon.colcon_core.package_identification:_identify(match_pm_robot/pm_robot_control) by extension 'colcon_pkg'
[0.314s] Level 1:colcon.colcon_core.package_identification:_identify(match_pm_robot/pm_robot_control) by extensions ['colcon_meta']
[0.314s] Level 1:colcon.colcon_core.package_identification:_identify(match_pm_robot/pm_robot_control) by extension 'colcon_meta'
[0.314s] Level 1:colcon.colcon_core.package_identification:_identify(match_pm_robot/pm_robot_control) by extensions ['ros']
[0.314s] Level 1:colcon.colcon_core.package_identification:_identify(match_pm_robot/pm_robot_control) by extension 'ros'
[0.314s] DEBUG:colcon.colcon_core.package_identification:Package 'match_pm_robot/pm_robot_control' with type 'ros.ament_cmake' and name 'pm_robot_control'
[0.315s] Level 1:colcon.colcon_core.package_identification:_identify(match_pm_robot/pm_robot_control_test) by extensions ['ignore', 'ignore_ament_install']
[0.315s] Level 1:colcon.colcon_core.package_identification:_identify(match_pm_robot/pm_robot_control_test) by extension 'ignore'
[0.315s] Level 1:colcon.colcon_core.package_identification:_identify(match_pm_robot/pm_robot_control_test) by extension 'ignore_ament_install'
[0.315s] Level 1:colcon.colcon_core.package_identification:_identify(match_pm_robot/pm_robot_control_test) by extensions ['colcon_pkg']
[0.315s] Level 1:colcon.colcon_core.package_identification:_identify(match_pm_robot/pm_robot_control_test) by extension 'colcon_pkg'
[0.315s] Level 1:colcon.colcon_core.package_identification:_identify(match_pm_robot/pm_robot_control_test) by extensions ['colcon_meta']
[0.315s] Level 1:colcon.colcon_core.package_identification:_identify(match_pm_robot/pm_robot_control_test) by extension 'colcon_meta'
[0.315s] Level 1:colcon.colcon_core.package_identification:_identify(match_pm_robot/pm_robot_control_test) by extensions ['ros']
[0.315s] Level 1:colcon.colcon_core.package_identification:_identify(match_pm_robot/pm_robot_control_test) by extension 'ros'
[0.315s] DEBUG:colcon.colcon_core.package_identification:Package 'match_pm_robot/pm_robot_control_test' with type 'ros.ament_python' and name 'pm_robot_control_test'
[0.316s] Level 1:colcon.colcon_core.package_identification:_identify(match_pm_robot/pm_robot_description) by extensions ['ignore', 'ignore_ament_install']
[0.316s] Level 1:colcon.colcon_core.package_identification:_identify(match_pm_robot/pm_robot_description) by extension 'ignore'
[0.316s] Level 1:colcon.colcon_core.package_identification:_identify(match_pm_robot/pm_robot_description) by extension 'ignore_ament_install'
[0.316s] Level 1:colcon.colcon_core.package_identification:_identify(match_pm_robot/pm_robot_description) by extensions ['colcon_pkg']
[0.316s] Level 1:colcon.colcon_core.package_identification:_identify(match_pm_robot/pm_robot_description) by extension 'colcon_pkg'
[0.316s] Level 1:colcon.colcon_core.package_identification:_identify(match_pm_robot/pm_robot_description) by extensions ['colcon_meta']
[0.316s] Level 1:colcon.colcon_core.package_identification:_identify(match_pm_robot/pm_robot_description) by extension 'colcon_meta'
[0.316s] Level 1:colcon.colcon_core.package_identification:_identify(match_pm_robot/pm_robot_description) by extensions ['ros']
[0.316s] Level 1:colcon.colcon_core.package_identification:_identify(match_pm_robot/pm_robot_description) by extension 'ros'
[0.316s] DEBUG:colcon.colcon_core.package_identification:Package 'match_pm_robot/pm_robot_description' with type 'ros.ament_cmake' and name 'pm_robot_description'
[0.317s] Level 1:colcon.colcon_core.package_identification:_identify(match_pm_robot/pm_robot_moveit_config) by extensions ['ignore', 'ignore_ament_install']
[0.317s] Level 1:colcon.colcon_core.package_identification:_identify(match_pm_robot/pm_robot_moveit_config) by extension 'ignore'
[0.317s] Level 1:colcon.colcon_core.package_identification:_identify(match_pm_robot/pm_robot_moveit_config) by extension 'ignore_ament_install'
[0.317s] Level 1:colcon.colcon_core.package_identification:_identify(match_pm_robot/pm_robot_moveit_config) by extensions ['colcon_pkg']
[0.317s] Level 1:colcon.colcon_core.package_identification:_identify(match_pm_robot/pm_robot_moveit_config) by extension 'colcon_pkg'
[0.317s] Level 1:colcon.colcon_core.package_identification:_identify(match_pm_robot/pm_robot_moveit_config) by extensions ['colcon_meta']
[0.317s] Level 1:colcon.colcon_core.package_identification:_identify(match_pm_robot/pm_robot_moveit_config) by extension 'colcon_meta'
[0.317s] Level 1:colcon.colcon_core.package_identification:_identify(match_pm_robot/pm_robot_moveit_config) by extensions ['ros']
[0.317s] Level 1:colcon.colcon_core.package_identification:_identify(match_pm_robot/pm_robot_moveit_config) by extension 'ros'
[0.318s] DEBUG:colcon.colcon_core.package_identification:Package 'match_pm_robot/pm_robot_moveit_config' with type 'ros.ament_cmake' and name 'pm_robot_moveit_config'
[0.318s] Level 1:colcon.colcon_core.package_identification:_identify(match_pm_robot/pm_robot_submodules) by extensions ['ignore', 'ignore_ament_install']
[0.318s] Level 1:colcon.colcon_core.package_identification:_identify(match_pm_robot/pm_robot_submodules) by extension 'ignore'
[0.318s] Level 1:colcon.colcon_core.package_identification:_identify(match_pm_robot/pm_robot_submodules) by extension 'ignore_ament_install'
[0.318s] Level 1:colcon.colcon_core.package_identification:_identify(match_pm_robot/pm_robot_submodules) by extensions ['colcon_pkg']
[0.318s] Level 1:colcon.colcon_core.package_identification:_identify(match_pm_robot/pm_robot_submodules) by extension 'colcon_pkg'
[0.318s] Level 1:colcon.colcon_core.package_identification:_identify(match_pm_robot/pm_robot_submodules) by extensions ['colcon_meta']
[0.318s] Level 1:colcon.colcon_core.package_identification:_identify(match_pm_robot/pm_robot_submodules) by extension 'colcon_meta'
[0.318s] Level 1:colcon.colcon_core.package_identification:_identify(match_pm_robot/pm_robot_submodules) by extensions ['ros']
[0.318s] Level 1:colcon.colcon_core.package_identification:_identify(match_pm_robot/pm_robot_submodules) by extension 'ros'
[0.318s] Level 1:colcon.colcon_core.package_identification:_identify(match_pm_robot/pm_robot_submodules) by extensions ['cmake', 'python']
[0.318s] Level 1:colcon.colcon_core.package_identification:_identify(match_pm_robot/pm_robot_submodules) by extension 'cmake'
[0.318s] Level 1:colcon.colcon_core.package_identification:_identify(match_pm_robot/pm_robot_submodules) by extension 'python'
[0.318s] Level 1:colcon.colcon_core.package_identification:_identify(match_pm_robot/pm_robot_submodules) by extensions ['python_setup_py']
[0.318s] Level 1:colcon.colcon_core.package_identification:_identify(match_pm_robot/pm_robot_submodules) by extension 'python_setup_py'
[0.319s] Level 1:colcon.colcon_core.package_identification:_identify(match_pm_robot/pm_robot_submodules/image_common) by extensions ['ignore', 'ignore_ament_install']
[0.319s] Level 1:colcon.colcon_core.package_identification:_identify(match_pm_robot/pm_robot_submodules/image_common) by extension 'ignore'
[0.319s] Level 1:colcon.colcon_core.package_identification:_identify(match_pm_robot/pm_robot_submodules/image_common) by extension 'ignore_ament_install'
[0.319s] Level 1:colcon.colcon_core.package_identification:_identify(match_pm_robot/pm_robot_submodules/image_common) by extensions ['colcon_pkg']
[0.319s] Level 1:colcon.colcon_core.package_identification:_identify(match_pm_robot/pm_robot_submodules/image_common) by extension 'colcon_pkg'
[0.319s] Level 1:colcon.colcon_core.package_identification:_identify(match_pm_robot/pm_robot_submodules/image_common) by extensions ['colcon_meta']
[0.319s] Level 1:colcon.colcon_core.package_identification:_identify(match_pm_robot/pm_robot_submodules/image_common) by extension 'colcon_meta'
[0.319s] Level 1:colcon.colcon_core.package_identification:_identify(match_pm_robot/pm_robot_submodules/image_common) by extensions ['ros']
[0.319s] Level 1:colcon.colcon_core.package_identification:_identify(match_pm_robot/pm_robot_submodules/image_common) by extension 'ros'
[0.319s] Level 1:colcon.colcon_core.package_identification:_identify(match_pm_robot/pm_robot_submodules/image_common) by extensions ['cmake', 'python']
[0.319s] Level 1:colcon.colcon_core.package_identification:_identify(match_pm_robot/pm_robot_submodules/image_common) by extension 'cmake'
[0.319s] Level 1:colcon.colcon_core.package_identification:_identify(match_pm_robot/pm_robot_submodules/image_common) by extension 'python'
[0.319s] Level 1:colcon.colcon_core.package_identification:_identify(match_pm_robot/pm_robot_submodules/image_common) by extensions ['python_setup_py']
[0.319s] Level 1:colcon.colcon_core.package_identification:_identify(match_pm_robot/pm_robot_submodules/image_common) by extension 'python_setup_py'
[0.319s] Level 1:colcon.colcon_core.package_identification:_identify(match_pm_robot/pm_robot_submodules/pylon-ros-camera) by extensions ['ignore', 'ignore_ament_install']
[0.320s] Level 1:colcon.colcon_core.package_identification:_identify(match_pm_robot/pm_robot_submodules/pylon-ros-camera) by extension 'ignore'
[0.320s] Level 1:colcon.colcon_core.package_identification:_identify(match_pm_robot/pm_robot_submodules/pylon-ros-camera) by extension 'ignore_ament_install'
[0.320s] Level 1:colcon.colcon_core.package_identification:_identify(match_pm_robot/pm_robot_submodules/pylon-ros-camera) by extensions ['colcon_pkg']
[0.320s] Level 1:colcon.colcon_core.package_identification:_identify(match_pm_robot/pm_robot_submodules/pylon-ros-camera) by extension 'colcon_pkg'
[0.320s] Level 1:colcon.colcon_core.package_identification:_identify(match_pm_robot/pm_robot_submodules/pylon-ros-camera) by extensions ['colcon_meta']
[0.320s] Level 1:colcon.colcon_core.package_identification:_identify(match_pm_robot/pm_robot_submodules/pylon-ros-camera) by extension 'colcon_meta'
[0.320s] Level 1:colcon.colcon_core.package_identification:_identify(match_pm_robot/pm_robot_submodules/pylon-ros-camera) by extensions ['ros']
[0.320s] Level 1:colcon.colcon_core.package_identification:_identify(match_pm_robot/pm_robot_submodules/pylon-ros-camera) by extension 'ros'
[0.320s] Level 1:colcon.colcon_core.package_identification:_identify(match_pm_robot/pm_robot_submodules/pylon-ros-camera) by extensions ['cmake', 'python']
[0.320s] Level 1:colcon.colcon_core.package_identification:_identify(match_pm_robot/pm_robot_submodules/pylon-ros-camera) by extension 'cmake'
[0.320s] Level 1:colcon.colcon_core.package_identification:_identify(match_pm_robot/pm_robot_submodules/pylon-ros-camera) by extension 'python'
[0.320s] Level 1:colcon.colcon_core.package_identification:_identify(match_pm_robot/pm_robot_submodules/pylon-ros-camera) by extensions ['python_setup_py']
[0.320s] Level 1:colcon.colcon_core.package_identification:_identify(match_pm_robot/pm_robot_submodules/pylon-ros-camera) by extension 'python_setup_py'
[0.320s] Level 1:colcon.colcon_core.package_identification:_identify(open_cv) by extensions ['ignore', 'ignore_ament_install']
[0.320s] Level 1:colcon.colcon_core.package_identification:_identify(open_cv) by extension 'ignore'
[0.320s] Level 1:colcon.colcon_core.package_identification:_identify(open_cv) by extension 'ignore_ament_install'
[0.320s] Level 1:colcon.colcon_core.package_identification:_identify(open_cv) by extensions ['colcon_pkg']
[0.320s] Level 1:colcon.colcon_core.package_identification:_identify(open_cv) by extension 'colcon_pkg'
[0.320s] Level 1:colcon.colcon_core.package_identification:_identify(open_cv) by extensions ['colcon_meta']
[0.320s] Level 1:colcon.colcon_core.package_identification:_identify(open_cv) by extension 'colcon_meta'
[0.321s] Level 1:colcon.colcon_core.package_identification:_identify(open_cv) by extensions ['ros']
[0.321s] Level 1:colcon.colcon_core.package_identification:_identify(open_cv) by extension 'ros'
[0.321s] DEBUG:colcon.colcon_core.package_identification:Package 'open_cv' with type 'ros.ament_python' and name 'open_cv'
[0.321s] Level 1:colcon.colcon_core.package_discovery:discover_packages(recursive) using defaults
[0.321s] Level 1:colcon.colcon_core.package_discovery:discover_packages(ignore) discover
[0.321s] Level 1:colcon.colcon_core.package_discovery:discover_packages(ignore) using defaults
[0.321s] Level 1:colcon.colcon_core.package_discovery:discover_packages(path) discover
[0.321s] Level 1:colcon.colcon_core.package_discovery:discover_packages(path) using defaults
[0.348s] Level 1:colcon.colcon_core.package_discovery:discover_packages(prefix_path) check parameters
[0.348s] Level 1:colcon.colcon_core.package_discovery:discover_packages(prefix_path) discover
[0.352s] DEBUG:colcon.colcon_installed_package_information.package_discovery:Found 320 installed packages in /opt/ros/humble
[0.353s] Level 1:colcon.colcon_core.package_discovery:discover_packages(prefix_path) using defaults
[0.413s] Level 5:colcon.colcon_core.verb:set package 'opcua_server' build argument 'cmake_args' from command line to 'None'
[0.413s] Level 5:colcon.colcon_core.verb:set package 'opcua_server' build argument 'cmake_target' from command line to 'None'
[0.413s] Level 5:colcon.colcon_core.verb:set package 'opcua_server' build argument 'cmake_target_skip_unavailable' from command line to 'False'
[0.413s] Level 5:colcon.colcon_core.verb:set package 'opcua_server' build argument 'cmake_clean_cache' from command line to 'False'
[0.413s] Level 5:colcon.colcon_core.verb:set package 'opcua_server' build argument 'cmake_clean_first' from command line to 'False'
[0.413s] Level 5:colcon.colcon_core.verb:set package 'opcua_server' build argument 'cmake_force_configure' from command line to 'False'
[0.413s] Level 5:colcon.colcon_core.verb:set package 'opcua_server' build argument 'ament_cmake_args' from command line to 'None'
[0.413s] Level 5:colcon.colcon_core.verb:set package 'opcua_server' build argument 'catkin_cmake_args' from command line to 'None'
[0.413s] Level 5:colcon.colcon_core.verb:set package 'opcua_server' build argument 'catkin_skip_building_tests' from command line to 'False'
[0.413s] DEBUG:colcon.colcon_core.verb:Building package 'opcua_server' with the following arguments: {'ament_cmake_args': None, 'build_base': '/home/yueju/led/build/opcua_server', 'catkin_cmake_args': None, 'catkin_skip_building_tests': False, 'cmake_args': None, 'cmake_clean_cache': False, 'cmake_clean_first': False, 'cmake_force_configure': False, 'cmake_target': None, 'cmake_target_skip_unavailable': False, 'install_base': '/home/yueju/led/install/opcua_server', 'merge_install': False, 'path': '/home/yueju/led/match_pm_robot/opcua_server', 'symlink_install': False, 'test_result_base': None}
[0.414s] Level 5:colcon.colcon_core.verb:set package 'open62541' build argument 'cmake_args' from command line to 'None'
[0.414s] Level 5:colcon.colcon_core.verb:set package 'open62541' build argument 'cmake_target' from command line to 'None'
[0.414s] Level 5:colcon.colcon_core.verb:set package 'open62541' build argument 'cmake_target_skip_unavailable' from command line to 'False'
[0.414s] Level 5:colcon.colcon_core.verb:set package 'open62541' build argument 'cmake_clean_cache' from command line to 'False'
[0.414s] Level 5:colcon.colcon_core.verb:set package 'open62541' build argument 'cmake_clean_first' from command line to 'False'
[0.414s] Level 5:colcon.colcon_core.verb:set package 'open62541' build argument 'cmake_force_configure' from command line to 'False'
[0.414s] Level 5:colcon.colcon_core.verb:set package 'open62541' build argument 'ament_cmake_args' from command line to 'None'
[0.414s] Level 5:colcon.colcon_core.verb:set package 'open62541' build argument 'catkin_cmake_args' from command line to 'None'
[0.414s] Level 5:colcon.colcon_core.verb:set package 'open62541' build argument 'catkin_skip_building_tests' from command line to 'False'
[0.414s] DEBUG:colcon.colcon_core.verb:Building package 'open62541' with the following arguments: {'ament_cmake_args': None, 'build_base': '/home/yueju/led/build/open62541', 'catkin_cmake_args': None, 'catkin_skip_building_tests': False, 'cmake_args': None, 'cmake_clean_cache': False, 'cmake_clean_first': False, 'cmake_force_configure': False, 'cmake_target': None, 'cmake_target_skip_unavailable': False, 'install_base': '/home/yueju/led/install/open62541', 'merge_install': False, 'path': '/home/yueju/led/match_pm_robot/open62541', 'symlink_install': False, 'test_result_base': None}
[0.415s] Level 5:colcon.colcon_core.verb:set package 'open_cv' build argument 'cmake_args' from command line to 'None'
[0.415s] Level 5:colcon.colcon_core.verb:set package 'open_cv' build argument 'cmake_target' from command line to 'None'
[0.415s] Level 5:colcon.colcon_core.verb:set package 'open_cv' build argument 'cmake_target_skip_unavailable' from command line to 'False'
[0.415s] Level 5:colcon.colcon_core.verb:set package 'open_cv' build argument 'cmake_clean_cache' from command line to 'False'
[0.415s] Level 5:colcon.colcon_core.verb:set package 'open_cv' build argument 'cmake_clean_first' from command line to 'False'
[0.415s] Level 5:colcon.colcon_core.verb:set package 'open_cv' build argument 'cmake_force_configure' from command line to 'False'
[0.415s] Level 5:colcon.colcon_core.verb:set package 'open_cv' build argument 'ament_cmake_args' from command line to 'None'
[0.415s] Level 5:colcon.colcon_core.verb:set package 'open_cv' build argument 'catkin_cmake_args' from command line to 'None'
[0.415s] Level 5:colcon.colcon_core.verb:set package 'open_cv' build argument 'catkin_skip_building_tests' from command line to 'False'
[0.415s] DEBUG:colcon.colcon_core.verb:Building package 'open_cv' with the following arguments: {'ament_cmake_args': None, 'build_base': '/home/yueju/led/build/open_cv', 'catkin_cmake_args': None, 'catkin_skip_building_tests': False, 'cmake_args': None, 'cmake_clean_cache': False, 'cmake_clean_first': False, 'cmake_force_configure': False, 'cmake_target': None, 'cmake_target_skip_unavailable': False, 'install_base': '/home/yueju/led/install/open_cv', 'merge_install': False, 'path': '/home/yueju/led/open_cv', 'symlink_install': False, 'test_result_base': None}
[0.416s] Level 5:colcon.colcon_core.verb:set package 'pm_robot_control_test' build argument 'cmake_args' from command line to 'None'
[0.416s] Level 5:colcon.colcon_core.verb:set package 'pm_robot_control_test' build argument 'cmake_target' from command line to 'None'
[0.416s] Level 5:colcon.colcon_core.verb:set package 'pm_robot_control_test' build argument 'cmake_target_skip_unavailable' from command line to 'False'
[0.416s] Level 5:colcon.colcon_core.verb:set package 'pm_robot_control_test' build argument 'cmake_clean_cache' from command line to 'False'
[0.416s] Level 5:colcon.colcon_core.verb:set package 'pm_robot_control_test' build argument 'cmake_clean_first' from command line to 'False'
[0.416s] Level 5:colcon.colcon_core.verb:set package 'pm_robot_control_test' build argument 'cmake_force_configure' from command line to 'False'
[0.416s] Level 5:colcon.colcon_core.verb:set package 'pm_robot_control_test' build argument 'ament_cmake_args' from command line to 'None'
[0.416s] Level 5:colcon.colcon_core.verb:set package 'pm_robot_control_test' build argument 'catkin_cmake_args' from command line to 'None'
[0.416s] Level 5:colcon.colcon_core.verb:set package 'pm_robot_control_test' build argument 'catkin_skip_building_tests' from command line to 'False'
[0.416s] DEBUG:colcon.colcon_core.verb:Building package 'pm_robot_control_test' with the following arguments: {'ament_cmake_args': None, 'build_base': '/home/yueju/led/build/pm_robot_control_test', 'catkin_cmake_args': None, 'catkin_skip_building_tests': False, 'cmake_args': None, 'cmake_clean_cache': False, 'cmake_clean_first': False, 'cmake_force_configure': False, 'cmake_target': None, 'cmake_target_skip_unavailable': False, 'install_base': '/home/yueju/led/install/pm_robot_control_test', 'merge_install': False, 'path': '/home/yueju/led/match_pm_robot/pm_robot_control_test', 'symlink_install': False, 'test_result_base': None}
[0.417s] Level 5:colcon.colcon_core.verb:set package 'pm_robot_description' build argument 'cmake_args' from command line to 'None'
[0.417s] Level 5:colcon.colcon_core.verb:set package 'pm_robot_description' build argument 'cmake_target' from command line to 'None'
[0.417s] Level 5:colcon.colcon_core.verb:set package 'pm_robot_description' build argument 'cmake_target_skip_unavailable' from command line to 'False'
[0.417s] Level 5:colcon.colcon_core.verb:set package 'pm_robot_description' build argument 'cmake_clean_cache' from command line to 'False'
[0.417s] Level 5:colcon.colcon_core.verb:set package 'pm_robot_description' build argument 'cmake_clean_first' from command line to 'False'
[0.417s] Level 5:colcon.colcon_core.verb:set package 'pm_robot_description' build argument 'cmake_force_configure' from command line to 'False'
[0.417s] Level 5:colcon.colcon_core.verb:set package 'pm_robot_description' build argument 'ament_cmake_args' from command line to 'None'
[0.417s] Level 5:colcon.colcon_core.verb:set package 'pm_robot_description' build argument 'catkin_cmake_args' from command line to 'None'
[0.417s] Level 5:colcon.colcon_core.verb:set package 'pm_robot_description' build argument 'catkin_skip_building_tests' from command line to 'False'
[0.418s] DEBUG:colcon.colcon_core.verb:Building package 'pm_robot_description' with the following arguments: {'ament_cmake_args': None, 'build_base': '/home/yueju/led/build/pm_robot_description', 'catkin_cmake_args': None, 'catkin_skip_building_tests': False, 'cmake_args': None, 'cmake_clean_cache': False, 'cmake_clean_first': False, 'cmake_force_configure': False, 'cmake_target': None, 'cmake_target_skip_unavailable': False, 'install_base': '/home/yueju/led/install/pm_robot_description', 'merge_install': False, 'path': '/home/yueju/led/match_pm_robot/pm_robot_description', 'symlink_install': False, 'test_result_base': None}
[0.418s] Level 5:colcon.colcon_core.verb:set package 'pm_client' build argument 'cmake_args' from command line to 'None'
[0.418s] Level 5:colcon.colcon_core.verb:set package 'pm_client' build argument 'cmake_target' from command line to 'None'
[0.419s] Level 5:colcon.colcon_core.verb:set package 'pm_client' build argument 'cmake_target_skip_unavailable' from command line to 'False'
[0.419s] Level 5:colcon.colcon_core.verb:set package 'pm_client' build argument 'cmake_clean_cache' from command line to 'False'
[0.419s] Level 5:colcon.colcon_core.verb:set package 'pm_client' build argument 'cmake_clean_first' from command line to 'False'
[0.419s] Level 5:colcon.colcon_core.verb:set package 'pm_client' build argument 'cmake_force_configure' from command line to 'False'
[0.419s] Level 5:colcon.colcon_core.verb:set package 'pm_client' build argument 'ament_cmake_args' from command line to 'None'
[0.419s] Level 5:colcon.colcon_core.verb:set package 'pm_client' build argument 'catkin_cmake_args' from command line to 'None'
[0.419s] Level 5:colcon.colcon_core.verb:set package 'pm_client' build argument 'catkin_skip_building_tests' from command line to 'False'
[0.419s] DEBUG:colcon.colcon_core.verb:Building package 'pm_client' with the following arguments: {'ament_cmake_args': None, 'build_base': '/home/yueju/led/build/pm_client', 'catkin_cmake_args': None, 'catkin_skip_building_tests': False, 'cmake_args': None, 'cmake_clean_cache': False, 'cmake_clean_first': False, 'cmake_force_configure': False, 'cmake_target': None, 'cmake_target_skip_unavailable': False, 'install_base': '/home/yueju/led/install/pm_client', 'merge_install': False, 'path': '/home/yueju/led/match_pm_robot/pm_client', 'symlink_install': False, 'test_result_base': None}
[0.420s] Level 5:colcon.colcon_core.verb:set package 'pm_robot_moveit_config' build argument 'cmake_args' from command line to 'None'
[0.420s] Level 5:colcon.colcon_core.verb:set package 'pm_robot_moveit_config' build argument 'cmake_target' from command line to 'None'
[0.420s] Level 5:colcon.colcon_core.verb:set package 'pm_robot_moveit_config' build argument 'cmake_target_skip_unavailable' from command line to 'False'
[0.420s] Level 5:colcon.colcon_core.verb:set package 'pm_robot_moveit_config' build argument 'cmake_clean_cache' from command line to 'False'
[0.420s] Level 5:colcon.colcon_core.verb:set package 'pm_robot_moveit_config' build argument 'cmake_clean_first' from command line to 'False'
[0.420s] Level 5:colcon.colcon_core.verb:set package 'pm_robot_moveit_config' build argument 'cmake_force_configure' from command line to 'False'
[0.420s] Level 5:colcon.colcon_core.verb:set package 'pm_robot_moveit_config' build argument 'ament_cmake_args' from command line to 'None'
[0.420s] Level 5:colcon.colcon_core.verb:set package 'pm_robot_moveit_config' build argument 'catkin_cmake_args' from command line to 'None'
[0.420s] Level 5:colcon.colcon_core.verb:set package 'pm_robot_moveit_config' build argument 'catkin_skip_building_tests' from command line to 'False'
[0.420s] DEBUG:colcon.colcon_core.verb:Building package 'pm_robot_moveit_config' with the following arguments: {'ament_cmake_args': None, 'build_base': '/home/yueju/led/build/pm_robot_moveit_config', 'catkin_cmake_args': None, 'catkin_skip_building_tests': False, 'cmake_args': None, 'cmake_clean_cache': False, 'cmake_clean_first': False, 'cmake_force_configure': False, 'cmake_target': None, 'cmake_target_skip_unavailable': False, 'install_base': '/home/yueju/led/install/pm_robot_moveit_config', 'merge_install': False, 'path': '/home/yueju/led/match_pm_robot/pm_robot_moveit_config', 'symlink_install': False, 'test_result_base': None}
[0.421s] Level 5:colcon.colcon_core.verb:set package 'pm_robot_control' build argument 'cmake_args' from command line to 'None'
[0.421s] Level 5:colcon.colcon_core.verb:set package 'pm_robot_control' build argument 'cmake_target' from command line to 'None'
[0.421s] Level 5:colcon.colcon_core.verb:set package 'pm_robot_control' build argument 'cmake_target_skip_unavailable' from command line to 'False'
[0.421s] Level 5:colcon.colcon_core.verb:set package 'pm_robot_control' build argument 'cmake_clean_cache' from command line to 'False'
[0.421s] Level 5:colcon.colcon_core.verb:set package 'pm_robot_control' build argument 'cmake_clean_first' from command line to 'False'
[0.421s] Level 5:colcon.colcon_core.verb:set package 'pm_robot_control' build argument 'cmake_force_configure' from command line to 'False'
[0.421s] Level 5:colcon.colcon_core.verb:set package 'pm_robot_control' build argument 'ament_cmake_args' from command line to 'None'
[0.421s] Level 5:colcon.colcon_core.verb:set package 'pm_robot_control' build argument 'catkin_cmake_args' from command line to 'None'
[0.421s] Level 5:colcon.colcon_core.verb:set package 'pm_robot_control' build argument 'catkin_skip_building_tests' from command line to 'False'
[0.421s] DEBUG:colcon.colcon_core.verb:Building package 'pm_robot_control' with the following arguments: {'ament_cmake_args': None, 'build_base': '/home/yueju/led/build/pm_robot_control', 'catkin_cmake_args': None, 'catkin_skip_building_tests': False, 'cmake_args': None, 'cmake_clean_cache': False, 'cmake_clean_first': False, 'cmake_force_configure': False, 'cmake_target': None, 'cmake_target_skip_unavailable': False, 'install_base': '/home/yueju/led/install/pm_robot_control', 'merge_install': False, 'path': '/home/yueju/led/match_pm_robot/pm_robot_control', 'symlink_install': False, 'test_result_base': None}
[0.422s] INFO:colcon.colcon_core.executor:Executing jobs using 'parallel' executor
[0.425s] DEBUG:colcon.colcon_parallel_executor.executor.parallel:run_until_complete
[0.425s] INFO:colcon.colcon_ros.task.ament_cmake.build:Building ROS package in '/home/yueju/led/match_pm_robot/open62541' with build type 'ament_cmake'
[0.425s] INFO:colcon.colcon_cmake.task.cmake.build:Building CMake package in '/home/yueju/led/match_pm_robot/open62541'
[0.429s] INFO:colcon.colcon_core.plugin_system:Skipping extension 'colcon_core.shell.bat': Not used on non-Windows systems
[0.429s] INFO:colcon.colcon_core.shell:Skip shell extension 'powershell' for command environment: Not usable outside of PowerShell
[0.429s] DEBUG:colcon.colcon_core.shell:Skip shell extension 'dsv' for command environment
[0.433s] INFO:colcon.colcon_ros.task.ament_cmake.build:Building ROS package in '/home/yueju/led/match_pm_robot/pm_robot_description' with build type 'ament_cmake'
[0.433s] INFO:colcon.colcon_cmake.task.cmake.build:Building CMake package in '/home/yueju/led/match_pm_robot/pm_robot_description'
[0.434s] INFO:colcon.colcon_core.shell:Skip shell extension 'powershell' for command environment: Not usable outside of PowerShell
[0.434s] DEBUG:colcon.colcon_core.shell:Skip shell extension 'dsv' for command environment
[0.438s] INFO:colcon.colcon_ros.task.ament_cmake.build:Building ROS package in '/home/yueju/led/match_pm_robot/opcua_server' with build type 'ament_cmake'
[0.438s] INFO:colcon.colcon_cmake.task.cmake.build:Building CMake package in '/home/yueju/led/match_pm_robot/opcua_server'
[0.439s] INFO:colcon.colcon_core.shell:Skip shell extension 'powershell' for command environment: Not usable outside of PowerShell
[0.439s] DEBUG:colcon.colcon_core.shell:Skip shell extension 'dsv' for command environment
[0.443s] INFO:colcon.colcon_ros.task.ament_python.build:Building ROS package in '/home/yueju/led/open_cv' with build type 'ament_python'
[0.443s] Level 1:colcon.colcon_core.shell:create_environment_hook('open_cv', 'ament_prefix_path')
[0.445s] INFO:colcon.colcon_core.shell:Creating environment hook '/home/yueju/led/install/open_cv/share/open_cv/hook/ament_prefix_path.ps1'
[0.446s] INFO:colcon.colcon_core.shell:Creating environment descriptor '/home/yueju/led/install/open_cv/share/open_cv/hook/ament_prefix_path.dsv'
[0.446s] INFO:colcon.colcon_core.shell:Creating environment hook '/home/yueju/led/install/open_cv/share/open_cv/hook/ament_prefix_path.sh'
[0.447s] INFO:colcon.colcon_core.shell:Skip shell extension 'powershell' for command environment: Not usable outside of PowerShell
[0.448s] DEBUG:colcon.colcon_core.shell:Skip shell extension 'dsv' for command environment
[0.450s] INFO:colcon.colcon_ros.task.ament_python.build:Building ROS package in '/home/yueju/led/match_pm_robot/pm_robot_control_test' with build type 'ament_python'
[0.451s] Level 1:colcon.colcon_core.shell:create_environment_hook('pm_robot_control_test', 'ament_prefix_path')
[0.452s] INFO:colcon.colcon_core.shell:Creating environment hook '/home/yueju/led/install/pm_robot_control_test/share/pm_robot_control_test/hook/ament_prefix_path.ps1'
[0.453s] INFO:colcon.colcon_core.shell:Creating environment descriptor '/home/yueju/led/install/pm_robot_control_test/share/pm_robot_control_test/hook/ament_prefix_path.dsv'
[0.454s] INFO:colcon.colcon_core.shell:Creating environment hook '/home/yueju/led/install/pm_robot_control_test/share/pm_robot_control_test/hook/ament_prefix_path.sh'
[0.456s] INFO:colcon.colcon_core.shell:Skip shell extension 'powershell' for command environment: Not usable outside of PowerShell
[0.456s] DEBUG:colcon.colcon_core.shell:Skip shell extension 'dsv' for command environment
[0.465s] DEBUG:colcon.colcon_core.event_handler.log_command:Invoking command in '/home/yueju/led/build/open62541': CMAKE_PREFIX_PATH=/opt/ros/humble /usr/bin/cmake --build /home/yueju/led/build/open62541 -- -j8 -l8
[0.469s] DEBUG:colcon.colcon_core.event_handler.log_command:Invoking command in '/home/yueju/led/build/pm_robot_description': CMAKE_PREFIX_PATH=/opt/ros/humble /usr/bin/cmake --build /home/yueju/led/build/pm_robot_description -- -j8 -l8
[0.473s] DEBUG:colcon.colcon_core.event_handler.log_command:Invoking command in '/home/yueju/led/build/opcua_server': CMAKE_PREFIX_PATH=/opt/ros/humble /usr/bin/cmake --build /home/yueju/led/build/opcua_server -- -j8 -l8
[0.672s] INFO:colcon.colcon_core.task.python.build:Building Python package in '/home/yueju/led/open_cv'
[0.674s] INFO:colcon.colcon_core.shell:Skip shell extension 'powershell' for command environment: Not usable outside of PowerShell
[0.674s] DEBUG:colcon.colcon_core.shell:Skip shell extension 'dsv' for command environment
[0.877s] INFO:colcon.colcon_core.task.python.build:Building Python package in '/home/yueju/led/match_pm_robot/pm_robot_control_test'
[0.878s] INFO:colcon.colcon_core.shell:Skip shell extension 'powershell' for command environment: Not usable outside of PowerShell
[0.879s] DEBUG:colcon.colcon_core.shell:Skip shell extension 'dsv' for command environment
[0.882s] DEBUG:colcon.colcon_core.event_handler.log_command:Invoked command in '/home/yueju/led/build/pm_robot_description' returned '0': CMAKE_PREFIX_PATH=/opt/ros/humble /usr/bin/cmake --build /home/yueju/led/build/pm_robot_description -- -j8 -l8
[0.884s] DEBUG:colcon.colcon_core.event_handler.log_command:Invoked command in '/home/yueju/led/build/open62541' returned '0': CMAKE_PREFIX_PATH=/opt/ros/humble /usr/bin/cmake --build /home/yueju/led/build/open62541 -- -j8 -l8
[0.886s] DEBUG:colcon.colcon_core.event_handler.log_command:Invoked command in '/home/yueju/led/build/opcua_server' returned '0': CMAKE_PREFIX_PATH=/opt/ros/humble /usr/bin/cmake --build /home/yueju/led/build/opcua_server -- -j8 -l8
[0.919s] DEBUG:colcon.colcon_core.event_handler.log_command:Invoking command in '/home/yueju/led/build/pm_robot_description': CMAKE_PREFIX_PATH=/opt/ros/humble /usr/bin/cmake --install /home/yueju/led/build/pm_robot_description
[0.921s] DEBUG:colcon.colcon_core.event_handler.log_command:Invoking command in '/home/yueju/led/build/open62541': CMAKE_PREFIX_PATH=/opt/ros/humble /usr/bin/cmake --install /home/yueju/led/build/open62541
[0.923s] DEBUG:colcon.colcon_core.event_handler.log_command:Invoking command in '/home/yueju/led/build/opcua_server': CMAKE_PREFIX_PATH=/opt/ros/humble /usr/bin/cmake --install /home/yueju/led/build/opcua_server
[0.932s] Level 1:colcon.colcon_core.environment:create_environment_scripts_only(pm_robot_description)
[0.942s] Level 1:colcon.colcon_core.environment:checking '/home/yueju/led/install/pm_robot_description' for CMake module files
[0.943s] Level 1:colcon.colcon_core.environment:checking '/home/yueju/led/install/pm_robot_description' for CMake config files
[0.944s] Level 1:colcon.colcon_core.shell:create_environment_hook('pm_robot_description', 'cmake_prefix_path')
[0.946s] INFO:colcon.colcon_core.shell:Creating environment hook '/home/yueju/led/install/pm_robot_description/share/pm_robot_description/hook/cmake_prefix_path.ps1'
[0.947s] INFO:colcon.colcon_core.shell:Creating environment descriptor '/home/yueju/led/install/pm_robot_description/share/pm_robot_description/hook/cmake_prefix_path.dsv'
[0.947s] INFO:colcon.colcon_core.shell:Creating environment hook '/home/yueju/led/install/pm_robot_description/share/pm_robot_description/hook/cmake_prefix_path.sh'
[0.948s] Level 1:colcon.colcon_core.environment:checking '/home/yueju/led/install/pm_robot_description/bin'
[0.948s] Level 1:colcon.colcon_core.environment:checking '/home/yueju/led/install/pm_robot_description/lib/pkgconfig/pm_robot_description.pc'
[0.949s] Level 1:colcon.colcon_core.environment:checking '/home/yueju/led/install/pm_robot_description/lib/python3.10/site-packages'
[0.949s] Level 1:colcon.colcon_core.environment:checking '/home/yueju/led/install/pm_robot_description/bin'
[0.950s] INFO:colcon.colcon_core.shell:Creating package script '/home/yueju/led/install/pm_robot_description/share/pm_robot_description/package.ps1'
[0.952s] INFO:colcon.colcon_core.shell:Creating package descriptor '/home/yueju/led/install/pm_robot_description/share/pm_robot_description/package.dsv'
[0.953s] INFO:colcon.colcon_core.shell:Creating package script '/home/yueju/led/install/pm_robot_description/share/pm_robot_description/package.sh'
[0.954s] INFO:colcon.colcon_core.shell:Creating package script '/home/yueju/led/install/pm_robot_description/share/pm_robot_description/package.bash'
[0.956s] INFO:colcon.colcon_core.shell:Creating package script '/home/yueju/led/install/pm_robot_description/share/pm_robot_description/package.zsh'
[0.958s] Level 1:colcon.colcon_core.environment:create_file_with_runtime_dependencies(/home/yueju/led/install/pm_robot_description/share/colcon-core/packages/pm_robot_description)
[0.961s] DEBUG:colcon.colcon_core.event_handler.log_command:Invoked command in '/home/yueju/led/build/pm_robot_description' returned '0': CMAKE_PREFIX_PATH=/opt/ros/humble /usr/bin/cmake --install /home/yueju/led/build/pm_robot_description
[0.962s] Level 1:colcon.colcon_core.environment:create_environment_scripts_only(open62541)
[0.964s] Level 1:colcon.colcon_core.environment:checking '/home/yueju/led/install/open62541' for CMake module files
[0.966s] Level 1:colcon.colcon_core.environment:checking '/home/yueju/led/install/open62541' for CMake config files
[0.967s] DEBUG:colcon.colcon_core.event_handler.log_command:Invoked command in '/home/yueju/led/build/open62541' returned '0': CMAKE_PREFIX_PATH=/opt/ros/humble /usr/bin/cmake --install /home/yueju/led/build/open62541
[0.967s] Level 1:colcon.colcon_core.shell:create_environment_hook('open62541', 'cmake_prefix_path')
[0.970s] INFO:colcon.colcon_core.shell:Creating environment hook '/home/yueju/led/install/open62541/share/open62541/hook/cmake_prefix_path.ps1'
[0.970s] INFO:colcon.colcon_core.shell:Creating environment descriptor '/home/yueju/led/install/open62541/share/open62541/hook/cmake_prefix_path.dsv'
[0.970s] INFO:colcon.colcon_core.shell:Creating environment hook '/home/yueju/led/install/open62541/share/open62541/hook/cmake_prefix_path.sh'
[0.971s] Level 1:colcon.colcon_core.environment:checking '/home/yueju/led/install/open62541/lib'
[0.971s] Level 1:colcon.colcon_core.environment:checking '/home/yueju/led/install/open62541/bin'
[0.971s] Level 1:colcon.colcon_core.environment:checking '/home/yueju/led/install/open62541/lib/pkgconfig/open62541.pc'
[0.972s] Level 1:colcon.colcon_core.environment:checking '/home/yueju/led/install/open62541/lib/python3.10/site-packages'
[0.972s] Level 1:colcon.colcon_core.environment:checking '/home/yueju/led/install/open62541/bin'
[0.974s] INFO:colcon.colcon_core.shell:Creating package script '/home/yueju/led/install/open62541/share/open62541/package.ps1'
[0.975s] INFO:colcon.colcon_core.shell:Creating package descriptor '/home/yueju/led/install/open62541/share/open62541/package.dsv'
[0.975s] INFO:colcon.colcon_core.shell:Creating package script '/home/yueju/led/install/open62541/share/open62541/package.sh'
[0.976s] INFO:colcon.colcon_core.shell:Creating package script '/home/yueju/led/install/open62541/share/open62541/package.bash'
[0.976s] INFO:colcon.colcon_core.shell:Creating package script '/home/yueju/led/install/open62541/share/open62541/package.zsh'
[0.977s] Level 1:colcon.colcon_core.environment:create_file_with_runtime_dependencies(/home/yueju/led/install/open62541/share/colcon-core/packages/open62541)
[0.978s] Level 1:colcon.colcon_core.environment:create_environment_scripts_only(opcua_server)
[0.982s] Level 1:colcon.colcon_core.environment:checking '/home/yueju/led/install/opcua_server' for CMake module files
[0.983s] DEBUG:colcon.colcon_core.event_handler.log_command:Invoked command in '/home/yueju/led/build/opcua_server' returned '0': CMAKE_PREFIX_PATH=/opt/ros/humble /usr/bin/cmake --install /home/yueju/led/build/opcua_server
[0.984s] Level 1:colcon.colcon_core.environment:checking '/home/yueju/led/install/opcua_server' for CMake config files
[0.984s] Level 1:colcon.colcon_core.shell:create_environment_hook('opcua_server', 'cmake_prefix_path')
[0.986s] INFO:colcon.colcon_core.shell:Creating environment hook '/home/yueju/led/install/opcua_server/share/opcua_server/hook/cmake_prefix_path.ps1'
[0.987s] INFO:colcon.colcon_core.shell:Creating environment descriptor '/home/yueju/led/install/opcua_server/share/opcua_server/hook/cmake_prefix_path.dsv'
[0.987s] INFO:colcon.colcon_core.shell:Creating environment hook '/home/yueju/led/install/opcua_server/share/opcua_server/hook/cmake_prefix_path.sh'
[0.988s] Level 1:colcon.colcon_core.environment:checking '/home/yueju/led/install/opcua_server/lib'
[0.988s] Level 1:colcon.colcon_core.environment:checking '/home/yueju/led/install/opcua_server/bin'
[0.988s] Level 1:colcon.colcon_core.environment:checking '/home/yueju/led/install/opcua_server/lib/pkgconfig/opcua_server.pc'
[0.988s] Level 1:colcon.colcon_core.environment:checking '/home/yueju/led/install/opcua_server/lib/python3.10/site-packages'
[0.989s] Level 1:colcon.colcon_core.environment:checking '/home/yueju/led/install/opcua_server/bin'
[0.990s] INFO:colcon.colcon_core.shell:Creating package script '/home/yueju/led/install/opcua_server/share/opcua_server/package.ps1'
[0.991s] INFO:colcon.colcon_core.shell:Creating package descriptor '/home/yueju/led/install/opcua_server/share/opcua_server/package.dsv'
[0.991s] INFO:colcon.colcon_core.shell:Creating package script '/home/yueju/led/install/opcua_server/share/opcua_server/package.sh'
[0.991s] INFO:colcon.colcon_core.shell:Creating package script '/home/yueju/led/install/opcua_server/share/opcua_server/package.bash'
[0.992s] INFO:colcon.colcon_core.shell:Creating package script '/home/yueju/led/install/opcua_server/share/opcua_server/package.zsh'
[0.992s] Level 1:colcon.colcon_core.environment:create_file_with_runtime_dependencies(/home/yueju/led/install/opcua_server/share/colcon-core/packages/opcua_server)
[0.997s] Level 1:colcon.colcon_core.environment:create_environment_scripts_only(pm_robot_description)
[1.000s] Level 1:colcon.colcon_core.environment:checking '/home/yueju/led/install/pm_robot_description' for CMake module files
[1.001s] Level 1:colcon.colcon_core.environment:checking '/home/yueju/led/install/pm_robot_description' for CMake config files
[1.001s] Level 1:colcon.colcon_core.shell:create_environment_hook('pm_robot_description', 'cmake_prefix_path')
[1.003s] INFO:colcon.colcon_core.shell:Creating environment hook '/home/yueju/led/install/pm_robot_description/share/pm_robot_description/hook/cmake_prefix_path.ps1'
[1.004s] INFO:colcon.colcon_core.shell:Creating environment descriptor '/home/yueju/led/install/pm_robot_description/share/pm_robot_description/hook/cmake_prefix_path.dsv'
[1.004s] INFO:colcon.colcon_core.shell:Creating environment hook '/home/yueju/led/install/pm_robot_description/share/pm_robot_description/hook/cmake_prefix_path.sh'
[1.005s] Level 1:colcon.colcon_core.environment:checking '/home/yueju/led/install/pm_robot_description/bin'
[1.005s] Level 1:colcon.colcon_core.environment:checking '/home/yueju/led/install/pm_robot_description/lib/pkgconfig/pm_robot_description.pc'
[1.005s] Level 1:colcon.colcon_core.environment:checking '/home/yueju/led/install/pm_robot_description/lib/python3.10/site-packages'
[1.006s] Level 1:colcon.colcon_core.environment:checking '/home/yueju/led/install/pm_robot_description/bin'
[1.008s] INFO:colcon.colcon_core.shell:Creating package script '/home/yueju/led/install/pm_robot_description/share/pm_robot_description/package.ps1'
[1.009s] INFO:colcon.colcon_core.shell:Creating package descriptor '/home/yueju/led/install/pm_robot_description/share/pm_robot_description/package.dsv'
[1.009s] INFO:colcon.colcon_core.shell:Creating package script '/home/yueju/led/install/pm_robot_description/share/pm_robot_description/package.sh'
[1.010s] INFO:colcon.colcon_core.shell:Creating package script '/home/yueju/led/install/pm_robot_description/share/pm_robot_description/package.bash'
[1.010s] INFO:colcon.colcon_core.shell:Creating package script '/home/yueju/led/install/pm_robot_description/share/pm_robot_description/package.zsh'
[1.011s] Level 1:colcon.colcon_core.environment:create_file_with_runtime_dependencies(/home/yueju/led/install/pm_robot_description/share/colcon-core/packages/pm_robot_description)
[1.012s] INFO:colcon.colcon_ros.task.ament_cmake.build:Building ROS package in '/home/yueju/led/match_pm_robot/pm_robot_moveit_config' with build type 'ament_cmake'
[1.012s] INFO:colcon.colcon_cmake.task.cmake.build:Building CMake package in '/home/yueju/led/match_pm_robot/pm_robot_moveit_config'
[1.014s] INFO:colcon.colcon_core.shell:Skip shell extension 'powershell' for command environment: Not usable outside of PowerShell
[1.014s] DEBUG:colcon.colcon_core.shell:Skip shell extension 'dsv' for command environment
[1.023s] Level 1:colcon.colcon_core.environment:create_environment_scripts_only(open62541)
[1.026s] Level 1:colcon.colcon_core.environment:checking '/home/yueju/led/install/open62541' for CMake module files
[1.027s] Level 1:colcon.colcon_core.environment:checking '/home/yueju/led/install/open62541' for CMake config files
[1.027s] Level 1:colcon.colcon_core.shell:create_environment_hook('open62541', 'cmake_prefix_path')
[1.028s] INFO:colcon.colcon_core.shell:Creating environment hook '/home/yueju/led/install/open62541/share/open62541/hook/cmake_prefix_path.ps1'
[1.029s] INFO:colcon.colcon_core.shell:Creating environment descriptor '/home/yueju/led/install/open62541/share/open62541/hook/cmake_prefix_path.dsv'
[1.029s] INFO:colcon.colcon_core.shell:Creating environment hook '/home/yueju/led/install/open62541/share/open62541/hook/cmake_prefix_path.sh'
[1.030s] Level 1:colcon.colcon_core.environment:checking '/home/yueju/led/install/open62541/lib'
[1.030s] Level 1:colcon.colcon_core.environment:checking '/home/yueju/led/install/open62541/bin'
[1.030s] Level 1:colcon.colcon_core.environment:checking '/home/yueju/led/install/open62541/lib/pkgconfig/open62541.pc'
[1.030s] Level 1:colcon.colcon_core.environment:checking '/home/yueju/led/install/open62541/lib/python3.10/site-packages'
[1.030s] Level 1:colcon.colcon_core.environment:checking '/home/yueju/led/install/open62541/bin'
[1.031s] INFO:colcon.colcon_core.shell:Creating package script '/home/yueju/led/install/open62541/share/open62541/package.ps1'
[1.032s] INFO:colcon.colcon_core.shell:Creating package descriptor '/home/yueju/led/install/open62541/share/open62541/package.dsv'
[1.032s] INFO:colcon.colcon_core.shell:Creating package script '/home/yueju/led/install/open62541/share/open62541/package.sh'
[1.033s] INFO:colcon.colcon_core.shell:Creating package script '/home/yueju/led/install/open62541/share/open62541/package.bash'
[1.033s] INFO:colcon.colcon_core.shell:Creating package script '/home/yueju/led/install/open62541/share/open62541/package.zsh'
[1.033s] Level 1:colcon.colcon_core.environment:create_file_with_runtime_dependencies(/home/yueju/led/install/open62541/share/colcon-core/packages/open62541)
[1.034s] INFO:colcon.colcon_ros.task.ament_cmake.build:Building ROS package in '/home/yueju/led/match_pm_robot/pm_client' with build type 'ament_cmake'
[1.034s] INFO:colcon.colcon_cmake.task.cmake.build:Building CMake package in '/home/yueju/led/match_pm_robot/pm_client'
[1.036s] INFO:colcon.colcon_core.shell:Skip shell extension 'powershell' for command environment: Not usable outside of PowerShell
[1.036s] DEBUG:colcon.colcon_core.shell:Skip shell extension 'dsv' for command environment
[1.043s] Level 1:colcon.colcon_core.environment:create_environment_scripts_only(opcua_server)
[1.045s] Level 1:colcon.colcon_core.environment:checking '/home/yueju/led/install/opcua_server' for CMake module files
[1.046s] Level 1:colcon.colcon_core.environment:checking '/home/yueju/led/install/opcua_server' for CMake config files
[1.046s] Level 1:colcon.colcon_core.shell:create_environment_hook('opcua_server', 'cmake_prefix_path')
[1.047s] INFO:colcon.colcon_core.shell:Creating environment hook '/home/yueju/led/install/opcua_server/share/opcua_server/hook/cmake_prefix_path.ps1'
[1.048s] INFO:colcon.colcon_core.shell:Creating environment descriptor '/home/yueju/led/install/opcua_server/share/opcua_server/hook/cmake_prefix_path.dsv'
[1.048s] INFO:colcon.colcon_core.shell:Creating environment hook '/home/yueju/led/install/opcua_server/share/opcua_server/hook/cmake_prefix_path.sh'
[1.049s] Level 1:colcon.colcon_core.environment:checking '/home/yueju/led/install/opcua_server/lib'
[1.049s] Level 1:colcon.colcon_core.environment:checking '/home/yueju/led/install/opcua_server/bin'
[1.049s] Level 1:colcon.colcon_core.environment:checking '/home/yueju/led/install/opcua_server/lib/pkgconfig/opcua_server.pc'
[1.049s] Level 1:colcon.colcon_core.environment:checking '/home/yueju/led/install/opcua_server/lib/python3.10/site-packages'
[1.049s] Level 1:colcon.colcon_core.environment:checking '/home/yueju/led/install/opcua_server/bin'
[1.051s] INFO:colcon.colcon_core.shell:Creating package script '/home/yueju/led/install/opcua_server/share/opcua_server/package.ps1'
[1.051s] INFO:colcon.colcon_core.shell:Creating package descriptor '/home/yueju/led/install/opcua_server/share/opcua_server/package.dsv'
[1.052s] INFO:colcon.colcon_core.shell:Creating package script '/home/yueju/led/install/opcua_server/share/opcua_server/package.sh'
[1.052s] INFO:colcon.colcon_core.shell:Creating package script '/home/yueju/led/install/opcua_server/share/opcua_server/package.bash'
[1.052s] INFO:colcon.colcon_core.shell:Creating package script '/home/yueju/led/install/opcua_server/share/opcua_server/package.zsh'
[1.053s] Level 1:colcon.colcon_core.environment:create_file_with_runtime_dependencies(/home/yueju/led/install/opcua_server/share/colcon-core/packages/opcua_server)
[1.058s] DEBUG:colcon.colcon_core.event_handler.log_command:Invoking command in '/home/yueju/led/build/pm_robot_moveit_config': AMENT_PREFIX_PATH=/home/yueju/led/install/pm_robot_description:${AMENT_PREFIX_PATH} CMAKE_PREFIX_PATH=/home/yueju/led/install/pm_robot_description:/opt/ros/humble /usr/bin/cmake --build /home/yueju/led/build/pm_robot_moveit_config -- -j8 -l8
[1.062s] DEBUG:colcon.colcon_core.event_handler.log_command:Invoking command in '/home/yueju/led/build/pm_client': AMENT_PREFIX_PATH=/home/yueju/led/install/open62541:${AMENT_PREFIX_PATH} CMAKE_PREFIX_PATH=/home/yueju/led/install/open62541:/opt/ros/humble LD_LIBRARY_PATH=/home/yueju/led/install/open62541/lib:${LD_LIBRARY_PATH} /usr/bin/cmake --build /home/yueju/led/build/pm_client -- -j8 -l8
[1.095s] DEBUG:colcon.colcon_core.event_handler.log_command:Invoked command in '/home/yueju/led/build/pm_robot_moveit_config' returned '0': AMENT_PREFIX_PATH=/home/yueju/led/install/pm_robot_description:${AMENT_PREFIX_PATH} CMAKE_PREFIX_PATH=/home/yueju/led/install/pm_robot_description:/opt/ros/humble /usr/bin/cmake --build /home/yueju/led/build/pm_robot_moveit_config -- -j8 -l8
[1.119s] DEBUG:colcon.colcon_core.event_handler.log_command:Invoking command in '/home/yueju/led/build/pm_robot_moveit_config': AMENT_PREFIX_PATH=/home/yueju/led/install/pm_robot_description:${AMENT_PREFIX_PATH} CMAKE_PREFIX_PATH=/home/yueju/led/install/pm_robot_description:/opt/ros/humble /usr/bin/cmake --install /home/yueju/led/build/pm_robot_moveit_config
[1.125s] DEBUG:colcon.colcon_core.event_handler.log_command:Invoked command in '/home/yueju/led/build/pm_client' returned '0': AMENT_PREFIX_PATH=/home/yueju/led/install/open62541:${AMENT_PREFIX_PATH} CMAKE_PREFIX_PATH=/home/yueju/led/install/open62541:/opt/ros/humble LD_LIBRARY_PATH=/home/yueju/led/install/open62541/lib:${LD_LIBRARY_PATH} /usr/bin/cmake --build /home/yueju/led/build/pm_client -- -j8 -l8
[1.131s] Level 1:colcon.colcon_core.environment:create_environment_scripts_only(pm_robot_moveit_config)
[1.134s] Level 1:colcon.colcon_core.environment:checking '/home/yueju/led/install/pm_robot_moveit_config' for CMake module files
[1.135s] Level 1:colcon.colcon_core.environment:checking '/home/yueju/led/install/pm_robot_moveit_config' for CMake config files
[1.137s] Level 1:colcon.colcon_core.shell:create_environment_hook('pm_robot_moveit_config', 'cmake_prefix_path')
[1.139s] INFO:colcon.colcon_core.shell:Creating environment hook '/home/yueju/led/install/pm_robot_moveit_config/share/pm_robot_moveit_config/hook/cmake_prefix_path.ps1'
[1.140s] INFO:colcon.colcon_core.shell:Creating environment descriptor '/home/yueju/led/install/pm_robot_moveit_config/share/pm_robot_moveit_config/hook/cmake_prefix_path.dsv'
[1.141s] INFO:colcon.colcon_core.shell:Creating environment hook '/home/yueju/led/install/pm_robot_moveit_config/share/pm_robot_moveit_config/hook/cmake_prefix_path.sh'
[1.142s] DEBUG:colcon.colcon_core.event_handler.log_command:Invoked command in '/home/yueju/led/build/pm_robot_moveit_config' returned '0': AMENT_PREFIX_PATH=/home/yueju/led/install/pm_robot_description:${AMENT_PREFIX_PATH} CMAKE_PREFIX_PATH=/home/yueju/led/install/pm_robot_description:/opt/ros/humble /usr/bin/cmake --install /home/yueju/led/build/pm_robot_moveit_config
[1.143s] Level 1:colcon.colcon_core.environment:checking '/home/yueju/led/install/pm_robot_moveit_config/bin'
[1.143s] Level 1:colcon.colcon_core.environment:checking '/home/yueju/led/install/pm_robot_moveit_config/lib/pkgconfig/pm_robot_moveit_config.pc'
[1.143s] Level 1:colcon.colcon_core.environment:checking '/home/yueju/led/install/pm_robot_moveit_config/lib/python3.10/site-packages'
[1.144s] Level 1:colcon.colcon_core.environment:checking '/home/yueju/led/install/pm_robot_moveit_config/bin'
[1.146s] INFO:colcon.colcon_core.shell:Creating package script '/home/yueju/led/install/pm_robot_moveit_config/share/pm_robot_moveit_config/package.ps1'
[1.147s] INFO:colcon.colcon_core.shell:Creating package descriptor '/home/yueju/led/install/pm_robot_moveit_config/share/pm_robot_moveit_config/package.dsv'
[1.147s] INFO:colcon.colcon_core.shell:Creating package script '/home/yueju/led/install/pm_robot_moveit_config/share/pm_robot_moveit_config/package.sh'
[1.148s] INFO:colcon.colcon_core.shell:Creating package script '/home/yueju/led/install/pm_robot_moveit_config/share/pm_robot_moveit_config/package.bash'
[1.148s] INFO:colcon.colcon_core.shell:Creating package script '/home/yueju/led/install/pm_robot_moveit_config/share/pm_robot_moveit_config/package.zsh'
[1.148s] Level 1:colcon.colcon_core.environment:create_file_with_runtime_dependencies(/home/yueju/led/install/pm_robot_moveit_config/share/colcon-core/packages/pm_robot_moveit_config)
[1.155s] DEBUG:colcon.colcon_core.event_handler.log_command:Invoking command in '/home/yueju/led/build/pm_client': AMENT_PREFIX_PATH=/home/yueju/led/install/open62541:${AMENT_PREFIX_PATH} CMAKE_PREFIX_PATH=/home/yueju/led/install/open62541:/opt/ros/humble LD_LIBRARY_PATH=/home/yueju/led/install/open62541/lib:${LD_LIBRARY_PATH} /usr/bin/cmake --install /home/yueju/led/build/pm_client
[1.169s] Level 1:colcon.colcon_core.environment:create_environment_scripts_only(pm_client)
[1.172s] Level 1:colcon.colcon_core.environment:checking '/home/yueju/led/install/pm_client' for CMake module files
[1.173s] Level 1:colcon.colcon_core.environment:checking '/home/yueju/led/install/pm_client' for CMake config files
[1.174s] DEBUG:colcon.colcon_core.event_handler.log_command:Invoked command in '/home/yueju/led/build/pm_client' returned '0': AMENT_PREFIX_PATH=/home/yueju/led/install/open62541:${AMENT_PREFIX_PATH} CMAKE_PREFIX_PATH=/home/yueju/led/install/open62541:/opt/ros/humble LD_LIBRARY_PATH=/home/yueju/led/install/open62541/lib:${LD_LIBRARY_PATH} /usr/bin/cmake --install /home/yueju/led/build/pm_client
[1.174s] Level 1:colcon.colcon_core.shell:create_environment_hook('pm_client', 'cmake_prefix_path')
[1.176s] INFO:colcon.colcon_core.shell:Creating environment hook '/home/yueju/led/install/pm_client/share/pm_client/hook/cmake_prefix_path.ps1'
[1.176s] INFO:colcon.colcon_core.shell:Creating environment descriptor '/home/yueju/led/install/pm_client/share/pm_client/hook/cmake_prefix_path.dsv'
[1.176s] INFO:colcon.colcon_core.shell:Creating environment hook '/home/yueju/led/install/pm_client/share/pm_client/hook/cmake_prefix_path.sh'
[1.177s] Level 1:colcon.colcon_core.environment:checking '/home/yueju/led/install/pm_client/lib'
[1.177s] Level 1:colcon.colcon_core.environment:checking '/home/yueju/led/install/pm_client/bin'
[1.177s] Level 1:colcon.colcon_core.environment:checking '/home/yueju/led/install/pm_client/lib/pkgconfig/pm_client.pc'
[1.177s] Level 1:colcon.colcon_core.environment:checking '/home/yueju/led/install/pm_client/lib/python3.10/site-packages'
[1.178s] Level 1:colcon.colcon_core.environment:checking '/home/yueju/led/install/pm_client/bin'
[1.179s] INFO:colcon.colcon_core.shell:Creating package script '/home/yueju/led/install/pm_client/share/pm_client/package.ps1'
[1.180s] INFO:colcon.colcon_core.shell:Creating package descriptor '/home/yueju/led/install/pm_client/share/pm_client/package.dsv'
[1.180s] INFO:colcon.colcon_core.shell:Creating package script '/home/yueju/led/install/pm_client/share/pm_client/package.sh'
[1.180s] INFO:colcon.colcon_core.shell:Creating package script '/home/yueju/led/install/pm_client/share/pm_client/package.bash'
[1.181s] INFO:colcon.colcon_core.shell:Creating package script '/home/yueju/led/install/pm_client/share/pm_client/package.zsh'
[1.181s] Level 1:colcon.colcon_core.environment:create_file_with_runtime_dependencies(/home/yueju/led/install/pm_client/share/colcon-core/packages/pm_client)
[1.184s] Level 1:colcon.colcon_core.environment:create_environment_scripts_only(pm_robot_moveit_config)
[1.186s] Level 1:colcon.colcon_core.environment:checking '/home/yueju/led/install/pm_robot_moveit_config' for CMake module files
[1.187s] Level 1:colcon.colcon_core.environment:checking '/home/yueju/led/install/pm_robot_moveit_config' for CMake config files
[1.187s] Level 1:colcon.colcon_core.shell:create_environment_hook('pm_robot_moveit_config', 'cmake_prefix_path')
[1.189s] INFO:colcon.colcon_core.shell:Creating environment hook '/home/yueju/led/install/pm_robot_moveit_config/share/pm_robot_moveit_config/hook/cmake_prefix_path.ps1'
[1.190s] INFO:colcon.colcon_core.shell:Creating environment descriptor '/home/yueju/led/install/pm_robot_moveit_config/share/pm_robot_moveit_config/hook/cmake_prefix_path.dsv'
[1.190s] INFO:colcon.colcon_core.shell:Creating environment hook '/home/yueju/led/install/pm_robot_moveit_config/share/pm_robot_moveit_config/hook/cmake_prefix_path.sh'
[1.191s] Level 1:colcon.colcon_core.environment:checking '/home/yueju/led/install/pm_robot_moveit_config/bin'
[1.191s] Level 1:colcon.colcon_core.environment:checking '/home/yueju/led/install/pm_robot_moveit_config/lib/pkgconfig/pm_robot_moveit_config.pc'
[1.191s] Level 1:colcon.colcon_core.environment:checking '/home/yueju/led/install/pm_robot_moveit_config/lib/python3.10/site-packages'
[1.192s] Level 1:colcon.colcon_core.environment:checking '/home/yueju/led/install/pm_robot_moveit_config/bin'
[1.194s] INFO:colcon.colcon_core.shell:Creating package script '/home/yueju/led/install/pm_robot_moveit_config/share/pm_robot_moveit_config/package.ps1'
[1.195s] INFO:colcon.colcon_core.shell:Creating package descriptor '/home/yueju/led/install/pm_robot_moveit_config/share/pm_robot_moveit_config/package.dsv'
[1.195s] INFO:colcon.colcon_core.shell:Creating package script '/home/yueju/led/install/pm_robot_moveit_config/share/pm_robot_moveit_config/package.sh'
[1.195s] INFO:colcon.colcon_core.shell:Creating package script '/home/yueju/led/install/pm_robot_moveit_config/share/pm_robot_moveit_config/package.bash'
[1.196s] INFO:colcon.colcon_core.shell:Creating package script '/home/yueju/led/install/pm_robot_moveit_config/share/pm_robot_moveit_config/package.zsh'
[1.196s] Level 1:colcon.colcon_core.environment:create_file_with_runtime_dependencies(/home/yueju/led/install/pm_robot_moveit_config/share/colcon-core/packages/pm_robot_moveit_config)
[1.209s] Level 1:colcon.colcon_core.environment:create_environment_scripts_only(pm_client)
[1.211s] Level 1:colcon.colcon_core.environment:checking '/home/yueju/led/install/pm_client' for CMake module files
[1.211s] Level 1:colcon.colcon_core.environment:checking '/home/yueju/led/install/pm_client' for CMake config files
[1.212s] Level 1:colcon.colcon_core.shell:create_environment_hook('pm_client', 'cmake_prefix_path')
[1.213s] INFO:colcon.colcon_core.shell:Creating environment hook '/home/yueju/led/install/pm_client/share/pm_client/hook/cmake_prefix_path.ps1'
[1.213s] INFO:colcon.colcon_core.shell:Creating environment descriptor '/home/yueju/led/install/pm_client/share/pm_client/hook/cmake_prefix_path.dsv'
[1.213s] INFO:colcon.colcon_core.shell:Creating environment hook '/home/yueju/led/install/pm_client/share/pm_client/hook/cmake_prefix_path.sh'
[1.214s] Level 1:colcon.colcon_core.environment:checking '/home/yueju/led/install/pm_client/lib'
[1.214s] Level 1:colcon.colcon_core.environment:checking '/home/yueju/led/install/pm_client/bin'
[1.214s] Level 1:colcon.colcon_core.environment:checking '/home/yueju/led/install/pm_client/lib/pkgconfig/pm_client.pc'
[1.214s] Level 1:colcon.colcon_core.environment:checking '/home/yueju/led/install/pm_client/lib/python3.10/site-packages'
[1.215s] Level 1:colcon.colcon_core.environment:checking '/home/yueju/led/install/pm_client/bin'
[1.216s] INFO:colcon.colcon_core.shell:Creating package script '/home/yueju/led/install/pm_client/share/pm_client/package.ps1'
[1.216s] INFO:colcon.colcon_core.shell:Creating package descriptor '/home/yueju/led/install/pm_client/share/pm_client/package.dsv'
[1.217s] INFO:colcon.colcon_core.shell:Creating package script '/home/yueju/led/install/pm_client/share/pm_client/package.sh'
[1.217s] INFO:colcon.colcon_core.shell:Creating package script '/home/yueju/led/install/pm_client/share/pm_client/package.bash'
[1.218s] INFO:colcon.colcon_core.shell:Creating package script '/home/yueju/led/install/pm_client/share/pm_client/package.zsh'
[1.218s] Level 1:colcon.colcon_core.environment:create_file_with_runtime_dependencies(/home/yueju/led/install/pm_client/share/colcon-core/packages/pm_client)
[1.218s] INFO:colcon.colcon_ros.task.ament_cmake.build:Building ROS package in '/home/yueju/led/match_pm_robot/pm_robot_control' with build type 'ament_cmake'
[1.219s] INFO:colcon.colcon_cmake.task.cmake.build:Building CMake package in '/home/yueju/led/match_pm_robot/pm_robot_control'
[1.220s] INFO:colcon.colcon_core.shell:Skip shell extension 'powershell' for command environment: Not usable outside of PowerShell
[1.220s] DEBUG:colcon.colcon_core.shell:Skip shell extension 'dsv' for command environment
[1.232s] DEBUG:colcon.colcon_core.event_handler.log_command:Invoking command in '/home/yueju/led/build/pm_robot_control': AMENT_PREFIX_PATH=/home/yueju/led/install/pm_client:/home/yueju/led/install/open62541:${AMENT_PREFIX_PATH} CMAKE_PREFIX_PATH=/home/yueju/led/install/pm_client:/home/yueju/led/install/open62541:/opt/ros/humble LD_LIBRARY_PATH=/home/yueju/led/install/pm_client/lib:/home/yueju/led/install/open62541/lib:${LD_LIBRARY_PATH} /usr/bin/cmake --build /home/yueju/led/build/pm_robot_control -- -j8 -l8
[1.296s] DEBUG:colcon.colcon_core.event_handler.log_command:Invoked command in '/home/yueju/led/build/pm_robot_control' returned '0': AMENT_PREFIX_PATH=/home/yueju/led/install/pm_client:/home/yueju/led/install/open62541:${AMENT_PREFIX_PATH} CMAKE_PREFIX_PATH=/home/yueju/led/install/pm_client:/home/yueju/led/install/open62541:/opt/ros/humble LD_LIBRARY_PATH=/home/yueju/led/install/pm_client/lib:/home/yueju/led/install/open62541/lib:${LD_LIBRARY_PATH} /usr/bin/cmake --build /home/yueju/led/build/pm_robot_control -- -j8 -l8
[1.322s] DEBUG:colcon.colcon_core.event_handler.log_command:Invoking command in '/home/yueju/led/build/pm_robot_control': AMENT_PREFIX_PATH=/home/yueju/led/install/pm_client:/home/yueju/led/install/open62541:${AMENT_PREFIX_PATH} CMAKE_PREFIX_PATH=/home/yueju/led/install/pm_client:/home/yueju/led/install/open62541:/opt/ros/humble LD_LIBRARY_PATH=/home/yueju/led/install/pm_client/lib:/home/yueju/led/install/open62541/lib:${LD_LIBRARY_PATH} /usr/bin/cmake --install /home/yueju/led/build/pm_robot_control
[1.333s] Level 1:colcon.colcon_core.environment:create_environment_scripts_only(pm_robot_control)
[1.335s] Level 1:colcon.colcon_core.environment:checking '/home/yueju/led/install/pm_robot_control' for CMake module files
[1.335s] DEBUG:colcon.colcon_core.event_handler.log_command:Invoked command in '/home/yueju/led/build/pm_robot_control' returned '0': AMENT_PREFIX_PATH=/home/yueju/led/install/pm_client:/home/yueju/led/install/open62541:${AMENT_PREFIX_PATH} CMAKE_PREFIX_PATH=/home/yueju/led/install/pm_client:/home/yueju/led/install/open62541:/opt/ros/humble LD_LIBRARY_PATH=/home/yueju/led/install/pm_client/lib:/home/yueju/led/install/open62541/lib:${LD_LIBRARY_PATH} /usr/bin/cmake --install /home/yueju/led/build/pm_robot_control
[1.335s] Level 1:colcon.colcon_core.environment:checking '/home/yueju/led/install/pm_robot_control' for CMake config files
[1.336s] Level 1:colcon.colcon_core.shell:create_environment_hook('pm_robot_control', 'cmake_prefix_path')
[1.337s] INFO:colcon.colcon_core.shell:Creating environment hook '/home/yueju/led/install/pm_robot_control/share/pm_robot_control/hook/cmake_prefix_path.ps1'
[1.337s] INFO:colcon.colcon_core.shell:Creating environment descriptor '/home/yueju/led/install/pm_robot_control/share/pm_robot_control/hook/cmake_prefix_path.dsv'
[1.337s] INFO:colcon.colcon_core.shell:Creating environment hook '/home/yueju/led/install/pm_robot_control/share/pm_robot_control/hook/cmake_prefix_path.sh'
[1.338s] Level 1:colcon.colcon_core.environment:checking '/home/yueju/led/install/pm_robot_control/lib'
[1.338s] Level 1:colcon.colcon_core.environment:checking '/home/yueju/led/install/pm_robot_control/bin'
[1.338s] Level 1:colcon.colcon_core.environment:checking '/home/yueju/led/install/pm_robot_control/lib/pkgconfig/pm_robot_control.pc'
[1.338s] Level 1:colcon.colcon_core.environment:checking '/home/yueju/led/install/pm_robot_control/lib/python3.10/site-packages'
[1.339s] Level 1:colcon.colcon_core.environment:checking '/home/yueju/led/install/pm_robot_control/bin'
[1.340s] INFO:colcon.colcon_core.shell:Creating package script '/home/yueju/led/install/pm_robot_control/share/pm_robot_control/package.ps1'
[1.340s] INFO:colcon.colcon_core.shell:Creating package descriptor '/home/yueju/led/install/pm_robot_control/share/pm_robot_control/package.dsv'
[1.341s] INFO:colcon.colcon_core.shell:Creating package script '/home/yueju/led/install/pm_robot_control/share/pm_robot_control/package.sh'
[1.341s] INFO:colcon.colcon_core.shell:Creating package script '/home/yueju/led/install/pm_robot_control/share/pm_robot_control/package.bash'
[1.341s] INFO:colcon.colcon_core.shell:Creating package script '/home/yueju/led/install/pm_robot_control/share/pm_robot_control/package.zsh'
[1.342s] Level 1:colcon.colcon_core.environment:create_file_with_runtime_dependencies(/home/yueju/led/install/pm_robot_control/share/colcon-core/packages/pm_robot_control)
[1.368s] Level 1:colcon.colcon_core.environment:create_environment_scripts_only(pm_robot_control)
[1.369s] Level 1:colcon.colcon_core.environment:checking '/home/yueju/led/install/pm_robot_control' for CMake module files
[1.370s] Level 1:colcon.colcon_core.environment:checking '/home/yueju/led/install/pm_robot_control' for CMake config files
[1.370s] Level 1:colcon.colcon_core.shell:create_environment_hook('pm_robot_control', 'cmake_prefix_path')
[1.371s] INFO:colcon.colcon_core.shell:Creating environment hook '/home/yueju/led/install/pm_robot_control/share/pm_robot_control/hook/cmake_prefix_path.ps1'
[1.372s] INFO:colcon.colcon_core.shell:Creating environment descriptor '/home/yueju/led/install/pm_robot_control/share/pm_robot_control/hook/cmake_prefix_path.dsv'
[1.372s] INFO:colcon.colcon_core.shell:Creating environment hook '/home/yueju/led/install/pm_robot_control/share/pm_robot_control/hook/cmake_prefix_path.sh'
[1.372s] Level 1:colcon.colcon_core.environment:checking '/home/yueju/led/install/pm_robot_control/lib'
[1.372s] Level 1:colcon.colcon_core.environment:checking '/home/yueju/led/install/pm_robot_control/bin'
[1.372s] Level 1:colcon.colcon_core.environment:checking '/home/yueju/led/install/pm_robot_control/lib/pkgconfig/pm_robot_control.pc'
[1.373s] Level 1:colcon.colcon_core.environment:checking '/home/yueju/led/install/pm_robot_control/lib/python3.10/site-packages'
[1.373s] Level 1:colcon.colcon_core.environment:checking '/home/yueju/led/install/pm_robot_control/bin'
[1.374s] INFO:colcon.colcon_core.shell:Creating package script '/home/yueju/led/install/pm_robot_control/share/pm_robot_control/package.ps1'
[1.375s] INFO:colcon.colcon_core.shell:Creating package descriptor '/home/yueju/led/install/pm_robot_control/share/pm_robot_control/package.dsv'
[1.375s] INFO:colcon.colcon_core.shell:Creating package script '/home/yueju/led/install/pm_robot_control/share/pm_robot_control/package.sh'
[1.375s] INFO:colcon.colcon_core.shell:Creating package script '/home/yueju/led/install/pm_robot_control/share/pm_robot_control/package.bash'
[1.376s] INFO:colcon.colcon_core.shell:Creating package script '/home/yueju/led/install/pm_robot_control/share/pm_robot_control/package.zsh'
[1.376s] Level 1:colcon.colcon_core.environment:create_file_with_runtime_dependencies(/home/yueju/led/install/pm_robot_control/share/colcon-core/packages/pm_robot_control)
[1.505s] DEBUG:colcon.colcon_core.event_handler.log_command:Invoking command in '/home/yueju/led/open_cv': PYTHONPATH=/home/yueju/led/build/open_cv/prefix_override:/home/yueju/led/install/open_cv/lib/python3.10/site-packages:${PYTHONPATH} /usr/bin/python3 setup.py egg_info --egg-base ../build/open_cv build --build-base /home/yueju/led/build/open_cv/build install --record /home/yueju/led/build/open_cv/install.log --single-version-externally-managed
[1.531s] DEBUG:colcon.colcon_core.event_handler.log_command:Invoking command in '/home/yueju/led/match_pm_robot/pm_robot_control_test': PYTHONPATH=/home/yueju/led/build/pm_robot_control_test/prefix_override:/home/yueju/led/install/pm_robot_control_test/lib/python3.10/site-packages:${PYTHONPATH} /usr/bin/python3 setup.py egg_info --egg-base ../../build/pm_robot_control_test build --build-base /home/yueju/led/build/pm_robot_control_test/build install --record /home/yueju/led/build/pm_robot_control_test/install.log --single-version-externally-managed
[2.087s] Level 1:colcon.colcon_core.environment:checking '/home/yueju/led/install/open_cv' for CMake module files
[2.088s] DEBUG:colcon.colcon_core.event_handler.log_command:Invoked command in '/home/yueju/led/open_cv' returned '0': PYTHONPATH=/home/yueju/led/build/open_cv/prefix_override:/home/yueju/led/install/open_cv/lib/python3.10/site-packages:${PYTHONPATH} /usr/bin/python3 setup.py egg_info --egg-base ../build/open_cv build --build-base /home/yueju/led/build/open_cv/build install --record /home/yueju/led/build/open_cv/install.log --single-version-externally-managed
[2.088s] Level 1:colcon.colcon_core.environment:checking '/home/yueju/led/install/open_cv' for CMake config files
[2.089s] Level 1:colcon.colcon_core.environment:checking '/home/yueju/led/install/open_cv/lib'
[2.089s] Level 1:colcon.colcon_core.environment:checking '/home/yueju/led/install/open_cv/bin'
[2.089s] Level 1:colcon.colcon_core.environment:checking '/home/yueju/led/install/open_cv/lib/pkgconfig/open_cv.pc'
[2.090s] Level 1:colcon.colcon_core.environment:checking '/home/yueju/led/install/open_cv/lib/python3.10/site-packages'
[2.090s] Level 1:colcon.colcon_core.shell:create_environment_hook('open_cv', 'pythonpath')
[2.092s] INFO:colcon.colcon_core.shell:Creating environment hook '/home/yueju/led/install/open_cv/share/open_cv/hook/pythonpath.ps1'
[2.093s] INFO:colcon.colcon_core.shell:Creating environment descriptor '/home/yueju/led/install/open_cv/share/open_cv/hook/pythonpath.dsv'
[2.093s] INFO:colcon.colcon_core.shell:Creating environment hook '/home/yueju/led/install/open_cv/share/open_cv/hook/pythonpath.sh'
[2.094s] Level 1:colcon.colcon_core.environment:checking '/home/yueju/led/install/open_cv/bin'
[2.094s] Level 1:colcon.colcon_core.environment:create_environment_scripts_only(open_cv)
[2.095s] INFO:colcon.colcon_core.shell:Creating package script '/home/yueju/led/install/open_cv/share/open_cv/package.ps1'
[2.096s] INFO:colcon.colcon_core.shell:Creating package descriptor '/home/yueju/led/install/open_cv/share/open_cv/package.dsv'
[2.096s] INFO:colcon.colcon_core.shell:Creating package script '/home/yueju/led/install/open_cv/share/open_cv/package.sh'
[2.096s] INFO:colcon.colcon_core.shell:Creating package script '/home/yueju/led/install/open_cv/share/open_cv/package.bash'
[2.097s] INFO:colcon.colcon_core.shell:Creating package script '/home/yueju/led/install/open_cv/share/open_cv/package.zsh'
[2.097s] Level 1:colcon.colcon_core.environment:create_file_with_runtime_dependencies(/home/yueju/led/install/open_cv/share/colcon-core/packages/open_cv)
[2.196s] Level 1:colcon.colcon_core.environment:checking '/home/yueju/led/install/pm_robot_control_test' for CMake module files
[2.197s] DEBUG:colcon.colcon_core.event_handler.log_command:Invoked command in '/home/yueju/led/match_pm_robot/pm_robot_control_test' returned '0': PYTHONPATH=/home/yueju/led/build/pm_robot_control_test/prefix_override:/home/yueju/led/install/pm_robot_control_test/lib/python3.10/site-packages:${PYTHONPATH} /usr/bin/python3 setup.py egg_info --egg-base ../../build/pm_robot_control_test build --build-base /home/yueju/led/build/pm_robot_control_test/build install --record /home/yueju/led/build/pm_robot_control_test/install.log --single-version-externally-managed
[2.197s] Level 1:colcon.colcon_core.environment:checking '/home/yueju/led/install/pm_robot_control_test' for CMake config files
[2.198s] Level 1:colcon.colcon_core.environment:checking '/home/yueju/led/install/pm_robot_control_test/lib'
[2.198s] Level 1:colcon.colcon_core.environment:checking '/home/yueju/led/install/pm_robot_control_test/bin'
[2.199s] Level 1:colcon.colcon_core.environment:checking '/home/yueju/led/install/pm_robot_control_test/lib/pkgconfig/pm_robot_control_test.pc'
[2.199s] Level 1:colcon.colcon_core.environment:checking '/home/yueju/led/install/pm_robot_control_test/lib/python3.10/site-packages'
[2.199s] Level 1:colcon.colcon_core.shell:create_environment_hook('pm_robot_control_test', 'pythonpath')
[2.201s] INFO:colcon.colcon_core.shell:Creating environment hook '/home/yueju/led/install/pm_robot_control_test/share/pm_robot_control_test/hook/pythonpath.ps1'
[2.202s] INFO:colcon.colcon_core.shell:Creating environment descriptor '/home/yueju/led/install/pm_robot_control_test/share/pm_robot_control_test/hook/pythonpath.dsv'
[2.203s] INFO:colcon.colcon_core.shell:Creating environment hook '/home/yueju/led/install/pm_robot_control_test/share/pm_robot_control_test/hook/pythonpath.sh'
[2.203s] Level 1:colcon.colcon_core.environment:checking '/home/yueju/led/install/pm_robot_control_test/bin'
[2.203s] Level 1:colcon.colcon_core.environment:create_environment_scripts_only(pm_robot_control_test)
[2.205s] INFO:colcon.colcon_core.shell:Creating package script '/home/yueju/led/install/pm_robot_control_test/share/pm_robot_control_test/package.ps1'
[2.205s] INFO:colcon.colcon_core.shell:Creating package descriptor '/home/yueju/led/install/pm_robot_control_test/share/pm_robot_control_test/package.dsv'
[2.206s] INFO:colcon.colcon_core.shell:Creating package script '/home/yueju/led/install/pm_robot_control_test/share/pm_robot_control_test/package.sh'
[2.206s] INFO:colcon.colcon_core.shell:Creating package script '/home/yueju/led/install/pm_robot_control_test/share/pm_robot_control_test/package.bash'
[2.207s] INFO:colcon.colcon_core.shell:Creating package script '/home/yueju/led/install/pm_robot_control_test/share/pm_robot_control_test/package.zsh'
[2.207s] Level 1:colcon.colcon_core.environment:create_file_with_runtime_dependencies(/home/yueju/led/install/pm_robot_control_test/share/colcon-core/packages/pm_robot_control_test)
[2.208s] DEBUG:colcon.colcon_parallel_executor.executor.parallel:closing loop
[2.208s] DEBUG:colcon.colcon_parallel_executor.executor.parallel:loop closed
[2.209s] DEBUG:colcon.colcon_parallel_executor.executor.parallel:run_until_complete finished with '0'
[2.209s] DEBUG:colcon.colcon_core.event_reactor:joining thread
[2.215s] INFO:colcon.colcon_core.plugin_system:Skipping extension 'colcon_notification.desktop_notification.terminal_notifier': Not used on non-Darwin systems
[2.215s] INFO:colcon.colcon_core.plugin_system:Skipping extension 'colcon_notification.desktop_notification.win32': Not used on non-Windows systems
[2.215s] INFO:colcon.colcon_notification.desktop_notification:Sending desktop notification using 'notify2'
[2.228s] DEBUG:colcon.colcon_core.event_reactor:joined thread
[2.230s] INFO:colcon.colcon_core.shell:Creating prefix script '/home/yueju/led/install/local_setup.ps1'
[2.231s] INFO:colcon.colcon_core.shell:Creating prefix util module '/home/yueju/led/install/_local_setup_util_ps1.py'
[2.233s] INFO:colcon.colcon_core.shell:Creating prefix chain script '/home/yueju/led/install/setup.ps1'
[2.234s] INFO:colcon.colcon_core.shell:Creating prefix script '/home/yueju/led/install/local_setup.sh'
[2.234s] INFO:colcon.colcon_core.shell:Creating prefix util module '/home/yueju/led/install/_local_setup_util_sh.py'
[2.235s] INFO:colcon.colcon_core.shell:Creating prefix chain script '/home/yueju/led/install/setup.sh'
[2.236s] INFO:colcon.colcon_core.shell:Creating prefix script '/home/yueju/led/install/local_setup.bash'
[2.237s] INFO:colcon.colcon_core.shell:Creating prefix chain script '/home/yueju/led/install/setup.bash'
[2.238s] INFO:colcon.colcon_core.shell:Creating prefix script '/home/yueju/led/install/local_setup.zsh'
[2.239s] INFO:colcon.colcon_core.shell:Creating prefix chain script '/home/yueju/led/install/setup.zsh'
