running egg_info
writing ../build/open_cv/open_cv.egg-info/PKG-INFO
writing dependency_links to ../build/open_cv/open_cv.egg-info/dependency_links.txt
writing entry points to ../build/open_cv/open_cv.egg-info/entry_points.txt
writing requirements to ../build/open_cv/open_cv.egg-info/requires.txt
writing top-level names to ../build/open_cv/open_cv.egg-info/top_level.txt
reading manifest file '../build/open_cv/open_cv.egg-info/SOURCES.txt'
writing manifest file '../build/open_cv/open_cv.egg-info/SOURCES.txt'
running build
running build_py
copying open_cv/vergleich.py -> /home/yueju/led/build/open_cv/build/lib/open_cv
running install
running install_lib
copying /home/yueju/led/build/open_cv/build/lib/open_cv/vergleich.py -> /home/yueju/led/install/open_cv/lib/python3.10/site-packages/open_cv
byte-compiling /home/yueju/led/install/open_cv/lib/python3.10/site-packages/open_cv/6.py to 6.cpython-310.pyc
byte-compiling /home/yueju/led/install/open_cv/lib/python3.10/site-packages/open_cv/vergleich.py to vergleich.cpython-310.pyc
byte-compiling /home/yueju/led/install/open_cv/lib/python3.10/site-packages/open_cv/1.py to 1.cpython-310.pyc
running install_data
running install_egg_info
removing '/home/yueju/led/install/open_cv/lib/python3.10/site-packages/open_cv-0.0.0-py3.10.egg-info' (and everything under it)
Copying ../build/open_cv/open_cv.egg-info to /home/yueju/led/install/open_cv/lib/python3.10/site-packages/open_cv-0.0.0-py3.10.egg-info
running install_scripts
Installing auto_centering script to /home/yueju/led/install/open_cv/lib/open_cv
Installing image_procesing script to /home/yueju/led/install/open_cv/lib/open_cv
writing list of installed files to '/home/yueju/led/build/open_cv/install.log'
