[1.260s] Invoking command in '/home/yueju/led/open_cv': PYTHONPATH=/home/yueju/led/build/open_cv/prefix_override:/home/yueju/led/install/open_cv/lib/python3.10/site-packages:${PYTHONPATH} /usr/bin/python3 setup.py egg_info --egg-base ../build/open_cv build --build-base /home/yueju/led/build/open_cv/build install --record /home/yueju/led/build/open_cv/install.log --single-version-externally-managed
[1.517s] running egg_info
[1.528s] writing ../build/open_cv/open_cv.egg-info/PKG-INFO
[1.529s] writing dependency_links to ../build/open_cv/open_cv.egg-info/dependency_links.txt
[1.529s] writing entry points to ../build/open_cv/open_cv.egg-info/entry_points.txt
[1.529s] writing requirements to ../build/open_cv/open_cv.egg-info/requires.txt
[1.530s] writing top-level names to ../build/open_cv/open_cv.egg-info/top_level.txt
[1.555s] reading manifest file '../build/open_cv/open_cv.egg-info/SOURCES.txt'
[1.556s] writing manifest file '../build/open_cv/open_cv.egg-info/SOURCES.txt'
[1.556s] running build
[1.556s] running build_py
[1.557s] copying open_cv/vergleich.py -> /home/yueju/led/build/open_cv/build/lib/open_cv
[1.557s] running install
[1.558s] /home/yueju/.local/lib/python3.10/site-packages/setuptools/command/install.py:34: SetuptoolsDeprecationWarning: setup.py install is deprecated. Use build and pip and other standards-based tools.
[1.558s]   warnings.warn(
[1.563s] running install_lib
[1.575s] copying /home/yueju/led/build/open_cv/build/lib/open_cv/vergleich.py -> /home/yueju/led/install/open_cv/lib/python3.10/site-packages/open_cv
[1.576s] byte-compiling /home/yueju/led/install/open_cv/lib/python3.10/site-packages/open_cv/6.py to 6.cpython-310.pyc
[1.576s] Sorry: IndentationError: unexpected indent (6.py, line 27)
[1.576s] byte-compiling /home/yueju/led/install/open_cv/lib/python3.10/site-packages/open_cv/vergleich.py to vergleich.cpython-310.pyc
[1.577s] byte-compiling /home/yueju/led/install/open_cv/lib/python3.10/site-packages/open_cv/1.py to 1.cpython-310.pyc
[1.578s] Sorry: IndentationError: unexpected indent (1.py, line 71)
[1.578s] running install_data
[1.589s] running install_egg_info
[1.602s] removing '/home/yueju/led/install/open_cv/lib/python3.10/site-packages/open_cv-0.0.0-py3.10.egg-info' (and everything under it)
[1.603s] Copying ../build/open_cv/open_cv.egg-info to /home/yueju/led/install/open_cv/lib/python3.10/site-packages/open_cv-0.0.0-py3.10.egg-info
[1.604s] running install_scripts
[1.750s] Installing auto_centering script to /home/yueju/led/install/open_cv/lib/open_cv
[1.751s] Installing image_procesing script to /home/yueju/led/install/open_cv/lib/open_cv
[1.751s] writing list of installed files to '/home/yueju/led/build/open_cv/install.log'
[1.775s] Invoked command in '/home/yueju/led/open_cv' returned '0': PYTHONPATH=/home/yueju/led/build/open_cv/prefix_override:/home/yueju/led/install/open_cv/lib/python3.10/site-packages:${PYTHONPATH} /usr/bin/python3 setup.py egg_info --egg-base ../build/open_cv build --build-base /home/yueju/led/build/open_cv/build install --record /home/yueju/led/build/open_cv/install.log --single-version-externally-managed
