[0.712s] Invoking command in '/home/yueju/led/open_cv': PYTHONPATH=/home/yueju/led/build/open_cv/prefix_override:/home/yueju/led/install/open_cv/lib/python3.10/site-packages:${PYTHONPATH} /usr/bin/python3 setup.py egg_info --egg-base ../build/open_cv build --build-base /home/yueju/led/build/open_cv/build install --record /home/yueju/led/build/open_cv/install.log --single-version-externally-managed
[0.897s] running egg_info
[0.909s] writing ../build/open_cv/open_cv.egg-info/PKG-INFO
[0.909s] writing dependency_links to ../build/open_cv/open_cv.egg-info/dependency_links.txt
[0.910s] writing entry points to ../build/open_cv/open_cv.egg-info/entry_points.txt
[0.910s] writing requirements to ../build/open_cv/open_cv.egg-info/requires.txt
[0.910s] writing top-level names to ../build/open_cv/open_cv.egg-info/top_level.txt
[0.935s] reading manifest file '../build/open_cv/open_cv.egg-info/SOURCES.txt'
[0.937s] writing manifest file '../build/open_cv/open_cv.egg-info/SOURCES.txt'
[0.937s] running build
[0.937s] running build_py
[0.938s] running install
[0.938s] /home/yueju/.local/lib/python3.10/site-packages/setuptools/command/install.py:34: SetuptoolsDeprecationWarning: setup.py install is deprecated. Use build and pip and other standards-based tools.
[0.938s]   warnings.warn(
[0.943s] running install_lib
[0.956s] byte-compiling /home/yueju/led/install/open_cv/lib/python3.10/site-packages/open_cv/6.py to 6.cpython-310.pyc
[0.956s] Sorry: IndentationError: unexpected indent (6.py, line 27)
[0.956s] byte-compiling /home/yueju/led/install/open_cv/lib/python3.10/site-packages/open_cv/1.py to 1.cpython-310.pyc
[0.957s] Sorry: IndentationError: unexpected indent (1.py, line 71)
[0.957s] running install_data
[0.969s] running install_egg_info
[0.982s] removing '/home/yueju/led/install/open_cv/lib/python3.10/site-packages/open_cv-0.0.0-py3.10.egg-info' (and everything under it)
[0.982s] Copying ../build/open_cv/open_cv.egg-info to /home/yueju/led/install/open_cv/lib/python3.10/site-packages/open_cv-0.0.0-py3.10.egg-info
[0.983s] running install_scripts
[1.132s] Installing auto_centering script to /home/yueju/led/install/open_cv/lib/open_cv
[1.132s] Installing image_processing script to /home/yueju/led/install/open_cv/lib/open_cv
[1.132s] writing list of installed files to '/home/yueju/led/build/open_cv/install.log'
[1.157s] Invoked command in '/home/yueju/led/open_cv' returned '0': PYTHONPATH=/home/yueju/led/build/open_cv/prefix_override:/home/yueju/led/install/open_cv/lib/python3.10/site-packages:${PYTHONPATH} /usr/bin/python3 setup.py egg_info --egg-base ../build/open_cv build --build-base /home/yueju/led/build/open_cv/build install --record /home/yueju/led/build/open_cv/install.log --single-version-externally-managed
