[0.247s] DEBUG:colcon:Command line arguments: ['/usr/bin/colcon', 'build']
[0.247s] DEBUG:colcon:Parsed command line arguments: Namespace(log_base=None, log_level=None, verb_name='build', build_base='build', install_base='install', merge_install=False, symlink_install=False, test_result_base=None, continue_on_error=False, executor='parallel', parallel_workers=8, event_handlers=None, ignore_user_meta=False, metas=['./colcon.meta'], base_paths=['.'], packages_ignore=None, packages_ignore_regex=None, paths=None, packages_up_to=None, packages_up_to_regex=None, packages_above=None, packages_above_and_dependencies=None, packages_above_depth=None, packages_select_by_dep=None, packages_skip_by_dep=None, packages_skip_up_to=None, packages_select_build_failed=False, packages_skip_build_finished=False, packages_select_test_failures=False, packages_skip_test_passed=False, packages_select=None, packages_skip=None, packages_select_regex=None, packages_skip_regex=None, packages_start=None, packages_end=None, allow_overriding=[], cmake_args=None, cmake_target=None, cmake_target_skip_unavailable=False, cmake_clean_cache=False, cmake_clean_first=False, cmake_force_configure=False, ament_cmake_args=None, catkin_cmake_args=None, catkin_skip_building_tests=False, verb_parser=<colcon_defaults.argument_parser.defaults.DefaultArgumentsDecorator object at 0x7f0fdf71efe0>, verb_extension=<colcon_core.verb.build.BuildVerb object at 0x7f0fdf890af0>, main=<bound method BuildVerb.main of <colcon_core.verb.build.BuildVerb object at 0x7f0fdf890af0>>)
[0.277s] Level 1:colcon.colcon_core.package_discovery:discover_packages(colcon_meta) check parameters
[0.277s] Level 1:colcon.colcon_core.package_discovery:discover_packages(recursive) check parameters
[0.277s] Level 1:colcon.colcon_core.package_discovery:discover_packages(ignore) check parameters
[0.277s] Level 1:colcon.colcon_core.package_discovery:discover_packages(path) check parameters
[0.277s] Level 1:colcon.colcon_core.package_discovery:discover_packages(colcon_meta) discover
[0.277s] Level 1:colcon.colcon_core.package_discovery:discover_packages(recursive) discover
[0.277s] INFO:colcon.colcon_core.package_discovery:Crawling recursively for packages in '/home/yueju/led'
[0.278s] Level 1:colcon.colcon_core.package_identification:_identify(.) by extensions ['ignore', 'ignore_ament_install']
[0.278s] Level 1:colcon.colcon_core.package_identification:_identify(.) by extension 'ignore'
[0.278s] Level 1:colcon.colcon_core.package_identification:_identify(.) by extension 'ignore_ament_install'
[0.278s] Level 1:colcon.colcon_core.package_identification:_identify(.) by extensions ['colcon_pkg']
[0.278s] Level 1:colcon.colcon_core.package_identification:_identify(.) by extension 'colcon_pkg'
[0.278s] Level 1:colcon.colcon_core.package_identification:_identify(.) by extensions ['colcon_meta']
[0.278s] Level 1:colcon.colcon_core.package_identification:_identify(.) by extension 'colcon_meta'
[0.278s] Level 1:colcon.colcon_core.package_identification:_identify(.) by extensions ['ros']
[0.278s] Level 1:colcon.colcon_core.package_identification:_identify(.) by extension 'ros'
[0.292s] Level 1:colcon.colcon_core.package_identification:_identify(.) by extensions ['cmake', 'python']
[0.292s] Level 1:colcon.colcon_core.package_identification:_identify(.) by extension 'cmake'
[0.292s] Level 1:colcon.colcon_core.package_identification:_identify(.) by extension 'python'
[0.292s] Level 1:colcon.colcon_core.package_identification:_identify(.) by extensions ['python_setup_py']
[0.292s] Level 1:colcon.colcon_core.package_identification:_identify(.) by extension 'python_setup_py'
[0.293s] Level 1:colcon.colcon_core.package_identification:_identify(build) by extensions ['ignore', 'ignore_ament_install']
[0.293s] Level 1:colcon.colcon_core.package_identification:_identify(build) by extension 'ignore'
[0.293s] Level 1:colcon.colcon_core.package_identification:_identify(build) ignored
[0.293s] Level 1:colcon.colcon_core.package_identification:_identify(install) by extensions ['ignore', 'ignore_ament_install']
[0.293s] Level 1:colcon.colcon_core.package_identification:_identify(install) by extension 'ignore'
[0.293s] Level 1:colcon.colcon_core.package_identification:_identify(install) ignored
[0.293s] Level 1:colcon.colcon_core.package_identification:_identify(log) by extensions ['ignore', 'ignore_ament_install']
[0.293s] Level 1:colcon.colcon_core.package_identification:_identify(log) by extension 'ignore'
[0.293s] Level 1:colcon.colcon_core.package_identification:_identify(log) ignored
[0.293s] Level 1:colcon.colcon_core.package_identification:_identify(match_pm_robot) by extensions ['ignore', 'ignore_ament_install']
[0.293s] Level 1:colcon.colcon_core.package_identification:_identify(match_pm_robot) by extension 'ignore'
[0.293s] Level 1:colcon.colcon_core.package_identification:_identify(match_pm_robot) by extension 'ignore_ament_install'
[0.293s] Level 1:colcon.colcon_core.package_identification:_identify(match_pm_robot) by extensions ['colcon_pkg']
[0.293s] Level 1:colcon.colcon_core.package_identification:_identify(match_pm_robot) by extension 'colcon_pkg'
[0.293s] Level 1:colcon.colcon_core.package_identification:_identify(match_pm_robot) by extensions ['colcon_meta']
[0.294s] Level 1:colcon.colcon_core.package_identification:_identify(match_pm_robot) by extension 'colcon_meta'
[0.294s] Level 1:colcon.colcon_core.package_identification:_identify(match_pm_robot) by extensions ['ros']
[0.294s] Level 1:colcon.colcon_core.package_identification:_identify(match_pm_robot) by extension 'ros'
[0.294s] Level 1:colcon.colcon_core.package_identification:_identify(match_pm_robot) by extensions ['cmake', 'python']
[0.294s] Level 1:colcon.colcon_core.package_identification:_identify(match_pm_robot) by extension 'cmake'
[0.294s] Level 1:colcon.colcon_core.package_identification:_identify(match_pm_robot) by extension 'python'
[0.294s] Level 1:colcon.colcon_core.package_identification:_identify(match_pm_robot) by extensions ['python_setup_py']
[0.294s] Level 1:colcon.colcon_core.package_identification:_identify(match_pm_robot) by extension 'python_setup_py'
[0.294s] Level 1:colcon.colcon_core.package_identification:_identify(match_pm_robot/opcua_server) by extensions ['ignore', 'ignore_ament_install']
[0.294s] Level 1:colcon.colcon_core.package_identification:_identify(match_pm_robot/opcua_server) by extension 'ignore'
[0.294s] Level 1:colcon.colcon_core.package_identification:_identify(match_pm_robot/opcua_server) by extension 'ignore_ament_install'
[0.294s] Level 1:colcon.colcon_core.package_identification:_identify(match_pm_robot/opcua_server) by extensions ['colcon_pkg']
[0.294s] Level 1:colcon.colcon_core.package_identification:_identify(match_pm_robot/opcua_server) by extension 'colcon_pkg'
[0.294s] Level 1:colcon.colcon_core.package_identification:_identify(match_pm_robot/opcua_server) by extensions ['colcon_meta']
[0.294s] Level 1:colcon.colcon_core.package_identification:_identify(match_pm_robot/opcua_server) by extension 'colcon_meta'
[0.294s] Level 1:colcon.colcon_core.package_identification:_identify(match_pm_robot/opcua_server) by extensions ['ros']
[0.294s] Level 1:colcon.colcon_core.package_identification:_identify(match_pm_robot/opcua_server) by extension 'ros'
[0.297s] DEBUG:colcon.colcon_core.package_identification:Package 'match_pm_robot/opcua_server' with type 'ros.ament_cmake' and name 'opcua_server'
[0.297s] Level 1:colcon.colcon_core.package_identification:_identify(match_pm_robot/open62541) by extensions ['ignore', 'ignore_ament_install']
[0.297s] Level 1:colcon.colcon_core.package_identification:_identify(match_pm_robot/open62541) by extension 'ignore'
[0.297s] Level 1:colcon.colcon_core.package_identification:_identify(match_pm_robot/open62541) by extension 'ignore_ament_install'
[0.297s] Level 1:colcon.colcon_core.package_identification:_identify(match_pm_robot/open62541) by extensions ['colcon_pkg']
[0.297s] Level 1:colcon.colcon_core.package_identification:_identify(match_pm_robot/open62541) by extension 'colcon_pkg'
[0.297s] Level 1:colcon.colcon_core.package_identification:_identify(match_pm_robot/open62541) by extensions ['colcon_meta']
[0.297s] Level 1:colcon.colcon_core.package_identification:_identify(match_pm_robot/open62541) by extension 'colcon_meta'
[0.297s] Level 1:colcon.colcon_core.package_identification:_identify(match_pm_robot/open62541) by extensions ['ros']
[0.297s] Level 1:colcon.colcon_core.package_identification:_identify(match_pm_robot/open62541) by extension 'ros'
[0.297s] DEBUG:colcon.colcon_core.package_identification:Package 'match_pm_robot/open62541' with type 'ros.ament_cmake' and name 'open62541'
[0.298s] Level 1:colcon.colcon_core.package_identification:_identify(match_pm_robot/pm_client) by extensions ['ignore', 'ignore_ament_install']
[0.298s] Level 1:colcon.colcon_core.package_identification:_identify(match_pm_robot/pm_client) by extension 'ignore'
[0.298s] Level 1:colcon.colcon_core.package_identification:_identify(match_pm_robot/pm_client) by extension 'ignore_ament_install'
[0.298s] Level 1:colcon.colcon_core.package_identification:_identify(match_pm_robot/pm_client) by extensions ['colcon_pkg']
[0.298s] Level 1:colcon.colcon_core.package_identification:_identify(match_pm_robot/pm_client) by extension 'colcon_pkg'
[0.298s] Level 1:colcon.colcon_core.package_identification:_identify(match_pm_robot/pm_client) by extensions ['colcon_meta']
[0.298s] Level 1:colcon.colcon_core.package_identification:_identify(match_pm_robot/pm_client) by extension 'colcon_meta'
[0.298s] Level 1:colcon.colcon_core.package_identification:_identify(match_pm_robot/pm_client) by extensions ['ros']
[0.298s] Level 1:colcon.colcon_core.package_identification:_identify(match_pm_robot/pm_client) by extension 'ros'
[0.298s] DEBUG:colcon.colcon_core.package_identification:Package 'match_pm_robot/pm_client' with type 'ros.ament_cmake' and name 'pm_client'
[0.299s] Level 1:colcon.colcon_core.package_identification:_identify(match_pm_robot/pm_robot_control) by extensions ['ignore', 'ignore_ament_install']
[0.299s] Level 1:colcon.colcon_core.package_identification:_identify(match_pm_robot/pm_robot_control) by extension 'ignore'
[0.299s] Level 1:colcon.colcon_core.package_identification:_identify(match_pm_robot/pm_robot_control) by extension 'ignore_ament_install'
[0.299s] Level 1:colcon.colcon_core.package_identification:_identify(match_pm_robot/pm_robot_control) by extensions ['colcon_pkg']
[0.299s] Level 1:colcon.colcon_core.package_identification:_identify(match_pm_robot/pm_robot_control) by extension 'colcon_pkg'
[0.299s] Level 1:colcon.colcon_core.package_identification:_identify(match_pm_robot/pm_robot_control) by extensions ['colcon_meta']
[0.299s] Level 1:colcon.colcon_core.package_identification:_identify(match_pm_robot/pm_robot_control) by extension 'colcon_meta'
[0.299s] Level 1:colcon.colcon_core.package_identification:_identify(match_pm_robot/pm_robot_control) by extensions ['ros']
[0.299s] Level 1:colcon.colcon_core.package_identification:_identify(match_pm_robot/pm_robot_control) by extension 'ros'
[0.299s] DEBUG:colcon.colcon_core.package_identification:Package 'match_pm_robot/pm_robot_control' with type 'ros.ament_cmake' and name 'pm_robot_control'
[0.299s] Level 1:colcon.colcon_core.package_identification:_identify(match_pm_robot/pm_robot_control_test) by extensions ['ignore', 'ignore_ament_install']
[0.300s] Level 1:colcon.colcon_core.package_identification:_identify(match_pm_robot/pm_robot_control_test) by extension 'ignore'
[0.300s] Level 1:colcon.colcon_core.package_identification:_identify(match_pm_robot/pm_robot_control_test) by extension 'ignore_ament_install'
[0.300s] Level 1:colcon.colcon_core.package_identification:_identify(match_pm_robot/pm_robot_control_test) by extensions ['colcon_pkg']
[0.300s] Level 1:colcon.colcon_core.package_identification:_identify(match_pm_robot/pm_robot_control_test) by extension 'colcon_pkg'
[0.300s] Level 1:colcon.colcon_core.package_identification:_identify(match_pm_robot/pm_robot_control_test) by extensions ['colcon_meta']
[0.300s] Level 1:colcon.colcon_core.package_identification:_identify(match_pm_robot/pm_robot_control_test) by extension 'colcon_meta'
[0.300s] Level 1:colcon.colcon_core.package_identification:_identify(match_pm_robot/pm_robot_control_test) by extensions ['ros']
[0.300s] Level 1:colcon.colcon_core.package_identification:_identify(match_pm_robot/pm_robot_control_test) by extension 'ros'
[0.300s] DEBUG:colcon.colcon_core.package_identification:Package 'match_pm_robot/pm_robot_control_test' with type 'ros.ament_python' and name 'pm_robot_control_test'
[0.300s] Level 1:colcon.colcon_core.package_identification:_identify(match_pm_robot/pm_robot_description) by extensions ['ignore', 'ignore_ament_install']
[0.300s] Level 1:colcon.colcon_core.package_identification:_identify(match_pm_robot/pm_robot_description) by extension 'ignore'
[0.300s] Level 1:colcon.colcon_core.package_identification:_identify(match_pm_robot/pm_robot_description) by extension 'ignore_ament_install'
[0.301s] Level 1:colcon.colcon_core.package_identification:_identify(match_pm_robot/pm_robot_description) by extensions ['colcon_pkg']
[0.301s] Level 1:colcon.colcon_core.package_identification:_identify(match_pm_robot/pm_robot_description) by extension 'colcon_pkg'
[0.301s] Level 1:colcon.colcon_core.package_identification:_identify(match_pm_robot/pm_robot_description) by extensions ['colcon_meta']
[0.301s] Level 1:colcon.colcon_core.package_identification:_identify(match_pm_robot/pm_robot_description) by extension 'colcon_meta'
[0.301s] Level 1:colcon.colcon_core.package_identification:_identify(match_pm_robot/pm_robot_description) by extensions ['ros']
[0.301s] Level 1:colcon.colcon_core.package_identification:_identify(match_pm_robot/pm_robot_description) by extension 'ros'
[0.301s] DEBUG:colcon.colcon_core.package_identification:Package 'match_pm_robot/pm_robot_description' with type 'ros.ament_cmake' and name 'pm_robot_description'
[0.301s] Level 1:colcon.colcon_core.package_identification:_identify(match_pm_robot/pm_robot_moveit_config) by extensions ['ignore', 'ignore_ament_install']
[0.301s] Level 1:colcon.colcon_core.package_identification:_identify(match_pm_robot/pm_robot_moveit_config) by extension 'ignore'
[0.301s] Level 1:colcon.colcon_core.package_identification:_identify(match_pm_robot/pm_robot_moveit_config) by extension 'ignore_ament_install'
[0.301s] Level 1:colcon.colcon_core.package_identification:_identify(match_pm_robot/pm_robot_moveit_config) by extensions ['colcon_pkg']
[0.302s] Level 1:colcon.colcon_core.package_identification:_identify(match_pm_robot/pm_robot_moveit_config) by extension 'colcon_pkg'
[0.302s] Level 1:colcon.colcon_core.package_identification:_identify(match_pm_robot/pm_robot_moveit_config) by extensions ['colcon_meta']
[0.302s] Level 1:colcon.colcon_core.package_identification:_identify(match_pm_robot/pm_robot_moveit_config) by extension 'colcon_meta'
[0.302s] Level 1:colcon.colcon_core.package_identification:_identify(match_pm_robot/pm_robot_moveit_config) by extensions ['ros']
[0.302s] Level 1:colcon.colcon_core.package_identification:_identify(match_pm_robot/pm_robot_moveit_config) by extension 'ros'
[0.302s] DEBUG:colcon.colcon_core.package_identification:Package 'match_pm_robot/pm_robot_moveit_config' with type 'ros.ament_cmake' and name 'pm_robot_moveit_config'
[0.303s] Level 1:colcon.colcon_core.package_identification:_identify(match_pm_robot/pm_robot_submodules) by extensions ['ignore', 'ignore_ament_install']
[0.303s] Level 1:colcon.colcon_core.package_identification:_identify(match_pm_robot/pm_robot_submodules) by extension 'ignore'
[0.303s] Level 1:colcon.colcon_core.package_identification:_identify(match_pm_robot/pm_robot_submodules) by extension 'ignore_ament_install'
[0.303s] Level 1:colcon.colcon_core.package_identification:_identify(match_pm_robot/pm_robot_submodules) by extensions ['colcon_pkg']
[0.303s] Level 1:colcon.colcon_core.package_identification:_identify(match_pm_robot/pm_robot_submodules) by extension 'colcon_pkg'
[0.303s] Level 1:colcon.colcon_core.package_identification:_identify(match_pm_robot/pm_robot_submodules) by extensions ['colcon_meta']
[0.303s] Level 1:colcon.colcon_core.package_identification:_identify(match_pm_robot/pm_robot_submodules) by extension 'colcon_meta'
[0.303s] Level 1:colcon.colcon_core.package_identification:_identify(match_pm_robot/pm_robot_submodules) by extensions ['ros']
[0.303s] Level 1:colcon.colcon_core.package_identification:_identify(match_pm_robot/pm_robot_submodules) by extension 'ros'
[0.303s] Level 1:colcon.colcon_core.package_identification:_identify(match_pm_robot/pm_robot_submodules) by extensions ['cmake', 'python']
[0.303s] Level 1:colcon.colcon_core.package_identification:_identify(match_pm_robot/pm_robot_submodules) by extension 'cmake'
[0.303s] Level 1:colcon.colcon_core.package_identification:_identify(match_pm_robot/pm_robot_submodules) by extension 'python'
[0.303s] Level 1:colcon.colcon_core.package_identification:_identify(match_pm_robot/pm_robot_submodules) by extensions ['python_setup_py']
[0.303s] Level 1:colcon.colcon_core.package_identification:_identify(match_pm_robot/pm_robot_submodules) by extension 'python_setup_py'
[0.303s] Level 1:colcon.colcon_core.package_identification:_identify(match_pm_robot/pm_robot_submodules/image_common) by extensions ['ignore', 'ignore_ament_install']
[0.303s] Level 1:colcon.colcon_core.package_identification:_identify(match_pm_robot/pm_robot_submodules/image_common) by extension 'ignore'
[0.303s] Level 1:colcon.colcon_core.package_identification:_identify(match_pm_robot/pm_robot_submodules/image_common) by extension 'ignore_ament_install'
[0.303s] Level 1:colcon.colcon_core.package_identification:_identify(match_pm_robot/pm_robot_submodules/image_common) by extensions ['colcon_pkg']
[0.303s] Level 1:colcon.colcon_core.package_identification:_identify(match_pm_robot/pm_robot_submodules/image_common) by extension 'colcon_pkg'
[0.303s] Level 1:colcon.colcon_core.package_identification:_identify(match_pm_robot/pm_robot_submodules/image_common) by extensions ['colcon_meta']
[0.303s] Level 1:colcon.colcon_core.package_identification:_identify(match_pm_robot/pm_robot_submodules/image_common) by extension 'colcon_meta'
[0.304s] Level 1:colcon.colcon_core.package_identification:_identify(match_pm_robot/pm_robot_submodules/image_common) by extensions ['ros']
[0.304s] Level 1:colcon.colcon_core.package_identification:_identify(match_pm_robot/pm_robot_submodules/image_common) by extension 'ros'
[0.304s] Level 1:colcon.colcon_core.package_identification:_identify(match_pm_robot/pm_robot_submodules/image_common) by extensions ['cmake', 'python']
[0.304s] Level 1:colcon.colcon_core.package_identification:_identify(match_pm_robot/pm_robot_submodules/image_common) by extension 'cmake'
[0.304s] Level 1:colcon.colcon_core.package_identification:_identify(match_pm_robot/pm_robot_submodules/image_common) by extension 'python'
[0.304s] Level 1:colcon.colcon_core.package_identification:_identify(match_pm_robot/pm_robot_submodules/image_common) by extensions ['python_setup_py']
[0.304s] Level 1:colcon.colcon_core.package_identification:_identify(match_pm_robot/pm_robot_submodules/image_common) by extension 'python_setup_py'
[0.304s] Level 1:colcon.colcon_core.package_identification:_identify(match_pm_robot/pm_robot_submodules/pylon-ros-camera) by extensions ['ignore', 'ignore_ament_install']
[0.304s] Level 1:colcon.colcon_core.package_identification:_identify(match_pm_robot/pm_robot_submodules/pylon-ros-camera) by extension 'ignore'
[0.304s] Level 1:colcon.colcon_core.package_identification:_identify(match_pm_robot/pm_robot_submodules/pylon-ros-camera) by extension 'ignore_ament_install'
[0.304s] Level 1:colcon.colcon_core.package_identification:_identify(match_pm_robot/pm_robot_submodules/pylon-ros-camera) by extensions ['colcon_pkg']
[0.304s] Level 1:colcon.colcon_core.package_identification:_identify(match_pm_robot/pm_robot_submodules/pylon-ros-camera) by extension 'colcon_pkg'
[0.304s] Level 1:colcon.colcon_core.package_identification:_identify(match_pm_robot/pm_robot_submodules/pylon-ros-camera) by extensions ['colcon_meta']
[0.304s] Level 1:colcon.colcon_core.package_identification:_identify(match_pm_robot/pm_robot_submodules/pylon-ros-camera) by extension 'colcon_meta'
[0.304s] Level 1:colcon.colcon_core.package_identification:_identify(match_pm_robot/pm_robot_submodules/pylon-ros-camera) by extensions ['ros']
[0.304s] Level 1:colcon.colcon_core.package_identification:_identify(match_pm_robot/pm_robot_submodules/pylon-ros-camera) by extension 'ros'
[0.304s] Level 1:colcon.colcon_core.package_identification:_identify(match_pm_robot/pm_robot_submodules/pylon-ros-camera) by extensions ['cmake', 'python']
[0.304s] Level 1:colcon.colcon_core.package_identification:_identify(match_pm_robot/pm_robot_submodules/pylon-ros-camera) by extension 'cmake'
[0.304s] Level 1:colcon.colcon_core.package_identification:_identify(match_pm_robot/pm_robot_submodules/pylon-ros-camera) by extension 'python'
[0.304s] Level 1:colcon.colcon_core.package_identification:_identify(match_pm_robot/pm_robot_submodules/pylon-ros-camera) by extensions ['python_setup_py']
[0.304s] Level 1:colcon.colcon_core.package_identification:_identify(match_pm_robot/pm_robot_submodules/pylon-ros-camera) by extension 'python_setup_py'
[0.304s] Level 1:colcon.colcon_core.package_identification:_identify(src) by extensions ['ignore', 'ignore_ament_install']
[0.305s] Level 1:colcon.colcon_core.package_identification:_identify(src) by extension 'ignore'
[0.305s] Level 1:colcon.colcon_core.package_identification:_identify(src) by extension 'ignore_ament_install'
[0.305s] Level 1:colcon.colcon_core.package_identification:_identify(src) by extensions ['colcon_pkg']
[0.305s] Level 1:colcon.colcon_core.package_identification:_identify(src) by extension 'colcon_pkg'
[0.305s] Level 1:colcon.colcon_core.package_identification:_identify(src) by extensions ['colcon_meta']
[0.305s] Level 1:colcon.colcon_core.package_identification:_identify(src) by extension 'colcon_meta'
[0.305s] Level 1:colcon.colcon_core.package_identification:_identify(src) by extensions ['ros']
[0.305s] Level 1:colcon.colcon_core.package_identification:_identify(src) by extension 'ros'
[0.305s] Level 1:colcon.colcon_core.package_identification:_identify(src) by extensions ['cmake', 'python']
[0.305s] Level 1:colcon.colcon_core.package_identification:_identify(src) by extension 'cmake'
[0.305s] Level 1:colcon.colcon_core.package_identification:_identify(src) by extension 'python'
[0.305s] Level 1:colcon.colcon_core.package_identification:_identify(src) by extensions ['python_setup_py']
[0.305s] Level 1:colcon.colcon_core.package_identification:_identify(src) by extension 'python_setup_py'
[0.305s] Level 1:colcon.colcon_core.package_identification:_identify(src/battery_node) by extensions ['ignore', 'ignore_ament_install']
[0.305s] Level 1:colcon.colcon_core.package_identification:_identify(src/battery_node) by extension 'ignore'
[0.305s] Level 1:colcon.colcon_core.package_identification:_identify(src/battery_node) by extension 'ignore_ament_install'
[0.305s] Level 1:colcon.colcon_core.package_identification:_identify(src/battery_node) by extensions ['colcon_pkg']
[0.305s] Level 1:colcon.colcon_core.package_identification:_identify(src/battery_node) by extension 'colcon_pkg'
[0.305s] Level 1:colcon.colcon_core.package_identification:_identify(src/battery_node) by extensions ['colcon_meta']
[0.305s] Level 1:colcon.colcon_core.package_identification:_identify(src/battery_node) by extension 'colcon_meta'
[0.305s] Level 1:colcon.colcon_core.package_identification:_identify(src/battery_node) by extensions ['ros']
[0.305s] Level 1:colcon.colcon_core.package_identification:_identify(src/battery_node) by extension 'ros'
[0.306s] DEBUG:colcon.colcon_core.package_identification:Package 'src/battery_node' with type 'ros.ament_python' and name 'battery_node'
[0.306s] Level 1:colcon.colcon_core.package_identification:_identify(src/interface) by extensions ['ignore', 'ignore_ament_install']
[0.306s] Level 1:colcon.colcon_core.package_identification:_identify(src/interface) by extension 'ignore'
[0.306s] Level 1:colcon.colcon_core.package_identification:_identify(src/interface) by extension 'ignore_ament_install'
[0.306s] Level 1:colcon.colcon_core.package_identification:_identify(src/interface) by extensions ['colcon_pkg']
[0.306s] Level 1:colcon.colcon_core.package_identification:_identify(src/interface) by extension 'colcon_pkg'
[0.306s] Level 1:colcon.colcon_core.package_identification:_identify(src/interface) by extensions ['colcon_meta']
[0.306s] Level 1:colcon.colcon_core.package_identification:_identify(src/interface) by extension 'colcon_meta'
[0.306s] Level 1:colcon.colcon_core.package_identification:_identify(src/interface) by extensions ['ros']
[0.307s] Level 1:colcon.colcon_core.package_identification:_identify(src/interface) by extension 'ros'
[0.307s] DEBUG:colcon.colcon_core.package_identification:Package 'src/interface' with type 'ros.ament_cmake' and name 'interface'
[0.307s] Level 1:colcon.colcon_core.package_discovery:discover_packages(recursive) using defaults
[0.307s] Level 1:colcon.colcon_core.package_discovery:discover_packages(ignore) discover
[0.307s] Level 1:colcon.colcon_core.package_discovery:discover_packages(ignore) using defaults
[0.307s] Level 1:colcon.colcon_core.package_discovery:discover_packages(path) discover
[0.307s] Level 1:colcon.colcon_core.package_discovery:discover_packages(path) using defaults
[0.330s] Level 1:colcon.colcon_core.package_discovery:discover_packages(prefix_path) check parameters
[0.330s] Level 1:colcon.colcon_core.package_discovery:discover_packages(prefix_path) discover
[0.333s] DEBUG:colcon.colcon_installed_package_information.package_discovery:Found 320 installed packages in /opt/ros/humble
[0.334s] Level 1:colcon.colcon_core.package_discovery:discover_packages(prefix_path) using defaults
[0.392s] Level 5:colcon.colcon_core.verb:set package 'battery_node' build argument 'cmake_args' from command line to 'None'
[0.392s] Level 5:colcon.colcon_core.verb:set package 'battery_node' build argument 'cmake_target' from command line to 'None'
[0.392s] Level 5:colcon.colcon_core.verb:set package 'battery_node' build argument 'cmake_target_skip_unavailable' from command line to 'False'
[0.392s] Level 5:colcon.colcon_core.verb:set package 'battery_node' build argument 'cmake_clean_cache' from command line to 'False'
[0.392s] Level 5:colcon.colcon_core.verb:set package 'battery_node' build argument 'cmake_clean_first' from command line to 'False'
[0.392s] Level 5:colcon.colcon_core.verb:set package 'battery_node' build argument 'cmake_force_configure' from command line to 'False'
[0.392s] Level 5:colcon.colcon_core.verb:set package 'battery_node' build argument 'ament_cmake_args' from command line to 'None'
[0.392s] Level 5:colcon.colcon_core.verb:set package 'battery_node' build argument 'catkin_cmake_args' from command line to 'None'
[0.392s] Level 5:colcon.colcon_core.verb:set package 'battery_node' build argument 'catkin_skip_building_tests' from command line to 'False'
[0.392s] DEBUG:colcon.colcon_core.verb:Building package 'battery_node' with the following arguments: {'ament_cmake_args': None, 'build_base': '/home/yueju/led/build/battery_node', 'catkin_cmake_args': None, 'catkin_skip_building_tests': False, 'cmake_args': None, 'cmake_clean_cache': False, 'cmake_clean_first': False, 'cmake_force_configure': False, 'cmake_target': None, 'cmake_target_skip_unavailable': False, 'install_base': '/home/yueju/led/install/battery_node', 'merge_install': False, 'path': '/home/yueju/led/src/battery_node', 'symlink_install': False, 'test_result_base': None}
[0.393s] Level 5:colcon.colcon_core.verb:set package 'interface' build argument 'cmake_args' from command line to 'None'
[0.393s] Level 5:colcon.colcon_core.verb:set package 'interface' build argument 'cmake_target' from command line to 'None'
[0.393s] Level 5:colcon.colcon_core.verb:set package 'interface' build argument 'cmake_target_skip_unavailable' from command line to 'False'
[0.393s] Level 5:colcon.colcon_core.verb:set package 'interface' build argument 'cmake_clean_cache' from command line to 'False'
[0.393s] Level 5:colcon.colcon_core.verb:set package 'interface' build argument 'cmake_clean_first' from command line to 'False'
[0.393s] Level 5:colcon.colcon_core.verb:set package 'interface' build argument 'cmake_force_configure' from command line to 'False'
[0.393s] Level 5:colcon.colcon_core.verb:set package 'interface' build argument 'ament_cmake_args' from command line to 'None'
[0.393s] Level 5:colcon.colcon_core.verb:set package 'interface' build argument 'catkin_cmake_args' from command line to 'None'
[0.393s] Level 5:colcon.colcon_core.verb:set package 'interface' build argument 'catkin_skip_building_tests' from command line to 'False'
[0.393s] DEBUG:colcon.colcon_core.verb:Building package 'interface' with the following arguments: {'ament_cmake_args': None, 'build_base': '/home/yueju/led/build/interface', 'catkin_cmake_args': None, 'catkin_skip_building_tests': False, 'cmake_args': None, 'cmake_clean_cache': False, 'cmake_clean_first': False, 'cmake_force_configure': False, 'cmake_target': None, 'cmake_target_skip_unavailable': False, 'install_base': '/home/yueju/led/install/interface', 'merge_install': False, 'path': '/home/yueju/led/src/interface', 'symlink_install': False, 'test_result_base': None}
[0.394s] Level 5:colcon.colcon_core.verb:set package 'opcua_server' build argument 'cmake_args' from command line to 'None'
[0.394s] Level 5:colcon.colcon_core.verb:set package 'opcua_server' build argument 'cmake_target' from command line to 'None'
[0.394s] Level 5:colcon.colcon_core.verb:set package 'opcua_server' build argument 'cmake_target_skip_unavailable' from command line to 'False'
[0.394s] Level 5:colcon.colcon_core.verb:set package 'opcua_server' build argument 'cmake_clean_cache' from command line to 'False'
[0.394s] Level 5:colcon.colcon_core.verb:set package 'opcua_server' build argument 'cmake_clean_first' from command line to 'False'
[0.394s] Level 5:colcon.colcon_core.verb:set package 'opcua_server' build argument 'cmake_force_configure' from command line to 'False'
[0.394s] Level 5:colcon.colcon_core.verb:set package 'opcua_server' build argument 'ament_cmake_args' from command line to 'None'
[0.394s] Level 5:colcon.colcon_core.verb:set package 'opcua_server' build argument 'catkin_cmake_args' from command line to 'None'
[0.394s] Level 5:colcon.colcon_core.verb:set package 'opcua_server' build argument 'catkin_skip_building_tests' from command line to 'False'
[0.394s] DEBUG:colcon.colcon_core.verb:Building package 'opcua_server' with the following arguments: {'ament_cmake_args': None, 'build_base': '/home/yueju/led/build/opcua_server', 'catkin_cmake_args': None, 'catkin_skip_building_tests': False, 'cmake_args': None, 'cmake_clean_cache': False, 'cmake_clean_first': False, 'cmake_force_configure': False, 'cmake_target': None, 'cmake_target_skip_unavailable': False, 'install_base': '/home/yueju/led/install/opcua_server', 'merge_install': False, 'path': '/home/yueju/led/match_pm_robot/opcua_server', 'symlink_install': False, 'test_result_base': None}
[0.395s] Level 5:colcon.colcon_core.verb:set package 'open62541' build argument 'cmake_args' from command line to 'None'
[0.395s] Level 5:colcon.colcon_core.verb:set package 'open62541' build argument 'cmake_target' from command line to 'None'
[0.395s] Level 5:colcon.colcon_core.verb:set package 'open62541' build argument 'cmake_target_skip_unavailable' from command line to 'False'
[0.395s] Level 5:colcon.colcon_core.verb:set package 'open62541' build argument 'cmake_clean_cache' from command line to 'False'
[0.395s] Level 5:colcon.colcon_core.verb:set package 'open62541' build argument 'cmake_clean_first' from command line to 'False'
[0.395s] Level 5:colcon.colcon_core.verb:set package 'open62541' build argument 'cmake_force_configure' from command line to 'False'
[0.395s] Level 5:colcon.colcon_core.verb:set package 'open62541' build argument 'ament_cmake_args' from command line to 'None'
[0.395s] Level 5:colcon.colcon_core.verb:set package 'open62541' build argument 'catkin_cmake_args' from command line to 'None'
[0.395s] Level 5:colcon.colcon_core.verb:set package 'open62541' build argument 'catkin_skip_building_tests' from command line to 'False'
[0.395s] DEBUG:colcon.colcon_core.verb:Building package 'open62541' with the following arguments: {'ament_cmake_args': None, 'build_base': '/home/yueju/led/build/open62541', 'catkin_cmake_args': None, 'catkin_skip_building_tests': False, 'cmake_args': None, 'cmake_clean_cache': False, 'cmake_clean_first': False, 'cmake_force_configure': False, 'cmake_target': None, 'cmake_target_skip_unavailable': False, 'install_base': '/home/yueju/led/install/open62541', 'merge_install': False, 'path': '/home/yueju/led/match_pm_robot/open62541', 'symlink_install': False, 'test_result_base': None}
[0.396s] Level 5:colcon.colcon_core.verb:set package 'pm_robot_control_test' build argument 'cmake_args' from command line to 'None'
[0.396s] Level 5:colcon.colcon_core.verb:set package 'pm_robot_control_test' build argument 'cmake_target' from command line to 'None'
[0.396s] Level 5:colcon.colcon_core.verb:set package 'pm_robot_control_test' build argument 'cmake_target_skip_unavailable' from command line to 'False'
[0.396s] Level 5:colcon.colcon_core.verb:set package 'pm_robot_control_test' build argument 'cmake_clean_cache' from command line to 'False'
[0.396s] Level 5:colcon.colcon_core.verb:set package 'pm_robot_control_test' build argument 'cmake_clean_first' from command line to 'False'
[0.396s] Level 5:colcon.colcon_core.verb:set package 'pm_robot_control_test' build argument 'cmake_force_configure' from command line to 'False'
[0.396s] Level 5:colcon.colcon_core.verb:set package 'pm_robot_control_test' build argument 'ament_cmake_args' from command line to 'None'
[0.396s] Level 5:colcon.colcon_core.verb:set package 'pm_robot_control_test' build argument 'catkin_cmake_args' from command line to 'None'
[0.396s] Level 5:colcon.colcon_core.verb:set package 'pm_robot_control_test' build argument 'catkin_skip_building_tests' from command line to 'False'
[0.396s] DEBUG:colcon.colcon_core.verb:Building package 'pm_robot_control_test' with the following arguments: {'ament_cmake_args': None, 'build_base': '/home/yueju/led/build/pm_robot_control_test', 'catkin_cmake_args': None, 'catkin_skip_building_tests': False, 'cmake_args': None, 'cmake_clean_cache': False, 'cmake_clean_first': False, 'cmake_force_configure': False, 'cmake_target': None, 'cmake_target_skip_unavailable': False, 'install_base': '/home/yueju/led/install/pm_robot_control_test', 'merge_install': False, 'path': '/home/yueju/led/match_pm_robot/pm_robot_control_test', 'symlink_install': False, 'test_result_base': None}
[0.397s] Level 5:colcon.colcon_core.verb:set package 'pm_robot_description' build argument 'cmake_args' from command line to 'None'
[0.397s] Level 5:colcon.colcon_core.verb:set package 'pm_robot_description' build argument 'cmake_target' from command line to 'None'
[0.397s] Level 5:colcon.colcon_core.verb:set package 'pm_robot_description' build argument 'cmake_target_skip_unavailable' from command line to 'False'
[0.397s] Level 5:colcon.colcon_core.verb:set package 'pm_robot_description' build argument 'cmake_clean_cache' from command line to 'False'
[0.397s] Level 5:colcon.colcon_core.verb:set package 'pm_robot_description' build argument 'cmake_clean_first' from command line to 'False'
[0.397s] Level 5:colcon.colcon_core.verb:set package 'pm_robot_description' build argument 'cmake_force_configure' from command line to 'False'
[0.397s] Level 5:colcon.colcon_core.verb:set package 'pm_robot_description' build argument 'ament_cmake_args' from command line to 'None'
[0.397s] Level 5:colcon.colcon_core.verb:set package 'pm_robot_description' build argument 'catkin_cmake_args' from command line to 'None'
[0.397s] Level 5:colcon.colcon_core.verb:set package 'pm_robot_description' build argument 'catkin_skip_building_tests' from command line to 'False'
[0.398s] DEBUG:colcon.colcon_core.verb:Building package 'pm_robot_description' with the following arguments: {'ament_cmake_args': None, 'build_base': '/home/yueju/led/build/pm_robot_description', 'catkin_cmake_args': None, 'catkin_skip_building_tests': False, 'cmake_args': None, 'cmake_clean_cache': False, 'cmake_clean_first': False, 'cmake_force_configure': False, 'cmake_target': None, 'cmake_target_skip_unavailable': False, 'install_base': '/home/yueju/led/install/pm_robot_description', 'merge_install': False, 'path': '/home/yueju/led/match_pm_robot/pm_robot_description', 'symlink_install': False, 'test_result_base': None}
[0.398s] Level 5:colcon.colcon_core.verb:set package 'pm_client' build argument 'cmake_args' from command line to 'None'
[0.398s] Level 5:colcon.colcon_core.verb:set package 'pm_client' build argument 'cmake_target' from command line to 'None'
[0.398s] Level 5:colcon.colcon_core.verb:set package 'pm_client' build argument 'cmake_target_skip_unavailable' from command line to 'False'
[0.398s] Level 5:colcon.colcon_core.verb:set package 'pm_client' build argument 'cmake_clean_cache' from command line to 'False'
[0.398s] Level 5:colcon.colcon_core.verb:set package 'pm_client' build argument 'cmake_clean_first' from command line to 'False'
[0.398s] Level 5:colcon.colcon_core.verb:set package 'pm_client' build argument 'cmake_force_configure' from command line to 'False'
[0.399s] Level 5:colcon.colcon_core.verb:set package 'pm_client' build argument 'ament_cmake_args' from command line to 'None'
[0.399s] Level 5:colcon.colcon_core.verb:set package 'pm_client' build argument 'catkin_cmake_args' from command line to 'None'
[0.399s] Level 5:colcon.colcon_core.verb:set package 'pm_client' build argument 'catkin_skip_building_tests' from command line to 'False'
[0.399s] DEBUG:colcon.colcon_core.verb:Building package 'pm_client' with the following arguments: {'ament_cmake_args': None, 'build_base': '/home/yueju/led/build/pm_client', 'catkin_cmake_args': None, 'catkin_skip_building_tests': False, 'cmake_args': None, 'cmake_clean_cache': False, 'cmake_clean_first': False, 'cmake_force_configure': False, 'cmake_target': None, 'cmake_target_skip_unavailable': False, 'install_base': '/home/yueju/led/install/pm_client', 'merge_install': False, 'path': '/home/yueju/led/match_pm_robot/pm_client', 'symlink_install': False, 'test_result_base': None}
[0.399s] Level 5:colcon.colcon_core.verb:set package 'pm_robot_moveit_config' build argument 'cmake_args' from command line to 'None'
[0.399s] Level 5:colcon.colcon_core.verb:set package 'pm_robot_moveit_config' build argument 'cmake_target' from command line to 'None'
[0.399s] Level 5:colcon.colcon_core.verb:set package 'pm_robot_moveit_config' build argument 'cmake_target_skip_unavailable' from command line to 'False'
[0.400s] Level 5:colcon.colcon_core.verb:set package 'pm_robot_moveit_config' build argument 'cmake_clean_cache' from command line to 'False'
[0.400s] Level 5:colcon.colcon_core.verb:set package 'pm_robot_moveit_config' build argument 'cmake_clean_first' from command line to 'False'
[0.400s] Level 5:colcon.colcon_core.verb:set package 'pm_robot_moveit_config' build argument 'cmake_force_configure' from command line to 'False'
[0.400s] Level 5:colcon.colcon_core.verb:set package 'pm_robot_moveit_config' build argument 'ament_cmake_args' from command line to 'None'
[0.400s] Level 5:colcon.colcon_core.verb:set package 'pm_robot_moveit_config' build argument 'catkin_cmake_args' from command line to 'None'
[0.400s] Level 5:colcon.colcon_core.verb:set package 'pm_robot_moveit_config' build argument 'catkin_skip_building_tests' from command line to 'False'
[0.400s] DEBUG:colcon.colcon_core.verb:Building package 'pm_robot_moveit_config' with the following arguments: {'ament_cmake_args': None, 'build_base': '/home/yueju/led/build/pm_robot_moveit_config', 'catkin_cmake_args': None, 'catkin_skip_building_tests': False, 'cmake_args': None, 'cmake_clean_cache': False, 'cmake_clean_first': False, 'cmake_force_configure': False, 'cmake_target': None, 'cmake_target_skip_unavailable': False, 'install_base': '/home/yueju/led/install/pm_robot_moveit_config', 'merge_install': False, 'path': '/home/yueju/led/match_pm_robot/pm_robot_moveit_config', 'symlink_install': False, 'test_result_base': None}
[0.400s] Level 5:colcon.colcon_core.verb:set package 'pm_robot_control' build argument 'cmake_args' from command line to 'None'
[0.401s] Level 5:colcon.colcon_core.verb:set package 'pm_robot_control' build argument 'cmake_target' from command line to 'None'
[0.401s] Level 5:colcon.colcon_core.verb:set package 'pm_robot_control' build argument 'cmake_target_skip_unavailable' from command line to 'False'
[0.401s] Level 5:colcon.colcon_core.verb:set package 'pm_robot_control' build argument 'cmake_clean_cache' from command line to 'False'
[0.401s] Level 5:colcon.colcon_core.verb:set package 'pm_robot_control' build argument 'cmake_clean_first' from command line to 'False'
[0.401s] Level 5:colcon.colcon_core.verb:set package 'pm_robot_control' build argument 'cmake_force_configure' from command line to 'False'
[0.401s] Level 5:colcon.colcon_core.verb:set package 'pm_robot_control' build argument 'ament_cmake_args' from command line to 'None'
[0.401s] Level 5:colcon.colcon_core.verb:set package 'pm_robot_control' build argument 'catkin_cmake_args' from command line to 'None'
[0.401s] Level 5:colcon.colcon_core.verb:set package 'pm_robot_control' build argument 'catkin_skip_building_tests' from command line to 'False'
[0.401s] DEBUG:colcon.colcon_core.verb:Building package 'pm_robot_control' with the following arguments: {'ament_cmake_args': None, 'build_base': '/home/yueju/led/build/pm_robot_control', 'catkin_cmake_args': None, 'catkin_skip_building_tests': False, 'cmake_args': None, 'cmake_clean_cache': False, 'cmake_clean_first': False, 'cmake_force_configure': False, 'cmake_target': None, 'cmake_target_skip_unavailable': False, 'install_base': '/home/yueju/led/install/pm_robot_control', 'merge_install': False, 'path': '/home/yueju/led/match_pm_robot/pm_robot_control', 'symlink_install': False, 'test_result_base': None}
[0.401s] INFO:colcon.colcon_core.executor:Executing jobs using 'parallel' executor
[0.404s] DEBUG:colcon.colcon_parallel_executor.executor.parallel:run_until_complete
[0.405s] INFO:colcon.colcon_ros.task.ament_cmake.build:Building ROS package in '/home/yueju/led/match_pm_robot/open62541' with build type 'ament_cmake'
[0.405s] INFO:colcon.colcon_cmake.task.cmake.build:Building CMake package in '/home/yueju/led/match_pm_robot/open62541'
[0.409s] INFO:colcon.colcon_core.plugin_system:Skipping extension 'colcon_core.shell.bat': Not used on non-Windows systems
[0.409s] INFO:colcon.colcon_core.shell:Skip shell extension 'powershell' for command environment: Not usable outside of PowerShell
[0.409s] DEBUG:colcon.colcon_core.shell:Skip shell extension 'dsv' for command environment
[0.412s] INFO:colcon.colcon_ros.task.ament_cmake.build:Building ROS package in '/home/yueju/led/match_pm_robot/pm_robot_description' with build type 'ament_cmake'
[0.412s] INFO:colcon.colcon_cmake.task.cmake.build:Building CMake package in '/home/yueju/led/match_pm_robot/pm_robot_description'
[0.414s] INFO:colcon.colcon_core.shell:Skip shell extension 'powershell' for command environment: Not usable outside of PowerShell
[0.414s] DEBUG:colcon.colcon_core.shell:Skip shell extension 'dsv' for command environment
[0.419s] INFO:colcon.colcon_ros.task.ament_python.build:Building ROS package in '/home/yueju/led/src/battery_node' with build type 'ament_python'
[0.419s] Level 1:colcon.colcon_core.shell:create_environment_hook('battery_node', 'ament_prefix_path')
[0.421s] INFO:colcon.colcon_core.shell:Creating environment hook '/home/yueju/led/install/battery_node/share/battery_node/hook/ament_prefix_path.ps1'
[0.422s] INFO:colcon.colcon_core.shell:Creating environment descriptor '/home/yueju/led/install/battery_node/share/battery_node/hook/ament_prefix_path.dsv'
[0.422s] INFO:colcon.colcon_core.shell:Creating environment hook '/home/yueju/led/install/battery_node/share/battery_node/hook/ament_prefix_path.sh'
[0.425s] INFO:colcon.colcon_core.shell:Skip shell extension 'powershell' for command environment: Not usable outside of PowerShell
[0.425s] DEBUG:colcon.colcon_core.shell:Skip shell extension 'dsv' for command environment
[0.429s] INFO:colcon.colcon_ros.task.ament_cmake.build:Building ROS package in '/home/yueju/led/src/interface' with build type 'ament_cmake'
[0.430s] INFO:colcon.colcon_cmake.task.cmake.build:Building CMake package in '/home/yueju/led/src/interface'
[0.432s] INFO:colcon.colcon_core.shell:Skip shell extension 'powershell' for command environment: Not usable outside of PowerShell
[0.432s] DEBUG:colcon.colcon_core.shell:Skip shell extension 'dsv' for command environment
[0.437s] INFO:colcon.colcon_ros.task.ament_cmake.build:Building ROS package in '/home/yueju/led/match_pm_robot/opcua_server' with build type 'ament_cmake'
[0.437s] INFO:colcon.colcon_cmake.task.cmake.build:Building CMake package in '/home/yueju/led/match_pm_robot/opcua_server'
[0.439s] INFO:colcon.colcon_core.shell:Skip shell extension 'powershell' for command environment: Not usable outside of PowerShell
[0.439s] DEBUG:colcon.colcon_core.shell:Skip shell extension 'dsv' for command environment
[0.444s] INFO:colcon.colcon_ros.task.ament_python.build:Building ROS package in '/home/yueju/led/match_pm_robot/pm_robot_control_test' with build type 'ament_python'
[0.444s] Level 1:colcon.colcon_core.shell:create_environment_hook('pm_robot_control_test', 'ament_prefix_path')
[0.446s] INFO:colcon.colcon_core.shell:Creating environment hook '/home/yueju/led/install/pm_robot_control_test/share/pm_robot_control_test/hook/ament_prefix_path.ps1'
[0.447s] INFO:colcon.colcon_core.shell:Creating environment descriptor '/home/yueju/led/install/pm_robot_control_test/share/pm_robot_control_test/hook/ament_prefix_path.dsv'
[0.447s] INFO:colcon.colcon_core.shell:Creating environment hook '/home/yueju/led/install/pm_robot_control_test/share/pm_robot_control_test/hook/ament_prefix_path.sh'
[0.448s] INFO:colcon.colcon_core.shell:Skip shell extension 'powershell' for command environment: Not usable outside of PowerShell
[0.448s] DEBUG:colcon.colcon_core.shell:Skip shell extension 'dsv' for command environment
[0.458s] DEBUG:colcon.colcon_core.event_handler.log_command:Invoking command in '/home/yueju/led/build/open62541': CMAKE_PREFIX_PATH=/opt/ros/humble /usr/bin/cmake --build /home/yueju/led/build/open62541 -- -j8 -l8
[0.462s] DEBUG:colcon.colcon_core.event_handler.log_command:Invoking command in '/home/yueju/led/build/pm_robot_description': CMAKE_PREFIX_PATH=/opt/ros/humble /usr/bin/cmake --build /home/yueju/led/build/pm_robot_description -- -j8 -l8
[0.648s] INFO:colcon.colcon_core.task.python.build:Building Python package in '/home/yueju/led/src/battery_node'
[0.650s] INFO:colcon.colcon_core.shell:Skip shell extension 'powershell' for command environment: Not usable outside of PowerShell
[0.650s] DEBUG:colcon.colcon_core.shell:Skip shell extension 'dsv' for command environment
[0.657s] DEBUG:colcon.colcon_core.event_handler.log_command:Invoking command in '/home/yueju/led/build/interface': CMAKE_PREFIX_PATH=/opt/ros/humble /usr/bin/cmake --build /home/yueju/led/build/interface -- -j8 -l8
[0.661s] DEBUG:colcon.colcon_core.event_handler.log_command:Invoking command in '/home/yueju/led/build/opcua_server': CMAKE_PREFIX_PATH=/opt/ros/humble /usr/bin/cmake --build /home/yueju/led/build/opcua_server -- -j8 -l8
[0.885s] INFO:colcon.colcon_core.task.python.build:Building Python package in '/home/yueju/led/match_pm_robot/pm_robot_control_test'
[0.886s] INFO:colcon.colcon_core.shell:Skip shell extension 'powershell' for command environment: Not usable outside of PowerShell
[0.886s] DEBUG:colcon.colcon_core.shell:Skip shell extension 'dsv' for command environment
[0.891s] DEBUG:colcon.colcon_core.event_handler.log_command:Invoked command in '/home/yueju/led/build/open62541' returned '0': CMAKE_PREFIX_PATH=/opt/ros/humble /usr/bin/cmake --build /home/yueju/led/build/open62541 -- -j8 -l8
[0.892s] DEBUG:colcon.colcon_core.event_handler.log_command:Invoked command in '/home/yueju/led/build/pm_robot_description' returned '0': CMAKE_PREFIX_PATH=/opt/ros/humble /usr/bin/cmake --build /home/yueju/led/build/pm_robot_description -- -j8 -l8
[0.894s] DEBUG:colcon.colcon_core.event_handler.log_command:Invoked command in '/home/yueju/led/build/opcua_server' returned '0': CMAKE_PREFIX_PATH=/opt/ros/humble /usr/bin/cmake --build /home/yueju/led/build/opcua_server -- -j8 -l8
[0.930s] DEBUG:colcon.colcon_core.event_handler.log_command:Invoking command in '/home/yueju/led/build/pm_robot_description': CMAKE_PREFIX_PATH=/opt/ros/humble /usr/bin/cmake --install /home/yueju/led/build/pm_robot_description
[0.933s] DEBUG:colcon.colcon_core.event_handler.log_command:Invoking command in '/home/yueju/led/build/opcua_server': CMAKE_PREFIX_PATH=/opt/ros/humble /usr/bin/cmake --install /home/yueju/led/build/opcua_server
[0.935s] DEBUG:colcon.colcon_core.event_handler.log_command:Invoking command in '/home/yueju/led/build/open62541': CMAKE_PREFIX_PATH=/opt/ros/humble /usr/bin/cmake --install /home/yueju/led/build/open62541
[0.949s] Level 1:colcon.colcon_core.environment:create_environment_scripts_only(pm_robot_description)
[0.958s] DEBUG:colcon.colcon_core.event_handler.log_command:Invoked command in '/home/yueju/led/build/pm_robot_description' returned '0': CMAKE_PREFIX_PATH=/opt/ros/humble /usr/bin/cmake --install /home/yueju/led/build/pm_robot_description
[0.962s] Level 1:colcon.colcon_core.environment:checking '/home/yueju/led/install/pm_robot_description' for CMake module files
[0.963s] Level 1:colcon.colcon_core.environment:checking '/home/yueju/led/install/pm_robot_description' for CMake config files
[0.963s] Level 1:colcon.colcon_core.shell:create_environment_hook('pm_robot_description', 'cmake_prefix_path')
[0.965s] INFO:colcon.colcon_core.shell:Creating environment hook '/home/yueju/led/install/pm_robot_description/share/pm_robot_description/hook/cmake_prefix_path.ps1'
[0.965s] INFO:colcon.colcon_core.shell:Creating environment descriptor '/home/yueju/led/install/pm_robot_description/share/pm_robot_description/hook/cmake_prefix_path.dsv'
[0.966s] INFO:colcon.colcon_core.shell:Creating environment hook '/home/yueju/led/install/pm_robot_description/share/pm_robot_description/hook/cmake_prefix_path.sh'
[0.967s] Level 1:colcon.colcon_core.environment:checking '/home/yueju/led/install/pm_robot_description/bin'
[0.967s] Level 1:colcon.colcon_core.environment:checking '/home/yueju/led/install/pm_robot_description/lib/pkgconfig/pm_robot_description.pc'
[0.967s] Level 1:colcon.colcon_core.environment:checking '/home/yueju/led/install/pm_robot_description/lib/python3.10/site-packages'
[0.967s] Level 1:colcon.colcon_core.environment:checking '/home/yueju/led/install/pm_robot_description/bin'
[0.969s] INFO:colcon.colcon_core.shell:Creating package script '/home/yueju/led/install/pm_robot_description/share/pm_robot_description/package.ps1'
[0.971s] INFO:colcon.colcon_core.shell:Creating package descriptor '/home/yueju/led/install/pm_robot_description/share/pm_robot_description/package.dsv'
[0.972s] INFO:colcon.colcon_core.shell:Creating package script '/home/yueju/led/install/pm_robot_description/share/pm_robot_description/package.sh'
[0.973s] INFO:colcon.colcon_core.shell:Creating package script '/home/yueju/led/install/pm_robot_description/share/pm_robot_description/package.bash'
[0.974s] INFO:colcon.colcon_core.shell:Creating package script '/home/yueju/led/install/pm_robot_description/share/pm_robot_description/package.zsh'
[0.975s] Level 1:colcon.colcon_core.environment:create_file_with_runtime_dependencies(/home/yueju/led/install/pm_robot_description/share/colcon-core/packages/pm_robot_description)
[0.976s] Level 1:colcon.colcon_core.environment:create_environment_scripts_only(open62541)
[0.979s] Level 1:colcon.colcon_core.environment:checking '/home/yueju/led/install/open62541' for CMake module files
[0.980s] DEBUG:colcon.colcon_core.event_handler.log_command:Invoked command in '/home/yueju/led/build/open62541' returned '0': CMAKE_PREFIX_PATH=/opt/ros/humble /usr/bin/cmake --install /home/yueju/led/build/open62541
[0.980s] Level 1:colcon.colcon_core.environment:checking '/home/yueju/led/install/open62541' for CMake config files
[0.981s] Level 1:colcon.colcon_core.shell:create_environment_hook('open62541', 'cmake_prefix_path')
[0.983s] INFO:colcon.colcon_core.shell:Creating environment hook '/home/yueju/led/install/open62541/share/open62541/hook/cmake_prefix_path.ps1'
[0.983s] INFO:colcon.colcon_core.shell:Creating environment descriptor '/home/yueju/led/install/open62541/share/open62541/hook/cmake_prefix_path.dsv'
[0.984s] INFO:colcon.colcon_core.shell:Creating environment hook '/home/yueju/led/install/open62541/share/open62541/hook/cmake_prefix_path.sh'
[0.984s] Level 1:colcon.colcon_core.environment:checking '/home/yueju/led/install/open62541/lib'
[0.985s] Level 1:colcon.colcon_core.environment:checking '/home/yueju/led/install/open62541/bin'
[0.985s] Level 1:colcon.colcon_core.environment:checking '/home/yueju/led/install/open62541/lib/pkgconfig/open62541.pc'
[0.985s] Level 1:colcon.colcon_core.environment:checking '/home/yueju/led/install/open62541/lib/python3.10/site-packages'
[0.985s] Level 1:colcon.colcon_core.environment:checking '/home/yueju/led/install/open62541/bin'
[0.987s] INFO:colcon.colcon_core.shell:Creating package script '/home/yueju/led/install/open62541/share/open62541/package.ps1'
[0.988s] INFO:colcon.colcon_core.shell:Creating package descriptor '/home/yueju/led/install/open62541/share/open62541/package.dsv'
[0.989s] INFO:colcon.colcon_core.shell:Creating package script '/home/yueju/led/install/open62541/share/open62541/package.sh'
[0.989s] INFO:colcon.colcon_core.shell:Creating package script '/home/yueju/led/install/open62541/share/open62541/package.bash'
[0.990s] INFO:colcon.colcon_core.shell:Creating package script '/home/yueju/led/install/open62541/share/open62541/package.zsh'
[0.990s] Level 1:colcon.colcon_core.environment:create_file_with_runtime_dependencies(/home/yueju/led/install/open62541/share/colcon-core/packages/open62541)
[0.992s] Level 1:colcon.colcon_core.environment:create_environment_scripts_only(opcua_server)
[0.995s] Level 1:colcon.colcon_core.environment:checking '/home/yueju/led/install/opcua_server' for CMake module files
[0.996s] DEBUG:colcon.colcon_core.event_handler.log_command:Invoked command in '/home/yueju/led/build/opcua_server' returned '0': CMAKE_PREFIX_PATH=/opt/ros/humble /usr/bin/cmake --install /home/yueju/led/build/opcua_server
[0.997s] Level 1:colcon.colcon_core.environment:checking '/home/yueju/led/install/opcua_server' for CMake config files
[0.997s] Level 1:colcon.colcon_core.shell:create_environment_hook('opcua_server', 'cmake_prefix_path')
[0.999s] INFO:colcon.colcon_core.shell:Creating environment hook '/home/yueju/led/install/opcua_server/share/opcua_server/hook/cmake_prefix_path.ps1'
[1.000s] INFO:colcon.colcon_core.shell:Creating environment descriptor '/home/yueju/led/install/opcua_server/share/opcua_server/hook/cmake_prefix_path.dsv'
[1.000s] INFO:colcon.colcon_core.shell:Creating environment hook '/home/yueju/led/install/opcua_server/share/opcua_server/hook/cmake_prefix_path.sh'
[1.001s] Level 1:colcon.colcon_core.environment:checking '/home/yueju/led/install/opcua_server/lib'
[1.001s] Level 1:colcon.colcon_core.environment:checking '/home/yueju/led/install/opcua_server/bin'
[1.001s] Level 1:colcon.colcon_core.environment:checking '/home/yueju/led/install/opcua_server/lib/pkgconfig/opcua_server.pc'
[1.002s] Level 1:colcon.colcon_core.environment:checking '/home/yueju/led/install/opcua_server/lib/python3.10/site-packages'
[1.002s] Level 1:colcon.colcon_core.environment:checking '/home/yueju/led/install/opcua_server/bin'
[1.004s] INFO:colcon.colcon_core.shell:Creating package script '/home/yueju/led/install/opcua_server/share/opcua_server/package.ps1'
[1.005s] INFO:colcon.colcon_core.shell:Creating package descriptor '/home/yueju/led/install/opcua_server/share/opcua_server/package.dsv'
[1.005s] INFO:colcon.colcon_core.shell:Creating package script '/home/yueju/led/install/opcua_server/share/opcua_server/package.sh'
[1.006s] INFO:colcon.colcon_core.shell:Creating package script '/home/yueju/led/install/opcua_server/share/opcua_server/package.bash'
[1.006s] INFO:colcon.colcon_core.shell:Creating package script '/home/yueju/led/install/opcua_server/share/opcua_server/package.zsh'
[1.007s] Level 1:colcon.colcon_core.environment:create_file_with_runtime_dependencies(/home/yueju/led/install/opcua_server/share/colcon-core/packages/opcua_server)
[1.010s] Level 1:colcon.colcon_core.environment:create_environment_scripts_only(pm_robot_description)
[1.013s] Level 1:colcon.colcon_core.environment:checking '/home/yueju/led/install/pm_robot_description' for CMake module files
[1.014s] Level 1:colcon.colcon_core.environment:checking '/home/yueju/led/install/pm_robot_description' for CMake config files
[1.015s] Level 1:colcon.colcon_core.shell:create_environment_hook('pm_robot_description', 'cmake_prefix_path')
[1.016s] INFO:colcon.colcon_core.shell:Creating environment hook '/home/yueju/led/install/pm_robot_description/share/pm_robot_description/hook/cmake_prefix_path.ps1'
[1.017s] INFO:colcon.colcon_core.shell:Creating environment descriptor '/home/yueju/led/install/pm_robot_description/share/pm_robot_description/hook/cmake_prefix_path.dsv'
[1.017s] INFO:colcon.colcon_core.shell:Creating environment hook '/home/yueju/led/install/pm_robot_description/share/pm_robot_description/hook/cmake_prefix_path.sh'
[1.018s] Level 1:colcon.colcon_core.environment:checking '/home/yueju/led/install/pm_robot_description/bin'
[1.018s] Level 1:colcon.colcon_core.environment:checking '/home/yueju/led/install/pm_robot_description/lib/pkgconfig/pm_robot_description.pc'
[1.019s] Level 1:colcon.colcon_core.environment:checking '/home/yueju/led/install/pm_robot_description/lib/python3.10/site-packages'
[1.019s] Level 1:colcon.colcon_core.environment:checking '/home/yueju/led/install/pm_robot_description/bin'
[1.021s] INFO:colcon.colcon_core.shell:Creating package script '/home/yueju/led/install/pm_robot_description/share/pm_robot_description/package.ps1'
[1.022s] INFO:colcon.colcon_core.shell:Creating package descriptor '/home/yueju/led/install/pm_robot_description/share/pm_robot_description/package.dsv'
[1.023s] INFO:colcon.colcon_core.shell:Creating package script '/home/yueju/led/install/pm_robot_description/share/pm_robot_description/package.sh'
[1.023s] INFO:colcon.colcon_core.shell:Creating package script '/home/yueju/led/install/pm_robot_description/share/pm_robot_description/package.bash'
[1.024s] INFO:colcon.colcon_core.shell:Creating package script '/home/yueju/led/install/pm_robot_description/share/pm_robot_description/package.zsh'
[1.024s] Level 1:colcon.colcon_core.environment:create_file_with_runtime_dependencies(/home/yueju/led/install/pm_robot_description/share/colcon-core/packages/pm_robot_description)
[1.025s] INFO:colcon.colcon_ros.task.ament_cmake.build:Building ROS package in '/home/yueju/led/match_pm_robot/pm_robot_moveit_config' with build type 'ament_cmake'
[1.025s] INFO:colcon.colcon_cmake.task.cmake.build:Building CMake package in '/home/yueju/led/match_pm_robot/pm_robot_moveit_config'
[1.027s] INFO:colcon.colcon_core.shell:Skip shell extension 'powershell' for command environment: Not usable outside of PowerShell
[1.027s] DEBUG:colcon.colcon_core.shell:Skip shell extension 'dsv' for command environment
[1.036s] Level 1:colcon.colcon_core.environment:create_environment_scripts_only(open62541)
[1.038s] Level 1:colcon.colcon_core.environment:checking '/home/yueju/led/install/open62541' for CMake module files
[1.039s] Level 1:colcon.colcon_core.environment:checking '/home/yueju/led/install/open62541' for CMake config files
[1.040s] Level 1:colcon.colcon_core.shell:create_environment_hook('open62541', 'cmake_prefix_path')
[1.041s] INFO:colcon.colcon_core.shell:Creating environment hook '/home/yueju/led/install/open62541/share/open62541/hook/cmake_prefix_path.ps1'
[1.042s] INFO:colcon.colcon_core.shell:Creating environment descriptor '/home/yueju/led/install/open62541/share/open62541/hook/cmake_prefix_path.dsv'
[1.042s] INFO:colcon.colcon_core.shell:Creating environment hook '/home/yueju/led/install/open62541/share/open62541/hook/cmake_prefix_path.sh'
[1.043s] Level 1:colcon.colcon_core.environment:checking '/home/yueju/led/install/open62541/lib'
[1.043s] Level 1:colcon.colcon_core.environment:checking '/home/yueju/led/install/open62541/bin'
[1.043s] Level 1:colcon.colcon_core.environment:checking '/home/yueju/led/install/open62541/lib/pkgconfig/open62541.pc'
[1.044s] Level 1:colcon.colcon_core.environment:checking '/home/yueju/led/install/open62541/lib/python3.10/site-packages'
[1.044s] Level 1:colcon.colcon_core.environment:checking '/home/yueju/led/install/open62541/bin'
[1.046s] INFO:colcon.colcon_core.shell:Creating package script '/home/yueju/led/install/open62541/share/open62541/package.ps1'
[1.046s] INFO:colcon.colcon_core.shell:Creating package descriptor '/home/yueju/led/install/open62541/share/open62541/package.dsv'
[1.047s] INFO:colcon.colcon_core.shell:Creating package script '/home/yueju/led/install/open62541/share/open62541/package.sh'
[1.048s] INFO:colcon.colcon_core.shell:Creating package script '/home/yueju/led/install/open62541/share/open62541/package.bash'
[1.048s] INFO:colcon.colcon_core.shell:Creating package script '/home/yueju/led/install/open62541/share/open62541/package.zsh'
[1.048s] Level 1:colcon.colcon_core.environment:create_file_with_runtime_dependencies(/home/yueju/led/install/open62541/share/colcon-core/packages/open62541)
[1.050s] INFO:colcon.colcon_ros.task.ament_cmake.build:Building ROS package in '/home/yueju/led/match_pm_robot/pm_client' with build type 'ament_cmake'
[1.050s] INFO:colcon.colcon_cmake.task.cmake.build:Building CMake package in '/home/yueju/led/match_pm_robot/pm_client'
[1.052s] INFO:colcon.colcon_core.shell:Skip shell extension 'powershell' for command environment: Not usable outside of PowerShell
[1.052s] DEBUG:colcon.colcon_core.shell:Skip shell extension 'dsv' for command environment
[1.061s] Level 1:colcon.colcon_core.environment:create_environment_scripts_only(opcua_server)
[1.064s] Level 1:colcon.colcon_core.environment:checking '/home/yueju/led/install/opcua_server' for CMake module files
[1.066s] Level 1:colcon.colcon_core.environment:checking '/home/yueju/led/install/opcua_server' for CMake config files
[1.066s] Level 1:colcon.colcon_core.shell:create_environment_hook('opcua_server', 'cmake_prefix_path')
[1.068s] INFO:colcon.colcon_core.shell:Creating environment hook '/home/yueju/led/install/opcua_server/share/opcua_server/hook/cmake_prefix_path.ps1'
[1.069s] INFO:colcon.colcon_core.shell:Creating environment descriptor '/home/yueju/led/install/opcua_server/share/opcua_server/hook/cmake_prefix_path.dsv'
[1.069s] INFO:colcon.colcon_core.shell:Creating environment hook '/home/yueju/led/install/opcua_server/share/opcua_server/hook/cmake_prefix_path.sh'
[1.070s] Level 1:colcon.colcon_core.environment:checking '/home/yueju/led/install/opcua_server/lib'
[1.070s] Level 1:colcon.colcon_core.environment:checking '/home/yueju/led/install/opcua_server/bin'
[1.070s] Level 1:colcon.colcon_core.environment:checking '/home/yueju/led/install/opcua_server/lib/pkgconfig/opcua_server.pc'
[1.071s] Level 1:colcon.colcon_core.environment:checking '/home/yueju/led/install/opcua_server/lib/python3.10/site-packages'
[1.071s] Level 1:colcon.colcon_core.environment:checking '/home/yueju/led/install/opcua_server/bin'
[1.073s] INFO:colcon.colcon_core.shell:Creating package script '/home/yueju/led/install/opcua_server/share/opcua_server/package.ps1'
[1.074s] INFO:colcon.colcon_core.shell:Creating package descriptor '/home/yueju/led/install/opcua_server/share/opcua_server/package.dsv'
[1.074s] INFO:colcon.colcon_core.shell:Creating package script '/home/yueju/led/install/opcua_server/share/opcua_server/package.sh'
[1.075s] INFO:colcon.colcon_core.shell:Creating package script '/home/yueju/led/install/opcua_server/share/opcua_server/package.bash'
[1.075s] INFO:colcon.colcon_core.shell:Creating package script '/home/yueju/led/install/opcua_server/share/opcua_server/package.zsh'
[1.076s] Level 1:colcon.colcon_core.environment:create_file_with_runtime_dependencies(/home/yueju/led/install/opcua_server/share/colcon-core/packages/opcua_server)
[1.082s] DEBUG:colcon.colcon_core.event_handler.log_command:Invoking command in '/home/yueju/led/build/pm_robot_moveit_config': AMENT_PREFIX_PATH=/home/yueju/led/install/pm_robot_description:${AMENT_PREFIX_PATH} CMAKE_PREFIX_PATH=/home/yueju/led/install/pm_robot_description:/opt/ros/humble /usr/bin/cmake --build /home/yueju/led/build/pm_robot_moveit_config -- -j8 -l8
[1.085s] DEBUG:colcon.colcon_core.event_handler.log_command:Invoking command in '/home/yueju/led/build/pm_client': AMENT_PREFIX_PATH=/home/yueju/led/install/open62541:${AMENT_PREFIX_PATH} CMAKE_PREFIX_PATH=/home/yueju/led/install/open62541:/opt/ros/humble LD_LIBRARY_PATH=/home/yueju/led/install/open62541/lib:${LD_LIBRARY_PATH} /usr/bin/cmake --build /home/yueju/led/build/pm_client -- -j8 -l8
[1.122s] DEBUG:colcon.colcon_core.event_handler.log_command:Invoked command in '/home/yueju/led/build/pm_robot_moveit_config' returned '0': AMENT_PREFIX_PATH=/home/yueju/led/install/pm_robot_description:${AMENT_PREFIX_PATH} CMAKE_PREFIX_PATH=/home/yueju/led/install/pm_robot_description:/opt/ros/humble /usr/bin/cmake --build /home/yueju/led/build/pm_robot_moveit_config -- -j8 -l8
[1.125s] DEBUG:colcon.colcon_core.event_handler.log_command:Invoked command in '/home/yueju/led/build/interface' returned '0': CMAKE_PREFIX_PATH=/opt/ros/humble /usr/bin/cmake --build /home/yueju/led/build/interface -- -j8 -l8
[1.150s] DEBUG:colcon.colcon_core.event_handler.log_command:Invoking command in '/home/yueju/led/build/pm_robot_moveit_config': AMENT_PREFIX_PATH=/home/yueju/led/install/pm_robot_description:${AMENT_PREFIX_PATH} CMAKE_PREFIX_PATH=/home/yueju/led/install/pm_robot_description:/opt/ros/humble /usr/bin/cmake --install /home/yueju/led/build/pm_robot_moveit_config
[1.165s] Level 1:colcon.colcon_core.environment:create_environment_scripts_only(pm_robot_moveit_config)
[1.169s] Level 1:colcon.colcon_core.environment:checking '/home/yueju/led/install/pm_robot_moveit_config' for CMake module files
[1.171s] DEBUG:colcon.colcon_core.event_handler.log_command:Invoked command in '/home/yueju/led/build/pm_robot_moveit_config' returned '0': AMENT_PREFIX_PATH=/home/yueju/led/install/pm_robot_description:${AMENT_PREFIX_PATH} CMAKE_PREFIX_PATH=/home/yueju/led/install/pm_robot_description:/opt/ros/humble /usr/bin/cmake --install /home/yueju/led/build/pm_robot_moveit_config
[1.171s] Level 1:colcon.colcon_core.environment:checking '/home/yueju/led/install/pm_robot_moveit_config' for CMake config files
[1.172s] Level 1:colcon.colcon_core.shell:create_environment_hook('pm_robot_moveit_config', 'cmake_prefix_path')
[1.174s] INFO:colcon.colcon_core.shell:Creating environment hook '/home/yueju/led/install/pm_robot_moveit_config/share/pm_robot_moveit_config/hook/cmake_prefix_path.ps1'
[1.174s] INFO:colcon.colcon_core.shell:Creating environment descriptor '/home/yueju/led/install/pm_robot_moveit_config/share/pm_robot_moveit_config/hook/cmake_prefix_path.dsv'
[1.175s] INFO:colcon.colcon_core.shell:Creating environment hook '/home/yueju/led/install/pm_robot_moveit_config/share/pm_robot_moveit_config/hook/cmake_prefix_path.sh'
[1.176s] Level 1:colcon.colcon_core.environment:checking '/home/yueju/led/install/pm_robot_moveit_config/bin'
[1.176s] Level 1:colcon.colcon_core.environment:checking '/home/yueju/led/install/pm_robot_moveit_config/lib/pkgconfig/pm_robot_moveit_config.pc'
[1.176s] Level 1:colcon.colcon_core.environment:checking '/home/yueju/led/install/pm_robot_moveit_config/lib/python3.10/site-packages'
[1.176s] Level 1:colcon.colcon_core.environment:checking '/home/yueju/led/install/pm_robot_moveit_config/bin'
[1.178s] INFO:colcon.colcon_core.shell:Creating package script '/home/yueju/led/install/pm_robot_moveit_config/share/pm_robot_moveit_config/package.ps1'
[1.179s] INFO:colcon.colcon_core.shell:Creating package descriptor '/home/yueju/led/install/pm_robot_moveit_config/share/pm_robot_moveit_config/package.dsv'
[1.179s] INFO:colcon.colcon_core.shell:Creating package script '/home/yueju/led/install/pm_robot_moveit_config/share/pm_robot_moveit_config/package.sh'
[1.180s] INFO:colcon.colcon_core.shell:Creating package script '/home/yueju/led/install/pm_robot_moveit_config/share/pm_robot_moveit_config/package.bash'
[1.180s] INFO:colcon.colcon_core.shell:Creating package script '/home/yueju/led/install/pm_robot_moveit_config/share/pm_robot_moveit_config/package.zsh'
[1.181s] Level 1:colcon.colcon_core.environment:create_file_with_runtime_dependencies(/home/yueju/led/install/pm_robot_moveit_config/share/colcon-core/packages/pm_robot_moveit_config)
[1.183s] DEBUG:colcon.colcon_core.event_handler.log_command:Invoked command in '/home/yueju/led/build/pm_client' returned '0': AMENT_PREFIX_PATH=/home/yueju/led/install/open62541:${AMENT_PREFIX_PATH} CMAKE_PREFIX_PATH=/home/yueju/led/install/open62541:/opt/ros/humble LD_LIBRARY_PATH=/home/yueju/led/install/open62541/lib:${LD_LIBRARY_PATH} /usr/bin/cmake --build /home/yueju/led/build/pm_client -- -j8 -l8
[1.207s] DEBUG:colcon.colcon_core.event_handler.log_command:Invoking command in '/home/yueju/led/build/interface': CMAKE_PREFIX_PATH=/opt/ros/humble /usr/bin/cmake --install /home/yueju/led/build/interface
[1.211s] Level 1:colcon.colcon_core.environment:create_environment_scripts_only(pm_robot_moveit_config)
[1.214s] Level 1:colcon.colcon_core.environment:checking '/home/yueju/led/install/pm_robot_moveit_config' for CMake module files
[1.215s] Level 1:colcon.colcon_core.environment:checking '/home/yueju/led/install/pm_robot_moveit_config' for CMake config files
[1.216s] Level 1:colcon.colcon_core.shell:create_environment_hook('pm_robot_moveit_config', 'cmake_prefix_path')
[1.218s] INFO:colcon.colcon_core.shell:Creating environment hook '/home/yueju/led/install/pm_robot_moveit_config/share/pm_robot_moveit_config/hook/cmake_prefix_path.ps1'
[1.222s] INFO:colcon.colcon_core.shell:Creating environment descriptor '/home/yueju/led/install/pm_robot_moveit_config/share/pm_robot_moveit_config/hook/cmake_prefix_path.dsv'
[1.223s] INFO:colcon.colcon_core.shell:Creating environment hook '/home/yueju/led/install/pm_robot_moveit_config/share/pm_robot_moveit_config/hook/cmake_prefix_path.sh'
[1.229s] Level 1:colcon.colcon_core.environment:checking '/home/yueju/led/install/pm_robot_moveit_config/bin'
[1.230s] Level 1:colcon.colcon_core.environment:checking '/home/yueju/led/install/pm_robot_moveit_config/lib/pkgconfig/pm_robot_moveit_config.pc'
[1.230s] Level 1:colcon.colcon_core.environment:checking '/home/yueju/led/install/pm_robot_moveit_config/lib/python3.10/site-packages'
[1.231s] Level 1:colcon.colcon_core.environment:checking '/home/yueju/led/install/pm_robot_moveit_config/bin'
[1.233s] INFO:colcon.colcon_core.shell:Creating package script '/home/yueju/led/install/pm_robot_moveit_config/share/pm_robot_moveit_config/package.ps1'
[1.233s] INFO:colcon.colcon_core.shell:Creating package descriptor '/home/yueju/led/install/pm_robot_moveit_config/share/pm_robot_moveit_config/package.dsv'
[1.234s] INFO:colcon.colcon_core.shell:Creating package script '/home/yueju/led/install/pm_robot_moveit_config/share/pm_robot_moveit_config/package.sh'
[1.235s] INFO:colcon.colcon_core.shell:Creating package script '/home/yueju/led/install/pm_robot_moveit_config/share/pm_robot_moveit_config/package.bash'
[1.235s] INFO:colcon.colcon_core.shell:Creating package script '/home/yueju/led/install/pm_robot_moveit_config/share/pm_robot_moveit_config/package.zsh'
[1.236s] Level 1:colcon.colcon_core.environment:create_file_with_runtime_dependencies(/home/yueju/led/install/pm_robot_moveit_config/share/colcon-core/packages/pm_robot_moveit_config)
[1.239s] DEBUG:colcon.colcon_core.event_handler.log_command:Invoking command in '/home/yueju/led/build/pm_client': AMENT_PREFIX_PATH=/home/yueju/led/install/open62541:${AMENT_PREFIX_PATH} CMAKE_PREFIX_PATH=/home/yueju/led/install/open62541:/opt/ros/humble LD_LIBRARY_PATH=/home/yueju/led/install/open62541/lib:${LD_LIBRARY_PATH} /usr/bin/cmake --install /home/yueju/led/build/pm_client
[1.250s] Level 1:colcon.colcon_core.environment:create_environment_scripts_only(pm_client)
[1.252s] Level 1:colcon.colcon_core.environment:checking '/home/yueju/led/install/pm_client' for CMake module files
[1.253s] DEBUG:colcon.colcon_core.event_handler.log_command:Invoked command in '/home/yueju/led/build/pm_client' returned '0': AMENT_PREFIX_PATH=/home/yueju/led/install/open62541:${AMENT_PREFIX_PATH} CMAKE_PREFIX_PATH=/home/yueju/led/install/open62541:/opt/ros/humble LD_LIBRARY_PATH=/home/yueju/led/install/open62541/lib:${LD_LIBRARY_PATH} /usr/bin/cmake --install /home/yueju/led/build/pm_client
[1.253s] Level 1:colcon.colcon_core.environment:checking '/home/yueju/led/install/pm_client' for CMake config files
[1.253s] Level 1:colcon.colcon_core.shell:create_environment_hook('pm_client', 'cmake_prefix_path')
[1.255s] INFO:colcon.colcon_core.shell:Creating environment hook '/home/yueju/led/install/pm_client/share/pm_client/hook/cmake_prefix_path.ps1'
[1.255s] INFO:colcon.colcon_core.shell:Creating environment descriptor '/home/yueju/led/install/pm_client/share/pm_client/hook/cmake_prefix_path.dsv'
[1.255s] INFO:colcon.colcon_core.shell:Creating environment hook '/home/yueju/led/install/pm_client/share/pm_client/hook/cmake_prefix_path.sh'
[1.256s] Level 1:colcon.colcon_core.environment:checking '/home/yueju/led/install/pm_client/lib'
[1.256s] Level 1:colcon.colcon_core.environment:checking '/home/yueju/led/install/pm_client/bin'
[1.256s] Level 1:colcon.colcon_core.environment:checking '/home/yueju/led/install/pm_client/lib/pkgconfig/pm_client.pc'
[1.256s] Level 1:colcon.colcon_core.environment:checking '/home/yueju/led/install/pm_client/lib/python3.10/site-packages'
[1.256s] Level 1:colcon.colcon_core.environment:checking '/home/yueju/led/install/pm_client/bin'
[1.258s] INFO:colcon.colcon_core.shell:Creating package script '/home/yueju/led/install/pm_client/share/pm_client/package.ps1'
[1.258s] INFO:colcon.colcon_core.shell:Creating package descriptor '/home/yueju/led/install/pm_client/share/pm_client/package.dsv'
[1.258s] INFO:colcon.colcon_core.shell:Creating package script '/home/yueju/led/install/pm_client/share/pm_client/package.sh'
[1.259s] INFO:colcon.colcon_core.shell:Creating package script '/home/yueju/led/install/pm_client/share/pm_client/package.bash'
[1.259s] INFO:colcon.colcon_core.shell:Creating package script '/home/yueju/led/install/pm_client/share/pm_client/package.zsh'
[1.259s] Level 1:colcon.colcon_core.environment:create_file_with_runtime_dependencies(/home/yueju/led/install/pm_client/share/colcon-core/packages/pm_client)
[1.277s] Level 1:colcon.colcon_core.environment:create_environment_scripts_only(interface)
[1.279s] Level 1:colcon.colcon_core.environment:checking '/home/yueju/led/install/interface' for CMake module files
[1.280s] DEBUG:colcon.colcon_core.event_handler.log_command:Invoked command in '/home/yueju/led/build/interface' returned '0': CMAKE_PREFIX_PATH=/opt/ros/humble /usr/bin/cmake --install /home/yueju/led/build/interface
[1.280s] Level 1:colcon.colcon_core.environment:checking '/home/yueju/led/install/interface' for CMake config files
[1.281s] Level 1:colcon.colcon_core.shell:create_environment_hook('interface', 'cmake_prefix_path')
[1.283s] INFO:colcon.colcon_core.shell:Creating environment hook '/home/yueju/led/install/interface/share/interface/hook/cmake_prefix_path.ps1'
[1.284s] INFO:colcon.colcon_core.shell:Creating environment descriptor '/home/yueju/led/install/interface/share/interface/hook/cmake_prefix_path.dsv'
[1.284s] INFO:colcon.colcon_core.shell:Creating environment hook '/home/yueju/led/install/interface/share/interface/hook/cmake_prefix_path.sh'
[1.285s] Level 1:colcon.colcon_core.environment:checking '/home/yueju/led/install/interface/lib'
[1.285s] Level 1:colcon.colcon_core.shell:create_environment_hook('interface', 'ld_library_path_lib')
[1.287s] INFO:colcon.colcon_core.shell:Creating environment hook '/home/yueju/led/install/interface/share/interface/hook/ld_library_path_lib.ps1'
[1.288s] INFO:colcon.colcon_core.shell:Creating environment descriptor '/home/yueju/led/install/interface/share/interface/hook/ld_library_path_lib.dsv'
[1.288s] INFO:colcon.colcon_core.shell:Creating environment hook '/home/yueju/led/install/interface/share/interface/hook/ld_library_path_lib.sh'
[1.288s] Level 1:colcon.colcon_core.environment:checking '/home/yueju/led/install/interface/bin'
[1.289s] Level 1:colcon.colcon_core.environment:checking '/home/yueju/led/install/interface/lib/pkgconfig/interface.pc'
[1.289s] Level 1:colcon.colcon_core.environment:checking '/home/yueju/led/install/interface/lib/python3.10/site-packages'
[1.289s] Level 1:colcon.colcon_core.environment:checking '/home/yueju/led/install/interface/bin'
[1.291s] INFO:colcon.colcon_core.shell:Creating package script '/home/yueju/led/install/interface/share/interface/package.ps1'
[1.292s] INFO:colcon.colcon_core.shell:Creating package descriptor '/home/yueju/led/install/interface/share/interface/package.dsv'
[1.292s] INFO:colcon.colcon_core.shell:Creating package script '/home/yueju/led/install/interface/share/interface/package.sh'
[1.293s] INFO:colcon.colcon_core.shell:Creating package script '/home/yueju/led/install/interface/share/interface/package.bash'
[1.293s] INFO:colcon.colcon_core.shell:Creating package script '/home/yueju/led/install/interface/share/interface/package.zsh'
[1.293s] Level 1:colcon.colcon_core.environment:create_file_with_runtime_dependencies(/home/yueju/led/install/interface/share/colcon-core/packages/interface)
[1.297s] Level 1:colcon.colcon_core.environment:create_environment_scripts_only(pm_client)
[1.300s] Level 1:colcon.colcon_core.environment:checking '/home/yueju/led/install/pm_client' for CMake module files
[1.300s] Level 1:colcon.colcon_core.environment:checking '/home/yueju/led/install/pm_client' for CMake config files
[1.301s] Level 1:colcon.colcon_core.shell:create_environment_hook('pm_client', 'cmake_prefix_path')
[1.303s] INFO:colcon.colcon_core.shell:Creating environment hook '/home/yueju/led/install/pm_client/share/pm_client/hook/cmake_prefix_path.ps1'
[1.303s] INFO:colcon.colcon_core.shell:Creating environment descriptor '/home/yueju/led/install/pm_client/share/pm_client/hook/cmake_prefix_path.dsv'
[1.304s] INFO:colcon.colcon_core.shell:Creating environment hook '/home/yueju/led/install/pm_client/share/pm_client/hook/cmake_prefix_path.sh'
[1.304s] Level 1:colcon.colcon_core.environment:checking '/home/yueju/led/install/pm_client/lib'
[1.304s] Level 1:colcon.colcon_core.environment:checking '/home/yueju/led/install/pm_client/bin'
[1.304s] Level 1:colcon.colcon_core.environment:checking '/home/yueju/led/install/pm_client/lib/pkgconfig/pm_client.pc'
[1.305s] Level 1:colcon.colcon_core.environment:checking '/home/yueju/led/install/pm_client/lib/python3.10/site-packages'
[1.305s] Level 1:colcon.colcon_core.environment:checking '/home/yueju/led/install/pm_client/bin'
[1.307s] INFO:colcon.colcon_core.shell:Creating package script '/home/yueju/led/install/pm_client/share/pm_client/package.ps1'
[1.308s] INFO:colcon.colcon_core.shell:Creating package descriptor '/home/yueju/led/install/pm_client/share/pm_client/package.dsv'
[1.309s] INFO:colcon.colcon_core.shell:Creating package script '/home/yueju/led/install/pm_client/share/pm_client/package.sh'
[1.309s] INFO:colcon.colcon_core.shell:Creating package script '/home/yueju/led/install/pm_client/share/pm_client/package.bash'
[1.310s] INFO:colcon.colcon_core.shell:Creating package script '/home/yueju/led/install/pm_client/share/pm_client/package.zsh'
[1.310s] Level 1:colcon.colcon_core.environment:create_file_with_runtime_dependencies(/home/yueju/led/install/pm_client/share/colcon-core/packages/pm_client)
[1.311s] INFO:colcon.colcon_ros.task.ament_cmake.build:Building ROS package in '/home/yueju/led/match_pm_robot/pm_robot_control' with build type 'ament_cmake'
[1.311s] INFO:colcon.colcon_cmake.task.cmake.build:Building CMake package in '/home/yueju/led/match_pm_robot/pm_robot_control'
[1.313s] INFO:colcon.colcon_core.shell:Skip shell extension 'powershell' for command environment: Not usable outside of PowerShell
[1.313s] DEBUG:colcon.colcon_core.shell:Skip shell extension 'dsv' for command environment
[1.327s] DEBUG:colcon.colcon_core.event_handler.log_command:Invoking command in '/home/yueju/led/build/pm_robot_control': AMENT_PREFIX_PATH=/home/yueju/led/install/pm_client:/home/yueju/led/install/open62541:${AMENT_PREFIX_PATH} CMAKE_PREFIX_PATH=/home/yueju/led/install/pm_client:/home/yueju/led/install/open62541:/opt/ros/humble LD_LIBRARY_PATH=/home/yueju/led/install/pm_client/lib:/home/yueju/led/install/open62541/lib:${LD_LIBRARY_PATH} /usr/bin/cmake --build /home/yueju/led/build/pm_robot_control -- -j8 -l8
[1.370s] Level 1:colcon.colcon_core.environment:create_environment_scripts_only(interface)
[1.372s] Level 1:colcon.colcon_core.environment:checking '/home/yueju/led/install/interface' for CMake module files
[1.373s] Level 1:colcon.colcon_core.environment:checking '/home/yueju/led/install/interface' for CMake config files
[1.374s] Level 1:colcon.colcon_core.shell:create_environment_hook('interface', 'cmake_prefix_path')
[1.376s] INFO:colcon.colcon_core.shell:Creating environment hook '/home/yueju/led/install/interface/share/interface/hook/cmake_prefix_path.ps1'
[1.376s] INFO:colcon.colcon_core.shell:Creating environment descriptor '/home/yueju/led/install/interface/share/interface/hook/cmake_prefix_path.dsv'
[1.376s] INFO:colcon.colcon_core.shell:Creating environment hook '/home/yueju/led/install/interface/share/interface/hook/cmake_prefix_path.sh'
[1.377s] Level 1:colcon.colcon_core.environment:checking '/home/yueju/led/install/interface/lib'
[1.377s] Level 1:colcon.colcon_core.shell:create_environment_hook('interface', 'ld_library_path_lib')
[1.378s] INFO:colcon.colcon_core.shell:Creating environment hook '/home/yueju/led/install/interface/share/interface/hook/ld_library_path_lib.ps1'
[1.379s] INFO:colcon.colcon_core.shell:Creating environment descriptor '/home/yueju/led/install/interface/share/interface/hook/ld_library_path_lib.dsv'
[1.379s] INFO:colcon.colcon_core.shell:Creating environment hook '/home/yueju/led/install/interface/share/interface/hook/ld_library_path_lib.sh'
[1.379s] Level 1:colcon.colcon_core.environment:checking '/home/yueju/led/install/interface/bin'
[1.379s] Level 1:colcon.colcon_core.environment:checking '/home/yueju/led/install/interface/lib/pkgconfig/interface.pc'
[1.380s] Level 1:colcon.colcon_core.environment:checking '/home/yueju/led/install/interface/lib/python3.10/site-packages'
[1.380s] Level 1:colcon.colcon_core.environment:checking '/home/yueju/led/install/interface/bin'
[1.381s] INFO:colcon.colcon_core.shell:Creating package script '/home/yueju/led/install/interface/share/interface/package.ps1'
[1.382s] INFO:colcon.colcon_core.shell:Creating package descriptor '/home/yueju/led/install/interface/share/interface/package.dsv'
[1.382s] INFO:colcon.colcon_core.shell:Creating package script '/home/yueju/led/install/interface/share/interface/package.sh'
[1.383s] INFO:colcon.colcon_core.shell:Creating package script '/home/yueju/led/install/interface/share/interface/package.bash'
[1.383s] INFO:colcon.colcon_core.shell:Creating package script '/home/yueju/led/install/interface/share/interface/package.zsh'
[1.384s] Level 1:colcon.colcon_core.environment:create_file_with_runtime_dependencies(/home/yueju/led/install/interface/share/colcon-core/packages/interface)
[1.397s] DEBUG:colcon.colcon_core.event_handler.log_command:Invoked command in '/home/yueju/led/build/pm_robot_control' returned '0': AMENT_PREFIX_PATH=/home/yueju/led/install/pm_client:/home/yueju/led/install/open62541:${AMENT_PREFIX_PATH} CMAKE_PREFIX_PATH=/home/yueju/led/install/pm_client:/home/yueju/led/install/open62541:/opt/ros/humble LD_LIBRARY_PATH=/home/yueju/led/install/pm_client/lib:/home/yueju/led/install/open62541/lib:${LD_LIBRARY_PATH} /usr/bin/cmake --build /home/yueju/led/build/pm_robot_control -- -j8 -l8
[1.423s] DEBUG:colcon.colcon_core.event_handler.log_command:Invoking command in '/home/yueju/led/build/pm_robot_control': AMENT_PREFIX_PATH=/home/yueju/led/install/pm_client:/home/yueju/led/install/open62541:${AMENT_PREFIX_PATH} CMAKE_PREFIX_PATH=/home/yueju/led/install/pm_client:/home/yueju/led/install/open62541:/opt/ros/humble LD_LIBRARY_PATH=/home/yueju/led/install/pm_client/lib:/home/yueju/led/install/open62541/lib:${LD_LIBRARY_PATH} /usr/bin/cmake --install /home/yueju/led/build/pm_robot_control
[1.433s] Level 1:colcon.colcon_core.environment:create_environment_scripts_only(pm_robot_control)
[1.435s] Level 1:colcon.colcon_core.environment:checking '/home/yueju/led/install/pm_robot_control' for CMake module files
[1.435s] DEBUG:colcon.colcon_core.event_handler.log_command:Invoked command in '/home/yueju/led/build/pm_robot_control' returned '0': AMENT_PREFIX_PATH=/home/yueju/led/install/pm_client:/home/yueju/led/install/open62541:${AMENT_PREFIX_PATH} CMAKE_PREFIX_PATH=/home/yueju/led/install/pm_client:/home/yueju/led/install/open62541:/opt/ros/humble LD_LIBRARY_PATH=/home/yueju/led/install/pm_client/lib:/home/yueju/led/install/open62541/lib:${LD_LIBRARY_PATH} /usr/bin/cmake --install /home/yueju/led/build/pm_robot_control
[1.436s] Level 1:colcon.colcon_core.environment:checking '/home/yueju/led/install/pm_robot_control' for CMake config files
[1.436s] Level 1:colcon.colcon_core.shell:create_environment_hook('pm_robot_control', 'cmake_prefix_path')
[1.437s] INFO:colcon.colcon_core.shell:Creating environment hook '/home/yueju/led/install/pm_robot_control/share/pm_robot_control/hook/cmake_prefix_path.ps1'
[1.438s] INFO:colcon.colcon_core.shell:Creating environment descriptor '/home/yueju/led/install/pm_robot_control/share/pm_robot_control/hook/cmake_prefix_path.dsv'
[1.438s] INFO:colcon.colcon_core.shell:Creating environment hook '/home/yueju/led/install/pm_robot_control/share/pm_robot_control/hook/cmake_prefix_path.sh'
[1.439s] Level 1:colcon.colcon_core.environment:checking '/home/yueju/led/install/pm_robot_control/lib'
[1.439s] Level 1:colcon.colcon_core.environment:checking '/home/yueju/led/install/pm_robot_control/bin'
[1.439s] Level 1:colcon.colcon_core.environment:checking '/home/yueju/led/install/pm_robot_control/lib/pkgconfig/pm_robot_control.pc'
[1.439s] Level 1:colcon.colcon_core.environment:checking '/home/yueju/led/install/pm_robot_control/lib/python3.10/site-packages'
[1.439s] Level 1:colcon.colcon_core.environment:checking '/home/yueju/led/install/pm_robot_control/bin'
[1.440s] INFO:colcon.colcon_core.shell:Creating package script '/home/yueju/led/install/pm_robot_control/share/pm_robot_control/package.ps1'
[1.441s] INFO:colcon.colcon_core.shell:Creating package descriptor '/home/yueju/led/install/pm_robot_control/share/pm_robot_control/package.dsv'
[1.441s] INFO:colcon.colcon_core.shell:Creating package script '/home/yueju/led/install/pm_robot_control/share/pm_robot_control/package.sh'
[1.441s] INFO:colcon.colcon_core.shell:Creating package script '/home/yueju/led/install/pm_robot_control/share/pm_robot_control/package.bash'
[1.442s] INFO:colcon.colcon_core.shell:Creating package script '/home/yueju/led/install/pm_robot_control/share/pm_robot_control/package.zsh'
[1.442s] Level 1:colcon.colcon_core.environment:create_file_with_runtime_dependencies(/home/yueju/led/install/pm_robot_control/share/colcon-core/packages/pm_robot_control)
[1.467s] Level 1:colcon.colcon_core.environment:create_environment_scripts_only(pm_robot_control)
[1.468s] Level 1:colcon.colcon_core.environment:checking '/home/yueju/led/install/pm_robot_control' for CMake module files
[1.469s] Level 1:colcon.colcon_core.environment:checking '/home/yueju/led/install/pm_robot_control' for CMake config files
[1.469s] Level 1:colcon.colcon_core.shell:create_environment_hook('pm_robot_control', 'cmake_prefix_path')
[1.470s] INFO:colcon.colcon_core.shell:Creating environment hook '/home/yueju/led/install/pm_robot_control/share/pm_robot_control/hook/cmake_prefix_path.ps1'
[1.476s] INFO:colcon.colcon_core.shell:Creating environment descriptor '/home/yueju/led/install/pm_robot_control/share/pm_robot_control/hook/cmake_prefix_path.dsv'
[1.476s] INFO:colcon.colcon_core.shell:Creating environment hook '/home/yueju/led/install/pm_robot_control/share/pm_robot_control/hook/cmake_prefix_path.sh'
[1.476s] Level 1:colcon.colcon_core.environment:checking '/home/yueju/led/install/pm_robot_control/lib'
[1.477s] Level 1:colcon.colcon_core.environment:checking '/home/yueju/led/install/pm_robot_control/bin'
[1.477s] Level 1:colcon.colcon_core.environment:checking '/home/yueju/led/install/pm_robot_control/lib/pkgconfig/pm_robot_control.pc'
[1.477s] Level 1:colcon.colcon_core.environment:checking '/home/yueju/led/install/pm_robot_control/lib/python3.10/site-packages'
[1.477s] Level 1:colcon.colcon_core.environment:checking '/home/yueju/led/install/pm_robot_control/bin'
[1.478s] INFO:colcon.colcon_core.shell:Creating package script '/home/yueju/led/install/pm_robot_control/share/pm_robot_control/package.ps1'
[1.479s] INFO:colcon.colcon_core.shell:Creating package descriptor '/home/yueju/led/install/pm_robot_control/share/pm_robot_control/package.dsv'
[1.479s] INFO:colcon.colcon_core.shell:Creating package script '/home/yueju/led/install/pm_robot_control/share/pm_robot_control/package.sh'
[1.480s] INFO:colcon.colcon_core.shell:Creating package script '/home/yueju/led/install/pm_robot_control/share/pm_robot_control/package.bash'
[1.480s] INFO:colcon.colcon_core.shell:Creating package script '/home/yueju/led/install/pm_robot_control/share/pm_robot_control/package.zsh'
[1.480s] Level 1:colcon.colcon_core.environment:create_file_with_runtime_dependencies(/home/yueju/led/install/pm_robot_control/share/colcon-core/packages/pm_robot_control)
[1.625s] DEBUG:colcon.colcon_core.event_handler.log_command:Invoking command in '/home/yueju/led/match_pm_robot/pm_robot_control_test': PYTHONPATH=/home/yueju/led/build/pm_robot_control_test/prefix_override:/home/yueju/led/install/pm_robot_control_test/lib/python3.10/site-packages:${PYTHONPATH} /usr/bin/python3 setup.py egg_info --egg-base ../../build/pm_robot_control_test build --build-base /home/yueju/led/build/pm_robot_control_test/build install --record /home/yueju/led/build/pm_robot_control_test/install.log --single-version-externally-managed
[1.652s] DEBUG:colcon.colcon_core.event_handler.log_command:Invoking command in '/home/yueju/led/src/battery_node': PYTHONPATH=/home/yueju/led/build/battery_node/prefix_override:/home/yueju/led/install/battery_node/lib/python3.10/site-packages:${PYTHONPATH} /usr/bin/python3 setup.py egg_info --egg-base ../../build/battery_node build --build-base /home/yueju/led/build/battery_node/build install --record /home/yueju/led/build/battery_node/install.log --single-version-externally-managed
[2.091s] Level 1:colcon.colcon_core.environment:checking '/home/yueju/led/install/pm_robot_control_test' for CMake module files
[2.092s] DEBUG:colcon.colcon_core.event_handler.log_command:Invoked command in '/home/yueju/led/match_pm_robot/pm_robot_control_test' returned '0': PYTHONPATH=/home/yueju/led/build/pm_robot_control_test/prefix_override:/home/yueju/led/install/pm_robot_control_test/lib/python3.10/site-packages:${PYTHONPATH} /usr/bin/python3 setup.py egg_info --egg-base ../../build/pm_robot_control_test build --build-base /home/yueju/led/build/pm_robot_control_test/build install --record /home/yueju/led/build/pm_robot_control_test/install.log --single-version-externally-managed
[2.093s] Level 1:colcon.colcon_core.environment:checking '/home/yueju/led/install/pm_robot_control_test' for CMake config files
[2.094s] Level 1:colcon.colcon_core.environment:checking '/home/yueju/led/install/pm_robot_control_test/lib'
[2.094s] Level 1:colcon.colcon_core.environment:checking '/home/yueju/led/install/pm_robot_control_test/bin'
[2.094s] Level 1:colcon.colcon_core.environment:checking '/home/yueju/led/install/pm_robot_control_test/lib/pkgconfig/pm_robot_control_test.pc'
[2.094s] Level 1:colcon.colcon_core.environment:checking '/home/yueju/led/install/pm_robot_control_test/lib/python3.10/site-packages'
[2.094s] Level 1:colcon.colcon_core.shell:create_environment_hook('pm_robot_control_test', 'pythonpath')
[2.096s] INFO:colcon.colcon_core.shell:Creating environment hook '/home/yueju/led/install/pm_robot_control_test/share/pm_robot_control_test/hook/pythonpath.ps1'
[2.096s] INFO:colcon.colcon_core.shell:Creating environment descriptor '/home/yueju/led/install/pm_robot_control_test/share/pm_robot_control_test/hook/pythonpath.dsv'
[2.096s] INFO:colcon.colcon_core.shell:Creating environment hook '/home/yueju/led/install/pm_robot_control_test/share/pm_robot_control_test/hook/pythonpath.sh'
[2.097s] Level 1:colcon.colcon_core.environment:checking '/home/yueju/led/install/pm_robot_control_test/bin'
[2.097s] Level 1:colcon.colcon_core.environment:create_environment_scripts_only(pm_robot_control_test)
[2.098s] INFO:colcon.colcon_core.shell:Creating package script '/home/yueju/led/install/pm_robot_control_test/share/pm_robot_control_test/package.ps1'
[2.099s] INFO:colcon.colcon_core.shell:Creating package descriptor '/home/yueju/led/install/pm_robot_control_test/share/pm_robot_control_test/package.dsv'
[2.099s] INFO:colcon.colcon_core.shell:Creating package script '/home/yueju/led/install/pm_robot_control_test/share/pm_robot_control_test/package.sh'
[2.100s] INFO:colcon.colcon_core.shell:Creating package script '/home/yueju/led/install/pm_robot_control_test/share/pm_robot_control_test/package.bash'
[2.100s] INFO:colcon.colcon_core.shell:Creating package script '/home/yueju/led/install/pm_robot_control_test/share/pm_robot_control_test/package.zsh'
[2.100s] Level 1:colcon.colcon_core.environment:create_file_with_runtime_dependencies(/home/yueju/led/install/pm_robot_control_test/share/colcon-core/packages/pm_robot_control_test)
[2.120s] Level 1:colcon.colcon_core.environment:checking '/home/yueju/led/install/battery_node' for CMake module files
[2.120s] DEBUG:colcon.colcon_core.event_handler.log_command:Invoked command in '/home/yueju/led/src/battery_node' returned '0': PYTHONPATH=/home/yueju/led/build/battery_node/prefix_override:/home/yueju/led/install/battery_node/lib/python3.10/site-packages:${PYTHONPATH} /usr/bin/python3 setup.py egg_info --egg-base ../../build/battery_node build --build-base /home/yueju/led/build/battery_node/build install --record /home/yueju/led/build/battery_node/install.log --single-version-externally-managed
[2.121s] Level 1:colcon.colcon_core.environment:checking '/home/yueju/led/install/battery_node' for CMake config files
[2.121s] Level 1:colcon.colcon_core.environment:checking '/home/yueju/led/install/battery_node/lib'
[2.121s] Level 1:colcon.colcon_core.environment:checking '/home/yueju/led/install/battery_node/bin'
[2.121s] Level 1:colcon.colcon_core.environment:checking '/home/yueju/led/install/battery_node/lib/pkgconfig/battery_node.pc'
[2.122s] Level 1:colcon.colcon_core.environment:checking '/home/yueju/led/install/battery_node/lib/python3.10/site-packages'
[2.122s] Level 1:colcon.colcon_core.shell:create_environment_hook('battery_node', 'pythonpath')
[2.124s] INFO:colcon.colcon_core.shell:Creating environment hook '/home/yueju/led/install/battery_node/share/battery_node/hook/pythonpath.ps1'
[2.124s] INFO:colcon.colcon_core.shell:Creating environment descriptor '/home/yueju/led/install/battery_node/share/battery_node/hook/pythonpath.dsv'
[2.125s] INFO:colcon.colcon_core.shell:Creating environment hook '/home/yueju/led/install/battery_node/share/battery_node/hook/pythonpath.sh'
[2.125s] Level 1:colcon.colcon_core.environment:checking '/home/yueju/led/install/battery_node/bin'
[2.125s] Level 1:colcon.colcon_core.environment:create_environment_scripts_only(battery_node)
[2.128s] INFO:colcon.colcon_core.shell:Creating package script '/home/yueju/led/install/battery_node/share/battery_node/package.ps1'
[2.128s] INFO:colcon.colcon_core.shell:Creating package descriptor '/home/yueju/led/install/battery_node/share/battery_node/package.dsv'
[2.129s] INFO:colcon.colcon_core.shell:Creating package script '/home/yueju/led/install/battery_node/share/battery_node/package.sh'
[2.129s] INFO:colcon.colcon_core.shell:Creating package script '/home/yueju/led/install/battery_node/share/battery_node/package.bash'
[2.130s] INFO:colcon.colcon_core.shell:Creating package script '/home/yueju/led/install/battery_node/share/battery_node/package.zsh'
[2.130s] Level 1:colcon.colcon_core.environment:create_file_with_runtime_dependencies(/home/yueju/led/install/battery_node/share/colcon-core/packages/battery_node)
[2.130s] DEBUG:colcon.colcon_parallel_executor.executor.parallel:closing loop
[2.131s] DEBUG:colcon.colcon_parallel_executor.executor.parallel:loop closed
[2.131s] DEBUG:colcon.colcon_parallel_executor.executor.parallel:run_until_complete finished with '0'
[2.131s] DEBUG:colcon.colcon_core.event_reactor:joining thread
[2.137s] INFO:colcon.colcon_core.plugin_system:Skipping extension 'colcon_notification.desktop_notification.terminal_notifier': Not used on non-Darwin systems
[2.137s] INFO:colcon.colcon_core.plugin_system:Skipping extension 'colcon_notification.desktop_notification.win32': Not used on non-Windows systems
[2.138s] INFO:colcon.colcon_notification.desktop_notification:Sending desktop notification using 'notify2'
[2.148s] DEBUG:colcon.colcon_core.event_reactor:joined thread
[2.150s] INFO:colcon.colcon_core.shell:Creating prefix script '/home/yueju/led/install/local_setup.ps1'
[2.151s] INFO:colcon.colcon_core.shell:Creating prefix util module '/home/yueju/led/install/_local_setup_util_ps1.py'
[2.153s] INFO:colcon.colcon_core.shell:Creating prefix chain script '/home/yueju/led/install/setup.ps1'
[2.156s] INFO:colcon.colcon_core.shell:Creating prefix script '/home/yueju/led/install/local_setup.sh'
[2.156s] INFO:colcon.colcon_core.shell:Creating prefix util module '/home/yueju/led/install/_local_setup_util_sh.py'
[2.157s] INFO:colcon.colcon_core.shell:Creating prefix chain script '/home/yueju/led/install/setup.sh'
[2.158s] INFO:colcon.colcon_core.shell:Creating prefix script '/home/yueju/led/install/local_setup.bash'
[2.159s] INFO:colcon.colcon_core.shell:Creating prefix chain script '/home/yueju/led/install/setup.bash'
[2.161s] INFO:colcon.colcon_core.shell:Creating prefix script '/home/yueju/led/install/local_setup.zsh'
[2.161s] INFO:colcon.colcon_core.shell:Creating prefix chain script '/home/yueju/led/install/setup.zsh'
