[0.008s] Invoking command in '/home/yueju/led/build/pm_robot_moveit_config': AMENT_PREFIX_PATH=/home/yueju/led/install/pm_robot_description:${AMENT_PREFIX_PATH} CMAKE_PREFIX_PATH=/home/yueju/led/install/pm_robot_description:/opt/ros/humble /usr/bin/cmake --build /home/yueju/led/build/pm_robot_moveit_config -- -j8 -l8
[0.079s] -- Found ament_cmake: 1.3.3 (/opt/ros/humble/share/ament_cmake/cmake)
[0.312s] -- Configuring done
[0.335s] -- Generating done
[0.339s] -- Build files have been written to: /home/yueju/led/build/pm_robot_moveit_config
[0.387s] Invoked command in '/home/yueju/led/build/pm_robot_moveit_config' returned '0': AMENT_PREFIX_PATH=/home/yueju/led/install/pm_robot_description:${AMENT_PREFIX_PATH} CMAKE_PREFIX_PATH=/home/yueju/led/install/pm_robot_description:/opt/ros/humble /usr/bin/cmake --build /home/yueju/led/build/pm_robot_moveit_config -- -j8 -l8
[0.411s] Invoking command in '/home/yueju/led/build/pm_robot_moveit_config': AMENT_PREFIX_PATH=/home/yueju/led/install/pm_robot_description:${AMENT_PREFIX_PATH} CMAKE_PREFIX_PATH=/home/yueju/led/install/pm_robot_description:/opt/ros/humble /usr/bin/cmake --install /home/yueju/led/build/pm_robot_moveit_config
[0.417s] -- Install configuration: ""
[0.417s] -- Up-to-date: /home/yueju/led/install/pm_robot_moveit_config/share/ament_index/resource_index/package_run_dependencies/pm_robot_moveit_config
[0.418s] -- Up-to-date: /home/yueju/led/install/pm_robot_moveit_config/share/ament_index/resource_index/parent_prefix_path/pm_robot_moveit_config
[0.418s] -- Up-to-date: /home/yueju/led/install/pm_robot_moveit_config/share/pm_robot_moveit_config/environment/ament_prefix_path.sh
[0.418s] -- Installing: /home/yueju/led/install/pm_robot_moveit_config/share/pm_robot_moveit_config/environment/ament_prefix_path.dsv
[0.418s] -- Up-to-date: /home/yueju/led/install/pm_robot_moveit_config/share/pm_robot_moveit_config/environment/path.sh
[0.418s] -- Installing: /home/yueju/led/install/pm_robot_moveit_config/share/pm_robot_moveit_config/environment/path.dsv
[0.418s] -- Up-to-date: /home/yueju/led/install/pm_robot_moveit_config/share/pm_robot_moveit_config/local_setup.bash
[0.418s] -- Up-to-date: /home/yueju/led/install/pm_robot_moveit_config/share/pm_robot_moveit_config/local_setup.sh
[0.418s] -- Up-to-date: /home/yueju/led/install/pm_robot_moveit_config/share/pm_robot_moveit_config/local_setup.zsh
[0.418s] -- Installing: /home/yueju/led/install/pm_robot_moveit_config/share/pm_robot_moveit_config/local_setup.dsv
[0.419s] -- Installing: /home/yueju/led/install/pm_robot_moveit_config/share/pm_robot_moveit_config/package.dsv
[0.419s] -- Up-to-date: /home/yueju/led/install/pm_robot_moveit_config/share/ament_index/resource_index/packages/pm_robot_moveit_config
[0.419s] -- Up-to-date: /home/yueju/led/install/pm_robot_moveit_config/share/pm_robot_moveit_config/cmake/pm_robot_moveit_configConfig.cmake
[0.419s] -- Up-to-date: /home/yueju/led/install/pm_robot_moveit_config/share/pm_robot_moveit_config/cmake/pm_robot_moveit_configConfig-version.cmake
[0.419s] -- Installing: /home/yueju/led/install/pm_robot_moveit_config/share/pm_robot_moveit_config/package.xml
[0.419s] -- Up-to-date: /home/yueju/led/install/pm_robot_moveit_config/share/pm_robot_moveit_config/launch
[0.419s] -- Installing: /home/yueju/led/install/pm_robot_moveit_config/share/pm_robot_moveit_config/launch/moveit_rviz.launch.py
[0.419s] -- Installing: /home/yueju/led/install/pm_robot_moveit_config/share/pm_robot_moveit_config/launch/move_group.launch.py
[0.419s] -- Installing: /home/yueju/led/install/pm_robot_moveit_config/share/pm_robot_moveit_config/launch/spawn_controllers.launch.py
[0.419s] -- Installing: /home/yueju/led/install/pm_robot_moveit_config/share/pm_robot_moveit_config/launch/static_virtual_joint_tfs.launch.py
[0.419s] -- Installing: /home/yueju/led/install/pm_robot_moveit_config/share/pm_robot_moveit_config/launch/rsp.launch.py
[0.419s] -- Installing: /home/yueju/led/install/pm_robot_moveit_config/share/pm_robot_moveit_config/launch/demo.launch.py
[0.420s] -- Installing: /home/yueju/led/install/pm_robot_moveit_config/share/pm_robot_moveit_config/launch/warehouse_db.launch.py
[0.420s] -- Installing: /home/yueju/led/install/pm_robot_moveit_config/share/pm_robot_moveit_config/launch/setup_assistant.launch.py
[0.420s] -- Up-to-date: /home/yueju/led/install/pm_robot_moveit_config/share/pm_robot_moveit_config/config
[0.420s] -- Installing: /home/yueju/led/install/pm_robot_moveit_config/share/pm_robot_moveit_config/config/sensors_3d.yaml
[0.420s] -- Installing: /home/yueju/led/install/pm_robot_moveit_config/share/pm_robot_moveit_config/config/pm_robot.urdf.xacro
[0.420s] -- Installing: /home/yueju/led/install/pm_robot_moveit_config/share/pm_robot_moveit_config/config/initial_positions.yaml
[0.420s] -- Installing: /home/yueju/led/install/pm_robot_moveit_config/share/pm_robot_moveit_config/config/moveit_controllers.yaml
[0.420s] -- Installing: /home/yueju/led/install/pm_robot_moveit_config/share/pm_robot_moveit_config/config/moveit.rviz
[0.420s] -- Installing: /home/yueju/led/install/pm_robot_moveit_config/share/pm_robot_moveit_config/config/kinematics.yaml
[0.420s] -- Installing: /home/yueju/led/install/pm_robot_moveit_config/share/pm_robot_moveit_config/config/joint_limits.yaml
[0.420s] -- Installing: /home/yueju/led/install/pm_robot_moveit_config/share/pm_robot_moveit_config/config/pm_robot.ros2_control.xacro
[0.420s] -- Installing: /home/yueju/led/install/pm_robot_moveit_config/share/pm_robot_moveit_config/config/pm_robot.srdf
[0.421s] -- Installing: /home/yueju/led/install/pm_robot_moveit_config/share/pm_robot_moveit_config/config/ros2_controllers.yaml
[0.421s] -- Installing: /home/yueju/led/install/pm_robot_moveit_config/share/pm_robot_moveit_config/config/pilz_cartesian_limits.yaml
[0.421s] -- Installing: /home/yueju/led/install/pm_robot_moveit_config/share/pm_robot_moveit_config/.setup_assistant
[0.427s] Invoked command in '/home/yueju/led/build/pm_robot_moveit_config' returned '0': AMENT_PREFIX_PATH=/home/yueju/led/install/pm_robot_description:${AMENT_PREFIX_PATH} CMAKE_PREFIX_PATH=/home/yueju/led/install/pm_robot_description:/opt/ros/humble /usr/bin/cmake --install /home/yueju/led/build/pm_robot_moveit_config
