[5.945s] DEBUG:colcon:Command line arguments: ['/usr/bin/colcon', 'build']
[5.945s] DEBUG:colcon:Parsed command line arguments: Namespace(log_base=None, log_level=None, verb_name='build', build_base='build', install_base='install', merge_install=False, symlink_install=False, test_result_base=None, continue_on_error=False, executor='parallel', parallel_workers=8, event_handlers=None, ignore_user_meta=False, metas=['./colcon.meta'], base_paths=['.'], packages_ignore=None, packages_ignore_regex=None, paths=None, packages_up_to=None, packages_up_to_regex=None, packages_above=None, packages_above_and_dependencies=None, packages_above_depth=None, packages_select_by_dep=None, packages_skip_by_dep=None, packages_skip_up_to=None, packages_select_build_failed=False, packages_skip_build_finished=False, packages_select_test_failures=False, packages_skip_test_passed=False, packages_select=None, packages_skip=None, packages_select_regex=None, packages_skip_regex=None, packages_start=None, packages_end=None, allow_overriding=[], cmake_args=None, cmake_target=None, cmake_target_skip_unavailable=False, cmake_clean_cache=False, cmake_clean_first=False, cmake_force_configure=False, ament_cmake_args=None, catkin_cmake_args=None, catkin_skip_building_tests=False, verb_parser=<colcon_defaults.argument_parser.defaults.DefaultArgumentsDecorator object at 0x7f19d17471f0>, verb_extension=<colcon_core.verb.build.BuildVerb object at 0x7f19d189e6b0>, main=<bound method BuildVerb.main of <colcon_core.verb.build.BuildVerb object at 0x7f19d189e6b0>>)
[6.441s] Level 1:colcon.colcon_core.package_discovery:discover_packages(colcon_meta) check parameters
[6.442s] Level 1:colcon.colcon_core.package_discovery:discover_packages(recursive) check parameters
[6.442s] Level 1:colcon.colcon_core.package_discovery:discover_packages(ignore) check parameters
[6.442s] Level 1:colcon.colcon_core.package_discovery:discover_packages(path) check parameters
[6.442s] Level 1:colcon.colcon_core.package_discovery:discover_packages(colcon_meta) discover
[6.443s] Level 1:colcon.colcon_core.package_discovery:discover_packages(recursive) discover
[6.443s] INFO:colcon.colcon_core.package_discovery:Crawling recursively for packages in '/home/yueju/led'
[6.443s] Level 1:colcon.colcon_core.package_identification:_identify(.) by extensions ['ignore', 'ignore_ament_install']
[6.444s] Level 1:colcon.colcon_core.package_identification:_identify(.) by extension 'ignore'
[6.444s] Level 1:colcon.colcon_core.package_identification:_identify(.) by extension 'ignore_ament_install'
[6.444s] Level 1:colcon.colcon_core.package_identification:_identify(.) by extensions ['colcon_pkg']
[6.444s] Level 1:colcon.colcon_core.package_identification:_identify(.) by extension 'colcon_pkg'
[6.444s] Level 1:colcon.colcon_core.package_identification:_identify(.) by extensions ['colcon_meta']
[6.445s] Level 1:colcon.colcon_core.package_identification:_identify(.) by extension 'colcon_meta'
[6.445s] Level 1:colcon.colcon_core.package_identification:_identify(.) by extensions ['ros']
[6.445s] Level 1:colcon.colcon_core.package_identification:_identify(.) by extension 'ros'
[6.498s] Level 1:colcon.colcon_core.package_identification:_identify(.) by extensions ['cmake', 'python']
[6.498s] Level 1:colcon.colcon_core.package_identification:_identify(.) by extension 'cmake'
[6.498s] Level 1:colcon.colcon_core.package_identification:_identify(.) by extension 'python'
[6.498s] Level 1:colcon.colcon_core.package_identification:_identify(.) by extensions ['python_setup_py']
[6.498s] Level 1:colcon.colcon_core.package_identification:_identify(.) by extension 'python_setup_py'
[6.498s] Level 1:colcon.colcon_core.package_identification:_identify(build) by extensions ['ignore', 'ignore_ament_install']
[6.498s] Level 1:colcon.colcon_core.package_identification:_identify(build) by extension 'ignore'
[6.499s] Level 1:colcon.colcon_core.package_identification:_identify(build) ignored
[6.499s] Level 1:colcon.colcon_core.package_identification:_identify(install) by extensions ['ignore', 'ignore_ament_install']
[6.499s] Level 1:colcon.colcon_core.package_identification:_identify(install) by extension 'ignore'
[6.499s] Level 1:colcon.colcon_core.package_identification:_identify(install) ignored
[6.499s] Level 1:colcon.colcon_core.package_identification:_identify(log) by extensions ['ignore', 'ignore_ament_install']
[6.499s] Level 1:colcon.colcon_core.package_identification:_identify(log) by extension 'ignore'
[6.499s] Level 1:colcon.colcon_core.package_identification:_identify(log) ignored
[6.499s] Level 1:colcon.colcon_core.package_identification:_identify(match_pm_robot) by extensions ['ignore', 'ignore_ament_install']
[6.500s] Level 1:colcon.colcon_core.package_identification:_identify(match_pm_robot) by extension 'ignore'
[6.500s] Level 1:colcon.colcon_core.package_identification:_identify(match_pm_robot) by extension 'ignore_ament_install'
[6.500s] Level 1:colcon.colcon_core.package_identification:_identify(match_pm_robot) by extensions ['colcon_pkg']
[6.500s] Level 1:colcon.colcon_core.package_identification:_identify(match_pm_robot) by extension 'colcon_pkg'
[6.500s] Level 1:colcon.colcon_core.package_identification:_identify(match_pm_robot) by extensions ['colcon_meta']
[6.500s] Level 1:colcon.colcon_core.package_identification:_identify(match_pm_robot) by extension 'colcon_meta'
[6.500s] Level 1:colcon.colcon_core.package_identification:_identify(match_pm_robot) by extensions ['ros']
[6.500s] Level 1:colcon.colcon_core.package_identification:_identify(match_pm_robot) by extension 'ros'
[6.500s] Level 1:colcon.colcon_core.package_identification:_identify(match_pm_robot) by extensions ['cmake', 'python']
[6.500s] Level 1:colcon.colcon_core.package_identification:_identify(match_pm_robot) by extension 'cmake'
[6.500s] Level 1:colcon.colcon_core.package_identification:_identify(match_pm_robot) by extension 'python'
[6.500s] Level 1:colcon.colcon_core.package_identification:_identify(match_pm_robot) by extensions ['python_setup_py']
[6.500s] Level 1:colcon.colcon_core.package_identification:_identify(match_pm_robot) by extension 'python_setup_py'
[6.504s] Level 1:colcon.colcon_core.package_identification:_identify(match_pm_robot/opcua_server) by extensions ['ignore', 'ignore_ament_install']
[6.504s] Level 1:colcon.colcon_core.package_identification:_identify(match_pm_robot/opcua_server) by extension 'ignore'
[6.504s] Level 1:colcon.colcon_core.package_identification:_identify(match_pm_robot/opcua_server) by extension 'ignore_ament_install'
[6.504s] Level 1:colcon.colcon_core.package_identification:_identify(match_pm_robot/opcua_server) by extensions ['colcon_pkg']
[6.504s] Level 1:colcon.colcon_core.package_identification:_identify(match_pm_robot/opcua_server) by extension 'colcon_pkg'
[6.504s] Level 1:colcon.colcon_core.package_identification:_identify(match_pm_robot/opcua_server) by extensions ['colcon_meta']
[6.505s] Level 1:colcon.colcon_core.package_identification:_identify(match_pm_robot/opcua_server) by extension 'colcon_meta'
[6.505s] Level 1:colcon.colcon_core.package_identification:_identify(match_pm_robot/opcua_server) by extensions ['ros']
[6.505s] Level 1:colcon.colcon_core.package_identification:_identify(match_pm_robot/opcua_server) by extension 'ros'
[6.529s] DEBUG:colcon.colcon_core.package_identification:Package 'match_pm_robot/opcua_server' with type 'ros.ament_cmake' and name 'opcua_server'
[6.530s] Level 1:colcon.colcon_core.package_identification:_identify(match_pm_robot/open62541) by extensions ['ignore', 'ignore_ament_install']
[6.530s] Level 1:colcon.colcon_core.package_identification:_identify(match_pm_robot/open62541) by extension 'ignore'
[6.530s] Level 1:colcon.colcon_core.package_identification:_identify(match_pm_robot/open62541) by extension 'ignore_ament_install'
[6.530s] Level 1:colcon.colcon_core.package_identification:_identify(match_pm_robot/open62541) by extensions ['colcon_pkg']
[6.530s] Level 1:colcon.colcon_core.package_identification:_identify(match_pm_robot/open62541) by extension 'colcon_pkg'
[6.530s] Level 1:colcon.colcon_core.package_identification:_identify(match_pm_robot/open62541) by extensions ['colcon_meta']
[6.530s] Level 1:colcon.colcon_core.package_identification:_identify(match_pm_robot/open62541) by extension 'colcon_meta'
[6.530s] Level 1:colcon.colcon_core.package_identification:_identify(match_pm_robot/open62541) by extensions ['ros']
[6.530s] Level 1:colcon.colcon_core.package_identification:_identify(match_pm_robot/open62541) by extension 'ros'
[6.531s] DEBUG:colcon.colcon_core.package_identification:Package 'match_pm_robot/open62541' with type 'ros.ament_cmake' and name 'open62541'
[6.531s] Level 1:colcon.colcon_core.package_identification:_identify(match_pm_robot/pm_client) by extensions ['ignore', 'ignore_ament_install']
[6.532s] Level 1:colcon.colcon_core.package_identification:_identify(match_pm_robot/pm_client) by extension 'ignore'
[6.532s] Level 1:colcon.colcon_core.package_identification:_identify(match_pm_robot/pm_client) by extension 'ignore_ament_install'
[6.532s] Level 1:colcon.colcon_core.package_identification:_identify(match_pm_robot/pm_client) by extensions ['colcon_pkg']
[6.532s] Level 1:colcon.colcon_core.package_identification:_identify(match_pm_robot/pm_client) by extension 'colcon_pkg'
[6.532s] Level 1:colcon.colcon_core.package_identification:_identify(match_pm_robot/pm_client) by extensions ['colcon_meta']
[6.532s] Level 1:colcon.colcon_core.package_identification:_identify(match_pm_robot/pm_client) by extension 'colcon_meta'
[6.532s] Level 1:colcon.colcon_core.package_identification:_identify(match_pm_robot/pm_client) by extensions ['ros']
[6.532s] Level 1:colcon.colcon_core.package_identification:_identify(match_pm_robot/pm_client) by extension 'ros'
[6.533s] DEBUG:colcon.colcon_core.package_identification:Package 'match_pm_robot/pm_client' with type 'ros.ament_cmake' and name 'pm_client'
[6.533s] Level 1:colcon.colcon_core.package_identification:_identify(match_pm_robot/pm_robot_control) by extensions ['ignore', 'ignore_ament_install']
[6.533s] Level 1:colcon.colcon_core.package_identification:_identify(match_pm_robot/pm_robot_control) by extension 'ignore'
[6.533s] Level 1:colcon.colcon_core.package_identification:_identify(match_pm_robot/pm_robot_control) by extension 'ignore_ament_install'
[6.534s] Level 1:colcon.colcon_core.package_identification:_identify(match_pm_robot/pm_robot_control) by extensions ['colcon_pkg']
[6.534s] Level 1:colcon.colcon_core.package_identification:_identify(match_pm_robot/pm_robot_control) by extension 'colcon_pkg'
[6.534s] Level 1:colcon.colcon_core.package_identification:_identify(match_pm_robot/pm_robot_control) by extensions ['colcon_meta']
[6.534s] Level 1:colcon.colcon_core.package_identification:_identify(match_pm_robot/pm_robot_control) by extension 'colcon_meta'
[6.534s] Level 1:colcon.colcon_core.package_identification:_identify(match_pm_robot/pm_robot_control) by extensions ['ros']
[6.534s] Level 1:colcon.colcon_core.package_identification:_identify(match_pm_robot/pm_robot_control) by extension 'ros'
[6.535s] DEBUG:colcon.colcon_core.package_identification:Package 'match_pm_robot/pm_robot_control' with type 'ros.ament_cmake' and name 'pm_robot_control'
[6.536s] Level 1:colcon.colcon_core.package_identification:_identify(match_pm_robot/pm_robot_control_test) by extensions ['ignore', 'ignore_ament_install']
[6.536s] Level 1:colcon.colcon_core.package_identification:_identify(match_pm_robot/pm_robot_control_test) by extension 'ignore'
[6.536s] Level 1:colcon.colcon_core.package_identification:_identify(match_pm_robot/pm_robot_control_test) by extension 'ignore_ament_install'
[6.536s] Level 1:colcon.colcon_core.package_identification:_identify(match_pm_robot/pm_robot_control_test) by extensions ['colcon_pkg']
[6.536s] Level 1:colcon.colcon_core.package_identification:_identify(match_pm_robot/pm_robot_control_test) by extension 'colcon_pkg'
[6.536s] Level 1:colcon.colcon_core.package_identification:_identify(match_pm_robot/pm_robot_control_test) by extensions ['colcon_meta']
[6.536s] Level 1:colcon.colcon_core.package_identification:_identify(match_pm_robot/pm_robot_control_test) by extension 'colcon_meta'
[6.536s] Level 1:colcon.colcon_core.package_identification:_identify(match_pm_robot/pm_robot_control_test) by extensions ['ros']
[6.536s] Level 1:colcon.colcon_core.package_identification:_identify(match_pm_robot/pm_robot_control_test) by extension 'ros'
[6.537s] DEBUG:colcon.colcon_core.package_identification:Package 'match_pm_robot/pm_robot_control_test' with type 'ros.ament_python' and name 'pm_robot_control_test'
[6.537s] Level 1:colcon.colcon_core.package_identification:_identify(match_pm_robot/pm_robot_description) by extensions ['ignore', 'ignore_ament_install']
[6.538s] Level 1:colcon.colcon_core.package_identification:_identify(match_pm_robot/pm_robot_description) by extension 'ignore'
[6.538s] Level 1:colcon.colcon_core.package_identification:_identify(match_pm_robot/pm_robot_description) by extension 'ignore_ament_install'
[6.538s] Level 1:colcon.colcon_core.package_identification:_identify(match_pm_robot/pm_robot_description) by extensions ['colcon_pkg']
[6.538s] Level 1:colcon.colcon_core.package_identification:_identify(match_pm_robot/pm_robot_description) by extension 'colcon_pkg'
[6.538s] Level 1:colcon.colcon_core.package_identification:_identify(match_pm_robot/pm_robot_description) by extensions ['colcon_meta']
[6.538s] Level 1:colcon.colcon_core.package_identification:_identify(match_pm_robot/pm_robot_description) by extension 'colcon_meta'
[6.538s] Level 1:colcon.colcon_core.package_identification:_identify(match_pm_robot/pm_robot_description) by extensions ['ros']
[6.538s] Level 1:colcon.colcon_core.package_identification:_identify(match_pm_robot/pm_robot_description) by extension 'ros'
[6.551s] DEBUG:colcon.colcon_core.package_identification:Package 'match_pm_robot/pm_robot_description' with type 'ros.ament_cmake' and name 'pm_robot_description'
[6.551s] Level 1:colcon.colcon_core.package_identification:_identify(match_pm_robot/pm_robot_moveit_config) by extensions ['ignore', 'ignore_ament_install']
[6.552s] Level 1:colcon.colcon_core.package_identification:_identify(match_pm_robot/pm_robot_moveit_config) by extension 'ignore'
[6.552s] Level 1:colcon.colcon_core.package_identification:_identify(match_pm_robot/pm_robot_moveit_config) by extension 'ignore_ament_install'
[6.552s] Level 1:colcon.colcon_core.package_identification:_identify(match_pm_robot/pm_robot_moveit_config) by extensions ['colcon_pkg']
[6.552s] Level 1:colcon.colcon_core.package_identification:_identify(match_pm_robot/pm_robot_moveit_config) by extension 'colcon_pkg'
[6.552s] Level 1:colcon.colcon_core.package_identification:_identify(match_pm_robot/pm_robot_moveit_config) by extensions ['colcon_meta']
[6.552s] Level 1:colcon.colcon_core.package_identification:_identify(match_pm_robot/pm_robot_moveit_config) by extension 'colcon_meta'
[6.552s] Level 1:colcon.colcon_core.package_identification:_identify(match_pm_robot/pm_robot_moveit_config) by extensions ['ros']
[6.552s] Level 1:colcon.colcon_core.package_identification:_identify(match_pm_robot/pm_robot_moveit_config) by extension 'ros'
[6.554s] DEBUG:colcon.colcon_core.package_identification:Package 'match_pm_robot/pm_robot_moveit_config' with type 'ros.ament_cmake' and name 'pm_robot_moveit_config'
[6.555s] Level 1:colcon.colcon_core.package_identification:_identify(match_pm_robot/pm_robot_submodules) by extensions ['ignore', 'ignore_ament_install']
[6.555s] Level 1:colcon.colcon_core.package_identification:_identify(match_pm_robot/pm_robot_submodules) by extension 'ignore'
[6.555s] Level 1:colcon.colcon_core.package_identification:_identify(match_pm_robot/pm_robot_submodules) by extension 'ignore_ament_install'
[6.555s] Level 1:colcon.colcon_core.package_identification:_identify(match_pm_robot/pm_robot_submodules) by extensions ['colcon_pkg']
[6.555s] Level 1:colcon.colcon_core.package_identification:_identify(match_pm_robot/pm_robot_submodules) by extension 'colcon_pkg'
[6.555s] Level 1:colcon.colcon_core.package_identification:_identify(match_pm_robot/pm_robot_submodules) by extensions ['colcon_meta']
[6.555s] Level 1:colcon.colcon_core.package_identification:_identify(match_pm_robot/pm_robot_submodules) by extension 'colcon_meta'
[6.555s] Level 1:colcon.colcon_core.package_identification:_identify(match_pm_robot/pm_robot_submodules) by extensions ['ros']
[6.555s] Level 1:colcon.colcon_core.package_identification:_identify(match_pm_robot/pm_robot_submodules) by extension 'ros'
[6.555s] Level 1:colcon.colcon_core.package_identification:_identify(match_pm_robot/pm_robot_submodules) by extensions ['cmake', 'python']
[6.556s] Level 1:colcon.colcon_core.package_identification:_identify(match_pm_robot/pm_robot_submodules) by extension 'cmake'
[6.556s] Level 1:colcon.colcon_core.package_identification:_identify(match_pm_robot/pm_robot_submodules) by extension 'python'
[6.556s] Level 1:colcon.colcon_core.package_identification:_identify(match_pm_robot/pm_robot_submodules) by extensions ['python_setup_py']
[6.556s] Level 1:colcon.colcon_core.package_identification:_identify(match_pm_robot/pm_robot_submodules) by extension 'python_setup_py'
[6.556s] Level 1:colcon.colcon_core.package_identification:_identify(match_pm_robot/pm_robot_submodules/image_common) by extensions ['ignore', 'ignore_ament_install']
[6.556s] Level 1:colcon.colcon_core.package_identification:_identify(match_pm_robot/pm_robot_submodules/image_common) by extension 'ignore'
[6.556s] Level 1:colcon.colcon_core.package_identification:_identify(match_pm_robot/pm_robot_submodules/image_common) by extension 'ignore_ament_install'
[6.556s] Level 1:colcon.colcon_core.package_identification:_identify(match_pm_robot/pm_robot_submodules/image_common) by extensions ['colcon_pkg']
[6.556s] Level 1:colcon.colcon_core.package_identification:_identify(match_pm_robot/pm_robot_submodules/image_common) by extension 'colcon_pkg'
[6.556s] Level 1:colcon.colcon_core.package_identification:_identify(match_pm_robot/pm_robot_submodules/image_common) by extensions ['colcon_meta']
[6.556s] Level 1:colcon.colcon_core.package_identification:_identify(match_pm_robot/pm_robot_submodules/image_common) by extension 'colcon_meta'
[6.556s] Level 1:colcon.colcon_core.package_identification:_identify(match_pm_robot/pm_robot_submodules/image_common) by extensions ['ros']
[6.556s] Level 1:colcon.colcon_core.package_identification:_identify(match_pm_robot/pm_robot_submodules/image_common) by extension 'ros'
[6.556s] Level 1:colcon.colcon_core.package_identification:_identify(match_pm_robot/pm_robot_submodules/image_common) by extensions ['cmake', 'python']
[6.557s] Level 1:colcon.colcon_core.package_identification:_identify(match_pm_robot/pm_robot_submodules/image_common) by extension 'cmake'
[6.557s] Level 1:colcon.colcon_core.package_identification:_identify(match_pm_robot/pm_robot_submodules/image_common) by extension 'python'
[6.557s] Level 1:colcon.colcon_core.package_identification:_identify(match_pm_robot/pm_robot_submodules/image_common) by extensions ['python_setup_py']
[6.557s] Level 1:colcon.colcon_core.package_identification:_identify(match_pm_robot/pm_robot_submodules/image_common) by extension 'python_setup_py'
[6.557s] Level 1:colcon.colcon_core.package_identification:_identify(match_pm_robot/pm_robot_submodules/pylon-ros-camera) by extensions ['ignore', 'ignore_ament_install']
[6.557s] Level 1:colcon.colcon_core.package_identification:_identify(match_pm_robot/pm_robot_submodules/pylon-ros-camera) by extension 'ignore'
[6.558s] Level 1:colcon.colcon_core.package_identification:_identify(match_pm_robot/pm_robot_submodules/pylon-ros-camera) by extension 'ignore_ament_install'
[6.558s] Level 1:colcon.colcon_core.package_identification:_identify(match_pm_robot/pm_robot_submodules/pylon-ros-camera) by extensions ['colcon_pkg']
[6.558s] Level 1:colcon.colcon_core.package_identification:_identify(match_pm_robot/pm_robot_submodules/pylon-ros-camera) by extension 'colcon_pkg'
[6.558s] Level 1:colcon.colcon_core.package_identification:_identify(match_pm_robot/pm_robot_submodules/pylon-ros-camera) by extensions ['colcon_meta']
[6.558s] Level 1:colcon.colcon_core.package_identification:_identify(match_pm_robot/pm_robot_submodules/pylon-ros-camera) by extension 'colcon_meta'
[6.558s] Level 1:colcon.colcon_core.package_identification:_identify(match_pm_robot/pm_robot_submodules/pylon-ros-camera) by extensions ['ros']
[6.558s] Level 1:colcon.colcon_core.package_identification:_identify(match_pm_robot/pm_robot_submodules/pylon-ros-camera) by extension 'ros'
[6.558s] Level 1:colcon.colcon_core.package_identification:_identify(match_pm_robot/pm_robot_submodules/pylon-ros-camera) by extensions ['cmake', 'python']
[6.558s] Level 1:colcon.colcon_core.package_identification:_identify(match_pm_robot/pm_robot_submodules/pylon-ros-camera) by extension 'cmake'
[6.558s] Level 1:colcon.colcon_core.package_identification:_identify(match_pm_robot/pm_robot_submodules/pylon-ros-camera) by extension 'python'
[6.558s] Level 1:colcon.colcon_core.package_identification:_identify(match_pm_robot/pm_robot_submodules/pylon-ros-camera) by extensions ['python_setup_py']
[6.558s] Level 1:colcon.colcon_core.package_identification:_identify(match_pm_robot/pm_robot_submodules/pylon-ros-camera) by extension 'python_setup_py'
[6.558s] Level 1:colcon.colcon_core.package_identification:_identify(open_cv) by extensions ['ignore', 'ignore_ament_install']
[6.558s] Level 1:colcon.colcon_core.package_identification:_identify(open_cv) by extension 'ignore'
[6.558s] Level 1:colcon.colcon_core.package_identification:_identify(open_cv) by extension 'ignore_ament_install'
[6.558s] Level 1:colcon.colcon_core.package_identification:_identify(open_cv) by extensions ['colcon_pkg']
[6.559s] Level 1:colcon.colcon_core.package_identification:_identify(open_cv) by extension 'colcon_pkg'
[6.559s] Level 1:colcon.colcon_core.package_identification:_identify(open_cv) by extensions ['colcon_meta']
[6.559s] Level 1:colcon.colcon_core.package_identification:_identify(open_cv) by extension 'colcon_meta'
[6.559s] Level 1:colcon.colcon_core.package_identification:_identify(open_cv) by extensions ['ros']
[6.559s] Level 1:colcon.colcon_core.package_identification:_identify(open_cv) by extension 'ros'
[6.571s] DEBUG:colcon.colcon_core.package_identification:Package 'open_cv' with type 'ros.ament_python' and name 'open_cv'
[6.571s] Level 1:colcon.colcon_core.package_identification:_identify(src) by extensions ['ignore', 'ignore_ament_install']
[6.571s] Level 1:colcon.colcon_core.package_identification:_identify(src) by extension 'ignore'
[6.571s] Level 1:colcon.colcon_core.package_identification:_identify(src) by extension 'ignore_ament_install'
[6.571s] Level 1:colcon.colcon_core.package_identification:_identify(src) by extensions ['colcon_pkg']
[6.571s] Level 1:colcon.colcon_core.package_identification:_identify(src) by extension 'colcon_pkg'
[6.571s] Level 1:colcon.colcon_core.package_identification:_identify(src) by extensions ['colcon_meta']
[6.571s] Level 1:colcon.colcon_core.package_identification:_identify(src) by extension 'colcon_meta'
[6.571s] Level 1:colcon.colcon_core.package_identification:_identify(src) by extensions ['ros']
[6.571s] Level 1:colcon.colcon_core.package_identification:_identify(src) by extension 'ros'
[6.571s] Level 1:colcon.colcon_core.package_identification:_identify(src) by extensions ['cmake', 'python']
[6.571s] Level 1:colcon.colcon_core.package_identification:_identify(src) by extension 'cmake'
[6.571s] Level 1:colcon.colcon_core.package_identification:_identify(src) by extension 'python'
[6.571s] Level 1:colcon.colcon_core.package_identification:_identify(src) by extensions ['python_setup_py']
[6.571s] Level 1:colcon.colcon_core.package_identification:_identify(src) by extension 'python_setup_py'
[6.572s] Level 1:colcon.colcon_core.package_discovery:discover_packages(recursive) using defaults
[6.572s] Level 1:colcon.colcon_core.package_discovery:discover_packages(ignore) discover
[6.572s] Level 1:colcon.colcon_core.package_discovery:discover_packages(ignore) using defaults
[6.572s] Level 1:colcon.colcon_core.package_discovery:discover_packages(path) discover
[6.572s] Level 1:colcon.colcon_core.package_discovery:discover_packages(path) using defaults
[6.755s] Level 1:colcon.colcon_core.package_discovery:discover_packages(prefix_path) check parameters
[6.755s] Level 1:colcon.colcon_core.package_discovery:discover_packages(prefix_path) discover
[6.762s] DEBUG:colcon.colcon_installed_package_information.package_discovery:Found 321 installed packages in /opt/ros/humble
[6.764s] Level 1:colcon.colcon_core.package_discovery:discover_packages(prefix_path) using defaults
[6.893s] Level 5:colcon.colcon_core.verb:set package 'opcua_server' build argument 'cmake_args' from command line to 'None'
[6.893s] Level 5:colcon.colcon_core.verb:set package 'opcua_server' build argument 'cmake_target' from command line to 'None'
[6.893s] Level 5:colcon.colcon_core.verb:set package 'opcua_server' build argument 'cmake_target_skip_unavailable' from command line to 'False'
[6.893s] Level 5:colcon.colcon_core.verb:set package 'opcua_server' build argument 'cmake_clean_cache' from command line to 'False'
[6.893s] Level 5:colcon.colcon_core.verb:set package 'opcua_server' build argument 'cmake_clean_first' from command line to 'False'
[6.894s] Level 5:colcon.colcon_core.verb:set package 'opcua_server' build argument 'cmake_force_configure' from command line to 'False'
[6.894s] Level 5:colcon.colcon_core.verb:set package 'opcua_server' build argument 'ament_cmake_args' from command line to 'None'
[6.894s] Level 5:colcon.colcon_core.verb:set package 'opcua_server' build argument 'catkin_cmake_args' from command line to 'None'
[6.894s] Level 5:colcon.colcon_core.verb:set package 'opcua_server' build argument 'catkin_skip_building_tests' from command line to 'False'
[6.894s] DEBUG:colcon.colcon_core.verb:Building package 'opcua_server' with the following arguments: {'ament_cmake_args': None, 'build_base': '/home/yueju/led/build/opcua_server', 'catkin_cmake_args': None, 'catkin_skip_building_tests': False, 'cmake_args': None, 'cmake_clean_cache': False, 'cmake_clean_first': False, 'cmake_force_configure': False, 'cmake_target': None, 'cmake_target_skip_unavailable': False, 'install_base': '/home/yueju/led/install/opcua_server', 'merge_install': False, 'path': '/home/yueju/led/match_pm_robot/opcua_server', 'symlink_install': False, 'test_result_base': None}
[6.894s] Level 5:colcon.colcon_core.verb:set package 'open62541' build argument 'cmake_args' from command line to 'None'
[6.894s] Level 5:colcon.colcon_core.verb:set package 'open62541' build argument 'cmake_target' from command line to 'None'
[6.894s] Level 5:colcon.colcon_core.verb:set package 'open62541' build argument 'cmake_target_skip_unavailable' from command line to 'False'
[6.895s] Level 5:colcon.colcon_core.verb:set package 'open62541' build argument 'cmake_clean_cache' from command line to 'False'
[6.895s] Level 5:colcon.colcon_core.verb:set package 'open62541' build argument 'cmake_clean_first' from command line to 'False'
[6.895s] Level 5:colcon.colcon_core.verb:set package 'open62541' build argument 'cmake_force_configure' from command line to 'False'
[6.895s] Level 5:colcon.colcon_core.verb:set package 'open62541' build argument 'ament_cmake_args' from command line to 'None'
[6.895s] Level 5:colcon.colcon_core.verb:set package 'open62541' build argument 'catkin_cmake_args' from command line to 'None'
[6.895s] Level 5:colcon.colcon_core.verb:set package 'open62541' build argument 'catkin_skip_building_tests' from command line to 'False'
[6.895s] DEBUG:colcon.colcon_core.verb:Building package 'open62541' with the following arguments: {'ament_cmake_args': None, 'build_base': '/home/yueju/led/build/open62541', 'catkin_cmake_args': None, 'catkin_skip_building_tests': False, 'cmake_args': None, 'cmake_clean_cache': False, 'cmake_clean_first': False, 'cmake_force_configure': False, 'cmake_target': None, 'cmake_target_skip_unavailable': False, 'install_base': '/home/yueju/led/install/open62541', 'merge_install': False, 'path': '/home/yueju/led/match_pm_robot/open62541', 'symlink_install': False, 'test_result_base': None}
[6.895s] Level 5:colcon.colcon_core.verb:set package 'open_cv' build argument 'cmake_args' from command line to 'None'
[6.895s] Level 5:colcon.colcon_core.verb:set package 'open_cv' build argument 'cmake_target' from command line to 'None'
[6.896s] Level 5:colcon.colcon_core.verb:set package 'open_cv' build argument 'cmake_target_skip_unavailable' from command line to 'False'
[6.896s] Level 5:colcon.colcon_core.verb:set package 'open_cv' build argument 'cmake_clean_cache' from command line to 'False'
[6.896s] Level 5:colcon.colcon_core.verb:set package 'open_cv' build argument 'cmake_clean_first' from command line to 'False'
[6.896s] Level 5:colcon.colcon_core.verb:set package 'open_cv' build argument 'cmake_force_configure' from command line to 'False'
[6.896s] Level 5:colcon.colcon_core.verb:set package 'open_cv' build argument 'ament_cmake_args' from command line to 'None'
[6.896s] Level 5:colcon.colcon_core.verb:set package 'open_cv' build argument 'catkin_cmake_args' from command line to 'None'
[6.896s] Level 5:colcon.colcon_core.verb:set package 'open_cv' build argument 'catkin_skip_building_tests' from command line to 'False'
[6.896s] DEBUG:colcon.colcon_core.verb:Building package 'open_cv' with the following arguments: {'ament_cmake_args': None, 'build_base': '/home/yueju/led/build/open_cv', 'catkin_cmake_args': None, 'catkin_skip_building_tests': False, 'cmake_args': None, 'cmake_clean_cache': False, 'cmake_clean_first': False, 'cmake_force_configure': False, 'cmake_target': None, 'cmake_target_skip_unavailable': False, 'install_base': '/home/yueju/led/install/open_cv', 'merge_install': False, 'path': '/home/yueju/led/open_cv', 'symlink_install': False, 'test_result_base': None}
[6.897s] Level 5:colcon.colcon_core.verb:set package 'pm_robot_control_test' build argument 'cmake_args' from command line to 'None'
[6.897s] Level 5:colcon.colcon_core.verb:set package 'pm_robot_control_test' build argument 'cmake_target' from command line to 'None'
[6.897s] Level 5:colcon.colcon_core.verb:set package 'pm_robot_control_test' build argument 'cmake_target_skip_unavailable' from command line to 'False'
[6.897s] Level 5:colcon.colcon_core.verb:set package 'pm_robot_control_test' build argument 'cmake_clean_cache' from command line to 'False'
[6.897s] Level 5:colcon.colcon_core.verb:set package 'pm_robot_control_test' build argument 'cmake_clean_first' from command line to 'False'
[6.897s] Level 5:colcon.colcon_core.verb:set package 'pm_robot_control_test' build argument 'cmake_force_configure' from command line to 'False'
[6.897s] Level 5:colcon.colcon_core.verb:set package 'pm_robot_control_test' build argument 'ament_cmake_args' from command line to 'None'
[6.897s] Level 5:colcon.colcon_core.verb:set package 'pm_robot_control_test' build argument 'catkin_cmake_args' from command line to 'None'
[6.897s] Level 5:colcon.colcon_core.verb:set package 'pm_robot_control_test' build argument 'catkin_skip_building_tests' from command line to 'False'
[6.897s] DEBUG:colcon.colcon_core.verb:Building package 'pm_robot_control_test' with the following arguments: {'ament_cmake_args': None, 'build_base': '/home/yueju/led/build/pm_robot_control_test', 'catkin_cmake_args': None, 'catkin_skip_building_tests': False, 'cmake_args': None, 'cmake_clean_cache': False, 'cmake_clean_first': False, 'cmake_force_configure': False, 'cmake_target': None, 'cmake_target_skip_unavailable': False, 'install_base': '/home/yueju/led/install/pm_robot_control_test', 'merge_install': False, 'path': '/home/yueju/led/match_pm_robot/pm_robot_control_test', 'symlink_install': False, 'test_result_base': None}
[6.898s] Level 5:colcon.colcon_core.verb:set package 'pm_robot_description' build argument 'cmake_args' from command line to 'None'
[6.898s] Level 5:colcon.colcon_core.verb:set package 'pm_robot_description' build argument 'cmake_target' from command line to 'None'
[6.898s] Level 5:colcon.colcon_core.verb:set package 'pm_robot_description' build argument 'cmake_target_skip_unavailable' from command line to 'False'
[6.898s] Level 5:colcon.colcon_core.verb:set package 'pm_robot_description' build argument 'cmake_clean_cache' from command line to 'False'
[6.898s] Level 5:colcon.colcon_core.verb:set package 'pm_robot_description' build argument 'cmake_clean_first' from command line to 'False'
[6.898s] Level 5:colcon.colcon_core.verb:set package 'pm_robot_description' build argument 'cmake_force_configure' from command line to 'False'
[6.898s] Level 5:colcon.colcon_core.verb:set package 'pm_robot_description' build argument 'ament_cmake_args' from command line to 'None'
[6.898s] Level 5:colcon.colcon_core.verb:set package 'pm_robot_description' build argument 'catkin_cmake_args' from command line to 'None'
[6.898s] Level 5:colcon.colcon_core.verb:set package 'pm_robot_description' build argument 'catkin_skip_building_tests' from command line to 'False'
[6.898s] DEBUG:colcon.colcon_core.verb:Building package 'pm_robot_description' with the following arguments: {'ament_cmake_args': None, 'build_base': '/home/yueju/led/build/pm_robot_description', 'catkin_cmake_args': None, 'catkin_skip_building_tests': False, 'cmake_args': None, 'cmake_clean_cache': False, 'cmake_clean_first': False, 'cmake_force_configure': False, 'cmake_target': None, 'cmake_target_skip_unavailable': False, 'install_base': '/home/yueju/led/install/pm_robot_description', 'merge_install': False, 'path': '/home/yueju/led/match_pm_robot/pm_robot_description', 'symlink_install': False, 'test_result_base': None}
[6.899s] Level 5:colcon.colcon_core.verb:set package 'pm_client' build argument 'cmake_args' from command line to 'None'
[6.899s] Level 5:colcon.colcon_core.verb:set package 'pm_client' build argument 'cmake_target' from command line to 'None'
[6.899s] Level 5:colcon.colcon_core.verb:set package 'pm_client' build argument 'cmake_target_skip_unavailable' from command line to 'False'
[6.899s] Level 5:colcon.colcon_core.verb:set package 'pm_client' build argument 'cmake_clean_cache' from command line to 'False'
[6.899s] Level 5:colcon.colcon_core.verb:set package 'pm_client' build argument 'cmake_clean_first' from command line to 'False'
[6.899s] Level 5:colcon.colcon_core.verb:set package 'pm_client' build argument 'cmake_force_configure' from command line to 'False'
[6.899s] Level 5:colcon.colcon_core.verb:set package 'pm_client' build argument 'ament_cmake_args' from command line to 'None'
[6.899s] Level 5:colcon.colcon_core.verb:set package 'pm_client' build argument 'catkin_cmake_args' from command line to 'None'
[6.899s] Level 5:colcon.colcon_core.verb:set package 'pm_client' build argument 'catkin_skip_building_tests' from command line to 'False'
[6.899s] DEBUG:colcon.colcon_core.verb:Building package 'pm_client' with the following arguments: {'ament_cmake_args': None, 'build_base': '/home/yueju/led/build/pm_client', 'catkin_cmake_args': None, 'catkin_skip_building_tests': False, 'cmake_args': None, 'cmake_clean_cache': False, 'cmake_clean_first': False, 'cmake_force_configure': False, 'cmake_target': None, 'cmake_target_skip_unavailable': False, 'install_base': '/home/yueju/led/install/pm_client', 'merge_install': False, 'path': '/home/yueju/led/match_pm_robot/pm_client', 'symlink_install': False, 'test_result_base': None}
[6.900s] Level 5:colcon.colcon_core.verb:set package 'pm_robot_moveit_config' build argument 'cmake_args' from command line to 'None'
[6.900s] Level 5:colcon.colcon_core.verb:set package 'pm_robot_moveit_config' build argument 'cmake_target' from command line to 'None'
[6.900s] Level 5:colcon.colcon_core.verb:set package 'pm_robot_moveit_config' build argument 'cmake_target_skip_unavailable' from command line to 'False'
[6.900s] Level 5:colcon.colcon_core.verb:set package 'pm_robot_moveit_config' build argument 'cmake_clean_cache' from command line to 'False'
[6.900s] Level 5:colcon.colcon_core.verb:set package 'pm_robot_moveit_config' build argument 'cmake_clean_first' from command line to 'False'
[6.900s] Level 5:colcon.colcon_core.verb:set package 'pm_robot_moveit_config' build argument 'cmake_force_configure' from command line to 'False'
[6.900s] Level 5:colcon.colcon_core.verb:set package 'pm_robot_moveit_config' build argument 'ament_cmake_args' from command line to 'None'
[6.900s] Level 5:colcon.colcon_core.verb:set package 'pm_robot_moveit_config' build argument 'catkin_cmake_args' from command line to 'None'
[6.900s] Level 5:colcon.colcon_core.verb:set package 'pm_robot_moveit_config' build argument 'catkin_skip_building_tests' from command line to 'False'
[6.900s] DEBUG:colcon.colcon_core.verb:Building package 'pm_robot_moveit_config' with the following arguments: {'ament_cmake_args': None, 'build_base': '/home/yueju/led/build/pm_robot_moveit_config', 'catkin_cmake_args': None, 'catkin_skip_building_tests': False, 'cmake_args': None, 'cmake_clean_cache': False, 'cmake_clean_first': False, 'cmake_force_configure': False, 'cmake_target': None, 'cmake_target_skip_unavailable': False, 'install_base': '/home/yueju/led/install/pm_robot_moveit_config', 'merge_install': False, 'path': '/home/yueju/led/match_pm_robot/pm_robot_moveit_config', 'symlink_install': False, 'test_result_base': None}
[6.901s] Level 5:colcon.colcon_core.verb:set package 'pm_robot_control' build argument 'cmake_args' from command line to 'None'
[6.901s] Level 5:colcon.colcon_core.verb:set package 'pm_robot_control' build argument 'cmake_target' from command line to 'None'
[6.901s] Level 5:colcon.colcon_core.verb:set package 'pm_robot_control' build argument 'cmake_target_skip_unavailable' from command line to 'False'
[6.901s] Level 5:colcon.colcon_core.verb:set package 'pm_robot_control' build argument 'cmake_clean_cache' from command line to 'False'
[6.901s] Level 5:colcon.colcon_core.verb:set package 'pm_robot_control' build argument 'cmake_clean_first' from command line to 'False'
[6.901s] Level 5:colcon.colcon_core.verb:set package 'pm_robot_control' build argument 'cmake_force_configure' from command line to 'False'
[6.901s] Level 5:colcon.colcon_core.verb:set package 'pm_robot_control' build argument 'ament_cmake_args' from command line to 'None'
[6.901s] Level 5:colcon.colcon_core.verb:set package 'pm_robot_control' build argument 'catkin_cmake_args' from command line to 'None'
[6.901s] Level 5:colcon.colcon_core.verb:set package 'pm_robot_control' build argument 'catkin_skip_building_tests' from command line to 'False'
[6.901s] DEBUG:colcon.colcon_core.verb:Building package 'pm_robot_control' with the following arguments: {'ament_cmake_args': None, 'build_base': '/home/yueju/led/build/pm_robot_control', 'catkin_cmake_args': None, 'catkin_skip_building_tests': False, 'cmake_args': None, 'cmake_clean_cache': False, 'cmake_clean_first': False, 'cmake_force_configure': False, 'cmake_target': None, 'cmake_target_skip_unavailable': False, 'install_base': '/home/yueju/led/install/pm_robot_control', 'merge_install': False, 'path': '/home/yueju/led/match_pm_robot/pm_robot_control', 'symlink_install': False, 'test_result_base': None}
[6.901s] INFO:colcon.colcon_core.executor:Executing jobs using 'parallel' executor
[6.904s] DEBUG:colcon.colcon_parallel_executor.executor.parallel:run_until_complete
[6.904s] INFO:colcon.colcon_ros.task.ament_cmake.build:Building ROS package in '/home/yueju/led/match_pm_robot/open62541' with build type 'ament_cmake'
[6.905s] INFO:colcon.colcon_cmake.task.cmake.build:Building CMake package in '/home/yueju/led/match_pm_robot/open62541'
[6.929s] INFO:colcon.colcon_core.plugin_system:Skipping extension 'colcon_core.shell.bat': Not used on non-Windows systems
[6.930s] INFO:colcon.colcon_core.shell:Skip shell extension 'powershell' for command environment: Not usable outside of PowerShell
[6.930s] DEBUG:colcon.colcon_core.shell:Skip shell extension 'dsv' for command environment
[6.956s] INFO:colcon.colcon_ros.task.ament_cmake.build:Building ROS package in '/home/yueju/led/match_pm_robot/pm_robot_description' with build type 'ament_cmake'
[6.956s] INFO:colcon.colcon_cmake.task.cmake.build:Building CMake package in '/home/yueju/led/match_pm_robot/pm_robot_description'
[6.957s] INFO:colcon.colcon_core.shell:Skip shell extension 'powershell' for command environment: Not usable outside of PowerShell
[6.957s] DEBUG:colcon.colcon_core.shell:Skip shell extension 'dsv' for command environment
[6.967s] INFO:colcon.colcon_ros.task.ament_cmake.build:Building ROS package in '/home/yueju/led/match_pm_robot/opcua_server' with build type 'ament_cmake'
[6.967s] INFO:colcon.colcon_cmake.task.cmake.build:Building CMake package in '/home/yueju/led/match_pm_robot/opcua_server'
[6.968s] INFO:colcon.colcon_core.shell:Skip shell extension 'powershell' for command environment: Not usable outside of PowerShell
[6.968s] DEBUG:colcon.colcon_core.shell:Skip shell extension 'dsv' for command environment
[6.972s] INFO:colcon.colcon_ros.task.ament_python.build:Building ROS package in '/home/yueju/led/open_cv' with build type 'ament_python'
[6.972s] Level 1:colcon.colcon_core.shell:create_environment_hook('open_cv', 'ament_prefix_path')
[6.974s] INFO:colcon.colcon_core.shell:Creating environment hook '/home/yueju/led/install/open_cv/share/open_cv/hook/ament_prefix_path.ps1'
[7.003s] INFO:colcon.colcon_core.shell:Creating environment descriptor '/home/yueju/led/install/open_cv/share/open_cv/hook/ament_prefix_path.dsv'
[7.004s] INFO:colcon.colcon_core.shell:Creating environment hook '/home/yueju/led/install/open_cv/share/open_cv/hook/ament_prefix_path.sh'
[7.006s] INFO:colcon.colcon_core.shell:Skip shell extension 'powershell' for command environment: Not usable outside of PowerShell
[7.006s] DEBUG:colcon.colcon_core.shell:Skip shell extension 'dsv' for command environment
[7.012s] INFO:colcon.colcon_ros.task.ament_python.build:Building ROS package in '/home/yueju/led/match_pm_robot/pm_robot_control_test' with build type 'ament_python'
[7.012s] Level 1:colcon.colcon_core.shell:create_environment_hook('pm_robot_control_test', 'ament_prefix_path')
[7.014s] INFO:colcon.colcon_core.shell:Creating environment hook '/home/yueju/led/install/pm_robot_control_test/share/pm_robot_control_test/hook/ament_prefix_path.ps1'
[7.015s] INFO:colcon.colcon_core.shell:Creating environment descriptor '/home/yueju/led/install/pm_robot_control_test/share/pm_robot_control_test/hook/ament_prefix_path.dsv'
[7.015s] INFO:colcon.colcon_core.shell:Creating environment hook '/home/yueju/led/install/pm_robot_control_test/share/pm_robot_control_test/hook/ament_prefix_path.sh'
[7.017s] INFO:colcon.colcon_core.shell:Skip shell extension 'powershell' for command environment: Not usable outside of PowerShell
[7.017s] DEBUG:colcon.colcon_core.shell:Skip shell extension 'dsv' for command environment
[7.082s] DEBUG:colcon.colcon_core.event_handler.log_command:Invoking command in '/home/yueju/led/build/open62541': CMAKE_PREFIX_PATH=/opt/ros/humble /usr/bin/cmake --build /home/yueju/led/build/open62541 -- -j8 -l8
[7.131s] DEBUG:colcon.colcon_core.event_handler.log_command:Invoking command in '/home/yueju/led/build/pm_robot_description': CMAKE_PREFIX_PATH=/opt/ros/humble /usr/bin/cmake --build /home/yueju/led/build/pm_robot_description -- -j8 -l8
[7.157s] DEBUG:colcon.colcon_core.event_handler.log_command:Invoking command in '/home/yueju/led/build/opcua_server': CMAKE_PREFIX_PATH=/opt/ros/humble /usr/bin/cmake --build /home/yueju/led/build/opcua_server -- -j8 -l8
[7.554s] INFO:colcon.colcon_core.task.python.build:Building Python package in '/home/yueju/led/open_cv'
[7.555s] INFO:colcon.colcon_core.shell:Skip shell extension 'powershell' for command environment: Not usable outside of PowerShell
[7.555s] DEBUG:colcon.colcon_core.shell:Skip shell extension 'dsv' for command environment
[7.735s] INFO:colcon.colcon_core.task.python.build:Building Python package in '/home/yueju/led/match_pm_robot/pm_robot_control_test'
[7.737s] INFO:colcon.colcon_core.shell:Skip shell extension 'powershell' for command environment: Not usable outside of PowerShell
[7.737s] DEBUG:colcon.colcon_core.shell:Skip shell extension 'dsv' for command environment
[7.971s] DEBUG:colcon.colcon_core.event_handler.log_command:Invoked command in '/home/yueju/led/build/pm_robot_description' returned '0': CMAKE_PREFIX_PATH=/opt/ros/humble /usr/bin/cmake --build /home/yueju/led/build/pm_robot_description -- -j8 -l8
[8.011s] DEBUG:colcon.colcon_core.event_handler.log_command:Invoking command in '/home/yueju/led/build/pm_robot_description': CMAKE_PREFIX_PATH=/opt/ros/humble /usr/bin/cmake --install /home/yueju/led/build/pm_robot_description
[8.131s] Level 1:colcon.colcon_core.environment:create_environment_scripts_only(pm_robot_description)
[8.133s] DEBUG:colcon.colcon_core.event_handler.log_command:Invoked command in '/home/yueju/led/build/pm_robot_description' returned '0': CMAKE_PREFIX_PATH=/opt/ros/humble /usr/bin/cmake --install /home/yueju/led/build/pm_robot_description
[8.184s] Level 1:colcon.colcon_core.environment:checking '/home/yueju/led/install/pm_robot_description' for CMake module files
[8.185s] Level 1:colcon.colcon_core.environment:checking '/home/yueju/led/install/pm_robot_description' for CMake config files
[8.186s] Level 1:colcon.colcon_core.shell:create_environment_hook('pm_robot_description', 'cmake_prefix_path')
[8.187s] INFO:colcon.colcon_core.shell:Creating environment hook '/home/yueju/led/install/pm_robot_description/share/pm_robot_description/hook/cmake_prefix_path.ps1'
[8.188s] INFO:colcon.colcon_core.shell:Creating environment descriptor '/home/yueju/led/install/pm_robot_description/share/pm_robot_description/hook/cmake_prefix_path.dsv'
[8.188s] INFO:colcon.colcon_core.shell:Creating environment hook '/home/yueju/led/install/pm_robot_description/share/pm_robot_description/hook/cmake_prefix_path.sh'
[8.189s] Level 1:colcon.colcon_core.environment:checking '/home/yueju/led/install/pm_robot_description/bin'
[8.189s] Level 1:colcon.colcon_core.environment:checking '/home/yueju/led/install/pm_robot_description/lib/pkgconfig/pm_robot_description.pc'
[8.189s] Level 1:colcon.colcon_core.environment:checking '/home/yueju/led/install/pm_robot_description/lib/python3.10/site-packages'
[8.189s] Level 1:colcon.colcon_core.environment:checking '/home/yueju/led/install/pm_robot_description/bin'
[8.191s] INFO:colcon.colcon_core.shell:Creating package script '/home/yueju/led/install/pm_robot_description/share/pm_robot_description/package.ps1'
[8.195s] INFO:colcon.colcon_core.shell:Creating package descriptor '/home/yueju/led/install/pm_robot_description/share/pm_robot_description/package.dsv'
[8.197s] INFO:colcon.colcon_core.shell:Creating package script '/home/yueju/led/install/pm_robot_description/share/pm_robot_description/package.sh'
[8.198s] INFO:colcon.colcon_core.shell:Creating package script '/home/yueju/led/install/pm_robot_description/share/pm_robot_description/package.bash'
[8.200s] INFO:colcon.colcon_core.shell:Creating package script '/home/yueju/led/install/pm_robot_description/share/pm_robot_description/package.zsh'
[8.208s] Level 1:colcon.colcon_core.environment:create_file_with_runtime_dependencies(/home/yueju/led/install/pm_robot_description/share/colcon-core/packages/pm_robot_description)
[8.236s] DEBUG:colcon.colcon_core.event_handler.log_command:Invoked command in '/home/yueju/led/build/open62541' returned '0': CMAKE_PREFIX_PATH=/opt/ros/humble /usr/bin/cmake --build /home/yueju/led/build/open62541 -- -j8 -l8
[8.260s] Level 1:colcon.colcon_core.environment:create_environment_scripts_only(pm_robot_description)
[8.263s] Level 1:colcon.colcon_core.environment:checking '/home/yueju/led/install/pm_robot_description' for CMake module files
[8.264s] Level 1:colcon.colcon_core.environment:checking '/home/yueju/led/install/pm_robot_description' for CMake config files
[8.264s] Level 1:colcon.colcon_core.shell:create_environment_hook('pm_robot_description', 'cmake_prefix_path')
[8.266s] INFO:colcon.colcon_core.shell:Creating environment hook '/home/yueju/led/install/pm_robot_description/share/pm_robot_description/hook/cmake_prefix_path.ps1'
[8.267s] INFO:colcon.colcon_core.shell:Creating environment descriptor '/home/yueju/led/install/pm_robot_description/share/pm_robot_description/hook/cmake_prefix_path.dsv'
[8.267s] INFO:colcon.colcon_core.shell:Creating environment hook '/home/yueju/led/install/pm_robot_description/share/pm_robot_description/hook/cmake_prefix_path.sh'
[8.268s] Level 1:colcon.colcon_core.environment:checking '/home/yueju/led/install/pm_robot_description/bin'
[8.268s] Level 1:colcon.colcon_core.environment:checking '/home/yueju/led/install/pm_robot_description/lib/pkgconfig/pm_robot_description.pc'
[8.269s] Level 1:colcon.colcon_core.environment:checking '/home/yueju/led/install/pm_robot_description/lib/python3.10/site-packages'
[8.269s] Level 1:colcon.colcon_core.environment:checking '/home/yueju/led/install/pm_robot_description/bin'
[8.271s] INFO:colcon.colcon_core.shell:Creating package script '/home/yueju/led/install/pm_robot_description/share/pm_robot_description/package.ps1'
[8.272s] INFO:colcon.colcon_core.shell:Creating package descriptor '/home/yueju/led/install/pm_robot_description/share/pm_robot_description/package.dsv'
[8.273s] INFO:colcon.colcon_core.shell:Creating package script '/home/yueju/led/install/pm_robot_description/share/pm_robot_description/package.sh'
[8.273s] INFO:colcon.colcon_core.shell:Creating package script '/home/yueju/led/install/pm_robot_description/share/pm_robot_description/package.bash'
[8.274s] INFO:colcon.colcon_core.shell:Creating package script '/home/yueju/led/install/pm_robot_description/share/pm_robot_description/package.zsh'
[8.274s] Level 1:colcon.colcon_core.environment:create_file_with_runtime_dependencies(/home/yueju/led/install/pm_robot_description/share/colcon-core/packages/pm_robot_description)
[8.275s] INFO:colcon.colcon_ros.task.ament_cmake.build:Building ROS package in '/home/yueju/led/match_pm_robot/pm_robot_moveit_config' with build type 'ament_cmake'
[8.275s] INFO:colcon.colcon_cmake.task.cmake.build:Building CMake package in '/home/yueju/led/match_pm_robot/pm_robot_moveit_config'
[8.277s] INFO:colcon.colcon_core.shell:Skip shell extension 'powershell' for command environment: Not usable outside of PowerShell
[8.277s] DEBUG:colcon.colcon_core.shell:Skip shell extension 'dsv' for command environment
[8.283s] DEBUG:colcon.colcon_core.event_handler.log_command:Invoking command in '/home/yueju/led/build/open62541': CMAKE_PREFIX_PATH=/opt/ros/humble /usr/bin/cmake --install /home/yueju/led/build/open62541
[8.361s] Level 1:colcon.colcon_core.environment:create_environment_scripts_only(open62541)
[8.372s] Level 1:colcon.colcon_core.environment:checking '/home/yueju/led/install/open62541' for CMake module files
[8.375s] DEBUG:colcon.colcon_core.event_handler.log_command:Invoking command in '/home/yueju/led/build/pm_robot_moveit_config': AMENT_PREFIX_PATH=/home/yueju/led/install/pm_robot_description:${AMENT_PREFIX_PATH} CMAKE_PREFIX_PATH=/home/yueju/led/install/pm_robot_description:/opt/ros/humble /usr/bin/cmake --build /home/yueju/led/build/pm_robot_moveit_config -- -j8 -l8
[8.377s] DEBUG:colcon.colcon_core.event_handler.log_command:Invoked command in '/home/yueju/led/build/open62541' returned '0': CMAKE_PREFIX_PATH=/opt/ros/humble /usr/bin/cmake --install /home/yueju/led/build/open62541
[8.378s] Level 1:colcon.colcon_core.environment:checking '/home/yueju/led/install/open62541' for CMake config files
[8.379s] Level 1:colcon.colcon_core.shell:create_environment_hook('open62541', 'cmake_prefix_path')
[8.383s] INFO:colcon.colcon_core.shell:Creating environment hook '/home/yueju/led/install/open62541/share/open62541/hook/cmake_prefix_path.ps1'
[8.401s] INFO:colcon.colcon_core.shell:Creating environment descriptor '/home/yueju/led/install/open62541/share/open62541/hook/cmake_prefix_path.dsv'
[8.401s] INFO:colcon.colcon_core.shell:Creating environment hook '/home/yueju/led/install/open62541/share/open62541/hook/cmake_prefix_path.sh'
[8.403s] Level 1:colcon.colcon_core.environment:checking '/home/yueju/led/install/open62541/lib'
[8.403s] Level 1:colcon.colcon_core.environment:checking '/home/yueju/led/install/open62541/bin'
[8.403s] Level 1:colcon.colcon_core.environment:checking '/home/yueju/led/install/open62541/lib/pkgconfig/open62541.pc'
[8.404s] Level 1:colcon.colcon_core.environment:checking '/home/yueju/led/install/open62541/lib/python3.10/site-packages'
[8.405s] Level 1:colcon.colcon_core.environment:checking '/home/yueju/led/install/open62541/bin'
[8.410s] INFO:colcon.colcon_core.shell:Creating package script '/home/yueju/led/install/open62541/share/open62541/package.ps1'
[8.411s] INFO:colcon.colcon_core.shell:Creating package descriptor '/home/yueju/led/install/open62541/share/open62541/package.dsv'
[8.412s] INFO:colcon.colcon_core.shell:Creating package script '/home/yueju/led/install/open62541/share/open62541/package.sh'
[8.413s] INFO:colcon.colcon_core.shell:Creating package script '/home/yueju/led/install/open62541/share/open62541/package.bash'
[8.414s] INFO:colcon.colcon_core.shell:Creating package script '/home/yueju/led/install/open62541/share/open62541/package.zsh'
[8.414s] Level 1:colcon.colcon_core.environment:create_file_with_runtime_dependencies(/home/yueju/led/install/open62541/share/colcon-core/packages/open62541)
[8.423s] DEBUG:colcon.colcon_core.event_handler.log_command:Invoked command in '/home/yueju/led/build/opcua_server' returned '0': CMAKE_PREFIX_PATH=/opt/ros/humble /usr/bin/cmake --build /home/yueju/led/build/opcua_server -- -j8 -l8
[8.468s] Level 1:colcon.colcon_core.environment:create_environment_scripts_only(open62541)
[8.471s] Level 1:colcon.colcon_core.environment:checking '/home/yueju/led/install/open62541' for CMake module files
[8.471s] Level 1:colcon.colcon_core.environment:checking '/home/yueju/led/install/open62541' for CMake config files
[8.472s] Level 1:colcon.colcon_core.shell:create_environment_hook('open62541', 'cmake_prefix_path')
[8.473s] INFO:colcon.colcon_core.shell:Creating environment hook '/home/yueju/led/install/open62541/share/open62541/hook/cmake_prefix_path.ps1'
[8.474s] INFO:colcon.colcon_core.shell:Creating environment descriptor '/home/yueju/led/install/open62541/share/open62541/hook/cmake_prefix_path.dsv'
[8.475s] INFO:colcon.colcon_core.shell:Creating environment hook '/home/yueju/led/install/open62541/share/open62541/hook/cmake_prefix_path.sh'
[8.475s] Level 1:colcon.colcon_core.environment:checking '/home/yueju/led/install/open62541/lib'
[8.475s] Level 1:colcon.colcon_core.environment:checking '/home/yueju/led/install/open62541/bin'
[8.475s] Level 1:colcon.colcon_core.environment:checking '/home/yueju/led/install/open62541/lib/pkgconfig/open62541.pc'
[8.476s] Level 1:colcon.colcon_core.environment:checking '/home/yueju/led/install/open62541/lib/python3.10/site-packages'
[8.476s] Level 1:colcon.colcon_core.environment:checking '/home/yueju/led/install/open62541/bin'
[8.478s] INFO:colcon.colcon_core.shell:Creating package script '/home/yueju/led/install/open62541/share/open62541/package.ps1'
[8.479s] INFO:colcon.colcon_core.shell:Creating package descriptor '/home/yueju/led/install/open62541/share/open62541/package.dsv'
[8.480s] INFO:colcon.colcon_core.shell:Creating package script '/home/yueju/led/install/open62541/share/open62541/package.sh'
[8.481s] INFO:colcon.colcon_core.shell:Creating package script '/home/yueju/led/install/open62541/share/open62541/package.bash'
[8.482s] INFO:colcon.colcon_core.shell:Creating package script '/home/yueju/led/install/open62541/share/open62541/package.zsh'
[8.482s] Level 1:colcon.colcon_core.environment:create_file_with_runtime_dependencies(/home/yueju/led/install/open62541/share/colcon-core/packages/open62541)
[8.483s] INFO:colcon.colcon_ros.task.ament_cmake.build:Building ROS package in '/home/yueju/led/match_pm_robot/pm_client' with build type 'ament_cmake'
[8.483s] INFO:colcon.colcon_cmake.task.cmake.build:Building CMake package in '/home/yueju/led/match_pm_robot/pm_client'
[8.485s] INFO:colcon.colcon_core.shell:Skip shell extension 'powershell' for command environment: Not usable outside of PowerShell
[8.485s] DEBUG:colcon.colcon_core.shell:Skip shell extension 'dsv' for command environment
[8.498s] DEBUG:colcon.colcon_core.event_handler.log_command:Invoked command in '/home/yueju/led/build/pm_robot_moveit_config' returned '0': AMENT_PREFIX_PATH=/home/yueju/led/install/pm_robot_description:${AMENT_PREFIX_PATH} CMAKE_PREFIX_PATH=/home/yueju/led/install/pm_robot_description:/opt/ros/humble /usr/bin/cmake --build /home/yueju/led/build/pm_robot_moveit_config -- -j8 -l8
[8.509s] DEBUG:colcon.colcon_core.event_handler.log_command:Invoking command in '/home/yueju/led/build/opcua_server': CMAKE_PREFIX_PATH=/opt/ros/humble /usr/bin/cmake --install /home/yueju/led/build/opcua_server
[8.596s] DEBUG:colcon.colcon_core.event_handler.log_command:Invoking command in '/home/yueju/led/build/pm_client': AMENT_PREFIX_PATH=/home/yueju/led/install/open62541:${AMENT_PREFIX_PATH} CMAKE_PREFIX_PATH=/home/yueju/led/install/open62541:/opt/ros/humble LD_LIBRARY_PATH=/home/yueju/led/install/open62541/lib:${LD_LIBRARY_PATH} /usr/bin/cmake --build /home/yueju/led/build/pm_client -- -j8 -l8
[8.597s] DEBUG:colcon.colcon_core.event_handler.log_command:Invoking command in '/home/yueju/led/build/pm_robot_moveit_config': AMENT_PREFIX_PATH=/home/yueju/led/install/pm_robot_description:${AMENT_PREFIX_PATH} CMAKE_PREFIX_PATH=/home/yueju/led/install/pm_robot_description:/opt/ros/humble /usr/bin/cmake --install /home/yueju/led/build/pm_robot_moveit_config
[8.623s] Level 1:colcon.colcon_core.environment:create_environment_scripts_only(opcua_server)
[8.630s] DEBUG:colcon.colcon_core.event_handler.log_command:Invoked command in '/home/yueju/led/build/opcua_server' returned '0': CMAKE_PREFIX_PATH=/opt/ros/humble /usr/bin/cmake --install /home/yueju/led/build/opcua_server
[8.633s] Level 1:colcon.colcon_core.environment:checking '/home/yueju/led/install/opcua_server' for CMake module files
[8.636s] Level 1:colcon.colcon_core.environment:checking '/home/yueju/led/install/opcua_server' for CMake config files
[8.637s] Level 1:colcon.colcon_core.shell:create_environment_hook('opcua_server', 'cmake_prefix_path')
[8.642s] INFO:colcon.colcon_core.shell:Creating environment hook '/home/yueju/led/install/opcua_server/share/opcua_server/hook/cmake_prefix_path.ps1'
[8.646s] INFO:colcon.colcon_core.shell:Creating environment descriptor '/home/yueju/led/install/opcua_server/share/opcua_server/hook/cmake_prefix_path.dsv'
[8.652s] INFO:colcon.colcon_core.shell:Creating environment hook '/home/yueju/led/install/opcua_server/share/opcua_server/hook/cmake_prefix_path.sh'
[8.657s] Level 1:colcon.colcon_core.environment:checking '/home/yueju/led/install/opcua_server/lib'
[8.658s] Level 1:colcon.colcon_core.environment:checking '/home/yueju/led/install/opcua_server/bin'
[8.658s] Level 1:colcon.colcon_core.environment:checking '/home/yueju/led/install/opcua_server/lib/pkgconfig/opcua_server.pc'
[8.659s] Level 1:colcon.colcon_core.environment:checking '/home/yueju/led/install/opcua_server/lib/python3.10/site-packages'
[8.660s] Level 1:colcon.colcon_core.environment:checking '/home/yueju/led/install/opcua_server/bin'
[8.666s] INFO:colcon.colcon_core.shell:Creating package script '/home/yueju/led/install/opcua_server/share/opcua_server/package.ps1'
[8.667s] INFO:colcon.colcon_core.shell:Creating package descriptor '/home/yueju/led/install/opcua_server/share/opcua_server/package.dsv'
[8.670s] INFO:colcon.colcon_core.shell:Creating package script '/home/yueju/led/install/opcua_server/share/opcua_server/package.sh'
[8.671s] INFO:colcon.colcon_core.shell:Creating package script '/home/yueju/led/install/opcua_server/share/opcua_server/package.bash'
[8.672s] INFO:colcon.colcon_core.shell:Creating package script '/home/yueju/led/install/opcua_server/share/opcua_server/package.zsh'
[8.673s] Level 1:colcon.colcon_core.environment:create_file_with_runtime_dependencies(/home/yueju/led/install/opcua_server/share/colcon-core/packages/opcua_server)
[8.694s] Level 1:colcon.colcon_core.environment:create_environment_scripts_only(pm_robot_moveit_config)
[8.701s] Level 1:colcon.colcon_core.environment:checking '/home/yueju/led/install/pm_robot_moveit_config' for CMake module files
[8.706s] DEBUG:colcon.colcon_core.event_handler.log_command:Invoked command in '/home/yueju/led/build/pm_robot_moveit_config' returned '0': AMENT_PREFIX_PATH=/home/yueju/led/install/pm_robot_description:${AMENT_PREFIX_PATH} CMAKE_PREFIX_PATH=/home/yueju/led/install/pm_robot_description:/opt/ros/humble /usr/bin/cmake --install /home/yueju/led/build/pm_robot_moveit_config
[8.708s] Level 1:colcon.colcon_core.environment:checking '/home/yueju/led/install/pm_robot_moveit_config' for CMake config files
[8.710s] Level 1:colcon.colcon_core.shell:create_environment_hook('pm_robot_moveit_config', 'cmake_prefix_path')
[8.716s] INFO:colcon.colcon_core.shell:Creating environment hook '/home/yueju/led/install/pm_robot_moveit_config/share/pm_robot_moveit_config/hook/cmake_prefix_path.ps1'
[8.718s] INFO:colcon.colcon_core.shell:Creating environment descriptor '/home/yueju/led/install/pm_robot_moveit_config/share/pm_robot_moveit_config/hook/cmake_prefix_path.dsv'
[8.719s] INFO:colcon.colcon_core.shell:Creating environment hook '/home/yueju/led/install/pm_robot_moveit_config/share/pm_robot_moveit_config/hook/cmake_prefix_path.sh'
[8.721s] Level 1:colcon.colcon_core.environment:checking '/home/yueju/led/install/pm_robot_moveit_config/bin'
[8.721s] Level 1:colcon.colcon_core.environment:checking '/home/yueju/led/install/pm_robot_moveit_config/lib/pkgconfig/pm_robot_moveit_config.pc'
[8.722s] Level 1:colcon.colcon_core.environment:checking '/home/yueju/led/install/pm_robot_moveit_config/lib/python3.10/site-packages'
[8.723s] Level 1:colcon.colcon_core.environment:checking '/home/yueju/led/install/pm_robot_moveit_config/bin'
[8.728s] INFO:colcon.colcon_core.shell:Creating package script '/home/yueju/led/install/pm_robot_moveit_config/share/pm_robot_moveit_config/package.ps1'
[8.729s] INFO:colcon.colcon_core.shell:Creating package descriptor '/home/yueju/led/install/pm_robot_moveit_config/share/pm_robot_moveit_config/package.dsv'
[8.730s] INFO:colcon.colcon_core.shell:Creating package script '/home/yueju/led/install/pm_robot_moveit_config/share/pm_robot_moveit_config/package.sh'
[8.732s] INFO:colcon.colcon_core.shell:Creating package script '/home/yueju/led/install/pm_robot_moveit_config/share/pm_robot_moveit_config/package.bash'
[8.733s] INFO:colcon.colcon_core.shell:Creating package script '/home/yueju/led/install/pm_robot_moveit_config/share/pm_robot_moveit_config/package.zsh'
[8.734s] Level 1:colcon.colcon_core.environment:create_file_with_runtime_dependencies(/home/yueju/led/install/pm_robot_moveit_config/share/colcon-core/packages/pm_robot_moveit_config)
[8.789s] Level 1:colcon.colcon_core.environment:create_environment_scripts_only(opcua_server)
[8.796s] Level 1:colcon.colcon_core.environment:checking '/home/yueju/led/install/opcua_server' for CMake module files
[8.798s] Level 1:colcon.colcon_core.environment:checking '/home/yueju/led/install/opcua_server' for CMake config files
[8.799s] Level 1:colcon.colcon_core.shell:create_environment_hook('opcua_server', 'cmake_prefix_path')
[8.804s] INFO:colcon.colcon_core.shell:Creating environment hook '/home/yueju/led/install/opcua_server/share/opcua_server/hook/cmake_prefix_path.ps1'
[8.806s] INFO:colcon.colcon_core.shell:Creating environment descriptor '/home/yueju/led/install/opcua_server/share/opcua_server/hook/cmake_prefix_path.dsv'
[8.807s] INFO:colcon.colcon_core.shell:Creating environment hook '/home/yueju/led/install/opcua_server/share/opcua_server/hook/cmake_prefix_path.sh'
[8.809s] Level 1:colcon.colcon_core.environment:checking '/home/yueju/led/install/opcua_server/lib'
[8.809s] Level 1:colcon.colcon_core.environment:checking '/home/yueju/led/install/opcua_server/bin'
[8.809s] Level 1:colcon.colcon_core.environment:checking '/home/yueju/led/install/opcua_server/lib/pkgconfig/opcua_server.pc'
[8.811s] Level 1:colcon.colcon_core.environment:checking '/home/yueju/led/install/opcua_server/lib/python3.10/site-packages'
[8.812s] Level 1:colcon.colcon_core.environment:checking '/home/yueju/led/install/opcua_server/bin'
[8.818s] INFO:colcon.colcon_core.shell:Creating package script '/home/yueju/led/install/opcua_server/share/opcua_server/package.ps1'
[8.821s] INFO:colcon.colcon_core.shell:Creating package descriptor '/home/yueju/led/install/opcua_server/share/opcua_server/package.dsv'
[8.823s] INFO:colcon.colcon_core.shell:Creating package script '/home/yueju/led/install/opcua_server/share/opcua_server/package.sh'
[8.824s] INFO:colcon.colcon_core.shell:Creating package script '/home/yueju/led/install/opcua_server/share/opcua_server/package.bash'
[8.825s] INFO:colcon.colcon_core.shell:Creating package script '/home/yueju/led/install/opcua_server/share/opcua_server/package.zsh'
[8.827s] Level 1:colcon.colcon_core.environment:create_file_with_runtime_dependencies(/home/yueju/led/install/opcua_server/share/colcon-core/packages/opcua_server)
[8.835s] Level 1:colcon.colcon_core.environment:create_environment_scripts_only(pm_robot_moveit_config)
[8.842s] Level 1:colcon.colcon_core.environment:checking '/home/yueju/led/install/pm_robot_moveit_config' for CMake module files
[8.844s] Level 1:colcon.colcon_core.environment:checking '/home/yueju/led/install/pm_robot_moveit_config' for CMake config files
[8.844s] Level 1:colcon.colcon_core.shell:create_environment_hook('pm_robot_moveit_config', 'cmake_prefix_path')
[8.848s] INFO:colcon.colcon_core.shell:Creating environment hook '/home/yueju/led/install/pm_robot_moveit_config/share/pm_robot_moveit_config/hook/cmake_prefix_path.ps1'
[8.849s] INFO:colcon.colcon_core.shell:Creating environment descriptor '/home/yueju/led/install/pm_robot_moveit_config/share/pm_robot_moveit_config/hook/cmake_prefix_path.dsv'
[8.850s] INFO:colcon.colcon_core.shell:Creating environment hook '/home/yueju/led/install/pm_robot_moveit_config/share/pm_robot_moveit_config/hook/cmake_prefix_path.sh'
[8.851s] Level 1:colcon.colcon_core.environment:checking '/home/yueju/led/install/pm_robot_moveit_config/bin'
[8.852s] Level 1:colcon.colcon_core.environment:checking '/home/yueju/led/install/pm_robot_moveit_config/lib/pkgconfig/pm_robot_moveit_config.pc'
[8.852s] Level 1:colcon.colcon_core.environment:checking '/home/yueju/led/install/pm_robot_moveit_config/lib/python3.10/site-packages'
[8.853s] Level 1:colcon.colcon_core.environment:checking '/home/yueju/led/install/pm_robot_moveit_config/bin'
[8.856s] INFO:colcon.colcon_core.shell:Creating package script '/home/yueju/led/install/pm_robot_moveit_config/share/pm_robot_moveit_config/package.ps1'
[8.857s] INFO:colcon.colcon_core.shell:Creating package descriptor '/home/yueju/led/install/pm_robot_moveit_config/share/pm_robot_moveit_config/package.dsv'
[8.859s] INFO:colcon.colcon_core.shell:Creating package script '/home/yueju/led/install/pm_robot_moveit_config/share/pm_robot_moveit_config/package.sh'
[8.860s] INFO:colcon.colcon_core.shell:Creating package script '/home/yueju/led/install/pm_robot_moveit_config/share/pm_robot_moveit_config/package.bash'
[8.861s] INFO:colcon.colcon_core.shell:Creating package script '/home/yueju/led/install/pm_robot_moveit_config/share/pm_robot_moveit_config/package.zsh'
[8.862s] Level 1:colcon.colcon_core.environment:create_file_with_runtime_dependencies(/home/yueju/led/install/pm_robot_moveit_config/share/colcon-core/packages/pm_robot_moveit_config)
[9.005s] DEBUG:colcon.colcon_core.event_handler.log_command:Invoked command in '/home/yueju/led/build/pm_client' returned '0': AMENT_PREFIX_PATH=/home/yueju/led/install/open62541:${AMENT_PREFIX_PATH} CMAKE_PREFIX_PATH=/home/yueju/led/install/open62541:/opt/ros/humble LD_LIBRARY_PATH=/home/yueju/led/install/open62541/lib:${LD_LIBRARY_PATH} /usr/bin/cmake --build /home/yueju/led/build/pm_client -- -j8 -l8
[9.058s] DEBUG:colcon.colcon_core.event_handler.log_command:Invoking command in '/home/yueju/led/build/pm_client': AMENT_PREFIX_PATH=/home/yueju/led/install/open62541:${AMENT_PREFIX_PATH} CMAKE_PREFIX_PATH=/home/yueju/led/install/open62541:/opt/ros/humble LD_LIBRARY_PATH=/home/yueju/led/install/open62541/lib:${LD_LIBRARY_PATH} /usr/bin/cmake --install /home/yueju/led/build/pm_client
[9.101s] Level 1:colcon.colcon_core.environment:create_environment_scripts_only(pm_client)
[9.103s] Level 1:colcon.colcon_core.environment:checking '/home/yueju/led/install/pm_client' for CMake module files
[9.103s] DEBUG:colcon.colcon_core.event_handler.log_command:Invoked command in '/home/yueju/led/build/pm_client' returned '0': AMENT_PREFIX_PATH=/home/yueju/led/install/open62541:${AMENT_PREFIX_PATH} CMAKE_PREFIX_PATH=/home/yueju/led/install/open62541:/opt/ros/humble LD_LIBRARY_PATH=/home/yueju/led/install/open62541/lib:${LD_LIBRARY_PATH} /usr/bin/cmake --install /home/yueju/led/build/pm_client
[9.104s] Level 1:colcon.colcon_core.environment:checking '/home/yueju/led/install/pm_client' for CMake config files
[9.106s] Level 1:colcon.colcon_core.shell:create_environment_hook('pm_client', 'cmake_prefix_path')
[9.107s] INFO:colcon.colcon_core.shell:Creating environment hook '/home/yueju/led/install/pm_client/share/pm_client/hook/cmake_prefix_path.ps1'
[9.107s] INFO:colcon.colcon_core.shell:Creating environment descriptor '/home/yueju/led/install/pm_client/share/pm_client/hook/cmake_prefix_path.dsv'
[9.108s] INFO:colcon.colcon_core.shell:Creating environment hook '/home/yueju/led/install/pm_client/share/pm_client/hook/cmake_prefix_path.sh'
[9.108s] Level 1:colcon.colcon_core.environment:checking '/home/yueju/led/install/pm_client/lib'
[9.108s] Level 1:colcon.colcon_core.environment:checking '/home/yueju/led/install/pm_client/bin'
[9.108s] Level 1:colcon.colcon_core.environment:checking '/home/yueju/led/install/pm_client/lib/pkgconfig/pm_client.pc'
[9.109s] Level 1:colcon.colcon_core.environment:checking '/home/yueju/led/install/pm_client/lib/python3.10/site-packages'
[9.109s] Level 1:colcon.colcon_core.environment:checking '/home/yueju/led/install/pm_client/bin'
[9.110s] INFO:colcon.colcon_core.shell:Creating package script '/home/yueju/led/install/pm_client/share/pm_client/package.ps1'
[9.110s] INFO:colcon.colcon_core.shell:Creating package descriptor '/home/yueju/led/install/pm_client/share/pm_client/package.dsv'
[9.111s] INFO:colcon.colcon_core.shell:Creating package script '/home/yueju/led/install/pm_client/share/pm_client/package.sh'
[9.111s] INFO:colcon.colcon_core.shell:Creating package script '/home/yueju/led/install/pm_client/share/pm_client/package.bash'
[9.111s] INFO:colcon.colcon_core.shell:Creating package script '/home/yueju/led/install/pm_client/share/pm_client/package.zsh'
[9.112s] Level 1:colcon.colcon_core.environment:create_file_with_runtime_dependencies(/home/yueju/led/install/pm_client/share/colcon-core/packages/pm_client)
[9.138s] Level 1:colcon.colcon_core.environment:create_environment_scripts_only(pm_client)
[9.140s] Level 1:colcon.colcon_core.environment:checking '/home/yueju/led/install/pm_client' for CMake module files
[9.140s] Level 1:colcon.colcon_core.environment:checking '/home/yueju/led/install/pm_client' for CMake config files
[9.141s] Level 1:colcon.colcon_core.shell:create_environment_hook('pm_client', 'cmake_prefix_path')
[9.142s] INFO:colcon.colcon_core.shell:Creating environment hook '/home/yueju/led/install/pm_client/share/pm_client/hook/cmake_prefix_path.ps1'
[9.142s] INFO:colcon.colcon_core.shell:Creating environment descriptor '/home/yueju/led/install/pm_client/share/pm_client/hook/cmake_prefix_path.dsv'
[9.142s] INFO:colcon.colcon_core.shell:Creating environment hook '/home/yueju/led/install/pm_client/share/pm_client/hook/cmake_prefix_path.sh'
[9.143s] Level 1:colcon.colcon_core.environment:checking '/home/yueju/led/install/pm_client/lib'
[9.143s] Level 1:colcon.colcon_core.environment:checking '/home/yueju/led/install/pm_client/bin'
[9.143s] Level 1:colcon.colcon_core.environment:checking '/home/yueju/led/install/pm_client/lib/pkgconfig/pm_client.pc'
[9.143s] Level 1:colcon.colcon_core.environment:checking '/home/yueju/led/install/pm_client/lib/python3.10/site-packages'
[9.143s] Level 1:colcon.colcon_core.environment:checking '/home/yueju/led/install/pm_client/bin'
[9.145s] INFO:colcon.colcon_core.shell:Creating package script '/home/yueju/led/install/pm_client/share/pm_client/package.ps1'
[9.145s] INFO:colcon.colcon_core.shell:Creating package descriptor '/home/yueju/led/install/pm_client/share/pm_client/package.dsv'
[9.146s] INFO:colcon.colcon_core.shell:Creating package script '/home/yueju/led/install/pm_client/share/pm_client/package.sh'
[9.146s] INFO:colcon.colcon_core.shell:Creating package script '/home/yueju/led/install/pm_client/share/pm_client/package.bash'
[9.146s] INFO:colcon.colcon_core.shell:Creating package script '/home/yueju/led/install/pm_client/share/pm_client/package.zsh'
[9.147s] Level 1:colcon.colcon_core.environment:create_file_with_runtime_dependencies(/home/yueju/led/install/pm_client/share/colcon-core/packages/pm_client)
[9.147s] INFO:colcon.colcon_ros.task.ament_cmake.build:Building ROS package in '/home/yueju/led/match_pm_robot/pm_robot_control' with build type 'ament_cmake'
[9.147s] INFO:colcon.colcon_cmake.task.cmake.build:Building CMake package in '/home/yueju/led/match_pm_robot/pm_robot_control'
[9.149s] INFO:colcon.colcon_core.shell:Skip shell extension 'powershell' for command environment: Not usable outside of PowerShell
[9.149s] DEBUG:colcon.colcon_core.shell:Skip shell extension 'dsv' for command environment
[9.307s] DEBUG:colcon.colcon_core.event_handler.log_command:Invoking command in '/home/yueju/led/build/pm_robot_control': AMENT_PREFIX_PATH=/home/yueju/led/install/pm_client:/home/yueju/led/install/open62541:${AMENT_PREFIX_PATH} CMAKE_PREFIX_PATH=/home/yueju/led/install/pm_client:/home/yueju/led/install/open62541:/opt/ros/humble LD_LIBRARY_PATH=/home/yueju/led/install/pm_client/lib:/home/yueju/led/install/open62541/lib:${LD_LIBRARY_PATH} /usr/bin/cmake --build /home/yueju/led/build/pm_robot_control -- -j8 -l8
[9.528s] DEBUG:colcon.colcon_core.event_handler.log_command:Invoking command in '/home/yueju/led/match_pm_robot/pm_robot_control_test': PYTHONPATH=/home/yueju/led/build/pm_robot_control_test/prefix_override:/home/yueju/led/install/pm_robot_control_test/lib/python3.10/site-packages:${PYTHONPATH} /usr/bin/python3 setup.py egg_info --egg-base ../../build/pm_robot_control_test build --build-base /home/yueju/led/build/pm_robot_control_test/build install --record /home/yueju/led/build/pm_robot_control_test/install.log --single-version-externally-managed
[9.532s] DEBUG:colcon.colcon_core.event_handler.log_command:Invoking command in '/home/yueju/led/open_cv': PYTHONPATH=/home/yueju/led/build/open_cv/prefix_override:/home/yueju/led/install/open_cv/lib/python3.10/site-packages:${PYTHONPATH} /usr/bin/python3 setup.py egg_info --egg-base ../build/open_cv build --build-base /home/yueju/led/build/open_cv/build install --record /home/yueju/led/build/open_cv/install.log --single-version-externally-managed
[9.667s] DEBUG:colcon.colcon_core.event_handler.log_command:Invoked command in '/home/yueju/led/build/pm_robot_control' returned '0': AMENT_PREFIX_PATH=/home/yueju/led/install/pm_client:/home/yueju/led/install/open62541:${AMENT_PREFIX_PATH} CMAKE_PREFIX_PATH=/home/yueju/led/install/pm_client:/home/yueju/led/install/open62541:/opt/ros/humble LD_LIBRARY_PATH=/home/yueju/led/install/pm_client/lib:/home/yueju/led/install/open62541/lib:${LD_LIBRARY_PATH} /usr/bin/cmake --build /home/yueju/led/build/pm_robot_control -- -j8 -l8
[9.693s] DEBUG:colcon.colcon_core.event_handler.log_command:Invoking command in '/home/yueju/led/build/pm_robot_control': AMENT_PREFIX_PATH=/home/yueju/led/install/pm_client:/home/yueju/led/install/open62541:${AMENT_PREFIX_PATH} CMAKE_PREFIX_PATH=/home/yueju/led/install/pm_client:/home/yueju/led/install/open62541:/opt/ros/humble LD_LIBRARY_PATH=/home/yueju/led/install/pm_client/lib:/home/yueju/led/install/open62541/lib:${LD_LIBRARY_PATH} /usr/bin/cmake --install /home/yueju/led/build/pm_robot_control
[9.735s] Level 1:colcon.colcon_core.environment:create_environment_scripts_only(pm_robot_control)
[9.738s] Level 1:colcon.colcon_core.environment:checking '/home/yueju/led/install/pm_robot_control' for CMake module files
[9.738s] DEBUG:colcon.colcon_core.event_handler.log_command:Invoked command in '/home/yueju/led/build/pm_robot_control' returned '0': AMENT_PREFIX_PATH=/home/yueju/led/install/pm_client:/home/yueju/led/install/open62541:${AMENT_PREFIX_PATH} CMAKE_PREFIX_PATH=/home/yueju/led/install/pm_client:/home/yueju/led/install/open62541:/opt/ros/humble LD_LIBRARY_PATH=/home/yueju/led/install/pm_client/lib:/home/yueju/led/install/open62541/lib:${LD_LIBRARY_PATH} /usr/bin/cmake --install /home/yueju/led/build/pm_robot_control
[9.739s] Level 1:colcon.colcon_core.environment:checking '/home/yueju/led/install/pm_robot_control' for CMake config files
[9.739s] Level 1:colcon.colcon_core.shell:create_environment_hook('pm_robot_control', 'cmake_prefix_path')
[9.740s] INFO:colcon.colcon_core.shell:Creating environment hook '/home/yueju/led/install/pm_robot_control/share/pm_robot_control/hook/cmake_prefix_path.ps1'
[9.741s] INFO:colcon.colcon_core.shell:Creating environment descriptor '/home/yueju/led/install/pm_robot_control/share/pm_robot_control/hook/cmake_prefix_path.dsv'
[9.741s] INFO:colcon.colcon_core.shell:Creating environment hook '/home/yueju/led/install/pm_robot_control/share/pm_robot_control/hook/cmake_prefix_path.sh'
[9.742s] Level 1:colcon.colcon_core.environment:checking '/home/yueju/led/install/pm_robot_control/lib'
[9.742s] Level 1:colcon.colcon_core.environment:checking '/home/yueju/led/install/pm_robot_control/bin'
[9.742s] Level 1:colcon.colcon_core.environment:checking '/home/yueju/led/install/pm_robot_control/lib/pkgconfig/pm_robot_control.pc'
[9.742s] Level 1:colcon.colcon_core.environment:checking '/home/yueju/led/install/pm_robot_control/lib/python3.10/site-packages'
[9.742s] Level 1:colcon.colcon_core.environment:checking '/home/yueju/led/install/pm_robot_control/bin'
[9.743s] INFO:colcon.colcon_core.shell:Creating package script '/home/yueju/led/install/pm_robot_control/share/pm_robot_control/package.ps1'
[9.744s] INFO:colcon.colcon_core.shell:Creating package descriptor '/home/yueju/led/install/pm_robot_control/share/pm_robot_control/package.dsv'
[9.745s] INFO:colcon.colcon_core.shell:Creating package script '/home/yueju/led/install/pm_robot_control/share/pm_robot_control/package.sh'
[9.745s] INFO:colcon.colcon_core.shell:Creating package script '/home/yueju/led/install/pm_robot_control/share/pm_robot_control/package.bash'
[9.746s] INFO:colcon.colcon_core.shell:Creating package script '/home/yueju/led/install/pm_robot_control/share/pm_robot_control/package.zsh'
[9.746s] Level 1:colcon.colcon_core.environment:create_file_with_runtime_dependencies(/home/yueju/led/install/pm_robot_control/share/colcon-core/packages/pm_robot_control)
[9.777s] Level 1:colcon.colcon_core.environment:create_environment_scripts_only(pm_robot_control)
[9.781s] Level 1:colcon.colcon_core.environment:checking '/home/yueju/led/install/pm_robot_control' for CMake module files
[9.782s] Level 1:colcon.colcon_core.environment:checking '/home/yueju/led/install/pm_robot_control' for CMake config files
[9.782s] Level 1:colcon.colcon_core.shell:create_environment_hook('pm_robot_control', 'cmake_prefix_path')
[9.783s] INFO:colcon.colcon_core.shell:Creating environment hook '/home/yueju/led/install/pm_robot_control/share/pm_robot_control/hook/cmake_prefix_path.ps1'
[9.784s] INFO:colcon.colcon_core.shell:Creating environment descriptor '/home/yueju/led/install/pm_robot_control/share/pm_robot_control/hook/cmake_prefix_path.dsv'
[9.784s] INFO:colcon.colcon_core.shell:Creating environment hook '/home/yueju/led/install/pm_robot_control/share/pm_robot_control/hook/cmake_prefix_path.sh'
[9.784s] Level 1:colcon.colcon_core.environment:checking '/home/yueju/led/install/pm_robot_control/lib'
[9.784s] Level 1:colcon.colcon_core.environment:checking '/home/yueju/led/install/pm_robot_control/bin'
[9.784s] Level 1:colcon.colcon_core.environment:checking '/home/yueju/led/install/pm_robot_control/lib/pkgconfig/pm_robot_control.pc'
[9.785s] Level 1:colcon.colcon_core.environment:checking '/home/yueju/led/install/pm_robot_control/lib/python3.10/site-packages'
[9.785s] Level 1:colcon.colcon_core.environment:checking '/home/yueju/led/install/pm_robot_control/bin'
[9.786s] INFO:colcon.colcon_core.shell:Creating package script '/home/yueju/led/install/pm_robot_control/share/pm_robot_control/package.ps1'
[9.787s] INFO:colcon.colcon_core.shell:Creating package descriptor '/home/yueju/led/install/pm_robot_control/share/pm_robot_control/package.dsv'
[9.788s] INFO:colcon.colcon_core.shell:Creating package script '/home/yueju/led/install/pm_robot_control/share/pm_robot_control/package.sh'
[9.788s] INFO:colcon.colcon_core.shell:Creating package script '/home/yueju/led/install/pm_robot_control/share/pm_robot_control/package.bash'
[9.789s] INFO:colcon.colcon_core.shell:Creating package script '/home/yueju/led/install/pm_robot_control/share/pm_robot_control/package.zsh'
[9.789s] Level 1:colcon.colcon_core.environment:create_file_with_runtime_dependencies(/home/yueju/led/install/pm_robot_control/share/colcon-core/packages/pm_robot_control)
[10.075s] Level 1:colcon.colcon_core.environment:checking '/home/yueju/led/install/pm_robot_control_test' for CMake module files
[10.076s] DEBUG:colcon.colcon_core.event_handler.log_command:Invoked command in '/home/yueju/led/match_pm_robot/pm_robot_control_test' returned '0': PYTHONPATH=/home/yueju/led/build/pm_robot_control_test/prefix_override:/home/yueju/led/install/pm_robot_control_test/lib/python3.10/site-packages:${PYTHONPATH} /usr/bin/python3 setup.py egg_info --egg-base ../../build/pm_robot_control_test build --build-base /home/yueju/led/build/pm_robot_control_test/build install --record /home/yueju/led/build/pm_robot_control_test/install.log --single-version-externally-managed
[10.076s] Level 1:colcon.colcon_core.environment:checking '/home/yueju/led/install/pm_robot_control_test' for CMake config files
[10.078s] Level 1:colcon.colcon_core.environment:checking '/home/yueju/led/install/pm_robot_control_test/lib'
[10.078s] Level 1:colcon.colcon_core.environment:checking '/home/yueju/led/install/pm_robot_control_test/bin'
[10.078s] Level 1:colcon.colcon_core.environment:checking '/home/yueju/led/install/pm_robot_control_test/lib/pkgconfig/pm_robot_control_test.pc'
[10.078s] Level 1:colcon.colcon_core.environment:checking '/home/yueju/led/install/pm_robot_control_test/lib/python3.10/site-packages'
[10.078s] Level 1:colcon.colcon_core.shell:create_environment_hook('pm_robot_control_test', 'pythonpath')
[10.080s] INFO:colcon.colcon_core.shell:Creating environment hook '/home/yueju/led/install/pm_robot_control_test/share/pm_robot_control_test/hook/pythonpath.ps1'
[10.080s] INFO:colcon.colcon_core.shell:Creating environment descriptor '/home/yueju/led/install/pm_robot_control_test/share/pm_robot_control_test/hook/pythonpath.dsv'
[10.080s] INFO:colcon.colcon_core.shell:Creating environment hook '/home/yueju/led/install/pm_robot_control_test/share/pm_robot_control_test/hook/pythonpath.sh'
[10.081s] Level 1:colcon.colcon_core.environment:checking '/home/yueju/led/install/pm_robot_control_test/bin'
[10.081s] Level 1:colcon.colcon_core.environment:create_environment_scripts_only(pm_robot_control_test)
[10.082s] INFO:colcon.colcon_core.shell:Creating package script '/home/yueju/led/install/pm_robot_control_test/share/pm_robot_control_test/package.ps1'
[10.083s] INFO:colcon.colcon_core.shell:Creating package descriptor '/home/yueju/led/install/pm_robot_control_test/share/pm_robot_control_test/package.dsv'
[10.083s] INFO:colcon.colcon_core.shell:Creating package script '/home/yueju/led/install/pm_robot_control_test/share/pm_robot_control_test/package.sh'
[10.084s] INFO:colcon.colcon_core.shell:Creating package script '/home/yueju/led/install/pm_robot_control_test/share/pm_robot_control_test/package.bash'
[10.084s] INFO:colcon.colcon_core.shell:Creating package script '/home/yueju/led/install/pm_robot_control_test/share/pm_robot_control_test/package.zsh'
[10.085s] Level 1:colcon.colcon_core.environment:create_file_with_runtime_dependencies(/home/yueju/led/install/pm_robot_control_test/share/colcon-core/packages/pm_robot_control_test)
[10.099s] Level 1:colcon.colcon_core.environment:checking '/home/yueju/led/install/open_cv' for CMake module files
[10.100s] DEBUG:colcon.colcon_core.event_handler.log_command:Invoked command in '/home/yueju/led/open_cv' returned '0': PYTHONPATH=/home/yueju/led/build/open_cv/prefix_override:/home/yueju/led/install/open_cv/lib/python3.10/site-packages:${PYTHONPATH} /usr/bin/python3 setup.py egg_info --egg-base ../build/open_cv build --build-base /home/yueju/led/build/open_cv/build install --record /home/yueju/led/build/open_cv/install.log --single-version-externally-managed
[10.100s] Level 1:colcon.colcon_core.environment:checking '/home/yueju/led/install/open_cv' for CMake config files
[10.101s] Level 1:colcon.colcon_core.environment:checking '/home/yueju/led/install/open_cv/lib'
[10.101s] Level 1:colcon.colcon_core.environment:checking '/home/yueju/led/install/open_cv/bin'
[10.101s] Level 1:colcon.colcon_core.environment:checking '/home/yueju/led/install/open_cv/lib/pkgconfig/open_cv.pc'
[10.101s] Level 1:colcon.colcon_core.environment:checking '/home/yueju/led/install/open_cv/lib/python3.10/site-packages'
[10.102s] Level 1:colcon.colcon_core.shell:create_environment_hook('open_cv', 'pythonpath')
[10.103s] INFO:colcon.colcon_core.shell:Creating environment hook '/home/yueju/led/install/open_cv/share/open_cv/hook/pythonpath.ps1'
[10.104s] INFO:colcon.colcon_core.shell:Creating environment descriptor '/home/yueju/led/install/open_cv/share/open_cv/hook/pythonpath.dsv'
[10.104s] INFO:colcon.colcon_core.shell:Creating environment hook '/home/yueju/led/install/open_cv/share/open_cv/hook/pythonpath.sh'
[10.105s] Level 1:colcon.colcon_core.environment:checking '/home/yueju/led/install/open_cv/bin'
[10.105s] Level 1:colcon.colcon_core.environment:create_environment_scripts_only(open_cv)
[10.106s] INFO:colcon.colcon_core.shell:Creating package script '/home/yueju/led/install/open_cv/share/open_cv/package.ps1'
[10.106s] INFO:colcon.colcon_core.shell:Creating package descriptor '/home/yueju/led/install/open_cv/share/open_cv/package.dsv'
[10.107s] INFO:colcon.colcon_core.shell:Creating package script '/home/yueju/led/install/open_cv/share/open_cv/package.sh'
[10.107s] INFO:colcon.colcon_core.shell:Creating package script '/home/yueju/led/install/open_cv/share/open_cv/package.bash'
[10.107s] INFO:colcon.colcon_core.shell:Creating package script '/home/yueju/led/install/open_cv/share/open_cv/package.zsh'
[10.108s] Level 1:colcon.colcon_core.environment:create_file_with_runtime_dependencies(/home/yueju/led/install/open_cv/share/colcon-core/packages/open_cv)
[10.108s] DEBUG:colcon.colcon_parallel_executor.executor.parallel:closing loop
[10.109s] DEBUG:colcon.colcon_parallel_executor.executor.parallel:loop closed
[10.109s] DEBUG:colcon.colcon_parallel_executor.executor.parallel:run_until_complete finished with '0'
[10.109s] DEBUG:colcon.colcon_core.event_reactor:joining thread
[10.202s] INFO:colcon.colcon_core.plugin_system:Skipping extension 'colcon_notification.desktop_notification.terminal_notifier': Not used on non-Darwin systems
[10.202s] INFO:colcon.colcon_core.plugin_system:Skipping extension 'colcon_notification.desktop_notification.win32': Not used on non-Windows systems
[10.203s] INFO:colcon.colcon_notification.desktop_notification:Sending desktop notification using 'notify2'
[10.252s] DEBUG:colcon.colcon_core.event_reactor:joined thread
[10.255s] INFO:colcon.colcon_core.shell:Creating prefix script '/home/yueju/led/install/local_setup.ps1'
[10.283s] INFO:colcon.colcon_core.shell:Creating prefix util module '/home/yueju/led/install/_local_setup_util_ps1.py'
[10.286s] INFO:colcon.colcon_core.shell:Creating prefix chain script '/home/yueju/led/install/setup.ps1'
[10.289s] INFO:colcon.colcon_core.shell:Creating prefix script '/home/yueju/led/install/local_setup.sh'
[10.290s] INFO:colcon.colcon_core.shell:Creating prefix util module '/home/yueju/led/install/_local_setup_util_sh.py'
[10.291s] INFO:colcon.colcon_core.shell:Creating prefix chain script '/home/yueju/led/install/setup.sh'
[10.292s] INFO:colcon.colcon_core.shell:Creating prefix script '/home/yueju/led/install/local_setup.bash'
[10.293s] INFO:colcon.colcon_core.shell:Creating prefix chain script '/home/yueju/led/install/setup.bash'
[10.294s] INFO:colcon.colcon_core.shell:Creating prefix script '/home/yueju/led/install/local_setup.zsh'
[10.295s] INFO:colcon.colcon_core.shell:Creating prefix chain script '/home/yueju/led/install/setup.zsh'
