[1.500s] Invoking command in '/home/yueju/led/src/battery_node': PYTHONPATH=/home/yueju/led/build/battery_node/prefix_override:/home/yueju/led/install/battery_node/lib/python3.10/site-packages:${PYTHONPATH} /usr/bin/python3 setup.py egg_info --egg-base ../../build/battery_node build --build-base /home/yueju/led/build/battery_node/build install --record /home/yueju/led/build/battery_node/install.log --single-version-externally-managed
[1.801s] running egg_info
[1.801s] creating ../../build/battery_node/battery_node.egg-info
[1.801s] writing ../../build/battery_node/battery_node.egg-info/PKG-INFO
[1.802s] writing dependency_links to ../../build/battery_node/battery_node.egg-info/dependency_links.txt
[1.802s] writing entry points to ../../build/battery_node/battery_node.egg-info/entry_points.txt
[1.802s] writing requirements to ../../build/battery_node/battery_node.egg-info/requires.txt
[1.802s] writing top-level names to ../../build/battery_node/battery_node.egg-info/top_level.txt
[1.802s] writing manifest file '../../build/battery_node/battery_node.egg-info/SOURCES.txt'
[1.805s] reading manifest file '../../build/battery_node/battery_node.egg-info/SOURCES.txt'
[1.806s] writing manifest file '../../build/battery_node/battery_node.egg-info/SOURCES.txt'
[1.807s] running build
[1.807s] running build_py
[1.807s] creating /home/yueju/led/build/battery_node/build
[1.807s] creating /home/yueju/led/build/battery_node/build/lib
[1.807s] creating /home/yueju/led/build/battery_node/build/lib/battery_node
[1.807s] copying battery_node/node_battery.py -> /home/yueju/led/build/battery_node/build/lib/battery_node
[1.808s] copying battery_node/__init__.py -> /home/yueju/led/build/battery_node/build/lib/battery_node
[1.808s] copying battery_node/node_led.py -> /home/yueju/led/build/battery_node/build/lib/battery_node
[1.808s] running install
[1.811s] running install_lib
[1.815s] creating /home/yueju/led/install/battery_node/lib/python3.10/site-packages/battery_node
[1.816s] copying /home/yueju/led/build/battery_node/build/lib/battery_node/node_battery.py -> /home/yueju/led/install/battery_node/lib/python3.10/site-packages/battery_node
[1.816s] copying /home/yueju/led/build/battery_node/build/lib/battery_node/__init__.py -> /home/yueju/led/install/battery_node/lib/python3.10/site-packages/battery_node
[1.816s] copying /home/yueju/led/build/battery_node/build/lib/battery_node/node_led.py -> /home/yueju/led/install/battery_node/lib/python3.10/site-packages/battery_node
[1.816s] byte-compiling /home/yueju/led/install/battery_node/lib/python3.10/site-packages/battery_node/node_battery.py to node_battery.cpython-310.pyc
[1.816s] byte-compiling /home/yueju/led/install/battery_node/lib/python3.10/site-packages/battery_node/__init__.py to __init__.cpython-310.pyc
[1.816s] byte-compiling /home/yueju/led/install/battery_node/lib/python3.10/site-packages/battery_node/node_led.py to node_led.cpython-310.pyc
[1.821s] running install_data
[1.821s] creating /home/yueju/led/install/battery_node/share/ament_index
[1.821s] creating /home/yueju/led/install/battery_node/share/ament_index/resource_index
[1.821s] creating /home/yueju/led/install/battery_node/share/ament_index/resource_index/packages
[1.821s] copying resource/battery_node -> /home/yueju/led/install/battery_node/share/ament_index/resource_index/packages
[1.821s] copying package.xml -> /home/yueju/led/install/battery_node/share/battery_node
[1.821s] running install_egg_info
[1.822s] Copying ../../build/battery_node/battery_node.egg-info to /home/yueju/led/install/battery_node/lib/python3.10/site-packages/battery_node-0.0.0-py3.10.egg-info
[1.822s] running install_scripts
[1.847s] Installing node_battery script to /home/yueju/led/install/battery_node/lib/battery_node
[1.848s] Installing node_led script to /home/yueju/led/install/battery_node/lib/battery_node
[1.848s] writing list of installed files to '/home/yueju/led/build/battery_node/install.log'
[1.877s] Invoked command in '/home/yueju/led/src/battery_node' returned '0': PYTHONPATH=/home/yueju/led/build/battery_node/prefix_override:/home/yueju/led/install/battery_node/lib/python3.10/site-packages:${PYTHONPATH} /usr/bin/python3 setup.py egg_info --egg-base ../../build/battery_node build --build-base /home/yueju/led/build/battery_node/build install --record /home/yueju/led/build/battery_node/install.log --single-version-externally-managed
