[0.035s] Invoking command in '/home/yueju/led/build/opcua_server': CMAKE_PREFIX_PATH=/opt/ros/humble /usr/bin/cmake --build /home/yueju/led/build/opcua_server -- -j8 -l8
[0.243s] [ 50%] Built target open62541
[0.244s] [100%] Built target opcua_server
[0.448s] Invoked command in '/home/yueju/led/build/opcua_server' returned '0': CMAKE_PREFIX_PATH=/opt/ros/humble /usr/bin/cmake --build /home/yueju/led/build/opcua_server -- -j8 -l8
[0.485s] Invoking command in '/home/yueju/led/build/opcua_server': CMAKE_PREFIX_PATH=/opt/ros/humble /usr/bin/cmake --install /home/yueju/led/build/opcua_server
[0.523s] -- Install configuration: ""
[0.523s] -- Up-to-date: /home/yueju/led/install/opcua_server/lib/opcua_server/opcua_server
[0.523s] -- Up-to-date: /home/yueju/led/install/opcua_server/share/ament_index/resource_index/package_run_dependencies/opcua_server
[0.523s] -- Up-to-date: /home/yueju/led/install/opcua_server/share/ament_index/resource_index/parent_prefix_path/opcua_server
[0.523s] -- Up-to-date: /home/yueju/led/install/opcua_server/share/opcua_server/environment/ament_prefix_path.sh
[0.523s] -- Up-to-date: /home/yueju/led/install/opcua_server/share/opcua_server/environment/ament_prefix_path.dsv
[0.524s] -- Up-to-date: /home/yueju/led/install/opcua_server/share/opcua_server/environment/path.sh
[0.526s] -- Up-to-date: /home/yueju/led/install/opcua_server/share/opcua_server/environment/path.dsv
[0.526s] -- Up-to-date: /home/yueju/led/install/opcua_server/share/opcua_server/local_setup.bash
[0.527s] -- Up-to-date: /home/yueju/led/install/opcua_server/share/opcua_server/local_setup.sh
[0.527s] -- Up-to-date: /home/yueju/led/install/opcua_server/share/opcua_server/local_setup.zsh
[0.527s] -- Up-to-date: /home/yueju/led/install/opcua_server/share/opcua_server/local_setup.dsv
[0.527s] -- Installing: /home/yueju/led/install/opcua_server/share/opcua_server/package.dsv
[0.528s] -- Up-to-date: /home/yueju/led/install/opcua_server/share/ament_index/resource_index/packages/opcua_server
[0.528s] -- Up-to-date: /home/yueju/led/install/opcua_server/share/opcua_server/cmake/opcua_serverConfig.cmake
[0.528s] -- Up-to-date: /home/yueju/led/install/opcua_server/share/opcua_server/cmake/opcua_serverConfig-version.cmake
[0.529s] -- Up-to-date: /home/yueju/led/install/opcua_server/share/opcua_server/package.xml
[0.545s] Invoked command in '/home/yueju/led/build/opcua_server' returned '0': CMAKE_PREFIX_PATH=/opt/ros/humble /usr/bin/cmake --install /home/yueju/led/build/opcua_server
