[0.513s] Invoking command in '/home/yueju/led/build/interface': CMAKE_PREFIX_PATH=/opt/ros/humble /usr/bin/cmake --build /home/yueju/led/build/interface -- -j8 -l8
[1.282s] [  2%] Built target interface__cpp
[1.369s] [  2%] Built target ament_cmake_python_copy_interface
[1.505s] [ 12%] Built target interface__rosidl_generator_c
[1.541s] [ 33%] Built target interface__rosidl_typesupport_cpp
[1.541s] [ 33%] Built target interface__rosidl_typesupport_introspection_cpp
[1.624s] [ 43%] Built target interface__rosidl_typesupport_introspection_c
[1.634s] [ 53%] Built target interface__rosidl_typesupport_c
[1.637s] [ 64%] Built target interface__rosidl_typesupport_fastrtps_cpp
[1.742s] [ 74%] Built target interface__rosidl_typesupport_fastrtps_c
[1.748s] running egg_info
[1.749s] writing interface.egg-info/PKG-INFO
[1.749s] writing dependency_links to interface.egg-info/dependency_links.txt
[1.749s] writing top-level names to interface.egg-info/top_level.txt
[1.752s] reading manifest file 'interface.egg-info/SOURCES.txt'
[1.753s] writing manifest file 'interface.egg-info/SOURCES.txt'
[1.768s] [ 74%] Built target interface
[1.791s] [ 74%] Built target ament_cmake_python_build_interface_egg
[1.808s] [ 76%] Built target interface__py
[1.886s] [35m[1mConsolidate compiler generated dependencies of target interface__rosidl_generator_py[0m
[2.026s] [ 84%] Built target interface__rosidl_generator_py
[2.054s] [35m[1mConsolidate compiler generated dependencies of target interface__rosidl_typesupport_introspection_c__pyext[0m
[2.067s] [ 89%] Built target interface__rosidl_typesupport_introspection_c__pyext
[2.068s] [35m[1mConsolidate compiler generated dependencies of target interface__rosidl_typesupport_c__pyext[0m
[2.081s] [35m[1mConsolidate compiler generated dependencies of target interface__rosidl_typesupport_fastrtps_c__pyext[0m
[2.084s] [ 94%] Built target interface__rosidl_typesupport_c__pyext
[2.098s] [100%] Built target interface__rosidl_typesupport_fastrtps_c__pyext
[2.112s] Invoked command in '/home/yueju/led/build/interface' returned '0': CMAKE_PREFIX_PATH=/opt/ros/humble /usr/bin/cmake --build /home/yueju/led/build/interface -- -j8 -l8
[2.199s] Invoking command in '/home/yueju/led/build/interface': CMAKE_PREFIX_PATH=/opt/ros/humble /usr/bin/cmake --install /home/yueju/led/build/interface
[2.208s] -- Install configuration: ""
[2.209s] -- Up-to-date: /home/yueju/led/install/interface/share/ament_index/resource_index/rosidl_interfaces/interface
[2.209s] -- Up-to-date: /home/yueju/led/install/interface/include/interface/interface
[2.210s] -- Up-to-date: /home/yueju/led/install/interface/include/interface/interface/srv
[2.217s] -- Up-to-date: /home/yueju/led/install/interface/include/interface/interface/srv/detail
[2.231s] -- Up-to-date: /home/yueju/led/install/interface/include/interface/interface/srv/detail/set_led__functions.h
[2.232s] -- Up-to-date: /home/yueju/led/install/interface/include/interface/interface/srv/detail/set_led__type_support.h
[2.233s] -- Up-to-date: /home/yueju/led/install/interface/include/interface/interface/srv/detail/set_led__functions.c
[2.234s] -- Up-to-date: /home/yueju/led/install/interface/include/interface/interface/srv/detail/set_led__struct.h
[2.234s] -- Up-to-date: /home/yueju/led/install/interface/include/interface/interface/srv/set_led.h
[2.235s] -- Up-to-date: /home/yueju/led/install/interface/include/interface/interface/msg
[2.236s] -- Up-to-date: /home/yueju/led/install/interface/include/interface/interface/msg/detail
[2.236s] -- Up-to-date: /home/yueju/led/install/interface/include/interface/interface/msg/detail/led__functions.h
[2.236s] -- Up-to-date: /home/yueju/led/install/interface/include/interface/interface/msg/detail/led__functions.c
[2.237s] -- Up-to-date: /home/yueju/led/install/interface/include/interface/interface/msg/detail/led__type_support.h
[2.237s] -- Up-to-date: /home/yueju/led/install/interface/include/interface/interface/msg/detail/led__struct.h
[2.237s] -- Up-to-date: /home/yueju/led/install/interface/include/interface/interface/msg/led.h
[2.237s] -- Up-to-date: /home/yueju/led/install/interface/include/interface/interface/msg/rosidl_generator_c__visibility_control.h
[2.238s] -- Up-to-date: /home/yueju/led/install/interface/share/interface/environment/library_path.sh
[2.238s] -- Up-to-date: /home/yueju/led/install/interface/share/interface/environment/library_path.dsv
[2.249s] -- Up-to-date: /home/yueju/led/install/interface/lib/libinterface__rosidl_generator_c.so
[2.251s] -- Up-to-date: /home/yueju/led/install/interface/include/interface/interface
[2.251s] -- Up-to-date: /home/yueju/led/install/interface/include/interface/interface/srv
[2.252s] -- Up-to-date: /home/yueju/led/install/interface/include/interface/interface/srv/detail
[2.253s] -- Up-to-date: /home/yueju/led/install/interface/include/interface/interface/srv/detail/set_led__rosidl_typesupport_fastrtps_c.h
[2.254s] -- Up-to-date: /home/yueju/led/install/interface/include/interface/interface/msg
[2.255s] -- Up-to-date: /home/yueju/led/install/interface/include/interface/interface/msg/detail
[2.256s] -- Up-to-date: /home/yueju/led/install/interface/include/interface/interface/msg/detail/led__rosidl_typesupport_fastrtps_c.h
[2.256s] -- Up-to-date: /home/yueju/led/install/interface/include/interface/interface/msg/rosidl_typesupport_fastrtps_c__visibility_control.h
[2.257s] -- Up-to-date: /home/yueju/led/install/interface/lib/libinterface__rosidl_typesupport_fastrtps_c.so
[2.257s] -- Up-to-date: /home/yueju/led/install/interface/include/interface/interface
[2.257s] -- Up-to-date: /home/yueju/led/install/interface/include/interface/interface/srv
[2.258s] -- Up-to-date: /home/yueju/led/install/interface/include/interface/interface/srv/detail
[2.258s] -- Up-to-date: /home/yueju/led/install/interface/include/interface/interface/srv/detail/set_led__type_support.c
[2.258s] -- Up-to-date: /home/yueju/led/install/interface/include/interface/interface/srv/detail/set_led__rosidl_typesupport_introspection_c.h
[2.259s] -- Up-to-date: /home/yueju/led/install/interface/include/interface/interface/msg
[2.259s] -- Up-to-date: /home/yueju/led/install/interface/include/interface/interface/msg/detail
[2.259s] -- Up-to-date: /home/yueju/led/install/interface/include/interface/interface/msg/detail/led__type_support.c
[2.260s] -- Up-to-date: /home/yueju/led/install/interface/include/interface/interface/msg/detail/led__rosidl_typesupport_introspection_c.h
[2.260s] -- Up-to-date: /home/yueju/led/install/interface/include/interface/interface/msg/rosidl_typesupport_introspection_c__visibility_control.h
[2.260s] -- Up-to-date: /home/yueju/led/install/interface/lib/libinterface__rosidl_typesupport_introspection_c.so
[2.261s] -- Up-to-date: /home/yueju/led/install/interface/lib/libinterface__rosidl_typesupport_c.so
[2.262s] -- Up-to-date: /home/yueju/led/install/interface/include/interface/interface
[2.263s] -- Up-to-date: /home/yueju/led/install/interface/include/interface/interface/srv
[2.264s] -- Up-to-date: /home/yueju/led/install/interface/include/interface/interface/srv/detail
[2.266s] -- Up-to-date: /home/yueju/led/install/interface/include/interface/interface/srv/detail/set_led__struct.hpp
[2.266s] -- Up-to-date: /home/yueju/led/install/interface/include/interface/interface/srv/detail/set_led__builder.hpp
[2.267s] -- Up-to-date: /home/yueju/led/install/interface/include/interface/interface/srv/detail/set_led__traits.hpp
[2.268s] -- Up-to-date: /home/yueju/led/install/interface/include/interface/interface/srv/set_led.hpp
[2.268s] -- Up-to-date: /home/yueju/led/install/interface/include/interface/interface/msg
[2.268s] -- Up-to-date: /home/yueju/led/install/interface/include/interface/interface/msg/detail
[2.269s] -- Up-to-date: /home/yueju/led/install/interface/include/interface/interface/msg/detail/led__struct.hpp
[2.269s] -- Up-to-date: /home/yueju/led/install/interface/include/interface/interface/msg/detail/led__builder.hpp
[2.270s] -- Up-to-date: /home/yueju/led/install/interface/include/interface/interface/msg/detail/led__traits.hpp
[2.270s] -- Up-to-date: /home/yueju/led/install/interface/include/interface/interface/msg/led.hpp
[2.271s] -- Up-to-date: /home/yueju/led/install/interface/include/interface/interface
[2.271s] -- Up-to-date: /home/yueju/led/install/interface/include/interface/interface/srv
[2.272s] -- Up-to-date: /home/yueju/led/install/interface/include/interface/interface/srv/detail
[2.272s] -- Up-to-date: /home/yueju/led/install/interface/include/interface/interface/srv/detail/dds_fastrtps
[2.273s] -- Up-to-date: /home/yueju/led/install/interface/include/interface/interface/srv/detail/set_led__rosidl_typesupport_fastrtps_cpp.hpp
[2.273s] -- Up-to-date: /home/yueju/led/install/interface/include/interface/interface/msg
[2.273s] -- Up-to-date: /home/yueju/led/install/interface/include/interface/interface/msg/rosidl_typesupport_fastrtps_cpp__visibility_control.h
[2.274s] -- Up-to-date: /home/yueju/led/install/interface/include/interface/interface/msg/detail
[2.274s] -- Up-to-date: /home/yueju/led/install/interface/include/interface/interface/msg/detail/dds_fastrtps
[2.275s] -- Up-to-date: /home/yueju/led/install/interface/include/interface/interface/msg/detail/led__rosidl_typesupport_fastrtps_cpp.hpp
[2.287s] -- Up-to-date: /home/yueju/led/install/interface/lib/libinterface__rosidl_typesupport_fastrtps_cpp.so
[2.288s] -- Up-to-date: /home/yueju/led/install/interface/include/interface/interface
[2.289s] -- Up-to-date: /home/yueju/led/install/interface/include/interface/interface/srv
[2.289s] -- Up-to-date: /home/yueju/led/install/interface/include/interface/interface/srv/detail
[2.290s] -- Up-to-date: /home/yueju/led/install/interface/include/interface/interface/srv/detail/set_led__type_support.cpp
[2.290s] -- Up-to-date: /home/yueju/led/install/interface/include/interface/interface/srv/detail/set_led__rosidl_typesupport_introspection_cpp.hpp
[2.291s] -- Up-to-date: /home/yueju/led/install/interface/include/interface/interface/msg
[2.291s] -- Up-to-date: /home/yueju/led/install/interface/include/interface/interface/msg/detail
[2.291s] -- Up-to-date: /home/yueju/led/install/interface/include/interface/interface/msg/detail/led__rosidl_typesupport_introspection_cpp.hpp
[2.292s] -- Up-to-date: /home/yueju/led/install/interface/include/interface/interface/msg/detail/led__type_support.cpp
[2.292s] -- Up-to-date: /home/yueju/led/install/interface/lib/libinterface__rosidl_typesupport_introspection_cpp.so
[2.294s] -- Up-to-date: /home/yueju/led/install/interface/lib/libinterface__rosidl_typesupport_cpp.so
[2.295s] -- Up-to-date: /home/yueju/led/install/interface/share/interface/environment/pythonpath.sh
[2.296s] -- Up-to-date: /home/yueju/led/install/interface/share/interface/environment/pythonpath.dsv
[2.297s] -- Up-to-date: /home/yueju/led/install/interface/local/lib/python3.10/dist-packages/interface-0.0.0-py3.10.egg-info
[2.297s] -- Installing: /home/yueju/led/install/interface/local/lib/python3.10/dist-packages/interface-0.0.0-py3.10.egg-info/top_level.txt
[2.298s] -- Installing: /home/yueju/led/install/interface/local/lib/python3.10/dist-packages/interface-0.0.0-py3.10.egg-info/SOURCES.txt
[2.299s] -- Installing: /home/yueju/led/install/interface/local/lib/python3.10/dist-packages/interface-0.0.0-py3.10.egg-info/PKG-INFO
[2.300s] -- Installing: /home/yueju/led/install/interface/local/lib/python3.10/dist-packages/interface-0.0.0-py3.10.egg-info/dependency_links.txt
[2.300s] -- Up-to-date: /home/yueju/led/install/interface/local/lib/python3.10/dist-packages/interface
[2.301s] -- Up-to-date: /home/yueju/led/install/interface/local/lib/python3.10/dist-packages/interface/_interface_s.ep.rosidl_typesupport_c.c
[2.301s] -- Up-to-date: /home/yueju/led/install/interface/local/lib/python3.10/dist-packages/interface/interface_s__rosidl_typesupport_c.cpython-310-x86_64-linux-gnu.so
[2.301s] -- Up-to-date: /home/yueju/led/install/interface/local/lib/python3.10/dist-packages/interface/libinterface__rosidl_generator_py.so
[2.302s] -- Up-to-date: /home/yueju/led/install/interface/local/lib/python3.10/dist-packages/interface/srv
[2.302s] -- Up-to-date: /home/yueju/led/install/interface/local/lib/python3.10/dist-packages/interface/srv/_set_led_s.c
[2.303s] -- Up-to-date: /home/yueju/led/install/interface/local/lib/python3.10/dist-packages/interface/srv/__init__.py
[2.303s] -- Up-to-date: /home/yueju/led/install/interface/local/lib/python3.10/dist-packages/interface/srv/_set_led.py
[2.304s] -- Up-to-date: /home/yueju/led/install/interface/local/lib/python3.10/dist-packages/interface/_interface_s.ep.rosidl_typesupport_fastrtps_c.c
[2.304s] -- Up-to-date: /home/yueju/led/install/interface/local/lib/python3.10/dist-packages/interface/msg
[2.305s] -- Up-to-date: /home/yueju/led/install/interface/local/lib/python3.10/dist-packages/interface/msg/_led.py
[2.305s] -- Up-to-date: /home/yueju/led/install/interface/local/lib/python3.10/dist-packages/interface/msg/__init__.py
[2.306s] -- Up-to-date: /home/yueju/led/install/interface/local/lib/python3.10/dist-packages/interface/msg/_led_s.c
[2.306s] -- Up-to-date: /home/yueju/led/install/interface/local/lib/python3.10/dist-packages/interface/_interface_s.ep.rosidl_typesupport_introspection_c.c
[2.307s] -- Up-to-date: /home/yueju/led/install/interface/local/lib/python3.10/dist-packages/interface/interface_s__rosidl_typesupport_fastrtps_c.cpython-310-x86_64-linux-gnu.so
[2.307s] -- Up-to-date: /home/yueju/led/install/interface/local/lib/python3.10/dist-packages/interface/interface_s__rosidl_typesupport_introspection_c.cpython-310-x86_64-linux-gnu.so
[2.308s] -- Up-to-date: /home/yueju/led/install/interface/local/lib/python3.10/dist-packages/interface/__init__.py
[2.418s] Listing '/home/yueju/led/install/interface/local/lib/python3.10/dist-packages/interface'...
[2.419s] Listing '/home/yueju/led/install/interface/local/lib/python3.10/dist-packages/interface/msg'...
[2.419s] Listing '/home/yueju/led/install/interface/local/lib/python3.10/dist-packages/interface/srv'...
[2.425s] -- Up-to-date: /home/yueju/led/install/interface/local/lib/python3.10/dist-packages/interface/interface_s__rosidl_typesupport_fastrtps_c.cpython-310-x86_64-linux-gnu.so
[2.426s] -- Up-to-date: /home/yueju/led/install/interface/local/lib/python3.10/dist-packages/interface/interface_s__rosidl_typesupport_introspection_c.cpython-310-x86_64-linux-gnu.so
[2.427s] -- Up-to-date: /home/yueju/led/install/interface/local/lib/python3.10/dist-packages/interface/interface_s__rosidl_typesupport_c.cpython-310-x86_64-linux-gnu.so
[2.427s] -- Up-to-date: /home/yueju/led/install/interface/lib/libinterface__rosidl_generator_py.so
[2.428s] -- Up-to-date: /home/yueju/led/install/interface/share/interface/msg/Led.idl
[2.439s] -- Up-to-date: /home/yueju/led/install/interface/share/interface/srv/SetLed.idl
[2.440s] -- Up-to-date: /home/yueju/led/install/interface/share/interface/msg/Led.msg
[2.440s] -- Up-to-date: /home/yueju/led/install/interface/share/interface/srv/SetLed.srv
[2.440s] -- Up-to-date: /home/yueju/led/install/interface/share/interface/srv/SetLed_Request.msg
[2.440s] -- Up-to-date: /home/yueju/led/install/interface/share/interface/srv/SetLed_Response.msg
[2.440s] -- Up-to-date: /home/yueju/led/install/interface/share/ament_index/resource_index/package_run_dependencies/interface
[2.440s] -- Up-to-date: /home/yueju/led/install/interface/share/ament_index/resource_index/parent_prefix_path/interface
[2.440s] -- Up-to-date: /home/yueju/led/install/interface/share/interface/environment/ament_prefix_path.sh
[2.441s] -- Up-to-date: /home/yueju/led/install/interface/share/interface/environment/ament_prefix_path.dsv
[2.441s] -- Up-to-date: /home/yueju/led/install/interface/share/interface/environment/path.sh
[2.441s] -- Up-to-date: /home/yueju/led/install/interface/share/interface/environment/path.dsv
[2.441s] -- Up-to-date: /home/yueju/led/install/interface/share/interface/local_setup.bash
[2.441s] -- Up-to-date: /home/yueju/led/install/interface/share/interface/local_setup.sh
[2.441s] -- Up-to-date: /home/yueju/led/install/interface/share/interface/local_setup.zsh
[2.441s] -- Up-to-date: /home/yueju/led/install/interface/share/interface/local_setup.dsv
[2.442s] -- Installing: /home/yueju/led/install/interface/share/interface/package.dsv
[2.453s] -- Up-to-date: /home/yueju/led/install/interface/share/ament_index/resource_index/packages/interface
[2.469s] -- Up-to-date: /home/yueju/led/install/interface/share/interface/cmake/export_interface__rosidl_generator_cExport.cmake
[2.469s] -- Up-to-date: /home/yueju/led/install/interface/share/interface/cmake/export_interface__rosidl_generator_cExport-noconfig.cmake
[2.471s] -- Up-to-date: /home/yueju/led/install/interface/share/interface/cmake/export_interface__rosidl_typesupport_fastrtps_cExport.cmake
[2.472s] -- Up-to-date: /home/yueju/led/install/interface/share/interface/cmake/export_interface__rosidl_typesupport_fastrtps_cExport-noconfig.cmake
[2.473s] -- Up-to-date: /home/yueju/led/install/interface/share/interface/cmake/interface__rosidl_typesupport_introspection_cExport.cmake
[2.473s] -- Up-to-date: /home/yueju/led/install/interface/share/interface/cmake/interface__rosidl_typesupport_introspection_cExport-noconfig.cmake
[2.474s] -- Up-to-date: /home/yueju/led/install/interface/share/interface/cmake/interface__rosidl_typesupport_cExport.cmake
[2.474s] -- Up-to-date: /home/yueju/led/install/interface/share/interface/cmake/interface__rosidl_typesupport_cExport-noconfig.cmake
[2.476s] -- Up-to-date: /home/yueju/led/install/interface/share/interface/cmake/export_interface__rosidl_generator_cppExport.cmake
[2.476s] -- Up-to-date: /home/yueju/led/install/interface/share/interface/cmake/export_interface__rosidl_typesupport_fastrtps_cppExport.cmake
[2.477s] -- Up-to-date: /home/yueju/led/install/interface/share/interface/cmake/export_interface__rosidl_typesupport_fastrtps_cppExport-noconfig.cmake
[2.478s] -- Up-to-date: /home/yueju/led/install/interface/share/interface/cmake/interface__rosidl_typesupport_introspection_cppExport.cmake
[2.479s] -- Up-to-date: /home/yueju/led/install/interface/share/interface/cmake/interface__rosidl_typesupport_introspection_cppExport-noconfig.cmake
[2.481s] -- Up-to-date: /home/yueju/led/install/interface/share/interface/cmake/interface__rosidl_typesupport_cppExport.cmake
[2.481s] -- Up-to-date: /home/yueju/led/install/interface/share/interface/cmake/interface__rosidl_typesupport_cppExport-noconfig.cmake
[2.484s] -- Up-to-date: /home/yueju/led/install/interface/share/interface/cmake/export_interface__rosidl_generator_pyExport.cmake
[2.485s] -- Up-to-date: /home/yueju/led/install/interface/share/interface/cmake/export_interface__rosidl_generator_pyExport-noconfig.cmake
[2.486s] -- Up-to-date: /home/yueju/led/install/interface/share/interface/cmake/rosidl_cmake-extras.cmake
[2.487s] -- Up-to-date: /home/yueju/led/install/interface/share/interface/cmake/ament_cmake_export_include_directories-extras.cmake
[2.488s] -- Up-to-date: /home/yueju/led/install/interface/share/interface/cmake/ament_cmake_export_libraries-extras.cmake
[2.488s] -- Up-to-date: /home/yueju/led/install/interface/share/interface/cmake/ament_cmake_export_targets-extras.cmake
[2.489s] -- Up-to-date: /home/yueju/led/install/interface/share/interface/cmake/rosidl_cmake_export_typesupport_targets-extras.cmake
[2.489s] -- Up-to-date: /home/yueju/led/install/interface/share/interface/cmake/ament_cmake_export_dependencies-extras.cmake
[2.489s] -- Up-to-date: /home/yueju/led/install/interface/share/interface/cmake/rosidl_cmake_export_typesupport_libraries-extras.cmake
[2.490s] -- Up-to-date: /home/yueju/led/install/interface/share/interface/cmake/interfaceConfig.cmake
[2.490s] -- Up-to-date: /home/yueju/led/install/interface/share/interface/cmake/interfaceConfig-version.cmake
[2.491s] -- Up-to-date: /home/yueju/led/install/interface/share/interface/package.xml
[2.500s] Invoked command in '/home/yueju/led/build/interface' returned '0': CMAKE_PREFIX_PATH=/opt/ros/humble /usr/bin/cmake --install /home/yueju/led/build/interface
