[0.017s] Invoking command in '/home/yueju/led/build/interface': CMAKE_PREFIX_PATH=/opt/ros/humble /usr/bin/cmake /home/yueju/led/src/interface -DCMAKE_INSTALL_PREFIX=/home/yueju/led/install/interface
[0.029s] -- Found ament_cmake: 1.3.3 (/opt/ros/humble/share/ament_cmake/cmake)
[0.176s] -- Found rosidl_default_generators: 1.2.0 (/opt/ros/humble/share/rosidl_default_generators/cmake)
[0.177s] -- Using all available rosidl_typesupport_c: rosidl_typesupport_fastrtps_c;rosidl_typesupport_introspection_c
[0.180s] -- Found rosidl_adapter: 3.1.4 (/opt/ros/humble/share/rosidl_adapter/cmake)
[0.213s] -- Using all available rosidl_typesupport_cpp: rosidl_typesupport_fastrtps_cpp;rosidl_typesupport_introspection_cpp
[0.616s] -- Found ament_cmake_ros: 0.10.0 (/opt/ros/humble/share/ament_cmake_ros/cmake)
[0.874s] -- Using all available rosidl_typesupport_c: rosidl_typesupport_fastrtps_c;rosidl_typesupport_introspection_c
[1.127s] -- Using all available rosidl_typesupport_cpp: rosidl_typesupport_fastrtps_cpp;rosidl_typesupport_introspection_cpp
[1.152s] -- Found PythonInterp: /usr/bin/python3 (found suitable version "3.10.6", minimum required is "3.6") 
[1.161s] -- Found python_cmake_module: 0.10.0 (/opt/ros/humble/share/python_cmake_module/cmake)
[1.222s] -- Found PythonLibs: /usr/lib/x86_64-linux-gnu/libpython3.10.so (found suitable version "3.10.6", minimum required is "3.5") 
[1.222s] -- Using PYTHON_EXECUTABLE: /usr/bin/python3
[1.223s] -- Using PYTHON_INCLUDE_DIRS: /usr/include/python3.10
[1.223s] -- Using PYTHON_LIBRARIES: /usr/lib/x86_64-linux-gnu/libpython3.10.so
[1.248s] -- Found PythonExtra: .so  
[1.313s] -- Found ament_lint_auto: 0.12.5 (/opt/ros/humble/share/ament_lint_auto/cmake)
[1.373s] -- Configuring done
[1.474s] -- Generating done
[1.477s] -- Build files have been written to: /home/yueju/led/build/interface
[1.482s] Invoked command in '/home/yueju/led/build/interface' returned '0': CMAKE_PREFIX_PATH=/opt/ros/humble /usr/bin/cmake /home/yueju/led/src/interface -DCMAKE_INSTALL_PREFIX=/home/yueju/led/install/interface
[1.484s] Invoking command in '/home/yueju/led/build/interface': CMAKE_PREFIX_PATH=/opt/ros/humble /usr/bin/cmake --build /home/yueju/led/build/interface -- -j8 -l8
[1.524s] [  3%] [34m[1mGenerating C code for ROS interfaces[0m
[1.535s] [  6%] [34m[1mGenerating C++ code for ROS interfaces[0m
[1.542s] [  6%] Built target ament_cmake_python_copy_interface
[1.838s] [  6%] Built target interface__cpp
[1.848s] [ 12%] [34m[1mGenerating C++ type support dispatch for ROS interfaces[0m
[1.848s] [ 12%] [34m[1mGenerating C++ type support for eProsima Fast-RTPS[0m
[1.852s] [ 16%] [34m[1mGenerating C++ introspection for ROS interfaces[0m
[1.859s] [ 19%] [32mBuilding C object CMakeFiles/interface__rosidl_generator_c.dir/rosidl_generator_c/interface/msg/detail/led__functions.c.o[0m
[1.969s] running egg_info
[1.969s] creating interface.egg-info
[1.970s] writing interface.egg-info/PKG-INFO
[1.970s] writing dependency_links to interface.egg-info/dependency_links.txt
[1.970s] writing top-level names to interface.egg-info/top_level.txt
[1.970s] writing manifest file 'interface.egg-info/SOURCES.txt'
[2.034s] reading manifest file 'interface.egg-info/SOURCES.txt'
[2.035s] writing manifest file 'interface.egg-info/SOURCES.txt'
[2.069s] [ 19%] Built target ament_cmake_python_build_interface_egg
[2.120s] [ 22%] [32mBuilding CXX object CMakeFiles/interface__rosidl_typesupport_cpp.dir/rosidl_typesupport_cpp/interface/msg/led__type_support.cpp.o[0m
[2.131s] [ 25%] [32mBuilding CXX object CMakeFiles/interface__rosidl_typesupport_introspection_cpp.dir/rosidl_typesupport_introspection_cpp/interface/msg/detail/led__type_support.cpp.o[0m
[2.140s] [ 29%] [32mBuilding CXX object CMakeFiles/interface__rosidl_typesupport_fastrtps_cpp.dir/rosidl_typesupport_fastrtps_cpp/interface/msg/detail/dds_fastrtps/led__type_support.cpp.o[0m
[2.423s] [ 32%] [32m[1mLinking C shared library libinterface__rosidl_generator_c.so[0m
[2.594s] [ 32%] Built target interface__rosidl_generator_c
[2.606s] [ 35%] [34m[1mGenerating C type support dispatch for ROS interfaces[0m
[2.609s] [ 41%] [34m[1mGenerating C type support for eProsima Fast-RTPS[0m
[2.609s] [ 41%] [34m[1mGenerating C introspection for ROS interfaces[0m
[2.848s] [ 45%] [32mBuilding CXX object CMakeFiles/interface__rosidl_typesupport_c.dir/rosidl_typesupport_c/interface/msg/led__type_support.cpp.o[0m
[2.900s] [ 48%] [32mBuilding CXX object CMakeFiles/interface__rosidl_typesupport_fastrtps_c.dir/rosidl_typesupport_fastrtps_c/interface/msg/detail/led__type_support_c.cpp.o[0m
[2.939s] [ 51%] [32m[1mLinking CXX shared library libinterface__rosidl_typesupport_c.so[0m
[2.945s] [ 54%] [32mBuilding C object CMakeFiles/interface__rosidl_typesupport_introspection_c.dir/rosidl_typesupport_introspection_c/interface/msg/detail/led__type_support.c.o[0m
[2.992s] [ 58%] [32m[1mLinking C shared library libinterface__rosidl_typesupport_introspection_c.so[0m
[2.997s] [ 58%] Built target interface__rosidl_typesupport_c
[3.071s] [ 58%] Built target interface__rosidl_typesupport_introspection_c
[3.197s] [ 61%] [32m[1mLinking CXX shared library libinterface__rosidl_typesupport_cpp.so[0m
[3.237s] [ 64%] [32m[1mLinking CXX shared library libinterface__rosidl_typesupport_introspection_cpp.so[0m
[3.252s] [ 64%] Built target interface__rosidl_typesupport_cpp
[3.279s] [ 64%] Built target interface__rosidl_typesupport_introspection_cpp
[3.335s] [ 67%] [32m[1mLinking CXX shared library libinterface__rosidl_typesupport_fastrtps_cpp.so[0m
[3.376s] [ 70%] [32m[1mLinking CXX shared library libinterface__rosidl_typesupport_fastrtps_c.so[0m
[3.449s] [ 70%] Built target interface__rosidl_typesupport_fastrtps_cpp
[3.467s] [ 70%] Built target interface__rosidl_typesupport_fastrtps_c
[3.485s] [ 70%] Built target interface
[3.503s] [ 74%] [34m[1mGenerating Python code for ROS interfaces[0m
[3.797s] [ 74%] Built target interface__py
[3.816s] [ 77%] [32mBuilding C object CMakeFiles/interface__rosidl_generator_py.dir/rosidl_generator_py/interface/msg/_led_s.c.o[0m
[4.415s] [ 80%] [32m[1mLinking C shared library rosidl_generator_py/interface/libinterface__rosidl_generator_py.so[0m
[4.491s] [ 80%] Built target interface__rosidl_generator_py
[4.510s] [ 90%] [32mBuilding C object CMakeFiles/interface__rosidl_typesupport_fastrtps_c__pyext.dir/rosidl_generator_py/interface/_interface_s.ep.rosidl_typesupport_fastrtps_c.c.o[0m
[4.511s] [ 90%] [32mBuilding C object CMakeFiles/interface__rosidl_typesupport_introspection_c__pyext.dir/rosidl_generator_py/interface/_interface_s.ep.rosidl_typesupport_introspection_c.c.o[0m
[4.511s] [ 90%] [32mBuilding C object CMakeFiles/interface__rosidl_typesupport_c__pyext.dir/rosidl_generator_py/interface/_interface_s.ep.rosidl_typesupport_c.c.o[0m
[4.608s] [ 93%] [32m[1mLinking C shared library rosidl_generator_py/interface/interface_s__rosidl_typesupport_introspection_c.cpython-310-x86_64-linux-gnu.so[0m
[4.625s] [ 96%] [32m[1mLinking C shared library rosidl_generator_py/interface/interface_s__rosidl_typesupport_c.cpython-310-x86_64-linux-gnu.so[0m
[4.629s] [100%] [32m[1mLinking C shared library rosidl_generator_py/interface/interface_s__rosidl_typesupport_fastrtps_c.cpython-310-x86_64-linux-gnu.so[0m
[4.645s] [100%] Built target interface__rosidl_typesupport_introspection_c__pyext
[4.660s] [100%] Built target interface__rosidl_typesupport_c__pyext
[4.665s] [100%] Built target interface__rosidl_typesupport_fastrtps_c__pyext
[4.677s] Invoked command in '/home/yueju/led/build/interface' returned '0': CMAKE_PREFIX_PATH=/opt/ros/humble /usr/bin/cmake --build /home/yueju/led/build/interface -- -j8 -l8
[4.745s] Invoking command in '/home/yueju/led/build/interface': CMAKE_PREFIX_PATH=/opt/ros/humble /usr/bin/cmake --install /home/yueju/led/build/interface
[4.752s] -- Install configuration: ""
[4.752s] -- Installing: /home/yueju/led/install/interface/share/ament_index/resource_index/rosidl_interfaces/interface
[4.753s] -- Installing: /home/yueju/led/install/interface/include/interface/interface
[4.753s] -- Installing: /home/yueju/led/install/interface/include/interface/interface/msg
[4.753s] -- Installing: /home/yueju/led/install/interface/include/interface/interface/msg/detail
[4.753s] -- Installing: /home/yueju/led/install/interface/include/interface/interface/msg/detail/led__functions.h
[4.753s] -- Installing: /home/yueju/led/install/interface/include/interface/interface/msg/detail/led__functions.c
[4.754s] -- Installing: /home/yueju/led/install/interface/include/interface/interface/msg/detail/led__type_support.h
[4.754s] -- Installing: /home/yueju/led/install/interface/include/interface/interface/msg/detail/led__struct.h
[4.754s] -- Installing: /home/yueju/led/install/interface/include/interface/interface/msg/led.h
[4.754s] -- Installing: /home/yueju/led/install/interface/include/interface/interface/msg/rosidl_generator_c__visibility_control.h
[4.754s] -- Installing: /home/yueju/led/install/interface/share/interface/environment/library_path.sh
[4.754s] -- Installing: /home/yueju/led/install/interface/share/interface/environment/library_path.dsv
[4.755s] -- Installing: /home/yueju/led/install/interface/lib/libinterface__rosidl_generator_c.so
[4.755s] -- Set runtime path of "/home/yueju/led/install/interface/lib/libinterface__rosidl_generator_c.so" to ""
[4.755s] -- Up-to-date: /home/yueju/led/install/interface/include/interface/interface
[4.755s] -- Up-to-date: /home/yueju/led/install/interface/include/interface/interface/msg
[4.755s] -- Up-to-date: /home/yueju/led/install/interface/include/interface/interface/msg/detail
[4.755s] -- Installing: /home/yueju/led/install/interface/include/interface/interface/msg/detail/led__rosidl_typesupport_fastrtps_c.h
[4.756s] -- Installing: /home/yueju/led/install/interface/include/interface/interface/msg/rosidl_typesupport_fastrtps_c__visibility_control.h
[4.756s] -- Installing: /home/yueju/led/install/interface/lib/libinterface__rosidl_typesupport_fastrtps_c.so
[4.756s] -- Set runtime path of "/home/yueju/led/install/interface/lib/libinterface__rosidl_typesupport_fastrtps_c.so" to ""
[4.756s] -- Up-to-date: /home/yueju/led/install/interface/include/interface/interface
[4.756s] -- Up-to-date: /home/yueju/led/install/interface/include/interface/interface/msg
[4.756s] -- Up-to-date: /home/yueju/led/install/interface/include/interface/interface/msg/detail
[4.756s] -- Installing: /home/yueju/led/install/interface/include/interface/interface/msg/detail/led__type_support.c
[4.756s] -- Installing: /home/yueju/led/install/interface/include/interface/interface/msg/detail/led__rosidl_typesupport_introspection_c.h
[4.756s] -- Installing: /home/yueju/led/install/interface/include/interface/interface/msg/rosidl_typesupport_introspection_c__visibility_control.h
[4.757s] -- Installing: /home/yueju/led/install/interface/lib/libinterface__rosidl_typesupport_introspection_c.so
[4.757s] -- Set runtime path of "/home/yueju/led/install/interface/lib/libinterface__rosidl_typesupport_introspection_c.so" to ""
[4.757s] -- Installing: /home/yueju/led/install/interface/lib/libinterface__rosidl_typesupport_c.so
[4.757s] -- Set runtime path of "/home/yueju/led/install/interface/lib/libinterface__rosidl_typesupport_c.so" to ""
[4.757s] -- Up-to-date: /home/yueju/led/install/interface/include/interface/interface
[4.758s] -- Up-to-date: /home/yueju/led/install/interface/include/interface/interface/msg
[4.758s] -- Up-to-date: /home/yueju/led/install/interface/include/interface/interface/msg/detail
[4.758s] -- Installing: /home/yueju/led/install/interface/include/interface/interface/msg/detail/led__struct.hpp
[4.758s] -- Installing: /home/yueju/led/install/interface/include/interface/interface/msg/detail/led__builder.hpp
[4.758s] -- Installing: /home/yueju/led/install/interface/include/interface/interface/msg/detail/led__traits.hpp
[4.758s] -- Installing: /home/yueju/led/install/interface/include/interface/interface/msg/led.hpp
[4.758s] -- Up-to-date: /home/yueju/led/install/interface/include/interface/interface
[4.758s] -- Up-to-date: /home/yueju/led/install/interface/include/interface/interface/msg
[4.759s] -- Installing: /home/yueju/led/install/interface/include/interface/interface/msg/rosidl_typesupport_fastrtps_cpp__visibility_control.h
[4.759s] -- Up-to-date: /home/yueju/led/install/interface/include/interface/interface/msg/detail
[4.759s] -- Installing: /home/yueju/led/install/interface/include/interface/interface/msg/detail/dds_fastrtps
[4.759s] -- Installing: /home/yueju/led/install/interface/include/interface/interface/msg/detail/led__rosidl_typesupport_fastrtps_cpp.hpp
[4.759s] -- Installing: /home/yueju/led/install/interface/lib/libinterface__rosidl_typesupport_fastrtps_cpp.so
[4.759s] -- Set runtime path of "/home/yueju/led/install/interface/lib/libinterface__rosidl_typesupport_fastrtps_cpp.so" to ""
[4.759s] -- Up-to-date: /home/yueju/led/install/interface/include/interface/interface
[4.759s] -- Up-to-date: /home/yueju/led/install/interface/include/interface/interface/msg
[4.759s] -- Up-to-date: /home/yueju/led/install/interface/include/interface/interface/msg/detail
[4.760s] -- Installing: /home/yueju/led/install/interface/include/interface/interface/msg/detail/led__rosidl_typesupport_introspection_cpp.hpp
[4.760s] -- Installing: /home/yueju/led/install/interface/include/interface/interface/msg/detail/led__type_support.cpp
[4.760s] -- Installing: /home/yueju/led/install/interface/lib/libinterface__rosidl_typesupport_introspection_cpp.so
[4.760s] -- Set runtime path of "/home/yueju/led/install/interface/lib/libinterface__rosidl_typesupport_introspection_cpp.so" to ""
[4.760s] -- Installing: /home/yueju/led/install/interface/lib/libinterface__rosidl_typesupport_cpp.so
[4.760s] -- Set runtime path of "/home/yueju/led/install/interface/lib/libinterface__rosidl_typesupport_cpp.so" to ""
[4.760s] -- Installing: /home/yueju/led/install/interface/share/interface/environment/pythonpath.sh
[4.760s] -- Installing: /home/yueju/led/install/interface/share/interface/environment/pythonpath.dsv
[4.760s] -- Installing: /home/yueju/led/install/interface/local/lib/python3.10/dist-packages/interface-0.0.0-py3.10.egg-info
[4.761s] -- Installing: /home/yueju/led/install/interface/local/lib/python3.10/dist-packages/interface-0.0.0-py3.10.egg-info/top_level.txt
[4.761s] -- Installing: /home/yueju/led/install/interface/local/lib/python3.10/dist-packages/interface-0.0.0-py3.10.egg-info/SOURCES.txt
[4.761s] -- Installing: /home/yueju/led/install/interface/local/lib/python3.10/dist-packages/interface-0.0.0-py3.10.egg-info/PKG-INFO
[4.761s] -- Installing: /home/yueju/led/install/interface/local/lib/python3.10/dist-packages/interface-0.0.0-py3.10.egg-info/dependency_links.txt
[4.761s] -- Installing: /home/yueju/led/install/interface/local/lib/python3.10/dist-packages/interface
[4.761s] -- Installing: /home/yueju/led/install/interface/local/lib/python3.10/dist-packages/interface/_interface_s.ep.rosidl_typesupport_c.c
[4.761s] -- Installing: /home/yueju/led/install/interface/local/lib/python3.10/dist-packages/interface/interface_s__rosidl_typesupport_c.cpython-310-x86_64-linux-gnu.so
[4.762s] -- Installing: /home/yueju/led/install/interface/local/lib/python3.10/dist-packages/interface/libinterface__rosidl_generator_py.so
[4.762s] -- Installing: /home/yueju/led/install/interface/local/lib/python3.10/dist-packages/interface/_interface_s.ep.rosidl_typesupport_fastrtps_c.c
[4.762s] -- Installing: /home/yueju/led/install/interface/local/lib/python3.10/dist-packages/interface/msg
[4.762s] -- Installing: /home/yueju/led/install/interface/local/lib/python3.10/dist-packages/interface/msg/_led.py
[4.762s] -- Installing: /home/yueju/led/install/interface/local/lib/python3.10/dist-packages/interface/msg/__init__.py
[4.762s] -- Installing: /home/yueju/led/install/interface/local/lib/python3.10/dist-packages/interface/msg/_led_s.c
[4.762s] -- Installing: /home/yueju/led/install/interface/local/lib/python3.10/dist-packages/interface/_interface_s.ep.rosidl_typesupport_introspection_c.c
[4.762s] -- Installing: /home/yueju/led/install/interface/local/lib/python3.10/dist-packages/interface/interface_s__rosidl_typesupport_fastrtps_c.cpython-310-x86_64-linux-gnu.so
[4.763s] -- Installing: /home/yueju/led/install/interface/local/lib/python3.10/dist-packages/interface/interface_s__rosidl_typesupport_introspection_c.cpython-310-x86_64-linux-gnu.so
[4.763s] -- Installing: /home/yueju/led/install/interface/local/lib/python3.10/dist-packages/interface/__init__.py
[4.796s] Listing '/home/yueju/led/install/interface/local/lib/python3.10/dist-packages/interface'...
[4.796s] Compiling '/home/yueju/led/install/interface/local/lib/python3.10/dist-packages/interface/__init__.py'...
[4.796s] Listing '/home/yueju/led/install/interface/local/lib/python3.10/dist-packages/interface/msg'...
[4.796s] Compiling '/home/yueju/led/install/interface/local/lib/python3.10/dist-packages/interface/msg/__init__.py'...
[4.796s] Compiling '/home/yueju/led/install/interface/local/lib/python3.10/dist-packages/interface/msg/_led.py'...
[4.801s] -- Installing: /home/yueju/led/install/interface/local/lib/python3.10/dist-packages/interface/interface_s__rosidl_typesupport_fastrtps_c.cpython-310-x86_64-linux-gnu.so
[4.801s] -- Set runtime path of "/home/yueju/led/install/interface/local/lib/python3.10/dist-packages/interface/interface_s__rosidl_typesupport_fastrtps_c.cpython-310-x86_64-linux-gnu.so" to ""
[4.801s] -- Installing: /home/yueju/led/install/interface/local/lib/python3.10/dist-packages/interface/interface_s__rosidl_typesupport_introspection_c.cpython-310-x86_64-linux-gnu.so
[4.802s] -- Set runtime path of "/home/yueju/led/install/interface/local/lib/python3.10/dist-packages/interface/interface_s__rosidl_typesupport_introspection_c.cpython-310-x86_64-linux-gnu.so" to ""
[4.802s] -- Installing: /home/yueju/led/install/interface/local/lib/python3.10/dist-packages/interface/interface_s__rosidl_typesupport_c.cpython-310-x86_64-linux-gnu.so
[4.803s] -- Set runtime path of "/home/yueju/led/install/interface/local/lib/python3.10/dist-packages/interface/interface_s__rosidl_typesupport_c.cpython-310-x86_64-linux-gnu.so" to ""
[4.803s] -- Installing: /home/yueju/led/install/interface/lib/libinterface__rosidl_generator_py.so
[4.803s] -- Set runtime path of "/home/yueju/led/install/interface/lib/libinterface__rosidl_generator_py.so" to ""
[4.803s] -- Installing: /home/yueju/led/install/interface/share/interface/msg/Led.idl
[4.804s] -- Installing: /home/yueju/led/install/interface/share/interface/msg/Led.msg
[4.804s] -- Installing: /home/yueju/led/install/interface/share/ament_index/resource_index/package_run_dependencies/interface
[4.804s] -- Installing: /home/yueju/led/install/interface/share/ament_index/resource_index/parent_prefix_path/interface
[4.804s] -- Installing: /home/yueju/led/install/interface/share/interface/environment/ament_prefix_path.sh
[4.804s] -- Installing: /home/yueju/led/install/interface/share/interface/environment/ament_prefix_path.dsv
[4.804s] -- Installing: /home/yueju/led/install/interface/share/interface/environment/path.sh
[4.805s] -- Installing: /home/yueju/led/install/interface/share/interface/environment/path.dsv
[4.805s] -- Installing: /home/yueju/led/install/interface/share/interface/local_setup.bash
[4.805s] -- Installing: /home/yueju/led/install/interface/share/interface/local_setup.sh
[4.805s] -- Installing: /home/yueju/led/install/interface/share/interface/local_setup.zsh
[4.805s] -- Installing: /home/yueju/led/install/interface/share/interface/local_setup.dsv
[4.805s] -- Installing: /home/yueju/led/install/interface/share/interface/package.dsv
[4.806s] -- Installing: /home/yueju/led/install/interface/share/ament_index/resource_index/packages/interface
[4.806s] -- Installing: /home/yueju/led/install/interface/share/interface/cmake/export_interface__rosidl_generator_cExport.cmake
[4.806s] -- Installing: /home/yueju/led/install/interface/share/interface/cmake/export_interface__rosidl_generator_cExport-noconfig.cmake
[4.806s] -- Installing: /home/yueju/led/install/interface/share/interface/cmake/export_interface__rosidl_typesupport_fastrtps_cExport.cmake
[4.806s] -- Installing: /home/yueju/led/install/interface/share/interface/cmake/export_interface__rosidl_typesupport_fastrtps_cExport-noconfig.cmake
[4.807s] -- Installing: /home/yueju/led/install/interface/share/interface/cmake/interface__rosidl_typesupport_introspection_cExport.cmake
[4.807s] -- Installing: /home/yueju/led/install/interface/share/interface/cmake/interface__rosidl_typesupport_introspection_cExport-noconfig.cmake
[4.807s] -- Installing: /home/yueju/led/install/interface/share/interface/cmake/interface__rosidl_typesupport_cExport.cmake
[4.807s] -- Installing: /home/yueju/led/install/interface/share/interface/cmake/interface__rosidl_typesupport_cExport-noconfig.cmake
[4.807s] -- Installing: /home/yueju/led/install/interface/share/interface/cmake/export_interface__rosidl_generator_cppExport.cmake
[4.807s] -- Installing: /home/yueju/led/install/interface/share/interface/cmake/export_interface__rosidl_typesupport_fastrtps_cppExport.cmake
[4.808s] -- Installing: /home/yueju/led/install/interface/share/interface/cmake/export_interface__rosidl_typesupport_fastrtps_cppExport-noconfig.cmake
[4.808s] -- Installing: /home/yueju/led/install/interface/share/interface/cmake/interface__rosidl_typesupport_introspection_cppExport.cmake
[4.808s] -- Installing: /home/yueju/led/install/interface/share/interface/cmake/interface__rosidl_typesupport_introspection_cppExport-noconfig.cmake
[4.808s] -- Installing: /home/yueju/led/install/interface/share/interface/cmake/interface__rosidl_typesupport_cppExport.cmake
[4.809s] -- Installing: /home/yueju/led/install/interface/share/interface/cmake/interface__rosidl_typesupport_cppExport-noconfig.cmake
[4.809s] -- Installing: /home/yueju/led/install/interface/share/interface/cmake/export_interface__rosidl_generator_pyExport.cmake
[4.809s] -- Installing: /home/yueju/led/install/interface/share/interface/cmake/export_interface__rosidl_generator_pyExport-noconfig.cmake
[4.809s] -- Installing: /home/yueju/led/install/interface/share/interface/cmake/rosidl_cmake-extras.cmake
[4.810s] -- Installing: /home/yueju/led/install/interface/share/interface/cmake/ament_cmake_export_include_directories-extras.cmake
[4.810s] -- Installing: /home/yueju/led/install/interface/share/interface/cmake/ament_cmake_export_libraries-extras.cmake
[4.810s] -- Installing: /home/yueju/led/install/interface/share/interface/cmake/ament_cmake_export_targets-extras.cmake
[4.810s] -- Installing: /home/yueju/led/install/interface/share/interface/cmake/rosidl_cmake_export_typesupport_targets-extras.cmake
[4.811s] -- Installing: /home/yueju/led/install/interface/share/interface/cmake/ament_cmake_export_dependencies-extras.cmake
[4.811s] -- Installing: /home/yueju/led/install/interface/share/interface/cmake/rosidl_cmake_export_typesupport_libraries-extras.cmake
[4.811s] -- Installing: /home/yueju/led/install/interface/share/interface/cmake/interfaceConfig.cmake
[4.812s] -- Installing: /home/yueju/led/install/interface/share/interface/cmake/interfaceConfig-version.cmake
[4.812s] -- Installing: /home/yueju/led/install/interface/share/interface/package.xml
[4.815s] Invoked command in '/home/yueju/led/build/interface' returned '0': CMAKE_PREFIX_PATH=/opt/ros/humble /usr/bin/cmake --install /home/yueju/led/build/interface
