-- Found ament_cmake: 1.3.3 (/opt/ros/humble/share/ament_cmake/cmake)
-- Configuring done
-- Generating done
-- Build files have been written to: /home/yueju/led/build/opcua_server
[35m[1mConsolidate compiler generated dependencies of target open62541[0m
[ 25%] [32mBuilding C object CMakeFiles/open62541.dir/open62541/open62541.c.o[0m
[ 50%] [32m[1mLinking C static library libopen62541.a[0m
[ 50%] Built target open62541
[35m[1mConsolidate compiler generated dependencies of target opcua_server[0m
[ 75%] [32mBuilding CXX object CMakeFiles/opcua_server.dir/src/main.cpp.o[0m
[100%] [32m[1mLinking CXX executable opcua_server[0m
[100%] Built target opcua_server
-- Install configuration: ""
-- Installing: /home/yueju/led/install/opcua_server/lib/opcua_server/opcua_server
-- Up-to-date: /home/yueju/led/install/opcua_server/share/ament_index/resource_index/package_run_dependencies/opcua_server
-- Up-to-date: /home/yueju/led/install/opcua_server/share/ament_index/resource_index/parent_prefix_path/opcua_server
-- Up-to-date: /home/yueju/led/install/opcua_server/share/opcua_server/environment/ament_prefix_path.sh
-- Installing: /home/yueju/led/install/opcua_server/share/opcua_server/environment/ament_prefix_path.dsv
-- Up-to-date: /home/yueju/led/install/opcua_server/share/opcua_server/environment/path.sh
-- Installing: /home/yueju/led/install/opcua_server/share/opcua_server/environment/path.dsv
-- Up-to-date: /home/yueju/led/install/opcua_server/share/opcua_server/local_setup.bash
-- Up-to-date: /home/yueju/led/install/opcua_server/share/opcua_server/local_setup.sh
-- Up-to-date: /home/yueju/led/install/opcua_server/share/opcua_server/local_setup.zsh
-- Installing: /home/yueju/led/install/opcua_server/share/opcua_server/local_setup.dsv
-- Installing: /home/yueju/led/install/opcua_server/share/opcua_server/package.dsv
-- Up-to-date: /home/yueju/led/install/opcua_server/share/ament_index/resource_index/packages/opcua_server
-- Up-to-date: /home/yueju/led/install/opcua_server/share/opcua_server/cmake/opcua_serverConfig.cmake
-- Up-to-date: /home/yueju/led/install/opcua_server/share/opcua_server/cmake/opcua_serverConfig-version.cmake
-- Installing: /home/yueju/led/install/opcua_server/share/opcua_server/package.xml
